<?xml version="1.0" encoding="UTF-8"?>
<testsuite xmlns:xsi="http://www.w3.org/2001/XMLSchema-instance" xsi:noNamespaceSchemaLocation="https://maven.apache.org/surefire/maven-surefire-plugin/xsd/surefire-test-report-3.0.xsd" version="3.0" name="TestSuite" time="182.914" tests="11" errors="0" skipped="0" failures="0">
  <properties>
    <property name="java.specification.version" value="17"/>
    <property name="sun.cpu.isalist" value="amd64"/>
    <property name="sun.jnu.encoding" value="Cp1252"/>
    <property name="java.class.path" value="C:\Users\LENOVO\IdeaProjects\SeleniumFrameWork\target\test-classes;C:\Users\LENOVO\IdeaProjects\SeleniumFrameWork\target\classes;C:\Users\LENOVO\.m2\repository\org\seleniumhq\selenium\selenium-java\4.9.0\selenium-java-4.9.0.jar;C:\Users\LENOVO\.m2\repository\org\seleniumhq\selenium\selenium-api\4.9.0\selenium-api-4.9.0.jar;C:\Users\LENOVO\.m2\repository\org\seleniumhq\selenium\selenium-chrome-driver\4.9.0\selenium-chrome-driver-4.9.0.jar;C:\Users\LENOVO\.m2\repository\com\google\auto\service\auto-service-annotations\1.0.1\auto-service-annotations-1.0.1.jar;C:\Users\LENOVO\.m2\repository\com\google\auto\service\auto-service\1.0.1\auto-service-1.0.1.jar;C:\Users\LENOVO\.m2\repository\com\google\auto\auto-common\1.2\auto-common-1.2.jar;C:\Users\LENOVO\.m2\repository\com\google\guava\guava\31.1-jre\guava-31.1-jre.jar;C:\Users\LENOVO\.m2\repository\com\google\guava\failureaccess\1.0.1\failureaccess-1.0.1.jar;C:\Users\LENOVO\.m2\repository\com\google\guava\listenablefuture\9999.0-empty-to-avoid-conflict-with-guava\listenablefuture-9999.0-empty-to-avoid-conflict-with-guava.jar;C:\Users\LENOVO\.m2\repository\com\google\code\findbugs\jsr305\3.0.2\jsr305-3.0.2.jar;C:\Users\LENOVO\.m2\repository\org\checkerframework\checker-qual\3.12.0\checker-qual-3.12.0.jar;C:\Users\LENOVO\.m2\repository\com\google\errorprone\error_prone_annotations\2.11.0\error_prone_annotations-2.11.0.jar;C:\Users\LENOVO\.m2\repository\com\google\j2objc\j2objc-annotations\1.3\j2objc-annotations-1.3.jar;C:\Users\LENOVO\.m2\repository\org\seleniumhq\selenium\selenium-chromium-driver\4.9.0\selenium-chromium-driver-4.9.0.jar;C:\Users\LENOVO\.m2\repository\org\seleniumhq\selenium\selenium-json\4.9.0\selenium-json-4.9.0.jar;C:\Users\LENOVO\.m2\repository\org\seleniumhq\selenium\selenium-manager\4.9.0\selenium-manager-4.9.0.jar;C:\Users\LENOVO\.m2\repository\org\seleniumhq\selenium\selenium-devtools-v110\4.9.0\selenium-devtools-v110-4.9.0.jar;C:\Users\LENOVO\.m2\repository\org\seleniumhq\selenium\selenium-devtools-v111\4.9.0\selenium-devtools-v111-4.9.0.jar;C:\Users\LENOVO\.m2\repository\org\seleniumhq\selenium\selenium-devtools-v112\4.9.0\selenium-devtools-v112-4.9.0.jar;C:\Users\LENOVO\.m2\repository\org\seleniumhq\selenium\selenium-devtools-v85\4.9.0\selenium-devtools-v85-4.9.0.jar;C:\Users\LENOVO\.m2\repository\org\seleniumhq\selenium\selenium-edge-driver\4.9.0\selenium-edge-driver-4.9.0.jar;C:\Users\LENOVO\.m2\repository\org\seleniumhq\selenium\selenium-firefox-driver\4.9.0\selenium-firefox-driver-4.9.0.jar;C:\Users\LENOVO\.m2\repository\org\seleniumhq\selenium\selenium-http\4.9.0\selenium-http-4.9.0.jar;C:\Users\LENOVO\.m2\repository\dev\failsafe\failsafe\3.3.1\failsafe-3.3.1.jar;C:\Users\LENOVO\.m2\repository\org\seleniumhq\selenium\selenium-ie-driver\4.9.0\selenium-ie-driver-4.9.0.jar;C:\Users\LENOVO\.m2\repository\org\seleniumhq\selenium\selenium-remote-driver\4.9.0\selenium-remote-driver-4.9.0.jar;C:\Users\LENOVO\.m2\repository\io\netty\netty-buffer\4.1.91.Final\netty-buffer-4.1.91.Final.jar;C:\Users\LENOVO\.m2\repository\io\netty\netty-codec-http\4.1.91.Final\netty-codec-http-4.1.91.Final.jar;C:\Users\LENOVO\.m2\repository\io\netty\netty-codec\4.1.91.Final\netty-codec-4.1.91.Final.jar;C:\Users\LENOVO\.m2\repository\io\netty\netty-handler\4.1.91.Final\netty-handler-4.1.91.Final.jar;C:\Users\LENOVO\.m2\repository\io\netty\netty-common\4.1.91.Final\netty-common-4.1.91.Final.jar;C:\Users\LENOVO\.m2\repository\io\netty\netty-transport-classes-epoll\4.1.91.Final\netty-transport-classes-epoll-4.1.91.Final.jar;C:\Users\LENOVO\.m2\repository\io\netty\netty-transport-classes-kqueue\4.1.91.Final\netty-transport-classes-kqueue-4.1.91.Final.jar;C:\Users\LENOVO\.m2\repository\io\netty\netty-transport-native-epoll\4.1.91.Final\netty-transport-native-epoll-4.1.91.Final.jar;C:\Users\LENOVO\.m2\repository\io\netty\netty-transport-native-kqueue\4.1.91.Final\netty-transport-native-kqueue-4.1.91.Final.jar;C:\Users\LENOVO\.m2\repository\io\netty\netty-transport-native-unix-common\4.1.91.Final\netty-transport-native-unix-common-4.1.91.Final.jar;C:\Users\LENOVO\.m2\repository\io\netty\netty-transport\4.1.91.Final\netty-transport-4.1.91.Final.jar;C:\Users\LENOVO\.m2\repository\io\netty\netty-resolver\4.1.91.Final\netty-resolver-4.1.91.Final.jar;C:\Users\LENOVO\.m2\repository\io\opentelemetry\opentelemetry-api\1.25.0\opentelemetry-api-1.25.0.jar;C:\Users\LENOVO\.m2\repository\io\opentelemetry\opentelemetry-context\1.25.0\opentelemetry-context-1.25.0.jar;C:\Users\LENOVO\.m2\repository\io\opentelemetry\opentelemetry-exporter-logging\1.25.0\opentelemetry-exporter-logging-1.25.0.jar;C:\Users\LENOVO\.m2\repository\io\opentelemetry\opentelemetry-sdk-metrics\1.25.0\opentelemetry-sdk-metrics-1.25.0.jar;C:\Users\LENOVO\.m2\repository\io\opentelemetry\opentelemetry-sdk-logs\1.25.0-alpha\opentelemetry-sdk-logs-1.25.0-alpha.jar;C:\Users\LENOVO\.m2\repository\io\opentelemetry\opentelemetry-api-logs\1.25.0-alpha\opentelemetry-api-logs-1.25.0-alpha.jar;C:\Users\LENOVO\.m2\repository\io\opentelemetry\opentelemetry-api-events\1.25.0-alpha\opentelemetry-api-events-1.25.0-alpha.jar;C:\Users\LENOVO\.m2\repository\io\opentelemetry\opentelemetry-sdk-common\1.25.0\opentelemetry-sdk-common-1.25.0.jar;C:\Users\LENOVO\.m2\repository\io\opentelemetry\opentelemetry-sdk-extension-autoconfigure-spi\1.25.0\opentelemetry-sdk-extension-autoconfigure-spi-1.25.0.jar;C:\Users\LENOVO\.m2\repository\io\opentelemetry\opentelemetry-sdk-extension-autoconfigure\1.25.0-alpha\opentelemetry-sdk-extension-autoconfigure-1.25.0-alpha.jar;C:\Users\LENOVO\.m2\repository\io\opentelemetry\opentelemetry-sdk-trace\1.25.0\opentelemetry-sdk-trace-1.25.0.jar;C:\Users\LENOVO\.m2\repository\io\opentelemetry\opentelemetry-sdk\1.25.0\opentelemetry-sdk-1.25.0.jar;C:\Users\LENOVO\.m2\repository\io\opentelemetry\opentelemetry-semconv\1.25.0-alpha\opentelemetry-semconv-1.25.0-alpha.jar;C:\Users\LENOVO\.m2\repository\io\ous\jtoml\2.0.0\jtoml-2.0.0.jar;C:\Users\LENOVO\.m2\repository\net\bytebuddy\byte-buddy\1.14.4\byte-buddy-1.14.4.jar;C:\Users\LENOVO\.m2\repository\org\apache\commons\commons-exec\1.3\commons-exec-1.3.jar;C:\Users\LENOVO\.m2\repository\org\asynchttpclient\async-http-client\2.12.3\async-http-client-2.12.3.jar;C:\Users\LENOVO\.m2\repository\org\asynchttpclient\async-http-client-netty-utils\2.12.3\async-http-client-netty-utils-2.12.3.jar;C:\Users\LENOVO\.m2\repository\io\netty\netty-codec-socks\4.1.60.Final\netty-codec-socks-4.1.60.Final.jar;C:\Users\LENOVO\.m2\repository\io\netty\netty-handler-proxy\4.1.60.Final\netty-handler-proxy-4.1.60.Final.jar;C:\Users\LENOVO\.m2\repository\io\netty\netty-transport-native-epoll\4.1.60.Final\netty-transport-native-epoll-4.1.60.Final-linux-x86_64.jar;C:\Users\LENOVO\.m2\repository\io\netty\netty-transport-native-kqueue\4.1.60.Final\netty-transport-native-kqueue-4.1.60.Final-osx-x86_64.jar;C:\Users\LENOVO\.m2\repository\org\reactivestreams\reactive-streams\1.0.3\reactive-streams-1.0.3.jar;C:\Users\LENOVO\.m2\repository\com\typesafe\netty\netty-reactive-streams\2.0.4\netty-reactive-streams-2.0.4.jar;C:\Users\LENOVO\.m2\repository\com\sun\activation\jakarta.activation\1.2.2\jakarta.activation-1.2.2.jar;C:\Users\LENOVO\.m2\repository\org\seleniumhq\selenium\selenium-safari-driver\4.9.0\selenium-safari-driver-4.9.0.jar;C:\Users\LENOVO\.m2\repository\org\seleniumhq\selenium\selenium-support\4.9.0\selenium-support-4.9.0.jar;C:\Users\LENOVO\.m2\repository\org\testng\testng\7.7.0\testng-7.7.0.jar;C:\Users\LENOVO\.m2\repository\org\slf4j\slf4j-api\1.7.36\slf4j-api-1.7.36.jar;C:\Users\LENOVO\.m2\repository\com\beust\jcommander\1.82\jcommander-1.82.jar;C:\Users\LENOVO\.m2\repository\org\webjars\jquery\3.6.1\jquery-3.6.1.jar;C:\Users\LENOVO\.m2\repository\com\fasterxml\jackson\core\jackson-databind\2.14.1\jackson-databind-2.14.1.jar;C:\Users\LENOVO\.m2\repository\com\fasterxml\jackson\core\jackson-annotations\2.14.1\jackson-annotations-2.14.1.jar;C:\Users\LENOVO\.m2\repository\com\fasterxml\jackson\core\jackson-core\2.14.1\jackson-core-2.14.1.jar;C:\Users\LENOVO\.m2\repository\io\github\bonigarcia\webdrivermanager\5.3.2\webdrivermanager-5.3.2.jar;C:\Users\LENOVO\.m2\repository\com\google\code\gson\gson\2.10.1\gson-2.10.1.jar;C:\Users\LENOVO\.m2\repository\com\github\docker-java\docker-java\3.2.14\docker-java-3.2.14.jar;C:\Users\LENOVO\.m2\repository\com\github\docker-java\docker-java-core\3.2.14\docker-java-core-3.2.14.jar;C:\Users\LENOVO\.m2\repository\com\github\docker-java\docker-java-api\3.2.14\docker-java-api-3.2.14.jar;C:\Users\LENOVO\.m2\repository\org\apache\commons\commons-compress\1.21\commons-compress-1.21.jar;C:\Users\LENOVO\.m2\repository\org\bouncycastle\bcpkix-jdk15on\1.64\bcpkix-jdk15on-1.64.jar;C:\Users\LENOVO\.m2\repository\org\bouncycastle\bcprov-jdk15on\1.64\bcprov-jdk15on-1.64.jar;C:\Users\LENOVO\.m2\repository\org\slf4j\jcl-over-slf4j\1.7.30\jcl-over-slf4j-1.7.30.jar;C:\Users\LENOVO\.m2\repository\com\github\docker-java\docker-java-transport-httpclient5\3.2.14\docker-java-transport-httpclient5-3.2.14.jar;C:\Users\LENOVO\.m2\repository\com\github\docker-java\docker-java-transport\3.2.14\docker-java-transport-3.2.14.jar;C:\Users\LENOVO\.m2\repository\net\java\dev\jna\jna\5.12.1\jna-5.12.1.jar;C:\Users\LENOVO\.m2\repository\org\brotli\dec\0.1.2\dec-0.1.2.jar;C:\Users\LENOVO\.m2\repository\org\apache\commons\commons-lang3\3.12.0\commons-lang3-3.12.0.jar;C:\Users\LENOVO\.m2\repository\org\apache\httpcomponents\client5\httpclient5\5.2.1\httpclient5-5.2.1.jar;C:\Users\LENOVO\.m2\repository\org\apache\httpcomponents\core5\httpcore5\5.2\httpcore5-5.2.jar;C:\Users\LENOVO\.m2\repository\org\apache\httpcomponents\core5\httpcore5-h2\5.2\httpcore5-h2-5.2.jar;C:\Users\LENOVO\.m2\repository\io\rest-assured\rest-assured\5.3.0\rest-assured-5.3.0.jar;C:\Users\LENOVO\.m2\repository\org\apache\groovy\groovy\4.0.6\groovy-4.0.6.jar;C:\Users\LENOVO\.m2\repository\org\apache\groovy\groovy-xml\4.0.6\groovy-xml-4.0.6.jar;C:\Users\LENOVO\.m2\repository\org\apache\httpcomponents\httpclient\4.5.13\httpclient-4.5.13.jar;C:\Users\LENOVO\.m2\repository\org\apache\httpcomponents\httpcore\4.4.13\httpcore-4.4.13.jar;C:\Users\LENOVO\.m2\repository\commons-logging\commons-logging\1.2\commons-logging-1.2.jar;C:\Users\LENOVO\.m2\repository\commons-codec\commons-codec\1.11\commons-codec-1.11.jar;C:\Users\LENOVO\.m2\repository\org\apache\httpcomponents\httpmime\4.5.13\httpmime-4.5.13.jar;C:\Users\LENOVO\.m2\repository\org\hamcrest\hamcrest\2.1\hamcrest-2.1.jar;C:\Users\LENOVO\.m2\repository\org\ccil\cowan\tagsoup\tagsoup\1.2.1\tagsoup-1.2.1.jar;C:\Users\LENOVO\.m2\repository\io\rest-assured\json-path\5.3.0\json-path-5.3.0.jar;C:\Users\LENOVO\.m2\repository\org\apache\groovy\groovy-json\4.0.6\groovy-json-4.0.6.jar;C:\Users\LENOVO\.m2\repository\io\rest-assured\rest-assured-common\5.3.0\rest-assured-common-5.3.0.jar;C:\Users\LENOVO\.m2\repository\io\rest-assured\xml-path\5.3.0\xml-path-5.3.0.jar;C:\Users\LENOVO\.m2\repository\org\jsoup\jsoup\1.16.1\jsoup-1.16.1.jar;C:\Users\LENOVO\.m2\repository\com\github\javafaker\javafaker\1.0.2\javafaker-1.0.2.jar;C:\Users\LENOVO\.m2\repository\org\yaml\snakeyaml\1.23\snakeyaml-1.23-android.jar;C:\Users\LENOVO\.m2\repository\com\github\mifmif\generex\1.0.2\generex-1.0.2.jar;C:\Users\LENOVO\.m2\repository\dk\brics\automaton\automaton\1.11-8\automaton-1.11-8.jar;C:\Users\LENOVO\.m2\repository\ru\yandex\qatools\ashot\ashot\1.5.4\ashot-1.5.4.jar;C:\Users\LENOVO\.m2\repository\commons-io\commons-io\2.5\commons-io-2.5.jar;C:\Users\LENOVO\.m2\repository\org\hamcrest\hamcrest-core\1.3\hamcrest-core-1.3.jar;C:\Users\LENOVO\.m2\repository\io\qameta\allure\allure-testng\2.22.0\allure-testng-2.22.0.jar;C:\Users\LENOVO\.m2\repository\io\qameta\allure\allure-java-commons\2.22.0\allure-java-commons-2.22.0.jar;C:\Users\LENOVO\.m2\repository\io\qameta\allure\allure-model\2.22.0\allure-model-2.22.0.jar;C:\Users\LENOVO\.m2\repository\io\qameta\allure\allure-test-filter\2.22.0\allure-test-filter-2.22.0.jar;"/>
    <property name="java.vm.vendor" value="Oracle Corporation"/>
    <property name="sun.arch.data.model" value="64"/>
    <property name="user.variant" value=""/>
    <property name="java.vendor.url" value="https://java.oracle.com/"/>
    <property name="user.timezone" value="Asia/Calcutta"/>
    <property name="os.name" value="Windows 10"/>
    <property name="java.vm.specification.version" value="17"/>
    <property name="sun.java.launcher" value="SUN_STANDARD"/>
    <property name="user.country" value="IN"/>
    <property name="sun.boot.library.path" value="C:\Program Files\Java\jdk-17\bin"/>
    <property name="sun.java.command" value="C:\Users\LENOVO\AppData\Local\Temp\surefire482612826846626180\surefirebooter-20230525120658623_3.jar C:\Users\LENOVO\AppData\Local\Temp\surefire482612826846626180 2023-05-25T12-06-56_455-jvmRun1 surefire-20230525120658623_1tmp surefire_0-20230525120658623_2tmp"/>
    <property name="jdk.debug" value="release"/>
    <property name="surefire.test.class.path" value="C:\Users\LENOVO\IdeaProjects\SeleniumFrameWork\target\test-classes;C:\Users\LENOVO\IdeaProjects\SeleniumFrameWork\target\classes;C:\Users\LENOVO\.m2\repository\org\seleniumhq\selenium\selenium-java\4.9.0\selenium-java-4.9.0.jar;C:\Users\LENOVO\.m2\repository\org\seleniumhq\selenium\selenium-api\4.9.0\selenium-api-4.9.0.jar;C:\Users\LENOVO\.m2\repository\org\seleniumhq\selenium\selenium-chrome-driver\4.9.0\selenium-chrome-driver-4.9.0.jar;C:\Users\LENOVO\.m2\repository\com\google\auto\service\auto-service-annotations\1.0.1\auto-service-annotations-1.0.1.jar;C:\Users\LENOVO\.m2\repository\com\google\auto\service\auto-service\1.0.1\auto-service-1.0.1.jar;C:\Users\LENOVO\.m2\repository\com\google\auto\auto-common\1.2\auto-common-1.2.jar;C:\Users\LENOVO\.m2\repository\com\google\guava\guava\31.1-jre\guava-31.1-jre.jar;C:\Users\LENOVO\.m2\repository\com\google\guava\failureaccess\1.0.1\failureaccess-1.0.1.jar;C:\Users\LENOVO\.m2\repository\com\google\guava\listenablefuture\9999.0-empty-to-avoid-conflict-with-guava\listenablefuture-9999.0-empty-to-avoid-conflict-with-guava.jar;C:\Users\LENOVO\.m2\repository\com\google\code\findbugs\jsr305\3.0.2\jsr305-3.0.2.jar;C:\Users\LENOVO\.m2\repository\org\checkerframework\checker-qual\3.12.0\checker-qual-3.12.0.jar;C:\Users\LENOVO\.m2\repository\com\google\errorprone\error_prone_annotations\2.11.0\error_prone_annotations-2.11.0.jar;C:\Users\LENOVO\.m2\repository\com\google\j2objc\j2objc-annotations\1.3\j2objc-annotations-1.3.jar;C:\Users\LENOVO\.m2\repository\org\seleniumhq\selenium\selenium-chromium-driver\4.9.0\selenium-chromium-driver-4.9.0.jar;C:\Users\LENOVO\.m2\repository\org\seleniumhq\selenium\selenium-json\4.9.0\selenium-json-4.9.0.jar;C:\Users\LENOVO\.m2\repository\org\seleniumhq\selenium\selenium-manager\4.9.0\selenium-manager-4.9.0.jar;C:\Users\LENOVO\.m2\repository\org\seleniumhq\selenium\selenium-devtools-v110\4.9.0\selenium-devtools-v110-4.9.0.jar;C:\Users\LENOVO\.m2\repository\org\seleniumhq\selenium\selenium-devtools-v111\4.9.0\selenium-devtools-v111-4.9.0.jar;C:\Users\LENOVO\.m2\repository\org\seleniumhq\selenium\selenium-devtools-v112\4.9.0\selenium-devtools-v112-4.9.0.jar;C:\Users\LENOVO\.m2\repository\org\seleniumhq\selenium\selenium-devtools-v85\4.9.0\selenium-devtools-v85-4.9.0.jar;C:\Users\LENOVO\.m2\repository\org\seleniumhq\selenium\selenium-edge-driver\4.9.0\selenium-edge-driver-4.9.0.jar;C:\Users\LENOVO\.m2\repository\org\seleniumhq\selenium\selenium-firefox-driver\4.9.0\selenium-firefox-driver-4.9.0.jar;C:\Users\LENOVO\.m2\repository\org\seleniumhq\selenium\selenium-http\4.9.0\selenium-http-4.9.0.jar;C:\Users\LENOVO\.m2\repository\dev\failsafe\failsafe\3.3.1\failsafe-3.3.1.jar;C:\Users\LENOVO\.m2\repository\org\seleniumhq\selenium\selenium-ie-driver\4.9.0\selenium-ie-driver-4.9.0.jar;C:\Users\LENOVO\.m2\repository\org\seleniumhq\selenium\selenium-remote-driver\4.9.0\selenium-remote-driver-4.9.0.jar;C:\Users\LENOVO\.m2\repository\io\netty\netty-buffer\4.1.91.Final\netty-buffer-4.1.91.Final.jar;C:\Users\LENOVO\.m2\repository\io\netty\netty-codec-http\4.1.91.Final\netty-codec-http-4.1.91.Final.jar;C:\Users\LENOVO\.m2\repository\io\netty\netty-codec\4.1.91.Final\netty-codec-4.1.91.Final.jar;C:\Users\LENOVO\.m2\repository\io\netty\netty-handler\4.1.91.Final\netty-handler-4.1.91.Final.jar;C:\Users\LENOVO\.m2\repository\io\netty\netty-common\4.1.91.Final\netty-common-4.1.91.Final.jar;C:\Users\LENOVO\.m2\repository\io\netty\netty-transport-classes-epoll\4.1.91.Final\netty-transport-classes-epoll-4.1.91.Final.jar;C:\Users\LENOVO\.m2\repository\io\netty\netty-transport-classes-kqueue\4.1.91.Final\netty-transport-classes-kqueue-4.1.91.Final.jar;C:\Users\LENOVO\.m2\repository\io\netty\netty-transport-native-epoll\4.1.91.Final\netty-transport-native-epoll-4.1.91.Final.jar;C:\Users\LENOVO\.m2\repository\io\netty\netty-transport-native-kqueue\4.1.91.Final\netty-transport-native-kqueue-4.1.91.Final.jar;C:\Users\LENOVO\.m2\repository\io\netty\netty-transport-native-unix-common\4.1.91.Final\netty-transport-native-unix-common-4.1.91.Final.jar;C:\Users\LENOVO\.m2\repository\io\netty\netty-transport\4.1.91.Final\netty-transport-4.1.91.Final.jar;C:\Users\LENOVO\.m2\repository\io\netty\netty-resolver\4.1.91.Final\netty-resolver-4.1.91.Final.jar;C:\Users\LENOVO\.m2\repository\io\opentelemetry\opentelemetry-api\1.25.0\opentelemetry-api-1.25.0.jar;C:\Users\LENOVO\.m2\repository\io\opentelemetry\opentelemetry-context\1.25.0\opentelemetry-context-1.25.0.jar;C:\Users\LENOVO\.m2\repository\io\opentelemetry\opentelemetry-exporter-logging\1.25.0\opentelemetry-exporter-logging-1.25.0.jar;C:\Users\LENOVO\.m2\repository\io\opentelemetry\opentelemetry-sdk-metrics\1.25.0\opentelemetry-sdk-metrics-1.25.0.jar;C:\Users\LENOVO\.m2\repository\io\opentelemetry\opentelemetry-sdk-logs\1.25.0-alpha\opentelemetry-sdk-logs-1.25.0-alpha.jar;C:\Users\LENOVO\.m2\repository\io\opentelemetry\opentelemetry-api-logs\1.25.0-alpha\opentelemetry-api-logs-1.25.0-alpha.jar;C:\Users\LENOVO\.m2\repository\io\opentelemetry\opentelemetry-api-events\1.25.0-alpha\opentelemetry-api-events-1.25.0-alpha.jar;C:\Users\LENOVO\.m2\repository\io\opentelemetry\opentelemetry-sdk-common\1.25.0\opentelemetry-sdk-common-1.25.0.jar;C:\Users\LENOVO\.m2\repository\io\opentelemetry\opentelemetry-sdk-extension-autoconfigure-spi\1.25.0\opentelemetry-sdk-extension-autoconfigure-spi-1.25.0.jar;C:\Users\LENOVO\.m2\repository\io\opentelemetry\opentelemetry-sdk-extension-autoconfigure\1.25.0-alpha\opentelemetry-sdk-extension-autoconfigure-1.25.0-alpha.jar;C:\Users\LENOVO\.m2\repository\io\opentelemetry\opentelemetry-sdk-trace\1.25.0\opentelemetry-sdk-trace-1.25.0.jar;C:\Users\LENOVO\.m2\repository\io\opentelemetry\opentelemetry-sdk\1.25.0\opentelemetry-sdk-1.25.0.jar;C:\Users\LENOVO\.m2\repository\io\opentelemetry\opentelemetry-semconv\1.25.0-alpha\opentelemetry-semconv-1.25.0-alpha.jar;C:\Users\LENOVO\.m2\repository\io\ous\jtoml\2.0.0\jtoml-2.0.0.jar;C:\Users\LENOVO\.m2\repository\net\bytebuddy\byte-buddy\1.14.4\byte-buddy-1.14.4.jar;C:\Users\LENOVO\.m2\repository\org\apache\commons\commons-exec\1.3\commons-exec-1.3.jar;C:\Users\LENOVO\.m2\repository\org\asynchttpclient\async-http-client\2.12.3\async-http-client-2.12.3.jar;C:\Users\LENOVO\.m2\repository\org\asynchttpclient\async-http-client-netty-utils\2.12.3\async-http-client-netty-utils-2.12.3.jar;C:\Users\LENOVO\.m2\repository\io\netty\netty-codec-socks\4.1.60.Final\netty-codec-socks-4.1.60.Final.jar;C:\Users\LENOVO\.m2\repository\io\netty\netty-handler-proxy\4.1.60.Final\netty-handler-proxy-4.1.60.Final.jar;C:\Users\LENOVO\.m2\repository\io\netty\netty-transport-native-epoll\4.1.60.Final\netty-transport-native-epoll-4.1.60.Final-linux-x86_64.jar;C:\Users\LENOVO\.m2\repository\io\netty\netty-transport-native-kqueue\4.1.60.Final\netty-transport-native-kqueue-4.1.60.Final-osx-x86_64.jar;C:\Users\LENOVO\.m2\repository\org\reactivestreams\reactive-streams\1.0.3\reactive-streams-1.0.3.jar;C:\Users\LENOVO\.m2\repository\com\typesafe\netty\netty-reactive-streams\2.0.4\netty-reactive-streams-2.0.4.jar;C:\Users\LENOVO\.m2\repository\com\sun\activation\jakarta.activation\1.2.2\jakarta.activation-1.2.2.jar;C:\Users\LENOVO\.m2\repository\org\seleniumhq\selenium\selenium-safari-driver\4.9.0\selenium-safari-driver-4.9.0.jar;C:\Users\LENOVO\.m2\repository\org\seleniumhq\selenium\selenium-support\4.9.0\selenium-support-4.9.0.jar;C:\Users\LENOVO\.m2\repository\org\testng\testng\7.7.0\testng-7.7.0.jar;C:\Users\LENOVO\.m2\repository\org\slf4j\slf4j-api\1.7.36\slf4j-api-1.7.36.jar;C:\Users\LENOVO\.m2\repository\com\beust\jcommander\1.82\jcommander-1.82.jar;C:\Users\LENOVO\.m2\repository\org\webjars\jquery\3.6.1\jquery-3.6.1.jar;C:\Users\LENOVO\.m2\repository\com\fasterxml\jackson\core\jackson-databind\2.14.1\jackson-databind-2.14.1.jar;C:\Users\LENOVO\.m2\repository\com\fasterxml\jackson\core\jackson-annotations\2.14.1\jackson-annotations-2.14.1.jar;C:\Users\LENOVO\.m2\repository\com\fasterxml\jackson\core\jackson-core\2.14.1\jackson-core-2.14.1.jar;C:\Users\LENOVO\.m2\repository\io\github\bonigarcia\webdrivermanager\5.3.2\webdrivermanager-5.3.2.jar;C:\Users\LENOVO\.m2\repository\com\google\code\gson\gson\2.10.1\gson-2.10.1.jar;C:\Users\LENOVO\.m2\repository\com\github\docker-java\docker-java\3.2.14\docker-java-3.2.14.jar;C:\Users\LENOVO\.m2\repository\com\github\docker-java\docker-java-core\3.2.14\docker-java-core-3.2.14.jar;C:\Users\LENOVO\.m2\repository\com\github\docker-java\docker-java-api\3.2.14\docker-java-api-3.2.14.jar;C:\Users\LENOVO\.m2\repository\org\apache\commons\commons-compress\1.21\commons-compress-1.21.jar;C:\Users\LENOVO\.m2\repository\org\bouncycastle\bcpkix-jdk15on\1.64\bcpkix-jdk15on-1.64.jar;C:\Users\LENOVO\.m2\repository\org\bouncycastle\bcprov-jdk15on\1.64\bcprov-jdk15on-1.64.jar;C:\Users\LENOVO\.m2\repository\org\slf4j\jcl-over-slf4j\1.7.30\jcl-over-slf4j-1.7.30.jar;C:\Users\LENOVO\.m2\repository\com\github\docker-java\docker-java-transport-httpclient5\3.2.14\docker-java-transport-httpclient5-3.2.14.jar;C:\Users\LENOVO\.m2\repository\com\github\docker-java\docker-java-transport\3.2.14\docker-java-transport-3.2.14.jar;C:\Users\LENOVO\.m2\repository\net\java\dev\jna\jna\5.12.1\jna-5.12.1.jar;C:\Users\LENOVO\.m2\repository\org\brotli\dec\0.1.2\dec-0.1.2.jar;C:\Users\LENOVO\.m2\repository\org\apache\commons\commons-lang3\3.12.0\commons-lang3-3.12.0.jar;C:\Users\LENOVO\.m2\repository\org\apache\httpcomponents\client5\httpclient5\5.2.1\httpclient5-5.2.1.jar;C:\Users\LENOVO\.m2\repository\org\apache\httpcomponents\core5\httpcore5\5.2\httpcore5-5.2.jar;C:\Users\LENOVO\.m2\repository\org\apache\httpcomponents\core5\httpcore5-h2\5.2\httpcore5-h2-5.2.jar;C:\Users\LENOVO\.m2\repository\io\rest-assured\rest-assured\5.3.0\rest-assured-5.3.0.jar;C:\Users\LENOVO\.m2\repository\org\apache\groovy\groovy\4.0.6\groovy-4.0.6.jar;C:\Users\LENOVO\.m2\repository\org\apache\groovy\groovy-xml\4.0.6\groovy-xml-4.0.6.jar;C:\Users\LENOVO\.m2\repository\org\apache\httpcomponents\httpclient\4.5.13\httpclient-4.5.13.jar;C:\Users\LENOVO\.m2\repository\org\apache\httpcomponents\httpcore\4.4.13\httpcore-4.4.13.jar;C:\Users\LENOVO\.m2\repository\commons-logging\commons-logging\1.2\commons-logging-1.2.jar;C:\Users\LENOVO\.m2\repository\commons-codec\commons-codec\1.11\commons-codec-1.11.jar;C:\Users\LENOVO\.m2\repository\org\apache\httpcomponents\httpmime\4.5.13\httpmime-4.5.13.jar;C:\Users\LENOVO\.m2\repository\org\hamcrest\hamcrest\2.1\hamcrest-2.1.jar;C:\Users\LENOVO\.m2\repository\org\ccil\cowan\tagsoup\tagsoup\1.2.1\tagsoup-1.2.1.jar;C:\Users\LENOVO\.m2\repository\io\rest-assured\json-path\5.3.0\json-path-5.3.0.jar;C:\Users\LENOVO\.m2\repository\org\apache\groovy\groovy-json\4.0.6\groovy-json-4.0.6.jar;C:\Users\LENOVO\.m2\repository\io\rest-assured\rest-assured-common\5.3.0\rest-assured-common-5.3.0.jar;C:\Users\LENOVO\.m2\repository\io\rest-assured\xml-path\5.3.0\xml-path-5.3.0.jar;C:\Users\LENOVO\.m2\repository\org\jsoup\jsoup\1.16.1\jsoup-1.16.1.jar;C:\Users\LENOVO\.m2\repository\com\github\javafaker\javafaker\1.0.2\javafaker-1.0.2.jar;C:\Users\LENOVO\.m2\repository\org\yaml\snakeyaml\1.23\snakeyaml-1.23-android.jar;C:\Users\LENOVO\.m2\repository\com\github\mifmif\generex\1.0.2\generex-1.0.2.jar;C:\Users\LENOVO\.m2\repository\dk\brics\automaton\automaton\1.11-8\automaton-1.11-8.jar;C:\Users\LENOVO\.m2\repository\ru\yandex\qatools\ashot\ashot\1.5.4\ashot-1.5.4.jar;C:\Users\LENOVO\.m2\repository\commons-io\commons-io\2.5\commons-io-2.5.jar;C:\Users\LENOVO\.m2\repository\org\hamcrest\hamcrest-core\1.3\hamcrest-core-1.3.jar;C:\Users\LENOVO\.m2\repository\io\qameta\allure\allure-testng\2.22.0\allure-testng-2.22.0.jar;C:\Users\LENOVO\.m2\repository\io\qameta\allure\allure-java-commons\2.22.0\allure-java-commons-2.22.0.jar;C:\Users\LENOVO\.m2\repository\io\qameta\allure\allure-model\2.22.0\allure-model-2.22.0.jar;C:\Users\LENOVO\.m2\repository\io\qameta\allure\allure-test-filter\2.22.0\allure-test-filter-2.22.0.jar;"/>
    <property name="sun.cpu.endian" value="little"/>
    <property name="user.home" value="C:\Users\LENOVO"/>
    <property name="user.language" value="en"/>
    <property name="java.specification.vendor" value="Oracle Corporation"/>
    <property name="java.version.date" value="2023-04-18"/>
    <property name="java.home" value="C:\Program Files\Java\jdk-17"/>
    <property name="file.separator" value="\"/>
    <property name="basedir" value="C:\Users\LENOVO\IdeaProjects\SeleniumFrameWork"/>
    <property name="java.vm.compressedOopsMode" value="32-bit"/>
    <property name="line.separator" value="&#10;"/>
    <property name="java.vm.specification.vendor" value="Oracle Corporation"/>
    <property name="java.specification.name" value="Java Platform API Specification"/>
    <property name="surefire.real.class.path" value="C:\Users\LENOVO\AppData\Local\Temp\surefire482612826846626180\surefirebooter-20230525120658623_3.jar"/>
    <property name="user.script" value=""/>
    <property name="sun.management.compiler" value="HotSpot 64-Bit Tiered Compilers"/>
    <property name="java.runtime.version" value="17.0.7+8-LTS-224"/>
    <property name="user.name" value="LENOVO"/>
    <property name="path.separator" value=";"/>
    <property name="os.version" value="10.0"/>
    <property name="java.runtime.name" value="Java(TM) SE Runtime Environment"/>
    <property name="file.encoding" value="Cp1252"/>
    <property name="java.vm.name" value="Java HotSpot(TM) 64-Bit Server VM"/>
    <property name="localRepository" value="C:\Users\LENOVO\.m2\repository"/>
    <property name="java.vendor.url.bug" value="https://bugreport.java.com/bugreport/"/>
    <property name="java.io.tmpdir" value="C:\Users\LENOVO\AppData\Local\Temp\"/>
    <property name="java.version" value="17.0.7"/>
    <property name="user.dir" value="C:\Users\LENOVO\IdeaProjects\SeleniumFrameWork"/>
    <property name="os.arch" value="amd64"/>
    <property name="webdriver.gecko.driver" value="Drivers\geckodriver\win64\0.33.0\geckodriver.exe"/>
    <property name="java.vm.specification.name" value="Java Virtual Machine Specification"/>
    <property name="sun.os.patch.level" value=""/>
    <property name="native.encoding" value="Cp1252"/>
    <property name="java.library.path" value="C:\Program Files\Java\jdk-17\bin;C:\Windows\Sun\Java\bin;C:\Windows\system32;C:\Windows;C:\Program Files\Common Files\Oracle\Java\javapath;C:\Windows\system32;C:\Windows;C:\Windows\System32\Wbem;C:\Windows\System32\WindowsPowerShell\v1.0\;C:\Windows\System32\OpenSSH\;C:\Program Files\Git\cmd;C:\Program Files\Java\jdk-17\bin;C:\Program Files\apache-maven-3.8.8\bin;C:\Users\LENOVO\scoop\shims;C:\Users\LENOVO\AppData\Local\Microsoft\WindowsApps;;C:\Program Files\JetBrains\IntelliJ IDEA Community Edition 2023.1.1\bin;;C:\Users\LENOVO\AppData\Local\Programs\Microsoft VS Code\bin;."/>
    <property name="java.vm.info" value="mixed mode, sharing"/>
    <property name="java.vendor" value="Oracle Corporation"/>
    <property name="java.vm.version" value="17.0.7+8-LTS-224"/>
    <property name="sun.io.unicode.encoding" value="UnicodeLittle"/>
    <property name="java.class.version" value="61.0"/>
  </properties>
  <testcase name="addToCartFromHomePage[org.selenium.pom.objects.Product@1dde459c](1)" classname="org.selenium.pom.tests.AddToCartTest" time="3.909">
    <system-out><![CDATA[CURRENT THREAD 21 , DRIVER = FirefoxDriver: firefox on WINDOWS (ddbc41ab-f63a-4495-bcc1-bffc657cac21)
]]></system-out>
    <system-err><![CDATA[SLF4J: Failed to load class "org.slf4j.impl.StaticLoggerBinder".
SLF4J: Defaulting to no-operation (NOP) logger implementation
SLF4J: See http://www.slf4j.org/codes.html#StaticLoggerBinder for further details.
1684996629420	geckodriver	INFO	Listening on 127.0.0.1:10677
1684996630279	mozrunner::runner	INFO	Running command: "C:\\Program Files\\Mozilla Firefox\\firefox.exe" "--marionette" "--remote-debugging-port" "28899" "--remote ... ocalhost:28899/,http://[::1]:28899/" "-no-remote" "-profile" "C:\\Users\\LENOVO\\AppData\\Local\\Temp\\rust_mozprofilelheSPX"
console.warn: services.settings: Ignoring preference override of remote settings server
console.warn: services.settings: Allow by setting MOZ_REMOTE_SETTINGS_DEVTOOLS=1 in the environment
1684996631459	Marionette	INFO	Marionette enabled
Dynamically enable window occlusion 0
1684996631468	Marionette	INFO	Listening on port 61789
Read port: 61789
WebDriver BiDi listening on ws://127.0.0.1:28899
1684996631765	RemoteAgent	WARN	TLS certificate errors will be ignored for this session
[ERROR glean_core] Error setting metrics feature config: Json(Error("EOF while parsing a value", line: 1, column: 0))
DevTools listening on ws://127.0.0.1:28899/devtools/browser/c0377ccb-355a-434b-ba50-dc6f18da5060
JavaScript error: resource://gre/modules/XULStore.sys.mjs, line 58: Error: Can't find profile directory.
JavaScript error: resource://gre/modules/XULStore.sys.mjs, line 58: Error: Can't find profile directory.
]]></system-err>
  </testcase>
  <testcase name="addToCartFromHomePage[org.selenium.pom.objects.Product@5ec6d9bb](2)" classname="org.selenium.pom.tests.AddToCartTest" time="4.928">
    <system-out><![CDATA[CURRENT THREAD 21 , DRIVER = FirefoxDriver: firefox on WINDOWS (ddbc41ab-f63a-4495-bcc1-bffc657cac21)
CURRENT THREAD 21 , DRIVER = FirefoxDriver: firefox on WINDOWS (59fdaace-9782-44d1-af4a-4277d6952dd9)
]]></system-out>
    <system-err><![CDATA[1684996640434	RemoteAgent	INFO	Perform WebSocket upgrade for incoming connection from 127.0.0.1:61888
1684996640441	CDP	WARN	Invalid browser preferences for CDP. Set "fission.webContentIsolationStrategy"to 0 and "fission.bfcacheInParent" to false before Firefox starts.
1684996640696	Marionette	INFO	Stopped listening on port 61789
[Child 13488, Main Thread] WARNING: JSWindowActorChild::SendRawMessage (Conduits, ConduitClosed) not sent: !CanSend() || !mManager || !mManager->CanSend(): file /builds/worker/checkouts/gecko/dom/ipc/jsactor/JSWindowActorChild.cpp:57
[Child 13488, Main Thread] WARNING: JSWindowActorChild::SendRawMessage (Conduits, ConduitClosed) not sent: !CanSend() || !mManager || !mManager->CanSend(): file /builds/worker/checkouts/gecko/dom/ipc/jsactor/JSWindowActorChild.cpp:57
[Child 13488, Main Thread] WARNING: JSWindowActorChild::SendRawMessage (Conduits, ConduitClosed) not sent: !CanSend() || !mManager || !mManager->CanSend(): file /builds/worker/checkouts/gecko/dom/ipc/jsactor/JSWindowActorChild.cpp:57
[Child 13488, Main Thread] WARNING: JSWindowActorChild::SendRawMessage (Conduits, ConduitClosed) not sent: !CanSend() || !mManager || !mManager->CanSend(): file /builds/worker/checkouts/gecko/dom/ipc/jsactor/JSWindowActorChild.cpp:57
[Child 13488, Main Thread] WARNING: JSWindowActorChild::SendRawMessage (Conduits, ConduitClosed) not sent: !CanSend() || !mManager || !mManager->CanSend(): file /builds/worker/checkouts/gecko/dom/ipc/jsactor/JSWindowActorChild.cpp:57
[Child 13488, Main Thread] WARNING: JSWindowActorChild::SendRawMessage (Conduits, ConduitClosed) not sent: !CanSend() || !mManager || !mManager->CanSend(): file /builds/worker/checkouts/gecko/dom/ipc/jsactor/JSWindowActorChild.cpp:57
[Child 13488, Main Thread] WARNING: JSWindowActorChild::SendRawMessage (Conduits, ConduitClosed) not sent: !CanSend() || !mManager || !mManager->CanSend(): file /builds/worker/checkouts/gecko/dom/ipc/jsactor/JSWindowActorChild.cpp:57
[Child 13488, Main Thread] WARNING: JSWindowActorChild::SendRawMessage (Conduits, ConduitClosed) not sent: !CanSend() || !mManager || !mManager->CanSend(): file /builds/worker/checkouts/gecko/dom/ipc/jsactor/JSWindowActorChild.cpp:57
Dynamically enable window occlusion 1
!!! error running onStopped callback: TypeError: callback is not a function
WARNING: A blocker encountered an error while we were waiting.
          Blocker:  Waiting for ping task
          Phase: TelemetryController: Waiting for pending ping activity
          State: (none)
WARNING: Error: Phase "profile-before-change" is finished, it is too late to register completion condition "OS.File: flush I/O queued before profileBeforeChange"
WARNING: addBlocker@resource://gre/modules/AsyncShutdown.sys.mjs:727:15
addBlocker@resource://gre/modules/AsyncShutdown.sys.mjs:523:26
addBlocker@resource://gre/modules/AsyncShutdown.sys.mjs:458:15
setupShutdown@resource://gre/modules/osfile/osfile_async_front.jsm:1548:28
@resource://gre/modules/osfile/osfile_async_front.jsm:1568:16
@resource://gre/modules/osfile.jsm:12:30
@resource://gre/modules/TelemetryStorage.sys.mjs:10:28
_checkPendingPings@resource://gre/modules/TelemetrySend.sys.mjs:859:17
setup@resource://gre/modules/TelemetrySend.sys.mjs:799:18
setup@resource://gre/modules/TelemetrySend.sys.mjs:237:30
setupTelemetry/this._delayedInitTask<@resource://gre/modules/TelemetryControllerParent.sys.mjs:824:36
observe@resource://gre/modules/AsyncShutdown.sys.mjs:576:16

console.error: "TelemetryScheduler.shutdown - Already shut down"
WARNING: A blocker encountered an error while we were waiting.
          Blocker:  Waiting for ping task
          Phase: TelemetryController: Waiting for pending ping activity
          State: (none)
WARNING: Error: Phase "profile-before-change" is finished, it is too late to register completion condition "OS.File: flush I/O queued before profileBeforeChange"
WARNING: addBlocker@resource://gre/modules/AsyncShutdown.sys.mjs:727:15
addBlocker@resource://gre/modules/AsyncShutdown.sys.mjs:523:26
addBlocker@resource://gre/modules/AsyncShutdown.sys.mjs:458:15
setupShutdown@resource://gre/modules/osfile/osfile_async_front.jsm:1548:28
@resource://gre/modules/osfile/osfile_async_front.jsm:1568:16
@resource://gre/modules/osfile.jsm:12:30
@resource://gre/modules/TelemetryStorage.sys.mjs:10:28
_checkPendingPings@resource://gre/modules/TelemetrySend.sys.mjs:859:17
setup@resource://gre/modules/TelemetrySend.sys.mjs:799:18
setup@resource://gre/modules/TelemetrySend.sys.mjs:237:30
setupTelemetry/this._delayedInitTask<@resource://gre/modules/TelemetryControllerParent.sys.mjs:824:36
observe@resource://gre/modules/AsyncShutdown.sys.mjs:576:16

WARNING: A blocker encountered an error while we were waiting.
          Blocker:  Waiting for ping task
          Phase: TelemetryController: Waiting for pending ping activity
          State: (none)
WARNING: Error: Phase "profile-before-change" is finished, it is too late to register completion condition "OS.File: flush I/O queued before profileBeforeChange"
WARNING: addBlocker@resource://gre/modules/AsyncShutdown.sys.mjs:727:15
addBlocker@resource://gre/modules/AsyncShutdown.sys.mjs:523:26
addBlocker@resource://gre/modules/AsyncShutdown.sys.mjs:458:15
setupShutdown@resource://gre/modules/osfile/osfile_async_front.jsm:1548:28
@resource://gre/modules/osfile/osfile_async_front.jsm:1568:16
@resource://gre/modules/osfile.jsm:12:30
@resource://gre/modules/TelemetryStorage.sys.mjs:10:28
_checkPendingPings@resource://gre/modules/TelemetrySend.sys.mjs:859:17
setup@resource://gre/modules/TelemetrySend.sys.mjs:799:18
setup@resource://gre/modules/TelemetrySend.sys.mjs:237:30
setupTelemetry/this._delayedInitTask<@resource://gre/modules/TelemetryControllerParent.sys.mjs:824:36
observe@resource://gre/modules/AsyncShutdown.sys.mjs:576:16

WARNING: A blocker encountered an error while we were waiting.
          Blocker:  TelemetryController: shutting down
          Phase: profile-before-change-telemetry
          State: Error getting state: Error: Phase "profile-before-change" is finished, it is too late to register completion condition "OS.File: flush I/O queued before profileBeforeChange" at addBlocker@resource://gre/modules/AsyncShutdown.sys.mjs:727:15
addBlocker@resource://gre/modules/AsyncShutdown.sys.mjs:523:26
addBlocker@resource://gre/modules/AsyncShutdown.sys.mjs:458:15
setupShutdown@resource://gre/modules/osfile/osfile_async_front.jsm:1548:28
@resource://gre/modules/osfile/osfile_async_front.jsm:1568:16
@resource://gre/modules/osfile.jsm:12:30
@resource://gre/modules/TelemetryStorage.sys.mjs:10:28
_checkPendingPings@resource://gre/modules/TelemetrySend.sys.mjs:859:17
setup@resource://gre/modules/TelemetrySend.sys.mjs:799:18
setup@resource://gre/modules/TelemetrySend.sys.mjs:237:30
setupTelemetry/this._delayedInitTask<@resource://gre/modules/TelemetryControllerParent.sys.mjs:824:36
observe@resource://gre/modules/AsyncShutdown.sys.mjs:576:16

WARNING: Error: Phase "profile-before-change" is finished, it is too late to register completion condition "OS.File: flush I/O queued before profileBeforeChange"
WARNING: addBlocker@resource://gre/modules/AsyncShutdown.sys.mjs:727:15
addBlocker@resource://gre/modules/AsyncShutdown.sys.mjs:523:26
addBlocker@resource://gre/modules/AsyncShutdown.sys.mjs:458:15
setupShutdown@resource://gre/modules/osfile/osfile_async_front.jsm:1548:28
@resource://gre/modules/osfile/osfile_async_front.jsm:1568:16
@resource://gre/modules/osfile.jsm:12:30
@resource://gre/modules/TelemetryStorage.sys.mjs:10:28
_checkPendingPings@resource://gre/modules/TelemetrySend.sys.mjs:859:17
setup@resource://gre/modules/TelemetrySend.sys.mjs:799:18
setup@resource://gre/modules/TelemetrySend.sys.mjs:237:30
setupTelemetry/this._delayedInitTask<@resource://gre/modules/TelemetryControllerParent.sys.mjs:824:36
observe@resource://gre/modules/AsyncShutdown.sys.mjs:576:16

JavaScript error: resource://gre/modules/AsyncShutdown.sys.mjs, line 727: Error: Phase "profile-before-change" is finished, it is too late to register completion condition "OS.File: flush I/O queued before profileBeforeChange"
JavaScript error: resource://gre/modules/AsyncShutdown.sys.mjs, line 727: Error: Phase "profile-before-change" is finished, it is too late to register completion condition "OS.File: flush I/O queued before profileBeforeChange"
JavaScript error: resource://gre/modules/AsyncShutdown.sys.mjs, line 727: Error: Phase "profile-before-change" is finished, it is too late to register completion condition "OS.File: flush I/O queued before profileBeforeChange"
JavaScript error: resource://gre/modules/AsyncShutdown.sys.mjs, line 727: Error: Phase "profile-before-change" is finished, it is too late to register completion condition "OS.File: flush I/O queued before profileBeforeChange"
JavaScript error: resource://gre/modules/AsyncShutdown.sys.mjs, line 727: Error: Phase "profile-before-change" is finished, it is too late to register completion condition "OS.File: flush I/O queued before profileBeforeChange"
JavaScript error: resource://gre/modules/AsyncShutdown.sys.mjs, line 727: Error: Phase "profile-before-change" is finished, it is too late to register completion condition "OS.File: flush I/O queued before profileBeforeChange"
1684996644499	geckodriver	INFO	Listening on 127.0.0.1:46416
1684996644538	mozrunner::runner	INFO	Running command: "C:\\Program Files\\Mozilla Firefox\\firefox.exe" "--marionette" "--remote-debugging-port" "20113" "--remote ... ocalhost:20113/,http://[::1]:20113/" "-no-remote" "-profile" "C:\\Users\\LENOVO\\AppData\\Local\\Temp\\rust_mozprofiled89XRC"
console.warn: services.settings: Ignoring preference override of remote settings server
console.warn: services.settings: Allow by setting MOZ_REMOTE_SETTINGS_DEVTOOLS=1 in the environment
1684996645114	Marionette	INFO	Marionette enabled
Dynamically enable window occlusion 0
1684996645121	Marionette	INFO	Listening on port 61893
Read port: 61893
WebDriver BiDi listening on ws://127.0.0.1:20113
1684996645393	RemoteAgent	WARN	TLS certificate errors will be ignored for this session
[ERROR glean_core] Error setting metrics feature config: Json(Error("EOF while parsing a value", line: 1, column: 0))
DevTools listening on ws://127.0.0.1:20113/devtools/browser/bf35a7a8-23a4-4f09-88e5-2a93a8a85c8b
JavaScript error: resource://gre/modules/XULStore.sys.mjs, line 58: Error: Can't find profile directory.
JavaScript error: resource://gre/modules/XULStore.sys.mjs, line 58: Error: Can't find profile directory.
]]></system-err>
  </testcase>
  <testcase name="addToCartFromHomePage[org.selenium.pom.objects.Product@7fb38ad6](3)" classname="org.selenium.pom.tests.AddToCartTest" time="6.191">
    <system-out><![CDATA[CURRENT THREAD 21 , DRIVER = FirefoxDriver: firefox on WINDOWS (59fdaace-9782-44d1-af4a-4277d6952dd9)
CURRENT THREAD 21 , DRIVER = FirefoxDriver: firefox on WINDOWS (5d0b3e25-4eca-4dcb-9643-7aed64bdc5eb)
]]></system-out>
    <system-err><![CDATA[1684996654063	RemoteAgent	INFO	Perform WebSocket upgrade for incoming connection from 127.0.0.1:61919
1684996654069	CDP	WARN	Invalid browser preferences for CDP. Set "fission.webContentIsolationStrategy"to 0 and "fission.bfcacheInParent" to false before Firefox starts.
1684996654075	Marionette	INFO	Stopped listening on port 61893
[Child 10972, Main Thread] WARNING: JSWindowActorChild::SendRawMessage (Conduits, ConduitClosed) not sent: !CanSend() || !mManager || !mManager->CanSend(): file /builds/worker/checkouts/gecko/dom/ipc/jsactor/JSWindowActorChild.cpp:57
[Child 10972, Main Thread] WARNING: JSWindowActorChild::SendRawMessage (Conduits, ConduitClosed) not sent: !CanSend() || !mManager || !mManager->CanSend(): file /builds/worker/checkouts/gecko/dom/ipc/jsactor/JSWindowActorChild.cpp:57
[Child 10972, Main Thread] WARNING: JSWindowActorChild::SendRawMessage (Conduits, ConduitClosed) not sent: !CanSend() || !mManager || !mManager->CanSend(): file /builds/worker/checkouts/gecko/dom/ipc/jsactor/JSWindowActorChild.cpp:57
[Child 10972, Main Thread] WARNING: JSWindowActorChild::SendRawMessage (Conduits, ConduitClosed) not sent: !CanSend() || !mManager || !mManager->CanSend(): file /builds/worker/checkouts/gecko/dom/ipc/jsactor/JSWindowActorChild.cpp:57
[Child 10972, Main Thread] WARNING: JSWindowActorChild::SendRawMessage (Conduits, ConduitClosed) not sent: !CanSend() || !mManager || !mManager->CanSend(): file /builds/worker/checkouts/gecko/dom/ipc/jsactor/JSWindowActorChild.cpp:57
[Child 10972, Main Thread] WARNING: JSWindowActorChild::SendRawMessage (Conduits, ConduitClosed) not sent: !CanSend() || !mManager || !mManager->CanSend(): file /builds/worker/checkouts/gecko/dom/ipc/jsactor/JSWindowActorChild.cpp:57
[Child 10972, Main Thread] WARNING: JSWindowActorChild::SendRawMessage (Conduits, ConduitClosed) not sent: !CanSend() || !mManager || !mManager->CanSend(): file /builds/worker/checkouts/gecko/dom/ipc/jsactor/JSWindowActorChild.cpp:57
[Child 10972, Main Thread] WARNING: JSWindowActorChild::SendRawMessage (Conduits, ConduitClosed) not sent: !CanSend() || !mManager || !mManager->CanSend(): file /builds/worker/checkouts/gecko/dom/ipc/jsactor/JSWindowActorChild.cpp:57
Dynamically enable window occlusion 1
!!! error running onStopped callback: TypeError: callback is not a function
WARNING: A blocker encountered an error while we were waiting.
          Blocker:  Waiting for ping task
          Phase: TelemetryController: Waiting for pending ping activity
          State: (none)
WARNING: Error: Phase "profile-before-change" is finished, it is too late to register completion condition "OS.File: flush I/O queued before profileBeforeChange"
WARNING: addBlocker@resource://gre/modules/AsyncShutdown.sys.mjs:727:15
addBlocker@resource://gre/modules/AsyncShutdown.sys.mjs:523:26
addBlocker@resource://gre/modules/AsyncShutdown.sys.mjs:458:15
setupShutdown@resource://gre/modules/osfile/osfile_async_front.jsm:1548:28
@resource://gre/modules/osfile/osfile_async_front.jsm:1568:16
@resource://gre/modules/osfile.jsm:12:30
@resource://gre/modules/TelemetryStorage.sys.mjs:10:28
_checkPendingPings@resource://gre/modules/TelemetrySend.sys.mjs:859:17
setup@resource://gre/modules/TelemetrySend.sys.mjs:799:18
setup@resource://gre/modules/TelemetrySend.sys.mjs:237:30
setupTelemetry/this._delayedInitTask<@resource://gre/modules/TelemetryControllerParent.sys.mjs:824:36
observe@resource://gre/modules/AsyncShutdown.sys.mjs:576:16

console.error: "TelemetryScheduler.shutdown - Already shut down"
WARNING: A blocker encountered an error while we were waiting.
          Blocker:  Waiting for ping task
          Phase: TelemetryController: Waiting for pending ping activity
          State: (none)
WARNING: Error: Phase "profile-before-change" is finished, it is too late to register completion condition "OS.File: flush I/O queued before profileBeforeChange"
WARNING: addBlocker@resource://gre/modules/AsyncShutdown.sys.mjs:727:15
addBlocker@resource://gre/modules/AsyncShutdown.sys.mjs:523:26
addBlocker@resource://gre/modules/AsyncShutdown.sys.mjs:458:15
setupShutdown@resource://gre/modules/osfile/osfile_async_front.jsm:1548:28
@resource://gre/modules/osfile/osfile_async_front.jsm:1568:16
@resource://gre/modules/osfile.jsm:12:30
@resource://gre/modules/TelemetryStorage.sys.mjs:10:28
_checkPendingPings@resource://gre/modules/TelemetrySend.sys.mjs:859:17
setup@resource://gre/modules/TelemetrySend.sys.mjs:799:18
setup@resource://gre/modules/TelemetrySend.sys.mjs:237:30
setupTelemetry/this._delayedInitTask<@resource://gre/modules/TelemetryControllerParent.sys.mjs:824:36
observe@resource://gre/modules/AsyncShutdown.sys.mjs:576:16

WARNING: A blocker encountered an error while we were waiting.
          Blocker:  Waiting for ping task
          Phase: TelemetryController: Waiting for pending ping activity
          State: (none)
WARNING: Error: Phase "profile-before-change" is finished, it is too late to register completion condition "OS.File: flush I/O queued before profileBeforeChange"
WARNING: addBlocker@resource://gre/modules/AsyncShutdown.sys.mjs:727:15
addBlocker@resource://gre/modules/AsyncShutdown.sys.mjs:523:26
addBlocker@resource://gre/modules/AsyncShutdown.sys.mjs:458:15
setupShutdown@resource://gre/modules/osfile/osfile_async_front.jsm:1548:28
@resource://gre/modules/osfile/osfile_async_front.jsm:1568:16
@resource://gre/modules/osfile.jsm:12:30
@resource://gre/modules/TelemetryStorage.sys.mjs:10:28
_checkPendingPings@resource://gre/modules/TelemetrySend.sys.mjs:859:17
setup@resource://gre/modules/TelemetrySend.sys.mjs:799:18
setup@resource://gre/modules/TelemetrySend.sys.mjs:237:30
setupTelemetry/this._delayedInitTask<@resource://gre/modules/TelemetryControllerParent.sys.mjs:824:36
observe@resource://gre/modules/AsyncShutdown.sys.mjs:576:16

WARNING: A blocker encountered an error while we were waiting.
          Blocker:  TelemetryController: shutting down
          Phase: profile-before-change-telemetry
          State: Error getting state: Error: Phase "profile-before-change" is finished, it is too late to register completion condition "OS.File: flush I/O queued before profileBeforeChange" at addBlocker@resource://gre/modules/AsyncShutdown.sys.mjs:727:15
addBlocker@resource://gre/modules/AsyncShutdown.sys.mjs:523:26
addBlocker@resource://gre/modules/AsyncShutdown.sys.mjs:458:15
setupShutdown@resource://gre/modules/osfile/osfile_async_front.jsm:1548:28
@resource://gre/modules/osfile/osfile_async_front.jsm:1568:16
@resource://gre/modules/osfile.jsm:12:30
@resource://gre/modules/TelemetryStorage.sys.mjs:10:28
_checkPendingPings@resource://gre/modules/TelemetrySend.sys.mjs:859:17
setup@resource://gre/modules/TelemetrySend.sys.mjs:799:18
setup@resource://gre/modules/TelemetrySend.sys.mjs:237:30
setupTelemetry/this._delayedInitTask<@resource://gre/modules/TelemetryControllerParent.sys.mjs:824:36
observe@resource://gre/modules/AsyncShutdown.sys.mjs:576:16

WARNING: Error: Phase "profile-before-change" is finished, it is too late to register completion condition "OS.File: flush I/O queued before profileBeforeChange"
WARNING: addBlocker@resource://gre/modules/AsyncShutdown.sys.mjs:727:15
addBlocker@resource://gre/modules/AsyncShutdown.sys.mjs:523:26
addBlocker@resource://gre/modules/AsyncShutdown.sys.mjs:458:15
setupShutdown@resource://gre/modules/osfile/osfile_async_front.jsm:1548:28
@resource://gre/modules/osfile/osfile_async_front.jsm:1568:16
@resource://gre/modules/osfile.jsm:12:30
@resource://gre/modules/TelemetryStorage.sys.mjs:10:28
_checkPendingPings@resource://gre/modules/TelemetrySend.sys.mjs:859:17
setup@resource://gre/modules/TelemetrySend.sys.mjs:799:18
setup@resource://gre/modules/TelemetrySend.sys.mjs:237:30
setupTelemetry/this._delayedInitTask<@resource://gre/modules/TelemetryControllerParent.sys.mjs:824:36
observe@resource://gre/modules/AsyncShutdown.sys.mjs:576:16

JavaScript error: resource://gre/modules/AsyncShutdown.sys.mjs, line 727: Error: Phase "profile-before-change" is finished, it is too late to register completion condition "OS.File: flush I/O queued before profileBeforeChange"
JavaScript error: resource://gre/modules/AsyncShutdown.sys.mjs, line 727: Error: Phase "profile-before-change" is finished, it is too late to register completion condition "OS.File: flush I/O queued before profileBeforeChange"
JavaScript error: resource://gre/modules/AsyncShutdown.sys.mjs, line 727: Error: Phase "profile-before-change" is finished, it is too late to register completion condition "OS.File: flush I/O queued before profileBeforeChange"
JavaScript error: resource://gre/modules/AsyncShutdown.sys.mjs, line 727: Error: Phase "profile-before-change" is finished, it is too late to register completion condition "OS.File: flush I/O queued before profileBeforeChange"
JavaScript error: resource://gre/modules/AsyncShutdown.sys.mjs, line 727: Error: Phase "profile-before-change" is finished, it is too late to register completion condition "OS.File: flush I/O queued before profileBeforeChange"
JavaScript error: resource://gre/modules/AsyncShutdown.sys.mjs, line 727: Error: Phase "profile-before-change" is finished, it is too late to register completion condition "OS.File: flush I/O queued before profileBeforeChange"
1684996656445	geckodriver	INFO	Listening on 127.0.0.1:21715
1684996656487	mozrunner::runner	INFO	Running command: "C:\\Program Files\\Mozilla Firefox\\firefox.exe" "--marionette" "--remote-debugging-port" "19222" "--remote ... ocalhost:19222/,http://[::1]:19222/" "-no-remote" "-profile" "C:\\Users\\LENOVO\\AppData\\Local\\Temp\\rust_mozprofileRpOKtu"
console.warn: services.settings: Ignoring preference override of remote settings server
console.warn: services.settings: Allow by setting MOZ_REMOTE_SETTINGS_DEVTOOLS=1 in the environment
1684996657018	Marionette	INFO	Marionette enabled
Dynamically enable window occlusion 0
1684996657026	Marionette	INFO	Listening on port 61924
Read port: 61924
WebDriver BiDi listening on ws://127.0.0.1:19222
1684996657314	RemoteAgent	WARN	TLS certificate errors will be ignored for this session
[ERROR glean_core] Error setting metrics feature config: Json(Error("EOF while parsing a value", line: 1, column: 0))
DevTools listening on ws://127.0.0.1:19222/devtools/browser/149d7704-545a-4c40-b2be-344c71abdd38
JavaScript error: resource://gre/modules/XULStore.sys.mjs, line 58: Error: Can't find profile directory.
JavaScript error: resource://gre/modules/XULStore.sys.mjs, line 58: Error: Can't find profile directory.
]]></system-err>
  </testcase>
  <testcase name="addToCartFromHomePage[org.selenium.pom.objects.Product@71b0f55d](4)" classname="org.selenium.pom.tests.AddToCartTest" time="4.585">
    <system-out><![CDATA[CURRENT THREAD 21 , DRIVER = FirefoxDriver: firefox on WINDOWS (5d0b3e25-4eca-4dcb-9643-7aed64bdc5eb)
CURRENT THREAD 21 , DRIVER = FirefoxDriver: firefox on WINDOWS (adc548e3-c1d1-4e08-9060-b43d3a9f89be)
]]></system-out>
    <system-err><![CDATA[1684996667058	RemoteAgent	INFO	Perform WebSocket upgrade for incoming connection from 127.0.0.1:61952
1684996667062	CDP	WARN	Invalid browser preferences for CDP. Set "fission.webContentIsolationStrategy"to 0 and "fission.bfcacheInParent" to false before Firefox starts.
1684996667072	Marionette	INFO	Stopped listening on port 61924
[Child 5988, Main Thread] WARNING: JSWindowActorChild::SendRawMessage (Conduits, ConduitClosed) not sent: !CanSend() || !mManager || !mManager->CanSend(): file /builds/worker/checkouts/gecko/dom/ipc/jsactor/JSWindowActorChild.cpp:57
[Child 5988, Main Thread] WARNING: JSWindowActorChild::SendRawMessage (Conduits, ConduitClosed) not sent: !CanSend() || !mManager || !mManager->CanSend(): file /builds/worker/checkouts/gecko/dom/ipc/jsactor/JSWindowActorChild.cpp:57
[Child 5988, Main Thread] WARNING: JSWindowActorChild::SendRawMessage (Conduits, ConduitClosed) not sent: !CanSend() || !mManager || !mManager->CanSend(): file /builds/worker/checkouts/gecko/dom/ipc/jsactor/JSWindowActorChild.cpp:57
[Child 5988, Main Thread] WARNING: JSWindowActorChild::SendRawMessage (Conduits, ConduitClosed) not sent: !CanSend() || !mManager || !mManager->CanSend(): file /builds/worker/checkouts/gecko/dom/ipc/jsactor/JSWindowActorChild.cpp:57
[Child 5988, Main Thread] WARNING: JSWindowActorChild::SendRawMessage (Conduits, ConduitClosed) not sent: !CanSend() || !mManager || !mManager->CanSend(): file /builds/worker/checkouts/gecko/dom/ipc/jsactor/JSWindowActorChild.cpp:57
[Child 5988, Main Thread] WARNING: JSWindowActorChild::SendRawMessage (Conduits, ConduitClosed) not sent: !CanSend() || !mManager || !mManager->CanSend(): file /builds/worker/checkouts/gecko/dom/ipc/jsactor/JSWindowActorChild.cpp:57
[Child 5988, Main Thread] WARNING: JSWindowActorChild::SendRawMessage (Conduits, ConduitClosed) not sent: !CanSend() || !mManager || !mManager->CanSend(): file /builds/worker/checkouts/gecko/dom/ipc/jsactor/JSWindowActorChild.cpp:57
[Child 5988, Main Thread] WARNING: JSWindowActorChild::SendRawMessage (Conduits, ConduitClosed) not sent: !CanSend() || !mManager || !mManager->CanSend(): file /builds/worker/checkouts/gecko/dom/ipc/jsactor/JSWindowActorChild.cpp:57
Dynamically enable window occlusion 1
!!! error running onStopped callback: TypeError: callback is not a function
WARNING: A blocker encountered an error while we were waiting.
          Blocker:  Waiting for ping task
          Phase: TelemetryController: Waiting for pending ping activity
          State: (none)
WARNING: Error: Phase "profile-before-change" is finished, it is too late to register completion condition "OS.File: flush I/O queued before profileBeforeChange"
WARNING: addBlocker@resource://gre/modules/AsyncShutdown.sys.mjs:727:15
addBlocker@resource://gre/modules/AsyncShutdown.sys.mjs:523:26
addBlocker@resource://gre/modules/AsyncShutdown.sys.mjs:458:15
setupShutdown@resource://gre/modules/osfile/osfile_async_front.jsm:1548:28
@resource://gre/modules/osfile/osfile_async_front.jsm:1568:16
@resource://gre/modules/osfile.jsm:12:30
@resource://gre/modules/TelemetryStorage.sys.mjs:10:28
_checkPendingPings@resource://gre/modules/TelemetrySend.sys.mjs:859:17
setup@resource://gre/modules/TelemetrySend.sys.mjs:799:18
setup@resource://gre/modules/TelemetrySend.sys.mjs:237:30
setupTelemetry/this._delayedInitTask<@resource://gre/modules/TelemetryControllerParent.sys.mjs:824:36
observe@resource://gre/modules/AsyncShutdown.sys.mjs:576:16

console.error: "TelemetryScheduler.shutdown - Already shut down"
WARNING: A blocker encountered an error while we were waiting.
          Blocker:  Waiting for ping task
          Phase: TelemetryController: Waiting for pending ping activity
          State: (none)
WARNING: Error: Phase "profile-before-change" is finished, it is too late to register completion condition "OS.File: flush I/O queued before profileBeforeChange"
WARNING: addBlocker@resource://gre/modules/AsyncShutdown.sys.mjs:727:15
addBlocker@resource://gre/modules/AsyncShutdown.sys.mjs:523:26
addBlocker@resource://gre/modules/AsyncShutdown.sys.mjs:458:15
setupShutdown@resource://gre/modules/osfile/osfile_async_front.jsm:1548:28
@resource://gre/modules/osfile/osfile_async_front.jsm:1568:16
@resource://gre/modules/osfile.jsm:12:30
@resource://gre/modules/TelemetryStorage.sys.mjs:10:28
_checkPendingPings@resource://gre/modules/TelemetrySend.sys.mjs:859:17
setup@resource://gre/modules/TelemetrySend.sys.mjs:799:18
setup@resource://gre/modules/TelemetrySend.sys.mjs:237:30
setupTelemetry/this._delayedInitTask<@resource://gre/modules/TelemetryControllerParent.sys.mjs:824:36
observe@resource://gre/modules/AsyncShutdown.sys.mjs:576:16

WARNING: A blocker encountered an error while we were waiting.
          Blocker:  Waiting for ping task
          Phase: TelemetryController: Waiting for pending ping activity
          State: (none)
WARNING: Error: Phase "profile-before-change" is finished, it is too late to register completion condition "OS.File: flush I/O queued before profileBeforeChange"
WARNING: addBlocker@resource://gre/modules/AsyncShutdown.sys.mjs:727:15
addBlocker@resource://gre/modules/AsyncShutdown.sys.mjs:523:26
addBlocker@resource://gre/modules/AsyncShutdown.sys.mjs:458:15
setupShutdown@resource://gre/modules/osfile/osfile_async_front.jsm:1548:28
@resource://gre/modules/osfile/osfile_async_front.jsm:1568:16
@resource://gre/modules/osfile.jsm:12:30
@resource://gre/modules/TelemetryStorage.sys.mjs:10:28
_checkPendingPings@resource://gre/modules/TelemetrySend.sys.mjs:859:17
setup@resource://gre/modules/TelemetrySend.sys.mjs:799:18
setup@resource://gre/modules/TelemetrySend.sys.mjs:237:30
setupTelemetry/this._delayedInitTask<@resource://gre/modules/TelemetryControllerParent.sys.mjs:824:36
observe@resource://gre/modules/AsyncShutdown.sys.mjs:576:16

WARNING: A blocker encountered an error while we were waiting.
          Blocker:  TelemetryController: shutting down
          Phase: profile-before-change-telemetry
          State: Error getting state: Error: Phase "profile-before-change" is finished, it is too late to register completion condition "OS.File: flush I/O queued before profileBeforeChange" at addBlocker@resource://gre/modules/AsyncShutdown.sys.mjs:727:15
addBlocker@resource://gre/modules/AsyncShutdown.sys.mjs:523:26
addBlocker@resource://gre/modules/AsyncShutdown.sys.mjs:458:15
setupShutdown@resource://gre/modules/osfile/osfile_async_front.jsm:1548:28
@resource://gre/modules/osfile/osfile_async_front.jsm:1568:16
@resource://gre/modules/osfile.jsm:12:30
@resource://gre/modules/TelemetryStorage.sys.mjs:10:28
_checkPendingPings@resource://gre/modules/TelemetrySend.sys.mjs:859:17
setup@resource://gre/modules/TelemetrySend.sys.mjs:799:18
setup@resource://gre/modules/TelemetrySend.sys.mjs:237:30
setupTelemetry/this._delayedInitTask<@resource://gre/modules/TelemetryControllerParent.sys.mjs:824:36
observe@resource://gre/modules/AsyncShutdown.sys.mjs:576:16

WARNING: Error: Phase "profile-before-change" is finished, it is too late to register completion condition "OS.File: flush I/O queued before profileBeforeChange"
WARNING: addBlocker@resource://gre/modules/AsyncShutdown.sys.mjs:727:15
addBlocker@resource://gre/modules/AsyncShutdown.sys.mjs:523:26
addBlocker@resource://gre/modules/AsyncShutdown.sys.mjs:458:15
setupShutdown@resource://gre/modules/osfile/osfile_async_front.jsm:1548:28
@resource://gre/modules/osfile/osfile_async_front.jsm:1568:16
@resource://gre/modules/osfile.jsm:12:30
@resource://gre/modules/TelemetryStorage.sys.mjs:10:28
_checkPendingPings@resource://gre/modules/TelemetrySend.sys.mjs:859:17
setup@resource://gre/modules/TelemetrySend.sys.mjs:799:18
setup@resource://gre/modules/TelemetrySend.sys.mjs:237:30
setupTelemetry/this._delayedInitTask<@resource://gre/modules/TelemetryControllerParent.sys.mjs:824:36
observe@resource://gre/modules/AsyncShutdown.sys.mjs:576:16

JavaScript error: resource://gre/modules/AsyncShutdown.sys.mjs, line 727: Error: Phase "profile-before-change" is finished, it is too late to register completion condition "OS.File: flush I/O queued before profileBeforeChange"
JavaScript error: resource://gre/modules/AsyncShutdown.sys.mjs, line 727: Error: Phase "profile-before-change" is finished, it is too late to register completion condition "OS.File: flush I/O queued before profileBeforeChange"
JavaScript error: resource://gre/modules/AsyncShutdown.sys.mjs, line 727: Error: Phase "profile-before-change" is finished, it is too late to register completion condition "OS.File: flush I/O queued before profileBeforeChange"
JavaScript error: resource://gre/modules/AsyncShutdown.sys.mjs, line 727: Error: Phase "profile-before-change" is finished, it is too late to register completion condition "OS.File: flush I/O queued before profileBeforeChange"
JavaScript error: resource://gre/modules/AsyncShutdown.sys.mjs, line 727: Error: Phase "profile-before-change" is finished, it is too late to register completion condition "OS.File: flush I/O queued before profileBeforeChange"
JavaScript error: resource://gre/modules/AsyncShutdown.sys.mjs, line 727: Error: Phase "profile-before-change" is finished, it is too late to register completion condition "OS.File: flush I/O queued before profileBeforeChange"
1684996669510	geckodriver	INFO	Listening on 127.0.0.1:12660
1684996669539	mozrunner::runner	INFO	Running command: "C:\\Program Files\\Mozilla Firefox\\firefox.exe" "--marionette" "--remote-debugging-port" "40076" "--remote ... ocalhost:40076/,http://[::1]:40076/" "-no-remote" "-profile" "C:\\Users\\LENOVO\\AppData\\Local\\Temp\\rust_mozprofileRtrebP"
console.warn: services.settings: Ignoring preference override of remote settings server
console.warn: services.settings: Allow by setting MOZ_REMOTE_SETTINGS_DEVTOOLS=1 in the environment
1684996670202	Marionette	INFO	Marionette enabled
Dynamically enable window occlusion 0
1684996670209	Marionette	INFO	Listening on port 61968
Read port: 61968
WebDriver BiDi listening on ws://127.0.0.1:40076
1684996670471	RemoteAgent	WARN	TLS certificate errors will be ignored for this session
[ERROR glean_core] Error setting metrics feature config: Json(Error("EOF while parsing a value", line: 1, column: 0))
DevTools listening on ws://127.0.0.1:40076/devtools/browser/a819103a-c350-45da-967f-ef83aac3840d
JavaScript error: resource://gre/modules/XULStore.sys.mjs, line 58: Error: Can't find profile directory.
JavaScript error: resource://gre/modules/XULStore.sys.mjs, line 58: Error: Can't find profile directory.
]]></system-err>
  </testcase>
  <testcase name="addToCartFromHomePage[org.selenium.pom.objects.Product@133c469f](5)" classname="org.selenium.pom.tests.AddToCartTest" time="5.283">
    <system-out><![CDATA[CURRENT THREAD 21 , DRIVER = FirefoxDriver: firefox on WINDOWS (adc548e3-c1d1-4e08-9060-b43d3a9f89be)
CURRENT THREAD 21 , DRIVER = FirefoxDriver: firefox on WINDOWS (17f458d6-63f9-46bc-ba3f-3eed7aaaf12e)
]]></system-out>
    <system-err><![CDATA[1684996678713	RemoteAgent	INFO	Perform WebSocket upgrade for incoming connection from 127.0.0.1:61995
1684996678718	CDP	WARN	Invalid browser preferences for CDP. Set "fission.webContentIsolationStrategy"to 0 and "fission.bfcacheInParent" to false before Firefox starts.
1684996678729	Marionette	INFO	Stopped listening on port 61968
[Child 14048, Main Thread] WARNING: JSWindowActorChild::SendRawMessage (Conduits, ConduitClosed) not sent: !CanSend() || !mManager || !mManager->CanSend(): file /builds/worker/checkouts/gecko/dom/ipc/jsactor/JSWindowActorChild.cpp:57
[Child 14048, Main Thread] WARNING: JSWindowActorChild::SendRawMessage (Conduits, ConduitClosed) not sent: !CanSend() || !mManager || !mManager->CanSend(): file /builds/worker/checkouts/gecko/dom/ipc/jsactor/JSWindowActorChild.cpp:57
[Child 14048, Main Thread] WARNING: JSWindowActorChild::SendRawMessage (Conduits, ConduitClosed) not sent: !CanSend() || !mManager || !mManager->CanSend(): file /builds/worker/checkouts/gecko/dom/ipc/jsactor/JSWindowActorChild.cpp:57
[Child 14048, Main Thread] WARNING: JSWindowActorChild::SendRawMessage (Conduits, ConduitClosed) not sent: !CanSend() || !mManager || !mManager->CanSend(): file /builds/worker/checkouts/gecko/dom/ipc/jsactor/JSWindowActorChild.cpp:57
[Child 14048, Main Thread] WARNING: JSWindowActorChild::SendRawMessage (Conduits, ConduitClosed) not sent: !CanSend() || !mManager || !mManager->CanSend(): file /builds/worker/checkouts/gecko/dom/ipc/jsactor/JSWindowActorChild.cpp:57
[Child 14048, Main Thread] WARNING: JSWindowActorChild::SendRawMessage (Conduits, ConduitClosed) not sent: !CanSend() || !mManager || !mManager->CanSend(): file /builds/worker/checkouts/gecko/dom/ipc/jsactor/JSWindowActorChild.cpp:57
[Child 14048, Main Thread] WARNING: JSWindowActorChild::SendRawMessage (Conduits, ConduitClosed) not sent: !CanSend() || !mManager || !mManager->CanSend(): file /builds/worker/checkouts/gecko/dom/ipc/jsactor/JSWindowActorChild.cpp:57
[Child 14048, Main Thread] WARNING: JSWindowActorChild::SendRawMessage (Conduits, ConduitClosed) not sent: !CanSend() || !mManager || !mManager->CanSend(): file /builds/worker/checkouts/gecko/dom/ipc/jsactor/JSWindowActorChild.cpp:57
Dynamically enable window occlusion 1
!!! error running onStopped callback: TypeError: callback is not a function
WARNING: A blocker encountered an error while we were waiting.
          Blocker:  Waiting for ping task
          Phase: TelemetryController: Waiting for pending ping activity
          State: (none)
WARNING: Error: Phase "profile-before-change" is finished, it is too late to register completion condition "OS.File: flush I/O queued before profileBeforeChange"
WARNING: addBlocker@resource://gre/modules/AsyncShutdown.sys.mjs:727:15
addBlocker@resource://gre/modules/AsyncShutdown.sys.mjs:523:26
addBlocker@resource://gre/modules/AsyncShutdown.sys.mjs:458:15
setupShutdown@resource://gre/modules/osfile/osfile_async_front.jsm:1548:28
@resource://gre/modules/osfile/osfile_async_front.jsm:1568:16
@resource://gre/modules/osfile.jsm:12:30
@resource://gre/modules/TelemetryStorage.sys.mjs:10:28
_checkPendingPings@resource://gre/modules/TelemetrySend.sys.mjs:859:17
setup@resource://gre/modules/TelemetrySend.sys.mjs:799:18
setup@resource://gre/modules/TelemetrySend.sys.mjs:237:30
setupTelemetry/this._delayedInitTask<@resource://gre/modules/TelemetryControllerParent.sys.mjs:824:36
observe@resource://gre/modules/AsyncShutdown.sys.mjs:576:16

console.error: "TelemetryScheduler.shutdown - Already shut down"
WARNING: A blocker encountered an error while we were waiting.
          Blocker:  Waiting for ping task
          Phase: TelemetryController: Waiting for pending ping activity
          State: (none)
WARNING: Error: Phase "profile-before-change" is finished, it is too late to register completion condition "OS.File: flush I/O queued before profileBeforeChange"
WARNING: addBlocker@resource://gre/modules/AsyncShutdown.sys.mjs:727:15
addBlocker@resource://gre/modules/AsyncShutdown.sys.mjs:523:26
addBlocker@resource://gre/modules/AsyncShutdown.sys.mjs:458:15
setupShutdown@resource://gre/modules/osfile/osfile_async_front.jsm:1548:28
@resource://gre/modules/osfile/osfile_async_front.jsm:1568:16
@resource://gre/modules/osfile.jsm:12:30
@resource://gre/modules/TelemetryStorage.sys.mjs:10:28
_checkPendingPings@resource://gre/modules/TelemetrySend.sys.mjs:859:17
setup@resource://gre/modules/TelemetrySend.sys.mjs:799:18
setup@resource://gre/modules/TelemetrySend.sys.mjs:237:30
setupTelemetry/this._delayedInitTask<@resource://gre/modules/TelemetryControllerParent.sys.mjs:824:36
observe@resource://gre/modules/AsyncShutdown.sys.mjs:576:16

WARNING: A blocker encountered an error while we were waiting.
          Blocker:  Waiting for ping task
          Phase: TelemetryController: Waiting for pending ping activity
          State: (none)
WARNING: Error: Phase "profile-before-change" is finished, it is too late to register completion condition "OS.File: flush I/O queued before profileBeforeChange"
WARNING: addBlocker@resource://gre/modules/AsyncShutdown.sys.mjs:727:15
addBlocker@resource://gre/modules/AsyncShutdown.sys.mjs:523:26
addBlocker@resource://gre/modules/AsyncShutdown.sys.mjs:458:15
setupShutdown@resource://gre/modules/osfile/osfile_async_front.jsm:1548:28
@resource://gre/modules/osfile/osfile_async_front.jsm:1568:16
@resource://gre/modules/osfile.jsm:12:30
@resource://gre/modules/TelemetryStorage.sys.mjs:10:28
_checkPendingPings@resource://gre/modules/TelemetrySend.sys.mjs:859:17
setup@resource://gre/modules/TelemetrySend.sys.mjs:799:18
setup@resource://gre/modules/TelemetrySend.sys.mjs:237:30
setupTelemetry/this._delayedInitTask<@resource://gre/modules/TelemetryControllerParent.sys.mjs:824:36
observe@resource://gre/modules/AsyncShutdown.sys.mjs:576:16

WARNING: A blocker encountered an error while we were waiting.
          Blocker:  TelemetryController: shutting down
          Phase: profile-before-change-telemetry
          State: Error getting state: Error: Phase "profile-before-change" is finished, it is too late to register completion condition "OS.File: flush I/O queued before profileBeforeChange" at addBlocker@resource://gre/modules/AsyncShutdown.sys.mjs:727:15
addBlocker@resource://gre/modules/AsyncShutdown.sys.mjs:523:26
addBlocker@resource://gre/modules/AsyncShutdown.sys.mjs:458:15
setupShutdown@resource://gre/modules/osfile/osfile_async_front.jsm:1548:28
@resource://gre/modules/osfile/osfile_async_front.jsm:1568:16
@resource://gre/modules/osfile.jsm:12:30
@resource://gre/modules/TelemetryStorage.sys.mjs:10:28
_checkPendingPings@resource://gre/modules/TelemetrySend.sys.mjs:859:17
setup@resource://gre/modules/TelemetrySend.sys.mjs:799:18
setup@resource://gre/modules/TelemetrySend.sys.mjs:237:30
setupTelemetry/this._delayedInitTask<@resource://gre/modules/TelemetryControllerParent.sys.mjs:824:36
observe@resource://gre/modules/AsyncShutdown.sys.mjs:576:16

WARNING: Error: Phase "profile-before-change" is finished, it is too late to register completion condition "OS.File: flush I/O queued before profileBeforeChange"
WARNING: addBlocker@resource://gre/modules/AsyncShutdown.sys.mjs:727:15
addBlocker@resource://gre/modules/AsyncShutdown.sys.mjs:523:26
addBlocker@resource://gre/modules/AsyncShutdown.sys.mjs:458:15
setupShutdown@resource://gre/modules/osfile/osfile_async_front.jsm:1548:28
@resource://gre/modules/osfile/osfile_async_front.jsm:1568:16
@resource://gre/modules/osfile.jsm:12:30
@resource://gre/modules/TelemetryStorage.sys.mjs:10:28
_checkPendingPings@resource://gre/modules/TelemetrySend.sys.mjs:859:17
setup@resource://gre/modules/TelemetrySend.sys.mjs:799:18
setup@resource://gre/modules/TelemetrySend.sys.mjs:237:30
setupTelemetry/this._delayedInitTask<@resource://gre/modules/TelemetryControllerParent.sys.mjs:824:36
observe@resource://gre/modules/AsyncShutdown.sys.mjs:576:16

JavaScript error: resource://gre/modules/AsyncShutdown.sys.mjs, line 727: Error: Phase "profile-before-change" is finished, it is too late to register completion condition "OS.File: flush I/O queued before profileBeforeChange"
JavaScript error: resource://gre/modules/AsyncShutdown.sys.mjs, line 727: Error: Phase "profile-before-change" is finished, it is too late to register completion condition "OS.File: flush I/O queued before profileBeforeChange"
JavaScript error: resource://gre/modules/AsyncShutdown.sys.mjs, line 727: Error: Phase "profile-before-change" is finished, it is too late to register completion condition "OS.File: flush I/O queued before profileBeforeChange"
JavaScript error: resource://gre/modules/AsyncShutdown.sys.mjs, line 727: Error: Phase "profile-before-change" is finished, it is too late to register completion condition "OS.File: flush I/O queued before profileBeforeChange"
JavaScript error: resource://gre/modules/AsyncShutdown.sys.mjs, line 727: Error: Phase "profile-before-change" is finished, it is too late to register completion condition "OS.File: flush I/O queued before profileBeforeChange"
JavaScript error: resource://gre/modules/AsyncShutdown.sys.mjs, line 727: Error: Phase "profile-before-change" is finished, it is too late to register completion condition "OS.File: flush I/O queued before profileBeforeChange"
1684996681550	geckodriver	INFO	Listening on 127.0.0.1:23389
1684996681569	mozrunner::runner	INFO	Running command: "C:\\Program Files\\Mozilla Firefox\\firefox.exe" "--marionette" "--remote-debugging-port" "4649" "--remote- ... /localhost:4649/,http://[::1]:4649/" "-no-remote" "-profile" "C:\\Users\\LENOVO\\AppData\\Local\\Temp\\rust_mozprofileKG7eb8"
console.warn: services.settings: Ignoring preference override of remote settings server
console.warn: services.settings: Allow by setting MOZ_REMOTE_SETTINGS_DEVTOOLS=1 in the environment
1684996682107	Marionette	INFO	Marionette enabled
Dynamically enable window occlusion 0
1684996682115	Marionette	INFO	Listening on port 62035
Read port: 62035
WebDriver BiDi listening on ws://127.0.0.1:4649
1684996682423	RemoteAgent	WARN	TLS certificate errors will be ignored for this session
[ERROR glean_core] Error setting metrics feature config: Json(Error("EOF while parsing a value", line: 1, column: 0))
DevTools listening on ws://127.0.0.1:4649/devtools/browser/abc7d62b-2757-441e-b91c-e08d691a89a9
JavaScript error: resource://gre/modules/XULStore.sys.mjs, line 58: Error: Can't find profile directory.
JavaScript error: resource://gre/modules/XULStore.sys.mjs, line 58: Error: Can't find profile directory.
]]></system-err>
  </testcase>
  <testcase name="addToCartFromStorePage" classname="org.selenium.pom.tests.AddToCartTest" time="9.5">
    <system-out><![CDATA[CURRENT THREAD 21 , DRIVER = FirefoxDriver: firefox on WINDOWS (17f458d6-63f9-46bc-ba3f-3eed7aaaf12e)
CURRENT THREAD 21 , DRIVER = FirefoxDriver: firefox on WINDOWS (400a3969-17d8-49ef-812c-af7feef8f4be)
]]></system-out>
    <system-err><![CDATA[1684996691132	RemoteAgent	INFO	Perform WebSocket upgrade for incoming connection from 127.0.0.1:62061
1684996691137	CDP	WARN	Invalid browser preferences for CDP. Set "fission.webContentIsolationStrategy"to 0 and "fission.bfcacheInParent" to false before Firefox starts.
1684996691145	Marionette	INFO	Stopped listening on port 62035
[Child 12468, Main Thread] WARNING: JSWindowActorChild::SendRawMessage (Conduits, ConduitClosed) not sent: !CanSend() || !mManager || !mManager->CanSend(): file /builds/worker/checkouts/gecko/dom/ipc/jsactor/JSWindowActorChild.cpp:57
[Child 12468, Main Thread] WARNING: JSWindowActorChild::SendRawMessage (Conduits, ConduitClosed) not sent: !CanSend() || !mManager || !mManager->CanSend(): file /builds/worker/checkouts/gecko/dom/ipc/jsactor/JSWindowActorChild.cpp:57
[Child 12468, Main Thread] WARNING: JSWindowActorChild::SendRawMessage (Conduits, ConduitClosed) not sent: !CanSend() || !mManager || !mManager->CanSend(): file /builds/worker/checkouts/gecko/dom/ipc/jsactor/JSWindowActorChild.cpp:57
[Child 12468, Main Thread] WARNING: JSWindowActorChild::SendRawMessage (Conduits, ConduitClosed) not sent: !CanSend() || !mManager || !mManager->CanSend(): file /builds/worker/checkouts/gecko/dom/ipc/jsactor/JSWindowActorChild.cpp:57
[Child 12468, Main Thread] WARNING: JSWindowActorChild::SendRawMessage (Conduits, ConduitClosed) not sent: !CanSend() || !mManager || !mManager->CanSend(): file /builds/worker/checkouts/gecko/dom/ipc/jsactor/JSWindowActorChild.cpp:57
[Child 12468, Main Thread] WARNING: JSWindowActorChild::SendRawMessage (Conduits, ConduitClosed) not sent: !CanSend() || !mManager || !mManager->CanSend(): file /builds/worker/checkouts/gecko/dom/ipc/jsactor/JSWindowActorChild.cpp:57
[Child 12468, Main Thread] WARNING: JSWindowActorChild::SendRawMessage (Conduits, ConduitClosed) not sent: !CanSend() || !mManager || !mManager->CanSend(): file /builds/worker/checkouts/gecko/dom/ipc/jsactor/JSWindowActorChild.cpp:57
[Child 12468, Main Thread] WARNING: JSWindowActorChild::SendRawMessage (Conduits, ConduitClosed) not sent: !CanSend() || !mManager || !mManager->CanSend(): file /builds/worker/checkouts/gecko/dom/ipc/jsactor/JSWindowActorChild.cpp:57
Dynamically enable window occlusion 1
!!! error running onStopped callback: TypeError: callback is not a function
WARNING: A blocker encountered an error while we were waiting.
          Blocker:  Waiting for ping task
          Phase: TelemetryController: Waiting for pending ping activity
          State: (none)
WARNING: Error: Phase "profile-before-change" is finished, it is too late to register completion condition "OS.File: flush I/O queued before profileBeforeChange"
WARNING: addBlocker@resource://gre/modules/AsyncShutdown.sys.mjs:727:15
addBlocker@resource://gre/modules/AsyncShutdown.sys.mjs:523:26
addBlocker@resource://gre/modules/AsyncShutdown.sys.mjs:458:15
setupShutdown@resource://gre/modules/osfile/osfile_async_front.jsm:1548:28
@resource://gre/modules/osfile/osfile_async_front.jsm:1568:16
@resource://gre/modules/osfile.jsm:12:30
@resource://gre/modules/TelemetryStorage.sys.mjs:10:28
_checkPendingPings@resource://gre/modules/TelemetrySend.sys.mjs:859:17
setup@resource://gre/modules/TelemetrySend.sys.mjs:799:18
setup@resource://gre/modules/TelemetrySend.sys.mjs:237:30
setupTelemetry/this._delayedInitTask<@resource://gre/modules/TelemetryControllerParent.sys.mjs:824:36
observe@resource://gre/modules/AsyncShutdown.sys.mjs:576:16

console.error: "TelemetryScheduler.shutdown - Already shut down"
WARNING: A blocker encountered an error while we were waiting.
          Blocker:  Waiting for ping task
          Phase: TelemetryController: Waiting for pending ping activity
          State: (none)
WARNING: Error: Phase "profile-before-change" is finished, it is too late to register completion condition "OS.File: flush I/O queued before profileBeforeChange"
WARNING: addBlocker@resource://gre/modules/AsyncShutdown.sys.mjs:727:15
addBlocker@resource://gre/modules/AsyncShutdown.sys.mjs:523:26
addBlocker@resource://gre/modules/AsyncShutdown.sys.mjs:458:15
setupShutdown@resource://gre/modules/osfile/osfile_async_front.jsm:1548:28
@resource://gre/modules/osfile/osfile_async_front.jsm:1568:16
@resource://gre/modules/osfile.jsm:12:30
@resource://gre/modules/TelemetryStorage.sys.mjs:10:28
_checkPendingPings@resource://gre/modules/TelemetrySend.sys.mjs:859:17
setup@resource://gre/modules/TelemetrySend.sys.mjs:799:18
setup@resource://gre/modules/TelemetrySend.sys.mjs:237:30
setupTelemetry/this._delayedInitTask<@resource://gre/modules/TelemetryControllerParent.sys.mjs:824:36
observe@resource://gre/modules/AsyncShutdown.sys.mjs:576:16

WARNING: A blocker encountered an error while we were waiting.
          Blocker:  Waiting for ping task
          Phase: TelemetryController: Waiting for pending ping activity
          State: (none)
WARNING: Error: Phase "profile-before-change" is finished, it is too late to register completion condition "OS.File: flush I/O queued before profileBeforeChange"
WARNING: addBlocker@resource://gre/modules/AsyncShutdown.sys.mjs:727:15
addBlocker@resource://gre/modules/AsyncShutdown.sys.mjs:523:26
addBlocker@resource://gre/modules/AsyncShutdown.sys.mjs:458:15
setupShutdown@resource://gre/modules/osfile/osfile_async_front.jsm:1548:28
@resource://gre/modules/osfile/osfile_async_front.jsm:1568:16
@resource://gre/modules/osfile.jsm:12:30
@resource://gre/modules/TelemetryStorage.sys.mjs:10:28
_checkPendingPings@resource://gre/modules/TelemetrySend.sys.mjs:859:17
setup@resource://gre/modules/TelemetrySend.sys.mjs:799:18
setup@resource://gre/modules/TelemetrySend.sys.mjs:237:30
setupTelemetry/this._delayedInitTask<@resource://gre/modules/TelemetryControllerParent.sys.mjs:824:36
observe@resource://gre/modules/AsyncShutdown.sys.mjs:576:16

WARNING: A blocker encountered an error while we were waiting.
          Blocker:  TelemetryController: shutting down
          Phase: profile-before-change-telemetry
          State: Error getting state: Error: Phase "profile-before-change" is finished, it is too late to register completion condition "OS.File: flush I/O queued before profileBeforeChange" at addBlocker@resource://gre/modules/AsyncShutdown.sys.mjs:727:15
addBlocker@resource://gre/modules/AsyncShutdown.sys.mjs:523:26
addBlocker@resource://gre/modules/AsyncShutdown.sys.mjs:458:15
setupShutdown@resource://gre/modules/osfile/osfile_async_front.jsm:1548:28
@resource://gre/modules/osfile/osfile_async_front.jsm:1568:16
@resource://gre/modules/osfile.jsm:12:30
@resource://gre/modules/TelemetryStorage.sys.mjs:10:28
_checkPendingPings@resource://gre/modules/TelemetrySend.sys.mjs:859:17
setup@resource://gre/modules/TelemetrySend.sys.mjs:799:18
setup@resource://gre/modules/TelemetrySend.sys.mjs:237:30
setupTelemetry/this._delayedInitTask<@resource://gre/modules/TelemetryControllerParent.sys.mjs:824:36
observe@resource://gre/modules/AsyncShutdown.sys.mjs:576:16

WARNING: Error: Phase "profile-before-change" is finished, it is too late to register completion condition "OS.File: flush I/O queued before profileBeforeChange"
WARNING: addBlocker@resource://gre/modules/AsyncShutdown.sys.mjs:727:15
addBlocker@resource://gre/modules/AsyncShutdown.sys.mjs:523:26
addBlocker@resource://gre/modules/AsyncShutdown.sys.mjs:458:15
setupShutdown@resource://gre/modules/osfile/osfile_async_front.jsm:1548:28
@resource://gre/modules/osfile/osfile_async_front.jsm:1568:16
@resource://gre/modules/osfile.jsm:12:30
@resource://gre/modules/TelemetryStorage.sys.mjs:10:28
_checkPendingPings@resource://gre/modules/TelemetrySend.sys.mjs:859:17
setup@resource://gre/modules/TelemetrySend.sys.mjs:799:18
setup@resource://gre/modules/TelemetrySend.sys.mjs:237:30
setupTelemetry/this._delayedInitTask<@resource://gre/modules/TelemetryControllerParent.sys.mjs:824:36
observe@resource://gre/modules/AsyncShutdown.sys.mjs:576:16

JavaScript error: resource://gre/modules/AsyncShutdown.sys.mjs, line 727: Error: Phase "profile-before-change" is finished, it is too late to register completion condition "OS.File: flush I/O queued before profileBeforeChange"
JavaScript error: resource://gre/modules/AsyncShutdown.sys.mjs, line 727: Error: Phase "profile-before-change" is finished, it is too late to register completion condition "OS.File: flush I/O queued before profileBeforeChange"
JavaScript error: resource://gre/modules/AsyncShutdown.sys.mjs, line 727: Error: Phase "profile-before-change" is finished, it is too late to register completion condition "OS.File: flush I/O queued before profileBeforeChange"
JavaScript error: resource://gre/modules/AsyncShutdown.sys.mjs, line 727: Error: Phase "profile-before-change" is finished, it is too late to register completion condition "OS.File: flush I/O queued before profileBeforeChange"
JavaScript error: resource://gre/modules/AsyncShutdown.sys.mjs, line 727: Error: Phase "profile-before-change" is finished, it is too late to register completion condition "OS.File: flush I/O queued before profileBeforeChange"
JavaScript error: resource://gre/modules/AsyncShutdown.sys.mjs, line 727: Error: Phase "profile-before-change" is finished, it is too late to register completion condition "OS.File: flush I/O queued before profileBeforeChange"
1684996693588	geckodriver	INFO	Listening on 127.0.0.1:3021
1684996693610	mozrunner::runner	INFO	Running command: "C:\\Program Files\\Mozilla Firefox\\firefox.exe" "--marionette" "--remote-debugging-port" "1213" "--remote- ... /localhost:1213/,http://[::1]:1213/" "-no-remote" "-profile" "C:\\Users\\LENOVO\\AppData\\Local\\Temp\\rust_mozprofile7YfYmb"
console.warn: services.settings: Ignoring preference override of remote settings server
console.warn: services.settings: Allow by setting MOZ_REMOTE_SETTINGS_DEVTOOLS=1 in the environment
1684996694168	Marionette	INFO	Marionette enabled
Dynamically enable window occlusion 0
1684996694179	Marionette	INFO	Listening on port 62066
Read port: 62066
WebDriver BiDi listening on ws://127.0.0.1:1213
1684996694484	RemoteAgent	WARN	TLS certificate errors will be ignored for this session
[ERROR glean_core] Error setting metrics feature config: Json(Error("EOF while parsing a value", line: 1, column: 0))
DevTools listening on ws://127.0.0.1:1213/devtools/browser/3aac5f84-06f6-497f-bc39-70d8207d7a52
JavaScript error: resource://gre/modules/XULStore.sys.mjs, line 58: Error: Can't find profile directory.
JavaScript error: resource://gre/modules/XULStore.sys.mjs, line 58: Error: Can't find profile directory.
]]></system-err>
  </testcase>
  <testcase name="CheckoutWithAnAccountHavingABillingAddress" classname="org.selenium.pom.tests.CheckoutTest" time="24.612">
    <system-out><![CDATA[CURRENT THREAD 21 , DRIVER = FirefoxDriver: firefox on WINDOWS (400a3969-17d8-49ef-812c-af7feef8f4be)
CURRENT THREAD 21 , DRIVER = FirefoxDriver: firefox on WINDOWS (ebb096b0-ab99-423e-ab34-20fb97983264)
Request method:	GET
Request URI:	https://askomdch.com/account
Proxy:			<none>
Request params:	<none>
Query params:	<none>
Form params:	<none>
Path params:	<none>
Headers:		Accept=*/*
Cookies:		<none>
Multiparts:		<none>
Body:			<none>
HTTP/1.1 200 OK
Date: Thu, 25 May 2023 06:38:40 GMT
Content-Type: text/html; charset=UTF-8
Transfer-Encoding: chunked
Connection: keep-alive
vary: Accept-Encoding
expires: Wed, 11 Jan 1984 05:00:00 GMT
Cache-Control: no-cache, must-revalidate, max-age=0
x-frame-options: SAMEORIGIN
x-frame-options: SAMEORIGIN
strict-transport-security: max-age=63072000
x-content-type-options: nosniff
x-xss-protection: 1; mode=block
CF-Cache-Status: DYNAMIC
Report-To: {"endpoints":[{"url":"https:\/\/a.nel.cloudflare.com\/report\/v3?s=yplKLuoUYZPF6o4d9sqHLNf1IKndKhzi09M%2BopK487hThirwOGh8yqlEytuzXwfOV2nfAOwDUtu07mdEuT9EBbsjJ56Hvbw3Lzdg4J2E7Jesda2kSz1Blk%2F60equviM%3D"}],"group":"cf-nel","max_age":604800}
NEL: {"success_fraction":0,"report_to":"cf-nel","max_age":604800}
Server: cloudflare
CF-RAY: 7ccbc6db7968f31f-BOM
Content-Encoding: gzip
alt-svc: h3=":443"; ma=86400, h3-29=":443"; ma=86400

<html lang="en-US">
  <head>
    <meta charset="UTF-8"/>
    <meta name="viewport" content="width=device-width, initial-scale=1"/>
    <link rel="profile" href="https://gmpg.org/xfn/11"/>
    <title>Account – AskOmDch</title>
    <meta name="robots" content="max-image-preview:large, noindex, follow"/>
    <link id="astra-theme-css-css" rel="stylesheet" href="https://askomdch.com/wp-content/themes/astra/assets/css/minified/frontend.min.css?ver=3.7.5" media="all"/>
    <style id="astra-theme-css-inline-css">
html{font-size:93.75%;}a,.page-title{color:#4e4e4e;}a:hover,a:focus{color:#0084d6;}body,button,input,select,textarea,.ast-button,.ast-custom-button{font-family:'Lato',sans-serif;font-weight:400;font-size:15px;font-size:1rem;}blockquote{color:#000000;}h1,.entry-content h1,.entry-content h1 a,h2,.entry-content h2,.entry-content h2 a,h3,.entry-content h3,.entry-content h3 a,h4,.entry-content h4,.entry-content h4 a,h5,.entry-content h5,.entry-content h5 a,h6,.entry-content h6,.entry-content h6 a,.site-title,.site-title a{font-family:'Lato',sans-serif;font-weight:700;}.site-title{font-size:35px;font-size:2.3333333333333rem;display:block;}header .custom-logo-link img{max-width:140px;}.astra-logo-svg{width:140px;}.ast-archive-description .ast-archive-title{font-size:40px;font-size:2.6666666666667rem;}.site-header .site-description{font-size:15px;font-size:1rem;display:none;}.entry-title{font-size:30px;font-size:2rem;}h1,.entry-content h1,.entry-content h1 a{font-size:58px;font-size:3.8666666666667rem;font-family:'Lato',sans-serif;}h2,.entry-content h2,.entry-content h2 a{font-size:42px;font-size:2.8rem;font-family:'Lato',sans-serif;}h3,.entry-content h3,.entry-content h3 a{font-size:30px;font-size:2rem;font-family:'Lato',sans-serif;}h4,.entry-content h4,.entry-content h4 a{font-size:20px;font-size:1.3333333333333rem;font-family:'Lato',sans-serif;}h5,.entry-content h5,.entry-content h5 a{font-size:18px;font-size:1.2rem;font-family:'Lato',sans-serif;}h6,.entry-content h6,.entry-content h6 a{font-size:15px;font-size:1rem;font-family:'Lato',sans-serif;}.ast-single-post .entry-title,.page-title{font-size:30px;font-size:2rem;}::selection{background-color:#54595f;color:#ffffff;}body,h1,.entry-title a,.entry-content h1,.entry-content h1 a,h2,.entry-content h2,.entry-content h2 a,h3,.entry-content h3,.entry-content h3 a,h4,.entry-content h4,.entry-content h4 a,h5,.entry-content h5,.entry-content h5 a,h6,.entry-content h6,.entry-content h6 a{color:#333333;}.tagcloud a:hover,.tagcloud a:focus,.tagcloud a.current-item{color:#ffffff;border-color:#4e4e4e;background-color:#4e4e4e;}input:focus,input[type="text"]:focus,input[type="email"]:focus,input[type="url"]:focus,input[type="password"]:focus,input[type="reset"]:focus,input[type="search"]:focus,textarea:focus{border-color:#4e4e4e;}input[type="radio"]:checked,input[type=reset],input[type="checkbox"]:checked,input[type="checkbox"]:hover:checked,input[type="checkbox"]:focus:checked,input[type=range]::-webkit-slider-thumb{border-color:#4e4e4e;background-color:#4e4e4e;box-shadow:none;}.site-footer a:hover + .post-count,.site-footer a:focus + .post-count{background:#4e4e4e;border-color:#4e4e4e;}.single .nav-links .nav-previous,.single .nav-links .nav-next{color:#4e4e4e;}.entry-meta,.entry-meta *{line-height:1.45;color:#4e4e4e;}.entry-meta a:hover,.entry-meta a:hover *,.entry-meta a:focus,.entry-meta a:focus *,.page-links &gt; .page-link,.page-links .page-link:hover,.post-navigation a:hover{color:#0084d6;}#cat option,.secondary .calendar_wrap thead a,.secondary .calendar_wrap thead a:visited{color:#4e4e4e;}.secondary .calendar_wrap #today,.ast-progress-val span{background:#4e4e4e;}.secondary a:hover + .post-count,.secondary a:focus + .post-count{background:#4e4e4e;border-color:#4e4e4e;}.calendar_wrap #today &gt; a{color:#ffffff;}.page-links .page-link,.single .post-navigation a{color:#4e4e4e;}.widget-title{font-size:21px;font-size:1.4rem;color:#333333;}@media (max-width:921px){#ast-desktop-header{display:none;}}@media (min-width:921px){#ast-mobile-header{display:none;}}.ast-site-header-cart .cart-container,.ast-edd-site-header-cart .ast-edd-cart-container {transition: all 0.2s linear;}.ast-site-header-cart .ast-woo-header-cart-info-wrap,.ast-edd-site-header-cart .ast-edd-header-cart-info-wrap {padding: 0 2px;font-weight: 600;line-height: 2.7;display: inline-block;}.ast-site-header-cart i.astra-icon {font-size: 20px;font-size: 1.3em;font-style: normal;font-weight: normal;position: relative;padding: 0 2px;}.ast-site-header-cart i.astra-icon.no-cart-total:after,.ast-header-break-point.ast-header-custom-item-outside .ast-edd-header-cart-info-wrap,.ast-header-break-point.ast-header-custom-item-outside .ast-woo-header-cart-info-wrap {display: none;}.ast-site-header-cart.ast-menu-cart-fill i.astra-icon,.ast-edd-site-header-cart.ast-edd-menu-cart-fill span.astra-icon {font-size: 1.1em;}.astra-cart-drawer {position: fixed;display: block;visibility: hidden;overflow: auto;-webkit-overflow-scrolling: touch;z-index: 9999;background-color: #fff;transition: all 0.5s ease;transform: translate3d(0,0,0);}.astra-cart-drawer.open-right {width: 80%;height: 100%;left: 100%;top: 0px;transform: translate3d(0%,0,0);}.astra-cart-drawer.active {transform: translate3d(-100%,0,0);visibility: visible;}.astra-cart-drawer .astra-cart-drawer-header {text-align: center;text-transform: uppercase;font-weight: 400;border-bottom: 1px solid #f0f0f0;padding: 0 0 0.675rem;}.astra-cart-drawer .astra-cart-drawer-close .ast-close-svg {width: 22px;height: 22px; }.astra-cart-drawer .astra-cart-drawer-title {padding-top: 5px;}.astra-cart-drawer .astra-cart-drawer-content .woocommerce-mini-cart {padding: 1em 1.5em;}.astra-cart-drawer .astra-cart-drawer-content .woocommerce-mini-cart a.remove {width: 20px;height: 20px;line-height: 16px;}.astra-cart-drawer .astra-cart-drawer-content .woocommerce-mini-cart__total {padding: 1em 1.5em;margin: 0;text-align: center;}.astra-cart-drawer .astra-cart-drawer-content .woocommerce-mini-cart__buttons {padding: 10px;text-align: center;} .astra-cart-drawer .astra-cart-drawer-content .woocommerce-mini-cart__buttons .button.checkout {margin-right: 0;}.astra-cart-drawer .astra-cart-drawer-content .edd-cart-item {padding: .5em 2.6em .5em 1.5em;}.astra-cart-drawer .astra-cart-drawer-content .edd-cart-item .edd-remove-from-cart::after {width: 20px;height: 20px;line-height: 16px;}.astra-cart-drawer .astra-cart-drawer-content .edd-cart-number-of-items {padding: 1em 1.5em 1em 1.5em;margin-bottom: 0;text-align: center;}.astra-cart-drawer .astra-cart-drawer-content .edd_total {padding: .5em 1.5em;margin: 0;text-align: center;}.astra-cart-drawer .astra-cart-drawer-content .cart_item.edd_checkout {padding: 1em 1.5em 0;text-align: center;margin-top: 0;}.astra-cart-drawer .woocommerce-mini-cart__empty-message,.astra-cart-drawer .cart_item.empty {text-align: center;margin-top: 10px;}body.admin-bar .astra-cart-drawer {padding-top: 32px;}body.admin-bar .astra-cart-drawer .astra-cart-drawer-close {top: 32px;}@media (max-width: 782px) {body.admin-bar .astra-cart-drawer {padding-top: 46px;}body.admin-bar .astra-cart-drawer .astra-cart-drawer-close {top: 46px;}}.ast-mobile-cart-active body.ast-hfb-header {overflow: hidden;}.ast-mobile-cart-active .astra-mobile-cart-overlay {opacity: 1;cursor: pointer;visibility: visible;z-index: 999;}@media (max-width: 545px) {.astra-cart-drawer.active {width: 100%;}}.ast-site-header-cart i.astra-icon:after {content: attr(data-cart-total);position: absolute;font-style: normal;top: -10px;right: -12px;font-weight: bold;box-shadow: 1px 1px 3px 0px rgba(0,0,0,0.3);font-size: 11px;padding-left: 0px;padding-right: 2px;line-height: 17px;letter-spacing: -.5px;height: 18px;min-width: 18px;border-radius: 99px;text-align: center;z-index: 3;}li.woocommerce-custom-menu-item .ast-site-header-cart i.astra-icon:after,li.edd-custom-menu-item .ast-edd-site-header-cart span.astra-icon:after {padding-left: 2px;}.astra-cart-drawer .astra-cart-drawer-close {position: absolute;top: 0;right: 0;margin: 0;padding: .6em 1em .4em;color: #ababab;background-color: transparent;}.astra-mobile-cart-overlay {background-color: rgba(0,0,0,0.4);position: fixed;top: 0;right: 0;bottom: 0;left: 0;visibility: hidden;opacity: 0;transition: opacity 0.2s ease-in-out;}.astra-cart-drawer .astra-cart-drawer-content .edd-cart-item .edd-remove-from-cart {right: 1.2em;}.ast-header-break-point.ast-woocommerce-cart-menu.ast-hfb-header .ast-cart-menu-wrap,.ast-header-break-point.ast-hfb-header .ast-cart-menu-wrap,.ast-header-break-point .ast-edd-site-header-cart-wrap .ast-edd-cart-menu-wrap {width: 2em;height: 2em;font-size: 1.4em;line-height: 2;vertical-align: middle;text-align: right;}.ast-site-header-cart.ast-menu-cart-outline .ast-cart-menu-wrap,.ast-site-header-cart.ast-menu-cart-fill .ast-cart-menu-wrap,.ast-edd-site-header-cart.ast-edd-menu-cart-outline .ast-edd-cart-menu-wrap,.ast-edd-site-header-cart.ast-edd-menu-cart-fill .ast-edd-cart-menu-wrap {line-height: 1.8;}.ast-site-header-cart .cart-container *,.ast-edd-site-header-cart .ast-edd-cart-container * {transition: all 0s linear;}.wp-block-buttons.aligncenter{justify-content:center;}@media (min-width:1200px){.wp-block-group .has-background{padding:20px;}}@media (min-width:1200px){.ast-no-sidebar.ast-separate-container .entry-content .wp-block-group.alignwide,.ast-no-sidebar.ast-separate-container .entry-content .wp-block-cover.alignwide{margin-left:-20px;margin-right:-20px;padding-left:20px;padding-right:20px;}.ast-no-sidebar.ast-separate-container .entry-content .wp-block-cover.alignfull,.ast-no-sidebar.ast-separate-container .entry-content .wp-block-group.alignfull{margin-left:-6.67em;margin-right:-6.67em;padding-left:6.67em;padding-right:6.67em;}}@media (min-width:1200px){.wp-block-cover-image.alignwide .wp-block-cover__inner-container,.wp-block-cover.alignwide .wp-block-cover__inner-container,.wp-block-cover-image.alignfull .wp-block-cover__inner-container,.wp-block-cover.alignfull .wp-block-cover__inner-container{width:100%;}}.ast-plain-container.ast-no-sidebar #primary{margin-top:0;margin-bottom:0;}@media (max-width:921px){.ast-theme-transparent-header #primary,.ast-theme-transparent-header #secondary{padding:0;}}.wp-block-columns{margin-bottom:unset;}.wp-block-image.size-full{margin:2rem 0;}.wp-block-separator.has-background{padding:0;}.wp-block-gallery{margin-bottom:1.6em;}.wp-block-group{padding-top:4em;padding-bottom:4em;}.wp-block-group__inner-container .wp-block-columns:last-child,.wp-block-group__inner-container :last-child,.wp-block-table table{margin-bottom:0;}.blocks-gallery-grid{width:100%;}.wp-block-navigation-link__content{padding:5px 0;}.wp-block-group .wp-block-group .has-text-align-center,.wp-block-group .wp-block-column .has-text-align-center{max-width:100%;}.has-text-align-center{margin:0 auto;}@media (min-width:1200px){.wp-block-cover__inner-container,.alignwide .wp-block-group__inner-container,.alignfull .wp-block-group__inner-container{max-width:1200px;margin:0 auto;}.wp-block-group.alignnone,.wp-block-group.aligncenter,.wp-block-group.alignleft,.wp-block-group.alignright,.wp-block-group.alignwide,.wp-block-columns.alignwide{margin:2rem 0 1rem 0;}}@media (max-width:1200px){.wp-block-group{padding:3em;}.wp-block-group .wp-block-group{padding:1.5em;}.wp-block-columns,.wp-block-column{margin:1rem 0;}}@media (min-width:921px){.wp-block-columns .wp-block-group{padding:2em;}}@media (max-width:544px){.wp-block-cover-image .wp-block-cover__inner-container,.wp-block-cover .wp-block-cover__inner-container{width:unset;}.wp-block-cover,.wp-block-cover-image{padding:2em 0;}.wp-block-group,.wp-block-cover{padding:2em;}.wp-block-media-text__media img,.wp-block-media-text__media video{width:unset;max-width:100%;}.wp-block-media-text.has-background .wp-block-media-text__content{padding:1em;}}@media (max-width:921px){.ast-plain-container.ast-no-sidebar #primary{padding:0;}}@media (min-width:544px){.entry-content .wp-block-media-text.has-media-on-the-right .wp-block-media-text__content{padding:0 8% 0 0;}.entry-content .wp-block-media-text .wp-block-media-text__content{padding:0 0 0 8%;}.ast-plain-container .site-content .entry-content .has-custom-content-position.is-position-bottom-left &gt; *,.ast-plain-container .site-content .entry-content .has-custom-content-position.is-position-bottom-right &gt; *,.ast-plain-container .site-content .entry-content .has-custom-content-position.is-position-top-left &gt; *,.ast-plain-container .site-content .entry-content .has-custom-content-position.is-position-top-right &gt; *,.ast-plain-container .site-content .entry-content .has-custom-content-position.is-position-center-right &gt; *,.ast-plain-container .site-content .entry-content .has-custom-content-position.is-position-center-left &gt; *{margin:0;}}@media (max-width:544px){.entry-content .wp-block-media-text .wp-block-media-text__content{padding:8% 0;}.wp-block-media-text .wp-block-media-text__media img{width:auto;max-width:100%;}}@media (max-width:921px){.ast-separate-container .ast-article-post,.ast-separate-container .ast-article-single{padding:1.5em 2.14em;}.ast-separate-container #primary,.ast-separate-container #secondary{padding:1.5em 0;}#primary,#secondary{padding:1.5em 0;margin:0;}.ast-left-sidebar #content &gt; .ast-container{display:flex;flex-direction:column-reverse;width:100%;}.ast-author-box img.avatar{margin:20px 0 0 0;}}@media (min-width:922px){.ast-separate-container.ast-right-sidebar #primary,.ast-separate-container.ast-left-sidebar #primary{border:0;}.search-no-results.ast-separate-container #primary{margin-bottom:4em;}}.elementor-button-wrapper .elementor-button{border-style:solid;text-decoration:none;border-top-width:0;border-right-width:0;border-left-width:0;border-bottom-width:0;}body .elementor-button.elementor-size-sm,body .elementor-button.elementor-size-xs,body .elementor-button.elementor-size-md,body .elementor-button.elementor-size-lg,body .elementor-button.elementor-size-xl,body .elementor-button{border-radius:0;padding-top:17px;padding-right:30px;padding-bottom:17px;padding-left:30px;}.elementor-button-wrapper .elementor-button{border-color:#3197d6;background-color:#3197d6;}.elementor-button-wrapper .elementor-button:hover,.elementor-button-wrapper .elementor-button:focus{color:#ffffff;background-color:#0084d6;border-color:#0084d6;}.wp-block-button .wp-block-button__link ,.elementor-button-wrapper .elementor-button,.elementor-button-wrapper .elementor-button:visited{color:#ffffff;}.elementor-button-wrapper .elementor-button{font-family:inherit;font-weight:inherit;line-height:1;text-transform:uppercase;letter-spacing:1px;}body .elementor-button.elementor-size-sm,body .elementor-button.elementor-size-xs,body .elementor-button.elementor-size-md,body .elementor-button.elementor-size-lg,body .elementor-button.elementor-size-xl,body .elementor-button{font-size:15px;font-size:1rem;}.wp-block-button .wp-block-button__link:hover,.wp-block-button .wp-block-button__link:focus{color:#ffffff;background-color:#0084d6;border-color:#0084d6;}.wp-block-button .wp-block-button__link{border-style:solid;border-top-width:0;border-right-width:0;border-left-width:0;border-bottom-width:0;border-color:#3197d6;background-color:#3197d6;color:#ffffff;font-family:inherit;font-weight:inherit;line-height:1;text-transform:uppercase;letter-spacing:1px;font-size:15px;font-size:1rem;border-radius:0;}.wp-block-buttons .wp-block-button .wp-block-button__link{padding-top:17px;padding-right:30px;padding-bottom:17px;padding-left:30px;}.menu-toggle,button,.ast-button,.ast-custom-button,.button,input#submit,input[type="button"],input[type="submit"],input[type="reset"]{border-style:solid;border-top-width:0;border-right-width:0;border-left-width:0;border-bottom-width:0;color:#ffffff;border-color:#3197d6;background-color:#3197d6;border-radius:0;padding-top:17px;padding-right:30px;padding-bottom:17px;padding-left:30px;font-family:inherit;font-weight:inherit;font-size:15px;font-size:1rem;line-height:1;text-transform:uppercase;letter-spacing:1px;}button:focus,.menu-toggle:hover,button:hover,.ast-button:hover,.ast-custom-button:hover .button:hover,.ast-custom-button:hover ,input[type=reset]:hover,input[type=reset]:focus,input#submit:hover,input#submit:focus,input[type="button"]:hover,input[type="button"]:focus,input[type="submit"]:hover,input[type="submit"]:focus{color:#ffffff;background-color:#0084d6;border-color:#0084d6;}@media (min-width:544px){.ast-container{max-width:100%;}}@media (max-width:544px){.ast-separate-container .ast-article-post,.ast-separate-container .ast-article-single,.ast-separate-container .comments-title,.ast-separate-container .ast-archive-description{padding:1.5em 1em;}.ast-separate-container #content .ast-container{padding-left:0.54em;padding-right:0.54em;}.ast-separate-container .ast-comment-list li.depth-1{padding:1.5em 1em;margin-bottom:1.5em;}.ast-separate-container .ast-comment-list .bypostauthor{padding:.5em;}.ast-search-menu-icon.ast-dropdown-active .search-field{width:170px;}}@media (max-width:921px){.ast-mobile-header-stack .main-header-bar .ast-search-menu-icon{display:inline-block;}.ast-header-break-point.ast-header-custom-item-outside .ast-mobile-header-stack .main-header-bar .ast-search-icon{margin:0;}.ast-comment-avatar-wrap img{max-width:2.5em;}.ast-separate-container .ast-comment-list li.depth-1{padding:1.5em 2.14em;}.ast-separate-container .comment-respond{padding:2em 2.14em;}.ast-comment-meta{padding:0 1.8888em 1.3333em;}}body,.ast-separate-container{background-color:#f9f9f9;;}.ast-no-sidebar.ast-separate-container .entry-content .alignfull {margin-left: -6.67em;margin-right: -6.67em;width: auto;}@media (max-width: 1200px) {.ast-no-sidebar.ast-separate-container .entry-content .alignfull {margin-left: -2.4em;margin-right: -2.4em;}}@media (max-width: 768px) {.ast-no-sidebar.ast-separate-container .entry-content .alignfull {margin-left: -2.14em;margin-right: -2.14em;}}@media (max-width: 544px) {.ast-no-sidebar.ast-separate-container .entry-content .alignfull {margin-left: -1em;margin-right: -1em;}}.ast-no-sidebar.ast-separate-container .entry-content .alignwide {margin-left: -20px;margin-right: -20px;}.ast-no-sidebar.ast-separate-container .entry-content .wp-block-column .alignfull,.ast-no-sidebar.ast-separate-container .entry-content .wp-block-column .alignwide {margin-left: auto;margin-right: auto;width: 100%;}@media (max-width:921px){.site-title{display:block;}.ast-archive-description .ast-archive-title{font-size:40px;}.site-header .site-description{display:none;}.entry-title{font-size:30px;}h1,.entry-content h1,.entry-content h1 a{font-size:30px;}h2,.entry-content h2,.entry-content h2 a{font-size:25px;}h3,.entry-content h3,.entry-content h3 a{font-size:20px;}.ast-single-post .entry-title,.page-title{font-size:30px;}.astra-logo-svg{width:120px;}header .custom-logo-link img,.ast-header-break-point .site-logo-img .custom-mobile-logo-link img{max-width:120px;}}@media (max-width:544px){.site-title{display:block;}.ast-archive-description .ast-archive-title{font-size:40px;}.site-header .site-description{display:none;}.entry-title{font-size:30px;}h1,.entry-content h1,.entry-content h1 a{font-size:30px;}h2,.entry-content h2,.entry-content h2 a{font-size:25px;}h3,.entry-content h3,.entry-content h3 a{font-size:20px;}.ast-single-post .entry-title,.page-title{font-size:30px;}header .custom-logo-link img,.ast-header-break-point .site-branding img,.ast-header-break-point .custom-logo-link img{max-width:120px;}.astra-logo-svg{width:120px;}.ast-header-break-point .site-logo-img .custom-mobile-logo-link img{max-width:120px;}}@media (max-width:921px){html{font-size:85.5%;}}@media (max-width:544px){html{font-size:85.5%;}}@media (min-width:922px){.ast-container{max-width:1240px;}}@font-face {font-family: "Astra";src: url(https://askomdch.com/wp-content/themes/astra/assets/fonts/astra.woff) format("woff"),url(https://askomdch.com/wp-content/themes/astra/assets/fonts/astra.ttf) format("truetype"),url(https://askomdch.com/wp-content/themes/astra/assets/fonts/astra.svg#astra) format("svg");font-weight: normal;font-style: normal;font-display: fallback;}@media (min-width:922px){.main-header-menu .sub-menu .menu-item.ast-left-align-sub-menu:hover &gt; .sub-menu,.main-header-menu .sub-menu .menu-item.ast-left-align-sub-menu.focus &gt; .sub-menu{margin-left:-2px;}}.ast-theme-transparent-header [data-section="section-header-mobile-trigger"] .ast-button-wrap .ast-mobile-menu-trigger-minimal{background:transparent;}.footer-widget-area[data-section^="section-fb-html-"] .ast-builder-html-element{text-align:center;}.astra-icon-down_arrow::after {content: "\e900";font-family: Astra;}.astra-icon-close::after {content: "\e5cd";font-family: Astra;}.astra-icon-drag_handle::after {content: "\e25d";font-family: Astra;}.astra-icon-format_align_justify::after {content: "\e235";font-family: Astra;}.astra-icon-menu::after {content: "\e5d2";font-family: Astra;}.astra-icon-reorder::after {content: "\e8fe";font-family: Astra;}.astra-icon-search::after {content: "\e8b6";font-family: Astra;}.astra-icon-zoom_in::after {content: "\e56b";font-family: Astra;}.astra-icon-check-circle::after {content: "\e901";font-family: Astra;}.astra-icon-shopping-cart::after {content: "\f07a";font-family: Astra;}.astra-icon-shopping-bag::after {content: "\f290";font-family: Astra;}.astra-icon-shopping-basket::after {content: "\f291";font-family: Astra;}.astra-icon-circle-o::after {content: "\e903";font-family: Astra;}.astra-icon-certificate::after {content: "\e902";font-family: Astra;}blockquote {padding: 1.2em;}.ast-header-break-point .ast-mobile-header-wrap .ast-above-header-wrap .main-header-bar-navigation .inline-on-mobile .menu-item .menu-link,.ast-header-break-point .ast-mobile-header-wrap .ast-main-header-wrap .main-header-bar-navigation .inline-on-mobile .menu-item .menu-link,.ast-header-break-point .ast-mobile-header-wrap .ast-below-header-wrap .main-header-bar-navigation .inline-on-mobile .menu-item .menu-link {border: none;}.ast-header-break-point .ast-mobile-header-wrap .ast-above-header-wrap .main-header-bar-navigation .inline-on-mobile .menu-item-has-children &gt; .ast-menu-toggle::before,.ast-header-break-point .ast-mobile-header-wrap .ast-main-header-wrap .main-header-bar-navigation .inline-on-mobile .menu-item-has-children &gt; .ast-menu-toggle::before,.ast-header-break-point .ast-mobile-header-wrap .ast-below-header-wrap .main-header-bar-navigation .inline-on-mobile .menu-item-has-children &gt; .ast-menu-toggle::before {font-size: .6rem;}.ast-header-break-point .ast-mobile-header-wrap .ast-flex.inline-on-mobile {flex-wrap: unset;}.ast-header-break-point .ast-mobile-header-wrap .ast-flex.inline-on-mobile .menu-item.ast-submenu-expanded &gt; .sub-menu .menu-link {padding: .1em 1em;}.ast-header-break-point .ast-mobile-header-wrap .ast-flex.inline-on-mobile .menu-item.ast-submenu-expanded &gt; .sub-menu &gt; .menu-item .ast-menu-toggle::before {transform: rotate(-90deg);}.ast-header-break-point .ast-mobile-header-wrap .ast-flex.inline-on-mobile .menu-item.ast-submenu-expanded &gt; .sub-menu &gt; .menu-item.ast-submenu-expanded .ast-menu-toggle::before {transform: rotate(-270deg);}.ast-header-break-point .ast-mobile-header-wrap .ast-flex.inline-on-mobile .menu-item &gt; .sub-menu &gt; .menu-item .menu-link:before {content: none;}.ast-header-break-point .ast-mobile-header-wrap .ast-flex.inline-on-mobile {flex-wrap: unset;}.ast-header-break-point .ast-mobile-header-wrap .ast-flex.inline-on-mobile .menu-item.ast-submenu-expanded &gt; .sub-menu .menu-link {padding: .1em 1em;}.ast-header-break-point .ast-mobile-header-wrap .ast-flex.inline-on-mobile .menu-item.ast-submenu-expanded &gt; .sub-menu &gt; .menu-item .ast-menu-toggle::before {transform: rotate(-90deg);}.ast-header-break-point .ast-mobile-header-wrap .ast-flex.inline-on-mobile .menu-item.ast-submenu-expanded &gt; .sub-menu &gt; .menu-item.ast-submenu-expanded .ast-menu-toggle::before {transform: rotate(-270deg);}.ast-header-break-point .ast-mobile-header-wrap .ast-flex.inline-on-mobile .menu-item &gt; .sub-menu &gt; .menu-item .menu-link:before {content: none;}.ast-header-break-point .inline-on-mobile .sub-menu {width: 150px;}.ast-header-break-point .ast-mobile-header-wrap .ast-flex.inline-on-mobile .menu-item.menu-item-has-children {margin-right: 10px;}.ast-header-break-point .ast-mobile-header-wrap .ast-flex.inline-on-mobile .menu-item.ast-submenu-expanded &gt; .sub-menu {display: block;position: absolute;right: auto;left: 0;}.ast-header-break-point .ast-mobile-header-wrap .ast-flex.inline-on-mobile .menu-item.ast-submenu-expanded &gt; .sub-menu .menu-item .ast-menu-toggle {padding: 0;right: 1em;}.ast-header-break-point .ast-mobile-header-wrap .ast-flex.inline-on-mobile .menu-item.ast-submenu-expanded &gt; .sub-menu &gt; .menu-item &gt; .sub-menu {left: 100%;right: auto;}.ast-header-break-point .ast-mobile-header-wrap .ast-flex.inline-on-mobile .ast-menu-toggle {right: -15px;}.ast-header-break-point .ast-mobile-header-wrap .ast-flex.inline-on-mobile .menu-item.menu-item-has-children {margin-right: 10px;}.ast-header-break-point .ast-mobile-header-wrap .ast-flex.inline-on-mobile .menu-item.ast-submenu-expanded &gt; .sub-menu {display: block;position: absolute;right: auto;left: 0;}.ast-header-break-point .ast-mobile-header-wrap .ast-flex.inline-on-mobile .menu-item.ast-submenu-expanded &gt; .sub-menu &gt; .menu-item &gt; .sub-menu {left: 100%;right: auto;}.ast-header-break-point .ast-mobile-header-wrap .ast-flex.inline-on-mobile .ast-menu-toggle {right: -15px;}:root .has-ast-global-color-0-color{color:var(--ast-global-color-0);}:root .has-ast-global-color-0-background-color{background-color:var(--ast-global-color-0);}:root .wp-block-button .has-ast-global-color-0-color{color:var(--ast-global-color-0);}:root .wp-block-button .has-ast-global-color-0-background-color{background-color:var(--ast-global-color-0);}:root .has-ast-global-color-1-color{color:var(--ast-global-color-1);}:root .has-ast-global-color-1-background-color{background-color:var(--ast-global-color-1);}:root .wp-block-button .has-ast-global-color-1-color{color:var(--ast-global-color-1);}:root .wp-block-button .has-ast-global-color-1-background-color{background-color:var(--ast-global-color-1);}:root .has-ast-global-color-2-color{color:var(--ast-global-color-2);}:root .has-ast-global-color-2-background-color{background-color:var(--ast-global-color-2);}:root .wp-block-button .has-ast-global-color-2-color{color:var(--ast-global-color-2);}:root .wp-block-button .has-ast-global-color-2-background-color{background-color:var(--ast-global-color-2);}:root .has-ast-global-color-3-color{color:var(--ast-global-color-3);}:root .has-ast-global-color-3-background-color{background-color:var(--ast-global-color-3);}:root .wp-block-button .has-ast-global-color-3-color{color:var(--ast-global-color-3);}:root .wp-block-button .has-ast-global-color-3-background-color{background-color:var(--ast-global-color-3);}:root .has-ast-global-color-4-color{color:var(--ast-global-color-4);}:root .has-ast-global-color-4-background-color{background-color:var(--ast-global-color-4);}:root .wp-block-button .has-ast-global-color-4-color{color:var(--ast-global-color-4);}:root .wp-block-button .has-ast-global-color-4-background-color{background-color:var(--ast-global-color-4);}:root .has-ast-global-color-5-color{color:var(--ast-global-color-5);}:root .has-ast-global-color-5-background-color{background-color:var(--ast-global-color-5);}:root .wp-block-button .has-ast-global-color-5-color{color:var(--ast-global-color-5);}:root .wp-block-button .has-ast-global-color-5-background-color{background-color:var(--ast-global-color-5);}:root .has-ast-global-color-6-color{color:var(--ast-global-color-6);}:root .has-ast-global-color-6-background-color{background-color:var(--ast-global-color-6);}:root .wp-block-button .has-ast-global-color-6-color{color:var(--ast-global-color-6);}:root .wp-block-button .has-ast-global-color-6-background-color{background-color:var(--ast-global-color-6);}:root .has-ast-global-color-7-color{color:var(--ast-global-color-7);}:root .has-ast-global-color-7-background-color{background-color:var(--ast-global-color-7);}:root .wp-block-button .has-ast-global-color-7-color{color:var(--ast-global-color-7);}:root .wp-block-button .has-ast-global-color-7-background-color{background-color:var(--ast-global-color-7);}:root .has-ast-global-color-8-color{color:var(--ast-global-color-8);}:root .has-ast-global-color-8-background-color{background-color:var(--ast-global-color-8);}:root .wp-block-button .has-ast-global-color-8-color{color:var(--ast-global-color-8);}:root .wp-block-button .has-ast-global-color-8-background-color{background-color:var(--ast-global-color-8);}:root{--ast-global-color-0:#0170B9;--ast-global-color-1:#3a3a3a;--ast-global-color-2:#3a3a3a;--ast-global-color-3:#4B4F58;--ast-global-color-4:#F5F5F5;--ast-global-color-5:#FFFFFF;--ast-global-color-6:#F2F5F7;--ast-global-color-7:#424242;--ast-global-color-8:#000000;}.ast-theme-transparent-header #masthead .site-logo-img .transparent-custom-logo .astra-logo-svg{width:140px;}.ast-theme-transparent-header #masthead .site-logo-img .transparent-custom-logo img{ max-width:140px;}@media (min-width:921px){.ast-theme-transparent-header #masthead{position:absolute;left:0;right:0;}.ast-theme-transparent-header .main-header-bar,.ast-theme-transparent-header.ast-header-break-point .main-header-bar{background:none;}body.elementor-editor-active.ast-theme-transparent-header #masthead,.fl-builder-edit .ast-theme-transparent-header #masthead,body.vc_editor.ast-theme-transparent-header #masthead,body.brz-ed.ast-theme-transparent-header #masthead{z-index:0;}.ast-header-break-point.ast-replace-site-logo-transparent.ast-theme-transparent-header .custom-mobile-logo-link{display:none;}.ast-header-break-point.ast-replace-site-logo-transparent.ast-theme-transparent-header .transparent-custom-logo{display:inline-block;}.ast-theme-transparent-header .ast-above-header,.ast-theme-transparent-header .ast-above-header.ast-above-header-bar{background-image:none;background-color:transparent;}.ast-theme-transparent-header .ast-below-header{background-image:none;background-color:transparent;}}@media (min-width:922px){.ast-theme-transparent-header .main-header-bar,.ast-theme-transparent-header.ast-header-break-point .main-header-bar-wrap .main-header-menu,.ast-theme-transparent-header.ast-header-break-point .main-header-bar-wrap .main-header-bar,.ast-theme-transparent-header.ast-header-break-point .ast-mobile-header-wrap .main-header-bar{background-color:rgba(0,0,0,0.07);}.ast-theme-transparent-header .main-header-bar .ast-search-menu-icon form{background-color:rgba(0,0,0,0.07);}.ast-theme-transparent-header .ast-above-header,.ast-theme-transparent-header .ast-above-header.ast-above-header-bar,.ast-theme-transparent-header .ast-below-header,.ast-header-break-point.ast-theme-transparent-header .ast-above-header,.ast-header-break-point.ast-theme-transparent-header .ast-below-header{background-color:rgba(0,0,0,0.07);}.ast-theme-transparent-header .site-title a,.ast-theme-transparent-header .site-title a:focus,.ast-theme-transparent-header .site-title a:hover,.ast-theme-transparent-header .site-title a:visited{color:#ffffff;}.ast-theme-transparent-header .site-header .site-description{color:#ffffff;}.ast-theme-transparent-header .ast-builder-menu .main-header-menu .menu-item .sub-menu .menu-item .menu-link,.ast-theme-transparent-header .ast-builder-menu .main-header-menu .menu-item .sub-menu .menu-item &gt; .ast-menu-toggle,.ast-theme-transparent-header .main-header-menu .menu-item .sub-menu .menu-link,.ast-header-break-point.ast-flyout-menu-enable.ast-header-break-point .main-header-bar-navigation .main-header-menu .menu-item .sub-menu .menu-link{color:#333333;}.ast-theme-transparent-header .ast-builder-menu .main-header-menu .menu-item .sub-menu .menu-link:hover,.ast-theme-transparent-header .ast-builder-menu .main-header-menu .menu-item .sub-menu .menu-item:hover &gt; .menu-link,.ast-theme-transparent-header .ast-builder-menu .main-header-menu .menu-item .sub-menu .menu-item.focus &gt; .menu-item,.ast-theme-transparent-header .ast-builder-menu .main-header-menu .menu-item .sub-menu .menu-item.current-menu-item &gt; .menu-link,.ast-theme-transparent-header .ast-builder-menu .main-header-menu .menu-item .sub-menu .menu-item.current-menu-item &gt; .ast-menu-toggle,.ast-theme-transparent-header .ast-builder-menu .main-header-menu .menu-item .sub-menu .menu-item:hover &gt; .ast-menu-toggle,.ast-theme-transparent-header .ast-builder-menu .main-header-menu .menu-item .sub-menu .menu-item.focus &gt; .ast-menu-toggle,.ast-theme-transparent-header .main-header-menu .menu-item .sub-menu .menu-item:hover &gt; .menu-link,.ast-header-break-point.ast-flyout-menu-enable.ast-header-break-point .main-header-bar-navigation .main-header-menu .menu-item .sub-menu .menu-link{color:#000000;}.ast-theme-transparent-header .ast-builder-menu .main-header-menu,.ast-theme-transparent-header .ast-builder-menu .main-header-menu .menu-link,.ast-theme-transparent-header [CLASS*="ast-builder-menu-"] .main-header-menu .menu-item &gt; .menu-link,.ast-theme-transparent-header .ast-masthead-custom-menu-items,.ast-theme-transparent-header .ast-masthead-custom-menu-items a,.ast-theme-transparent-header .ast-builder-menu .main-header-menu .menu-item &gt; .ast-menu-toggle,.ast-theme-transparent-header .ast-builder-menu .main-header-menu .menu-item &gt; .ast-menu-toggle,.ast-theme-transparent-header .ast-above-header-navigation a,.ast-header-break-point.ast-theme-transparent-header .ast-above-header-navigation a,.ast-header-break-point.ast-theme-transparent-header .ast-above-header-navigation &gt; ul.ast-above-header-menu &gt; .menu-item-has-children:not(.current-menu-item) &gt; .ast-menu-toggle,.ast-theme-transparent-header .ast-below-header-menu,.ast-theme-transparent-header .ast-below-header-menu a,.ast-header-break-point.ast-theme-transparent-header .ast-below-header-menu a,.ast-header-break-point.ast-theme-transparent-header .ast-below-header-menu,.ast-theme-transparent-header .main-header-menu .menu-link{color:#cecece;}.ast-theme-transparent-header .ast-builder-menu .main-header-menu .menu-item:hover &gt; .menu-link,.ast-theme-transparent-header .ast-builder-menu .main-header-menu .menu-item:hover &gt; .ast-menu-toggle,.ast-theme-transparent-header .ast-builder-menu .main-header-menu .ast-masthead-custom-menu-items a:hover,.ast-theme-transparent-header .ast-builder-menu .main-header-menu .focus &gt; .menu-link,.ast-theme-transparent-header .ast-builder-menu .main-header-menu .focus &gt; .ast-menu-toggle,.ast-theme-transparent-header .ast-builder-menu .main-header-menu .current-menu-item &gt; .menu-link,.ast-theme-transparent-header .ast-builder-menu .main-header-menu .current-menu-ancestor &gt; .menu-link,.ast-theme-transparent-header .ast-builder-menu .main-header-menu .current-menu-item &gt; .ast-menu-toggle,.ast-theme-transparent-header .ast-builder-menu .main-header-menu .current-menu-ancestor &gt; .ast-menu-toggle,.ast-theme-transparent-header [CLASS*="ast-builder-menu-"] .main-header-menu .current-menu-item &gt; .menu-link,.ast-theme-transparent-header [CLASS*="ast-builder-menu-"] .main-header-menu .current-menu-ancestor &gt; .menu-link,.ast-theme-transparent-header [CLASS*="ast-builder-menu-"] .main-header-menu .current-menu-item &gt; .ast-menu-toggle,.ast-theme-transparent-header [CLASS*="ast-builder-menu-"] .main-header-menu .current-menu-ancestor &gt; .ast-menu-toggle,.ast-theme-transparent-header .main-header-menu .menu-item:hover &gt; .menu-link,.ast-theme-transparent-header .main-header-menu .current-menu-item &gt; .menu-link,.ast-theme-transparent-header .main-header-menu .current-menu-ancestor &gt; .menu-link{color:#ffffff;}.ast-theme-transparent-header div.ast-masthead-custom-menu-items,.ast-theme-transparent-header div.ast-masthead-custom-menu-items .widget,.ast-theme-transparent-header div.ast-masthead-custom-menu-items .widget-title,.ast-theme-transparent-header .site-header-section [CLASS*="ast-header-html-"] .ast-builder-html-element{color:#000000;}.ast-theme-transparent-header div.ast-masthead-custom-menu-items a,.ast-theme-transparent-header div.ast-masthead-custom-menu-items .widget a,.ast-theme-transparent-header .site-header-section [CLASS*="ast-header-html-"] .ast-builder-html-element a{color:#cecece;}.ast-theme-transparent-header div.ast-masthead-custom-menu-items a:hover,.ast-theme-transparent-header div.ast-masthead-custom-menu-items .widget a:hover,.ast-theme-transparent-header .site-header-section [CLASS*="ast-header-html-"] .ast-builder-html-element a:hover{color:#ffffff;}}@media (max-width:921px){.transparent-custom-logo{display:none;}}@media (min-width:921px){.ast-transparent-mobile-logo{display:none;}}@media (max-width:921px){.ast-transparent-mobile-logo{display:block;}}@media (min-width:921px){.ast-theme-transparent-header #ast-desktop-header &gt; [CLASS*="-header-wrap"]:nth-last-child(2) &gt; [CLASS*="-header-bar"]{border-bottom-width:0;border-bottom-style:solid;border-bottom-color:rgba(0,0,0,0);}}.ast-breadcrumbs .trail-browse,.ast-breadcrumbs .trail-items,.ast-breadcrumbs .trail-items li{display:inline-block;margin:0;padding:0;border:none;background:inherit;text-indent:0;}.ast-breadcrumbs .trail-browse{font-size:inherit;font-style:inherit;font-weight:inherit;color:inherit;}.ast-breadcrumbs .trail-items{list-style:none;}.trail-items li::after{padding:0 0.3em;content:"\00bb";}.trail-items li:last-of-type::after{display:none;}h1,.entry-content h1,h2,.entry-content h2,h3,.entry-content h3,h4,.entry-content h4,h5,.entry-content h5,h6,.entry-content h6{color:var(--ast-global-color-2);}@media (max-width:921px){.ast-builder-grid-row-container.ast-builder-grid-row-tablet-3-firstrow .ast-builder-grid-row &gt; *:first-child,.ast-builder-grid-row-container.ast-builder-grid-row-tablet-3-lastrow .ast-builder-grid-row &gt; *:last-child{grid-column:1 / -1;}}@media (max-width:544px){.ast-builder-grid-row-container.ast-builder-grid-row-mobile-3-firstrow .ast-builder-grid-row &gt; *:first-child,.ast-builder-grid-row-container.ast-builder-grid-row-mobile-3-lastrow .ast-builder-grid-row &gt; *:last-child{grid-column:1 / -1;}}.ast-builder-layout-element[data-section="title_tagline"]{display:flex;}@media (max-width:921px){.ast-header-break-point .ast-builder-layout-element[data-section="title_tagline"]{display:flex;}}@media (max-width:544px){.ast-header-break-point .ast-builder-layout-element[data-section="title_tagline"]{display:flex;}}.ast-builder-menu-1{font-family:inherit;font-weight:normal;}.ast-builder-menu-1 .menu-item.current-menu-item &gt; .menu-link,.ast-builder-menu-1 .inline-on-mobile .menu-item.current-menu-item &gt; .ast-menu-toggle,.ast-builder-menu-1 .current-menu-ancestor &gt; .menu-link{color:#602bb7;}.ast-builder-menu-1 .menu-item.current-menu-item &gt; .ast-menu-toggle{color:#602bb7;}.ast-builder-menu-1 .sub-menu,.ast-builder-menu-1 .inline-on-mobile .sub-menu{border-top-width:1px;border-bottom-width:1px;border-right-width:1px;border-left-width:1px;border-color:#dddddd;border-style:solid;border-radius:0;}.ast-builder-menu-1 .main-header-menu &gt; .menu-item &gt; .sub-menu,.ast-builder-menu-1 .main-header-menu &gt; .menu-item &gt; .astra-full-megamenu-wrapper{margin-top:0;}.ast-desktop .ast-builder-menu-1 .main-header-menu &gt; .menu-item &gt; .sub-menu:before,.ast-desktop .ast-builder-menu-1 .main-header-menu &gt; .menu-item &gt; .astra-full-megamenu-wrapper:before{height:calc( 0px + 5px );}.ast-desktop .ast-builder-menu-1 .menu-item .sub-menu .menu-link{border-bottom-width:1px;border-color:#eaeaea;border-style:solid;}.ast-desktop .ast-builder-menu-1 .menu-item .sub-menu .menu-item:last-child .menu-link{border-bottom-width:0;}@media (max-width:921px){.ast-header-break-point .ast-builder-menu-1 .menu-item.menu-item-has-children &gt; .ast-menu-toggle{top:0;}.ast-builder-menu-1 .menu-item-has-children &gt; .menu-link:after{content:unset;}}@media (max-width:544px){.ast-header-break-point .ast-builder-menu-1 .menu-item.menu-item-has-children &gt; .ast-menu-toggle{top:0;}}.ast-builder-menu-1{display:flex;}@media (max-width:921px){.ast-header-break-point .ast-builder-menu-1{display:flex;}}@media (max-width:544px){.ast-header-break-point .ast-builder-menu-1{display:flex;}}.ast-site-header-cart .ast-cart-menu-wrap,.ast-site-header-cart .ast-addon-cart-wrap{color:#d2d2d2;}.ast-site-header-cart .ast-cart-menu-wrap .count,.ast-site-header-cart .ast-cart-menu-wrap .count:after,.ast-site-header-cart .ast-addon-cart-wrap .count,.ast-site-header-cart .ast-addon-cart-wrap .ast-icon-shopping-cart:after{color:#d2d2d2;border-color:#d2d2d2;}.ast-site-header-cart .ast-addon-cart-wrap .ast-icon-shopping-cart:after{color:#ffffff;background-color:#d2d2d2;}.ast-site-header-cart .ast-woo-header-cart-info-wrap{color:#d2d2d2;}.ast-site-header-cart .ast-addon-cart-wrap i.astra-icon:after{color:#ffffff;background-color:#d2d2d2;}.ast-theme-transparent-header .ast-site-header-cart .ast-cart-menu-wrap,.ast-theme-transparent-header .ast-site-header-cart .ast-addon-cart-wrap{color:#d2d2d2;}.ast-theme-transparent-header .ast-site-header-cart .ast-cart-menu-wrap .count,.ast-theme-transparent-header .ast-site-header-cart .ast-cart-menu-wrap .count:after,.ast-theme-transparent-header .ast-site-header-cart .ast-addon-cart-wrap .count,.ast-theme-transparent-header .ast-site-header-cart .ast-addon-cart-wrap .ast-icon-shopping-cart:after{color:#d2d2d2;border-color:#d2d2d2;}.ast-theme-transparent-header .ast-site-header-cart .ast-addon-cart-wrap .ast-icon-shopping-cart:after{color:#ffffff;background-color:#d2d2d2;}.ast-theme-transparent-header .ast-site-header-cart .ast-woo-header-cart-info-wrap{color:#d2d2d2;}.ast-theme-transparent-header .ast-site-header-cart .ast-addon-cart-wrap i.astra-icon:after{color:#ffffff;background-color:#d2d2d2;}#ast-site-header-cart .widget_shopping_cart .mini_cart_item{border-bottom-color:rgb(0,0,0);}@media (max-width:921px){#astra-mobile-cart-drawer .widget_shopping_cart .mini_cart_item{border-bottom-color:rgb(0,0,0);}}@media (max-width:544px){#astra-mobile-cart-drawer .widget_shopping_cart .mini_cart_item{border-bottom-color:rgb(0,0,0);}}.ast-site-header-cart .ast-cart-menu-wrap,.ast-site-header-cart .ast-addon-cart-wrap{color:#d2d2d2;}.ast-site-header-cart .ast-cart-menu-wrap:hover .count,.ast-site-header-cart .ast-addon-cart-wrap:hover .count{color:#000000;background-color:#d2d2d2;}.ast-menu-cart-outline .ast-cart-menu-wrap .count,.ast-menu-cart-outline .ast-addon-cart-wrap{color:#d2d2d2;}.ast-site-header-cart .ast-menu-cart-outline .ast-woo-header-cart-info-wrap{color:#d2d2d2;}.ast-menu-cart-fill .ast-cart-menu-wrap .count,.ast-menu-cart-fill .ast-cart-menu-wrap,.ast-menu-cart-fill .ast-addon-cart-wrap .ast-woo-header-cart-info-wrap,.ast-menu-cart-fill .ast-addon-cart-wrap{background-color:#d2d2d2;color:#000000;}.ast-theme-transparent-header .ast-site-header-cart .ast-cart-menu-wrap,.ast-theme-transparent-header .ast-site-header-cart .ast-addon-cart-wrap{color:#d2d2d2;}.ast-theme-transparent-header .ast-site-header-cart .ast-cart-menu-wrap:hover .count,.ast-theme-transparent-header .ast-site-header-cart .ast-addon-cart-wrap:hover .count{color:#000000;background-color:#d2d2d2;}.ast-theme-transparent-header .ast-menu-cart-outline .ast-cart-menu-wrap .count,.ast-theme-transparent-header .ast-menu-cart-outline .ast-addon-cart-wrap{color:#d2d2d2;}.ast-theme-transparent-header .ast-site-header-cart .ast-menu-cart-outline .ast-woo-header-cart-info-wrap{color:#d2d2d2;}.ast-theme-transparent-header .ast-menu-cart-fill .ast-cart-menu-wrap .count,.ast-theme-transparent-header .ast-menu-cart-fill .ast-cart-menu-wrap,.ast-theme-transparent-header .ast-menu-cart-fill .ast-addon-cart-wrap .ast-woo-header-cart-info-wrap,.ast-theme-transparent-header .ast-menu-cart-fill .ast-addon-cart-wrap{background-color:#d2d2d2;color:#000000;}.ast-site-header-cart.ast-menu-cart-outline .ast-cart-menu-wrap,.ast-site-header-cart.ast-menu-cart-fill .ast-cart-menu-wrap,.ast-site-header-cart.ast-menu-cart-outline .ast-cart-menu-wrap .count,.ast-site-header-cart.ast-menu-cart-fill .ast-cart-menu-wrap .count,.ast-site-header-cart.ast-menu-cart-outline .ast-addon-cart-wrap,.ast-site-header-cart.ast-menu-cart-fill .ast-addon-cart-wrap,.ast-site-header-cart.ast-menu-cart-outline .ast-woo-header-cart-info-wrap,.ast-site-header-cart.ast-menu-cart-fill .ast-woo-header-cart-info-wrap{border-radius:3px;}.ast-header-woo-cart{display:flex;}@media (max-width:921px){.ast-header-break-point .ast-header-woo-cart{display:flex;}}@media (max-width:544px){.ast-header-break-point .ast-header-woo-cart{display:none;}}.site-below-footer-wrap{padding-top:20px;padding-bottom:20px;}.site-below-footer-wrap[data-section="section-below-footer-builder"]{background-color:#ffffff;;background-image:none;;min-height:80px;border-style:solid;border-width:0px;border-top-width:1px;border-top-color:rgba(122,122,122,0.13);}.site-below-footer-wrap[data-section="section-below-footer-builder"] .ast-builder-grid-row{max-width:1200px;margin-left:auto;margin-right:auto;}.site-below-footer-wrap[data-section="section-below-footer-builder"] .ast-builder-grid-row,.site-below-footer-wrap[data-section="section-below-footer-builder"] .site-footer-section{align-items:flex-start;}.site-below-footer-wrap[data-section="section-below-footer-builder"].ast-footer-row-inline .site-footer-section{display:flex;margin-bottom:0;}.ast-builder-grid-row-2-equal .ast-builder-grid-row{grid-template-columns:repeat( 2,1fr );}@media (max-width:921px){.site-below-footer-wrap[data-section="section-below-footer-builder"].ast-footer-row-tablet-inline .site-footer-section{display:flex;margin-bottom:0;}.site-below-footer-wrap[data-section="section-below-footer-builder"].ast-footer-row-tablet-stack .site-footer-section{display:block;margin-bottom:10px;}.ast-builder-grid-row-container.ast-builder-grid-row-tablet-2-equal .ast-builder-grid-row{grid-template-columns:repeat( 2,1fr );}}@media (max-width:544px){.site-below-footer-wrap[data-section="section-below-footer-builder"].ast-footer-row-mobile-inline .site-footer-section{display:flex;margin-bottom:0;}.site-below-footer-wrap[data-section="section-below-footer-builder"].ast-footer-row-mobile-stack .site-footer-section{display:block;margin-bottom:10px;}.ast-builder-grid-row-container.ast-builder-grid-row-mobile-full .ast-builder-grid-row{grid-template-columns:1fr;}}@media (max-width:921px){.site-below-footer-wrap[data-section="section-below-footer-builder"]{padding-left:30px;padding-right:30px;}}.site-below-footer-wrap[data-section="section-below-footer-builder"]{display:grid;}@media (max-width:921px){.ast-header-break-point .site-below-footer-wrap[data-section="section-below-footer-builder"]{display:grid;}}@media (max-width:544px){.ast-header-break-point .site-below-footer-wrap[data-section="section-below-footer-builder"]{display:grid;}}.ast-builder-html-element img.alignnone{display:inline-block;}.ast-builder-html-element p:first-child{margin-top:0;}.ast-builder-html-element p:last-child{margin-bottom:0;}.ast-header-break-point .main-header-bar .ast-builder-html-element{line-height:1.85714285714286;}.footer-widget-area[data-section="section-fb-html-1"]{display:block;}@media (max-width:921px){.ast-header-break-point .footer-widget-area[data-section="section-fb-html-1"]{display:block;}}@media (max-width:544px){.ast-header-break-point .footer-widget-area[data-section="section-fb-html-1"]{display:block;}}.footer-widget-area[data-section="section-fb-html-1"] .ast-builder-html-element{text-align:right;}@media (max-width:921px){.footer-widget-area[data-section="section-fb-html-1"] .ast-builder-html-element{text-align:right;}}@media (max-width:544px){.footer-widget-area[data-section="section-fb-html-1"] .ast-builder-html-element{text-align:center;}}.ast-footer-copyright{text-align:left;}.ast-footer-copyright {color:#000000;}@media (max-width:921px){.ast-footer-copyright{text-align:left;}}@media (max-width:544px){.ast-footer-copyright{text-align:center;}}.ast-footer-copyright.ast-builder-layout-element{display:flex;}@media (max-width:921px){.ast-header-break-point .ast-footer-copyright.ast-builder-layout-element{display:flex;}}@media (max-width:544px){.ast-header-break-point .ast-footer-copyright.ast-builder-layout-element{display:flex;}}.site-footer{background-color:#ffffff;;background-image:none;;}.site-primary-footer-wrap{padding-top:45px;padding-bottom:45px;}.site-primary-footer-wrap[data-section="section-primary-footer-builder"]{background-color:#ffffff;;background-image:none;;}.site-primary-footer-wrap[data-section="section-primary-footer-builder"] .ast-builder-grid-row{grid-column-gap:200px;max-width:1200px;margin-left:auto;margin-right:auto;}.site-primary-footer-wrap[data-section="section-primary-footer-builder"] .ast-builder-grid-row,.site-primary-footer-wrap[data-section="section-primary-footer-builder"] .site-footer-section{align-items:flex-start;}.site-primary-footer-wrap[data-section="section-primary-footer-builder"].ast-footer-row-inline .site-footer-section{display:flex;margin-bottom:0;}.ast-builder-grid-row-4-equal .ast-builder-grid-row{grid-template-columns:repeat( 4,1fr );}@media (max-width:921px){.site-primary-footer-wrap[data-section="section-primary-footer-builder"].ast-footer-row-tablet-inline .site-footer-section{display:flex;margin-bottom:0;}.site-primary-footer-wrap[data-section="section-primary-footer-builder"].ast-footer-row-tablet-stack .site-footer-section{display:block;margin-bottom:10px;}.ast-builder-grid-row-container.ast-builder-grid-row-tablet-4-equal .ast-builder-grid-row{grid-template-columns:repeat( 4,1fr );}}@media (max-width:544px){.site-primary-footer-wrap[data-section="section-primary-footer-builder"].ast-footer-row-mobile-inline .site-footer-section{display:flex;margin-bottom:0;}.site-primary-footer-wrap[data-section="section-primary-footer-builder"].ast-footer-row-mobile-stack .site-footer-section{display:block;margin-bottom:10px;}.ast-builder-grid-row-container.ast-builder-grid-row-mobile-full .ast-builder-grid-row{grid-template-columns:1fr;}}.site-primary-footer-wrap[data-section="section-primary-footer-builder"]{padding-top:55px;padding-bottom:55px;}@media (max-width:921px){.site-primary-footer-wrap[data-section="section-primary-footer-builder"]{padding-left:30px;padding-right:30px;}}@media (max-width:544px){.site-primary-footer-wrap[data-section="section-primary-footer-builder"]{padding-top:40px;padding-bottom:20px;}}.site-primary-footer-wrap[data-section="section-primary-footer-builder"]{display:grid;}@media (max-width:921px){.ast-header-break-point .site-primary-footer-wrap[data-section="section-primary-footer-builder"]{display:grid;}}@media (max-width:544px){.ast-header-break-point .site-primary-footer-wrap[data-section="section-primary-footer-builder"]{display:grid;}}.footer-widget-area[data-section="sidebar-widgets-footer-widget-1"] .footer-widget-area-inner{text-align:left;}@media (max-width:921px){.footer-widget-area[data-section="sidebar-widgets-footer-widget-1"] .footer-widget-area-inner{text-align:left;}}@media (max-width:544px){.footer-widget-area[data-section="sidebar-widgets-footer-widget-1"] .footer-widget-area-inner{text-align:center;}}.footer-widget-area[data-section="sidebar-widgets-footer-widget-1"] .footer-widget-area-inner{color:#434343;}.footer-widget-area[data-section="sidebar-widgets-footer-widget-1"] .footer-widget-area-inner a{color:#434343;}.footer-widget-area[data-section="sidebar-widgets-footer-widget-1"] .footer-widget-area-inner a:hover{color:#3197d6;}.footer-widget-area[data-section="sidebar-widgets-footer-widget-1"] .widget-title{color:#000000;}.footer-widget-area[data-section="sidebar-widgets-footer-widget-1"]{display:block;}@media (max-width:921px){.ast-header-break-point .footer-widget-area[data-section="sidebar-widgets-footer-widget-1"]{display:block;}}@media (max-width:544px){.ast-header-break-point .footer-widget-area[data-section="sidebar-widgets-footer-widget-1"]{display:block;}}.footer-widget-area[data-section="sidebar-widgets-footer-widget-2"] .footer-widget-area-inner{color:#434343;}.footer-widget-area[data-section="sidebar-widgets-footer-widget-2"] .footer-widget-area-inner a{color:#434343;}.footer-widget-area[data-section="sidebar-widgets-footer-widget-2"] .footer-widget-area-inner a:hover{color:#3197d6;}.footer-widget-area[data-section="sidebar-widgets-footer-widget-2"] .widget-title{color:#000000;}.footer-widget-area[data-section="sidebar-widgets-footer-widget-2"]{display:block;}@media (max-width:921px){.ast-header-break-point .footer-widget-area[data-section="sidebar-widgets-footer-widget-2"]{display:block;}}@media (max-width:544px){.ast-header-break-point .footer-widget-area[data-section="sidebar-widgets-footer-widget-2"]{display:block;}}.footer-widget-area[data-section="sidebar-widgets-footer-widget-3"] .footer-widget-area-inner{color:#434343;}.footer-widget-area[data-section="sidebar-widgets-footer-widget-3"] .footer-widget-area-inner a{color:#434343;}.footer-widget-area[data-section="sidebar-widgets-footer-widget-3"] .footer-widget-area-inner a:hover{color:#3197d6;}.footer-widget-area[data-section="sidebar-widgets-footer-widget-3"] .widget-title{color:#000000;}.footer-widget-area[data-section="sidebar-widgets-footer-widget-3"]{display:block;}@media (max-width:921px){.ast-header-break-point .footer-widget-area[data-section="sidebar-widgets-footer-widget-3"]{display:block;}}@media (max-width:544px){.ast-header-break-point .footer-widget-area[data-section="sidebar-widgets-footer-widget-3"]{display:block;}}.footer-widget-area[data-section="sidebar-widgets-footer-widget-4"] .footer-widget-area-inner{color:#434343;}.footer-widget-area[data-section="sidebar-widgets-footer-widget-4"] .footer-widget-area-inner a{color:#434343;}.footer-widget-area[data-section="sidebar-widgets-footer-widget-4"] .footer-widget-area-inner a:hover{color:#3197d6;}.footer-widget-area[data-section="sidebar-widgets-footer-widget-4"] .widget-title{color:#000000;}.footer-widget-area[data-section="sidebar-widgets-footer-widget-4"]{display:block;}@media (max-width:921px){.ast-header-break-point .footer-widget-area[data-section="sidebar-widgets-footer-widget-4"]{display:block;}}@media (max-width:544px){.ast-header-break-point .footer-widget-area[data-section="sidebar-widgets-footer-widget-4"]{display:block;}}.footer-widget-area[data-section="sidebar-widgets-footer-widget-2"] .footer-widget-area-inner{text-align:left;}@media (max-width:921px){.footer-widget-area[data-section="sidebar-widgets-footer-widget-2"] .footer-widget-area-inner{text-align:left;}}@media (max-width:544px){.footer-widget-area[data-section="sidebar-widgets-footer-widget-2"] .footer-widget-area-inner{text-align:center;}}.footer-widget-area[data-section="sidebar-widgets-footer-widget-1"] .footer-widget-area-inner{color:#434343;}.footer-widget-area[data-section="sidebar-widgets-footer-widget-1"] .footer-widget-area-inner a{color:#434343;}.footer-widget-area[data-section="sidebar-widgets-footer-widget-1"] .footer-widget-area-inner a:hover{color:#3197d6;}.footer-widget-area[data-section="sidebar-widgets-footer-widget-1"] .widget-title{color:#000000;}.footer-widget-area[data-section="sidebar-widgets-footer-widget-1"]{display:block;}@media (max-width:921px){.ast-header-break-point .footer-widget-area[data-section="sidebar-widgets-footer-widget-1"]{display:block;}}@media (max-width:544px){.ast-header-break-point .footer-widget-area[data-section="sidebar-widgets-footer-widget-1"]{display:block;}}.footer-widget-area[data-section="sidebar-widgets-footer-widget-2"] .footer-widget-area-inner{color:#434343;}.footer-widget-area[data-section="sidebar-widgets-footer-widget-2"] .footer-widget-area-inner a{color:#434343;}.footer-widget-area[data-section="sidebar-widgets-footer-widget-2"] .footer-widget-area-inner a:hover{color:#3197d6;}.footer-widget-area[data-section="sidebar-widgets-footer-widget-2"] .widget-title{color:#000000;}.footer-widget-area[data-section="sidebar-widgets-footer-widget-2"]{display:block;}@media (max-width:921px){.ast-header-break-point .footer-widget-area[data-section="sidebar-widgets-footer-widget-2"]{display:block;}}@media (max-width:544px){.ast-header-break-point .footer-widget-area[data-section="sidebar-widgets-footer-widget-2"]{display:block;}}.footer-widget-area[data-section="sidebar-widgets-footer-widget-3"] .footer-widget-area-inner{color:#434343;}.footer-widget-area[data-section="sidebar-widgets-footer-widget-3"] .footer-widget-area-inner a{color:#434343;}.footer-widget-area[data-section="sidebar-widgets-footer-widget-3"] .footer-widget-area-inner a:hover{color:#3197d6;}.footer-widget-area[data-section="sidebar-widgets-footer-widget-3"] .widget-title{color:#000000;}.footer-widget-area[data-section="sidebar-widgets-footer-widget-3"]{display:block;}@media (max-width:921px){.ast-header-break-point .footer-widget-area[data-section="sidebar-widgets-footer-widget-3"]{display:block;}}@media (max-width:544px){.ast-header-break-point .footer-widget-area[data-section="sidebar-widgets-footer-widget-3"]{display:block;}}.footer-widget-area[data-section="sidebar-widgets-footer-widget-4"] .footer-widget-area-inner{color:#434343;}.footer-widget-area[data-section="sidebar-widgets-footer-widget-4"] .footer-widget-area-inner a{color:#434343;}.footer-widget-area[data-section="sidebar-widgets-footer-widget-4"] .footer-widget-area-inner a:hover{color:#3197d6;}.footer-widget-area[data-section="sidebar-widgets-footer-widget-4"] .widget-title{color:#000000;}.footer-widget-area[data-section="sidebar-widgets-footer-widget-4"]{display:block;}@media (max-width:921px){.ast-header-break-point .footer-widget-area[data-section="sidebar-widgets-footer-widget-4"]{display:block;}}@media (max-width:544px){.ast-header-break-point .footer-widget-area[data-section="sidebar-widgets-footer-widget-4"]{display:block;}}.footer-widget-area[data-section="sidebar-widgets-footer-widget-3"] .footer-widget-area-inner{text-align:left;}@media (max-width:921px){.footer-widget-area[data-section="sidebar-widgets-footer-widget-3"] .footer-widget-area-inner{text-align:left;}}@media (max-width:544px){.footer-widget-area[data-section="sidebar-widgets-footer-widget-3"] .footer-widget-area-inner{text-align:center;}}.footer-widget-area[data-section="sidebar-widgets-footer-widget-1"] .footer-widget-area-inner{color:#434343;}.footer-widget-area[data-section="sidebar-widgets-footer-widget-1"] .footer-widget-area-inner a{color:#434343;}.footer-widget-area[data-section="sidebar-widgets-footer-widget-1"] .footer-widget-area-inner a:hover{color:#3197d6;}.footer-widget-area[data-section="sidebar-widgets-footer-widget-1"] .widget-title{color:#000000;}.footer-widget-area[data-section="sidebar-widgets-footer-widget-1"]{display:block;}@media (max-width:921px){.ast-header-break-point .footer-widget-area[data-section="sidebar-widgets-footer-widget-1"]{display:block;}}@media (max-width:544px){.ast-header-break-point .footer-widget-area[data-section="sidebar-widgets-footer-widget-1"]{display:block;}}.footer-widget-area[data-section="sidebar-widgets-footer-widget-2"] .footer-widget-area-inner{color:#434343;}.footer-widget-area[data-section="sidebar-widgets-footer-widget-2"] .footer-widget-area-inner a{color:#434343;}.footer-widget-area[data-section="sidebar-widgets-footer-widget-2"] .footer-widget-area-inner a:hover{color:#3197d6;}.footer-widget-area[data-section="sidebar-widgets-footer-widget-2"] .widget-title{color:#000000;}.footer-widget-area[data-section="sidebar-widgets-footer-widget-2"]{display:block;}@media (max-width:921px){.ast-header-break-point .footer-widget-area[data-section="sidebar-widgets-footer-widget-2"]{display:block;}}@media (max-width:544px){.ast-header-break-point .footer-widget-area[data-section="sidebar-widgets-footer-widget-2"]{display:block;}}.footer-widget-area[data-section="sidebar-widgets-footer-widget-3"] .footer-widget-area-inner{color:#434343;}.footer-widget-area[data-section="sidebar-widgets-footer-widget-3"] .footer-widget-area-inner a{color:#434343;}.footer-widget-area[data-section="sidebar-widgets-footer-widget-3"] .footer-widget-area-inner a:hover{color:#3197d6;}.footer-widget-area[data-section="sidebar-widgets-footer-widget-3"] .widget-title{color:#000000;}.footer-widget-area[data-section="sidebar-widgets-footer-widget-3"]{display:block;}@media (max-width:921px){.ast-header-break-point .footer-widget-area[data-section="sidebar-widgets-footer-widget-3"]{display:block;}}@media (max-width:544px){.ast-header-break-point .footer-widget-area[data-section="sidebar-widgets-footer-widget-3"]{display:block;}}.footer-widget-area[data-section="sidebar-widgets-footer-widget-4"] .footer-widget-area-inner{color:#434343;}.footer-widget-area[data-section="sidebar-widgets-footer-widget-4"] .footer-widget-area-inner a{color:#434343;}.footer-widget-area[data-section="sidebar-widgets-footer-widget-4"] .footer-widget-area-inner a:hover{color:#3197d6;}.footer-widget-area[data-section="sidebar-widgets-footer-widget-4"] .widget-title{color:#000000;}.footer-widget-area[data-section="sidebar-widgets-footer-widget-4"]{display:block;}@media (max-width:921px){.ast-header-break-point .footer-widget-area[data-section="sidebar-widgets-footer-widget-4"]{display:block;}}@media (max-width:544px){.ast-header-break-point .footer-widget-area[data-section="sidebar-widgets-footer-widget-4"]{display:block;}}.footer-widget-area[data-section="sidebar-widgets-footer-widget-4"] .footer-widget-area-inner{text-align:left;}@media (max-width:921px){.footer-widget-area[data-section="sidebar-widgets-footer-widget-4"] .footer-widget-area-inner{text-align:left;}}@media (max-width:544px){.footer-widget-area[data-section="sidebar-widgets-footer-widget-4"] .footer-widget-area-inner{text-align:center;}}.footer-widget-area[data-section="sidebar-widgets-footer-widget-1"] .footer-widget-area-inner{color:#434343;}.footer-widget-area[data-section="sidebar-widgets-footer-widget-1"] .footer-widget-area-inner a{color:#434343;}.footer-widget-area[data-section="sidebar-widgets-footer-widget-1"] .footer-widget-area-inner a:hover{color:#3197d6;}.footer-widget-area[data-section="sidebar-widgets-footer-widget-1"] .widget-title{color:#000000;}.footer-widget-area[data-section="sidebar-widgets-footer-widget-1"]{display:block;}@media (max-width:921px){.ast-header-break-point .footer-widget-area[data-section="sidebar-widgets-footer-widget-1"]{display:block;}}@media (max-width:544px){.ast-header-break-point .footer-widget-area[data-section="sidebar-widgets-footer-widget-1"]{display:block;}}.footer-widget-area[data-section="sidebar-widgets-footer-widget-2"] .footer-widget-area-inner{color:#434343;}.footer-widget-area[data-section="sidebar-widgets-footer-widget-2"] .footer-widget-area-inner a{color:#434343;}.footer-widget-area[data-section="sidebar-widgets-footer-widget-2"] .footer-widget-area-inner a:hover{color:#3197d6;}.footer-widget-area[data-section="sidebar-widgets-footer-widget-2"] .widget-title{color:#000000;}.footer-widget-area[data-section="sidebar-widgets-footer-widget-2"]{display:block;}@media (max-width:921px){.ast-header-break-point .footer-widget-area[data-section="sidebar-widgets-footer-widget-2"]{display:block;}}@media (max-width:544px){.ast-header-break-point .footer-widget-area[data-section="sidebar-widgets-footer-widget-2"]{display:block;}}.footer-widget-area[data-section="sidebar-widgets-footer-widget-3"] .footer-widget-area-inner{color:#434343;}.footer-widget-area[data-section="sidebar-widgets-footer-widget-3"] .footer-widget-area-inner a{color:#434343;}.footer-widget-area[data-section="sidebar-widgets-footer-widget-3"] .footer-widget-area-inner a:hover{color:#3197d6;}.footer-widget-area[data-section="sidebar-widgets-footer-widget-3"] .widget-title{color:#000000;}.footer-widget-area[data-section="sidebar-widgets-footer-widget-3"]{display:block;}@media (max-width:921px){.ast-header-break-point .footer-widget-area[data-section="sidebar-widgets-footer-widget-3"]{display:block;}}@media (max-width:544px){.ast-header-break-point .footer-widget-area[data-section="sidebar-widgets-footer-widget-3"]{display:block;}}.footer-widget-area[data-section="sidebar-widgets-footer-widget-4"] .footer-widget-area-inner{color:#434343;}.footer-widget-area[data-section="sidebar-widgets-footer-widget-4"] .footer-widget-area-inner a{color:#434343;}.footer-widget-area[data-section="sidebar-widgets-footer-widget-4"] .footer-widget-area-inner a:hover{color:#3197d6;}.footer-widget-area[data-section="sidebar-widgets-footer-widget-4"] .widget-title{color:#000000;}.footer-widget-area[data-section="sidebar-widgets-footer-widget-4"]{display:block;}@media (max-width:921px){.ast-header-break-point .footer-widget-area[data-section="sidebar-widgets-footer-widget-4"]{display:block;}}@media (max-width:544px){.ast-header-break-point .footer-widget-area[data-section="sidebar-widgets-footer-widget-4"]{display:block;}}.ast-header-break-point .main-header-bar{border-bottom-width:1px;}@media (min-width:922px){.main-header-bar{border-bottom-width:1px;}}.ast-flex{-webkit-align-content:center;-ms-flex-line-pack:center;align-content:center;-webkit-box-align:center;-webkit-align-items:center;-moz-box-align:center;-ms-flex-align:center;align-items:center;}.main-header-bar{padding:1em 0;}.ast-site-identity{padding:0;}.header-main-layout-1 .ast-flex.main-header-container, .header-main-layout-3 .ast-flex.main-header-container{-webkit-align-content:center;-ms-flex-line-pack:center;align-content:center;-webkit-box-align:center;-webkit-align-items:center;-moz-box-align:center;-ms-flex-align:center;align-items:center;}.header-main-layout-1 .ast-flex.main-header-container, .header-main-layout-3 .ast-flex.main-header-container{-webkit-align-content:center;-ms-flex-line-pack:center;align-content:center;-webkit-box-align:center;-webkit-align-items:center;-moz-box-align:center;-ms-flex-align:center;align-items:center;}.main-header-menu .sub-menu .menu-item.menu-item-has-children &gt; .menu-link:after{position:absolute;right:1em;top:50%;transform:translate(0,-50%) rotate(270deg);}.ast-header-break-point .main-header-bar .main-header-bar-navigation .page_item_has_children &gt; .ast-menu-toggle::before, .ast-header-break-point .main-header-bar .main-header-bar-navigation .menu-item-has-children &gt; .ast-menu-toggle::before, .ast-mobile-popup-drawer .main-header-bar-navigation .menu-item-has-children&gt;.ast-menu-toggle::before, .ast-header-break-point .ast-mobile-header-wrap .main-header-bar-navigation .menu-item-has-children &gt; .ast-menu-toggle::before{font-weight:bold;content:"\e900";font-family:Astra;text-decoration:inherit;display:inline-block;}.ast-header-break-point .main-navigation ul.sub-menu .menu-item .menu-link:before{content:"\e900";font-family:Astra;font-size:.65em;text-decoration:inherit;display:inline-block;transform:translate(0, -2px) rotateZ(270deg);margin-right:5px;}.widget_search .search-form:after{font-family:Astra;font-size:1.2em;font-weight:normal;content:"\e8b6";position:absolute;top:50%;right:15px;transform:translate(0, -50%);}.astra-search-icon::before{content:"\e8b6";font-family:Astra;font-style:normal;font-weight:normal;text-decoration:inherit;text-align:center;-webkit-font-smoothing:antialiased;-moz-osx-font-smoothing:grayscale;}.main-header-bar .main-header-bar-navigation .page_item_has_children &gt; a:after, .main-header-bar .main-header-bar-navigation .menu-item-has-children &gt; a:after, .site-header-focus-item .main-header-bar-navigation .menu-item-has-children &gt; .menu-link:after{content:"\e900";display:inline-block;font-family:Astra;font-size:.6rem;font-weight:bold;text-rendering:auto;-webkit-font-smoothing:antialiased;-moz-osx-font-smoothing:grayscale;margin-left:10px;line-height:normal;}.ast-mobile-popup-drawer .main-header-bar-navigation .ast-submenu-expanded&gt;.ast-menu-toggle::before{transform:rotateX(180deg);}.ast-header-break-point .main-header-bar-navigation .menu-item-has-children &gt; .menu-link:after{display:none;}.ast-separate-container .blog-layout-1, .ast-separate-container .blog-layout-2, .ast-separate-container .blog-layout-3{background-color:transparent;background-image:none;}.ast-separate-container .ast-article-post{background-color:#ffffff;;}.ast-separate-container .ast-article-single:not(.ast-related-post), .ast-separate-container .comments-area .comment-respond,.ast-separate-container .comments-area .ast-comment-list li, .ast-separate-container .ast-woocommerce-container, .ast-separate-container .error-404, .ast-separate-container .no-results, .single.ast-separate-container .ast-author-meta, .ast-separate-container .related-posts-title-wrapper, .ast-separate-container.ast-two-container #secondary .widget,.ast-separate-container .comments-count-wrapper, .ast-box-layout.ast-plain-container .site-content,.ast-padded-layout.ast-plain-container .site-content, .ast-separate-container .comments-area .comments-title{background-color:#ffffff;;}.ast-mobile-header-content &gt; *,.ast-desktop-header-content &gt; * {padding: 10px 0;height: auto;}.ast-mobile-header-content &gt; *:first-child,.ast-desktop-header-content &gt; *:first-child {padding-top: 10px;}.ast-mobile-header-content &gt; .ast-builder-menu,.ast-desktop-header-content &gt; .ast-builder-menu {padding-top: 0;}.ast-mobile-header-content &gt; *:last-child,.ast-desktop-header-content &gt; *:last-child {padding-bottom: 0;}.ast-mobile-header-content .ast-search-menu-icon.ast-inline-search label,.ast-desktop-header-content .ast-search-menu-icon.ast-inline-search label {width: 100%;}.ast-desktop-header-content .main-header-bar-navigation .ast-submenu-expanded &gt; .ast-menu-toggle::before {transform: rotateX(180deg);}#ast-desktop-header .ast-desktop-header-content,.ast-mobile-header-content .ast-search-icon,.ast-desktop-header-content .ast-search-icon,.ast-mobile-header-wrap .ast-mobile-header-content,.ast-main-header-nav-open.ast-popup-nav-open .ast-mobile-header-wrap .ast-mobile-header-content,.ast-main-header-nav-open.ast-popup-nav-open .ast-desktop-header-content {display: none;}.ast-main-header-nav-open.ast-header-break-point #ast-desktop-header .ast-desktop-header-content,.ast-main-header-nav-open.ast-header-break-point .ast-mobile-header-wrap .ast-mobile-header-content {display: block;}.ast-desktop .ast-desktop-header-content .astra-menu-animation-slide-up &gt; .menu-item &gt; .sub-menu,.ast-desktop .ast-desktop-header-content .astra-menu-animation-slide-up &gt; .menu-item .menu-item &gt; .sub-menu,.ast-desktop .ast-desktop-header-content .astra-menu-animation-slide-down &gt; .menu-item &gt; .sub-menu,.ast-desktop .ast-desktop-header-content .astra-menu-animation-slide-down &gt; .menu-item .menu-item &gt; .sub-menu,.ast-desktop .ast-desktop-header-content .astra-menu-animation-fade &gt; .menu-item &gt; .sub-menu,.ast-desktop .ast-desktop-header-content .astra-menu-animation-fade &gt; .menu-item .menu-item &gt; .sub-menu {opacity: 1;visibility: visible;}.ast-hfb-header.ast-default-menu-enable.ast-header-break-point .ast-mobile-header-wrap .ast-mobile-header-content .main-header-bar-navigation {width: unset;margin: unset;}.ast-mobile-header-content.content-align-flex-end .main-header-bar-navigation .menu-item-has-children &gt; .ast-menu-toggle,.ast-desktop-header-content.content-align-flex-end .main-header-bar-navigation .menu-item-has-children &gt; .ast-menu-toggle {left: calc( 20px - 0.907em);}.ast-mobile-header-content .ast-search-menu-icon,.ast-mobile-header-content .ast-search-menu-icon.slide-search,.ast-desktop-header-content .ast-search-menu-icon,.ast-desktop-header-content .ast-search-menu-icon.slide-search {width: 100%;position: relative;display: block;right: auto;transform: none;}.ast-mobile-header-content .ast-search-menu-icon.slide-search .search-form,.ast-mobile-header-content .ast-search-menu-icon .search-form,.ast-desktop-header-content .ast-search-menu-icon.slide-search .search-form,.ast-desktop-header-content .ast-search-menu-icon .search-form {right: 0;visibility: visible;opacity: 1;position: relative;top: auto;transform: none;padding: 0;display: block;overflow: hidden;}.ast-mobile-header-content .ast-search-menu-icon.ast-inline-search .search-field,.ast-mobile-header-content .ast-search-menu-icon .search-field,.ast-desktop-header-content .ast-search-menu-icon.ast-inline-search .search-field,.ast-desktop-header-content .ast-search-menu-icon .search-field {width: 100%;padding-right: 5.5em;}.ast-mobile-header-content .ast-search-menu-icon .search-submit,.ast-desktop-header-content .ast-search-menu-icon .search-submit {display: block;position: absolute;height: 100%;top: 0;right: 0;padding: 0 1em;border-radius: 0;}.ast-hfb-header.ast-default-menu-enable.ast-header-break-point .ast-mobile-header-wrap .ast-mobile-header-content .main-header-bar-navigation ul .sub-menu .menu-link {padding-left: 30px;}.ast-hfb-header.ast-default-menu-enable.ast-header-break-point .ast-mobile-header-wrap .ast-mobile-header-content .main-header-bar-navigation .sub-menu .menu-item .menu-item .menu-link {padding-left: 40px;}.ast-mobile-popup-drawer.active .ast-mobile-popup-inner{background-color:#ffffff;;}.ast-mobile-header-wrap .ast-mobile-header-content, .ast-desktop-header-content{background-color:#ffffff;;}.ast-mobile-popup-content &gt; *, .ast-mobile-header-content &gt; *, .ast-desktop-popup-content &gt; *, .ast-desktop-header-content &gt; *{padding-top:0;padding-bottom:0;}.content-align-flex-start .ast-builder-layout-element{justify-content:flex-start;}.content-align-flex-start .main-header-menu{text-align:left;}.ast-mobile-popup-drawer.active .menu-toggle-close{color:#3a3a3a;}.ast-mobile-header-wrap .ast-primary-header-bar,.ast-primary-header-bar .site-primary-header-wrap{min-height:70px;}.ast-desktop .ast-primary-header-bar .main-header-menu &gt; .menu-item{line-height:70px;}.ast-desktop .ast-primary-header-bar .ast-header-woo-cart,.ast-desktop .ast-primary-header-bar .ast-header-edd-cart{line-height:70px;}@media (max-width:921px){#masthead .ast-mobile-header-wrap .ast-primary-header-bar,#masthead .ast-mobile-header-wrap .ast-below-header-bar{padding-left:20px;padding-right:20px;}}.ast-header-break-point .ast-primary-header-bar{border-bottom-width:1px;border-bottom-style:solid;}@media (min-width:922px){.ast-primary-header-bar{border-bottom-width:1px;border-bottom-style:solid;}}.ast-primary-header-bar{background-color:#ffffff;;background-image:none;;}.ast-primary-header-bar{display:block;}@media (max-width:921px){.ast-header-break-point .ast-primary-header-bar{display:grid;}}@media (max-width:544px){.ast-header-break-point .ast-primary-header-bar{display:grid;}}[data-section="section-header-mobile-trigger"] .ast-button-wrap .ast-mobile-menu-trigger-minimal{color:#000000;border:none;background:transparent;}[data-section="section-header-mobile-trigger"] .ast-button-wrap .mobile-menu-toggle-icon .ast-mobile-svg{width:20px;height:20px;fill:#000000;}[data-section="section-header-mobile-trigger"] .ast-button-wrap .mobile-menu-wrap .mobile-menu{color:#000000;}
</style>
    <link id="astra-menu-animation-css" rel="stylesheet" href="https://askomdch.com/wp-content/themes/astra/assets/css/minified/menu-animation.min.css?ver=3.7.5" media="all"/>
    <link id="wp-block-library-css" rel="stylesheet" href="https://askomdch.com/wp-includes/css/dist/block-library/style.min.css?ver=5.8.1" media="all"/>
    <link id="wc-blocks-vendors-style-css" rel="stylesheet" href="https://askomdch.com/wp-content/plugins/woocommerce/packages/woocommerce-blocks/build/wc-blocks-vendors-style.css?ver=8.9.2" media="all"/>
    <link id="wc-blocks-style-css" rel="stylesheet" href="https://askomdch.com/wp-content/plugins/woocommerce/packages/woocommerce-blocks/build/wc-blocks-style.css?ver=8.9.2" media="all"/>
    <style id="global-styles-inline-css">
body{--wp--preset--color--black: #000000;--wp--preset--color--cyan-bluish-gray: #abb8c3;--wp--preset--color--white: #ffffff;--wp--preset--color--pale-pink: #f78da7;--wp--preset--color--vivid-red: #cf2e2e;--wp--preset--color--luminous-vivid-orange: #ff6900;--wp--preset--color--luminous-vivid-amber: #fcb900;--wp--preset--color--light-green-cyan: #7bdcb5;--wp--preset--color--vivid-green-cyan: #00d084;--wp--preset--color--pale-cyan-blue: #8ed1fc;--wp--preset--color--vivid-cyan-blue: #0693e3;--wp--preset--color--vivid-purple: #9b51e0;--wp--preset--color--ast-global-color-0: var(--ast-global-color-0);--wp--preset--color--ast-global-color-1: var(--ast-global-color-1);--wp--preset--color--ast-global-color-2: var(--ast-global-color-2);--wp--preset--color--ast-global-color-3: var(--ast-global-color-3);--wp--preset--color--ast-global-color-4: var(--ast-global-color-4);--wp--preset--color--ast-global-color-5: var(--ast-global-color-5);--wp--preset--color--ast-global-color-6: var(--ast-global-color-6);--wp--preset--color--ast-global-color-7: var(--ast-global-color-7);--wp--preset--color--ast-global-color-8: var(--ast-global-color-8);--wp--preset--gradient--vivid-cyan-blue-to-vivid-purple: linear-gradient(135deg,rgba(6,147,227,1) 0%,rgb(155,81,224) 100%);--wp--preset--gradient--light-green-cyan-to-vivid-green-cyan: linear-gradient(135deg,rgb(122,220,180) 0%,rgb(0,208,130) 100%);--wp--preset--gradient--luminous-vivid-amber-to-luminous-vivid-orange: linear-gradient(135deg,rgba(252,185,0,1) 0%,rgba(255,105,0,1) 100%);--wp--preset--gradient--luminous-vivid-orange-to-vivid-red: linear-gradient(135deg,rgba(255,105,0,1) 0%,rgb(207,46,46) 100%);--wp--preset--gradient--very-light-gray-to-cyan-bluish-gray: linear-gradient(135deg,rgb(238,238,238) 0%,rgb(169,184,195) 100%);--wp--preset--gradient--cool-to-warm-spectrum: linear-gradient(135deg,rgb(74,234,220) 0%,rgb(151,120,209) 20%,rgb(207,42,186) 40%,rgb(238,44,130) 60%,rgb(251,105,98) 80%,rgb(254,248,76) 100%);--wp--preset--gradient--blush-light-purple: linear-gradient(135deg,rgb(255,206,236) 0%,rgb(152,150,240) 100%);--wp--preset--gradient--blush-bordeaux: linear-gradient(135deg,rgb(254,205,165) 0%,rgb(254,45,45) 50%,rgb(107,0,62) 100%);--wp--preset--gradient--luminous-dusk: linear-gradient(135deg,rgb(255,203,112) 0%,rgb(199,81,192) 50%,rgb(65,88,208) 100%);--wp--preset--gradient--pale-ocean: linear-gradient(135deg,rgb(255,245,203) 0%,rgb(182,227,212) 50%,rgb(51,167,181) 100%);--wp--preset--gradient--electric-grass: linear-gradient(135deg,rgb(202,248,128) 0%,rgb(113,206,126) 100%);--wp--preset--gradient--midnight: linear-gradient(135deg,rgb(2,3,129) 0%,rgb(40,116,252) 100%);--wp--preset--font-size--small: 13px;--wp--preset--font-size--normal: 16px;--wp--preset--font-size--medium: 20px;--wp--preset--font-size--large: 36px;--wp--preset--font-size--huge: 42px;}.has-black-color{color: var(--wp--preset--color--black) !important;}.has-cyan-bluish-gray-color{color: var(--wp--preset--color--cyan-bluish-gray) !important;}.has-white-color{color: var(--wp--preset--color--white) !important;}.has-pale-pink-color{color: var(--wp--preset--color--pale-pink) !important;}.has-vivid-red-color{color: var(--wp--preset--color--vivid-red) !important;}.has-luminous-vivid-orange-color{color: var(--wp--preset--color--luminous-vivid-orange) !important;}.has-luminous-vivid-amber-color{color: var(--wp--preset--color--luminous-vivid-amber) !important;}.has-light-green-cyan-color{color: var(--wp--preset--color--light-green-cyan) !important;}.has-vivid-green-cyan-color{color: var(--wp--preset--color--vivid-green-cyan) !important;}.has-pale-cyan-blue-color{color: var(--wp--preset--color--pale-cyan-blue) !important;}.has-vivid-cyan-blue-color{color: var(--wp--preset--color--vivid-cyan-blue) !important;}.has-vivid-purple-color{color: var(--wp--preset--color--vivid-purple) !important;}.has-ast-global-color-0-color{color: var(--wp--preset--color--ast-global-color-0) !important;}.has-ast-global-color-1-color{color: var(--wp--preset--color--ast-global-color-1) !important;}.has-ast-global-color-2-color{color: var(--wp--preset--color--ast-global-color-2) !important;}.has-ast-global-color-3-color{color: var(--wp--preset--color--ast-global-color-3) !important;}.has-ast-global-color-4-color{color: var(--wp--preset--color--ast-global-color-4) !important;}.has-ast-global-color-5-color{color: var(--wp--preset--color--ast-global-color-5) !important;}.has-ast-global-color-6-color{color: var(--wp--preset--color--ast-global-color-6) !important;}.has-ast-global-color-7-color{color: var(--wp--preset--color--ast-global-color-7) !important;}.has-ast-global-color-8-color{color: var(--wp--preset--color--ast-global-color-8) !important;}.has-black-background-color{background-color: var(--wp--preset--color--black) !important;}.has-cyan-bluish-gray-background-color{background-color: var(--wp--preset--color--cyan-bluish-gray) !important;}.has-white-background-color{background-color: var(--wp--preset--color--white) !important;}.has-pale-pink-background-color{background-color: var(--wp--preset--color--pale-pink) !important;}.has-vivid-red-background-color{background-color: var(--wp--preset--color--vivid-red) !important;}.has-luminous-vivid-orange-background-color{background-color: var(--wp--preset--color--luminous-vivid-orange) !important;}.has-luminous-vivid-amber-background-color{background-color: var(--wp--preset--color--luminous-vivid-amber) !important;}.has-light-green-cyan-background-color{background-color: var(--wp--preset--color--light-green-cyan) !important;}.has-vivid-green-cyan-background-color{background-color: var(--wp--preset--color--vivid-green-cyan) !important;}.has-pale-cyan-blue-background-color{background-color: var(--wp--preset--color--pale-cyan-blue) !important;}.has-vivid-cyan-blue-background-color{background-color: var(--wp--preset--color--vivid-cyan-blue) !important;}.has-vivid-purple-background-color{background-color: var(--wp--preset--color--vivid-purple) !important;}.has-ast-global-color-0-background-color{background-color: var(--wp--preset--color--ast-global-color-0) !important;}.has-ast-global-color-1-background-color{background-color: var(--wp--preset--color--ast-global-color-1) !important;}.has-ast-global-color-2-background-color{background-color: var(--wp--preset--color--ast-global-color-2) !important;}.has-ast-global-color-3-background-color{background-color: var(--wp--preset--color--ast-global-color-3) !important;}.has-ast-global-color-4-background-color{background-color: var(--wp--preset--color--ast-global-color-4) !important;}.has-ast-global-color-5-background-color{background-color: var(--wp--preset--color--ast-global-color-5) !important;}.has-ast-global-color-6-background-color{background-color: var(--wp--preset--color--ast-global-color-6) !important;}.has-ast-global-color-7-background-color{background-color: var(--wp--preset--color--ast-global-color-7) !important;}.has-ast-global-color-8-background-color{background-color: var(--wp--preset--color--ast-global-color-8) !important;}.has-vivid-cyan-blue-to-vivid-purple-gradient-background{background: var(--wp--preset--gradient--vivid-cyan-blue-to-vivid-purple) !important;}.has-light-green-cyan-to-vivid-green-cyan-gradient-background{background: var(--wp--preset--gradient--light-green-cyan-to-vivid-green-cyan) !important;}.has-luminous-vivid-amber-to-luminous-vivid-orange-gradient-background{background: var(--wp--preset--gradient--luminous-vivid-amber-to-luminous-vivid-orange) !important;}.has-luminous-vivid-orange-to-vivid-red-gradient-background{background: var(--wp--preset--gradient--luminous-vivid-orange-to-vivid-red) !important;}.has-very-light-gray-to-cyan-bluish-gray-gradient-background{background: var(--wp--preset--gradient--very-light-gray-to-cyan-bluish-gray) !important;}.has-cool-to-warm-spectrum-gradient-background{background: var(--wp--preset--gradient--cool-to-warm-spectrum) !important;}.has-blush-light-purple-gradient-background{background: var(--wp--preset--gradient--blush-light-purple) !important;}.has-blush-bordeaux-gradient-background{background: var(--wp--preset--gradient--blush-bordeaux) !important;}.has-luminous-dusk-gradient-background{background: var(--wp--preset--gradient--luminous-dusk) !important;}.has-pale-ocean-gradient-background{background: var(--wp--preset--gradient--pale-ocean) !important;}.has-electric-grass-gradient-background{background: var(--wp--preset--gradient--electric-grass) !important;}.has-midnight-gradient-background{background: var(--wp--preset--gradient--midnight) !important;}.has-small-font-size{font-size: var(--wp--preset--font-size--small) !important;}.has-normal-font-size{font-size: var(--wp--preset--font-size--normal) !important;}.has-medium-font-size{font-size: var(--wp--preset--font-size--medium) !important;}.has-large-font-size{font-size: var(--wp--preset--font-size--large) !important;}.has-huge-font-size{font-size: var(--wp--preset--font-size--huge) !important;}
</style>
    <link id="woocommerce-layout-css" rel="stylesheet" href="https://askomdch.com/wp-content/themes/astra/assets/css/minified/compatibility/woocommerce/woocommerce-layout.min.css?ver=3.7.5" media="all"/>
    <link id="woocommerce-smallscreen-css" rel="stylesheet" href="https://askomdch.com/wp-content/themes/astra/assets/css/minified/compatibility/woocommerce/woocommerce-smallscreen.min.css?ver=3.7.5" media="only screen and (max-width: 921px)"/>
    <link id="woocommerce-general-css" rel="stylesheet" href="https://askomdch.com/wp-content/themes/astra/assets/css/minified/compatibility/woocommerce/woocommerce.min.css?ver=3.7.5" media="all"/>
    <style id="woocommerce-general-inline-css">
#customer_details h3:not(.elementor-widget-woocommerce-checkout-page h3){font-size:1.2rem;padding:20px 0 14px;margin:0 0 20px;border-bottom:1px solid #ebebeb;}form #order_review_heading:not(.elementor-widget-woocommerce-checkout-page #order_review_heading){border-width:2px 2px 0 2px;border-style:solid;font-size:1.2rem;margin:0;padding:1.5em 1.5em 1em;border-color:#ebebeb;}form #order_review:not(.elementor-widget-woocommerce-checkout-page #order_review){padding:0 2em;border-width:0 2px 2px;border-style:solid;border-color:#ebebeb;}ul#shipping_method li:not(.elementor-widget-woocommerce-cart #shipping_method li){margin:0;padding:0.25em 0 0.25em 22px;text-indent:-22px;list-style:none outside;}.woocommerce span.onsale, .wc-block-grid__product .wc-block-grid__product-onsale{background-color:#54595f;color:#ffffff;}.woocommerce a.button, .woocommerce button.button, .woocommerce .woocommerce-message a.button, .woocommerce #respond input#submit.alt, .woocommerce a.button.alt, .woocommerce button.button.alt, .woocommerce input.button.alt, .woocommerce input.button,.woocommerce input.button:disabled, .woocommerce input.button:disabled[disabled], .woocommerce input.button:disabled:hover, .woocommerce input.button:disabled[disabled]:hover, .woocommerce #respond input#submit, .woocommerce button.button.alt.disabled, .wc-block-grid__products .wc-block-grid__product .wp-block-button__link, .wc-block-grid__product-onsale{color:#ffffff;border-color:#3197d6;background-color:#3197d6;}.woocommerce a.button:hover, .woocommerce button.button:hover, .woocommerce .woocommerce-message a.button:hover,.woocommerce #respond input#submit:hover,.woocommerce #respond input#submit.alt:hover, .woocommerce a.button.alt:hover, .woocommerce button.button.alt:hover, .woocommerce input.button.alt:hover, .woocommerce input.button:hover, .woocommerce button.button.alt.disabled:hover, .wc-block-grid__products .wc-block-grid__product .wp-block-button__link:hover{color:#ffffff;border-color:#0084d6;background-color:#0084d6;}.woocommerce-message, .woocommerce-info{border-top-color:#4e4e4e;}.woocommerce-message::before,.woocommerce-info::before{color:#4e4e4e;}.woocommerce ul.products li.product .price, .woocommerce div.product p.price, .woocommerce div.product span.price, .widget_layered_nav_filters ul li.chosen a, .woocommerce-page ul.products li.product .ast-woo-product-category, .wc-layered-nav-rating a{color:#333333;}.woocommerce nav.woocommerce-pagination ul,.woocommerce nav.woocommerce-pagination ul li{border-color:#4e4e4e;}.woocommerce nav.woocommerce-pagination ul li a:focus, .woocommerce nav.woocommerce-pagination ul li a:hover, .woocommerce nav.woocommerce-pagination ul li span.current{background:#4e4e4e;color:#ffffff;}.woocommerce-MyAccount-navigation-link.is-active a{color:#0084d6;}.woocommerce .widget_price_filter .ui-slider .ui-slider-range, .woocommerce .widget_price_filter .ui-slider .ui-slider-handle{background-color:#4e4e4e;}.woocommerce a.button, .woocommerce button.button, .woocommerce .woocommerce-message a.button, .woocommerce #respond input#submit.alt, .woocommerce a.button.alt, .woocommerce button.button.alt, .woocommerce input.button.alt, .woocommerce input.button,.woocommerce-cart table.cart td.actions .button, .woocommerce form.checkout_coupon .button, .woocommerce #respond input#submit, .wc-block-grid__products .wc-block-grid__product .wp-block-button__link{border-radius:0;padding-top:17px;padding-right:30px;padding-bottom:17px;padding-left:30px;}.woocommerce .star-rating, .woocommerce .comment-form-rating .stars a, .woocommerce .star-rating::before{color:#4e4e4e;}.woocommerce div.product .woocommerce-tabs ul.tabs li.active:before{background:#4e4e4e;}.woocommerce a.remove:hover{color:#4e4e4e;border-color:#4e4e4e;background-color:#ffffff;}.woocommerce ul.product-categories &gt; li ul li:before{content:"\e900";padding:0 5px 0 5px;display:inline-block;font-family:Astra;transform:rotate(-90deg);font-size:0.7rem;}@media (min-width:545px) and (max-width:921px){.woocommerce.tablet-columns-6 ul.products li.product, .woocommerce-page.tablet-columns-6 ul.products li.product{width:calc(16.66% - 16.66px);}.woocommerce.tablet-columns-5 ul.products li.product, .woocommerce-page.tablet-columns-5 ul.products li.product{width:calc(20% - 16px);}.woocommerce.tablet-columns-4 ul.products li.product, .woocommerce-page.tablet-columns-4 ul.products li.product{width:calc(25% - 15px);}.woocommerce.tablet-columns-3 ul.products li.product, .woocommerce-page.tablet-columns-3 ul.products li.product{width:calc(33.33% - 14px);}.woocommerce.tablet-columns-2 ul.products li.product, .woocommerce-page.tablet-columns-2 ul.products li.product{width:calc(50% - 10px);}.woocommerce.tablet-columns-1 ul.products li.product, .woocommerce-page.tablet-columns-1 ul.products li.product{width:100%;}.woocommerce div.product .related.products ul.products li.product{width:calc(33.33% - 14px);}}@media (min-width:545px) and (max-width:921px){.woocommerce[class*="columns-"].columns-3 &gt; ul.products li.product, .woocommerce[class*="columns-"].columns-4 &gt; ul.products li.product, .woocommerce[class*="columns-"].columns-5 &gt; ul.products li.product, .woocommerce[class*="columns-"].columns-6 &gt; ul.products li.product{width:calc(33.33% - 14px);margin-right:20px;}.woocommerce[class*="columns-"].columns-3 &gt; ul.products li.product:nth-child(3n), .woocommerce[class*="columns-"].columns-4 &gt; ul.products li.product:nth-child(3n), .woocommerce[class*="columns-"].columns-5 &gt; ul.products li.product:nth-child(3n), .woocommerce[class*="columns-"].columns-6 &gt; ul.products li.product:nth-child(3n){margin-right:0;clear:right;}.woocommerce[class*="columns-"].columns-3 &gt; ul.products li.product:nth-child(3n+1), .woocommerce[class*="columns-"].columns-4 &gt; ul.products li.product:nth-child(3n+1), .woocommerce[class*="columns-"].columns-5 &gt; ul.products li.product:nth-child(3n+1), .woocommerce[class*="columns-"].columns-6 &gt; ul.products li.product:nth-child(3n+1){clear:left;}.woocommerce[class*="columns-"] ul.products li.product:nth-child(n), .woocommerce-page[class*="columns-"] ul.products li.product:nth-child(n){margin-right:20px;clear:none;}.woocommerce.tablet-columns-2 ul.products li.product:nth-child(2n), .woocommerce-page.tablet-columns-2 ul.products li.product:nth-child(2n), .woocommerce.tablet-columns-3 ul.products li.product:nth-child(3n), .woocommerce-page.tablet-columns-3 ul.products li.product:nth-child(3n), .woocommerce.tablet-columns-4 ul.products li.product:nth-child(4n), .woocommerce-page.tablet-columns-4 ul.products li.product:nth-child(4n), .woocommerce.tablet-columns-5 ul.products li.product:nth-child(5n), .woocommerce-page.tablet-columns-5 ul.products li.product:nth-child(5n), .woocommerce.tablet-columns-6 ul.products li.product:nth-child(6n), .woocommerce-page.tablet-columns-6 ul.products li.product:nth-child(6n){margin-right:0;clear:right;}.woocommerce.tablet-columns-2 ul.products li.product:nth-child(2n+1), .woocommerce-page.tablet-columns-2 ul.products li.product:nth-child(2n+1), .woocommerce.tablet-columns-3 ul.products li.product:nth-child(3n+1), .woocommerce-page.tablet-columns-3 ul.products li.product:nth-child(3n+1), .woocommerce.tablet-columns-4 ul.products li.product:nth-child(4n+1), .woocommerce-page.tablet-columns-4 ul.products li.product:nth-child(4n+1), .woocommerce.tablet-columns-5 ul.products li.product:nth-child(5n+1), .woocommerce-page.tablet-columns-5 ul.products li.product:nth-child(5n+1), .woocommerce.tablet-columns-6 ul.products li.product:nth-child(6n+1), .woocommerce-page.tablet-columns-6 ul.products li.product:nth-child(6n+1){clear:left;}.woocommerce div.product .related.products ul.products li.product:nth-child(3n), .woocommerce-page.tablet-columns-1 .site-main ul.products li.product{margin-right:0;clear:right;}.woocommerce div.product .related.products ul.products li.product:nth-child(3n+1){clear:left;}}@media (min-width:922px){.woocommerce #reviews #comments{width:55%;float:left;}.woocommerce #reviews #review_form_wrapper{width:45%;padding-left:2em;float:right;}.woocommerce form.checkout_coupon{width:50%;}}@media (max-width:921px){.ast-header-break-point.ast-woocommerce-cart-menu .header-main-layout-1.ast-mobile-header-stack.ast-no-menu-items .ast-site-header-cart, .ast-header-break-point.ast-woocommerce-cart-menu .header-main-layout-3.ast-mobile-header-stack.ast-no-menu-items .ast-site-header-cart{padding-right:0;padding-left:0;}.ast-header-break-point.ast-woocommerce-cart-menu .header-main-layout-1.ast-mobile-header-stack .main-header-bar{text-align:center;}.ast-header-break-point.ast-woocommerce-cart-menu .header-main-layout-1.ast-mobile-header-stack .ast-site-header-cart, .ast-header-break-point.ast-woocommerce-cart-menu .header-main-layout-1.ast-mobile-header-stack .ast-mobile-menu-buttons{display:inline-block;}.ast-header-break-point.ast-woocommerce-cart-menu .header-main-layout-2.ast-mobile-header-inline .site-branding{flex:auto;}.ast-header-break-point.ast-woocommerce-cart-menu .header-main-layout-3.ast-mobile-header-stack .site-branding{flex:0 0 100%;}.ast-header-break-point.ast-woocommerce-cart-menu .header-main-layout-3.ast-mobile-header-stack .main-header-container{display:flex;justify-content:center;}.woocommerce-cart .woocommerce-shipping-calculator .button{width:100%;}.woocommerce div.product div.images, .woocommerce div.product div.summary, .woocommerce #content div.product div.images, .woocommerce #content div.product div.summary, .woocommerce-page div.product div.images, .woocommerce-page div.product div.summary, .woocommerce-page #content div.product div.images, .woocommerce-page #content div.product div.summary{float:none;width:100%;}.woocommerce-cart table.cart td.actions .ast-return-to-shop{display:block;text-align:center;margin-top:1em;}}@media (max-width:544px){.ast-separate-container .ast-woocommerce-container{padding:.54em 1em 1.33333em;}.woocommerce-message, .woocommerce-error, .woocommerce-info{display:flex;flex-wrap:wrap;}.woocommerce-message a.button, .woocommerce-error a.button, .woocommerce-info a.button{order:1;margin-top:.5em;}.woocommerce .woocommerce-ordering, .woocommerce-page .woocommerce-ordering{float:none;margin-bottom:2em;width:100%;}.woocommerce ul.products a.button, .woocommerce-page ul.products a.button{padding:0.5em 0.75em;}.woocommerce table.cart td.actions .button, .woocommerce #content table.cart td.actions .button, .woocommerce-page table.cart td.actions .button, .woocommerce-page #content table.cart td.actions .button{padding-left:1em;padding-right:1em;}.woocommerce #content table.cart .button, .woocommerce-page #content table.cart .button{width:100%;}.woocommerce #content table.cart .product-thumbnail, .woocommerce-page #content table.cart .product-thumbnail{display:block;text-align:center !important;}.woocommerce #content table.cart .product-thumbnail::before, .woocommerce-page #content table.cart .product-thumbnail::before{display:none;}.woocommerce #content table.cart td.actions .coupon, .woocommerce-page #content table.cart td.actions .coupon{float:none;}.woocommerce #content table.cart td.actions .coupon .button, .woocommerce-page #content table.cart td.actions .coupon .button{flex:1;}.woocommerce #content div.product .woocommerce-tabs ul.tabs li a, .woocommerce-page #content div.product .woocommerce-tabs ul.tabs li a{display:block;}.woocommerce div.product .related.products ul.products li.product, .woocommerce.mobile-columns-2 ul.products li.product, .woocommerce-page.mobile-columns-2 ul.products li.product{width:calc(50% - 10px);}.woocommerce.mobile-columns-6 ul.products li.product, .woocommerce-page.mobile-columns-6 ul.products li.product{width:calc(16.66% - 16.66px);}.woocommerce.mobile-columns-5 ul.products li.product, .woocommerce-page.mobile-columns-5 ul.products li.product{width:calc(20% - 16px);}.woocommerce.mobile-columns-4 ul.products li.product, .woocommerce-page.mobile-columns-4 ul.products li.product{width:calc(25% - 15px);}.woocommerce.mobile-columns-3 ul.products li.product, .woocommerce-page.mobile-columns-3 ul.products li.product{width:calc(33.33% - 14px);}.woocommerce.mobile-columns-1 ul.products li.product, .woocommerce-page.mobile-columns-1 ul.products li.product{width:100%;}}@media (max-width:544px){.woocommerce ul.products a.button.loading::after, .woocommerce-page ul.products a.button.loading::after{display:inline-block;margin-left:5px;position:initial;}.woocommerce.mobile-columns-1 .site-main ul.products li.product:nth-child(n), .woocommerce-page.mobile-columns-1 .site-main ul.products li.product:nth-child(n){margin-right:0;}.woocommerce #content div.product .woocommerce-tabs ul.tabs li, .woocommerce-page #content div.product .woocommerce-tabs ul.tabs li{display:block;margin-right:0;}.woocommerce[class*="columns-"].columns-3 &gt; ul.products li.product, .woocommerce[class*="columns-"].columns-4 &gt; ul.products li.product, .woocommerce[class*="columns-"].columns-5 &gt; ul.products li.product, .woocommerce[class*="columns-"].columns-6 &gt; ul.products li.product{width:calc(50% - 10px);margin-right:20px;}.woocommerce[class*="columns-"] ul.products li.product:nth-child(n), .woocommerce-page[class*="columns-"] ul.products li.product:nth-child(n){margin-right:20px;clear:none;}.woocommerce-page[class*=columns-].columns-3&gt;ul.products li.product:nth-child(2n), .woocommerce-page[class*=columns-].columns-4&gt;ul.products li.product:nth-child(2n), .woocommerce-page[class*=columns-].columns-5&gt;ul.products li.product:nth-child(2n), .woocommerce-page[class*=columns-].columns-6&gt;ul.products li.product:nth-child(2n), .woocommerce[class*=columns-].columns-3&gt;ul.products li.product:nth-child(2n), .woocommerce[class*=columns-].columns-4&gt;ul.products li.product:nth-child(2n), .woocommerce[class*=columns-].columns-5&gt;ul.products li.product:nth-child(2n), .woocommerce[class*=columns-].columns-6&gt;ul.products li.product:nth-child(2n){margin-right:0;clear:right;}.woocommerce[class*="columns-"].columns-3 &gt; ul.products li.product:nth-child(2n+1), .woocommerce[class*="columns-"].columns-4 &gt; ul.products li.product:nth-child(2n+1), .woocommerce[class*="columns-"].columns-5 &gt; ul.products li.product:nth-child(2n+1), .woocommerce[class*="columns-"].columns-6 &gt; ul.products li.product:nth-child(2n+1){clear:left;}.woocommerce-page[class*=columns-] ul.products li.product:nth-child(n), .woocommerce[class*=columns-] ul.products li.product:nth-child(n){margin-right:20px;clear:none;}.woocommerce.mobile-columns-6 ul.products li.product:nth-child(6n), .woocommerce-page.mobile-columns-6 ul.products li.product:nth-child(6n), .woocommerce.mobile-columns-5 ul.products li.product:nth-child(5n), .woocommerce-page.mobile-columns-5 ul.products li.product:nth-child(5n), .woocommerce.mobile-columns-4 ul.products li.product:nth-child(4n), .woocommerce-page.mobile-columns-4 ul.products li.product:nth-child(4n), .woocommerce.mobile-columns-3 ul.products li.product:nth-child(3n), .woocommerce-page.mobile-columns-3 ul.products li.product:nth-child(3n), .woocommerce.mobile-columns-2 ul.products li.product:nth-child(2n), .woocommerce-page.mobile-columns-2 ul.products li.product:nth-child(2n), .woocommerce div.product .related.products ul.products li.product:nth-child(2n){margin-right:0;clear:right;}.woocommerce.mobile-columns-6 ul.products li.product:nth-child(6n+1), .woocommerce-page.mobile-columns-6 ul.products li.product:nth-child(6n+1), .woocommerce.mobile-columns-5 ul.products li.product:nth-child(5n+1), .woocommerce-page.mobile-columns-5 ul.products li.product:nth-child(5n+1), .woocommerce.mobile-columns-4 ul.products li.product:nth-child(4n+1), .woocommerce-page.mobile-columns-4 ul.products li.product:nth-child(4n+1), .woocommerce.mobile-columns-3 ul.products li.product:nth-child(3n+1), .woocommerce-page.mobile-columns-3 ul.products li.product:nth-child(3n+1), .woocommerce.mobile-columns-2 ul.products li.product:nth-child(2n+1), .woocommerce-page.mobile-columns-2 ul.products li.product:nth-child(2n+1), .woocommerce div.product .related.products ul.products li.product:nth-child(2n+1){clear:left;}}@media (min-width:922px){.ast-woo-shop-archive .site-content &gt; .ast-container{max-width:1240px;}}@media (min-width:922px){.woocommerce #content .ast-woocommerce-container div.product div.images, .woocommerce .ast-woocommerce-container div.product div.images, .woocommerce-page #content .ast-woocommerce-container div.product div.images, .woocommerce-page .ast-woocommerce-container div.product div.images{width:50%;}.woocommerce #content .ast-woocommerce-container div.product div.summary, .woocommerce .ast-woocommerce-container div.product div.summary, .woocommerce-page #content .ast-woocommerce-container div.product div.summary, .woocommerce-page .ast-woocommerce-container div.product div.summary{width:46%;}.woocommerce.woocommerce-checkout form #customer_details.col2-set .col-1, .woocommerce.woocommerce-checkout form #customer_details.col2-set .col-2, .woocommerce-page.woocommerce-checkout form #customer_details.col2-set .col-1, .woocommerce-page.woocommerce-checkout form #customer_details.col2-set .col-2{float:none;width:auto;}}.woocommerce a.button , .woocommerce button.button.alt ,.woocommerce-page table.cart td.actions .button, .woocommerce-page #content table.cart td.actions .button , .woocommerce a.button.alt ,.woocommerce .woocommerce-message a.button , .ast-site-header-cart .widget_shopping_cart .buttons .button.checkout, .woocommerce button.button.alt.disabled , .wc-block-grid__products .wc-block-grid__product .wp-block-button__link {border:solid;border-top-width:0;border-right-width:0;border-left-width:0;border-bottom-width:0;border-color:#3197d6;}.woocommerce a.button:hover , .woocommerce button.button.alt:hover , .woocommerce-page table.cart td.actions .button:hover, .woocommerce-page #content table.cart td.actions .button:hover, .woocommerce a.button.alt:hover ,.woocommerce .woocommerce-message a.button:hover , .ast-site-header-cart .widget_shopping_cart .buttons .button.checkout:hover , .woocommerce button.button.alt.disabled:hover , .wc-block-grid__products .wc-block-grid__product .wp-block-button__link:hover{border-color:#0084d6;}.widget_product_search button{flex:0 0 auto;padding:10px 20px;;}@media (min-width:922px){.woocommerce.woocommerce-checkout form #customer_details.col2-set, .woocommerce-page.woocommerce-checkout form #customer_details.col2-set{width:55%;float:left;margin-right:4.347826087%;}.woocommerce.woocommerce-checkout form #order_review, .woocommerce.woocommerce-checkout form #order_review_heading, .woocommerce-page.woocommerce-checkout form #order_review, .woocommerce-page.woocommerce-checkout form #order_review_heading{width:40%;float:right;margin-right:0;clear:right;}}
</style>
    <style id="woocommerce-inline-inline-css">
.woocommerce form .form-row .required { visibility: visible; }
</style>
    <script id="jquery-core-js" src="https://askomdch.com/wp-includes/js/jquery/jquery.min.js?ver=3.6.0"/>
    <script id="jquery-migrate-js" src="https://askomdch.com/wp-includes/js/jquery/jquery-migrate.min.js?ver=3.3.2"/>
    <link rel="canonical" href="https://askomdch.com/account/"/>
    <noscript>
      <style>.woocommerce-product-gallery{ opacity: 1 !important; }</style>
    </noscript>
    <style>.recentcomments a{display:inline !important;padding:0 !important;margin:0 !important;}</style>
  </head>
  <body class="page-template-default page page-id-1235 theme-astra woocommerce-account woocommerce-page woocommerce-no-js ast-single-post ast-mobile-inherit-site-logo ast-woocommerce-cart-menu ast-inherit-site-logo-transparent ast-theme-transparent-header ast-hfb-header ast-desktop ast-plain-container ast-no-sidebar astra-3.7.5" itemtype="https://schema.org/WebPage" itemscope="itemscope">
    <a shape="rect" class="skip-link screen-reader-text" href="#content" role="link" title="Skip to content">
Skip to content</a>
    <div class="hfeed site" id="page">
      <header class="site-header ast-primary-submenu-animation-slide-up header-main-layout-1 ast-primary-menu-enabled ast-builder-menu-toggle-icon ast-mobile-header-inline" id="masthead" itemtype="https://schema.org/WPHeader" itemscope="itemscope" itemid="#masthead">
        <div id="ast-desktop-header" data-toggle-type="dropdown">
          <div class="ast-main-header-wrap main-header-bar-wrap">
            <div class="ast-primary-header-bar ast-primary-header main-header-bar site-header-focus-item" data-section="section-primary-header-builder">
              <div class="site-primary-header-wrap ast-builder-grid-row-container site-header-focus-item ast-container" data-section="section-primary-header-builder">
                <div class="ast-builder-grid-row ast-builder-grid-row-has-sides ast-builder-grid-row-no-center">
                  <div class="site-header-primary-section-left site-header-section ast-flex site-header-section-left">
                    <div class="ast-builder-layout-element ast-flex site-header-focus-item" data-section="title_tagline">
                      <div class="site-branding ast-site-identity" itemtype="https://schema.org/Organization" itemscope="itemscope">
                        <div class="ast-site-title-wrap">
                          <span class="site-title" itemprop="name">
                            <a shape="rect" href="https://askomdch.com/" rel="home" itemprop="url">
AskOmDch
</a>
                          </span>
                        </div>
                      </div>
                    </div>
                  </div>
                  <div class="site-header-primary-section-right site-header-section ast-flex ast-grid-right-section">
                    <div class="ast-builder-menu-1 ast-builder-menu ast-flex ast-builder-menu-1-focus-item ast-builder-layout-element site-header-focus-item" data-section="section-hb-menu-1">
                      <div class="ast-main-header-bar-alignment">
                        <div class="main-header-bar-navigation">
                          <nav class="site-navigation ast-flex-grow-1 navigation-accessibility site-header-focus-item" id="primary-site-navigation" aria-label="Site Navigation" itemtype="https://schema.org/SiteNavigationElement" itemscope="itemscope">
                            <div class="main-navigation ast-inline-flex">
                              <ul class="main-header-menu ast-menu-shadow ast-nav-menu ast-flex submenu-with-border astra-menu-animation-slide-up stack-on-mobile" id="ast-hf-menu-1">
                                <li class="menu-item menu-item-type-post_type menu-item-object-page menu-item-home menu-item-1226" id="menu-item-1226">
                                  <a shape="rect" class="menu-link" href="https://askomdch.com/">Home</a>
                                </li>
                                <li class="menu-item menu-item-type-post_type menu-item-object-page menu-item-1227" id="menu-item-1227">
                                  <a shape="rect" class="menu-link" href="https://askomdch.com/store/">Store</a>
                                </li>
                                <li class="menu-item menu-item-type-taxonomy menu-item-object-product_cat menu-item-1228" id="menu-item-1228">
                                  <a shape="rect" class="menu-link" href="https://askomdch.com/product-category/men/">Men</a>
                                </li>
                                <li class="menu-item menu-item-type-taxonomy menu-item-object-product_cat menu-item-1229" id="menu-item-1229">
                                  <a shape="rect" class="menu-link" href="https://askomdch.com/product-category/women/">Women</a>
                                </li>
                                <li class="menu-item menu-item-type-taxonomy menu-item-object-product_cat menu-item-1230" id="menu-item-1230">
                                  <a shape="rect" class="menu-link" href="https://askomdch.com/product-category/accessories/">Accessories</a>
                                </li>
                                <li class="menu-item menu-item-type-post_type menu-item-object-page current-menu-item page_item page-item-1235 current_page_item menu-item-1237" id="menu-item-1237">
                                  <a shape="rect" class="menu-link" href="https://askomdch.com/account/" aria-current="page">Account</a>
                                </li>
                                <li class="menu-item menu-item-type-post_type menu-item-object-page menu-item-1232" id="menu-item-1232">
                                  <a shape="rect" class="menu-link" href="https://askomdch.com/about/">About</a>
                                </li>
                                <li class="menu-item menu-item-type-post_type menu-item-object-page menu-item-1233" id="menu-item-1233">
                                  <a shape="rect" class="menu-link" href="https://askomdch.com/contact-us/">Contact Us</a>
                                </li>
                              </ul>
                            </div>
                          </nav>
                        </div>
                      </div>
                    </div>
                    <div class="ast-builder-layout-element site-header-focus-item ast-header-woo-cart" data-section="section-header-woo-cart">
                      <div class="ast-site-header-cart ast-menu-cart-with-border ast-menu-cart-fill" id="ast-site-header-cart">
                        <div class="ast-site-header-cart-li">
                          <a shape="rect" class="cart-container" href="https://askomdch.com/cart/" title="View your shopping cart"/>
                          <div class="ast-cart-menu-wrap">
                            <span class="count">
0 </span>
                          </div>
                        </div>
                        <div class="ast-site-header-cart-data">
                          <div class="widget woocommerce widget_shopping_cart">
                            <div class="widget_shopping_cart_content"/>
                          </div>
                        </div>
                      </div>
                    </div>
                  </div>
                </div>
              </div>
            </div>
          </div>
          <div class="ast-desktop-header-content content-align-flex-start"/>
        </div>
        <div class="ast-mobile-header-wrap" id="ast-mobile-header" data-type="dropdown">
          <div class="ast-main-header-wrap main-header-bar-wrap">
            <div class="ast-primary-header-bar ast-primary-header main-header-bar site-primary-header-wrap site-header-focus-item ast-builder-grid-row-layout-default ast-builder-grid-row-tablet-layout-default ast-builder-grid-row-mobile-layout-default" data-section="section-primary-header-builder">
              <div class="ast-builder-grid-row ast-builder-grid-row-has-sides ast-builder-grid-row-no-center">
                <div class="site-header-primary-section-left site-header-section ast-flex site-header-section-left">
                  <div class="ast-builder-layout-element ast-flex site-header-focus-item" data-section="title_tagline">
                    <div class="site-branding ast-site-identity" itemtype="https://schema.org/Organization" itemscope="itemscope">
                      <div class="ast-site-title-wrap">
                        <span class="site-title" itemprop="name">
                          <a shape="rect" href="https://askomdch.com/" rel="home" itemprop="url">
AskOmDch
</a>
                        </span>
                      </div>
                    </div>
                  </div>
                </div>
                <div class="site-header-primary-section-right site-header-section ast-flex ast-grid-right-section">
                  <div class="ast-builder-layout-element site-header-focus-item ast-header-woo-cart" data-section="section-header-woo-cart">
                    <div class="ast-site-header-cart ast-menu-cart-with-border ast-menu-cart-fill" id="ast-site-header-cart">
                      <div class="ast-site-header-cart-li">
                        <a shape="rect" class="cart-container" href="https://askomdch.com/cart/" title="View your shopping cart"/>
                        <div class="ast-cart-menu-wrap">
                          <span class="count">
0 </span>
                        </div>
                      </div>
                      <div class="ast-site-header-cart-data">
                        <div class="widget woocommerce widget_shopping_cart">
                          <div class="widget_shopping_cart_content"/>
                        </div>
                      </div>
                    </div>
                  </div>
                  <div class="ast-builder-layout-element ast-flex site-header-focus-item" data-section="section-header-mobile-trigger">
                    <div class="ast-button-wrap">
                      <button type="button" class="menu-toggle main-header-menu-toggle ast-mobile-menu-trigger-minimal" aria-expanded="false">
                        <span class="screen-reader-text">Main Menu</span>
                        <span class="mobile-menu-toggle-icon">
                          <span class="ahfb-svg-iconset ast-inline-flex svg-baseline">
                            <svg class="ast-mobile-svg ast-menu2-svg" fill="currentColor" version="1.1" width="24" height="28" viewbox="0 0 24 28">
                              <path d="M24 21v2c0 0.547-0.453 1-1 1h-22c-0.547 0-1-0.453-1-1v-2c0-0.547 0.453-1 1-1h22c0.547 0 1 0.453 1 1zM24 13v2c0 0.547-0.453 1-1 1h-22c-0.547 0-1-0.453-1-1v-2c0-0.547 0.453-1 1-1h22c0.547 0 1 0.453 1 1zM24 5v2c0 0.547-0.453 1-1 1h-22c-0.547 0-1-0.453-1-1v-2c0-0.547 0.453-1 1-1h22c0.547 0 1 0.453 1 1z"/>
                            </svg>
                          </span>
                          <span class="ahfb-svg-iconset ast-inline-flex svg-baseline">
                            <svg class="ast-mobile-svg ast-close-svg" fill="currentColor" version="1.1" width="24" height="24" viewbox="0 0 24 24">
                              <path d="M5.293 6.707l5.293 5.293-5.293 5.293c-0.391 0.391-0.391 1.024 0 1.414s1.024 0.391 1.414 0l5.293-5.293 5.293 5.293c0.391 0.391 1.024 0.391 1.414 0s0.391-1.024 0-1.414l-5.293-5.293 5.293-5.293c0.391-0.391 0.391-1.024 0-1.414s-1.024-0.391-1.414 0l-5.293 5.293-5.293-5.293c-0.391-0.391-1.024-0.391-1.414 0s-0.391 1.024 0 1.414z"/>
                            </svg>
                          </span>
                        </span>
                      </button>
                    </div>
                  </div>
                </div>
              </div>
            </div>
          </div>
          <div class="ast-mobile-header-content content-align-flex-start">
            <div class="ast-builder-menu-1 ast-builder-menu ast-flex ast-builder-menu-1-focus-item ast-builder-layout-element site-header-focus-item" data-section="section-hb-menu-1">
              <div class="ast-main-header-bar-alignment">
                <div class="main-header-bar-navigation">
                  <nav class="site-navigation ast-flex-grow-1 navigation-accessibility site-header-focus-item" id="primary-site-navigation" aria-label="Site Navigation" itemtype="https://schema.org/SiteNavigationElement" itemscope="itemscope">
                    <div class="main-navigation ast-inline-flex">
                      <ul class="main-header-menu ast-menu-shadow ast-nav-menu ast-flex submenu-with-border astra-menu-animation-slide-up stack-on-mobile" id="ast-hf-menu-1">
                        <li class="menu-item menu-item-type-post_type menu-item-object-page menu-item-home menu-item-1226">
                          <a shape="rect" class="menu-link" href="https://askomdch.com/">Home</a>
                        </li>
                        <li class="menu-item menu-item-type-post_type menu-item-object-page menu-item-1227">
                          <a shape="rect" class="menu-link" href="https://askomdch.com/store/">Store</a>
                        </li>
                        <li class="menu-item menu-item-type-taxonomy menu-item-object-product_cat menu-item-1228">
                          <a shape="rect" class="menu-link" href="https://askomdch.com/product-category/men/">Men</a>
                        </li>
                        <li class="menu-item menu-item-type-taxonomy menu-item-object-product_cat menu-item-1229">
                          <a shape="rect" class="menu-link" href="https://askomdch.com/product-category/women/">Women</a>
                        </li>
                        <li class="menu-item menu-item-type-taxonomy menu-item-object-product_cat menu-item-1230">
                          <a shape="rect" class="menu-link" href="https://askomdch.com/product-category/accessories/">Accessories</a>
                        </li>
                        <li class="menu-item menu-item-type-post_type menu-item-object-page current-menu-item page_item page-item-1235 current_page_item menu-item-1237">
                          <a shape="rect" class="menu-link" href="https://askomdch.com/account/" aria-current="page">Account</a>
                        </li>
                        <li class="menu-item menu-item-type-post_type menu-item-object-page menu-item-1232">
                          <a shape="rect" class="menu-link" href="https://askomdch.com/about/">About</a>
                        </li>
                        <li class="menu-item menu-item-type-post_type menu-item-object-page menu-item-1233">
                          <a shape="rect" class="menu-link" href="https://askomdch.com/contact-us/">Contact Us</a>
                        </li>
                      </ul>
                    </div>
                  </nav>
                </div>
              </div>
            </div>
          </div>
        </div>
      </header>
      <div class="site-content" id="content">
        <div class="ast-container">
          <div class="content-area primary" id="primary">
            <main id="main" class="site-main">
              <article class="post-1235 page type-page status-publish ast-article-single" id="post-1235" itemtype="https://schema.org/CreativeWork" itemscope="itemscope">
                <header class="entry-header ast-header-without-markup"/>
                <div class="entry-content clear" itemprop="text">
                  <div class="wp-block-cover alignfull has-background-dim" style="background-color:#001d35;min-height:400px">
                    <div class="wp-block-cover__inner-container">
                      <h1 class="has-text-align-center">Account</h1>
                    </div>
                  </div>
                  <div class="wp-block-group alignfull">
                    <div class="wp-block-group__inner-container">
                      <div class="wp-block-columns">
                        <div class="wp-block-column" style="flex-basis:100%"/>
                      </div>
                      <div class="woocommerce">
                        <div class="woocommerce-notices-wrapper"/>
                        <div class="u-columns col2-set" id="customer_login">
                          <div class="u-column1 col-1">
                            <h2>Login</h2>
                            <form enctype="application/x-www-form-urlencoded" method="post" class="woocommerce-form woocommerce-form-login login">
                              <p class="woocommerce-form-row woocommerce-form-row--wide form-row form-row-wide">
                                <label for="username">
Username or email address                                   <span class="required">*</span>
                                </label>
                                <input type="text" class="woocommerce-Input woocommerce-Input--text input-text" id="username" name="username" autocomplete="username" value="value" _="_"/>
                              </p>
                              <p class="woocommerce-form-row woocommerce-form-row--wide form-row form-row-wide">
                                <label for="password">
Password                                   <span class="required">*</span>
                                </label>
                                <input type="password" class="woocommerce-Input woocommerce-Input--text input-text" id="password" name="password" autocomplete="current-password"/>
                              </p>
                              <p class="form-row">
                                <label class="woocommerce-form__label woocommerce-form__label-for-checkbox woocommerce-form-login__rememberme">
                                  <input type="checkbox" class="woocommerce-form__input woocommerce-form__input-checkbox" id="rememberme" name="rememberme" value="forever"/>
                                  <span>Remember me</span>
                                </label>
                                <input type="hidden" id="woocommerce-login-nonce" name="woocommerce-login-nonce" value="70dd927d96"/>
                                <input type="hidden" name="_wp_http_referer" value="/account/"/>
                                <button type="submit" class="woocommerce-button button woocommerce-form-login__submit" name="login" value="Log in">Log in</button>
                              </p>
                              <p class="woocommerce-LostPassword lost_password">
                                <a shape="rect" href="https://askomdch.com/account/lost-password/">Lost your password?</a>
                              </p>
                            </form>
                          </div>
                          <div class="u-column2 col-2">
                            <h2>Register</h2>
                            <form enctype="application/x-www-form-urlencoded" method="post" class="woocommerce-form woocommerce-form-register register">
                              <p class="woocommerce-form-row woocommerce-form-row--wide form-row form-row-wide">
                                <label for="reg_username">
Username                                   <span class="required">*</span>
                                </label>
                                <input type="text" class="woocommerce-Input woocommerce-Input--text input-text" id="reg_username" name="username" autocomplete="username" value="value" _="_"/>
                              </p>
                              <p class="woocommerce-form-row woocommerce-form-row--wide form-row form-row-wide">
                                <label for="reg_email">
Email address                                   <span class="required">*</span>
                                </label>
                                <input type="email" class="woocommerce-Input woocommerce-Input--text input-text" id="reg_email" name="email" autocomplete="email" value="value" _="_"/>
                              </p>
                              <p class="woocommerce-form-row woocommerce-form-row--wide form-row form-row-wide">
                                <label for="reg_password">
Password                                   <span class="required">*</span>
                                </label>
                                <input type="password" class="woocommerce-Input woocommerce-Input--text input-text" id="reg_password" name="password" autocomplete="new-password"/>
                              </p>
                              <div class="woocommerce-privacy-policy-text">
                                <p>TEST MODE ENABLED. DO NOT ENTER YOUR PERSONAL DATA.</p>
                              </div>
                              <p class="woocommerce-form-row form-row">
                                <input type="hidden" id="woocommerce-register-nonce" name="woocommerce-register-nonce" value="e82ccf66d5"/>
                                <input type="hidden" name="_wp_http_referer" value="/account/"/>
                                <button type="submit" class="woocommerce-Button woocommerce-button button woocommerce-form-register__submit" name="register" value="Register">Register</button>
                              </p>
                            </form>
                          </div>
                        </div>
                      </div>
                    </div>
                  </div>
                  <p/>
                </div>
              </article>
            </main>
          </div>
        </div>
      </div>
      <div class="astra-mobile-cart-overlay"/>
      <div class="astra-cart-drawer open-right" id="astra-mobile-cart-drawer">
        <div class="astra-cart-drawer-header">
          <button type="button" class="astra-cart-drawer-close">
            <span class="ahfb-svg-iconset ast-inline-flex svg-baseline">
              <svg class="ast-mobile-svg ast-close-svg" fill="currentColor" version="1.1" width="24" height="24" viewbox="0 0 24 24">
                <path d="M5.293 6.707l5.293 5.293-5.293 5.293c-0.391 0.391-0.391 1.024 0 1.414s1.024 0.391 1.414 0l5.293-5.293 5.293 5.293c0.391 0.391 1.024 0.391 1.414 0s0.391-1.024 0-1.414l-5.293-5.293 5.293-5.293c0.391-0.391 0.391-1.024 0-1.414s-1.024-0.391-1.414 0l-5.293 5.293-5.293-5.293c-0.391-0.391-1.024-0.391-1.414 0s-0.391 1.024 0 1.414z"/>
              </svg>
            </span>
          </button>
          <div class="astra-cart-drawer-title">
Shopping Cart </div>
        </div>
        <div class="astra-cart-drawer-content">
          <div class="widget woocommerce widget_shopping_cart">
            <div class="widget_shopping_cart_content"/>
          </div>
        </div>
      </div>
      <footer class="site-footer" id="colophon" itemtype="https://schema.org/WPFooter" itemscope="itemscope" itemid="#colophon">
        <div class="site-primary-footer-wrap ast-builder-grid-row-container site-footer-focus-item ast-builder-grid-row-4-equal ast-builder-grid-row-tablet-4-equal ast-builder-grid-row-mobile-full ast-footer-row-stack ast-footer-row-tablet-stack ast-footer-row-mobile-stack" data-section="section-primary-footer-builder">
          <div class="ast-builder-grid-row-container-inner">
            <div class="ast-builder-footer-grid-columns site-primary-footer-inner-wrap ast-builder-grid-row">
              <div class="site-footer-primary-section-1 site-footer-section site-footer-section-1">
                <aside class="footer-widget-area widget-area site-footer-focus-item" data-section="sidebar-widgets-footer-widget-1" aria-label="Footer Widget 1">
                  <div class="footer-widget-area-inner site-info-inner">
                    <section id="nav_menu-7" class="widget widget_nav_menu">
                      <h2 class="widget-title">Quick Links</h2>
                      <nav class="menu-quick-links-container" aria-label="Quick Links">
                        <ul class="menu" id="menu-quick-links">
                          <li class="menu-item menu-item-type-post_type menu-item-object-page menu-item-home menu-item-1254" id="menu-item-1254">
                            <a shape="rect" class="menu-link" href="https://askomdch.com/">Home</a>
                          </li>
                          <li class="menu-item menu-item-type-post_type menu-item-object-page menu-item-1255" id="menu-item-1255">
                            <a shape="rect" class="menu-link" href="https://askomdch.com/about/">About</a>
                          </li>
                          <li class="menu-item menu-item-type-post_type menu-item-object-page current-menu-item page_item page-item-1235 current_page_item menu-item-1256" id="menu-item-1256">
                            <a shape="rect" class="menu-link" href="https://askomdch.com/account/" aria-current="page">My Account</a>
                          </li>
                          <li class="menu-item menu-item-type-post_type menu-item-object-page menu-item-1257" id="menu-item-1257">
                            <a shape="rect" class="menu-link" href="https://askomdch.com/cart/">Cart</a>
                          </li>
                          <li class="menu-item menu-item-type-post_type menu-item-object-page menu-item-1258" id="menu-item-1258">
                            <a shape="rect" class="menu-link" href="https://askomdch.com/contact-us/">Contact Us</a>
                          </li>
                        </ul>
                      </nav>
                    </section>
                  </div>
                </aside>
              </div>
              <div class="site-footer-primary-section-2 site-footer-section site-footer-section-2">
                <aside class="footer-widget-area widget-area site-footer-focus-item" data-section="sidebar-widgets-footer-widget-2" aria-label="Footer Widget 2">
                  <div class="footer-widget-area-inner site-info-inner">
                    <section id="nav_menu-8" class="widget widget_nav_menu">
                      <h2 class="widget-title">For Her</h2>
                      <nav class="menu-for-her-container" aria-label="For Her">
                        <ul class="menu" id="menu-for-her">
                          <li class="menu-item menu-item-type-taxonomy menu-item-object-product_cat menu-item-1264" id="menu-item-1264">
                            <a shape="rect" class="menu-link" href="https://askomdch.com/product-category/women/">Women</a>
                          </li>
                          <li class="menu-item menu-item-type-taxonomy menu-item-object-product_cat menu-item-1266" id="menu-item-1266">
                            <a shape="rect" class="menu-link" href="https://askomdch.com/product-category/womens-jeans/">Women’s Jeans</a>
                          </li>
                          <li class="menu-item menu-item-type-taxonomy menu-item-object-product_cat menu-item-1265" id="menu-item-1265">
                            <a shape="rect" class="menu-link" href="https://askomdch.com/product-category/womens-shirts/">Women’s Shirts</a>
                          </li>
                          <li class="menu-item menu-item-type-taxonomy menu-item-object-product_cat menu-item-1267" id="menu-item-1267">
                            <a shape="rect" class="menu-link" href="https://askomdch.com/product-category/womens-shoes/">Women’s Shoes</a>
                          </li>
                          <li class="menu-item menu-item-type-taxonomy menu-item-object-product_cat menu-item-1268" id="menu-item-1268">
                            <a shape="rect" class="menu-link" href="https://askomdch.com/product-category/accessories/">Accessories</a>
                          </li>
                        </ul>
                      </nav>
                    </section>
                  </div>
                </aside>
              </div>
              <div class="site-footer-primary-section-3 site-footer-section site-footer-section-3">
                <aside class="footer-widget-area widget-area site-footer-focus-item" data-section="sidebar-widgets-footer-widget-3" aria-label="Footer Widget 3">
                  <div class="footer-widget-area-inner site-info-inner">
                    <section id="nav_menu-12" class="widget widget_nav_menu">
                      <h2 class="widget-title">For Him</h2>
                      <nav class="menu-for-him-container" aria-label="For Him">
                        <ul class="menu" id="menu-for-him">
                          <li class="menu-item menu-item-type-taxonomy menu-item-object-product_cat menu-item-1263" id="menu-item-1263">
                            <a shape="rect" class="menu-link" href="https://askomdch.com/product-category/men/">Men</a>
                          </li>
                          <li class="menu-item menu-item-type-taxonomy menu-item-object-product_cat menu-item-1259" id="menu-item-1259">
                            <a shape="rect" class="menu-link" href="https://askomdch.com/product-category/mens-jeans/">Men’s Jeans</a>
                          </li>
                          <li class="menu-item menu-item-type-taxonomy menu-item-object-product_cat menu-item-1260" id="menu-item-1260">
                            <a shape="rect" class="menu-link" href="https://askomdch.com/product-category/mens-shirts/">Men’s Shirts</a>
                          </li>
                          <li class="menu-item menu-item-type-taxonomy menu-item-object-product_cat menu-item-1261" id="menu-item-1261">
                            <a shape="rect" class="menu-link" href="https://askomdch.com/product-category/mens-shoes/">Men’s Shoes</a>
                          </li>
                          <li class="menu-item menu-item-type-taxonomy menu-item-object-product_cat menu-item-1262" id="menu-item-1262">
                            <a shape="rect" class="menu-link" href="https://askomdch.com/product-category/accessories/">Accessories</a>
                          </li>
                        </ul>
                      </nav>
                    </section>
                  </div>
                </aside>
              </div>
              <div class="site-footer-primary-section-4 site-footer-section site-footer-section-4">
                <aside class="footer-widget-area widget-area site-footer-focus-item" data-section="sidebar-widgets-footer-widget-4" aria-label="Footer Widget 4">
                  <div class="footer-widget-area-inner site-info-inner">
                    <section id="text-2" class="widget widget_text">
                      <h2 class="widget-title">AOD on Mobile</h2>
                      <div class="textwidget">
                        <p>
                          <a shape="rect" href="https://www.apple.com/in/app-store/" target="_blank" rel="noopener">
                            <img class="alignnone wp-image-1475 size-full" src="https://askomdch.com/wp-content/uploads/2021/06/image-60-compressed.jpg" alt="alt" width="300" height="90"/>
                          </a>
                          <a shape="rect" href="https://play.google.com/store" target="_blank" rel="noopener">
                            <img class="alignnone wp-image-1473 size-full" src="https://askomdch.com/wp-content/uploads/2021/06/image-41-compressed.jpg" alt="alt" width="300" height="90"/>
                          </a>
                        </p>
                      </div>
                    </section>
                  </div>
                </aside>
              </div>
            </div>
          </div>
        </div>
        <div class="site-below-footer-wrap ast-builder-grid-row-container site-footer-focus-item ast-builder-grid-row-2-equal ast-builder-grid-row-tablet-2-equal ast-builder-grid-row-mobile-full ast-footer-row-stack ast-footer-row-tablet-stack ast-footer-row-mobile-stack" data-section="section-below-footer-builder">
          <div class="ast-builder-grid-row-container-inner">
            <div class="ast-builder-footer-grid-columns site-below-footer-inner-wrap ast-builder-grid-row">
              <div class="site-footer-below-section-1 site-footer-section site-footer-section-1">
                <div class="ast-builder-layout-element ast-flex site-footer-focus-item ast-footer-copyright" data-section="section-footer-builder">
                  <div class="ast-footer-copyright">
                    <p>Copyright © 2023 AskOmDch</p>
                  </div>
                </div>
              </div>
              <div class="site-footer-below-section-2 site-footer-section site-footer-section-2">
                <div class="footer-widget-area widget-area site-footer-focus-item ast-footer-html-1" data-section="section-fb-html-1">
                  <div class="ast-header-html inner-link-style-">
                    <div class="ast-builder-html-element">
                      <p>Powered by AskOmDch</p>
                    </div>
                  </div>
                </div>
              </div>
            </div>
          </div>
        </div>
      </footer>
    </div>
    <script type="text/javascript">
		(function () {
			var c = document.body.className;
			c = c.replace(/woocommerce-no-js/, 'woocommerce-js');
			document.body.className = c;
		})();
	</script>
    <script id="astra-theme-js-js-extra">
var astra = {"break_point":"921","isRtl":""};
</script>
    <script id="astra-theme-js-js" src="https://askomdch.com/wp-content/themes/astra/assets/js/minified/frontend.min.js?ver=3.7.5"/>
    <script id="astra-mobile-cart-js" src="https://askomdch.com/wp-content/themes/astra/assets/js/minified/mobile-cart.min.js?ver=3.7.5"/>
    <script id="js-cookie-js" src="https://askomdch.com/wp-content/plugins/woocommerce/assets/js/js-cookie/js.cookie.min.js?ver=2.1.4-wc.7.2.1"/>
    <script id="wc-cart-fragments-js-extra">
var wc_cart_fragments_params = {"ajax_url":"\/wp-admin\/admin-ajax.php","wc_ajax_url":"\/?wc-ajax=%%endpoint%%","cart_hash_key":"wc_cart_hash_ce7302d8a5b087b54dd768c76987f650","fragment_name":"wc_fragments_ce7302d8a5b087b54dd768c76987f650","request_timeout":"5000"};
</script>
    <script id="wc-cart-fragments-js" src="https://askomdch.com/wp-content/plugins/woocommerce/assets/js/frontend/cart-fragments.min.js?ver=7.2.1"/>
    <script id="rocket-browser-checker-js-after">
"use strict";var _createClass=function(){function defineProperties(target,props){for(var i=0;i&lt;props.length;i++){var descriptor=props[i];descriptor.enumerable=descriptor.enumerable||!1,descriptor.configurable=!0,"value"in descriptor&amp;&amp;(descriptor.writable=!0),Object.defineProperty(target,descriptor.key,descriptor)}}return function(Constructor,protoProps,staticProps){return protoProps&amp;&amp;defineProperties(Constructor.prototype,protoProps),staticProps&amp;&amp;defineProperties(Constructor,staticProps),Constructor}}();function _classCallCheck(instance,Constructor){if(!(instance instanceof Constructor))throw new TypeError("Cannot call a class as a function")}var RocketBrowserCompatibilityChecker=function(){function RocketBrowserCompatibilityChecker(options){_classCallCheck(this,RocketBrowserCompatibilityChecker),this.passiveSupported=!1,this._checkPassiveOption(this),this.options=!!this.passiveSupported&amp;&amp;options}return _createClass(RocketBrowserCompatibilityChecker,[{key:"_checkPassiveOption",value:function(self){try{var options={get passive(){return!(self.passiveSupported=!0)}};window.addEventListener("test",null,options),window.removeEventListener("test",null,options)}catch(err){self.passiveSupported=!1}}},{key:"initRequestIdleCallback",value:function(){!1 in window&amp;&amp;(window.requestIdleCallback=function(cb){var start=Date.now();return setTimeout(function(){cb({didTimeout:!1,timeRemaining:function(){return Math.max(0,50-(Date.now()-start))}})},1)}),!1 in window&amp;&amp;(window.cancelIdleCallback=function(id){return clearTimeout(id)})}},{key:"isDataSaverModeOn",value:function(){return"connection"in navigator&amp;&amp;!0===navigator.connection.saveData}},{key:"supportsLinkPrefetch",value:function(){var elem=document.createElement("link");return elem.relList&amp;&amp;elem.relList.supports&amp;&amp;elem.relList.supports("prefetch")&amp;&amp;window.IntersectionObserver&amp;&amp;"isIntersecting"in IntersectionObserverEntry.prototype}},{key:"isSlowConnection",value:function(){return"connection"in navigator&amp;&amp;"effectiveType"in navigator.connection&amp;&amp;("2g"===navigator.connection.effectiveType||"slow-2g"===navigator.connection.effectiveType)}}]),RocketBrowserCompatibilityChecker}();
</script>
    <script id="rocket-preload-links-js-extra">
var RocketPreloadLinksConfig = {"excludeUris":"\/(?:.+\/)?feed(?:\/(?:.+\/?)?)?$|\/(?:.+\/)?embed\/|\/checkout\/|\/cart\/|\/account\/|\/wc-api\/v(.*)|\/(index\\.php\/)?wp\\-json(\/.*|$)|\/refer\/|\/go\/|\/recommend\/|\/recommends\/","usesTrailingSlash":"1","imageExt":"jpg|jpeg|gif|png|tiff|bmp|webp|avif|pdf|doc|docx|xls|xlsx|php","fileExt":"jpg|jpeg|gif|png|tiff|bmp|webp|avif|pdf|doc|docx|xls|xlsx|php|html|htm","siteUrl":"https:\/\/askomdch.com","onHoverDelay":"100","rateThrottle":"3"};
</script>
    <script id="rocket-preload-links-js-after">
(function() {
"use strict";var r="function"==typeof Symbol&amp;&amp;"symbol"==typeof Symbol.iterator?function(e){return typeof e}:function(e){return e&amp;&amp;"function"==typeof Symbol&amp;&amp;e.constructor===Symbol&amp;&amp;e!==Symbol.prototype?"symbol":typeof e},e=function(){function i(e,t){for(var n=0;n&lt;t.length;n++){var i=t[n];i.enumerable=i.enumerable||!1,i.configurable=!0,"value"in i&amp;&amp;(i.writable=!0),Object.defineProperty(e,i.key,i)}}return function(e,t,n){return t&amp;&amp;i(e.prototype,t),n&amp;&amp;i(e,n),e}}();function i(e,t){if(!(e instanceof t))throw new TypeError("Cannot call a class as a function")}var t=function(){function n(e,t){i(this,n),this.browser=e,this.config=t,this.options=this.browser.options,this.prefetched=new Set,this.eventTime=null,this.threshold=1111,this.numOnHover=0}return e(n,[{key:"init",value:function(){!this.browser.supportsLinkPrefetch()||this.browser.isDataSaverModeOn()||this.browser.isSlowConnection()||(this.regex={excludeUris:RegExp(this.config.excludeUris,"i"),images:RegExp(".("+this.config.imageExt+")$","i"),fileExt:RegExp(".("+this.config.fileExt+")$","i")},this._initListeners(this))}},{key:"_initListeners",value:function(e){-1&lt;this.config.onHoverDelay&amp;&amp;document.addEventListener("mouseover",e.listener.bind(e),e.listenerOptions),document.addEventListener("mousedown",e.listener.bind(e),e.listenerOptions),document.addEventListener("touchstart",e.listener.bind(e),e.listenerOptions)}},{key:"listener",value:function(e){var t=e.target.closest("a"),n=this._prepareUrl(t);if(null!==n)switch(e.type){case"mousedown":case"touchstart":this._addPrefetchLink(n);break;case"mouseover":this._earlyPrefetch(t,n,"mouseout")}}},{key:"_earlyPrefetch",value:function(t,e,n){var i=this,r=setTimeout(function(){if(r=null,0===i.numOnHover)setTimeout(function(){return i.numOnHover=0},1e3);else if(i.numOnHover&gt;i.config.rateThrottle)return;i.numOnHover++,i._addPrefetchLink(e)},this.config.onHoverDelay);t.addEventListener(n,function e(){t.removeEventListener(n,e,{passive:!0}),null!==r&amp;&amp;(clearTimeout(r),r=null)},{passive:!0})}},{key:"_addPrefetchLink",value:function(i){return this.prefetched.add(i.href),new Promise(function(e,t){var n=document.createElement("link");n.rel="prefetch",n.href=i.href,n.onload=e,n.onerror=t,document.head.appendChild(n)}).catch(function(){})}},{key:"_prepareUrl",value:function(e){if(null===e||"object"!==(void 0===e?"undefined":r(e))||!1 in e||-1===["http:","https:"].indexOf(e.protocol))return null;var t=e.href.substring(0,this.config.siteUrl.length),n=this._getPathname(e.href,t),i={original:e.href,protocol:e.protocol,origin:t,pathname:n,href:t+n};return this._isLinkOk(i)?i:null}},{key:"_getPathname",value:function(e,t){var n=t?e.substring(this.config.siteUrl.length):e;return n.startsWith("/")||(n="/"+n),this._shouldAddTrailingSlash(n)?n+"/":n}},{key:"_shouldAddTrailingSlash",value:function(e){return this.config.usesTrailingSlash&amp;&amp;!e.endsWith("/")&amp;&amp;!this.regex.fileExt.test(e)}},{key:"_isLinkOk",value:function(e){return null!==e&amp;&amp;"object"===(void 0===e?"undefined":r(e))&amp;&amp;(!this.prefetched.has(e.href)&amp;&amp;e.origin===this.config.siteUrl&amp;&amp;-1===e.href.indexOf("?")&amp;&amp;-1===e.href.indexOf("#")&amp;&amp;!this.regex.excludeUris.test(e.href)&amp;&amp;!this.regex.images.test(e.href))}}],[{key:"run",value:function(){"undefined"!=typeof RocketPreloadLinksConfig&amp;&amp;new n(new RocketBrowserCompatibilityChecker({capture:!0,passive:!0}),RocketPreloadLinksConfig).init()}}]),n}();t.run();
}());
</script>
    <script>
			/(trident|msie)/i.test(navigator.userAgent)&amp;&amp;document.getElementById&amp;&amp;window.addEventListener&amp;&amp;window.addEventListener("hashchange",function(){var t,e=location.hash.substring(1);/^[A-z0-9_-]+$/.test(e)&amp;&amp;(t=document.getElementById(e))&amp;&amp;(/^(?:a|select|input|button|textarea)$/i.test(t.tagName)||(t.tabIndex=-1),t.focus())},!1);
			</script>
  </body>
</html>
<html lang="en-US">
  <head>
    <meta charset="UTF-8"/>
    <meta name="viewport" content="width=device-width, initial-scale=1"/>
    <link rel="profile" href="https://gmpg.org/xfn/11"/>
    <title>Account – AskOmDch</title>
    <meta name="robots" content="max-image-preview:large, noindex, follow"/>
    <link id="astra-theme-css-css" rel="stylesheet" href="https://askomdch.com/wp-content/themes/astra/assets/css/minified/frontend.min.css?ver=3.7.5" media="all"/>
    <style id="astra-theme-css-inline-css">
html{font-size:93.75%;}a,.page-title{color:#4e4e4e;}a:hover,a:focus{color:#0084d6;}body,button,input,select,textarea,.ast-button,.ast-custom-button{font-family:'Lato',sans-serif;font-weight:400;font-size:15px;font-size:1rem;}blockquote{color:#000000;}h1,.entry-content h1,.entry-content h1 a,h2,.entry-content h2,.entry-content h2 a,h3,.entry-content h3,.entry-content h3 a,h4,.entry-content h4,.entry-content h4 a,h5,.entry-content h5,.entry-content h5 a,h6,.entry-content h6,.entry-content h6 a,.site-title,.site-title a{font-family:'Lato',sans-serif;font-weight:700;}.site-title{font-size:35px;font-size:2.3333333333333rem;display:block;}header .custom-logo-link img{max-width:140px;}.astra-logo-svg{width:140px;}.ast-archive-description .ast-archive-title{font-size:40px;font-size:2.6666666666667rem;}.site-header .site-description{font-size:15px;font-size:1rem;display:none;}.entry-title{font-size:30px;font-size:2rem;}h1,.entry-content h1,.entry-content h1 a{font-size:58px;font-size:3.8666666666667rem;font-family:'Lato',sans-serif;}h2,.entry-content h2,.entry-content h2 a{font-size:42px;font-size:2.8rem;font-family:'Lato',sans-serif;}h3,.entry-content h3,.entry-content h3 a{font-size:30px;font-size:2rem;font-family:'Lato',sans-serif;}h4,.entry-content h4,.entry-content h4 a{font-size:20px;font-size:1.3333333333333rem;font-family:'Lato',sans-serif;}h5,.entry-content h5,.entry-content h5 a{font-size:18px;font-size:1.2rem;font-family:'Lato',sans-serif;}h6,.entry-content h6,.entry-content h6 a{font-size:15px;font-size:1rem;font-family:'Lato',sans-serif;}.ast-single-post .entry-title,.page-title{font-size:30px;font-size:2rem;}::selection{background-color:#54595f;color:#ffffff;}body,h1,.entry-title a,.entry-content h1,.entry-content h1 a,h2,.entry-content h2,.entry-content h2 a,h3,.entry-content h3,.entry-content h3 a,h4,.entry-content h4,.entry-content h4 a,h5,.entry-content h5,.entry-content h5 a,h6,.entry-content h6,.entry-content h6 a{color:#333333;}.tagcloud a:hover,.tagcloud a:focus,.tagcloud a.current-item{color:#ffffff;border-color:#4e4e4e;background-color:#4e4e4e;}input:focus,input[type="text"]:focus,input[type="email"]:focus,input[type="url"]:focus,input[type="password"]:focus,input[type="reset"]:focus,input[type="search"]:focus,textarea:focus{border-color:#4e4e4e;}input[type="radio"]:checked,input[type=reset],input[type="checkbox"]:checked,input[type="checkbox"]:hover:checked,input[type="checkbox"]:focus:checked,input[type=range]::-webkit-slider-thumb{border-color:#4e4e4e;background-color:#4e4e4e;box-shadow:none;}.site-footer a:hover + .post-count,.site-footer a:focus + .post-count{background:#4e4e4e;border-color:#4e4e4e;}.single .nav-links .nav-previous,.single .nav-links .nav-next{color:#4e4e4e;}.entry-meta,.entry-meta *{line-height:1.45;color:#4e4e4e;}.entry-meta a:hover,.entry-meta a:hover *,.entry-meta a:focus,.entry-meta a:focus *,.page-links &gt; .page-link,.page-links .page-link:hover,.post-navigation a:hover{color:#0084d6;}#cat option,.secondary .calendar_wrap thead a,.secondary .calendar_wrap thead a:visited{color:#4e4e4e;}.secondary .calendar_wrap #today,.ast-progress-val span{background:#4e4e4e;}.secondary a:hover + .post-count,.secondary a:focus + .post-count{background:#4e4e4e;border-color:#4e4e4e;}.calendar_wrap #today &gt; a{color:#ffffff;}.page-links .page-link,.single .post-navigation a{color:#4e4e4e;}.widget-title{font-size:21px;font-size:1.4rem;color:#333333;}@media (max-width:921px){#ast-desktop-header{display:none;}}@media (min-width:921px){#ast-mobile-header{display:none;}}.ast-site-header-cart .cart-container,.ast-edd-site-header-cart .ast-edd-cart-container {transition: all 0.2s linear;}.ast-site-header-cart .ast-woo-header-cart-info-wrap,.ast-edd-site-header-cart .ast-edd-header-cart-info-wrap {padding: 0 2px;font-weight: 600;line-height: 2.7;display: inline-block;}.ast-site-header-cart i.astra-icon {font-size: 20px;font-size: 1.3em;font-style: normal;font-weight: normal;position: relative;padding: 0 2px;}.ast-site-header-cart i.astra-icon.no-cart-total:after,.ast-header-break-point.ast-header-custom-item-outside .ast-edd-header-cart-info-wrap,.ast-header-break-point.ast-header-custom-item-outside .ast-woo-header-cart-info-wrap {display: none;}.ast-site-header-cart.ast-menu-cart-fill i.astra-icon,.ast-edd-site-header-cart.ast-edd-menu-cart-fill span.astra-icon {font-size: 1.1em;}.astra-cart-drawer {position: fixed;display: block;visibility: hidden;overflow: auto;-webkit-overflow-scrolling: touch;z-index: 9999;background-color: #fff;transition: all 0.5s ease;transform: translate3d(0,0,0);}.astra-cart-drawer.open-right {width: 80%;height: 100%;left: 100%;top: 0px;transform: translate3d(0%,0,0);}.astra-cart-drawer.active {transform: translate3d(-100%,0,0);visibility: visible;}.astra-cart-drawer .astra-cart-drawer-header {text-align: center;text-transform: uppercase;font-weight: 400;border-bottom: 1px solid #f0f0f0;padding: 0 0 0.675rem;}.astra-cart-drawer .astra-cart-drawer-close .ast-close-svg {width: 22px;height: 22px; }.astra-cart-drawer .astra-cart-drawer-title {padding-top: 5px;}.astra-cart-drawer .astra-cart-drawer-content .woocommerce-mini-cart {padding: 1em 1.5em;}.astra-cart-drawer .astra-cart-drawer-content .woocommerce-mini-cart a.remove {width: 20px;height: 20px;line-height: 16px;}.astra-cart-drawer .astra-cart-drawer-content .woocommerce-mini-cart__total {padding: 1em 1.5em;margin: 0;text-align: center;}.astra-cart-drawer .astra-cart-drawer-content .woocommerce-mini-cart__buttons {padding: 10px;text-align: center;} .astra-cart-drawer .astra-cart-drawer-content .woocommerce-mini-cart__buttons .button.checkout {margin-right: 0;}.astra-cart-drawer .astra-cart-drawer-content .edd-cart-item {padding: .5em 2.6em .5em 1.5em;}.astra-cart-drawer .astra-cart-drawer-content .edd-cart-item .edd-remove-from-cart::after {width: 20px;height: 20px;line-height: 16px;}.astra-cart-drawer .astra-cart-drawer-content .edd-cart-number-of-items {padding: 1em 1.5em 1em 1.5em;margin-bottom: 0;text-align: center;}.astra-cart-drawer .astra-cart-drawer-content .edd_total {padding: .5em 1.5em;margin: 0;text-align: center;}.astra-cart-drawer .astra-cart-drawer-content .cart_item.edd_checkout {padding: 1em 1.5em 0;text-align: center;margin-top: 0;}.astra-cart-drawer .woocommerce-mini-cart__empty-message,.astra-cart-drawer .cart_item.empty {text-align: center;margin-top: 10px;}body.admin-bar .astra-cart-drawer {padding-top: 32px;}body.admin-bar .astra-cart-drawer .astra-cart-drawer-close {top: 32px;}@media (max-width: 782px) {body.admin-bar .astra-cart-drawer {padding-top: 46px;}body.admin-bar .astra-cart-drawer .astra-cart-drawer-close {top: 46px;}}.ast-mobile-cart-active body.ast-hfb-header {overflow: hidden;}.ast-mobile-cart-active .astra-mobile-cart-overlay {opacity: 1;cursor: pointer;visibility: visible;z-index: 999;}@media (max-width: 545px) {.astra-cart-drawer.active {width: 100%;}}.ast-site-header-cart i.astra-icon:after {content: attr(data-cart-total);position: absolute;font-style: normal;top: -10px;right: -12px;font-weight: bold;box-shadow: 1px 1px 3px 0px rgba(0,0,0,0.3);font-size: 11px;padding-left: 0px;padding-right: 2px;line-height: 17px;letter-spacing: -.5px;height: 18px;min-width: 18px;border-radius: 99px;text-align: center;z-index: 3;}li.woocommerce-custom-menu-item .ast-site-header-cart i.astra-icon:after,li.edd-custom-menu-item .ast-edd-site-header-cart span.astra-icon:after {padding-left: 2px;}.astra-cart-drawer .astra-cart-drawer-close {position: absolute;top: 0;right: 0;margin: 0;padding: .6em 1em .4em;color: #ababab;background-color: transparent;}.astra-mobile-cart-overlay {background-color: rgba(0,0,0,0.4);position: fixed;top: 0;right: 0;bottom: 0;left: 0;visibility: hidden;opacity: 0;transition: opacity 0.2s ease-in-out;}.astra-cart-drawer .astra-cart-drawer-content .edd-cart-item .edd-remove-from-cart {right: 1.2em;}.ast-header-break-point.ast-woocommerce-cart-menu.ast-hfb-header .ast-cart-menu-wrap,.ast-header-break-point.ast-hfb-header .ast-cart-menu-wrap,.ast-header-break-point .ast-edd-site-header-cart-wrap .ast-edd-cart-menu-wrap {width: 2em;height: 2em;font-size: 1.4em;line-height: 2;vertical-align: middle;text-align: right;}.ast-site-header-cart.ast-menu-cart-outline .ast-cart-menu-wrap,.ast-site-header-cart.ast-menu-cart-fill .ast-cart-menu-wrap,.ast-edd-site-header-cart.ast-edd-menu-cart-outline .ast-edd-cart-menu-wrap,.ast-edd-site-header-cart.ast-edd-menu-cart-fill .ast-edd-cart-menu-wrap {line-height: 1.8;}.ast-site-header-cart .cart-container *,.ast-edd-site-header-cart .ast-edd-cart-container * {transition: all 0s linear;}.wp-block-buttons.aligncenter{justify-content:center;}@media (min-width:1200px){.wp-block-group .has-background{padding:20px;}}@media (min-width:1200px){.ast-no-sidebar.ast-separate-container .entry-content .wp-block-group.alignwide,.ast-no-sidebar.ast-separate-container .entry-content .wp-block-cover.alignwide{margin-left:-20px;margin-right:-20px;padding-left:20px;padding-right:20px;}.ast-no-sidebar.ast-separate-container .entry-content .wp-block-cover.alignfull,.ast-no-sidebar.ast-separate-container .entry-content .wp-block-group.alignfull{margin-left:-6.67em;margin-right:-6.67em;padding-left:6.67em;padding-right:6.67em;}}@media (min-width:1200px){.wp-block-cover-image.alignwide .wp-block-cover__inner-container,.wp-block-cover.alignwide .wp-block-cover__inner-container,.wp-block-cover-image.alignfull .wp-block-cover__inner-container,.wp-block-cover.alignfull .wp-block-cover__inner-container{width:100%;}}.ast-plain-container.ast-no-sidebar #primary{margin-top:0;margin-bottom:0;}@media (max-width:921px){.ast-theme-transparent-header #primary,.ast-theme-transparent-header #secondary{padding:0;}}.wp-block-columns{margin-bottom:unset;}.wp-block-image.size-full{margin:2rem 0;}.wp-block-separator.has-background{padding:0;}.wp-block-gallery{margin-bottom:1.6em;}.wp-block-group{padding-top:4em;padding-bottom:4em;}.wp-block-group__inner-container .wp-block-columns:last-child,.wp-block-group__inner-container :last-child,.wp-block-table table{margin-bottom:0;}.blocks-gallery-grid{width:100%;}.wp-block-navigation-link__content{padding:5px 0;}.wp-block-group .wp-block-group .has-text-align-center,.wp-block-group .wp-block-column .has-text-align-center{max-width:100%;}.has-text-align-center{margin:0 auto;}@media (min-width:1200px){.wp-block-cover__inner-container,.alignwide .wp-block-group__inner-container,.alignfull .wp-block-group__inner-container{max-width:1200px;margin:0 auto;}.wp-block-group.alignnone,.wp-block-group.aligncenter,.wp-block-group.alignleft,.wp-block-group.alignright,.wp-block-group.alignwide,.wp-block-columns.alignwide{margin:2rem 0 1rem 0;}}@media (max-width:1200px){.wp-block-group{padding:3em;}.wp-block-group .wp-block-group{padding:1.5em;}.wp-block-columns,.wp-block-column{margin:1rem 0;}}@media (min-width:921px){.wp-block-columns .wp-block-group{padding:2em;}}@media (max-width:544px){.wp-block-cover-image .wp-block-cover__inner-container,.wp-block-cover .wp-block-cover__inner-container{width:unset;}.wp-block-cover,.wp-block-cover-image{padding:2em 0;}.wp-block-group,.wp-block-cover{padding:2em;}.wp-block-media-text__media img,.wp-block-media-text__media video{width:unset;max-width:100%;}.wp-block-media-text.has-background .wp-block-media-text__content{padding:1em;}}@media (max-width:921px){.ast-plain-container.ast-no-sidebar #primary{padding:0;}}@media (min-width:544px){.entry-content .wp-block-media-text.has-media-on-the-right .wp-block-media-text__content{padding:0 8% 0 0;}.entry-content .wp-block-media-text .wp-block-media-text__content{padding:0 0 0 8%;}.ast-plain-container .site-content .entry-content .has-custom-content-position.is-position-bottom-left &gt; *,.ast-plain-container .site-content .entry-content .has-custom-content-position.is-position-bottom-right &gt; *,.ast-plain-container .site-content .entry-content .has-custom-content-position.is-position-top-left &gt; *,.ast-plain-container .site-content .entry-content .has-custom-content-position.is-position-top-right &gt; *,.ast-plain-container .site-content .entry-content .has-custom-content-position.is-position-center-right &gt; *,.ast-plain-container .site-content .entry-content .has-custom-content-position.is-position-center-left &gt; *{margin:0;}}@media (max-width:544px){.entry-content .wp-block-media-text .wp-block-media-text__content{padding:8% 0;}.wp-block-media-text .wp-block-media-text__media img{width:auto;max-width:100%;}}@media (max-width:921px){.ast-separate-container .ast-article-post,.ast-separate-container .ast-article-single{padding:1.5em 2.14em;}.ast-separate-container #primary,.ast-separate-container #secondary{padding:1.5em 0;}#primary,#secondary{padding:1.5em 0;margin:0;}.ast-left-sidebar #content &gt; .ast-container{display:flex;flex-direction:column-reverse;width:100%;}.ast-author-box img.avatar{margin:20px 0 0 0;}}@media (min-width:922px){.ast-separate-container.ast-right-sidebar #primary,.ast-separate-container.ast-left-sidebar #primary{border:0;}.search-no-results.ast-separate-container #primary{margin-bottom:4em;}}.elementor-button-wrapper .elementor-button{border-style:solid;text-decoration:none;border-top-width:0;border-right-width:0;border-left-width:0;border-bottom-width:0;}body .elementor-button.elementor-size-sm,body .elementor-button.elementor-size-xs,body .elementor-button.elementor-size-md,body .elementor-button.elementor-size-lg,body .elementor-button.elementor-size-xl,body .elementor-button{border-radius:0;padding-top:17px;padding-right:30px;padding-bottom:17px;padding-left:30px;}.elementor-button-wrapper .elementor-button{border-color:#3197d6;background-color:#3197d6;}.elementor-button-wrapper .elementor-button:hover,.elementor-button-wrapper .elementor-button:focus{color:#ffffff;background-color:#0084d6;border-color:#0084d6;}.wp-block-button .wp-block-button__link ,.elementor-button-wrapper .elementor-button,.elementor-button-wrapper .elementor-button:visited{color:#ffffff;}.elementor-button-wrapper .elementor-button{font-family:inherit;font-weight:inherit;line-height:1;text-transform:uppercase;letter-spacing:1px;}body .elementor-button.elementor-size-sm,body .elementor-button.elementor-size-xs,body .elementor-button.elementor-size-md,body .elementor-button.elementor-size-lg,body .elementor-button.elementor-size-xl,body .elementor-button{font-size:15px;font-size:1rem;}.wp-block-button .wp-block-button__link:hover,.wp-block-button .wp-block-button__link:focus{color:#ffffff;background-color:#0084d6;border-color:#0084d6;}.wp-block-button .wp-block-button__link{border-style:solid;border-top-width:0;border-right-width:0;border-left-width:0;border-bottom-width:0;border-color:#3197d6;background-color:#3197d6;color:#ffffff;font-family:inherit;font-weight:inherit;line-height:1;text-transform:uppercase;letter-spacing:1px;font-size:15px;font-size:1rem;border-radius:0;}.wp-block-buttons .wp-block-button .wp-block-button__link{padding-top:17px;padding-right:30px;padding-bottom:17px;padding-left:30px;}.menu-toggle,button,.ast-button,.ast-custom-button,.button,input#submit,input[type="button"],input[type="submit"],input[type="reset"]{border-style:solid;border-top-width:0;border-right-width:0;border-left-width:0;border-bottom-width:0;color:#ffffff;border-color:#3197d6;background-color:#3197d6;border-radius:0;padding-top:17px;padding-right:30px;padding-bottom:17px;padding-left:30px;font-family:inherit;font-weight:inherit;font-size:15px;font-size:1rem;line-height:1;text-transform:uppercase;letter-spacing:1px;}button:focus,.menu-toggle:hover,button:hover,.ast-button:hover,.ast-custom-button:hover .button:hover,.ast-custom-button:hover ,input[type=reset]:hover,input[type=reset]:focus,input#submit:hover,input#submit:focus,input[type="button"]:hover,input[type="button"]:focus,input[type="submit"]:hover,input[type="submit"]:focus{color:#ffffff;background-color:#0084d6;border-color:#0084d6;}@media (min-width:544px){.ast-container{max-width:100%;}}@media (max-width:544px){.ast-separate-container .ast-article-post,.ast-separate-container .ast-article-single,.ast-separate-container .comments-title,.ast-separate-container .ast-archive-description{padding:1.5em 1em;}.ast-separate-container #content .ast-container{padding-left:0.54em;padding-right:0.54em;}.ast-separate-container .ast-comment-list li.depth-1{padding:1.5em 1em;margin-bottom:1.5em;}.ast-separate-container .ast-comment-list .bypostauthor{padding:.5em;}.ast-search-menu-icon.ast-dropdown-active .search-field{width:170px;}}@media (max-width:921px){.ast-mobile-header-stack .main-header-bar .ast-search-menu-icon{display:inline-block;}.ast-header-break-point.ast-header-custom-item-outside .ast-mobile-header-stack .main-header-bar .ast-search-icon{margin:0;}.ast-comment-avatar-wrap img{max-width:2.5em;}.ast-separate-container .ast-comment-list li.depth-1{padding:1.5em 2.14em;}.ast-separate-container .comment-respond{padding:2em 2.14em;}.ast-comment-meta{padding:0 1.8888em 1.3333em;}}body,.ast-separate-container{background-color:#f9f9f9;;}.ast-no-sidebar.ast-separate-container .entry-content .alignfull {margin-left: -6.67em;margin-right: -6.67em;width: auto;}@media (max-width: 1200px) {.ast-no-sidebar.ast-separate-container .entry-content .alignfull {margin-left: -2.4em;margin-right: -2.4em;}}@media (max-width: 768px) {.ast-no-sidebar.ast-separate-container .entry-content .alignfull {margin-left: -2.14em;margin-right: -2.14em;}}@media (max-width: 544px) {.ast-no-sidebar.ast-separate-container .entry-content .alignfull {margin-left: -1em;margin-right: -1em;}}.ast-no-sidebar.ast-separate-container .entry-content .alignwide {margin-left: -20px;margin-right: -20px;}.ast-no-sidebar.ast-separate-container .entry-content .wp-block-column .alignfull,.ast-no-sidebar.ast-separate-container .entry-content .wp-block-column .alignwide {margin-left: auto;margin-right: auto;width: 100%;}@media (max-width:921px){.site-title{display:block;}.ast-archive-description .ast-archive-title{font-size:40px;}.site-header .site-description{display:none;}.entry-title{font-size:30px;}h1,.entry-content h1,.entry-content h1 a{font-size:30px;}h2,.entry-content h2,.entry-content h2 a{font-size:25px;}h3,.entry-content h3,.entry-content h3 a{font-size:20px;}.ast-single-post .entry-title,.page-title{font-size:30px;}.astra-logo-svg{width:120px;}header .custom-logo-link img,.ast-header-break-point .site-logo-img .custom-mobile-logo-link img{max-width:120px;}}@media (max-width:544px){.site-title{display:block;}.ast-archive-description .ast-archive-title{font-size:40px;}.site-header .site-description{display:none;}.entry-title{font-size:30px;}h1,.entry-content h1,.entry-content h1 a{font-size:30px;}h2,.entry-content h2,.entry-content h2 a{font-size:25px;}h3,.entry-content h3,.entry-content h3 a{font-size:20px;}.ast-single-post .entry-title,.page-title{font-size:30px;}header .custom-logo-link img,.ast-header-break-point .site-branding img,.ast-header-break-point .custom-logo-link img{max-width:120px;}.astra-logo-svg{width:120px;}.ast-header-break-point .site-logo-img .custom-mobile-logo-link img{max-width:120px;}}@media (max-width:921px){html{font-size:85.5%;}}@media (max-width:544px){html{font-size:85.5%;}}@media (min-width:922px){.ast-container{max-width:1240px;}}@font-face {font-family: "Astra";src: url(https://askomdch.com/wp-content/themes/astra/assets/fonts/astra.woff) format("woff"),url(https://askomdch.com/wp-content/themes/astra/assets/fonts/astra.ttf) format("truetype"),url(https://askomdch.com/wp-content/themes/astra/assets/fonts/astra.svg#astra) format("svg");font-weight: normal;font-style: normal;font-display: fallback;}@media (min-width:922px){.main-header-menu .sub-menu .menu-item.ast-left-align-sub-menu:hover &gt; .sub-menu,.main-header-menu .sub-menu .menu-item.ast-left-align-sub-menu.focus &gt; .sub-menu{margin-left:-2px;}}.ast-theme-transparent-header [data-section="section-header-mobile-trigger"] .ast-button-wrap .ast-mobile-menu-trigger-minimal{background:transparent;}.footer-widget-area[data-section^="section-fb-html-"] .ast-builder-html-element{text-align:center;}.astra-icon-down_arrow::after {content: "\e900";font-family: Astra;}.astra-icon-close::after {content: "\e5cd";font-family: Astra;}.astra-icon-drag_handle::after {content: "\e25d";font-family: Astra;}.astra-icon-format_align_justify::after {content: "\e235";font-family: Astra;}.astra-icon-menu::after {content: "\e5d2";font-family: Astra;}.astra-icon-reorder::after {content: "\e8fe";font-family: Astra;}.astra-icon-search::after {content: "\e8b6";font-family: Astra;}.astra-icon-zoom_in::after {content: "\e56b";font-family: Astra;}.astra-icon-check-circle::after {content: "\e901";font-family: Astra;}.astra-icon-shopping-cart::after {content: "\f07a";font-family: Astra;}.astra-icon-shopping-bag::after {content: "\f290";font-family: Astra;}.astra-icon-shopping-basket::after {content: "\f291";font-family: Astra;}.astra-icon-circle-o::after {content: "\e903";font-family: Astra;}.astra-icon-certificate::after {content: "\e902";font-family: Astra;}blockquote {padding: 1.2em;}.ast-header-break-point .ast-mobile-header-wrap .ast-above-header-wrap .main-header-bar-navigation .inline-on-mobile .menu-item .menu-link,.ast-header-break-point .ast-mobile-header-wrap .ast-main-header-wrap .main-header-bar-navigation .inline-on-mobile .menu-item .menu-link,.ast-header-break-point .ast-mobile-header-wrap .ast-below-header-wrap .main-header-bar-navigation .inline-on-mobile .menu-item .menu-link {border: none;}.ast-header-break-point .ast-mobile-header-wrap .ast-above-header-wrap .main-header-bar-navigation .inline-on-mobile .menu-item-has-children &gt; .ast-menu-toggle::before,.ast-header-break-point .ast-mobile-header-wrap .ast-main-header-wrap .main-header-bar-navigation .inline-on-mobile .menu-item-has-children &gt; .ast-menu-toggle::before,.ast-header-break-point .ast-mobile-header-wrap .ast-below-header-wrap .main-header-bar-navigation .inline-on-mobile .menu-item-has-children &gt; .ast-menu-toggle::before {font-size: .6rem;}.ast-header-break-point .ast-mobile-header-wrap .ast-flex.inline-on-mobile {flex-wrap: unset;}.ast-header-break-point .ast-mobile-header-wrap .ast-flex.inline-on-mobile .menu-item.ast-submenu-expanded &gt; .sub-menu .menu-link {padding: .1em 1em;}.ast-header-break-point .ast-mobile-header-wrap .ast-flex.inline-on-mobile .menu-item.ast-submenu-expanded &gt; .sub-menu &gt; .menu-item .ast-menu-toggle::before {transform: rotate(-90deg);}.ast-header-break-point .ast-mobile-header-wrap .ast-flex.inline-on-mobile .menu-item.ast-submenu-expanded &gt; .sub-menu &gt; .menu-item.ast-submenu-expanded .ast-menu-toggle::before {transform: rotate(-270deg);}.ast-header-break-point .ast-mobile-header-wrap .ast-flex.inline-on-mobile .menu-item &gt; .sub-menu &gt; .menu-item .menu-link:before {content: none;}.ast-header-break-point .ast-mobile-header-wrap .ast-flex.inline-on-mobile {flex-wrap: unset;}.ast-header-break-point .ast-mobile-header-wrap .ast-flex.inline-on-mobile .menu-item.ast-submenu-expanded &gt; .sub-menu .menu-link {padding: .1em 1em;}.ast-header-break-point .ast-mobile-header-wrap .ast-flex.inline-on-mobile .menu-item.ast-submenu-expanded &gt; .sub-menu &gt; .menu-item .ast-menu-toggle::before {transform: rotate(-90deg);}.ast-header-break-point .ast-mobile-header-wrap .ast-flex.inline-on-mobile .menu-item.ast-submenu-expanded &gt; .sub-menu &gt; .menu-item.ast-submenu-expanded .ast-menu-toggle::before {transform: rotate(-270deg);}.ast-header-break-point .ast-mobile-header-wrap .ast-flex.inline-on-mobile .menu-item &gt; .sub-menu &gt; .menu-item .menu-link:before {content: none;}.ast-header-break-point .inline-on-mobile .sub-menu {width: 150px;}.ast-header-break-point .ast-mobile-header-wrap .ast-flex.inline-on-mobile .menu-item.menu-item-has-children {margin-right: 10px;}.ast-header-break-point .ast-mobile-header-wrap .ast-flex.inline-on-mobile .menu-item.ast-submenu-expanded &gt; .sub-menu {display: block;position: absolute;right: auto;left: 0;}.ast-header-break-point .ast-mobile-header-wrap .ast-flex.inline-on-mobile .menu-item.ast-submenu-expanded &gt; .sub-menu .menu-item .ast-menu-toggle {padding: 0;right: 1em;}.ast-header-break-point .ast-mobile-header-wrap .ast-flex.inline-on-mobile .menu-item.ast-submenu-expanded &gt; .sub-menu &gt; .menu-item &gt; .sub-menu {left: 100%;right: auto;}.ast-header-break-point .ast-mobile-header-wrap .ast-flex.inline-on-mobile .ast-menu-toggle {right: -15px;}.ast-header-break-point .ast-mobile-header-wrap .ast-flex.inline-on-mobile .menu-item.menu-item-has-children {margin-right: 10px;}.ast-header-break-point .ast-mobile-header-wrap .ast-flex.inline-on-mobile .menu-item.ast-submenu-expanded &gt; .sub-menu {display: block;position: absolute;right: auto;left: 0;}.ast-header-break-point .ast-mobile-header-wrap .ast-flex.inline-on-mobile .menu-item.ast-submenu-expanded &gt; .sub-menu &gt; .menu-item &gt; .sub-menu {left: 100%;right: auto;}.ast-header-break-point .ast-mobile-header-wrap .ast-flex.inline-on-mobile .ast-menu-toggle {right: -15px;}:root .has-ast-global-color-0-color{color:var(--ast-global-color-0);}:root .has-ast-global-color-0-background-color{background-color:var(--ast-global-color-0);}:root .wp-block-button .has-ast-global-color-0-color{color:var(--ast-global-color-0);}:root .wp-block-button .has-ast-global-color-0-background-color{background-color:var(--ast-global-color-0);}:root .has-ast-global-color-1-color{color:var(--ast-global-color-1);}:root .has-ast-global-color-1-background-color{background-color:var(--ast-global-color-1);}:root .wp-block-button .has-ast-global-color-1-color{color:var(--ast-global-color-1);}:root .wp-block-button .has-ast-global-color-1-background-color{background-color:var(--ast-global-color-1);}:root .has-ast-global-color-2-color{color:var(--ast-global-color-2);}:root .has-ast-global-color-2-background-color{background-color:var(--ast-global-color-2);}:root .wp-block-button .has-ast-global-color-2-color{color:var(--ast-global-color-2);}:root .wp-block-button .has-ast-global-color-2-background-color{background-color:var(--ast-global-color-2);}:root .has-ast-global-color-3-color{color:var(--ast-global-color-3);}:root .has-ast-global-color-3-background-color{background-color:var(--ast-global-color-3);}:root .wp-block-button .has-ast-global-color-3-color{color:var(--ast-global-color-3);}:root .wp-block-button .has-ast-global-color-3-background-color{background-color:var(--ast-global-color-3);}:root .has-ast-global-color-4-color{color:var(--ast-global-color-4);}:root .has-ast-global-color-4-background-color{background-color:var(--ast-global-color-4);}:root .wp-block-button .has-ast-global-color-4-color{color:var(--ast-global-color-4);}:root .wp-block-button .has-ast-global-color-4-background-color{background-color:var(--ast-global-color-4);}:root .has-ast-global-color-5-color{color:var(--ast-global-color-5);}:root .has-ast-global-color-5-background-color{background-color:var(--ast-global-color-5);}:root .wp-block-button .has-ast-global-color-5-color{color:var(--ast-global-color-5);}:root .wp-block-button .has-ast-global-color-5-background-color{background-color:var(--ast-global-color-5);}:root .has-ast-global-color-6-color{color:var(--ast-global-color-6);}:root .has-ast-global-color-6-background-color{background-color:var(--ast-global-color-6);}:root .wp-block-button .has-ast-global-color-6-color{color:var(--ast-global-color-6);}:root .wp-block-button .has-ast-global-color-6-background-color{background-color:var(--ast-global-color-6);}:root .has-ast-global-color-7-color{color:var(--ast-global-color-7);}:root .has-ast-global-color-7-background-color{background-color:var(--ast-global-color-7);}:root .wp-block-button .has-ast-global-color-7-color{color:var(--ast-global-color-7);}:root .wp-block-button .has-ast-global-color-7-background-color{background-color:var(--ast-global-color-7);}:root .has-ast-global-color-8-color{color:var(--ast-global-color-8);}:root .has-ast-global-color-8-background-color{background-color:var(--ast-global-color-8);}:root .wp-block-button .has-ast-global-color-8-color{color:var(--ast-global-color-8);}:root .wp-block-button .has-ast-global-color-8-background-color{background-color:var(--ast-global-color-8);}:root{--ast-global-color-0:#0170B9;--ast-global-color-1:#3a3a3a;--ast-global-color-2:#3a3a3a;--ast-global-color-3:#4B4F58;--ast-global-color-4:#F5F5F5;--ast-global-color-5:#FFFFFF;--ast-global-color-6:#F2F5F7;--ast-global-color-7:#424242;--ast-global-color-8:#000000;}.ast-theme-transparent-header #masthead .site-logo-img .transparent-custom-logo .astra-logo-svg{width:140px;}.ast-theme-transparent-header #masthead .site-logo-img .transparent-custom-logo img{ max-width:140px;}@media (min-width:921px){.ast-theme-transparent-header #masthead{position:absolute;left:0;right:0;}.ast-theme-transparent-header .main-header-bar,.ast-theme-transparent-header.ast-header-break-point .main-header-bar{background:none;}body.elementor-editor-active.ast-theme-transparent-header #masthead,.fl-builder-edit .ast-theme-transparent-header #masthead,body.vc_editor.ast-theme-transparent-header #masthead,body.brz-ed.ast-theme-transparent-header #masthead{z-index:0;}.ast-header-break-point.ast-replace-site-logo-transparent.ast-theme-transparent-header .custom-mobile-logo-link{display:none;}.ast-header-break-point.ast-replace-site-logo-transparent.ast-theme-transparent-header .transparent-custom-logo{display:inline-block;}.ast-theme-transparent-header .ast-above-header,.ast-theme-transparent-header .ast-above-header.ast-above-header-bar{background-image:none;background-color:transparent;}.ast-theme-transparent-header .ast-below-header{background-image:none;background-color:transparent;}}@media (min-width:922px){.ast-theme-transparent-header .main-header-bar,.ast-theme-transparent-header.ast-header-break-point .main-header-bar-wrap .main-header-menu,.ast-theme-transparent-header.ast-header-break-point .main-header-bar-wrap .main-header-bar,.ast-theme-transparent-header.ast-header-break-point .ast-mobile-header-wrap .main-header-bar{background-color:rgba(0,0,0,0.07);}.ast-theme-transparent-header .main-header-bar .ast-search-menu-icon form{background-color:rgba(0,0,0,0.07);}.ast-theme-transparent-header .ast-above-header,.ast-theme-transparent-header .ast-above-header.ast-above-header-bar,.ast-theme-transparent-header .ast-below-header,.ast-header-break-point.ast-theme-transparent-header .ast-above-header,.ast-header-break-point.ast-theme-transparent-header .ast-below-header{background-color:rgba(0,0,0,0.07);}.ast-theme-transparent-header .site-title a,.ast-theme-transparent-header .site-title a:focus,.ast-theme-transparent-header .site-title a:hover,.ast-theme-transparent-header .site-title a:visited{color:#ffffff;}.ast-theme-transparent-header .site-header .site-description{color:#ffffff;}.ast-theme-transparent-header .ast-builder-menu .main-header-menu .menu-item .sub-menu .menu-item .menu-link,.ast-theme-transparent-header .ast-builder-menu .main-header-menu .menu-item .sub-menu .menu-item &gt; .ast-menu-toggle,.ast-theme-transparent-header .main-header-menu .menu-item .sub-menu .menu-link,.ast-header-break-point.ast-flyout-menu-enable.ast-header-break-point .main-header-bar-navigation .main-header-menu .menu-item .sub-menu .menu-link{color:#333333;}.ast-theme-transparent-header .ast-builder-menu .main-header-menu .menu-item .sub-menu .menu-link:hover,.ast-theme-transparent-header .ast-builder-menu .main-header-menu .menu-item .sub-menu .menu-item:hover &gt; .menu-link,.ast-theme-transparent-header .ast-builder-menu .main-header-menu .menu-item .sub-menu .menu-item.focus &gt; .menu-item,.ast-theme-transparent-header .ast-builder-menu .main-header-menu .menu-item .sub-menu .menu-item.current-menu-item &gt; .menu-link,.ast-theme-transparent-header .ast-builder-menu .main-header-menu .menu-item .sub-menu .menu-item.current-menu-item &gt; .ast-menu-toggle,.ast-theme-transparent-header .ast-builder-menu .main-header-menu .menu-item .sub-menu .menu-item:hover &gt; .ast-menu-toggle,.ast-theme-transparent-header .ast-builder-menu .main-header-menu .menu-item .sub-menu .menu-item.focus &gt; .ast-menu-toggle,.ast-theme-transparent-header .main-header-menu .menu-item .sub-menu .menu-item:hover &gt; .menu-link,.ast-header-break-point.ast-flyout-menu-enable.ast-header-break-point .main-header-bar-navigation .main-header-menu .menu-item .sub-menu .menu-link{color:#000000;}.ast-theme-transparent-header .ast-builder-menu .main-header-menu,.ast-theme-transparent-header .ast-builder-menu .main-header-menu .menu-link,.ast-theme-transparent-header [CLASS*="ast-builder-menu-"] .main-header-menu .menu-item &gt; .menu-link,.ast-theme-transparent-header .ast-masthead-custom-menu-items,.ast-theme-transparent-header .ast-masthead-custom-menu-items a,.ast-theme-transparent-header .ast-builder-menu .main-header-menu .menu-item &gt; .ast-menu-toggle,.ast-theme-transparent-header .ast-builder-menu .main-header-menu .menu-item &gt; .ast-menu-toggle,.ast-theme-transparent-header .ast-above-header-navigation a,.ast-header-break-point.ast-theme-transparent-header .ast-above-header-navigation a,.ast-header-break-point.ast-theme-transparent-header .ast-above-header-navigation &gt; ul.ast-above-header-menu &gt; .menu-item-has-children:not(.current-menu-item) &gt; .ast-menu-toggle,.ast-theme-transparent-header .ast-below-header-menu,.ast-theme-transparent-header .ast-below-header-menu a,.ast-header-break-point.ast-theme-transparent-header .ast-below-header-menu a,.ast-header-break-point.ast-theme-transparent-header .ast-below-header-menu,.ast-theme-transparent-header .main-header-menu .menu-link{color:#cecece;}.ast-theme-transparent-header .ast-builder-menu .main-header-menu .menu-item:hover &gt; .menu-link,.ast-theme-transparent-header .ast-builder-menu .main-header-menu .menu-item:hover &gt; .ast-menu-toggle,.ast-theme-transparent-header .ast-builder-menu .main-header-menu .ast-masthead-custom-menu-items a:hover,.ast-theme-transparent-header .ast-builder-menu .main-header-menu .focus &gt; .menu-link,.ast-theme-transparent-header .ast-builder-menu .main-header-menu .focus &gt; .ast-menu-toggle,.ast-theme-transparent-header .ast-builder-menu .main-header-menu .current-menu-item &gt; .menu-link,.ast-theme-transparent-header .ast-builder-menu .main-header-menu .current-menu-ancestor &gt; .menu-link,.ast-theme-transparent-header .ast-builder-menu .main-header-menu .current-menu-item &gt; .ast-menu-toggle,.ast-theme-transparent-header .ast-builder-menu .main-header-menu .current-menu-ancestor &gt; .ast-menu-toggle,.ast-theme-transparent-header [CLASS*="ast-builder-menu-"] .main-header-menu .current-menu-item &gt; .menu-link,.ast-theme-transparent-header [CLASS*="ast-builder-menu-"] .main-header-menu .current-menu-ancestor &gt; .menu-link,.ast-theme-transparent-header [CLASS*="ast-builder-menu-"] .main-header-menu .current-menu-item &gt; .ast-menu-toggle,.ast-theme-transparent-header [CLASS*="ast-builder-menu-"] .main-header-menu .current-menu-ancestor &gt; .ast-menu-toggle,.ast-theme-transparent-header .main-header-menu .menu-item:hover &gt; .menu-link,.ast-theme-transparent-header .main-header-menu .current-menu-item &gt; .menu-link,.ast-theme-transparent-header .main-header-menu .current-menu-ancestor &gt; .menu-link{color:#ffffff;}.ast-theme-transparent-header div.ast-masthead-custom-menu-items,.ast-theme-transparent-header div.ast-masthead-custom-menu-items .widget,.ast-theme-transparent-header div.ast-masthead-custom-menu-items .widget-title,.ast-theme-transparent-header .site-header-section [CLASS*="ast-header-html-"] .ast-builder-html-element{color:#000000;}.ast-theme-transparent-header div.ast-masthead-custom-menu-items a,.ast-theme-transparent-header div.ast-masthead-custom-menu-items .widget a,.ast-theme-transparent-header .site-header-section [CLASS*="ast-header-html-"] .ast-builder-html-element a{color:#cecece;}.ast-theme-transparent-header div.ast-masthead-custom-menu-items a:hover,.ast-theme-transparent-header div.ast-masthead-custom-menu-items .widget a:hover,.ast-theme-transparent-header .site-header-section [CLASS*="ast-header-html-"] .ast-builder-html-element a:hover{color:#ffffff;}}@media (max-width:921px){.transparent-custom-logo{display:none;}}@media (min-width:921px){.ast-transparent-mobile-logo{display:none;}}@media (max-width:921px){.ast-transparent-mobile-logo{display:block;}}@media (min-width:921px){.ast-theme-transparent-header #ast-desktop-header &gt; [CLASS*="-header-wrap"]:nth-last-child(2) &gt; [CLASS*="-header-bar"]{border-bottom-width:0;border-bottom-style:solid;border-bottom-color:rgba(0,0,0,0);}}.ast-breadcrumbs .trail-browse,.ast-breadcrumbs .trail-items,.ast-breadcrumbs .trail-items li{display:inline-block;margin:0;padding:0;border:none;background:inherit;text-indent:0;}.ast-breadcrumbs .trail-browse{font-size:inherit;font-style:inherit;font-weight:inherit;color:inherit;}.ast-breadcrumbs .trail-items{list-style:none;}.trail-items li::after{padding:0 0.3em;content:"\00bb";}.trail-items li:last-of-type::after{display:none;}h1,.entry-content h1,h2,.entry-content h2,h3,.entry-content h3,h4,.entry-content h4,h5,.entry-content h5,h6,.entry-content h6{color:var(--ast-global-color-2);}@media (max-width:921px){.ast-builder-grid-row-container.ast-builder-grid-row-tablet-3-firstrow .ast-builder-grid-row &gt; *:first-child,.ast-builder-grid-row-container.ast-builder-grid-row-tablet-3-lastrow .ast-builder-grid-row &gt; *:last-child{grid-column:1 / -1;}}@media (max-width:544px){.ast-builder-grid-row-container.ast-builder-grid-row-mobile-3-firstrow .ast-builder-grid-row &gt; *:first-child,.ast-builder-grid-row-container.ast-builder-grid-row-mobile-3-lastrow .ast-builder-grid-row &gt; *:last-child{grid-column:1 / -1;}}.ast-builder-layout-element[data-section="title_tagline"]{display:flex;}@media (max-width:921px){.ast-header-break-point .ast-builder-layout-element[data-section="title_tagline"]{display:flex;}}@media (max-width:544px){.ast-header-break-point .ast-builder-layout-element[data-section="title_tagline"]{display:flex;}}.ast-builder-menu-1{font-family:inherit;font-weight:normal;}.ast-builder-menu-1 .menu-item.current-menu-item &gt; .menu-link,.ast-builder-menu-1 .inline-on-mobile .menu-item.current-menu-item &gt; .ast-menu-toggle,.ast-builder-menu-1 .current-menu-ancestor &gt; .menu-link{color:#602bb7;}.ast-builder-menu-1 .menu-item.current-menu-item &gt; .ast-menu-toggle{color:#602bb7;}.ast-builder-menu-1 .sub-menu,.ast-builder-menu-1 .inline-on-mobile .sub-menu{border-top-width:1px;border-bottom-width:1px;border-right-width:1px;border-left-width:1px;border-color:#dddddd;border-style:solid;border-radius:0;}.ast-builder-menu-1 .main-header-menu &gt; .menu-item &gt; .sub-menu,.ast-builder-menu-1 .main-header-menu &gt; .menu-item &gt; .astra-full-megamenu-wrapper{margin-top:0;}.ast-desktop .ast-builder-menu-1 .main-header-menu &gt; .menu-item &gt; .sub-menu:before,.ast-desktop .ast-builder-menu-1 .main-header-menu &gt; .menu-item &gt; .astra-full-megamenu-wrapper:before{height:calc( 0px + 5px );}.ast-desktop .ast-builder-menu-1 .menu-item .sub-menu .menu-link{border-bottom-width:1px;border-color:#eaeaea;border-style:solid;}.ast-desktop .ast-builder-menu-1 .menu-item .sub-menu .menu-item:last-child .menu-link{border-bottom-width:0;}@media (max-width:921px){.ast-header-break-point .ast-builder-menu-1 .menu-item.menu-item-has-children &gt; .ast-menu-toggle{top:0;}.ast-builder-menu-1 .menu-item-has-children &gt; .menu-link:after{content:unset;}}@media (max-width:544px){.ast-header-break-point .ast-builder-menu-1 .menu-item.menu-item-has-children &gt; .ast-menu-toggle{top:0;}}.ast-builder-menu-1{display:flex;}@media (max-width:921px){.ast-header-break-point .ast-builder-menu-1{display:flex;}}@media (max-width:544px){.ast-header-break-point .ast-builder-menu-1{display:flex;}}.ast-site-header-cart .ast-cart-menu-wrap,.ast-site-header-cart .ast-addon-cart-wrap{color:#d2d2d2;}.ast-site-header-cart .ast-cart-menu-wrap .count,.ast-site-header-cart .ast-cart-menu-wrap .count:after,.ast-site-header-cart .ast-addon-cart-wrap .count,.ast-site-header-cart .ast-addon-cart-wrap .ast-icon-shopping-cart:after{color:#d2d2d2;border-color:#d2d2d2;}.ast-site-header-cart .ast-addon-cart-wrap .ast-icon-shopping-cart:after{color:#ffffff;background-color:#d2d2d2;}.ast-site-header-cart .ast-woo-header-cart-info-wrap{color:#d2d2d2;}.ast-site-header-cart .ast-addon-cart-wrap i.astra-icon:after{color:#ffffff;background-color:#d2d2d2;}.ast-theme-transparent-header .ast-site-header-cart .ast-cart-menu-wrap,.ast-theme-transparent-header .ast-site-header-cart .ast-addon-cart-wrap{color:#d2d2d2;}.ast-theme-transparent-header .ast-site-header-cart .ast-cart-menu-wrap .count,.ast-theme-transparent-header .ast-site-header-cart .ast-cart-menu-wrap .count:after,.ast-theme-transparent-header .ast-site-header-cart .ast-addon-cart-wrap .count,.ast-theme-transparent-header .ast-site-header-cart .ast-addon-cart-wrap .ast-icon-shopping-cart:after{color:#d2d2d2;border-color:#d2d2d2;}.ast-theme-transparent-header .ast-site-header-cart .ast-addon-cart-wrap .ast-icon-shopping-cart:after{color:#ffffff;background-color:#d2d2d2;}.ast-theme-transparent-header .ast-site-header-cart .ast-woo-header-cart-info-wrap{color:#d2d2d2;}.ast-theme-transparent-header .ast-site-header-cart .ast-addon-cart-wrap i.astra-icon:after{color:#ffffff;background-color:#d2d2d2;}#ast-site-header-cart .widget_shopping_cart .mini_cart_item{border-bottom-color:rgb(0,0,0);}@media (max-width:921px){#astra-mobile-cart-drawer .widget_shopping_cart .mini_cart_item{border-bottom-color:rgb(0,0,0);}}@media (max-width:544px){#astra-mobile-cart-drawer .widget_shopping_cart .mini_cart_item{border-bottom-color:rgb(0,0,0);}}.ast-site-header-cart .ast-cart-menu-wrap,.ast-site-header-cart .ast-addon-cart-wrap{color:#d2d2d2;}.ast-site-header-cart .ast-cart-menu-wrap:hover .count,.ast-site-header-cart .ast-addon-cart-wrap:hover .count{color:#000000;background-color:#d2d2d2;}.ast-menu-cart-outline .ast-cart-menu-wrap .count,.ast-menu-cart-outline .ast-addon-cart-wrap{color:#d2d2d2;}.ast-site-header-cart .ast-menu-cart-outline .ast-woo-header-cart-info-wrap{color:#d2d2d2;}.ast-menu-cart-fill .ast-cart-menu-wrap .count,.ast-menu-cart-fill .ast-cart-menu-wrap,.ast-menu-cart-fill .ast-addon-cart-wrap .ast-woo-header-cart-info-wrap,.ast-menu-cart-fill .ast-addon-cart-wrap{background-color:#d2d2d2;color:#000000;}.ast-theme-transparent-header .ast-site-header-cart .ast-cart-menu-wrap,.ast-theme-transparent-header .ast-site-header-cart .ast-addon-cart-wrap{color:#d2d2d2;}.ast-theme-transparent-header .ast-site-header-cart .ast-cart-menu-wrap:hover .count,.ast-theme-transparent-header .ast-site-header-cart .ast-addon-cart-wrap:hover .count{color:#000000;background-color:#d2d2d2;}.ast-theme-transparent-header .ast-menu-cart-outline .ast-cart-menu-wrap .count,.ast-theme-transparent-header .ast-menu-cart-outline .ast-addon-cart-wrap{color:#d2d2d2;}.ast-theme-transparent-header .ast-site-header-cart .ast-menu-cart-outline .ast-woo-header-cart-info-wrap{color:#d2d2d2;}.ast-theme-transparent-header .ast-menu-cart-fill .ast-cart-menu-wrap .count,.ast-theme-transparent-header .ast-menu-cart-fill .ast-cart-menu-wrap,.ast-theme-transparent-header .ast-menu-cart-fill .ast-addon-cart-wrap .ast-woo-header-cart-info-wrap,.ast-theme-transparent-header .ast-menu-cart-fill .ast-addon-cart-wrap{background-color:#d2d2d2;color:#000000;}.ast-site-header-cart.ast-menu-cart-outline .ast-cart-menu-wrap,.ast-site-header-cart.ast-menu-cart-fill .ast-cart-menu-wrap,.ast-site-header-cart.ast-menu-cart-outline .ast-cart-menu-wrap .count,.ast-site-header-cart.ast-menu-cart-fill .ast-cart-menu-wrap .count,.ast-site-header-cart.ast-menu-cart-outline .ast-addon-cart-wrap,.ast-site-header-cart.ast-menu-cart-fill .ast-addon-cart-wrap,.ast-site-header-cart.ast-menu-cart-outline .ast-woo-header-cart-info-wrap,.ast-site-header-cart.ast-menu-cart-fill .ast-woo-header-cart-info-wrap{border-radius:3px;}.ast-header-woo-cart{display:flex;}@media (max-width:921px){.ast-header-break-point .ast-header-woo-cart{display:flex;}}@media (max-width:544px){.ast-header-break-point .ast-header-woo-cart{display:none;}}.site-below-footer-wrap{padding-top:20px;padding-bottom:20px;}.site-below-footer-wrap[data-section="section-below-footer-builder"]{background-color:#ffffff;;background-image:none;;min-height:80px;border-style:solid;border-width:0px;border-top-width:1px;border-top-color:rgba(122,122,122,0.13);}.site-below-footer-wrap[data-section="section-below-footer-builder"] .ast-builder-grid-row{max-width:1200px;margin-left:auto;margin-right:auto;}.site-below-footer-wrap[data-section="section-below-footer-builder"] .ast-builder-grid-row,.site-below-footer-wrap[data-section="section-below-footer-builder"] .site-footer-section{align-items:flex-start;}.site-below-footer-wrap[data-section="section-below-footer-builder"].ast-footer-row-inline .site-footer-section{display:flex;margin-bottom:0;}.ast-builder-grid-row-2-equal .ast-builder-grid-row{grid-template-columns:repeat( 2,1fr );}@media (max-width:921px){.site-below-footer-wrap[data-section="section-below-footer-builder"].ast-footer-row-tablet-inline .site-footer-section{display:flex;margin-bottom:0;}.site-below-footer-wrap[data-section="section-below-footer-builder"].ast-footer-row-tablet-stack .site-footer-section{display:block;margin-bottom:10px;}.ast-builder-grid-row-container.ast-builder-grid-row-tablet-2-equal .ast-builder-grid-row{grid-template-columns:repeat( 2,1fr );}}@media (max-width:544px){.site-below-footer-wrap[data-section="section-below-footer-builder"].ast-footer-row-mobile-inline .site-footer-section{display:flex;margin-bottom:0;}.site-below-footer-wrap[data-section="section-below-footer-builder"].ast-footer-row-mobile-stack .site-footer-section{display:block;margin-bottom:10px;}.ast-builder-grid-row-container.ast-builder-grid-row-mobile-full .ast-builder-grid-row{grid-template-columns:1fr;}}@media (max-width:921px){.site-below-footer-wrap[data-section="section-below-footer-builder"]{padding-left:30px;padding-right:30px;}}.site-below-footer-wrap[data-section="section-below-footer-builder"]{display:grid;}@media (max-width:921px){.ast-header-break-point .site-below-footer-wrap[data-section="section-below-footer-builder"]{display:grid;}}@media (max-width:544px){.ast-header-break-point .site-below-footer-wrap[data-section="section-below-footer-builder"]{display:grid;}}.ast-builder-html-element img.alignnone{display:inline-block;}.ast-builder-html-element p:first-child{margin-top:0;}.ast-builder-html-element p:last-child{margin-bottom:0;}.ast-header-break-point .main-header-bar .ast-builder-html-element{line-height:1.85714285714286;}.footer-widget-area[data-section="section-fb-html-1"]{display:block;}@media (max-width:921px){.ast-header-break-point .footer-widget-area[data-section="section-fb-html-1"]{display:block;}}@media (max-width:544px){.ast-header-break-point .footer-widget-area[data-section="section-fb-html-1"]{display:block;}}.footer-widget-area[data-section="section-fb-html-1"] .ast-builder-html-element{text-align:right;}@media (max-width:921px){.footer-widget-area[data-section="section-fb-html-1"] .ast-builder-html-element{text-align:right;}}@media (max-width:544px){.footer-widget-area[data-section="section-fb-html-1"] .ast-builder-html-element{text-align:center;}}.ast-footer-copyright{text-align:left;}.ast-footer-copyright {color:#000000;}@media (max-width:921px){.ast-footer-copyright{text-align:left;}}@media (max-width:544px){.ast-footer-copyright{text-align:center;}}.ast-footer-copyright.ast-builder-layout-element{display:flex;}@media (max-width:921px){.ast-header-break-point .ast-footer-copyright.ast-builder-layout-element{display:flex;}}@media (max-width:544px){.ast-header-break-point .ast-footer-copyright.ast-builder-layout-element{display:flex;}}.site-footer{background-color:#ffffff;;background-image:none;;}.site-primary-footer-wrap{padding-top:45px;padding-bottom:45px;}.site-primary-footer-wrap[data-section="section-primary-footer-builder"]{background-color:#ffffff;;background-image:none;;}.site-primary-footer-wrap[data-section="section-primary-footer-builder"] .ast-builder-grid-row{grid-column-gap:200px;max-width:1200px;margin-left:auto;margin-right:auto;}.site-primary-footer-wrap[data-section="section-primary-footer-builder"] .ast-builder-grid-row,.site-primary-footer-wrap[data-section="section-primary-footer-builder"] .site-footer-section{align-items:flex-start;}.site-primary-footer-wrap[data-section="section-primary-footer-builder"].ast-footer-row-inline .site-footer-section{display:flex;margin-bottom:0;}.ast-builder-grid-row-4-equal .ast-builder-grid-row{grid-template-columns:repeat( 4,1fr );}@media (max-width:921px){.site-primary-footer-wrap[data-section="section-primary-footer-builder"].ast-footer-row-tablet-inline .site-footer-section{display:flex;margin-bottom:0;}.site-primary-footer-wrap[data-section="section-primary-footer-builder"].ast-footer-row-tablet-stack .site-footer-section{display:block;margin-bottom:10px;}.ast-builder-grid-row-container.ast-builder-grid-row-tablet-4-equal .ast-builder-grid-row{grid-template-columns:repeat( 4,1fr );}}@media (max-width:544px){.site-primary-footer-wrap[data-section="section-primary-footer-builder"].ast-footer-row-mobile-inline .site-footer-section{display:flex;margin-bottom:0;}.site-primary-footer-wrap[data-section="section-primary-footer-builder"].ast-footer-row-mobile-stack .site-footer-section{display:block;margin-bottom:10px;}.ast-builder-grid-row-container.ast-builder-grid-row-mobile-full .ast-builder-grid-row{grid-template-columns:1fr;}}.site-primary-footer-wrap[data-section="section-primary-footer-builder"]{padding-top:55px;padding-bottom:55px;}@media (max-width:921px){.site-primary-footer-wrap[data-section="section-primary-footer-builder"]{padding-left:30px;padding-right:30px;}}@media (max-width:544px){.site-primary-footer-wrap[data-section="section-primary-footer-builder"]{padding-top:40px;padding-bottom:20px;}}.site-primary-footer-wrap[data-section="section-primary-footer-builder"]{display:grid;}@media (max-width:921px){.ast-header-break-point .site-primary-footer-wrap[data-section="section-primary-footer-builder"]{display:grid;}}@media (max-width:544px){.ast-header-break-point .site-primary-footer-wrap[data-section="section-primary-footer-builder"]{display:grid;}}.footer-widget-area[data-section="sidebar-widgets-footer-widget-1"] .footer-widget-area-inner{text-align:left;}@media (max-width:921px){.footer-widget-area[data-section="sidebar-widgets-footer-widget-1"] .footer-widget-area-inner{text-align:left;}}@media (max-width:544px){.footer-widget-area[data-section="sidebar-widgets-footer-widget-1"] .footer-widget-area-inner{text-align:center;}}.footer-widget-area[data-section="sidebar-widgets-footer-widget-1"] .footer-widget-area-inner{color:#434343;}.footer-widget-area[data-section="sidebar-widgets-footer-widget-1"] .footer-widget-area-inner a{color:#434343;}.footer-widget-area[data-section="sidebar-widgets-footer-widget-1"] .footer-widget-area-inner a:hover{color:#3197d6;}.footer-widget-area[data-section="sidebar-widgets-footer-widget-1"] .widget-title{color:#000000;}.footer-widget-area[data-section="sidebar-widgets-footer-widget-1"]{display:block;}@media (max-width:921px){.ast-header-break-point .footer-widget-area[data-section="sidebar-widgets-footer-widget-1"]{display:block;}}@media (max-width:544px){.ast-header-break-point .footer-widget-area[data-section="sidebar-widgets-footer-widget-1"]{display:block;}}.footer-widget-area[data-section="sidebar-widgets-footer-widget-2"] .footer-widget-area-inner{color:#434343;}.footer-widget-area[data-section="sidebar-widgets-footer-widget-2"] .footer-widget-area-inner a{color:#434343;}.footer-widget-area[data-section="sidebar-widgets-footer-widget-2"] .footer-widget-area-inner a:hover{color:#3197d6;}.footer-widget-area[data-section="sidebar-widgets-footer-widget-2"] .widget-title{color:#000000;}.footer-widget-area[data-section="sidebar-widgets-footer-widget-2"]{display:block;}@media (max-width:921px){.ast-header-break-point .footer-widget-area[data-section="sidebar-widgets-footer-widget-2"]{display:block;}}@media (max-width:544px){.ast-header-break-point .footer-widget-area[data-section="sidebar-widgets-footer-widget-2"]{display:block;}}.footer-widget-area[data-section="sidebar-widgets-footer-widget-3"] .footer-widget-area-inner{color:#434343;}.footer-widget-area[data-section="sidebar-widgets-footer-widget-3"] .footer-widget-area-inner a{color:#434343;}.footer-widget-area[data-section="sidebar-widgets-footer-widget-3"] .footer-widget-area-inner a:hover{color:#3197d6;}.footer-widget-area[data-section="sidebar-widgets-footer-widget-3"] .widget-title{color:#000000;}.footer-widget-area[data-section="sidebar-widgets-footer-widget-3"]{display:block;}@media (max-width:921px){.ast-header-break-point .footer-widget-area[data-section="sidebar-widgets-footer-widget-3"]{display:block;}}@media (max-width:544px){.ast-header-break-point .footer-widget-area[data-section="sidebar-widgets-footer-widget-3"]{display:block;}}.footer-widget-area[data-section="sidebar-widgets-footer-widget-4"] .footer-widget-area-inner{color:#434343;}.footer-widget-area[data-section="sidebar-widgets-footer-widget-4"] .footer-widget-area-inner a{color:#434343;}.footer-widget-area[data-section="sidebar-widgets-footer-widget-4"] .footer-widget-area-inner a:hover{color:#3197d6;}.footer-widget-area[data-section="sidebar-widgets-footer-widget-4"] .widget-title{color:#000000;}.footer-widget-area[data-section="sidebar-widgets-footer-widget-4"]{display:block;}@media (max-width:921px){.ast-header-break-point .footer-widget-area[data-section="sidebar-widgets-footer-widget-4"]{display:block;}}@media (max-width:544px){.ast-header-break-point .footer-widget-area[data-section="sidebar-widgets-footer-widget-4"]{display:block;}}.footer-widget-area[data-section="sidebar-widgets-footer-widget-2"] .footer-widget-area-inner{text-align:left;}@media (max-width:921px){.footer-widget-area[data-section="sidebar-widgets-footer-widget-2"] .footer-widget-area-inner{text-align:left;}}@media (max-width:544px){.footer-widget-area[data-section="sidebar-widgets-footer-widget-2"] .footer-widget-area-inner{text-align:center;}}.footer-widget-area[data-section="sidebar-widgets-footer-widget-1"] .footer-widget-area-inner{color:#434343;}.footer-widget-area[data-section="sidebar-widgets-footer-widget-1"] .footer-widget-area-inner a{color:#434343;}.footer-widget-area[data-section="sidebar-widgets-footer-widget-1"] .footer-widget-area-inner a:hover{color:#3197d6;}.footer-widget-area[data-section="sidebar-widgets-footer-widget-1"] .widget-title{color:#000000;}.footer-widget-area[data-section="sidebar-widgets-footer-widget-1"]{display:block;}@media (max-width:921px){.ast-header-break-point .footer-widget-area[data-section="sidebar-widgets-footer-widget-1"]{display:block;}}@media (max-width:544px){.ast-header-break-point .footer-widget-area[data-section="sidebar-widgets-footer-widget-1"]{display:block;}}.footer-widget-area[data-section="sidebar-widgets-footer-widget-2"] .footer-widget-area-inner{color:#434343;}.footer-widget-area[data-section="sidebar-widgets-footer-widget-2"] .footer-widget-area-inner a{color:#434343;}.footer-widget-area[data-section="sidebar-widgets-footer-widget-2"] .footer-widget-area-inner a:hover{color:#3197d6;}.footer-widget-area[data-section="sidebar-widgets-footer-widget-2"] .widget-title{color:#000000;}.footer-widget-area[data-section="sidebar-widgets-footer-widget-2"]{display:block;}@media (max-width:921px){.ast-header-break-point .footer-widget-area[data-section="sidebar-widgets-footer-widget-2"]{display:block;}}@media (max-width:544px){.ast-header-break-point .footer-widget-area[data-section="sidebar-widgets-footer-widget-2"]{display:block;}}.footer-widget-area[data-section="sidebar-widgets-footer-widget-3"] .footer-widget-area-inner{color:#434343;}.footer-widget-area[data-section="sidebar-widgets-footer-widget-3"] .footer-widget-area-inner a{color:#434343;}.footer-widget-area[data-section="sidebar-widgets-footer-widget-3"] .footer-widget-area-inner a:hover{color:#3197d6;}.footer-widget-area[data-section="sidebar-widgets-footer-widget-3"] .widget-title{color:#000000;}.footer-widget-area[data-section="sidebar-widgets-footer-widget-3"]{display:block;}@media (max-width:921px){.ast-header-break-point .footer-widget-area[data-section="sidebar-widgets-footer-widget-3"]{display:block;}}@media (max-width:544px){.ast-header-break-point .footer-widget-area[data-section="sidebar-widgets-footer-widget-3"]{display:block;}}.footer-widget-area[data-section="sidebar-widgets-footer-widget-4"] .footer-widget-area-inner{color:#434343;}.footer-widget-area[data-section="sidebar-widgets-footer-widget-4"] .footer-widget-area-inner a{color:#434343;}.footer-widget-area[data-section="sidebar-widgets-footer-widget-4"] .footer-widget-area-inner a:hover{color:#3197d6;}.footer-widget-area[data-section="sidebar-widgets-footer-widget-4"] .widget-title{color:#000000;}.footer-widget-area[data-section="sidebar-widgets-footer-widget-4"]{display:block;}@media (max-width:921px){.ast-header-break-point .footer-widget-area[data-section="sidebar-widgets-footer-widget-4"]{display:block;}}@media (max-width:544px){.ast-header-break-point .footer-widget-area[data-section="sidebar-widgets-footer-widget-4"]{display:block;}}.footer-widget-area[data-section="sidebar-widgets-footer-widget-3"] .footer-widget-area-inner{text-align:left;}@media (max-width:921px){.footer-widget-area[data-section="sidebar-widgets-footer-widget-3"] .footer-widget-area-inner{text-align:left;}}@media (max-width:544px){.footer-widget-area[data-section="sidebar-widgets-footer-widget-3"] .footer-widget-area-inner{text-align:center;}}.footer-widget-area[data-section="sidebar-widgets-footer-widget-1"] .footer-widget-area-inner{color:#434343;}.footer-widget-area[data-section="sidebar-widgets-footer-widget-1"] .footer-widget-area-inner a{color:#434343;}.footer-widget-area[data-section="sidebar-widgets-footer-widget-1"] .footer-widget-area-inner a:hover{color:#3197d6;}.footer-widget-area[data-section="sidebar-widgets-footer-widget-1"] .widget-title{color:#000000;}.footer-widget-area[data-section="sidebar-widgets-footer-widget-1"]{display:block;}@media (max-width:921px){.ast-header-break-point .footer-widget-area[data-section="sidebar-widgets-footer-widget-1"]{display:block;}}@media (max-width:544px){.ast-header-break-point .footer-widget-area[data-section="sidebar-widgets-footer-widget-1"]{display:block;}}.footer-widget-area[data-section="sidebar-widgets-footer-widget-2"] .footer-widget-area-inner{color:#434343;}.footer-widget-area[data-section="sidebar-widgets-footer-widget-2"] .footer-widget-area-inner a{color:#434343;}.footer-widget-area[data-section="sidebar-widgets-footer-widget-2"] .footer-widget-area-inner a:hover{color:#3197d6;}.footer-widget-area[data-section="sidebar-widgets-footer-widget-2"] .widget-title{color:#000000;}.footer-widget-area[data-section="sidebar-widgets-footer-widget-2"]{display:block;}@media (max-width:921px){.ast-header-break-point .footer-widget-area[data-section="sidebar-widgets-footer-widget-2"]{display:block;}}@media (max-width:544px){.ast-header-break-point .footer-widget-area[data-section="sidebar-widgets-footer-widget-2"]{display:block;}}.footer-widget-area[data-section="sidebar-widgets-footer-widget-3"] .footer-widget-area-inner{color:#434343;}.footer-widget-area[data-section="sidebar-widgets-footer-widget-3"] .footer-widget-area-inner a{color:#434343;}.footer-widget-area[data-section="sidebar-widgets-footer-widget-3"] .footer-widget-area-inner a:hover{color:#3197d6;}.footer-widget-area[data-section="sidebar-widgets-footer-widget-3"] .widget-title{color:#000000;}.footer-widget-area[data-section="sidebar-widgets-footer-widget-3"]{display:block;}@media (max-width:921px){.ast-header-break-point .footer-widget-area[data-section="sidebar-widgets-footer-widget-3"]{display:block;}}@media (max-width:544px){.ast-header-break-point .footer-widget-area[data-section="sidebar-widgets-footer-widget-3"]{display:block;}}.footer-widget-area[data-section="sidebar-widgets-footer-widget-4"] .footer-widget-area-inner{color:#434343;}.footer-widget-area[data-section="sidebar-widgets-footer-widget-4"] .footer-widget-area-inner a{color:#434343;}.footer-widget-area[data-section="sidebar-widgets-footer-widget-4"] .footer-widget-area-inner a:hover{color:#3197d6;}.footer-widget-area[data-section="sidebar-widgets-footer-widget-4"] .widget-title{color:#000000;}.footer-widget-area[data-section="sidebar-widgets-footer-widget-4"]{display:block;}@media (max-width:921px){.ast-header-break-point .footer-widget-area[data-section="sidebar-widgets-footer-widget-4"]{display:block;}}@media (max-width:544px){.ast-header-break-point .footer-widget-area[data-section="sidebar-widgets-footer-widget-4"]{display:block;}}.footer-widget-area[data-section="sidebar-widgets-footer-widget-4"] .footer-widget-area-inner{text-align:left;}@media (max-width:921px){.footer-widget-area[data-section="sidebar-widgets-footer-widget-4"] .footer-widget-area-inner{text-align:left;}}@media (max-width:544px){.footer-widget-area[data-section="sidebar-widgets-footer-widget-4"] .footer-widget-area-inner{text-align:center;}}.footer-widget-area[data-section="sidebar-widgets-footer-widget-1"] .footer-widget-area-inner{color:#434343;}.footer-widget-area[data-section="sidebar-widgets-footer-widget-1"] .footer-widget-area-inner a{color:#434343;}.footer-widget-area[data-section="sidebar-widgets-footer-widget-1"] .footer-widget-area-inner a:hover{color:#3197d6;}.footer-widget-area[data-section="sidebar-widgets-footer-widget-1"] .widget-title{color:#000000;}.footer-widget-area[data-section="sidebar-widgets-footer-widget-1"]{display:block;}@media (max-width:921px){.ast-header-break-point .footer-widget-area[data-section="sidebar-widgets-footer-widget-1"]{display:block;}}@media (max-width:544px){.ast-header-break-point .footer-widget-area[data-section="sidebar-widgets-footer-widget-1"]{display:block;}}.footer-widget-area[data-section="sidebar-widgets-footer-widget-2"] .footer-widget-area-inner{color:#434343;}.footer-widget-area[data-section="sidebar-widgets-footer-widget-2"] .footer-widget-area-inner a{color:#434343;}.footer-widget-area[data-section="sidebar-widgets-footer-widget-2"] .footer-widget-area-inner a:hover{color:#3197d6;}.footer-widget-area[data-section="sidebar-widgets-footer-widget-2"] .widget-title{color:#000000;}.footer-widget-area[data-section="sidebar-widgets-footer-widget-2"]{display:block;}@media (max-width:921px){.ast-header-break-point .footer-widget-area[data-section="sidebar-widgets-footer-widget-2"]{display:block;}}@media (max-width:544px){.ast-header-break-point .footer-widget-area[data-section="sidebar-widgets-footer-widget-2"]{display:block;}}.footer-widget-area[data-section="sidebar-widgets-footer-widget-3"] .footer-widget-area-inner{color:#434343;}.footer-widget-area[data-section="sidebar-widgets-footer-widget-3"] .footer-widget-area-inner a{color:#434343;}.footer-widget-area[data-section="sidebar-widgets-footer-widget-3"] .footer-widget-area-inner a:hover{color:#3197d6;}.footer-widget-area[data-section="sidebar-widgets-footer-widget-3"] .widget-title{color:#000000;}.footer-widget-area[data-section="sidebar-widgets-footer-widget-3"]{display:block;}@media (max-width:921px){.ast-header-break-point .footer-widget-area[data-section="sidebar-widgets-footer-widget-3"]{display:block;}}@media (max-width:544px){.ast-header-break-point .footer-widget-area[data-section="sidebar-widgets-footer-widget-3"]{display:block;}}.footer-widget-area[data-section="sidebar-widgets-footer-widget-4"] .footer-widget-area-inner{color:#434343;}.footer-widget-area[data-section="sidebar-widgets-footer-widget-4"] .footer-widget-area-inner a{color:#434343;}.footer-widget-area[data-section="sidebar-widgets-footer-widget-4"] .footer-widget-area-inner a:hover{color:#3197d6;}.footer-widget-area[data-section="sidebar-widgets-footer-widget-4"] .widget-title{color:#000000;}.footer-widget-area[data-section="sidebar-widgets-footer-widget-4"]{display:block;}@media (max-width:921px){.ast-header-break-point .footer-widget-area[data-section="sidebar-widgets-footer-widget-4"]{display:block;}}@media (max-width:544px){.ast-header-break-point .footer-widget-area[data-section="sidebar-widgets-footer-widget-4"]{display:block;}}.ast-header-break-point .main-header-bar{border-bottom-width:1px;}@media (min-width:922px){.main-header-bar{border-bottom-width:1px;}}.ast-flex{-webkit-align-content:center;-ms-flex-line-pack:center;align-content:center;-webkit-box-align:center;-webkit-align-items:center;-moz-box-align:center;-ms-flex-align:center;align-items:center;}.main-header-bar{padding:1em 0;}.ast-site-identity{padding:0;}.header-main-layout-1 .ast-flex.main-header-container, .header-main-layout-3 .ast-flex.main-header-container{-webkit-align-content:center;-ms-flex-line-pack:center;align-content:center;-webkit-box-align:center;-webkit-align-items:center;-moz-box-align:center;-ms-flex-align:center;align-items:center;}.header-main-layout-1 .ast-flex.main-header-container, .header-main-layout-3 .ast-flex.main-header-container{-webkit-align-content:center;-ms-flex-line-pack:center;align-content:center;-webkit-box-align:center;-webkit-align-items:center;-moz-box-align:center;-ms-flex-align:center;align-items:center;}.main-header-menu .sub-menu .menu-item.menu-item-has-children &gt; .menu-link:after{position:absolute;right:1em;top:50%;transform:translate(0,-50%) rotate(270deg);}.ast-header-break-point .main-header-bar .main-header-bar-navigation .page_item_has_children &gt; .ast-menu-toggle::before, .ast-header-break-point .main-header-bar .main-header-bar-navigation .menu-item-has-children &gt; .ast-menu-toggle::before, .ast-mobile-popup-drawer .main-header-bar-navigation .menu-item-has-children&gt;.ast-menu-toggle::before, .ast-header-break-point .ast-mobile-header-wrap .main-header-bar-navigation .menu-item-has-children &gt; .ast-menu-toggle::before{font-weight:bold;content:"\e900";font-family:Astra;text-decoration:inherit;display:inline-block;}.ast-header-break-point .main-navigation ul.sub-menu .menu-item .menu-link:before{content:"\e900";font-family:Astra;font-size:.65em;text-decoration:inherit;display:inline-block;transform:translate(0, -2px) rotateZ(270deg);margin-right:5px;}.widget_search .search-form:after{font-family:Astra;font-size:1.2em;font-weight:normal;content:"\e8b6";position:absolute;top:50%;right:15px;transform:translate(0, -50%);}.astra-search-icon::before{content:"\e8b6";font-family:Astra;font-style:normal;font-weight:normal;text-decoration:inherit;text-align:center;-webkit-font-smoothing:antialiased;-moz-osx-font-smoothing:grayscale;}.main-header-bar .main-header-bar-navigation .page_item_has_children &gt; a:after, .main-header-bar .main-header-bar-navigation .menu-item-has-children &gt; a:after, .site-header-focus-item .main-header-bar-navigation .menu-item-has-children &gt; .menu-link:after{content:"\e900";display:inline-block;font-family:Astra;font-size:.6rem;font-weight:bold;text-rendering:auto;-webkit-font-smoothing:antialiased;-moz-osx-font-smoothing:grayscale;margin-left:10px;line-height:normal;}.ast-mobile-popup-drawer .main-header-bar-navigation .ast-submenu-expanded&gt;.ast-menu-toggle::before{transform:rotateX(180deg);}.ast-header-break-point .main-header-bar-navigation .menu-item-has-children &gt; .menu-link:after{display:none;}.ast-separate-container .blog-layout-1, .ast-separate-container .blog-layout-2, .ast-separate-container .blog-layout-3{background-color:transparent;background-image:none;}.ast-separate-container .ast-article-post{background-color:#ffffff;;}.ast-separate-container .ast-article-single:not(.ast-related-post), .ast-separate-container .comments-area .comment-respond,.ast-separate-container .comments-area .ast-comment-list li, .ast-separate-container .ast-woocommerce-container, .ast-separate-container .error-404, .ast-separate-container .no-results, .single.ast-separate-container .ast-author-meta, .ast-separate-container .related-posts-title-wrapper, .ast-separate-container.ast-two-container #secondary .widget,.ast-separate-container .comments-count-wrapper, .ast-box-layout.ast-plain-container .site-content,.ast-padded-layout.ast-plain-container .site-content, .ast-separate-container .comments-area .comments-title{background-color:#ffffff;;}.ast-mobile-header-content &gt; *,.ast-desktop-header-content &gt; * {padding: 10px 0;height: auto;}.ast-mobile-header-content &gt; *:first-child,.ast-desktop-header-content &gt; *:first-child {padding-top: 10px;}.ast-mobile-header-content &gt; .ast-builder-menu,.ast-desktop-header-content &gt; .ast-builder-menu {padding-top: 0;}.ast-mobile-header-content &gt; *:last-child,.ast-desktop-header-content &gt; *:last-child {padding-bottom: 0;}.ast-mobile-header-content .ast-search-menu-icon.ast-inline-search label,.ast-desktop-header-content .ast-search-menu-icon.ast-inline-search label {width: 100%;}.ast-desktop-header-content .main-header-bar-navigation .ast-submenu-expanded &gt; .ast-menu-toggle::before {transform: rotateX(180deg);}#ast-desktop-header .ast-desktop-header-content,.ast-mobile-header-content .ast-search-icon,.ast-desktop-header-content .ast-search-icon,.ast-mobile-header-wrap .ast-mobile-header-content,.ast-main-header-nav-open.ast-popup-nav-open .ast-mobile-header-wrap .ast-mobile-header-content,.ast-main-header-nav-open.ast-popup-nav-open .ast-desktop-header-content {display: none;}.ast-main-header-nav-open.ast-header-break-point #ast-desktop-header .ast-desktop-header-content,.ast-main-header-nav-open.ast-header-break-point .ast-mobile-header-wrap .ast-mobile-header-content {display: block;}.ast-desktop .ast-desktop-header-content .astra-menu-animation-slide-up &gt; .menu-item &gt; .sub-menu,.ast-desktop .ast-desktop-header-content .astra-menu-animation-slide-up &gt; .menu-item .menu-item &gt; .sub-menu,.ast-desktop .ast-desktop-header-content .astra-menu-animation-slide-down &gt; .menu-item &gt; .sub-menu,.ast-desktop .ast-desktop-header-content .astra-menu-animation-slide-down &gt; .menu-item .menu-item &gt; .sub-menu,.ast-desktop .ast-desktop-header-content .astra-menu-animation-fade &gt; .menu-item &gt; .sub-menu,.ast-desktop .ast-desktop-header-content .astra-menu-animation-fade &gt; .menu-item .menu-item &gt; .sub-menu {opacity: 1;visibility: visible;}.ast-hfb-header.ast-default-menu-enable.ast-header-break-point .ast-mobile-header-wrap .ast-mobile-header-content .main-header-bar-navigation {width: unset;margin: unset;}.ast-mobile-header-content.content-align-flex-end .main-header-bar-navigation .menu-item-has-children &gt; .ast-menu-toggle,.ast-desktop-header-content.content-align-flex-end .main-header-bar-navigation .menu-item-has-children &gt; .ast-menu-toggle {left: calc( 20px - 0.907em);}.ast-mobile-header-content .ast-search-menu-icon,.ast-mobile-header-content .ast-search-menu-icon.slide-search,.ast-desktop-header-content .ast-search-menu-icon,.ast-desktop-header-content .ast-search-menu-icon.slide-search {width: 100%;position: relative;display: block;right: auto;transform: none;}.ast-mobile-header-content .ast-search-menu-icon.slide-search .search-form,.ast-mobile-header-content .ast-search-menu-icon .search-form,.ast-desktop-header-content .ast-search-menu-icon.slide-search .search-form,.ast-desktop-header-content .ast-search-menu-icon .search-form {right: 0;visibility: visible;opacity: 1;position: relative;top: auto;transform: none;padding: 0;display: block;overflow: hidden;}.ast-mobile-header-content .ast-search-menu-icon.ast-inline-search .search-field,.ast-mobile-header-content .ast-search-menu-icon .search-field,.ast-desktop-header-content .ast-search-menu-icon.ast-inline-search .search-field,.ast-desktop-header-content .ast-search-menu-icon .search-field {width: 100%;padding-right: 5.5em;}.ast-mobile-header-content .ast-search-menu-icon .search-submit,.ast-desktop-header-content .ast-search-menu-icon .search-submit {display: block;position: absolute;height: 100%;top: 0;right: 0;padding: 0 1em;border-radius: 0;}.ast-hfb-header.ast-default-menu-enable.ast-header-break-point .ast-mobile-header-wrap .ast-mobile-header-content .main-header-bar-navigation ul .sub-menu .menu-link {padding-left: 30px;}.ast-hfb-header.ast-default-menu-enable.ast-header-break-point .ast-mobile-header-wrap .ast-mobile-header-content .main-header-bar-navigation .sub-menu .menu-item .menu-item .menu-link {padding-left: 40px;}.ast-mobile-popup-drawer.active .ast-mobile-popup-inner{background-color:#ffffff;;}.ast-mobile-header-wrap .ast-mobile-header-content, .ast-desktop-header-content{background-color:#ffffff;;}.ast-mobile-popup-content &gt; *, .ast-mobile-header-content &gt; *, .ast-desktop-popup-content &gt; *, .ast-desktop-header-content &gt; *{padding-top:0;padding-bottom:0;}.content-align-flex-start .ast-builder-layout-element{justify-content:flex-start;}.content-align-flex-start .main-header-menu{text-align:left;}.ast-mobile-popup-drawer.active .menu-toggle-close{color:#3a3a3a;}.ast-mobile-header-wrap .ast-primary-header-bar,.ast-primary-header-bar .site-primary-header-wrap{min-height:70px;}.ast-desktop .ast-primary-header-bar .main-header-menu &gt; .menu-item{line-height:70px;}.ast-desktop .ast-primary-header-bar .ast-header-woo-cart,.ast-desktop .ast-primary-header-bar .ast-header-edd-cart{line-height:70px;}@media (max-width:921px){#masthead .ast-mobile-header-wrap .ast-primary-header-bar,#masthead .ast-mobile-header-wrap .ast-below-header-bar{padding-left:20px;padding-right:20px;}}.ast-header-break-point .ast-primary-header-bar{border-bottom-width:1px;border-bottom-style:solid;}@media (min-width:922px){.ast-primary-header-bar{border-bottom-width:1px;border-bottom-style:solid;}}.ast-primary-header-bar{background-color:#ffffff;;background-image:none;;}.ast-primary-header-bar{display:block;}@media (max-width:921px){.ast-header-break-point .ast-primary-header-bar{display:grid;}}@media (max-width:544px){.ast-header-break-point .ast-primary-header-bar{display:grid;}}[data-section="section-header-mobile-trigger"] .ast-button-wrap .ast-mobile-menu-trigger-minimal{color:#000000;border:none;background:transparent;}[data-section="section-header-mobile-trigger"] .ast-button-wrap .mobile-menu-toggle-icon .ast-mobile-svg{width:20px;height:20px;fill:#000000;}[data-section="section-header-mobile-trigger"] .ast-button-wrap .mobile-menu-wrap .mobile-menu{color:#000000;}
</style>
    <link id="astra-menu-animation-css" rel="stylesheet" href="https://askomdch.com/wp-content/themes/astra/assets/css/minified/menu-animation.min.css?ver=3.7.5" media="all"/>
    <link id="wp-block-library-css" rel="stylesheet" href="https://askomdch.com/wp-includes/css/dist/block-library/style.min.css?ver=5.8.1" media="all"/>
    <link id="wc-blocks-vendors-style-css" rel="stylesheet" href="https://askomdch.com/wp-content/plugins/woocommerce/packages/woocommerce-blocks/build/wc-blocks-vendors-style.css?ver=8.9.2" media="all"/>
    <link id="wc-blocks-style-css" rel="stylesheet" href="https://askomdch.com/wp-content/plugins/woocommerce/packages/woocommerce-blocks/build/wc-blocks-style.css?ver=8.9.2" media="all"/>
    <style id="global-styles-inline-css">
body{--wp--preset--color--black: #000000;--wp--preset--color--cyan-bluish-gray: #abb8c3;--wp--preset--color--white: #ffffff;--wp--preset--color--pale-pink: #f78da7;--wp--preset--color--vivid-red: #cf2e2e;--wp--preset--color--luminous-vivid-orange: #ff6900;--wp--preset--color--luminous-vivid-amber: #fcb900;--wp--preset--color--light-green-cyan: #7bdcb5;--wp--preset--color--vivid-green-cyan: #00d084;--wp--preset--color--pale-cyan-blue: #8ed1fc;--wp--preset--color--vivid-cyan-blue: #0693e3;--wp--preset--color--vivid-purple: #9b51e0;--wp--preset--color--ast-global-color-0: var(--ast-global-color-0);--wp--preset--color--ast-global-color-1: var(--ast-global-color-1);--wp--preset--color--ast-global-color-2: var(--ast-global-color-2);--wp--preset--color--ast-global-color-3: var(--ast-global-color-3);--wp--preset--color--ast-global-color-4: var(--ast-global-color-4);--wp--preset--color--ast-global-color-5: var(--ast-global-color-5);--wp--preset--color--ast-global-color-6: var(--ast-global-color-6);--wp--preset--color--ast-global-color-7: var(--ast-global-color-7);--wp--preset--color--ast-global-color-8: var(--ast-global-color-8);--wp--preset--gradient--vivid-cyan-blue-to-vivid-purple: linear-gradient(135deg,rgba(6,147,227,1) 0%,rgb(155,81,224) 100%);--wp--preset--gradient--light-green-cyan-to-vivid-green-cyan: linear-gradient(135deg,rgb(122,220,180) 0%,rgb(0,208,130) 100%);--wp--preset--gradient--luminous-vivid-amber-to-luminous-vivid-orange: linear-gradient(135deg,rgba(252,185,0,1) 0%,rgba(255,105,0,1) 100%);--wp--preset--gradient--luminous-vivid-orange-to-vivid-red: linear-gradient(135deg,rgba(255,105,0,1) 0%,rgb(207,46,46) 100%);--wp--preset--gradient--very-light-gray-to-cyan-bluish-gray: linear-gradient(135deg,rgb(238,238,238) 0%,rgb(169,184,195) 100%);--wp--preset--gradient--cool-to-warm-spectrum: linear-gradient(135deg,rgb(74,234,220) 0%,rgb(151,120,209) 20%,rgb(207,42,186) 40%,rgb(238,44,130) 60%,rgb(251,105,98) 80%,rgb(254,248,76) 100%);--wp--preset--gradient--blush-light-purple: linear-gradient(135deg,rgb(255,206,236) 0%,rgb(152,150,240) 100%);--wp--preset--gradient--blush-bordeaux: linear-gradient(135deg,rgb(254,205,165) 0%,rgb(254,45,45) 50%,rgb(107,0,62) 100%);--wp--preset--gradient--luminous-dusk: linear-gradient(135deg,rgb(255,203,112) 0%,rgb(199,81,192) 50%,rgb(65,88,208) 100%);--wp--preset--gradient--pale-ocean: linear-gradient(135deg,rgb(255,245,203) 0%,rgb(182,227,212) 50%,rgb(51,167,181) 100%);--wp--preset--gradient--electric-grass: linear-gradient(135deg,rgb(202,248,128) 0%,rgb(113,206,126) 100%);--wp--preset--gradient--midnight: linear-gradient(135deg,rgb(2,3,129) 0%,rgb(40,116,252) 100%);--wp--preset--font-size--small: 13px;--wp--preset--font-size--normal: 16px;--wp--preset--font-size--medium: 20px;--wp--preset--font-size--large: 36px;--wp--preset--font-size--huge: 42px;}.has-black-color{color: var(--wp--preset--color--black) !important;}.has-cyan-bluish-gray-color{color: var(--wp--preset--color--cyan-bluish-gray) !important;}.has-white-color{color: var(--wp--preset--color--white) !important;}.has-pale-pink-color{color: var(--wp--preset--color--pale-pink) !important;}.has-vivid-red-color{color: var(--wp--preset--color--vivid-red) !important;}.has-luminous-vivid-orange-color{color: var(--wp--preset--color--luminous-vivid-orange) !important;}.has-luminous-vivid-amber-color{color: var(--wp--preset--color--luminous-vivid-amber) !important;}.has-light-green-cyan-color{color: var(--wp--preset--color--light-green-cyan) !important;}.has-vivid-green-cyan-color{color: var(--wp--preset--color--vivid-green-cyan) !important;}.has-pale-cyan-blue-color{color: var(--wp--preset--color--pale-cyan-blue) !important;}.has-vivid-cyan-blue-color{color: var(--wp--preset--color--vivid-cyan-blue) !important;}.has-vivid-purple-color{color: var(--wp--preset--color--vivid-purple) !important;}.has-ast-global-color-0-color{color: var(--wp--preset--color--ast-global-color-0) !important;}.has-ast-global-color-1-color{color: var(--wp--preset--color--ast-global-color-1) !important;}.has-ast-global-color-2-color{color: var(--wp--preset--color--ast-global-color-2) !important;}.has-ast-global-color-3-color{color: var(--wp--preset--color--ast-global-color-3) !important;}.has-ast-global-color-4-color{color: var(--wp--preset--color--ast-global-color-4) !important;}.has-ast-global-color-5-color{color: var(--wp--preset--color--ast-global-color-5) !important;}.has-ast-global-color-6-color{color: var(--wp--preset--color--ast-global-color-6) !important;}.has-ast-global-color-7-color{color: var(--wp--preset--color--ast-global-color-7) !important;}.has-ast-global-color-8-color{color: var(--wp--preset--color--ast-global-color-8) !important;}.has-black-background-color{background-color: var(--wp--preset--color--black) !important;}.has-cyan-bluish-gray-background-color{background-color: var(--wp--preset--color--cyan-bluish-gray) !important;}.has-white-background-color{background-color: var(--wp--preset--color--white) !important;}.has-pale-pink-background-color{background-color: var(--wp--preset--color--pale-pink) !important;}.has-vivid-red-background-color{background-color: var(--wp--preset--color--vivid-red) !important;}.has-luminous-vivid-orange-background-color{background-color: var(--wp--preset--color--luminous-vivid-orange) !important;}.has-luminous-vivid-amber-background-color{background-color: var(--wp--preset--color--luminous-vivid-amber) !important;}.has-light-green-cyan-background-color{background-color: var(--wp--preset--color--light-green-cyan) !important;}.has-vivid-green-cyan-background-color{background-color: var(--wp--preset--color--vivid-green-cyan) !important;}.has-pale-cyan-blue-background-color{background-color: var(--wp--preset--color--pale-cyan-blue) !important;}.has-vivid-cyan-blue-background-color{background-color: var(--wp--preset--color--vivid-cyan-blue) !important;}.has-vivid-purple-background-color{background-color: var(--wp--preset--color--vivid-purple) !important;}.has-ast-global-color-0-background-color{background-color: var(--wp--preset--color--ast-global-color-0) !important;}.has-ast-global-color-1-background-color{background-color: var(--wp--preset--color--ast-global-color-1) !important;}.has-ast-global-color-2-background-color{background-color: var(--wp--preset--color--ast-global-color-2) !important;}.has-ast-global-color-3-background-color{background-color: var(--wp--preset--color--ast-global-color-3) !important;}.has-ast-global-color-4-background-color{background-color: var(--wp--preset--color--ast-global-color-4) !important;}.has-ast-global-color-5-background-color{background-color: var(--wp--preset--color--ast-global-color-5) !important;}.has-ast-global-color-6-background-color{background-color: var(--wp--preset--color--ast-global-color-6) !important;}.has-ast-global-color-7-background-color{background-color: var(--wp--preset--color--ast-global-color-7) !important;}.has-ast-global-color-8-background-color{background-color: var(--wp--preset--color--ast-global-color-8) !important;}.has-vivid-cyan-blue-to-vivid-purple-gradient-background{background: var(--wp--preset--gradient--vivid-cyan-blue-to-vivid-purple) !important;}.has-light-green-cyan-to-vivid-green-cyan-gradient-background{background: var(--wp--preset--gradient--light-green-cyan-to-vivid-green-cyan) !important;}.has-luminous-vivid-amber-to-luminous-vivid-orange-gradient-background{background: var(--wp--preset--gradient--luminous-vivid-amber-to-luminous-vivid-orange) !important;}.has-luminous-vivid-orange-to-vivid-red-gradient-background{background: var(--wp--preset--gradient--luminous-vivid-orange-to-vivid-red) !important;}.has-very-light-gray-to-cyan-bluish-gray-gradient-background{background: var(--wp--preset--gradient--very-light-gray-to-cyan-bluish-gray) !important;}.has-cool-to-warm-spectrum-gradient-background{background: var(--wp--preset--gradient--cool-to-warm-spectrum) !important;}.has-blush-light-purple-gradient-background{background: var(--wp--preset--gradient--blush-light-purple) !important;}.has-blush-bordeaux-gradient-background{background: var(--wp--preset--gradient--blush-bordeaux) !important;}.has-luminous-dusk-gradient-background{background: var(--wp--preset--gradient--luminous-dusk) !important;}.has-pale-ocean-gradient-background{background: var(--wp--preset--gradient--pale-ocean) !important;}.has-electric-grass-gradient-background{background: var(--wp--preset--gradient--electric-grass) !important;}.has-midnight-gradient-background{background: var(--wp--preset--gradient--midnight) !important;}.has-small-font-size{font-size: var(--wp--preset--font-size--small) !important;}.has-normal-font-size{font-size: var(--wp--preset--font-size--normal) !important;}.has-medium-font-size{font-size: var(--wp--preset--font-size--medium) !important;}.has-large-font-size{font-size: var(--wp--preset--font-size--large) !important;}.has-huge-font-size{font-size: var(--wp--preset--font-size--huge) !important;}
</style>
    <link id="woocommerce-layout-css" rel="stylesheet" href="https://askomdch.com/wp-content/themes/astra/assets/css/minified/compatibility/woocommerce/woocommerce-layout.min.css?ver=3.7.5" media="all"/>
    <link id="woocommerce-smallscreen-css" rel="stylesheet" href="https://askomdch.com/wp-content/themes/astra/assets/css/minified/compatibility/woocommerce/woocommerce-smallscreen.min.css?ver=3.7.5" media="only screen and (max-width: 921px)"/>
    <link id="woocommerce-general-css" rel="stylesheet" href="https://askomdch.com/wp-content/themes/astra/assets/css/minified/compatibility/woocommerce/woocommerce.min.css?ver=3.7.5" media="all"/>
    <style id="woocommerce-general-inline-css">
#customer_details h3:not(.elementor-widget-woocommerce-checkout-page h3){font-size:1.2rem;padding:20px 0 14px;margin:0 0 20px;border-bottom:1px solid #ebebeb;}form #order_review_heading:not(.elementor-widget-woocommerce-checkout-page #order_review_heading){border-width:2px 2px 0 2px;border-style:solid;font-size:1.2rem;margin:0;padding:1.5em 1.5em 1em;border-color:#ebebeb;}form #order_review:not(.elementor-widget-woocommerce-checkout-page #order_review){padding:0 2em;border-width:0 2px 2px;border-style:solid;border-color:#ebebeb;}ul#shipping_method li:not(.elementor-widget-woocommerce-cart #shipping_method li){margin:0;padding:0.25em 0 0.25em 22px;text-indent:-22px;list-style:none outside;}.woocommerce span.onsale, .wc-block-grid__product .wc-block-grid__product-onsale{background-color:#54595f;color:#ffffff;}.woocommerce a.button, .woocommerce button.button, .woocommerce .woocommerce-message a.button, .woocommerce #respond input#submit.alt, .woocommerce a.button.alt, .woocommerce button.button.alt, .woocommerce input.button.alt, .woocommerce input.button,.woocommerce input.button:disabled, .woocommerce input.button:disabled[disabled], .woocommerce input.button:disabled:hover, .woocommerce input.button:disabled[disabled]:hover, .woocommerce #respond input#submit, .woocommerce button.button.alt.disabled, .wc-block-grid__products .wc-block-grid__product .wp-block-button__link, .wc-block-grid__product-onsale{color:#ffffff;border-color:#3197d6;background-color:#3197d6;}.woocommerce a.button:hover, .woocommerce button.button:hover, .woocommerce .woocommerce-message a.button:hover,.woocommerce #respond input#submit:hover,.woocommerce #respond input#submit.alt:hover, .woocommerce a.button.alt:hover, .woocommerce button.button.alt:hover, .woocommerce input.button.alt:hover, .woocommerce input.button:hover, .woocommerce button.button.alt.disabled:hover, .wc-block-grid__products .wc-block-grid__product .wp-block-button__link:hover{color:#ffffff;border-color:#0084d6;background-color:#0084d6;}.woocommerce-message, .woocommerce-info{border-top-color:#4e4e4e;}.woocommerce-message::before,.woocommerce-info::before{color:#4e4e4e;}.woocommerce ul.products li.product .price, .woocommerce div.product p.price, .woocommerce div.product span.price, .widget_layered_nav_filters ul li.chosen a, .woocommerce-page ul.products li.product .ast-woo-product-category, .wc-layered-nav-rating a{color:#333333;}.woocommerce nav.woocommerce-pagination ul,.woocommerce nav.woocommerce-pagination ul li{border-color:#4e4e4e;}.woocommerce nav.woocommerce-pagination ul li a:focus, .woocommerce nav.woocommerce-pagination ul li a:hover, .woocommerce nav.woocommerce-pagination ul li span.current{background:#4e4e4e;color:#ffffff;}.woocommerce-MyAccount-navigation-link.is-active a{color:#0084d6;}.woocommerce .widget_price_filter .ui-slider .ui-slider-range, .woocommerce .widget_price_filter .ui-slider .ui-slider-handle{background-color:#4e4e4e;}.woocommerce a.button, .woocommerce button.button, .woocommerce .woocommerce-message a.button, .woocommerce #respond input#submit.alt, .woocommerce a.button.alt, .woocommerce button.button.alt, .woocommerce input.button.alt, .woocommerce input.button,.woocommerce-cart table.cart td.actions .button, .woocommerce form.checkout_coupon .button, .woocommerce #respond input#submit, .wc-block-grid__products .wc-block-grid__product .wp-block-button__link{border-radius:0;padding-top:17px;padding-right:30px;padding-bottom:17px;padding-left:30px;}.woocommerce .star-rating, .woocommerce .comment-form-rating .stars a, .woocommerce .star-rating::before{color:#4e4e4e;}.woocommerce div.product .woocommerce-tabs ul.tabs li.active:before{background:#4e4e4e;}.woocommerce a.remove:hover{color:#4e4e4e;border-color:#4e4e4e;background-color:#ffffff;}.woocommerce ul.product-categories &gt; li ul li:before{content:"\e900";padding:0 5px 0 5px;display:inline-block;font-family:Astra;transform:rotate(-90deg);font-size:0.7rem;}@media (min-width:545px) and (max-width:921px){.woocommerce.tablet-columns-6 ul.products li.product, .woocommerce-page.tablet-columns-6 ul.products li.product{width:calc(16.66% - 16.66px);}.woocommerce.tablet-columns-5 ul.products li.product, .woocommerce-page.tablet-columns-5 ul.products li.product{width:calc(20% - 16px);}.woocommerce.tablet-columns-4 ul.products li.product, .woocommerce-page.tablet-columns-4 ul.products li.product{width:calc(25% - 15px);}.woocommerce.tablet-columns-3 ul.products li.product, .woocommerce-page.tablet-columns-3 ul.products li.product{width:calc(33.33% - 14px);}.woocommerce.tablet-columns-2 ul.products li.product, .woocommerce-page.tablet-columns-2 ul.products li.product{width:calc(50% - 10px);}.woocommerce.tablet-columns-1 ul.products li.product, .woocommerce-page.tablet-columns-1 ul.products li.product{width:100%;}.woocommerce div.product .related.products ul.products li.product{width:calc(33.33% - 14px);}}@media (min-width:545px) and (max-width:921px){.woocommerce[class*="columns-"].columns-3 &gt; ul.products li.product, .woocommerce[class*="columns-"].columns-4 &gt; ul.products li.product, .woocommerce[class*="columns-"].columns-5 &gt; ul.products li.product, .woocommerce[class*="columns-"].columns-6 &gt; ul.products li.product{width:calc(33.33% - 14px);margin-right:20px;}.woocommerce[class*="columns-"].columns-3 &gt; ul.products li.product:nth-child(3n), .woocommerce[class*="columns-"].columns-4 &gt; ul.products li.product:nth-child(3n), .woocommerce[class*="columns-"].columns-5 &gt; ul.products li.product:nth-child(3n), .woocommerce[class*="columns-"].columns-6 &gt; ul.products li.product:nth-child(3n){margin-right:0;clear:right;}.woocommerce[class*="columns-"].columns-3 &gt; ul.products li.product:nth-child(3n+1), .woocommerce[class*="columns-"].columns-4 &gt; ul.products li.product:nth-child(3n+1), .woocommerce[class*="columns-"].columns-5 &gt; ul.products li.product:nth-child(3n+1), .woocommerce[class*="columns-"].columns-6 &gt; ul.products li.product:nth-child(3n+1){clear:left;}.woocommerce[class*="columns-"] ul.products li.product:nth-child(n), .woocommerce-page[class*="columns-"] ul.products li.product:nth-child(n){margin-right:20px;clear:none;}.woocommerce.tablet-columns-2 ul.products li.product:nth-child(2n), .woocommerce-page.tablet-columns-2 ul.products li.product:nth-child(2n), .woocommerce.tablet-columns-3 ul.products li.product:nth-child(3n), .woocommerce-page.tablet-columns-3 ul.products li.product:nth-child(3n), .woocommerce.tablet-columns-4 ul.products li.product:nth-child(4n), .woocommerce-page.tablet-columns-4 ul.products li.product:nth-child(4n), .woocommerce.tablet-columns-5 ul.products li.product:nth-child(5n), .woocommerce-page.tablet-columns-5 ul.products li.product:nth-child(5n), .woocommerce.tablet-columns-6 ul.products li.product:nth-child(6n), .woocommerce-page.tablet-columns-6 ul.products li.product:nth-child(6n){margin-right:0;clear:right;}.woocommerce.tablet-columns-2 ul.products li.product:nth-child(2n+1), .woocommerce-page.tablet-columns-2 ul.products li.product:nth-child(2n+1), .woocommerce.tablet-columns-3 ul.products li.product:nth-child(3n+1), .woocommerce-page.tablet-columns-3 ul.products li.product:nth-child(3n+1), .woocommerce.tablet-columns-4 ul.products li.product:nth-child(4n+1), .woocommerce-page.tablet-columns-4 ul.products li.product:nth-child(4n+1), .woocommerce.tablet-columns-5 ul.products li.product:nth-child(5n+1), .woocommerce-page.tablet-columns-5 ul.products li.product:nth-child(5n+1), .woocommerce.tablet-columns-6 ul.products li.product:nth-child(6n+1), .woocommerce-page.tablet-columns-6 ul.products li.product:nth-child(6n+1){clear:left;}.woocommerce div.product .related.products ul.products li.product:nth-child(3n), .woocommerce-page.tablet-columns-1 .site-main ul.products li.product{margin-right:0;clear:right;}.woocommerce div.product .related.products ul.products li.product:nth-child(3n+1){clear:left;}}@media (min-width:922px){.woocommerce #reviews #comments{width:55%;float:left;}.woocommerce #reviews #review_form_wrapper{width:45%;padding-left:2em;float:right;}.woocommerce form.checkout_coupon{width:50%;}}@media (max-width:921px){.ast-header-break-point.ast-woocommerce-cart-menu .header-main-layout-1.ast-mobile-header-stack.ast-no-menu-items .ast-site-header-cart, .ast-header-break-point.ast-woocommerce-cart-menu .header-main-layout-3.ast-mobile-header-stack.ast-no-menu-items .ast-site-header-cart{padding-right:0;padding-left:0;}.ast-header-break-point.ast-woocommerce-cart-menu .header-main-layout-1.ast-mobile-header-stack .main-header-bar{text-align:center;}.ast-header-break-point.ast-woocommerce-cart-menu .header-main-layout-1.ast-mobile-header-stack .ast-site-header-cart, .ast-header-break-point.ast-woocommerce-cart-menu .header-main-layout-1.ast-mobile-header-stack .ast-mobile-menu-buttons{display:inline-block;}.ast-header-break-point.ast-woocommerce-cart-menu .header-main-layout-2.ast-mobile-header-inline .site-branding{flex:auto;}.ast-header-break-point.ast-woocommerce-cart-menu .header-main-layout-3.ast-mobile-header-stack .site-branding{flex:0 0 100%;}.ast-header-break-point.ast-woocommerce-cart-menu .header-main-layout-3.ast-mobile-header-stack .main-header-container{display:flex;justify-content:center;}.woocommerce-cart .woocommerce-shipping-calculator .button{width:100%;}.woocommerce div.product div.images, .woocommerce div.product div.summary, .woocommerce #content div.product div.images, .woocommerce #content div.product div.summary, .woocommerce-page div.product div.images, .woocommerce-page div.product div.summary, .woocommerce-page #content div.product div.images, .woocommerce-page #content div.product div.summary{float:none;width:100%;}.woocommerce-cart table.cart td.actions .ast-return-to-shop{display:block;text-align:center;margin-top:1em;}}@media (max-width:544px){.ast-separate-container .ast-woocommerce-container{padding:.54em 1em 1.33333em;}.woocommerce-message, .woocommerce-error, .woocommerce-info{display:flex;flex-wrap:wrap;}.woocommerce-message a.button, .woocommerce-error a.button, .woocommerce-info a.button{order:1;margin-top:.5em;}.woocommerce .woocommerce-ordering, .woocommerce-page .woocommerce-ordering{float:none;margin-bottom:2em;width:100%;}.woocommerce ul.products a.button, .woocommerce-page ul.products a.button{padding:0.5em 0.75em;}.woocommerce table.cart td.actions .button, .woocommerce #content table.cart td.actions .button, .woocommerce-page table.cart td.actions .button, .woocommerce-page #content table.cart td.actions .button{padding-left:1em;padding-right:1em;}.woocommerce #content table.cart .button, .woocommerce-page #content table.cart .button{width:100%;}.woocommerce #content table.cart .product-thumbnail, .woocommerce-page #content table.cart .product-thumbnail{display:block;text-align:center !important;}.woocommerce #content table.cart .product-thumbnail::before, .woocommerce-page #content table.cart .product-thumbnail::before{display:none;}.woocommerce #content table.cart td.actions .coupon, .woocommerce-page #content table.cart td.actions .coupon{float:none;}.woocommerce #content table.cart td.actions .coupon .button, .woocommerce-page #content table.cart td.actions .coupon .button{flex:1;}.woocommerce #content div.product .woocommerce-tabs ul.tabs li a, .woocommerce-page #content div.product .woocommerce-tabs ul.tabs li a{display:block;}.woocommerce div.product .related.products ul.products li.product, .woocommerce.mobile-columns-2 ul.products li.product, .woocommerce-page.mobile-columns-2 ul.products li.product{width:calc(50% - 10px);}.woocommerce.mobile-columns-6 ul.products li.product, .woocommerce-page.mobile-columns-6 ul.products li.product{width:calc(16.66% - 16.66px);}.woocommerce.mobile-columns-5 ul.products li.product, .woocommerce-page.mobile-columns-5 ul.products li.product{width:calc(20% - 16px);}.woocommerce.mobile-columns-4 ul.products li.product, .woocommerce-page.mobile-columns-4 ul.products li.product{width:calc(25% - 15px);}.woocommerce.mobile-columns-3 ul.products li.product, .woocommerce-page.mobile-columns-3 ul.products li.product{width:calc(33.33% - 14px);}.woocommerce.mobile-columns-1 ul.products li.product, .woocommerce-page.mobile-columns-1 ul.products li.product{width:100%;}}@media (max-width:544px){.woocommerce ul.products a.button.loading::after, .woocommerce-page ul.products a.button.loading::after{display:inline-block;margin-left:5px;position:initial;}.woocommerce.mobile-columns-1 .site-main ul.products li.product:nth-child(n), .woocommerce-page.mobile-columns-1 .site-main ul.products li.product:nth-child(n){margin-right:0;}.woocommerce #content div.product .woocommerce-tabs ul.tabs li, .woocommerce-page #content div.product .woocommerce-tabs ul.tabs li{display:block;margin-right:0;}.woocommerce[class*="columns-"].columns-3 &gt; ul.products li.product, .woocommerce[class*="columns-"].columns-4 &gt; ul.products li.product, .woocommerce[class*="columns-"].columns-5 &gt; ul.products li.product, .woocommerce[class*="columns-"].columns-6 &gt; ul.products li.product{width:calc(50% - 10px);margin-right:20px;}.woocommerce[class*="columns-"] ul.products li.product:nth-child(n), .woocommerce-page[class*="columns-"] ul.products li.product:nth-child(n){margin-right:20px;clear:none;}.woocommerce-page[class*=columns-].columns-3&gt;ul.products li.product:nth-child(2n), .woocommerce-page[class*=columns-].columns-4&gt;ul.products li.product:nth-child(2n), .woocommerce-page[class*=columns-].columns-5&gt;ul.products li.product:nth-child(2n), .woocommerce-page[class*=columns-].columns-6&gt;ul.products li.product:nth-child(2n), .woocommerce[class*=columns-].columns-3&gt;ul.products li.product:nth-child(2n), .woocommerce[class*=columns-].columns-4&gt;ul.products li.product:nth-child(2n), .woocommerce[class*=columns-].columns-5&gt;ul.products li.product:nth-child(2n), .woocommerce[class*=columns-].columns-6&gt;ul.products li.product:nth-child(2n){margin-right:0;clear:right;}.woocommerce[class*="columns-"].columns-3 &gt; ul.products li.product:nth-child(2n+1), .woocommerce[class*="columns-"].columns-4 &gt; ul.products li.product:nth-child(2n+1), .woocommerce[class*="columns-"].columns-5 &gt; ul.products li.product:nth-child(2n+1), .woocommerce[class*="columns-"].columns-6 &gt; ul.products li.product:nth-child(2n+1){clear:left;}.woocommerce-page[class*=columns-] ul.products li.product:nth-child(n), .woocommerce[class*=columns-] ul.products li.product:nth-child(n){margin-right:20px;clear:none;}.woocommerce.mobile-columns-6 ul.products li.product:nth-child(6n), .woocommerce-page.mobile-columns-6 ul.products li.product:nth-child(6n), .woocommerce.mobile-columns-5 ul.products li.product:nth-child(5n), .woocommerce-page.mobile-columns-5 ul.products li.product:nth-child(5n), .woocommerce.mobile-columns-4 ul.products li.product:nth-child(4n), .woocommerce-page.mobile-columns-4 ul.products li.product:nth-child(4n), .woocommerce.mobile-columns-3 ul.products li.product:nth-child(3n), .woocommerce-page.mobile-columns-3 ul.products li.product:nth-child(3n), .woocommerce.mobile-columns-2 ul.products li.product:nth-child(2n), .woocommerce-page.mobile-columns-2 ul.products li.product:nth-child(2n), .woocommerce div.product .related.products ul.products li.product:nth-child(2n){margin-right:0;clear:right;}.woocommerce.mobile-columns-6 ul.products li.product:nth-child(6n+1), .woocommerce-page.mobile-columns-6 ul.products li.product:nth-child(6n+1), .woocommerce.mobile-columns-5 ul.products li.product:nth-child(5n+1), .woocommerce-page.mobile-columns-5 ul.products li.product:nth-child(5n+1), .woocommerce.mobile-columns-4 ul.products li.product:nth-child(4n+1), .woocommerce-page.mobile-columns-4 ul.products li.product:nth-child(4n+1), .woocommerce.mobile-columns-3 ul.products li.product:nth-child(3n+1), .woocommerce-page.mobile-columns-3 ul.products li.product:nth-child(3n+1), .woocommerce.mobile-columns-2 ul.products li.product:nth-child(2n+1), .woocommerce-page.mobile-columns-2 ul.products li.product:nth-child(2n+1), .woocommerce div.product .related.products ul.products li.product:nth-child(2n+1){clear:left;}}@media (min-width:922px){.ast-woo-shop-archive .site-content &gt; .ast-container{max-width:1240px;}}@media (min-width:922px){.woocommerce #content .ast-woocommerce-container div.product div.images, .woocommerce .ast-woocommerce-container div.product div.images, .woocommerce-page #content .ast-woocommerce-container div.product div.images, .woocommerce-page .ast-woocommerce-container div.product div.images{width:50%;}.woocommerce #content .ast-woocommerce-container div.product div.summary, .woocommerce .ast-woocommerce-container div.product div.summary, .woocommerce-page #content .ast-woocommerce-container div.product div.summary, .woocommerce-page .ast-woocommerce-container div.product div.summary{width:46%;}.woocommerce.woocommerce-checkout form #customer_details.col2-set .col-1, .woocommerce.woocommerce-checkout form #customer_details.col2-set .col-2, .woocommerce-page.woocommerce-checkout form #customer_details.col2-set .col-1, .woocommerce-page.woocommerce-checkout form #customer_details.col2-set .col-2{float:none;width:auto;}}.woocommerce a.button , .woocommerce button.button.alt ,.woocommerce-page table.cart td.actions .button, .woocommerce-page #content table.cart td.actions .button , .woocommerce a.button.alt ,.woocommerce .woocommerce-message a.button , .ast-site-header-cart .widget_shopping_cart .buttons .button.checkout, .woocommerce button.button.alt.disabled , .wc-block-grid__products .wc-block-grid__product .wp-block-button__link {border:solid;border-top-width:0;border-right-width:0;border-left-width:0;border-bottom-width:0;border-color:#3197d6;}.woocommerce a.button:hover , .woocommerce button.button.alt:hover , .woocommerce-page table.cart td.actions .button:hover, .woocommerce-page #content table.cart td.actions .button:hover, .woocommerce a.button.alt:hover ,.woocommerce .woocommerce-message a.button:hover , .ast-site-header-cart .widget_shopping_cart .buttons .button.checkout:hover , .woocommerce button.button.alt.disabled:hover , .wc-block-grid__products .wc-block-grid__product .wp-block-button__link:hover{border-color:#0084d6;}.widget_product_search button{flex:0 0 auto;padding:10px 20px;;}@media (min-width:922px){.woocommerce.woocommerce-checkout form #customer_details.col2-set, .woocommerce-page.woocommerce-checkout form #customer_details.col2-set{width:55%;float:left;margin-right:4.347826087%;}.woocommerce.woocommerce-checkout form #order_review, .woocommerce.woocommerce-checkout form #order_review_heading, .woocommerce-page.woocommerce-checkout form #order_review, .woocommerce-page.woocommerce-checkout form #order_review_heading{width:40%;float:right;margin-right:0;clear:right;}}
</style>
    <style id="woocommerce-inline-inline-css">
.woocommerce form .form-row .required { visibility: visible; }
</style>
    <script id="jquery-core-js" src="https://askomdch.com/wp-includes/js/jquery/jquery.min.js?ver=3.6.0"/>
    <script id="jquery-migrate-js" src="https://askomdch.com/wp-includes/js/jquery/jquery-migrate.min.js?ver=3.3.2"/>
    <link rel="canonical" href="https://askomdch.com/account/"/>
    <noscript>
      <style>.woocommerce-product-gallery{ opacity: 1 !important; }</style>
    </noscript>
    <style>.recentcomments a{display:inline !important;padding:0 !important;margin:0 !important;}</style>
  </head>
  <body class="page-template-default page page-id-1235 theme-astra woocommerce-account woocommerce-page woocommerce-no-js ast-single-post ast-mobile-inherit-site-logo ast-woocommerce-cart-menu ast-inherit-site-logo-transparent ast-theme-transparent-header ast-hfb-header ast-desktop ast-plain-container ast-no-sidebar astra-3.7.5" itemtype="https://schema.org/WebPage" itemscope="itemscope">
    <a shape="rect" class="skip-link screen-reader-text" href="#content" role="link" title="Skip to content">
Skip to content</a>
    <div class="hfeed site" id="page">
      <header class="site-header ast-primary-submenu-animation-slide-up header-main-layout-1 ast-primary-menu-enabled ast-builder-menu-toggle-icon ast-mobile-header-inline" id="masthead" itemtype="https://schema.org/WPHeader" itemscope="itemscope" itemid="#masthead">
        <div id="ast-desktop-header" data-toggle-type="dropdown">
          <div class="ast-main-header-wrap main-header-bar-wrap">
            <div class="ast-primary-header-bar ast-primary-header main-header-bar site-header-focus-item" data-section="section-primary-header-builder">
              <div class="site-primary-header-wrap ast-builder-grid-row-container site-header-focus-item ast-container" data-section="section-primary-header-builder">
                <div class="ast-builder-grid-row ast-builder-grid-row-has-sides ast-builder-grid-row-no-center">
                  <div class="site-header-primary-section-left site-header-section ast-flex site-header-section-left">
                    <div class="ast-builder-layout-element ast-flex site-header-focus-item" data-section="title_tagline">
                      <div class="site-branding ast-site-identity" itemtype="https://schema.org/Organization" itemscope="itemscope">
                        <div class="ast-site-title-wrap">
                          <span class="site-title" itemprop="name">
                            <a shape="rect" href="https://askomdch.com/" rel="home" itemprop="url">
AskOmDch
</a>
                          </span>
                        </div>
                      </div>
                    </div>
                  </div>
                  <div class="site-header-primary-section-right site-header-section ast-flex ast-grid-right-section">
                    <div class="ast-builder-menu-1 ast-builder-menu ast-flex ast-builder-menu-1-focus-item ast-builder-layout-element site-header-focus-item" data-section="section-hb-menu-1">
                      <div class="ast-main-header-bar-alignment">
                        <div class="main-header-bar-navigation">
                          <nav class="site-navigation ast-flex-grow-1 navigation-accessibility site-header-focus-item" id="primary-site-navigation" aria-label="Site Navigation" itemtype="https://schema.org/SiteNavigationElement" itemscope="itemscope">
                            <div class="main-navigation ast-inline-flex">
                              <ul class="main-header-menu ast-menu-shadow ast-nav-menu ast-flex submenu-with-border astra-menu-animation-slide-up stack-on-mobile" id="ast-hf-menu-1">
                                <li class="menu-item menu-item-type-post_type menu-item-object-page menu-item-home menu-item-1226" id="menu-item-1226">
                                  <a shape="rect" class="menu-link" href="https://askomdch.com/">Home</a>
                                </li>
                                <li class="menu-item menu-item-type-post_type menu-item-object-page menu-item-1227" id="menu-item-1227">
                                  <a shape="rect" class="menu-link" href="https://askomdch.com/store/">Store</a>
                                </li>
                                <li class="menu-item menu-item-type-taxonomy menu-item-object-product_cat menu-item-1228" id="menu-item-1228">
                                  <a shape="rect" class="menu-link" href="https://askomdch.com/product-category/men/">Men</a>
                                </li>
                                <li class="menu-item menu-item-type-taxonomy menu-item-object-product_cat menu-item-1229" id="menu-item-1229">
                                  <a shape="rect" class="menu-link" href="https://askomdch.com/product-category/women/">Women</a>
                                </li>
                                <li class="menu-item menu-item-type-taxonomy menu-item-object-product_cat menu-item-1230" id="menu-item-1230">
                                  <a shape="rect" class="menu-link" href="https://askomdch.com/product-category/accessories/">Accessories</a>
                                </li>
                                <li class="menu-item menu-item-type-post_type menu-item-object-page current-menu-item page_item page-item-1235 current_page_item menu-item-1237" id="menu-item-1237">
                                  <a shape="rect" class="menu-link" href="https://askomdch.com/account/" aria-current="page">Account</a>
                                </li>
                                <li class="menu-item menu-item-type-post_type menu-item-object-page menu-item-1232" id="menu-item-1232">
                                  <a shape="rect" class="menu-link" href="https://askomdch.com/about/">About</a>
                                </li>
                                <li class="menu-item menu-item-type-post_type menu-item-object-page menu-item-1233" id="menu-item-1233">
                                  <a shape="rect" class="menu-link" href="https://askomdch.com/contact-us/">Contact Us</a>
                                </li>
                              </ul>
                            </div>
                          </nav>
                        </div>
                      </div>
                    </div>
                    <div class="ast-builder-layout-element site-header-focus-item ast-header-woo-cart" data-section="section-header-woo-cart">
                      <div class="ast-site-header-cart ast-menu-cart-with-border ast-menu-cart-fill" id="ast-site-header-cart">
                        <div class="ast-site-header-cart-li">
                          <a shape="rect" class="cart-container" href="https://askomdch.com/cart/" title="View your shopping cart"/>
                          <div class="ast-cart-menu-wrap">
                            <span class="count">
0 </span>
                          </div>
                        </div>
                        <div class="ast-site-header-cart-data">
                          <div class="widget woocommerce widget_shopping_cart">
                            <div class="widget_shopping_cart_content"/>
                          </div>
                        </div>
                      </div>
                    </div>
                  </div>
                </div>
              </div>
            </div>
          </div>
          <div class="ast-desktop-header-content content-align-flex-start"/>
        </div>
        <div class="ast-mobile-header-wrap" id="ast-mobile-header" data-type="dropdown">
          <div class="ast-main-header-wrap main-header-bar-wrap">
            <div class="ast-primary-header-bar ast-primary-header main-header-bar site-primary-header-wrap site-header-focus-item ast-builder-grid-row-layout-default ast-builder-grid-row-tablet-layout-default ast-builder-grid-row-mobile-layout-default" data-section="section-primary-header-builder">
              <div class="ast-builder-grid-row ast-builder-grid-row-has-sides ast-builder-grid-row-no-center">
                <div class="site-header-primary-section-left site-header-section ast-flex site-header-section-left">
                  <div class="ast-builder-layout-element ast-flex site-header-focus-item" data-section="title_tagline">
                    <div class="site-branding ast-site-identity" itemtype="https://schema.org/Organization" itemscope="itemscope">
                      <div class="ast-site-title-wrap">
                        <span class="site-title" itemprop="name">
                          <a shape="rect" href="https://askomdch.com/" rel="home" itemprop="url">
AskOmDch
</a>
                        </span>
                      </div>
                    </div>
                  </div>
                </div>
                <div class="site-header-primary-section-right site-header-section ast-flex ast-grid-right-section">
                  <div class="ast-builder-layout-element site-header-focus-item ast-header-woo-cart" data-section="section-header-woo-cart">
                    <div class="ast-site-header-cart ast-menu-cart-with-border ast-menu-cart-fill" id="ast-site-header-cart">
                      <div class="ast-site-header-cart-li">
                        <a shape="rect" class="cart-container" href="https://askomdch.com/cart/" title="View your shopping cart"/>
                        <div class="ast-cart-menu-wrap">
                          <span class="count">
0 </span>
                        </div>
                      </div>
                      <div class="ast-site-header-cart-data">
                        <div class="widget woocommerce widget_shopping_cart">
                          <div class="widget_shopping_cart_content"/>
                        </div>
                      </div>
                    </div>
                  </div>
                  <div class="ast-builder-layout-element ast-flex site-header-focus-item" data-section="section-header-mobile-trigger">
                    <div class="ast-button-wrap">
                      <button type="button" class="menu-toggle main-header-menu-toggle ast-mobile-menu-trigger-minimal" aria-expanded="false">
                        <span class="screen-reader-text">Main Menu</span>
                        <span class="mobile-menu-toggle-icon">
                          <span class="ahfb-svg-iconset ast-inline-flex svg-baseline">
                            <svg class="ast-mobile-svg ast-menu2-svg" fill="currentColor" version="1.1" width="24" height="28" viewbox="0 0 24 28">
                              <path d="M24 21v2c0 0.547-0.453 1-1 1h-22c-0.547 0-1-0.453-1-1v-2c0-0.547 0.453-1 1-1h22c0.547 0 1 0.453 1 1zM24 13v2c0 0.547-0.453 1-1 1h-22c-0.547 0-1-0.453-1-1v-2c0-0.547 0.453-1 1-1h22c0.547 0 1 0.453 1 1zM24 5v2c0 0.547-0.453 1-1 1h-22c-0.547 0-1-0.453-1-1v-2c0-0.547 0.453-1 1-1h22c0.547 0 1 0.453 1 1z"/>
                            </svg>
                          </span>
                          <span class="ahfb-svg-iconset ast-inline-flex svg-baseline">
                            <svg class="ast-mobile-svg ast-close-svg" fill="currentColor" version="1.1" width="24" height="24" viewbox="0 0 24 24">
                              <path d="M5.293 6.707l5.293 5.293-5.293 5.293c-0.391 0.391-0.391 1.024 0 1.414s1.024 0.391 1.414 0l5.293-5.293 5.293 5.293c0.391 0.391 1.024 0.391 1.414 0s0.391-1.024 0-1.414l-5.293-5.293 5.293-5.293c0.391-0.391 0.391-1.024 0-1.414s-1.024-0.391-1.414 0l-5.293 5.293-5.293-5.293c-0.391-0.391-1.024-0.391-1.414 0s-0.391 1.024 0 1.414z"/>
                            </svg>
                          </span>
                        </span>
                      </button>
                    </div>
                  </div>
                </div>
              </div>
            </div>
          </div>
          <div class="ast-mobile-header-content content-align-flex-start">
            <div class="ast-builder-menu-1 ast-builder-menu ast-flex ast-builder-menu-1-focus-item ast-builder-layout-element site-header-focus-item" data-section="section-hb-menu-1">
              <div class="ast-main-header-bar-alignment">
                <div class="main-header-bar-navigation">
                  <nav class="site-navigation ast-flex-grow-1 navigation-accessibility site-header-focus-item" id="primary-site-navigation" aria-label="Site Navigation" itemtype="https://schema.org/SiteNavigationElement" itemscope="itemscope">
                    <div class="main-navigation ast-inline-flex">
                      <ul class="main-header-menu ast-menu-shadow ast-nav-menu ast-flex submenu-with-border astra-menu-animation-slide-up stack-on-mobile" id="ast-hf-menu-1">
                        <li class="menu-item menu-item-type-post_type menu-item-object-page menu-item-home menu-item-1226">
                          <a shape="rect" class="menu-link" href="https://askomdch.com/">Home</a>
                        </li>
                        <li class="menu-item menu-item-type-post_type menu-item-object-page menu-item-1227">
                          <a shape="rect" class="menu-link" href="https://askomdch.com/store/">Store</a>
                        </li>
                        <li class="menu-item menu-item-type-taxonomy menu-item-object-product_cat menu-item-1228">
                          <a shape="rect" class="menu-link" href="https://askomdch.com/product-category/men/">Men</a>
                        </li>
                        <li class="menu-item menu-item-type-taxonomy menu-item-object-product_cat menu-item-1229">
                          <a shape="rect" class="menu-link" href="https://askomdch.com/product-category/women/">Women</a>
                        </li>
                        <li class="menu-item menu-item-type-taxonomy menu-item-object-product_cat menu-item-1230">
                          <a shape="rect" class="menu-link" href="https://askomdch.com/product-category/accessories/">Accessories</a>
                        </li>
                        <li class="menu-item menu-item-type-post_type menu-item-object-page current-menu-item page_item page-item-1235 current_page_item menu-item-1237">
                          <a shape="rect" class="menu-link" href="https://askomdch.com/account/" aria-current="page">Account</a>
                        </li>
                        <li class="menu-item menu-item-type-post_type menu-item-object-page menu-item-1232">
                          <a shape="rect" class="menu-link" href="https://askomdch.com/about/">About</a>
                        </li>
                        <li class="menu-item menu-item-type-post_type menu-item-object-page menu-item-1233">
                          <a shape="rect" class="menu-link" href="https://askomdch.com/contact-us/">Contact Us</a>
                        </li>
                      </ul>
                    </div>
                  </nav>
                </div>
              </div>
            </div>
          </div>
        </div>
      </header>
      <div class="site-content" id="content">
        <div class="ast-container">
          <div class="content-area primary" id="primary">
            <main id="main" class="site-main">
              <article class="post-1235 page type-page status-publish ast-article-single" id="post-1235" itemtype="https://schema.org/CreativeWork" itemscope="itemscope">
                <header class="entry-header ast-header-without-markup"/>
                <div class="entry-content clear" itemprop="text">
                  <div class="wp-block-cover alignfull has-background-dim" style="background-color:#001d35;min-height:400px">
                    <div class="wp-block-cover__inner-container">
                      <h1 class="has-text-align-center">Account</h1>
                    </div>
                  </div>
                  <div class="wp-block-group alignfull">
                    <div class="wp-block-group__inner-container">
                      <div class="wp-block-columns">
                        <div class="wp-block-column" style="flex-basis:100%"/>
                      </div>
                      <div class="woocommerce">
                        <div class="woocommerce-notices-wrapper"/>
                        <div class="u-columns col2-set" id="customer_login">
                          <div class="u-column1 col-1">
                            <h2>Login</h2>
                            <form enctype="application/x-www-form-urlencoded" method="post" class="woocommerce-form woocommerce-form-login login">
                              <p class="woocommerce-form-row woocommerce-form-row--wide form-row form-row-wide">
                                <label for="username">
Username or email address                                   <span class="required">*</span>
                                </label>
                                <input type="text" class="woocommerce-Input woocommerce-Input--text input-text" id="username" name="username" autocomplete="username" value="value" _="_"/>
                              </p>
                              <p class="woocommerce-form-row woocommerce-form-row--wide form-row form-row-wide">
                                <label for="password">
Password                                   <span class="required">*</span>
                                </label>
                                <input type="password" class="woocommerce-Input woocommerce-Input--text input-text" id="password" name="password" autocomplete="current-password"/>
                              </p>
                              <p class="form-row">
                                <label class="woocommerce-form__label woocommerce-form__label-for-checkbox woocommerce-form-login__rememberme">
                                  <input type="checkbox" class="woocommerce-form__input woocommerce-form__input-checkbox" id="rememberme" name="rememberme" value="forever"/>
                                  <span>Remember me</span>
                                </label>
                                <input type="hidden" id="woocommerce-login-nonce" name="woocommerce-login-nonce" value="70dd927d96"/>
                                <input type="hidden" name="_wp_http_referer" value="/account/"/>
                                <button type="submit" class="woocommerce-button button woocommerce-form-login__submit" name="login" value="Log in">Log in</button>
                              </p>
                              <p class="woocommerce-LostPassword lost_password">
                                <a shape="rect" href="https://askomdch.com/account/lost-password/">Lost your password?</a>
                              </p>
                            </form>
                          </div>
                          <div class="u-column2 col-2">
                            <h2>Register</h2>
                            <form enctype="application/x-www-form-urlencoded" method="post" class="woocommerce-form woocommerce-form-register register">
                              <p class="woocommerce-form-row woocommerce-form-row--wide form-row form-row-wide">
                                <label for="reg_username">
Username                                   <span class="required">*</span>
                                </label>
                                <input type="text" class="woocommerce-Input woocommerce-Input--text input-text" id="reg_username" name="username" autocomplete="username" value="value" _="_"/>
                              </p>
                              <p class="woocommerce-form-row woocommerce-form-row--wide form-row form-row-wide">
                                <label for="reg_email">
Email address                                   <span class="required">*</span>
                                </label>
                                <input type="email" class="woocommerce-Input woocommerce-Input--text input-text" id="reg_email" name="email" autocomplete="email" value="value" _="_"/>
                              </p>
                              <p class="woocommerce-form-row woocommerce-form-row--wide form-row form-row-wide">
                                <label for="reg_password">
Password                                   <span class="required">*</span>
                                </label>
                                <input type="password" class="woocommerce-Input woocommerce-Input--text input-text" id="reg_password" name="password" autocomplete="new-password"/>
                              </p>
                              <div class="woocommerce-privacy-policy-text">
                                <p>TEST MODE ENABLED. DO NOT ENTER YOUR PERSONAL DATA.</p>
                              </div>
                              <p class="woocommerce-form-row form-row">
                                <input type="hidden" id="woocommerce-register-nonce" name="woocommerce-register-nonce" value="e82ccf66d5"/>
                                <input type="hidden" name="_wp_http_referer" value="/account/"/>
                                <button type="submit" class="woocommerce-Button woocommerce-button button woocommerce-form-register__submit" name="register" value="Register">Register</button>
                              </p>
                            </form>
                          </div>
                        </div>
                      </div>
                    </div>
                  </div>
                  <p/>
                </div>
              </article>
            </main>
          </div>
        </div>
      </div>
      <div class="astra-mobile-cart-overlay"/>
      <div class="astra-cart-drawer open-right" id="astra-mobile-cart-drawer">
        <div class="astra-cart-drawer-header">
          <button type="button" class="astra-cart-drawer-close">
            <span class="ahfb-svg-iconset ast-inline-flex svg-baseline">
              <svg class="ast-mobile-svg ast-close-svg" fill="currentColor" version="1.1" width="24" height="24" viewbox="0 0 24 24">
                <path d="M5.293 6.707l5.293 5.293-5.293 5.293c-0.391 0.391-0.391 1.024 0 1.414s1.024 0.391 1.414 0l5.293-5.293 5.293 5.293c0.391 0.391 1.024 0.391 1.414 0s0.391-1.024 0-1.414l-5.293-5.293 5.293-5.293c0.391-0.391 0.391-1.024 0-1.414s-1.024-0.391-1.414 0l-5.293 5.293-5.293-5.293c-0.391-0.391-1.024-0.391-1.414 0s-0.391 1.024 0 1.414z"/>
              </svg>
            </span>
          </button>
          <div class="astra-cart-drawer-title">
Shopping Cart </div>
        </div>
        <div class="astra-cart-drawer-content">
          <div class="widget woocommerce widget_shopping_cart">
            <div class="widget_shopping_cart_content"/>
          </div>
        </div>
      </div>
      <footer class="site-footer" id="colophon" itemtype="https://schema.org/WPFooter" itemscope="itemscope" itemid="#colophon">
        <div class="site-primary-footer-wrap ast-builder-grid-row-container site-footer-focus-item ast-builder-grid-row-4-equal ast-builder-grid-row-tablet-4-equal ast-builder-grid-row-mobile-full ast-footer-row-stack ast-footer-row-tablet-stack ast-footer-row-mobile-stack" data-section="section-primary-footer-builder">
          <div class="ast-builder-grid-row-container-inner">
            <div class="ast-builder-footer-grid-columns site-primary-footer-inner-wrap ast-builder-grid-row">
              <div class="site-footer-primary-section-1 site-footer-section site-footer-section-1">
                <aside class="footer-widget-area widget-area site-footer-focus-item" data-section="sidebar-widgets-footer-widget-1" aria-label="Footer Widget 1">
                  <div class="footer-widget-area-inner site-info-inner">
                    <section id="nav_menu-7" class="widget widget_nav_menu">
                      <h2 class="widget-title">Quick Links</h2>
                      <nav class="menu-quick-links-container" aria-label="Quick Links">
                        <ul class="menu" id="menu-quick-links">
                          <li class="menu-item menu-item-type-post_type menu-item-object-page menu-item-home menu-item-1254" id="menu-item-1254">
                            <a shape="rect" class="menu-link" href="https://askomdch.com/">Home</a>
                          </li>
                          <li class="menu-item menu-item-type-post_type menu-item-object-page menu-item-1255" id="menu-item-1255">
                            <a shape="rect" class="menu-link" href="https://askomdch.com/about/">About</a>
                          </li>
                          <li class="menu-item menu-item-type-post_type menu-item-object-page current-menu-item page_item page-item-1235 current_page_item menu-item-1256" id="menu-item-1256">
                            <a shape="rect" class="menu-link" href="https://askomdch.com/account/" aria-current="page">My Account</a>
                          </li>
                          <li class="menu-item menu-item-type-post_type menu-item-object-page menu-item-1257" id="menu-item-1257">
                            <a shape="rect" class="menu-link" href="https://askomdch.com/cart/">Cart</a>
                          </li>
                          <li class="menu-item menu-item-type-post_type menu-item-object-page menu-item-1258" id="menu-item-1258">
                            <a shape="rect" class="menu-link" href="https://askomdch.com/contact-us/">Contact Us</a>
                          </li>
                        </ul>
                      </nav>
                    </section>
                  </div>
                </aside>
              </div>
              <div class="site-footer-primary-section-2 site-footer-section site-footer-section-2">
                <aside class="footer-widget-area widget-area site-footer-focus-item" data-section="sidebar-widgets-footer-widget-2" aria-label="Footer Widget 2">
                  <div class="footer-widget-area-inner site-info-inner">
                    <section id="nav_menu-8" class="widget widget_nav_menu">
                      <h2 class="widget-title">For Her</h2>
                      <nav class="menu-for-her-container" aria-label="For Her">
                        <ul class="menu" id="menu-for-her">
                          <li class="menu-item menu-item-type-taxonomy menu-item-object-product_cat menu-item-1264" id="menu-item-1264">
                            <a shape="rect" class="menu-link" href="https://askomdch.com/product-category/women/">Women</a>
                          </li>
                          <li class="menu-item menu-item-type-taxonomy menu-item-object-product_cat menu-item-1266" id="menu-item-1266">
                            <a shape="rect" class="menu-link" href="https://askomdch.com/product-category/womens-jeans/">Women’s Jeans</a>
                          </li>
                          <li class="menu-item menu-item-type-taxonomy menu-item-object-product_cat menu-item-1265" id="menu-item-1265">
                            <a shape="rect" class="menu-link" href="https://askomdch.com/product-category/womens-shirts/">Women’s Shirts</a>
                          </li>
                          <li class="menu-item menu-item-type-taxonomy menu-item-object-product_cat menu-item-1267" id="menu-item-1267">
                            <a shape="rect" class="menu-link" href="https://askomdch.com/product-category/womens-shoes/">Women’s Shoes</a>
                          </li>
                          <li class="menu-item menu-item-type-taxonomy menu-item-object-product_cat menu-item-1268" id="menu-item-1268">
                            <a shape="rect" class="menu-link" href="https://askomdch.com/product-category/accessories/">Accessories</a>
                          </li>
                        </ul>
                      </nav>
                    </section>
                  </div>
                </aside>
              </div>
              <div class="site-footer-primary-section-3 site-footer-section site-footer-section-3">
                <aside class="footer-widget-area widget-area site-footer-focus-item" data-section="sidebar-widgets-footer-widget-3" aria-label="Footer Widget 3">
                  <div class="footer-widget-area-inner site-info-inner">
                    <section id="nav_menu-12" class="widget widget_nav_menu">
                      <h2 class="widget-title">For Him</h2>
                      <nav class="menu-for-him-container" aria-label="For Him">
                        <ul class="menu" id="menu-for-him">
                          <li class="menu-item menu-item-type-taxonomy menu-item-object-product_cat menu-item-1263" id="menu-item-1263">
                            <a shape="rect" class="menu-link" href="https://askomdch.com/product-category/men/">Men</a>
                          </li>
                          <li class="menu-item menu-item-type-taxonomy menu-item-object-product_cat menu-item-1259" id="menu-item-1259">
                            <a shape="rect" class="menu-link" href="https://askomdch.com/product-category/mens-jeans/">Men’s Jeans</a>
                          </li>
                          <li class="menu-item menu-item-type-taxonomy menu-item-object-product_cat menu-item-1260" id="menu-item-1260">
                            <a shape="rect" class="menu-link" href="https://askomdch.com/product-category/mens-shirts/">Men’s Shirts</a>
                          </li>
                          <li class="menu-item menu-item-type-taxonomy menu-item-object-product_cat menu-item-1261" id="menu-item-1261">
                            <a shape="rect" class="menu-link" href="https://askomdch.com/product-category/mens-shoes/">Men’s Shoes</a>
                          </li>
                          <li class="menu-item menu-item-type-taxonomy menu-item-object-product_cat menu-item-1262" id="menu-item-1262">
                            <a shape="rect" class="menu-link" href="https://askomdch.com/product-category/accessories/">Accessories</a>
                          </li>
                        </ul>
                      </nav>
                    </section>
                  </div>
                </aside>
              </div>
              <div class="site-footer-primary-section-4 site-footer-section site-footer-section-4">
                <aside class="footer-widget-area widget-area site-footer-focus-item" data-section="sidebar-widgets-footer-widget-4" aria-label="Footer Widget 4">
                  <div class="footer-widget-area-inner site-info-inner">
                    <section id="text-2" class="widget widget_text">
                      <h2 class="widget-title">AOD on Mobile</h2>
                      <div class="textwidget">
                        <p>
                          <a shape="rect" href="https://www.apple.com/in/app-store/" target="_blank" rel="noopener">
                            <img class="alignnone wp-image-1475 size-full" src="https://askomdch.com/wp-content/uploads/2021/06/image-60-compressed.jpg" alt="alt" width="300" height="90"/>
                          </a>
                          <a shape="rect" href="https://play.google.com/store" target="_blank" rel="noopener">
                            <img class="alignnone wp-image-1473 size-full" src="https://askomdch.com/wp-content/uploads/2021/06/image-41-compressed.jpg" alt="alt" width="300" height="90"/>
                          </a>
                        </p>
                      </div>
                    </section>
                  </div>
                </aside>
              </div>
            </div>
          </div>
        </div>
        <div class="site-below-footer-wrap ast-builder-grid-row-container site-footer-focus-item ast-builder-grid-row-2-equal ast-builder-grid-row-tablet-2-equal ast-builder-grid-row-mobile-full ast-footer-row-stack ast-footer-row-tablet-stack ast-footer-row-mobile-stack" data-section="section-below-footer-builder">
          <div class="ast-builder-grid-row-container-inner">
            <div class="ast-builder-footer-grid-columns site-below-footer-inner-wrap ast-builder-grid-row">
              <div class="site-footer-below-section-1 site-footer-section site-footer-section-1">
                <div class="ast-builder-layout-element ast-flex site-footer-focus-item ast-footer-copyright" data-section="section-footer-builder">
                  <div class="ast-footer-copyright">
                    <p>Copyright © 2023 AskOmDch</p>
                  </div>
                </div>
              </div>
              <div class="site-footer-below-section-2 site-footer-section site-footer-section-2">
                <div class="footer-widget-area widget-area site-footer-focus-item ast-footer-html-1" data-section="section-fb-html-1">
                  <div class="ast-header-html inner-link-style-">
                    <div class="ast-builder-html-element">
                      <p>Powered by AskOmDch</p>
                    </div>
                  </div>
                </div>
              </div>
            </div>
          </div>
        </div>
      </footer>
    </div>
    <script type="text/javascript">
		(function () {
			var c = document.body.className;
			c = c.replace(/woocommerce-no-js/, 'woocommerce-js');
			document.body.className = c;
		})();
	</script>
    <script id="astra-theme-js-js-extra">
var astra = {"break_point":"921","isRtl":""};
</script>
    <script id="astra-theme-js-js" src="https://askomdch.com/wp-content/themes/astra/assets/js/minified/frontend.min.js?ver=3.7.5"/>
    <script id="astra-mobile-cart-js" src="https://askomdch.com/wp-content/themes/astra/assets/js/minified/mobile-cart.min.js?ver=3.7.5"/>
    <script id="js-cookie-js" src="https://askomdch.com/wp-content/plugins/woocommerce/assets/js/js-cookie/js.cookie.min.js?ver=2.1.4-wc.7.2.1"/>
    <script id="wc-cart-fragments-js-extra">
var wc_cart_fragments_params = {"ajax_url":"\/wp-admin\/admin-ajax.php","wc_ajax_url":"\/?wc-ajax=%%endpoint%%","cart_hash_key":"wc_cart_hash_ce7302d8a5b087b54dd768c76987f650","fragment_name":"wc_fragments_ce7302d8a5b087b54dd768c76987f650","request_timeout":"5000"};
</script>
    <script id="wc-cart-fragments-js" src="https://askomdch.com/wp-content/plugins/woocommerce/assets/js/frontend/cart-fragments.min.js?ver=7.2.1"/>
    <script id="rocket-browser-checker-js-after">
"use strict";var _createClass=function(){function defineProperties(target,props){for(var i=0;i&lt;props.length;i++){var descriptor=props[i];descriptor.enumerable=descriptor.enumerable||!1,descriptor.configurable=!0,"value"in descriptor&amp;&amp;(descriptor.writable=!0),Object.defineProperty(target,descriptor.key,descriptor)}}return function(Constructor,protoProps,staticProps){return protoProps&amp;&amp;defineProperties(Constructor.prototype,protoProps),staticProps&amp;&amp;defineProperties(Constructor,staticProps),Constructor}}();function _classCallCheck(instance,Constructor){if(!(instance instanceof Constructor))throw new TypeError("Cannot call a class as a function")}var RocketBrowserCompatibilityChecker=function(){function RocketBrowserCompatibilityChecker(options){_classCallCheck(this,RocketBrowserCompatibilityChecker),this.passiveSupported=!1,this._checkPassiveOption(this),this.options=!!this.passiveSupported&amp;&amp;options}return _createClass(RocketBrowserCompatibilityChecker,[{key:"_checkPassiveOption",value:function(self){try{var options={get passive(){return!(self.passiveSupported=!0)}};window.addEventListener("test",null,options),window.removeEventListener("test",null,options)}catch(err){self.passiveSupported=!1}}},{key:"initRequestIdleCallback",value:function(){!1 in window&amp;&amp;(window.requestIdleCallback=function(cb){var start=Date.now();return setTimeout(function(){cb({didTimeout:!1,timeRemaining:function(){return Math.max(0,50-(Date.now()-start))}})},1)}),!1 in window&amp;&amp;(window.cancelIdleCallback=function(id){return clearTimeout(id)})}},{key:"isDataSaverModeOn",value:function(){return"connection"in navigator&amp;&amp;!0===navigator.connection.saveData}},{key:"supportsLinkPrefetch",value:function(){var elem=document.createElement("link");return elem.relList&amp;&amp;elem.relList.supports&amp;&amp;elem.relList.supports("prefetch")&amp;&amp;window.IntersectionObserver&amp;&amp;"isIntersecting"in IntersectionObserverEntry.prototype}},{key:"isSlowConnection",value:function(){return"connection"in navigator&amp;&amp;"effectiveType"in navigator.connection&amp;&amp;("2g"===navigator.connection.effectiveType||"slow-2g"===navigator.connection.effectiveType)}}]),RocketBrowserCompatibilityChecker}();
</script>
    <script id="rocket-preload-links-js-extra">
var RocketPreloadLinksConfig = {"excludeUris":"\/(?:.+\/)?feed(?:\/(?:.+\/?)?)?$|\/(?:.+\/)?embed\/|\/checkout\/|\/cart\/|\/account\/|\/wc-api\/v(.*)|\/(index\\.php\/)?wp\\-json(\/.*|$)|\/refer\/|\/go\/|\/recommend\/|\/recommends\/","usesTrailingSlash":"1","imageExt":"jpg|jpeg|gif|png|tiff|bmp|webp|avif|pdf|doc|docx|xls|xlsx|php","fileExt":"jpg|jpeg|gif|png|tiff|bmp|webp|avif|pdf|doc|docx|xls|xlsx|php|html|htm","siteUrl":"https:\/\/askomdch.com","onHoverDelay":"100","rateThrottle":"3"};
</script>
    <script id="rocket-preload-links-js-after">
(function() {
"use strict";var r="function"==typeof Symbol&amp;&amp;"symbol"==typeof Symbol.iterator?function(e){return typeof e}:function(e){return e&amp;&amp;"function"==typeof Symbol&amp;&amp;e.constructor===Symbol&amp;&amp;e!==Symbol.prototype?"symbol":typeof e},e=function(){function i(e,t){for(var n=0;n&lt;t.length;n++){var i=t[n];i.enumerable=i.enumerable||!1,i.configurable=!0,"value"in i&amp;&amp;(i.writable=!0),Object.defineProperty(e,i.key,i)}}return function(e,t,n){return t&amp;&amp;i(e.prototype,t),n&amp;&amp;i(e,n),e}}();function i(e,t){if(!(e instanceof t))throw new TypeError("Cannot call a class as a function")}var t=function(){function n(e,t){i(this,n),this.browser=e,this.config=t,this.options=this.browser.options,this.prefetched=new Set,this.eventTime=null,this.threshold=1111,this.numOnHover=0}return e(n,[{key:"init",value:function(){!this.browser.supportsLinkPrefetch()||this.browser.isDataSaverModeOn()||this.browser.isSlowConnection()||(this.regex={excludeUris:RegExp(this.config.excludeUris,"i"),images:RegExp(".("+this.config.imageExt+")$","i"),fileExt:RegExp(".("+this.config.fileExt+")$","i")},this._initListeners(this))}},{key:"_initListeners",value:function(e){-1&lt;this.config.onHoverDelay&amp;&amp;document.addEventListener("mouseover",e.listener.bind(e),e.listenerOptions),document.addEventListener("mousedown",e.listener.bind(e),e.listenerOptions),document.addEventListener("touchstart",e.listener.bind(e),e.listenerOptions)}},{key:"listener",value:function(e){var t=e.target.closest("a"),n=this._prepareUrl(t);if(null!==n)switch(e.type){case"mousedown":case"touchstart":this._addPrefetchLink(n);break;case"mouseover":this._earlyPrefetch(t,n,"mouseout")}}},{key:"_earlyPrefetch",value:function(t,e,n){var i=this,r=setTimeout(function(){if(r=null,0===i.numOnHover)setTimeout(function(){return i.numOnHover=0},1e3);else if(i.numOnHover&gt;i.config.rateThrottle)return;i.numOnHover++,i._addPrefetchLink(e)},this.config.onHoverDelay);t.addEventListener(n,function e(){t.removeEventListener(n,e,{passive:!0}),null!==r&amp;&amp;(clearTimeout(r),r=null)},{passive:!0})}},{key:"_addPrefetchLink",value:function(i){return this.prefetched.add(i.href),new Promise(function(e,t){var n=document.createElement("link");n.rel="prefetch",n.href=i.href,n.onload=e,n.onerror=t,document.head.appendChild(n)}).catch(function(){})}},{key:"_prepareUrl",value:function(e){if(null===e||"object"!==(void 0===e?"undefined":r(e))||!1 in e||-1===["http:","https:"].indexOf(e.protocol))return null;var t=e.href.substring(0,this.config.siteUrl.length),n=this._getPathname(e.href,t),i={original:e.href,protocol:e.protocol,origin:t,pathname:n,href:t+n};return this._isLinkOk(i)?i:null}},{key:"_getPathname",value:function(e,t){var n=t?e.substring(this.config.siteUrl.length):e;return n.startsWith("/")||(n="/"+n),this._shouldAddTrailingSlash(n)?n+"/":n}},{key:"_shouldAddTrailingSlash",value:function(e){return this.config.usesTrailingSlash&amp;&amp;!e.endsWith("/")&amp;&amp;!this.regex.fileExt.test(e)}},{key:"_isLinkOk",value:function(e){return null!==e&amp;&amp;"object"===(void 0===e?"undefined":r(e))&amp;&amp;(!this.prefetched.has(e.href)&amp;&amp;e.origin===this.config.siteUrl&amp;&amp;-1===e.href.indexOf("?")&amp;&amp;-1===e.href.indexOf("#")&amp;&amp;!this.regex.excludeUris.test(e.href)&amp;&amp;!this.regex.images.test(e.href))}}],[{key:"run",value:function(){"undefined"!=typeof RocketPreloadLinksConfig&amp;&amp;new n(new RocketBrowserCompatibilityChecker({capture:!0,passive:!0}),RocketPreloadLinksConfig).init()}}]),n}();t.run();
}());
</script>
    <script>
			/(trident|msie)/i.test(navigator.userAgent)&amp;&amp;document.getElementById&amp;&amp;window.addEventListener&amp;&amp;window.addEventListener("hashchange",function(){var t,e=location.hash.substring(1);/^[A-z0-9_-]+$/.test(e)&amp;&amp;(t=document.getElementById(e))&amp;&amp;(/^(?:a|select|input|button|textarea)$/i.test(t.tagName)||(t.tabIndex=-1),t.focus())},!1);
			</script>
  </body>
</html>
Request method:	POST
Request URI:	https://askomdch.com/account
Proxy:			<none>
Request params:	<none>
Query params:	<none>
Form params:	password=demopwd
				woocommerce-register-nonce=e82ccf66d5
				email=demouser6475782505@askomdch.com
				username=demouser6475782505
				register=Register
Path params:	<none>
Headers:		Accept=*/*
				Content-Type=application/x-www-form-urlencoded; charset=ISO-8859-1
Cookies:		<none>
Multiparts:		<none>
Body:			<none>
HTTP/1.1 302 Found
Date: Thu, 25 May 2023 06:38:42 GMT
Content-Type: text/html; charset=UTF-8
Transfer-Encoding: chunked
Connection: keep-alive
location: https://askomdch.com/account/
set-cookie: wordpress_sec_e39c30ea93030240fdcfed1ddf385ba1=demouser6475782505%7C1686206322%7Cv7CZyqORDFqoeOZFOe2qoYg5Y8NWKSKJPFVCt2PPQmg%7C6f378ccfc1d1c7f2f5476810f639cc0f7238d025f29048b633081e27a0f2c5bc; expires=Thu, 08-Jun-2023 18:38:42 GMT; Max-Age=1252800; path=/wp-content/plugins; secure; HttpOnly
x-redirect-by: WordPress
strict-transport-security: max-age=63072000
x-frame-options: SAMEORIGIN
x-content-type-options: nosniff
x-xss-protection: 1; mode=block
CF-Cache-Status: DYNAMIC
set-cookie: wordpress_sec_e39c30ea93030240fdcfed1ddf385ba1=demouser6475782505%7C1686206322%7Cv7CZyqORDFqoeOZFOe2qoYg5Y8NWKSKJPFVCt2PPQmg%7C6f378ccfc1d1c7f2f5476810f639cc0f7238d025f29048b633081e27a0f2c5bc; expires=Thu, 08-Jun-2023 18:38:42 GMT; Max-Age=1252800; path=/wp-admin; secure; HttpOnly
set-cookie: wordpress_logged_in_e39c30ea93030240fdcfed1ddf385ba1=demouser6475782505%7C1686206322%7Cv7CZyqORDFqoeOZFOe2qoYg5Y8NWKSKJPFVCt2PPQmg%7C6d9cbc3213823b4d6ffbcb3c3372b2fc0230ba57decddb27216485bf4e50d545; expires=Thu, 08-Jun-2023 18:38:42 GMT; Max-Age=1252800; path=/; secure; HttpOnly
Report-To: {"endpoints":[{"url":"https:\/\/a.nel.cloudflare.com\/report\/v3?s=%2BAg57qofNVvBKiORq3HQCqm%2B%2BTjBD%2BYCWVOL%2F08Xx4%2BQ5BHTDNUvjDfF%2Boy3xYrbkV98BkJy4VMfpJ1I64thVSfmYIastoAH4DDt8xA5Tyf5oVNExdyU0RKzj3nLg%2Bc%3D"}],"group":"cf-nel","max_age":604800}
NEL: {"success_fraction":0,"report_to":"cf-nel","max_age":604800}
Server: cloudflare
CF-RAY: 7ccbc6eb88df6ed7-BOM
alt-svc: h3=":443"; ma=86400, h3-29=":443"; ma=86400
Request method:	GET
Request URI:	https://askomdch.com/account/edit-address/billing
Proxy:			<none>
Request params:	<none>
Query params:	<none>
Form params:	<none>
Path params:	<none>
Headers:		Accept=*/*
Cookies:		wordpress_sec_e39c30ea93030240fdcfed1ddf385ba1=demouser6475782505%7C1686206322%7Cv7CZyqORDFqoeOZFOe2qoYg5Y8NWKSKJPFVCt2PPQmg%7C6f378ccfc1d1c7f2f5476810f639cc0f7238d025f29048b633081e27a0f2c5bc;Path=/wp-content/plugins;Max-Age=1252800;Secure;HttpOnly;Expires=08/06/23, 6:38 pm
				wordpress_sec_e39c30ea93030240fdcfed1ddf385ba1=demouser6475782505%7C1686206322%7Cv7CZyqORDFqoeOZFOe2qoYg5Y8NWKSKJPFVCt2PPQmg%7C6f378ccfc1d1c7f2f5476810f639cc0f7238d025f29048b633081e27a0f2c5bc;Path=/wp-admin;Max-Age=1252800;Secure;HttpOnly;Expires=08/06/23, 6:38 pm
				wordpress_logged_in_e39c30ea93030240fdcfed1ddf385ba1=demouser6475782505%7C1686206322%7Cv7CZyqORDFqoeOZFOe2qoYg5Y8NWKSKJPFVCt2PPQmg%7C6d9cbc3213823b4d6ffbcb3c3372b2fc0230ba57decddb27216485bf4e50d545;Path=/;Max-Age=1252800;Secure;HttpOnly;Expires=08/06/23, 6:38 pm
Multiparts:		<none>
Body:			<none>
HTTP/1.1 200 OK
Date: Thu, 25 May 2023 06:38:44 GMT
Content-Type: text/html; charset=UTF-8
Transfer-Encoding: chunked
Connection: keep-alive
vary: Accept-Encoding
expires: Wed, 11 Jan 1984 05:00:00 GMT
Cache-Control: no-cache, must-revalidate, max-age=0
x-frame-options: SAMEORIGIN
x-frame-options: SAMEORIGIN
x-robots-tag: noindex
strict-transport-security: max-age=63072000
x-content-type-options: nosniff
x-xss-protection: 1; mode=block
CF-Cache-Status: DYNAMIC
Report-To: {"endpoints":[{"url":"https:\/\/a.nel.cloudflare.com\/report\/v3?s=lSBvwL0Z%2F%2FrHtiDaS6fYJQ3x5QTWNPetWEOT0gRZqPdRsZ2DtT6%2FCBp5S3vPqERDUsng9KnQu6djZHk6MfyPz%2B%2B%2FV6yfN576Lr3AghzD7tWJaMB01Rwi8VmeLMkPsZw%3D"}],"group":"cf-nel","max_age":604800}
NEL: {"success_fraction":0,"report_to":"cf-nel","max_age":604800}
Server: cloudflare
CF-RAY: 7ccbc6f2ee942e35-BOM
Content-Encoding: gzip
alt-svc: h3=":443"; ma=86400, h3-29=":443"; ma=86400

<html lang="en-US">
  <head>
    <meta charset="UTF-8"/>
    <meta name="viewport" content="width=device-width, initial-scale=1"/>
    <link rel="profile" href="https://gmpg.org/xfn/11"/>
    <title>Account – AskOmDch</title>
    <meta name="robots" content="max-image-preview:large, noindex, follow"/>
    <link id="seedprod-global-admin-css" rel="stylesheet" href="https://askomdch.com/wp-content/plugins/coming-soon/public/css/global-admin.css?ver=6.15.7" media="all"/>
    <link id="astra-theme-css-css" rel="stylesheet" href="https://askomdch.com/wp-content/themes/astra/assets/css/minified/frontend.min.css?ver=3.7.5" media="all"/>
    <style id="astra-theme-css-inline-css">
html{font-size:93.75%;}a,.page-title{color:#4e4e4e;}a:hover,a:focus{color:#0084d6;}body,button,input,select,textarea,.ast-button,.ast-custom-button{font-family:'Lato',sans-serif;font-weight:400;font-size:15px;font-size:1rem;}blockquote{color:#000000;}h1,.entry-content h1,.entry-content h1 a,h2,.entry-content h2,.entry-content h2 a,h3,.entry-content h3,.entry-content h3 a,h4,.entry-content h4,.entry-content h4 a,h5,.entry-content h5,.entry-content h5 a,h6,.entry-content h6,.entry-content h6 a,.site-title,.site-title a{font-family:'Lato',sans-serif;font-weight:700;}.site-title{font-size:35px;font-size:2.3333333333333rem;display:block;}header .custom-logo-link img{max-width:140px;}.astra-logo-svg{width:140px;}.ast-archive-description .ast-archive-title{font-size:40px;font-size:2.6666666666667rem;}.site-header .site-description{font-size:15px;font-size:1rem;display:none;}.entry-title{font-size:30px;font-size:2rem;}h1,.entry-content h1,.entry-content h1 a{font-size:58px;font-size:3.8666666666667rem;font-family:'Lato',sans-serif;}h2,.entry-content h2,.entry-content h2 a{font-size:42px;font-size:2.8rem;font-family:'Lato',sans-serif;}h3,.entry-content h3,.entry-content h3 a{font-size:30px;font-size:2rem;font-family:'Lato',sans-serif;}h4,.entry-content h4,.entry-content h4 a{font-size:20px;font-size:1.3333333333333rem;font-family:'Lato',sans-serif;}h5,.entry-content h5,.entry-content h5 a{font-size:18px;font-size:1.2rem;font-family:'Lato',sans-serif;}h6,.entry-content h6,.entry-content h6 a{font-size:15px;font-size:1rem;font-family:'Lato',sans-serif;}.ast-single-post .entry-title,.page-title{font-size:30px;font-size:2rem;}::selection{background-color:#54595f;color:#ffffff;}body,h1,.entry-title a,.entry-content h1,.entry-content h1 a,h2,.entry-content h2,.entry-content h2 a,h3,.entry-content h3,.entry-content h3 a,h4,.entry-content h4,.entry-content h4 a,h5,.entry-content h5,.entry-content h5 a,h6,.entry-content h6,.entry-content h6 a{color:#333333;}.tagcloud a:hover,.tagcloud a:focus,.tagcloud a.current-item{color:#ffffff;border-color:#4e4e4e;background-color:#4e4e4e;}input:focus,input[type="text"]:focus,input[type="email"]:focus,input[type="url"]:focus,input[type="password"]:focus,input[type="reset"]:focus,input[type="search"]:focus,textarea:focus{border-color:#4e4e4e;}input[type="radio"]:checked,input[type=reset],input[type="checkbox"]:checked,input[type="checkbox"]:hover:checked,input[type="checkbox"]:focus:checked,input[type=range]::-webkit-slider-thumb{border-color:#4e4e4e;background-color:#4e4e4e;box-shadow:none;}.site-footer a:hover + .post-count,.site-footer a:focus + .post-count{background:#4e4e4e;border-color:#4e4e4e;}.single .nav-links .nav-previous,.single .nav-links .nav-next{color:#4e4e4e;}.entry-meta,.entry-meta *{line-height:1.45;color:#4e4e4e;}.entry-meta a:hover,.entry-meta a:hover *,.entry-meta a:focus,.entry-meta a:focus *,.page-links &gt; .page-link,.page-links .page-link:hover,.post-navigation a:hover{color:#0084d6;}#cat option,.secondary .calendar_wrap thead a,.secondary .calendar_wrap thead a:visited{color:#4e4e4e;}.secondary .calendar_wrap #today,.ast-progress-val span{background:#4e4e4e;}.secondary a:hover + .post-count,.secondary a:focus + .post-count{background:#4e4e4e;border-color:#4e4e4e;}.calendar_wrap #today &gt; a{color:#ffffff;}.page-links .page-link,.single .post-navigation a{color:#4e4e4e;}.widget-title{font-size:21px;font-size:1.4rem;color:#333333;}@media (max-width:921px){#ast-desktop-header{display:none;}}@media (min-width:921px){#ast-mobile-header{display:none;}}.ast-site-header-cart .cart-container,.ast-edd-site-header-cart .ast-edd-cart-container {transition: all 0.2s linear;}.ast-site-header-cart .ast-woo-header-cart-info-wrap,.ast-edd-site-header-cart .ast-edd-header-cart-info-wrap {padding: 0 2px;font-weight: 600;line-height: 2.7;display: inline-block;}.ast-site-header-cart i.astra-icon {font-size: 20px;font-size: 1.3em;font-style: normal;font-weight: normal;position: relative;padding: 0 2px;}.ast-site-header-cart i.astra-icon.no-cart-total:after,.ast-header-break-point.ast-header-custom-item-outside .ast-edd-header-cart-info-wrap,.ast-header-break-point.ast-header-custom-item-outside .ast-woo-header-cart-info-wrap {display: none;}.ast-site-header-cart.ast-menu-cart-fill i.astra-icon,.ast-edd-site-header-cart.ast-edd-menu-cart-fill span.astra-icon {font-size: 1.1em;}.astra-cart-drawer {position: fixed;display: block;visibility: hidden;overflow: auto;-webkit-overflow-scrolling: touch;z-index: 9999;background-color: #fff;transition: all 0.5s ease;transform: translate3d(0,0,0);}.astra-cart-drawer.open-right {width: 80%;height: 100%;left: 100%;top: 0px;transform: translate3d(0%,0,0);}.astra-cart-drawer.active {transform: translate3d(-100%,0,0);visibility: visible;}.astra-cart-drawer .astra-cart-drawer-header {text-align: center;text-transform: uppercase;font-weight: 400;border-bottom: 1px solid #f0f0f0;padding: 0 0 0.675rem;}.astra-cart-drawer .astra-cart-drawer-close .ast-close-svg {width: 22px;height: 22px; }.astra-cart-drawer .astra-cart-drawer-title {padding-top: 5px;}.astra-cart-drawer .astra-cart-drawer-content .woocommerce-mini-cart {padding: 1em 1.5em;}.astra-cart-drawer .astra-cart-drawer-content .woocommerce-mini-cart a.remove {width: 20px;height: 20px;line-height: 16px;}.astra-cart-drawer .astra-cart-drawer-content .woocommerce-mini-cart__total {padding: 1em 1.5em;margin: 0;text-align: center;}.astra-cart-drawer .astra-cart-drawer-content .woocommerce-mini-cart__buttons {padding: 10px;text-align: center;} .astra-cart-drawer .astra-cart-drawer-content .woocommerce-mini-cart__buttons .button.checkout {margin-right: 0;}.astra-cart-drawer .astra-cart-drawer-content .edd-cart-item {padding: .5em 2.6em .5em 1.5em;}.astra-cart-drawer .astra-cart-drawer-content .edd-cart-item .edd-remove-from-cart::after {width: 20px;height: 20px;line-height: 16px;}.astra-cart-drawer .astra-cart-drawer-content .edd-cart-number-of-items {padding: 1em 1.5em 1em 1.5em;margin-bottom: 0;text-align: center;}.astra-cart-drawer .astra-cart-drawer-content .edd_total {padding: .5em 1.5em;margin: 0;text-align: center;}.astra-cart-drawer .astra-cart-drawer-content .cart_item.edd_checkout {padding: 1em 1.5em 0;text-align: center;margin-top: 0;}.astra-cart-drawer .woocommerce-mini-cart__empty-message,.astra-cart-drawer .cart_item.empty {text-align: center;margin-top: 10px;}body.admin-bar .astra-cart-drawer {padding-top: 32px;}body.admin-bar .astra-cart-drawer .astra-cart-drawer-close {top: 32px;}@media (max-width: 782px) {body.admin-bar .astra-cart-drawer {padding-top: 46px;}body.admin-bar .astra-cart-drawer .astra-cart-drawer-close {top: 46px;}}.ast-mobile-cart-active body.ast-hfb-header {overflow: hidden;}.ast-mobile-cart-active .astra-mobile-cart-overlay {opacity: 1;cursor: pointer;visibility: visible;z-index: 999;}@media (max-width: 545px) {.astra-cart-drawer.active {width: 100%;}}.ast-site-header-cart i.astra-icon:after {content: attr(data-cart-total);position: absolute;font-style: normal;top: -10px;right: -12px;font-weight: bold;box-shadow: 1px 1px 3px 0px rgba(0,0,0,0.3);font-size: 11px;padding-left: 0px;padding-right: 2px;line-height: 17px;letter-spacing: -.5px;height: 18px;min-width: 18px;border-radius: 99px;text-align: center;z-index: 3;}li.woocommerce-custom-menu-item .ast-site-header-cart i.astra-icon:after,li.edd-custom-menu-item .ast-edd-site-header-cart span.astra-icon:after {padding-left: 2px;}.astra-cart-drawer .astra-cart-drawer-close {position: absolute;top: 0;right: 0;margin: 0;padding: .6em 1em .4em;color: #ababab;background-color: transparent;}.astra-mobile-cart-overlay {background-color: rgba(0,0,0,0.4);position: fixed;top: 0;right: 0;bottom: 0;left: 0;visibility: hidden;opacity: 0;transition: opacity 0.2s ease-in-out;}.astra-cart-drawer .astra-cart-drawer-content .edd-cart-item .edd-remove-from-cart {right: 1.2em;}.ast-header-break-point.ast-woocommerce-cart-menu.ast-hfb-header .ast-cart-menu-wrap,.ast-header-break-point.ast-hfb-header .ast-cart-menu-wrap,.ast-header-break-point .ast-edd-site-header-cart-wrap .ast-edd-cart-menu-wrap {width: 2em;height: 2em;font-size: 1.4em;line-height: 2;vertical-align: middle;text-align: right;}.ast-site-header-cart.ast-menu-cart-outline .ast-cart-menu-wrap,.ast-site-header-cart.ast-menu-cart-fill .ast-cart-menu-wrap,.ast-edd-site-header-cart.ast-edd-menu-cart-outline .ast-edd-cart-menu-wrap,.ast-edd-site-header-cart.ast-edd-menu-cart-fill .ast-edd-cart-menu-wrap {line-height: 1.8;}.ast-site-header-cart .cart-container *,.ast-edd-site-header-cart .ast-edd-cart-container * {transition: all 0s linear;}.wp-block-buttons.aligncenter{justify-content:center;}@media (min-width:1200px){.wp-block-group .has-background{padding:20px;}}@media (min-width:1200px){.ast-no-sidebar.ast-separate-container .entry-content .wp-block-group.alignwide,.ast-no-sidebar.ast-separate-container .entry-content .wp-block-cover.alignwide{margin-left:-20px;margin-right:-20px;padding-left:20px;padding-right:20px;}.ast-no-sidebar.ast-separate-container .entry-content .wp-block-cover.alignfull,.ast-no-sidebar.ast-separate-container .entry-content .wp-block-group.alignfull{margin-left:-6.67em;margin-right:-6.67em;padding-left:6.67em;padding-right:6.67em;}}@media (min-width:1200px){.wp-block-cover-image.alignwide .wp-block-cover__inner-container,.wp-block-cover.alignwide .wp-block-cover__inner-container,.wp-block-cover-image.alignfull .wp-block-cover__inner-container,.wp-block-cover.alignfull .wp-block-cover__inner-container{width:100%;}}.ast-plain-container.ast-no-sidebar #primary{margin-top:0;margin-bottom:0;}@media (max-width:921px){.ast-theme-transparent-header #primary,.ast-theme-transparent-header #secondary{padding:0;}}.wp-block-columns{margin-bottom:unset;}.wp-block-image.size-full{margin:2rem 0;}.wp-block-separator.has-background{padding:0;}.wp-block-gallery{margin-bottom:1.6em;}.wp-block-group{padding-top:4em;padding-bottom:4em;}.wp-block-group__inner-container .wp-block-columns:last-child,.wp-block-group__inner-container :last-child,.wp-block-table table{margin-bottom:0;}.blocks-gallery-grid{width:100%;}.wp-block-navigation-link__content{padding:5px 0;}.wp-block-group .wp-block-group .has-text-align-center,.wp-block-group .wp-block-column .has-text-align-center{max-width:100%;}.has-text-align-center{margin:0 auto;}@media (min-width:1200px){.wp-block-cover__inner-container,.alignwide .wp-block-group__inner-container,.alignfull .wp-block-group__inner-container{max-width:1200px;margin:0 auto;}.wp-block-group.alignnone,.wp-block-group.aligncenter,.wp-block-group.alignleft,.wp-block-group.alignright,.wp-block-group.alignwide,.wp-block-columns.alignwide{margin:2rem 0 1rem 0;}}@media (max-width:1200px){.wp-block-group{padding:3em;}.wp-block-group .wp-block-group{padding:1.5em;}.wp-block-columns,.wp-block-column{margin:1rem 0;}}@media (min-width:921px){.wp-block-columns .wp-block-group{padding:2em;}}@media (max-width:544px){.wp-block-cover-image .wp-block-cover__inner-container,.wp-block-cover .wp-block-cover__inner-container{width:unset;}.wp-block-cover,.wp-block-cover-image{padding:2em 0;}.wp-block-group,.wp-block-cover{padding:2em;}.wp-block-media-text__media img,.wp-block-media-text__media video{width:unset;max-width:100%;}.wp-block-media-text.has-background .wp-block-media-text__content{padding:1em;}}@media (max-width:921px){.ast-plain-container.ast-no-sidebar #primary{padding:0;}}@media (min-width:544px){.entry-content .wp-block-media-text.has-media-on-the-right .wp-block-media-text__content{padding:0 8% 0 0;}.entry-content .wp-block-media-text .wp-block-media-text__content{padding:0 0 0 8%;}.ast-plain-container .site-content .entry-content .has-custom-content-position.is-position-bottom-left &gt; *,.ast-plain-container .site-content .entry-content .has-custom-content-position.is-position-bottom-right &gt; *,.ast-plain-container .site-content .entry-content .has-custom-content-position.is-position-top-left &gt; *,.ast-plain-container .site-content .entry-content .has-custom-content-position.is-position-top-right &gt; *,.ast-plain-container .site-content .entry-content .has-custom-content-position.is-position-center-right &gt; *,.ast-plain-container .site-content .entry-content .has-custom-content-position.is-position-center-left &gt; *{margin:0;}}@media (max-width:544px){.entry-content .wp-block-media-text .wp-block-media-text__content{padding:8% 0;}.wp-block-media-text .wp-block-media-text__media img{width:auto;max-width:100%;}}@media (max-width:921px){.ast-separate-container .ast-article-post,.ast-separate-container .ast-article-single{padding:1.5em 2.14em;}.ast-separate-container #primary,.ast-separate-container #secondary{padding:1.5em 0;}#primary,#secondary{padding:1.5em 0;margin:0;}.ast-left-sidebar #content &gt; .ast-container{display:flex;flex-direction:column-reverse;width:100%;}.ast-author-box img.avatar{margin:20px 0 0 0;}}@media (min-width:922px){.ast-separate-container.ast-right-sidebar #primary,.ast-separate-container.ast-left-sidebar #primary{border:0;}.search-no-results.ast-separate-container #primary{margin-bottom:4em;}}.elementor-button-wrapper .elementor-button{border-style:solid;text-decoration:none;border-top-width:0;border-right-width:0;border-left-width:0;border-bottom-width:0;}body .elementor-button.elementor-size-sm,body .elementor-button.elementor-size-xs,body .elementor-button.elementor-size-md,body .elementor-button.elementor-size-lg,body .elementor-button.elementor-size-xl,body .elementor-button{border-radius:0;padding-top:17px;padding-right:30px;padding-bottom:17px;padding-left:30px;}.elementor-button-wrapper .elementor-button{border-color:#3197d6;background-color:#3197d6;}.elementor-button-wrapper .elementor-button:hover,.elementor-button-wrapper .elementor-button:focus{color:#ffffff;background-color:#0084d6;border-color:#0084d6;}.wp-block-button .wp-block-button__link ,.elementor-button-wrapper .elementor-button,.elementor-button-wrapper .elementor-button:visited{color:#ffffff;}.elementor-button-wrapper .elementor-button{font-family:inherit;font-weight:inherit;line-height:1;text-transform:uppercase;letter-spacing:1px;}body .elementor-button.elementor-size-sm,body .elementor-button.elementor-size-xs,body .elementor-button.elementor-size-md,body .elementor-button.elementor-size-lg,body .elementor-button.elementor-size-xl,body .elementor-button{font-size:15px;font-size:1rem;}.wp-block-button .wp-block-button__link:hover,.wp-block-button .wp-block-button__link:focus{color:#ffffff;background-color:#0084d6;border-color:#0084d6;}.wp-block-button .wp-block-button__link{border-style:solid;border-top-width:0;border-right-width:0;border-left-width:0;border-bottom-width:0;border-color:#3197d6;background-color:#3197d6;color:#ffffff;font-family:inherit;font-weight:inherit;line-height:1;text-transform:uppercase;letter-spacing:1px;font-size:15px;font-size:1rem;border-radius:0;}.wp-block-buttons .wp-block-button .wp-block-button__link{padding-top:17px;padding-right:30px;padding-bottom:17px;padding-left:30px;}.menu-toggle,button,.ast-button,.ast-custom-button,.button,input#submit,input[type="button"],input[type="submit"],input[type="reset"]{border-style:solid;border-top-width:0;border-right-width:0;border-left-width:0;border-bottom-width:0;color:#ffffff;border-color:#3197d6;background-color:#3197d6;border-radius:0;padding-top:17px;padding-right:30px;padding-bottom:17px;padding-left:30px;font-family:inherit;font-weight:inherit;font-size:15px;font-size:1rem;line-height:1;text-transform:uppercase;letter-spacing:1px;}button:focus,.menu-toggle:hover,button:hover,.ast-button:hover,.ast-custom-button:hover .button:hover,.ast-custom-button:hover ,input[type=reset]:hover,input[type=reset]:focus,input#submit:hover,input#submit:focus,input[type="button"]:hover,input[type="button"]:focus,input[type="submit"]:hover,input[type="submit"]:focus{color:#ffffff;background-color:#0084d6;border-color:#0084d6;}@media (min-width:544px){.ast-container{max-width:100%;}}@media (max-width:544px){.ast-separate-container .ast-article-post,.ast-separate-container .ast-article-single,.ast-separate-container .comments-title,.ast-separate-container .ast-archive-description{padding:1.5em 1em;}.ast-separate-container #content .ast-container{padding-left:0.54em;padding-right:0.54em;}.ast-separate-container .ast-comment-list li.depth-1{padding:1.5em 1em;margin-bottom:1.5em;}.ast-separate-container .ast-comment-list .bypostauthor{padding:.5em;}.ast-search-menu-icon.ast-dropdown-active .search-field{width:170px;}}@media (max-width:921px){.ast-mobile-header-stack .main-header-bar .ast-search-menu-icon{display:inline-block;}.ast-header-break-point.ast-header-custom-item-outside .ast-mobile-header-stack .main-header-bar .ast-search-icon{margin:0;}.ast-comment-avatar-wrap img{max-width:2.5em;}.ast-separate-container .ast-comment-list li.depth-1{padding:1.5em 2.14em;}.ast-separate-container .comment-respond{padding:2em 2.14em;}.ast-comment-meta{padding:0 1.8888em 1.3333em;}}body,.ast-separate-container{background-color:#f9f9f9;;}.ast-no-sidebar.ast-separate-container .entry-content .alignfull {margin-left: -6.67em;margin-right: -6.67em;width: auto;}@media (max-width: 1200px) {.ast-no-sidebar.ast-separate-container .entry-content .alignfull {margin-left: -2.4em;margin-right: -2.4em;}}@media (max-width: 768px) {.ast-no-sidebar.ast-separate-container .entry-content .alignfull {margin-left: -2.14em;margin-right: -2.14em;}}@media (max-width: 544px) {.ast-no-sidebar.ast-separate-container .entry-content .alignfull {margin-left: -1em;margin-right: -1em;}}.ast-no-sidebar.ast-separate-container .entry-content .alignwide {margin-left: -20px;margin-right: -20px;}.ast-no-sidebar.ast-separate-container .entry-content .wp-block-column .alignfull,.ast-no-sidebar.ast-separate-container .entry-content .wp-block-column .alignwide {margin-left: auto;margin-right: auto;width: 100%;}@media (max-width:921px){.site-title{display:block;}.ast-archive-description .ast-archive-title{font-size:40px;}.site-header .site-description{display:none;}.entry-title{font-size:30px;}h1,.entry-content h1,.entry-content h1 a{font-size:30px;}h2,.entry-content h2,.entry-content h2 a{font-size:25px;}h3,.entry-content h3,.entry-content h3 a{font-size:20px;}.ast-single-post .entry-title,.page-title{font-size:30px;}.astra-logo-svg{width:120px;}header .custom-logo-link img,.ast-header-break-point .site-logo-img .custom-mobile-logo-link img{max-width:120px;}}@media (max-width:544px){.site-title{display:block;}.ast-archive-description .ast-archive-title{font-size:40px;}.site-header .site-description{display:none;}.entry-title{font-size:30px;}h1,.entry-content h1,.entry-content h1 a{font-size:30px;}h2,.entry-content h2,.entry-content h2 a{font-size:25px;}h3,.entry-content h3,.entry-content h3 a{font-size:20px;}.ast-single-post .entry-title,.page-title{font-size:30px;}header .custom-logo-link img,.ast-header-break-point .site-branding img,.ast-header-break-point .custom-logo-link img{max-width:120px;}.astra-logo-svg{width:120px;}.ast-header-break-point .site-logo-img .custom-mobile-logo-link img{max-width:120px;}}@media (max-width:921px){html{font-size:85.5%;}}@media (max-width:544px){html{font-size:85.5%;}}@media (min-width:922px){.ast-container{max-width:1240px;}}@font-face {font-family: "Astra";src: url(https://askomdch.com/wp-content/themes/astra/assets/fonts/astra.woff) format("woff"),url(https://askomdch.com/wp-content/themes/astra/assets/fonts/astra.ttf) format("truetype"),url(https://askomdch.com/wp-content/themes/astra/assets/fonts/astra.svg#astra) format("svg");font-weight: normal;font-style: normal;font-display: fallback;}@media (min-width:922px){.main-header-menu .sub-menu .menu-item.ast-left-align-sub-menu:hover &gt; .sub-menu,.main-header-menu .sub-menu .menu-item.ast-left-align-sub-menu.focus &gt; .sub-menu{margin-left:-2px;}}.ast-theme-transparent-header [data-section="section-header-mobile-trigger"] .ast-button-wrap .ast-mobile-menu-trigger-minimal{background:transparent;}.footer-widget-area[data-section^="section-fb-html-"] .ast-builder-html-element{text-align:center;}.astra-icon-down_arrow::after {content: "\e900";font-family: Astra;}.astra-icon-close::after {content: "\e5cd";font-family: Astra;}.astra-icon-drag_handle::after {content: "\e25d";font-family: Astra;}.astra-icon-format_align_justify::after {content: "\e235";font-family: Astra;}.astra-icon-menu::after {content: "\e5d2";font-family: Astra;}.astra-icon-reorder::after {content: "\e8fe";font-family: Astra;}.astra-icon-search::after {content: "\e8b6";font-family: Astra;}.astra-icon-zoom_in::after {content: "\e56b";font-family: Astra;}.astra-icon-check-circle::after {content: "\e901";font-family: Astra;}.astra-icon-shopping-cart::after {content: "\f07a";font-family: Astra;}.astra-icon-shopping-bag::after {content: "\f290";font-family: Astra;}.astra-icon-shopping-basket::after {content: "\f291";font-family: Astra;}.astra-icon-circle-o::after {content: "\e903";font-family: Astra;}.astra-icon-certificate::after {content: "\e902";font-family: Astra;}blockquote {padding: 1.2em;}.ast-header-break-point .ast-mobile-header-wrap .ast-above-header-wrap .main-header-bar-navigation .inline-on-mobile .menu-item .menu-link,.ast-header-break-point .ast-mobile-header-wrap .ast-main-header-wrap .main-header-bar-navigation .inline-on-mobile .menu-item .menu-link,.ast-header-break-point .ast-mobile-header-wrap .ast-below-header-wrap .main-header-bar-navigation .inline-on-mobile .menu-item .menu-link {border: none;}.ast-header-break-point .ast-mobile-header-wrap .ast-above-header-wrap .main-header-bar-navigation .inline-on-mobile .menu-item-has-children &gt; .ast-menu-toggle::before,.ast-header-break-point .ast-mobile-header-wrap .ast-main-header-wrap .main-header-bar-navigation .inline-on-mobile .menu-item-has-children &gt; .ast-menu-toggle::before,.ast-header-break-point .ast-mobile-header-wrap .ast-below-header-wrap .main-header-bar-navigation .inline-on-mobile .menu-item-has-children &gt; .ast-menu-toggle::before {font-size: .6rem;}.ast-header-break-point .ast-mobile-header-wrap .ast-flex.inline-on-mobile {flex-wrap: unset;}.ast-header-break-point .ast-mobile-header-wrap .ast-flex.inline-on-mobile .menu-item.ast-submenu-expanded &gt; .sub-menu .menu-link {padding: .1em 1em;}.ast-header-break-point .ast-mobile-header-wrap .ast-flex.inline-on-mobile .menu-item.ast-submenu-expanded &gt; .sub-menu &gt; .menu-item .ast-menu-toggle::before {transform: rotate(-90deg);}.ast-header-break-point .ast-mobile-header-wrap .ast-flex.inline-on-mobile .menu-item.ast-submenu-expanded &gt; .sub-menu &gt; .menu-item.ast-submenu-expanded .ast-menu-toggle::before {transform: rotate(-270deg);}.ast-header-break-point .ast-mobile-header-wrap .ast-flex.inline-on-mobile .menu-item &gt; .sub-menu &gt; .menu-item .menu-link:before {content: none;}.ast-header-break-point .ast-mobile-header-wrap .ast-flex.inline-on-mobile {flex-wrap: unset;}.ast-header-break-point .ast-mobile-header-wrap .ast-flex.inline-on-mobile .menu-item.ast-submenu-expanded &gt; .sub-menu .menu-link {padding: .1em 1em;}.ast-header-break-point .ast-mobile-header-wrap .ast-flex.inline-on-mobile .menu-item.ast-submenu-expanded &gt; .sub-menu &gt; .menu-item .ast-menu-toggle::before {transform: rotate(-90deg);}.ast-header-break-point .ast-mobile-header-wrap .ast-flex.inline-on-mobile .menu-item.ast-submenu-expanded &gt; .sub-menu &gt; .menu-item.ast-submenu-expanded .ast-menu-toggle::before {transform: rotate(-270deg);}.ast-header-break-point .ast-mobile-header-wrap .ast-flex.inline-on-mobile .menu-item &gt; .sub-menu &gt; .menu-item .menu-link:before {content: none;}.ast-header-break-point .inline-on-mobile .sub-menu {width: 150px;}.ast-header-break-point .ast-mobile-header-wrap .ast-flex.inline-on-mobile .menu-item.menu-item-has-children {margin-right: 10px;}.ast-header-break-point .ast-mobile-header-wrap .ast-flex.inline-on-mobile .menu-item.ast-submenu-expanded &gt; .sub-menu {display: block;position: absolute;right: auto;left: 0;}.ast-header-break-point .ast-mobile-header-wrap .ast-flex.inline-on-mobile .menu-item.ast-submenu-expanded &gt; .sub-menu .menu-item .ast-menu-toggle {padding: 0;right: 1em;}.ast-header-break-point .ast-mobile-header-wrap .ast-flex.inline-on-mobile .menu-item.ast-submenu-expanded &gt; .sub-menu &gt; .menu-item &gt; .sub-menu {left: 100%;right: auto;}.ast-header-break-point .ast-mobile-header-wrap .ast-flex.inline-on-mobile .ast-menu-toggle {right: -15px;}.ast-header-break-point .ast-mobile-header-wrap .ast-flex.inline-on-mobile .menu-item.menu-item-has-children {margin-right: 10px;}.ast-header-break-point .ast-mobile-header-wrap .ast-flex.inline-on-mobile .menu-item.ast-submenu-expanded &gt; .sub-menu {display: block;position: absolute;right: auto;left: 0;}.ast-header-break-point .ast-mobile-header-wrap .ast-flex.inline-on-mobile .menu-item.ast-submenu-expanded &gt; .sub-menu &gt; .menu-item &gt; .sub-menu {left: 100%;right: auto;}.ast-header-break-point .ast-mobile-header-wrap .ast-flex.inline-on-mobile .ast-menu-toggle {right: -15px;}:root .has-ast-global-color-0-color{color:var(--ast-global-color-0);}:root .has-ast-global-color-0-background-color{background-color:var(--ast-global-color-0);}:root .wp-block-button .has-ast-global-color-0-color{color:var(--ast-global-color-0);}:root .wp-block-button .has-ast-global-color-0-background-color{background-color:var(--ast-global-color-0);}:root .has-ast-global-color-1-color{color:var(--ast-global-color-1);}:root .has-ast-global-color-1-background-color{background-color:var(--ast-global-color-1);}:root .wp-block-button .has-ast-global-color-1-color{color:var(--ast-global-color-1);}:root .wp-block-button .has-ast-global-color-1-background-color{background-color:var(--ast-global-color-1);}:root .has-ast-global-color-2-color{color:var(--ast-global-color-2);}:root .has-ast-global-color-2-background-color{background-color:var(--ast-global-color-2);}:root .wp-block-button .has-ast-global-color-2-color{color:var(--ast-global-color-2);}:root .wp-block-button .has-ast-global-color-2-background-color{background-color:var(--ast-global-color-2);}:root .has-ast-global-color-3-color{color:var(--ast-global-color-3);}:root .has-ast-global-color-3-background-color{background-color:var(--ast-global-color-3);}:root .wp-block-button .has-ast-global-color-3-color{color:var(--ast-global-color-3);}:root .wp-block-button .has-ast-global-color-3-background-color{background-color:var(--ast-global-color-3);}:root .has-ast-global-color-4-color{color:var(--ast-global-color-4);}:root .has-ast-global-color-4-background-color{background-color:var(--ast-global-color-4);}:root .wp-block-button .has-ast-global-color-4-color{color:var(--ast-global-color-4);}:root .wp-block-button .has-ast-global-color-4-background-color{background-color:var(--ast-global-color-4);}:root .has-ast-global-color-5-color{color:var(--ast-global-color-5);}:root .has-ast-global-color-5-background-color{background-color:var(--ast-global-color-5);}:root .wp-block-button .has-ast-global-color-5-color{color:var(--ast-global-color-5);}:root .wp-block-button .has-ast-global-color-5-background-color{background-color:var(--ast-global-color-5);}:root .has-ast-global-color-6-color{color:var(--ast-global-color-6);}:root .has-ast-global-color-6-background-color{background-color:var(--ast-global-color-6);}:root .wp-block-button .has-ast-global-color-6-color{color:var(--ast-global-color-6);}:root .wp-block-button .has-ast-global-color-6-background-color{background-color:var(--ast-global-color-6);}:root .has-ast-global-color-7-color{color:var(--ast-global-color-7);}:root .has-ast-global-color-7-background-color{background-color:var(--ast-global-color-7);}:root .wp-block-button .has-ast-global-color-7-color{color:var(--ast-global-color-7);}:root .wp-block-button .has-ast-global-color-7-background-color{background-color:var(--ast-global-color-7);}:root .has-ast-global-color-8-color{color:var(--ast-global-color-8);}:root .has-ast-global-color-8-background-color{background-color:var(--ast-global-color-8);}:root .wp-block-button .has-ast-global-color-8-color{color:var(--ast-global-color-8);}:root .wp-block-button .has-ast-global-color-8-background-color{background-color:var(--ast-global-color-8);}:root{--ast-global-color-0:#0170B9;--ast-global-color-1:#3a3a3a;--ast-global-color-2:#3a3a3a;--ast-global-color-3:#4B4F58;--ast-global-color-4:#F5F5F5;--ast-global-color-5:#FFFFFF;--ast-global-color-6:#F2F5F7;--ast-global-color-7:#424242;--ast-global-color-8:#000000;}.ast-theme-transparent-header #masthead .site-logo-img .transparent-custom-logo .astra-logo-svg{width:140px;}.ast-theme-transparent-header #masthead .site-logo-img .transparent-custom-logo img{ max-width:140px;}@media (min-width:921px){.ast-theme-transparent-header #masthead{position:absolute;left:0;right:0;}.ast-theme-transparent-header .main-header-bar,.ast-theme-transparent-header.ast-header-break-point .main-header-bar{background:none;}body.elementor-editor-active.ast-theme-transparent-header #masthead,.fl-builder-edit .ast-theme-transparent-header #masthead,body.vc_editor.ast-theme-transparent-header #masthead,body.brz-ed.ast-theme-transparent-header #masthead{z-index:0;}.ast-header-break-point.ast-replace-site-logo-transparent.ast-theme-transparent-header .custom-mobile-logo-link{display:none;}.ast-header-break-point.ast-replace-site-logo-transparent.ast-theme-transparent-header .transparent-custom-logo{display:inline-block;}.ast-theme-transparent-header .ast-above-header,.ast-theme-transparent-header .ast-above-header.ast-above-header-bar{background-image:none;background-color:transparent;}.ast-theme-transparent-header .ast-below-header{background-image:none;background-color:transparent;}}@media (min-width:922px){.ast-theme-transparent-header .main-header-bar,.ast-theme-transparent-header.ast-header-break-point .main-header-bar-wrap .main-header-menu,.ast-theme-transparent-header.ast-header-break-point .main-header-bar-wrap .main-header-bar,.ast-theme-transparent-header.ast-header-break-point .ast-mobile-header-wrap .main-header-bar{background-color:rgba(0,0,0,0.07);}.ast-theme-transparent-header .main-header-bar .ast-search-menu-icon form{background-color:rgba(0,0,0,0.07);}.ast-theme-transparent-header .ast-above-header,.ast-theme-transparent-header .ast-above-header.ast-above-header-bar,.ast-theme-transparent-header .ast-below-header,.ast-header-break-point.ast-theme-transparent-header .ast-above-header,.ast-header-break-point.ast-theme-transparent-header .ast-below-header{background-color:rgba(0,0,0,0.07);}.ast-theme-transparent-header .site-title a,.ast-theme-transparent-header .site-title a:focus,.ast-theme-transparent-header .site-title a:hover,.ast-theme-transparent-header .site-title a:visited{color:#ffffff;}.ast-theme-transparent-header .site-header .site-description{color:#ffffff;}.ast-theme-transparent-header .ast-builder-menu .main-header-menu .menu-item .sub-menu .menu-item .menu-link,.ast-theme-transparent-header .ast-builder-menu .main-header-menu .menu-item .sub-menu .menu-item &gt; .ast-menu-toggle,.ast-theme-transparent-header .main-header-menu .menu-item .sub-menu .menu-link,.ast-header-break-point.ast-flyout-menu-enable.ast-header-break-point .main-header-bar-navigation .main-header-menu .menu-item .sub-menu .menu-link{color:#333333;}.ast-theme-transparent-header .ast-builder-menu .main-header-menu .menu-item .sub-menu .menu-link:hover,.ast-theme-transparent-header .ast-builder-menu .main-header-menu .menu-item .sub-menu .menu-item:hover &gt; .menu-link,.ast-theme-transparent-header .ast-builder-menu .main-header-menu .menu-item .sub-menu .menu-item.focus &gt; .menu-item,.ast-theme-transparent-header .ast-builder-menu .main-header-menu .menu-item .sub-menu .menu-item.current-menu-item &gt; .menu-link,.ast-theme-transparent-header .ast-builder-menu .main-header-menu .menu-item .sub-menu .menu-item.current-menu-item &gt; .ast-menu-toggle,.ast-theme-transparent-header .ast-builder-menu .main-header-menu .menu-item .sub-menu .menu-item:hover &gt; .ast-menu-toggle,.ast-theme-transparent-header .ast-builder-menu .main-header-menu .menu-item .sub-menu .menu-item.focus &gt; .ast-menu-toggle,.ast-theme-transparent-header .main-header-menu .menu-item .sub-menu .menu-item:hover &gt; .menu-link,.ast-header-break-point.ast-flyout-menu-enable.ast-header-break-point .main-header-bar-navigation .main-header-menu .menu-item .sub-menu .menu-link{color:#000000;}.ast-theme-transparent-header .ast-builder-menu .main-header-menu,.ast-theme-transparent-header .ast-builder-menu .main-header-menu .menu-link,.ast-theme-transparent-header [CLASS*="ast-builder-menu-"] .main-header-menu .menu-item &gt; .menu-link,.ast-theme-transparent-header .ast-masthead-custom-menu-items,.ast-theme-transparent-header .ast-masthead-custom-menu-items a,.ast-theme-transparent-header .ast-builder-menu .main-header-menu .menu-item &gt; .ast-menu-toggle,.ast-theme-transparent-header .ast-builder-menu .main-header-menu .menu-item &gt; .ast-menu-toggle,.ast-theme-transparent-header .ast-above-header-navigation a,.ast-header-break-point.ast-theme-transparent-header .ast-above-header-navigation a,.ast-header-break-point.ast-theme-transparent-header .ast-above-header-navigation &gt; ul.ast-above-header-menu &gt; .menu-item-has-children:not(.current-menu-item) &gt; .ast-menu-toggle,.ast-theme-transparent-header .ast-below-header-menu,.ast-theme-transparent-header .ast-below-header-menu a,.ast-header-break-point.ast-theme-transparent-header .ast-below-header-menu a,.ast-header-break-point.ast-theme-transparent-header .ast-below-header-menu,.ast-theme-transparent-header .main-header-menu .menu-link{color:#cecece;}.ast-theme-transparent-header .ast-builder-menu .main-header-menu .menu-item:hover &gt; .menu-link,.ast-theme-transparent-header .ast-builder-menu .main-header-menu .menu-item:hover &gt; .ast-menu-toggle,.ast-theme-transparent-header .ast-builder-menu .main-header-menu .ast-masthead-custom-menu-items a:hover,.ast-theme-transparent-header .ast-builder-menu .main-header-menu .focus &gt; .menu-link,.ast-theme-transparent-header .ast-builder-menu .main-header-menu .focus &gt; .ast-menu-toggle,.ast-theme-transparent-header .ast-builder-menu .main-header-menu .current-menu-item &gt; .menu-link,.ast-theme-transparent-header .ast-builder-menu .main-header-menu .current-menu-ancestor &gt; .menu-link,.ast-theme-transparent-header .ast-builder-menu .main-header-menu .current-menu-item &gt; .ast-menu-toggle,.ast-theme-transparent-header .ast-builder-menu .main-header-menu .current-menu-ancestor &gt; .ast-menu-toggle,.ast-theme-transparent-header [CLASS*="ast-builder-menu-"] .main-header-menu .current-menu-item &gt; .menu-link,.ast-theme-transparent-header [CLASS*="ast-builder-menu-"] .main-header-menu .current-menu-ancestor &gt; .menu-link,.ast-theme-transparent-header [CLASS*="ast-builder-menu-"] .main-header-menu .current-menu-item &gt; .ast-menu-toggle,.ast-theme-transparent-header [CLASS*="ast-builder-menu-"] .main-header-menu .current-menu-ancestor &gt; .ast-menu-toggle,.ast-theme-transparent-header .main-header-menu .menu-item:hover &gt; .menu-link,.ast-theme-transparent-header .main-header-menu .current-menu-item &gt; .menu-link,.ast-theme-transparent-header .main-header-menu .current-menu-ancestor &gt; .menu-link{color:#ffffff;}.ast-theme-transparent-header div.ast-masthead-custom-menu-items,.ast-theme-transparent-header div.ast-masthead-custom-menu-items .widget,.ast-theme-transparent-header div.ast-masthead-custom-menu-items .widget-title,.ast-theme-transparent-header .site-header-section [CLASS*="ast-header-html-"] .ast-builder-html-element{color:#000000;}.ast-theme-transparent-header div.ast-masthead-custom-menu-items a,.ast-theme-transparent-header div.ast-masthead-custom-menu-items .widget a,.ast-theme-transparent-header .site-header-section [CLASS*="ast-header-html-"] .ast-builder-html-element a{color:#cecece;}.ast-theme-transparent-header div.ast-masthead-custom-menu-items a:hover,.ast-theme-transparent-header div.ast-masthead-custom-menu-items .widget a:hover,.ast-theme-transparent-header .site-header-section [CLASS*="ast-header-html-"] .ast-builder-html-element a:hover{color:#ffffff;}}@media (max-width:921px){.transparent-custom-logo{display:none;}}@media (min-width:921px){.ast-transparent-mobile-logo{display:none;}}@media (max-width:921px){.ast-transparent-mobile-logo{display:block;}}@media (min-width:921px){.ast-theme-transparent-header #ast-desktop-header &gt; [CLASS*="-header-wrap"]:nth-last-child(2) &gt; [CLASS*="-header-bar"]{border-bottom-width:0;border-bottom-style:solid;border-bottom-color:rgba(0,0,0,0);}}.ast-breadcrumbs .trail-browse,.ast-breadcrumbs .trail-items,.ast-breadcrumbs .trail-items li{display:inline-block;margin:0;padding:0;border:none;background:inherit;text-indent:0;}.ast-breadcrumbs .trail-browse{font-size:inherit;font-style:inherit;font-weight:inherit;color:inherit;}.ast-breadcrumbs .trail-items{list-style:none;}.trail-items li::after{padding:0 0.3em;content:"\00bb";}.trail-items li:last-of-type::after{display:none;}h1,.entry-content h1,h2,.entry-content h2,h3,.entry-content h3,h4,.entry-content h4,h5,.entry-content h5,h6,.entry-content h6{color:var(--ast-global-color-2);}@media (max-width:921px){.ast-builder-grid-row-container.ast-builder-grid-row-tablet-3-firstrow .ast-builder-grid-row &gt; *:first-child,.ast-builder-grid-row-container.ast-builder-grid-row-tablet-3-lastrow .ast-builder-grid-row &gt; *:last-child{grid-column:1 / -1;}}@media (max-width:544px){.ast-builder-grid-row-container.ast-builder-grid-row-mobile-3-firstrow .ast-builder-grid-row &gt; *:first-child,.ast-builder-grid-row-container.ast-builder-grid-row-mobile-3-lastrow .ast-builder-grid-row &gt; *:last-child{grid-column:1 / -1;}}.ast-builder-layout-element[data-section="title_tagline"]{display:flex;}@media (max-width:921px){.ast-header-break-point .ast-builder-layout-element[data-section="title_tagline"]{display:flex;}}@media (max-width:544px){.ast-header-break-point .ast-builder-layout-element[data-section="title_tagline"]{display:flex;}}.ast-builder-menu-1{font-family:inherit;font-weight:normal;}.ast-builder-menu-1 .menu-item.current-menu-item &gt; .menu-link,.ast-builder-menu-1 .inline-on-mobile .menu-item.current-menu-item &gt; .ast-menu-toggle,.ast-builder-menu-1 .current-menu-ancestor &gt; .menu-link{color:#602bb7;}.ast-builder-menu-1 .menu-item.current-menu-item &gt; .ast-menu-toggle{color:#602bb7;}.ast-builder-menu-1 .sub-menu,.ast-builder-menu-1 .inline-on-mobile .sub-menu{border-top-width:1px;border-bottom-width:1px;border-right-width:1px;border-left-width:1px;border-color:#dddddd;border-style:solid;border-radius:0;}.ast-builder-menu-1 .main-header-menu &gt; .menu-item &gt; .sub-menu,.ast-builder-menu-1 .main-header-menu &gt; .menu-item &gt; .astra-full-megamenu-wrapper{margin-top:0;}.ast-desktop .ast-builder-menu-1 .main-header-menu &gt; .menu-item &gt; .sub-menu:before,.ast-desktop .ast-builder-menu-1 .main-header-menu &gt; .menu-item &gt; .astra-full-megamenu-wrapper:before{height:calc( 0px + 5px );}.ast-desktop .ast-builder-menu-1 .menu-item .sub-menu .menu-link{border-bottom-width:1px;border-color:#eaeaea;border-style:solid;}.ast-desktop .ast-builder-menu-1 .menu-item .sub-menu .menu-item:last-child .menu-link{border-bottom-width:0;}@media (max-width:921px){.ast-header-break-point .ast-builder-menu-1 .menu-item.menu-item-has-children &gt; .ast-menu-toggle{top:0;}.ast-builder-menu-1 .menu-item-has-children &gt; .menu-link:after{content:unset;}}@media (max-width:544px){.ast-header-break-point .ast-builder-menu-1 .menu-item.menu-item-has-children &gt; .ast-menu-toggle{top:0;}}.ast-builder-menu-1{display:flex;}@media (max-width:921px){.ast-header-break-point .ast-builder-menu-1{display:flex;}}@media (max-width:544px){.ast-header-break-point .ast-builder-menu-1{display:flex;}}.ast-site-header-cart .ast-cart-menu-wrap,.ast-site-header-cart .ast-addon-cart-wrap{color:#d2d2d2;}.ast-site-header-cart .ast-cart-menu-wrap .count,.ast-site-header-cart .ast-cart-menu-wrap .count:after,.ast-site-header-cart .ast-addon-cart-wrap .count,.ast-site-header-cart .ast-addon-cart-wrap .ast-icon-shopping-cart:after{color:#d2d2d2;border-color:#d2d2d2;}.ast-site-header-cart .ast-addon-cart-wrap .ast-icon-shopping-cart:after{color:#ffffff;background-color:#d2d2d2;}.ast-site-header-cart .ast-woo-header-cart-info-wrap{color:#d2d2d2;}.ast-site-header-cart .ast-addon-cart-wrap i.astra-icon:after{color:#ffffff;background-color:#d2d2d2;}.ast-theme-transparent-header .ast-site-header-cart .ast-cart-menu-wrap,.ast-theme-transparent-header .ast-site-header-cart .ast-addon-cart-wrap{color:#d2d2d2;}.ast-theme-transparent-header .ast-site-header-cart .ast-cart-menu-wrap .count,.ast-theme-transparent-header .ast-site-header-cart .ast-cart-menu-wrap .count:after,.ast-theme-transparent-header .ast-site-header-cart .ast-addon-cart-wrap .count,.ast-theme-transparent-header .ast-site-header-cart .ast-addon-cart-wrap .ast-icon-shopping-cart:after{color:#d2d2d2;border-color:#d2d2d2;}.ast-theme-transparent-header .ast-site-header-cart .ast-addon-cart-wrap .ast-icon-shopping-cart:after{color:#ffffff;background-color:#d2d2d2;}.ast-theme-transparent-header .ast-site-header-cart .ast-woo-header-cart-info-wrap{color:#d2d2d2;}.ast-theme-transparent-header .ast-site-header-cart .ast-addon-cart-wrap i.astra-icon:after{color:#ffffff;background-color:#d2d2d2;}#ast-site-header-cart .widget_shopping_cart .mini_cart_item{border-bottom-color:rgb(0,0,0);}@media (max-width:921px){#astra-mobile-cart-drawer .widget_shopping_cart .mini_cart_item{border-bottom-color:rgb(0,0,0);}}@media (max-width:544px){#astra-mobile-cart-drawer .widget_shopping_cart .mini_cart_item{border-bottom-color:rgb(0,0,0);}}.ast-site-header-cart .ast-cart-menu-wrap,.ast-site-header-cart .ast-addon-cart-wrap{color:#d2d2d2;}.ast-site-header-cart .ast-cart-menu-wrap:hover .count,.ast-site-header-cart .ast-addon-cart-wrap:hover .count{color:#000000;background-color:#d2d2d2;}.ast-menu-cart-outline .ast-cart-menu-wrap .count,.ast-menu-cart-outline .ast-addon-cart-wrap{color:#d2d2d2;}.ast-site-header-cart .ast-menu-cart-outline .ast-woo-header-cart-info-wrap{color:#d2d2d2;}.ast-menu-cart-fill .ast-cart-menu-wrap .count,.ast-menu-cart-fill .ast-cart-menu-wrap,.ast-menu-cart-fill .ast-addon-cart-wrap .ast-woo-header-cart-info-wrap,.ast-menu-cart-fill .ast-addon-cart-wrap{background-color:#d2d2d2;color:#000000;}.ast-theme-transparent-header .ast-site-header-cart .ast-cart-menu-wrap,.ast-theme-transparent-header .ast-site-header-cart .ast-addon-cart-wrap{color:#d2d2d2;}.ast-theme-transparent-header .ast-site-header-cart .ast-cart-menu-wrap:hover .count,.ast-theme-transparent-header .ast-site-header-cart .ast-addon-cart-wrap:hover .count{color:#000000;background-color:#d2d2d2;}.ast-theme-transparent-header .ast-menu-cart-outline .ast-cart-menu-wrap .count,.ast-theme-transparent-header .ast-menu-cart-outline .ast-addon-cart-wrap{color:#d2d2d2;}.ast-theme-transparent-header .ast-site-header-cart .ast-menu-cart-outline .ast-woo-header-cart-info-wrap{color:#d2d2d2;}.ast-theme-transparent-header .ast-menu-cart-fill .ast-cart-menu-wrap .count,.ast-theme-transparent-header .ast-menu-cart-fill .ast-cart-menu-wrap,.ast-theme-transparent-header .ast-menu-cart-fill .ast-addon-cart-wrap .ast-woo-header-cart-info-wrap,.ast-theme-transparent-header .ast-menu-cart-fill .ast-addon-cart-wrap{background-color:#d2d2d2;color:#000000;}.ast-site-header-cart.ast-menu-cart-outline .ast-cart-menu-wrap,.ast-site-header-cart.ast-menu-cart-fill .ast-cart-menu-wrap,.ast-site-header-cart.ast-menu-cart-outline .ast-cart-menu-wrap .count,.ast-site-header-cart.ast-menu-cart-fill .ast-cart-menu-wrap .count,.ast-site-header-cart.ast-menu-cart-outline .ast-addon-cart-wrap,.ast-site-header-cart.ast-menu-cart-fill .ast-addon-cart-wrap,.ast-site-header-cart.ast-menu-cart-outline .ast-woo-header-cart-info-wrap,.ast-site-header-cart.ast-menu-cart-fill .ast-woo-header-cart-info-wrap{border-radius:3px;}.ast-header-woo-cart{display:flex;}@media (max-width:921px){.ast-header-break-point .ast-header-woo-cart{display:flex;}}@media (max-width:544px){.ast-header-break-point .ast-header-woo-cart{display:none;}}.site-below-footer-wrap{padding-top:20px;padding-bottom:20px;}.site-below-footer-wrap[data-section="section-below-footer-builder"]{background-color:#ffffff;;background-image:none;;min-height:80px;border-style:solid;border-width:0px;border-top-width:1px;border-top-color:rgba(122,122,122,0.13);}.site-below-footer-wrap[data-section="section-below-footer-builder"] .ast-builder-grid-row{max-width:1200px;margin-left:auto;margin-right:auto;}.site-below-footer-wrap[data-section="section-below-footer-builder"] .ast-builder-grid-row,.site-below-footer-wrap[data-section="section-below-footer-builder"] .site-footer-section{align-items:flex-start;}.site-below-footer-wrap[data-section="section-below-footer-builder"].ast-footer-row-inline .site-footer-section{display:flex;margin-bottom:0;}.ast-builder-grid-row-2-equal .ast-builder-grid-row{grid-template-columns:repeat( 2,1fr );}@media (max-width:921px){.site-below-footer-wrap[data-section="section-below-footer-builder"].ast-footer-row-tablet-inline .site-footer-section{display:flex;margin-bottom:0;}.site-below-footer-wrap[data-section="section-below-footer-builder"].ast-footer-row-tablet-stack .site-footer-section{display:block;margin-bottom:10px;}.ast-builder-grid-row-container.ast-builder-grid-row-tablet-2-equal .ast-builder-grid-row{grid-template-columns:repeat( 2,1fr );}}@media (max-width:544px){.site-below-footer-wrap[data-section="section-below-footer-builder"].ast-footer-row-mobile-inline .site-footer-section{display:flex;margin-bottom:0;}.site-below-footer-wrap[data-section="section-below-footer-builder"].ast-footer-row-mobile-stack .site-footer-section{display:block;margin-bottom:10px;}.ast-builder-grid-row-container.ast-builder-grid-row-mobile-full .ast-builder-grid-row{grid-template-columns:1fr;}}@media (max-width:921px){.site-below-footer-wrap[data-section="section-below-footer-builder"]{padding-left:30px;padding-right:30px;}}.site-below-footer-wrap[data-section="section-below-footer-builder"]{display:grid;}@media (max-width:921px){.ast-header-break-point .site-below-footer-wrap[data-section="section-below-footer-builder"]{display:grid;}}@media (max-width:544px){.ast-header-break-point .site-below-footer-wrap[data-section="section-below-footer-builder"]{display:grid;}}.ast-builder-html-element img.alignnone{display:inline-block;}.ast-builder-html-element p:first-child{margin-top:0;}.ast-builder-html-element p:last-child{margin-bottom:0;}.ast-header-break-point .main-header-bar .ast-builder-html-element{line-height:1.85714285714286;}.footer-widget-area[data-section="section-fb-html-1"]{display:block;}@media (max-width:921px){.ast-header-break-point .footer-widget-area[data-section="section-fb-html-1"]{display:block;}}@media (max-width:544px){.ast-header-break-point .footer-widget-area[data-section="section-fb-html-1"]{display:block;}}.footer-widget-area[data-section="section-fb-html-1"] .ast-builder-html-element{text-align:right;}@media (max-width:921px){.footer-widget-area[data-section="section-fb-html-1"] .ast-builder-html-element{text-align:right;}}@media (max-width:544px){.footer-widget-area[data-section="section-fb-html-1"] .ast-builder-html-element{text-align:center;}}.ast-footer-copyright{text-align:left;}.ast-footer-copyright {color:#000000;}@media (max-width:921px){.ast-footer-copyright{text-align:left;}}@media (max-width:544px){.ast-footer-copyright{text-align:center;}}.ast-footer-copyright.ast-builder-layout-element{display:flex;}@media (max-width:921px){.ast-header-break-point .ast-footer-copyright.ast-builder-layout-element{display:flex;}}@media (max-width:544px){.ast-header-break-point .ast-footer-copyright.ast-builder-layout-element{display:flex;}}.site-footer{background-color:#ffffff;;background-image:none;;}.site-primary-footer-wrap{padding-top:45px;padding-bottom:45px;}.site-primary-footer-wrap[data-section="section-primary-footer-builder"]{background-color:#ffffff;;background-image:none;;}.site-primary-footer-wrap[data-section="section-primary-footer-builder"] .ast-builder-grid-row{grid-column-gap:200px;max-width:1200px;margin-left:auto;margin-right:auto;}.site-primary-footer-wrap[data-section="section-primary-footer-builder"] .ast-builder-grid-row,.site-primary-footer-wrap[data-section="section-primary-footer-builder"] .site-footer-section{align-items:flex-start;}.site-primary-footer-wrap[data-section="section-primary-footer-builder"].ast-footer-row-inline .site-footer-section{display:flex;margin-bottom:0;}.ast-builder-grid-row-4-equal .ast-builder-grid-row{grid-template-columns:repeat( 4,1fr );}@media (max-width:921px){.site-primary-footer-wrap[data-section="section-primary-footer-builder"].ast-footer-row-tablet-inline .site-footer-section{display:flex;margin-bottom:0;}.site-primary-footer-wrap[data-section="section-primary-footer-builder"].ast-footer-row-tablet-stack .site-footer-section{display:block;margin-bottom:10px;}.ast-builder-grid-row-container.ast-builder-grid-row-tablet-4-equal .ast-builder-grid-row{grid-template-columns:repeat( 4,1fr );}}@media (max-width:544px){.site-primary-footer-wrap[data-section="section-primary-footer-builder"].ast-footer-row-mobile-inline .site-footer-section{display:flex;margin-bottom:0;}.site-primary-footer-wrap[data-section="section-primary-footer-builder"].ast-footer-row-mobile-stack .site-footer-section{display:block;margin-bottom:10px;}.ast-builder-grid-row-container.ast-builder-grid-row-mobile-full .ast-builder-grid-row{grid-template-columns:1fr;}}.site-primary-footer-wrap[data-section="section-primary-footer-builder"]{padding-top:55px;padding-bottom:55px;}@media (max-width:921px){.site-primary-footer-wrap[data-section="section-primary-footer-builder"]{padding-left:30px;padding-right:30px;}}@media (max-width:544px){.site-primary-footer-wrap[data-section="section-primary-footer-builder"]{padding-top:40px;padding-bottom:20px;}}.site-primary-footer-wrap[data-section="section-primary-footer-builder"]{display:grid;}@media (max-width:921px){.ast-header-break-point .site-primary-footer-wrap[data-section="section-primary-footer-builder"]{display:grid;}}@media (max-width:544px){.ast-header-break-point .site-primary-footer-wrap[data-section="section-primary-footer-builder"]{display:grid;}}.footer-widget-area[data-section="sidebar-widgets-footer-widget-1"] .footer-widget-area-inner{text-align:left;}@media (max-width:921px){.footer-widget-area[data-section="sidebar-widgets-footer-widget-1"] .footer-widget-area-inner{text-align:left;}}@media (max-width:544px){.footer-widget-area[data-section="sidebar-widgets-footer-widget-1"] .footer-widget-area-inner{text-align:center;}}.footer-widget-area[data-section="sidebar-widgets-footer-widget-1"] .footer-widget-area-inner{color:#434343;}.footer-widget-area[data-section="sidebar-widgets-footer-widget-1"] .footer-widget-area-inner a{color:#434343;}.footer-widget-area[data-section="sidebar-widgets-footer-widget-1"] .footer-widget-area-inner a:hover{color:#3197d6;}.footer-widget-area[data-section="sidebar-widgets-footer-widget-1"] .widget-title{color:#000000;}.footer-widget-area[data-section="sidebar-widgets-footer-widget-1"]{display:block;}@media (max-width:921px){.ast-header-break-point .footer-widget-area[data-section="sidebar-widgets-footer-widget-1"]{display:block;}}@media (max-width:544px){.ast-header-break-point .footer-widget-area[data-section="sidebar-widgets-footer-widget-1"]{display:block;}}.footer-widget-area[data-section="sidebar-widgets-footer-widget-2"] .footer-widget-area-inner{color:#434343;}.footer-widget-area[data-section="sidebar-widgets-footer-widget-2"] .footer-widget-area-inner a{color:#434343;}.footer-widget-area[data-section="sidebar-widgets-footer-widget-2"] .footer-widget-area-inner a:hover{color:#3197d6;}.footer-widget-area[data-section="sidebar-widgets-footer-widget-2"] .widget-title{color:#000000;}.footer-widget-area[data-section="sidebar-widgets-footer-widget-2"]{display:block;}@media (max-width:921px){.ast-header-break-point .footer-widget-area[data-section="sidebar-widgets-footer-widget-2"]{display:block;}}@media (max-width:544px){.ast-header-break-point .footer-widget-area[data-section="sidebar-widgets-footer-widget-2"]{display:block;}}.footer-widget-area[data-section="sidebar-widgets-footer-widget-3"] .footer-widget-area-inner{color:#434343;}.footer-widget-area[data-section="sidebar-widgets-footer-widget-3"] .footer-widget-area-inner a{color:#434343;}.footer-widget-area[data-section="sidebar-widgets-footer-widget-3"] .footer-widget-area-inner a:hover{color:#3197d6;}.footer-widget-area[data-section="sidebar-widgets-footer-widget-3"] .widget-title{color:#000000;}.footer-widget-area[data-section="sidebar-widgets-footer-widget-3"]{display:block;}@media (max-width:921px){.ast-header-break-point .footer-widget-area[data-section="sidebar-widgets-footer-widget-3"]{display:block;}}@media (max-width:544px){.ast-header-break-point .footer-widget-area[data-section="sidebar-widgets-footer-widget-3"]{display:block;}}.footer-widget-area[data-section="sidebar-widgets-footer-widget-4"] .footer-widget-area-inner{color:#434343;}.footer-widget-area[data-section="sidebar-widgets-footer-widget-4"] .footer-widget-area-inner a{color:#434343;}.footer-widget-area[data-section="sidebar-widgets-footer-widget-4"] .footer-widget-area-inner a:hover{color:#3197d6;}.footer-widget-area[data-section="sidebar-widgets-footer-widget-4"] .widget-title{color:#000000;}.footer-widget-area[data-section="sidebar-widgets-footer-widget-4"]{display:block;}@media (max-width:921px){.ast-header-break-point .footer-widget-area[data-section="sidebar-widgets-footer-widget-4"]{display:block;}}@media (max-width:544px){.ast-header-break-point .footer-widget-area[data-section="sidebar-widgets-footer-widget-4"]{display:block;}}.footer-widget-area[data-section="sidebar-widgets-footer-widget-2"] .footer-widget-area-inner{text-align:left;}@media (max-width:921px){.footer-widget-area[data-section="sidebar-widgets-footer-widget-2"] .footer-widget-area-inner{text-align:left;}}@media (max-width:544px){.footer-widget-area[data-section="sidebar-widgets-footer-widget-2"] .footer-widget-area-inner{text-align:center;}}.footer-widget-area[data-section="sidebar-widgets-footer-widget-1"] .footer-widget-area-inner{color:#434343;}.footer-widget-area[data-section="sidebar-widgets-footer-widget-1"] .footer-widget-area-inner a{color:#434343;}.footer-widget-area[data-section="sidebar-widgets-footer-widget-1"] .footer-widget-area-inner a:hover{color:#3197d6;}.footer-widget-area[data-section="sidebar-widgets-footer-widget-1"] .widget-title{color:#000000;}.footer-widget-area[data-section="sidebar-widgets-footer-widget-1"]{display:block;}@media (max-width:921px){.ast-header-break-point .footer-widget-area[data-section="sidebar-widgets-footer-widget-1"]{display:block;}}@media (max-width:544px){.ast-header-break-point .footer-widget-area[data-section="sidebar-widgets-footer-widget-1"]{display:block;}}.footer-widget-area[data-section="sidebar-widgets-footer-widget-2"] .footer-widget-area-inner{color:#434343;}.footer-widget-area[data-section="sidebar-widgets-footer-widget-2"] .footer-widget-area-inner a{color:#434343;}.footer-widget-area[data-section="sidebar-widgets-footer-widget-2"] .footer-widget-area-inner a:hover{color:#3197d6;}.footer-widget-area[data-section="sidebar-widgets-footer-widget-2"] .widget-title{color:#000000;}.footer-widget-area[data-section="sidebar-widgets-footer-widget-2"]{display:block;}@media (max-width:921px){.ast-header-break-point .footer-widget-area[data-section="sidebar-widgets-footer-widget-2"]{display:block;}}@media (max-width:544px){.ast-header-break-point .footer-widget-area[data-section="sidebar-widgets-footer-widget-2"]{display:block;}}.footer-widget-area[data-section="sidebar-widgets-footer-widget-3"] .footer-widget-area-inner{color:#434343;}.footer-widget-area[data-section="sidebar-widgets-footer-widget-3"] .footer-widget-area-inner a{color:#434343;}.footer-widget-area[data-section="sidebar-widgets-footer-widget-3"] .footer-widget-area-inner a:hover{color:#3197d6;}.footer-widget-area[data-section="sidebar-widgets-footer-widget-3"] .widget-title{color:#000000;}.footer-widget-area[data-section="sidebar-widgets-footer-widget-3"]{display:block;}@media (max-width:921px){.ast-header-break-point .footer-widget-area[data-section="sidebar-widgets-footer-widget-3"]{display:block;}}@media (max-width:544px){.ast-header-break-point .footer-widget-area[data-section="sidebar-widgets-footer-widget-3"]{display:block;}}.footer-widget-area[data-section="sidebar-widgets-footer-widget-4"] .footer-widget-area-inner{color:#434343;}.footer-widget-area[data-section="sidebar-widgets-footer-widget-4"] .footer-widget-area-inner a{color:#434343;}.footer-widget-area[data-section="sidebar-widgets-footer-widget-4"] .footer-widget-area-inner a:hover{color:#3197d6;}.footer-widget-area[data-section="sidebar-widgets-footer-widget-4"] .widget-title{color:#000000;}.footer-widget-area[data-section="sidebar-widgets-footer-widget-4"]{display:block;}@media (max-width:921px){.ast-header-break-point .footer-widget-area[data-section="sidebar-widgets-footer-widget-4"]{display:block;}}@media (max-width:544px){.ast-header-break-point .footer-widget-area[data-section="sidebar-widgets-footer-widget-4"]{display:block;}}.footer-widget-area[data-section="sidebar-widgets-footer-widget-3"] .footer-widget-area-inner{text-align:left;}@media (max-width:921px){.footer-widget-area[data-section="sidebar-widgets-footer-widget-3"] .footer-widget-area-inner{text-align:left;}}@media (max-width:544px){.footer-widget-area[data-section="sidebar-widgets-footer-widget-3"] .footer-widget-area-inner{text-align:center;}}.footer-widget-area[data-section="sidebar-widgets-footer-widget-1"] .footer-widget-area-inner{color:#434343;}.footer-widget-area[data-section="sidebar-widgets-footer-widget-1"] .footer-widget-area-inner a{color:#434343;}.footer-widget-area[data-section="sidebar-widgets-footer-widget-1"] .footer-widget-area-inner a:hover{color:#3197d6;}.footer-widget-area[data-section="sidebar-widgets-footer-widget-1"] .widget-title{color:#000000;}.footer-widget-area[data-section="sidebar-widgets-footer-widget-1"]{display:block;}@media (max-width:921px){.ast-header-break-point .footer-widget-area[data-section="sidebar-widgets-footer-widget-1"]{display:block;}}@media (max-width:544px){.ast-header-break-point .footer-widget-area[data-section="sidebar-widgets-footer-widget-1"]{display:block;}}.footer-widget-area[data-section="sidebar-widgets-footer-widget-2"] .footer-widget-area-inner{color:#434343;}.footer-widget-area[data-section="sidebar-widgets-footer-widget-2"] .footer-widget-area-inner a{color:#434343;}.footer-widget-area[data-section="sidebar-widgets-footer-widget-2"] .footer-widget-area-inner a:hover{color:#3197d6;}.footer-widget-area[data-section="sidebar-widgets-footer-widget-2"] .widget-title{color:#000000;}.footer-widget-area[data-section="sidebar-widgets-footer-widget-2"]{display:block;}@media (max-width:921px){.ast-header-break-point .footer-widget-area[data-section="sidebar-widgets-footer-widget-2"]{display:block;}}@media (max-width:544px){.ast-header-break-point .footer-widget-area[data-section="sidebar-widgets-footer-widget-2"]{display:block;}}.footer-widget-area[data-section="sidebar-widgets-footer-widget-3"] .footer-widget-area-inner{color:#434343;}.footer-widget-area[data-section="sidebar-widgets-footer-widget-3"] .footer-widget-area-inner a{color:#434343;}.footer-widget-area[data-section="sidebar-widgets-footer-widget-3"] .footer-widget-area-inner a:hover{color:#3197d6;}.footer-widget-area[data-section="sidebar-widgets-footer-widget-3"] .widget-title{color:#000000;}.footer-widget-area[data-section="sidebar-widgets-footer-widget-3"]{display:block;}@media (max-width:921px){.ast-header-break-point .footer-widget-area[data-section="sidebar-widgets-footer-widget-3"]{display:block;}}@media (max-width:544px){.ast-header-break-point .footer-widget-area[data-section="sidebar-widgets-footer-widget-3"]{display:block;}}.footer-widget-area[data-section="sidebar-widgets-footer-widget-4"] .footer-widget-area-inner{color:#434343;}.footer-widget-area[data-section="sidebar-widgets-footer-widget-4"] .footer-widget-area-inner a{color:#434343;}.footer-widget-area[data-section="sidebar-widgets-footer-widget-4"] .footer-widget-area-inner a:hover{color:#3197d6;}.footer-widget-area[data-section="sidebar-widgets-footer-widget-4"] .widget-title{color:#000000;}.footer-widget-area[data-section="sidebar-widgets-footer-widget-4"]{display:block;}@media (max-width:921px){.ast-header-break-point .footer-widget-area[data-section="sidebar-widgets-footer-widget-4"]{display:block;}}@media (max-width:544px){.ast-header-break-point .footer-widget-area[data-section="sidebar-widgets-footer-widget-4"]{display:block;}}.footer-widget-area[data-section="sidebar-widgets-footer-widget-4"] .footer-widget-area-inner{text-align:left;}@media (max-width:921px){.footer-widget-area[data-section="sidebar-widgets-footer-widget-4"] .footer-widget-area-inner{text-align:left;}}@media (max-width:544px){.footer-widget-area[data-section="sidebar-widgets-footer-widget-4"] .footer-widget-area-inner{text-align:center;}}.footer-widget-area[data-section="sidebar-widgets-footer-widget-1"] .footer-widget-area-inner{color:#434343;}.footer-widget-area[data-section="sidebar-widgets-footer-widget-1"] .footer-widget-area-inner a{color:#434343;}.footer-widget-area[data-section="sidebar-widgets-footer-widget-1"] .footer-widget-area-inner a:hover{color:#3197d6;}.footer-widget-area[data-section="sidebar-widgets-footer-widget-1"] .widget-title{color:#000000;}.footer-widget-area[data-section="sidebar-widgets-footer-widget-1"]{display:block;}@media (max-width:921px){.ast-header-break-point .footer-widget-area[data-section="sidebar-widgets-footer-widget-1"]{display:block;}}@media (max-width:544px){.ast-header-break-point .footer-widget-area[data-section="sidebar-widgets-footer-widget-1"]{display:block;}}.footer-widget-area[data-section="sidebar-widgets-footer-widget-2"] .footer-widget-area-inner{color:#434343;}.footer-widget-area[data-section="sidebar-widgets-footer-widget-2"] .footer-widget-area-inner a{color:#434343;}.footer-widget-area[data-section="sidebar-widgets-footer-widget-2"] .footer-widget-area-inner a:hover{color:#3197d6;}.footer-widget-area[data-section="sidebar-widgets-footer-widget-2"] .widget-title{color:#000000;}.footer-widget-area[data-section="sidebar-widgets-footer-widget-2"]{display:block;}@media (max-width:921px){.ast-header-break-point .footer-widget-area[data-section="sidebar-widgets-footer-widget-2"]{display:block;}}@media (max-width:544px){.ast-header-break-point .footer-widget-area[data-section="sidebar-widgets-footer-widget-2"]{display:block;}}.footer-widget-area[data-section="sidebar-widgets-footer-widget-3"] .footer-widget-area-inner{color:#434343;}.footer-widget-area[data-section="sidebar-widgets-footer-widget-3"] .footer-widget-area-inner a{color:#434343;}.footer-widget-area[data-section="sidebar-widgets-footer-widget-3"] .footer-widget-area-inner a:hover{color:#3197d6;}.footer-widget-area[data-section="sidebar-widgets-footer-widget-3"] .widget-title{color:#000000;}.footer-widget-area[data-section="sidebar-widgets-footer-widget-3"]{display:block;}@media (max-width:921px){.ast-header-break-point .footer-widget-area[data-section="sidebar-widgets-footer-widget-3"]{display:block;}}@media (max-width:544px){.ast-header-break-point .footer-widget-area[data-section="sidebar-widgets-footer-widget-3"]{display:block;}}.footer-widget-area[data-section="sidebar-widgets-footer-widget-4"] .footer-widget-area-inner{color:#434343;}.footer-widget-area[data-section="sidebar-widgets-footer-widget-4"] .footer-widget-area-inner a{color:#434343;}.footer-widget-area[data-section="sidebar-widgets-footer-widget-4"] .footer-widget-area-inner a:hover{color:#3197d6;}.footer-widget-area[data-section="sidebar-widgets-footer-widget-4"] .widget-title{color:#000000;}.footer-widget-area[data-section="sidebar-widgets-footer-widget-4"]{display:block;}@media (max-width:921px){.ast-header-break-point .footer-widget-area[data-section="sidebar-widgets-footer-widget-4"]{display:block;}}@media (max-width:544px){.ast-header-break-point .footer-widget-area[data-section="sidebar-widgets-footer-widget-4"]{display:block;}}.ast-header-break-point .main-header-bar{border-bottom-width:1px;}@media (min-width:922px){.main-header-bar{border-bottom-width:1px;}}.ast-flex{-webkit-align-content:center;-ms-flex-line-pack:center;align-content:center;-webkit-box-align:center;-webkit-align-items:center;-moz-box-align:center;-ms-flex-align:center;align-items:center;}.main-header-bar{padding:1em 0;}.ast-site-identity{padding:0;}.header-main-layout-1 .ast-flex.main-header-container, .header-main-layout-3 .ast-flex.main-header-container{-webkit-align-content:center;-ms-flex-line-pack:center;align-content:center;-webkit-box-align:center;-webkit-align-items:center;-moz-box-align:center;-ms-flex-align:center;align-items:center;}.header-main-layout-1 .ast-flex.main-header-container, .header-main-layout-3 .ast-flex.main-header-container{-webkit-align-content:center;-ms-flex-line-pack:center;align-content:center;-webkit-box-align:center;-webkit-align-items:center;-moz-box-align:center;-ms-flex-align:center;align-items:center;}.main-header-menu .sub-menu .menu-item.menu-item-has-children &gt; .menu-link:after{position:absolute;right:1em;top:50%;transform:translate(0,-50%) rotate(270deg);}.ast-header-break-point .main-header-bar .main-header-bar-navigation .page_item_has_children &gt; .ast-menu-toggle::before, .ast-header-break-point .main-header-bar .main-header-bar-navigation .menu-item-has-children &gt; .ast-menu-toggle::before, .ast-mobile-popup-drawer .main-header-bar-navigation .menu-item-has-children&gt;.ast-menu-toggle::before, .ast-header-break-point .ast-mobile-header-wrap .main-header-bar-navigation .menu-item-has-children &gt; .ast-menu-toggle::before{font-weight:bold;content:"\e900";font-family:Astra;text-decoration:inherit;display:inline-block;}.ast-header-break-point .main-navigation ul.sub-menu .menu-item .menu-link:before{content:"\e900";font-family:Astra;font-size:.65em;text-decoration:inherit;display:inline-block;transform:translate(0, -2px) rotateZ(270deg);margin-right:5px;}.widget_search .search-form:after{font-family:Astra;font-size:1.2em;font-weight:normal;content:"\e8b6";position:absolute;top:50%;right:15px;transform:translate(0, -50%);}.astra-search-icon::before{content:"\e8b6";font-family:Astra;font-style:normal;font-weight:normal;text-decoration:inherit;text-align:center;-webkit-font-smoothing:antialiased;-moz-osx-font-smoothing:grayscale;}.main-header-bar .main-header-bar-navigation .page_item_has_children &gt; a:after, .main-header-bar .main-header-bar-navigation .menu-item-has-children &gt; a:after, .site-header-focus-item .main-header-bar-navigation .menu-item-has-children &gt; .menu-link:after{content:"\e900";display:inline-block;font-family:Astra;font-size:.6rem;font-weight:bold;text-rendering:auto;-webkit-font-smoothing:antialiased;-moz-osx-font-smoothing:grayscale;margin-left:10px;line-height:normal;}.ast-mobile-popup-drawer .main-header-bar-navigation .ast-submenu-expanded&gt;.ast-menu-toggle::before{transform:rotateX(180deg);}.ast-header-break-point .main-header-bar-navigation .menu-item-has-children &gt; .menu-link:after{display:none;}.ast-separate-container .blog-layout-1, .ast-separate-container .blog-layout-2, .ast-separate-container .blog-layout-3{background-color:transparent;background-image:none;}.ast-separate-container .ast-article-post{background-color:#ffffff;;}.ast-separate-container .ast-article-single:not(.ast-related-post), .ast-separate-container .comments-area .comment-respond,.ast-separate-container .comments-area .ast-comment-list li, .ast-separate-container .ast-woocommerce-container, .ast-separate-container .error-404, .ast-separate-container .no-results, .single.ast-separate-container .ast-author-meta, .ast-separate-container .related-posts-title-wrapper, .ast-separate-container.ast-two-container #secondary .widget,.ast-separate-container .comments-count-wrapper, .ast-box-layout.ast-plain-container .site-content,.ast-padded-layout.ast-plain-container .site-content, .ast-separate-container .comments-area .comments-title{background-color:#ffffff;;}.ast-mobile-header-content &gt; *,.ast-desktop-header-content &gt; * {padding: 10px 0;height: auto;}.ast-mobile-header-content &gt; *:first-child,.ast-desktop-header-content &gt; *:first-child {padding-top: 10px;}.ast-mobile-header-content &gt; .ast-builder-menu,.ast-desktop-header-content &gt; .ast-builder-menu {padding-top: 0;}.ast-mobile-header-content &gt; *:last-child,.ast-desktop-header-content &gt; *:last-child {padding-bottom: 0;}.ast-mobile-header-content .ast-search-menu-icon.ast-inline-search label,.ast-desktop-header-content .ast-search-menu-icon.ast-inline-search label {width: 100%;}.ast-desktop-header-content .main-header-bar-navigation .ast-submenu-expanded &gt; .ast-menu-toggle::before {transform: rotateX(180deg);}#ast-desktop-header .ast-desktop-header-content,.ast-mobile-header-content .ast-search-icon,.ast-desktop-header-content .ast-search-icon,.ast-mobile-header-wrap .ast-mobile-header-content,.ast-main-header-nav-open.ast-popup-nav-open .ast-mobile-header-wrap .ast-mobile-header-content,.ast-main-header-nav-open.ast-popup-nav-open .ast-desktop-header-content {display: none;}.ast-main-header-nav-open.ast-header-break-point #ast-desktop-header .ast-desktop-header-content,.ast-main-header-nav-open.ast-header-break-point .ast-mobile-header-wrap .ast-mobile-header-content {display: block;}.ast-desktop .ast-desktop-header-content .astra-menu-animation-slide-up &gt; .menu-item &gt; .sub-menu,.ast-desktop .ast-desktop-header-content .astra-menu-animation-slide-up &gt; .menu-item .menu-item &gt; .sub-menu,.ast-desktop .ast-desktop-header-content .astra-menu-animation-slide-down &gt; .menu-item &gt; .sub-menu,.ast-desktop .ast-desktop-header-content .astra-menu-animation-slide-down &gt; .menu-item .menu-item &gt; .sub-menu,.ast-desktop .ast-desktop-header-content .astra-menu-animation-fade &gt; .menu-item &gt; .sub-menu,.ast-desktop .ast-desktop-header-content .astra-menu-animation-fade &gt; .menu-item .menu-item &gt; .sub-menu {opacity: 1;visibility: visible;}.ast-hfb-header.ast-default-menu-enable.ast-header-break-point .ast-mobile-header-wrap .ast-mobile-header-content .main-header-bar-navigation {width: unset;margin: unset;}.ast-mobile-header-content.content-align-flex-end .main-header-bar-navigation .menu-item-has-children &gt; .ast-menu-toggle,.ast-desktop-header-content.content-align-flex-end .main-header-bar-navigation .menu-item-has-children &gt; .ast-menu-toggle {left: calc( 20px - 0.907em);}.ast-mobile-header-content .ast-search-menu-icon,.ast-mobile-header-content .ast-search-menu-icon.slide-search,.ast-desktop-header-content .ast-search-menu-icon,.ast-desktop-header-content .ast-search-menu-icon.slide-search {width: 100%;position: relative;display: block;right: auto;transform: none;}.ast-mobile-header-content .ast-search-menu-icon.slide-search .search-form,.ast-mobile-header-content .ast-search-menu-icon .search-form,.ast-desktop-header-content .ast-search-menu-icon.slide-search .search-form,.ast-desktop-header-content .ast-search-menu-icon .search-form {right: 0;visibility: visible;opacity: 1;position: relative;top: auto;transform: none;padding: 0;display: block;overflow: hidden;}.ast-mobile-header-content .ast-search-menu-icon.ast-inline-search .search-field,.ast-mobile-header-content .ast-search-menu-icon .search-field,.ast-desktop-header-content .ast-search-menu-icon.ast-inline-search .search-field,.ast-desktop-header-content .ast-search-menu-icon .search-field {width: 100%;padding-right: 5.5em;}.ast-mobile-header-content .ast-search-menu-icon .search-submit,.ast-desktop-header-content .ast-search-menu-icon .search-submit {display: block;position: absolute;height: 100%;top: 0;right: 0;padding: 0 1em;border-radius: 0;}.ast-hfb-header.ast-default-menu-enable.ast-header-break-point .ast-mobile-header-wrap .ast-mobile-header-content .main-header-bar-navigation ul .sub-menu .menu-link {padding-left: 30px;}.ast-hfb-header.ast-default-menu-enable.ast-header-break-point .ast-mobile-header-wrap .ast-mobile-header-content .main-header-bar-navigation .sub-menu .menu-item .menu-item .menu-link {padding-left: 40px;}.ast-mobile-popup-drawer.active .ast-mobile-popup-inner{background-color:#ffffff;;}.ast-mobile-header-wrap .ast-mobile-header-content, .ast-desktop-header-content{background-color:#ffffff;;}.ast-mobile-popup-content &gt; *, .ast-mobile-header-content &gt; *, .ast-desktop-popup-content &gt; *, .ast-desktop-header-content &gt; *{padding-top:0;padding-bottom:0;}.content-align-flex-start .ast-builder-layout-element{justify-content:flex-start;}.content-align-flex-start .main-header-menu{text-align:left;}.ast-mobile-popup-drawer.active .menu-toggle-close{color:#3a3a3a;}.ast-mobile-header-wrap .ast-primary-header-bar,.ast-primary-header-bar .site-primary-header-wrap{min-height:70px;}.ast-desktop .ast-primary-header-bar .main-header-menu &gt; .menu-item{line-height:70px;}.ast-desktop .ast-primary-header-bar .ast-header-woo-cart,.ast-desktop .ast-primary-header-bar .ast-header-edd-cart{line-height:70px;}@media (max-width:921px){#masthead .ast-mobile-header-wrap .ast-primary-header-bar,#masthead .ast-mobile-header-wrap .ast-below-header-bar{padding-left:20px;padding-right:20px;}}.ast-header-break-point .ast-primary-header-bar{border-bottom-width:1px;border-bottom-style:solid;}@media (min-width:922px){.ast-primary-header-bar{border-bottom-width:1px;border-bottom-style:solid;}}.ast-primary-header-bar{background-color:#ffffff;;background-image:none;;}.ast-primary-header-bar{display:block;}@media (max-width:921px){.ast-header-break-point .ast-primary-header-bar{display:grid;}}@media (max-width:544px){.ast-header-break-point .ast-primary-header-bar{display:grid;}}[data-section="section-header-mobile-trigger"] .ast-button-wrap .ast-mobile-menu-trigger-minimal{color:#000000;border:none;background:transparent;}[data-section="section-header-mobile-trigger"] .ast-button-wrap .mobile-menu-toggle-icon .ast-mobile-svg{width:20px;height:20px;fill:#000000;}[data-section="section-header-mobile-trigger"] .ast-button-wrap .mobile-menu-wrap .mobile-menu{color:#000000;}
</style>
    <link id="astra-menu-animation-css" rel="stylesheet" href="https://askomdch.com/wp-content/themes/astra/assets/css/minified/menu-animation.min.css?ver=3.7.5" media="all"/>
    <link id="wp-block-library-css" rel="stylesheet" href="https://askomdch.com/wp-includes/css/dist/block-library/style.min.css?ver=5.8.1" media="all"/>
    <link id="wc-blocks-vendors-style-css" rel="stylesheet" href="https://askomdch.com/wp-content/plugins/woocommerce/packages/woocommerce-blocks/build/wc-blocks-vendors-style.css?ver=8.9.2" media="all"/>
    <link id="wc-blocks-style-css" rel="stylesheet" href="https://askomdch.com/wp-content/plugins/woocommerce/packages/woocommerce-blocks/build/wc-blocks-style.css?ver=8.9.2" media="all"/>
    <style id="global-styles-inline-css">
body{--wp--preset--color--black: #000000;--wp--preset--color--cyan-bluish-gray: #abb8c3;--wp--preset--color--white: #ffffff;--wp--preset--color--pale-pink: #f78da7;--wp--preset--color--vivid-red: #cf2e2e;--wp--preset--color--luminous-vivid-orange: #ff6900;--wp--preset--color--luminous-vivid-amber: #fcb900;--wp--preset--color--light-green-cyan: #7bdcb5;--wp--preset--color--vivid-green-cyan: #00d084;--wp--preset--color--pale-cyan-blue: #8ed1fc;--wp--preset--color--vivid-cyan-blue: #0693e3;--wp--preset--color--vivid-purple: #9b51e0;--wp--preset--color--ast-global-color-0: var(--ast-global-color-0);--wp--preset--color--ast-global-color-1: var(--ast-global-color-1);--wp--preset--color--ast-global-color-2: var(--ast-global-color-2);--wp--preset--color--ast-global-color-3: var(--ast-global-color-3);--wp--preset--color--ast-global-color-4: var(--ast-global-color-4);--wp--preset--color--ast-global-color-5: var(--ast-global-color-5);--wp--preset--color--ast-global-color-6: var(--ast-global-color-6);--wp--preset--color--ast-global-color-7: var(--ast-global-color-7);--wp--preset--color--ast-global-color-8: var(--ast-global-color-8);--wp--preset--gradient--vivid-cyan-blue-to-vivid-purple: linear-gradient(135deg,rgba(6,147,227,1) 0%,rgb(155,81,224) 100%);--wp--preset--gradient--light-green-cyan-to-vivid-green-cyan: linear-gradient(135deg,rgb(122,220,180) 0%,rgb(0,208,130) 100%);--wp--preset--gradient--luminous-vivid-amber-to-luminous-vivid-orange: linear-gradient(135deg,rgba(252,185,0,1) 0%,rgba(255,105,0,1) 100%);--wp--preset--gradient--luminous-vivid-orange-to-vivid-red: linear-gradient(135deg,rgba(255,105,0,1) 0%,rgb(207,46,46) 100%);--wp--preset--gradient--very-light-gray-to-cyan-bluish-gray: linear-gradient(135deg,rgb(238,238,238) 0%,rgb(169,184,195) 100%);--wp--preset--gradient--cool-to-warm-spectrum: linear-gradient(135deg,rgb(74,234,220) 0%,rgb(151,120,209) 20%,rgb(207,42,186) 40%,rgb(238,44,130) 60%,rgb(251,105,98) 80%,rgb(254,248,76) 100%);--wp--preset--gradient--blush-light-purple: linear-gradient(135deg,rgb(255,206,236) 0%,rgb(152,150,240) 100%);--wp--preset--gradient--blush-bordeaux: linear-gradient(135deg,rgb(254,205,165) 0%,rgb(254,45,45) 50%,rgb(107,0,62) 100%);--wp--preset--gradient--luminous-dusk: linear-gradient(135deg,rgb(255,203,112) 0%,rgb(199,81,192) 50%,rgb(65,88,208) 100%);--wp--preset--gradient--pale-ocean: linear-gradient(135deg,rgb(255,245,203) 0%,rgb(182,227,212) 50%,rgb(51,167,181) 100%);--wp--preset--gradient--electric-grass: linear-gradient(135deg,rgb(202,248,128) 0%,rgb(113,206,126) 100%);--wp--preset--gradient--midnight: linear-gradient(135deg,rgb(2,3,129) 0%,rgb(40,116,252) 100%);--wp--preset--font-size--small: 13px;--wp--preset--font-size--normal: 16px;--wp--preset--font-size--medium: 20px;--wp--preset--font-size--large: 36px;--wp--preset--font-size--huge: 42px;}.has-black-color{color: var(--wp--preset--color--black) !important;}.has-cyan-bluish-gray-color{color: var(--wp--preset--color--cyan-bluish-gray) !important;}.has-white-color{color: var(--wp--preset--color--white) !important;}.has-pale-pink-color{color: var(--wp--preset--color--pale-pink) !important;}.has-vivid-red-color{color: var(--wp--preset--color--vivid-red) !important;}.has-luminous-vivid-orange-color{color: var(--wp--preset--color--luminous-vivid-orange) !important;}.has-luminous-vivid-amber-color{color: var(--wp--preset--color--luminous-vivid-amber) !important;}.has-light-green-cyan-color{color: var(--wp--preset--color--light-green-cyan) !important;}.has-vivid-green-cyan-color{color: var(--wp--preset--color--vivid-green-cyan) !important;}.has-pale-cyan-blue-color{color: var(--wp--preset--color--pale-cyan-blue) !important;}.has-vivid-cyan-blue-color{color: var(--wp--preset--color--vivid-cyan-blue) !important;}.has-vivid-purple-color{color: var(--wp--preset--color--vivid-purple) !important;}.has-ast-global-color-0-color{color: var(--wp--preset--color--ast-global-color-0) !important;}.has-ast-global-color-1-color{color: var(--wp--preset--color--ast-global-color-1) !important;}.has-ast-global-color-2-color{color: var(--wp--preset--color--ast-global-color-2) !important;}.has-ast-global-color-3-color{color: var(--wp--preset--color--ast-global-color-3) !important;}.has-ast-global-color-4-color{color: var(--wp--preset--color--ast-global-color-4) !important;}.has-ast-global-color-5-color{color: var(--wp--preset--color--ast-global-color-5) !important;}.has-ast-global-color-6-color{color: var(--wp--preset--color--ast-global-color-6) !important;}.has-ast-global-color-7-color{color: var(--wp--preset--color--ast-global-color-7) !important;}.has-ast-global-color-8-color{color: var(--wp--preset--color--ast-global-color-8) !important;}.has-black-background-color{background-color: var(--wp--preset--color--black) !important;}.has-cyan-bluish-gray-background-color{background-color: var(--wp--preset--color--cyan-bluish-gray) !important;}.has-white-background-color{background-color: var(--wp--preset--color--white) !important;}.has-pale-pink-background-color{background-color: var(--wp--preset--color--pale-pink) !important;}.has-vivid-red-background-color{background-color: var(--wp--preset--color--vivid-red) !important;}.has-luminous-vivid-orange-background-color{background-color: var(--wp--preset--color--luminous-vivid-orange) !important;}.has-luminous-vivid-amber-background-color{background-color: var(--wp--preset--color--luminous-vivid-amber) !important;}.has-light-green-cyan-background-color{background-color: var(--wp--preset--color--light-green-cyan) !important;}.has-vivid-green-cyan-background-color{background-color: var(--wp--preset--color--vivid-green-cyan) !important;}.has-pale-cyan-blue-background-color{background-color: var(--wp--preset--color--pale-cyan-blue) !important;}.has-vivid-cyan-blue-background-color{background-color: var(--wp--preset--color--vivid-cyan-blue) !important;}.has-vivid-purple-background-color{background-color: var(--wp--preset--color--vivid-purple) !important;}.has-ast-global-color-0-background-color{background-color: var(--wp--preset--color--ast-global-color-0) !important;}.has-ast-global-color-1-background-color{background-color: var(--wp--preset--color--ast-global-color-1) !important;}.has-ast-global-color-2-background-color{background-color: var(--wp--preset--color--ast-global-color-2) !important;}.has-ast-global-color-3-background-color{background-color: var(--wp--preset--color--ast-global-color-3) !important;}.has-ast-global-color-4-background-color{background-color: var(--wp--preset--color--ast-global-color-4) !important;}.has-ast-global-color-5-background-color{background-color: var(--wp--preset--color--ast-global-color-5) !important;}.has-ast-global-color-6-background-color{background-color: var(--wp--preset--color--ast-global-color-6) !important;}.has-ast-global-color-7-background-color{background-color: var(--wp--preset--color--ast-global-color-7) !important;}.has-ast-global-color-8-background-color{background-color: var(--wp--preset--color--ast-global-color-8) !important;}.has-vivid-cyan-blue-to-vivid-purple-gradient-background{background: var(--wp--preset--gradient--vivid-cyan-blue-to-vivid-purple) !important;}.has-light-green-cyan-to-vivid-green-cyan-gradient-background{background: var(--wp--preset--gradient--light-green-cyan-to-vivid-green-cyan) !important;}.has-luminous-vivid-amber-to-luminous-vivid-orange-gradient-background{background: var(--wp--preset--gradient--luminous-vivid-amber-to-luminous-vivid-orange) !important;}.has-luminous-vivid-orange-to-vivid-red-gradient-background{background: var(--wp--preset--gradient--luminous-vivid-orange-to-vivid-red) !important;}.has-very-light-gray-to-cyan-bluish-gray-gradient-background{background: var(--wp--preset--gradient--very-light-gray-to-cyan-bluish-gray) !important;}.has-cool-to-warm-spectrum-gradient-background{background: var(--wp--preset--gradient--cool-to-warm-spectrum) !important;}.has-blush-light-purple-gradient-background{background: var(--wp--preset--gradient--blush-light-purple) !important;}.has-blush-bordeaux-gradient-background{background: var(--wp--preset--gradient--blush-bordeaux) !important;}.has-luminous-dusk-gradient-background{background: var(--wp--preset--gradient--luminous-dusk) !important;}.has-pale-ocean-gradient-background{background: var(--wp--preset--gradient--pale-ocean) !important;}.has-electric-grass-gradient-background{background: var(--wp--preset--gradient--electric-grass) !important;}.has-midnight-gradient-background{background: var(--wp--preset--gradient--midnight) !important;}.has-small-font-size{font-size: var(--wp--preset--font-size--small) !important;}.has-normal-font-size{font-size: var(--wp--preset--font-size--normal) !important;}.has-medium-font-size{font-size: var(--wp--preset--font-size--medium) !important;}.has-large-font-size{font-size: var(--wp--preset--font-size--large) !important;}.has-huge-font-size{font-size: var(--wp--preset--font-size--huge) !important;}
</style>
    <link id="woocommerce-layout-css" rel="stylesheet" href="https://askomdch.com/wp-content/themes/astra/assets/css/minified/compatibility/woocommerce/woocommerce-layout.min.css?ver=3.7.5" media="all"/>
    <link id="woocommerce-smallscreen-css" rel="stylesheet" href="https://askomdch.com/wp-content/themes/astra/assets/css/minified/compatibility/woocommerce/woocommerce-smallscreen.min.css?ver=3.7.5" media="only screen and (max-width: 921px)"/>
    <link id="woocommerce-general-css" rel="stylesheet" href="https://askomdch.com/wp-content/themes/astra/assets/css/minified/compatibility/woocommerce/woocommerce.min.css?ver=3.7.5" media="all"/>
    <style id="woocommerce-general-inline-css">
#customer_details h3:not(.elementor-widget-woocommerce-checkout-page h3){font-size:1.2rem;padding:20px 0 14px;margin:0 0 20px;border-bottom:1px solid #ebebeb;}form #order_review_heading:not(.elementor-widget-woocommerce-checkout-page #order_review_heading){border-width:2px 2px 0 2px;border-style:solid;font-size:1.2rem;margin:0;padding:1.5em 1.5em 1em;border-color:#ebebeb;}form #order_review:not(.elementor-widget-woocommerce-checkout-page #order_review){padding:0 2em;border-width:0 2px 2px;border-style:solid;border-color:#ebebeb;}ul#shipping_method li:not(.elementor-widget-woocommerce-cart #shipping_method li){margin:0;padding:0.25em 0 0.25em 22px;text-indent:-22px;list-style:none outside;}.woocommerce span.onsale, .wc-block-grid__product .wc-block-grid__product-onsale{background-color:#54595f;color:#ffffff;}.woocommerce a.button, .woocommerce button.button, .woocommerce .woocommerce-message a.button, .woocommerce #respond input#submit.alt, .woocommerce a.button.alt, .woocommerce button.button.alt, .woocommerce input.button.alt, .woocommerce input.button,.woocommerce input.button:disabled, .woocommerce input.button:disabled[disabled], .woocommerce input.button:disabled:hover, .woocommerce input.button:disabled[disabled]:hover, .woocommerce #respond input#submit, .woocommerce button.button.alt.disabled, .wc-block-grid__products .wc-block-grid__product .wp-block-button__link, .wc-block-grid__product-onsale{color:#ffffff;border-color:#3197d6;background-color:#3197d6;}.woocommerce a.button:hover, .woocommerce button.button:hover, .woocommerce .woocommerce-message a.button:hover,.woocommerce #respond input#submit:hover,.woocommerce #respond input#submit.alt:hover, .woocommerce a.button.alt:hover, .woocommerce button.button.alt:hover, .woocommerce input.button.alt:hover, .woocommerce input.button:hover, .woocommerce button.button.alt.disabled:hover, .wc-block-grid__products .wc-block-grid__product .wp-block-button__link:hover{color:#ffffff;border-color:#0084d6;background-color:#0084d6;}.woocommerce-message, .woocommerce-info{border-top-color:#4e4e4e;}.woocommerce-message::before,.woocommerce-info::before{color:#4e4e4e;}.woocommerce ul.products li.product .price, .woocommerce div.product p.price, .woocommerce div.product span.price, .widget_layered_nav_filters ul li.chosen a, .woocommerce-page ul.products li.product .ast-woo-product-category, .wc-layered-nav-rating a{color:#333333;}.woocommerce nav.woocommerce-pagination ul,.woocommerce nav.woocommerce-pagination ul li{border-color:#4e4e4e;}.woocommerce nav.woocommerce-pagination ul li a:focus, .woocommerce nav.woocommerce-pagination ul li a:hover, .woocommerce nav.woocommerce-pagination ul li span.current{background:#4e4e4e;color:#ffffff;}.woocommerce-MyAccount-navigation-link.is-active a{color:#0084d6;}.woocommerce .widget_price_filter .ui-slider .ui-slider-range, .woocommerce .widget_price_filter .ui-slider .ui-slider-handle{background-color:#4e4e4e;}.woocommerce a.button, .woocommerce button.button, .woocommerce .woocommerce-message a.button, .woocommerce #respond input#submit.alt, .woocommerce a.button.alt, .woocommerce button.button.alt, .woocommerce input.button.alt, .woocommerce input.button,.woocommerce-cart table.cart td.actions .button, .woocommerce form.checkout_coupon .button, .woocommerce #respond input#submit, .wc-block-grid__products .wc-block-grid__product .wp-block-button__link{border-radius:0;padding-top:17px;padding-right:30px;padding-bottom:17px;padding-left:30px;}.woocommerce .star-rating, .woocommerce .comment-form-rating .stars a, .woocommerce .star-rating::before{color:#4e4e4e;}.woocommerce div.product .woocommerce-tabs ul.tabs li.active:before{background:#4e4e4e;}.woocommerce a.remove:hover{color:#4e4e4e;border-color:#4e4e4e;background-color:#ffffff;}.woocommerce ul.product-categories &gt; li ul li:before{content:"\e900";padding:0 5px 0 5px;display:inline-block;font-family:Astra;transform:rotate(-90deg);font-size:0.7rem;}@media (min-width:545px) and (max-width:921px){.woocommerce.tablet-columns-6 ul.products li.product, .woocommerce-page.tablet-columns-6 ul.products li.product{width:calc(16.66% - 16.66px);}.woocommerce.tablet-columns-5 ul.products li.product, .woocommerce-page.tablet-columns-5 ul.products li.product{width:calc(20% - 16px);}.woocommerce.tablet-columns-4 ul.products li.product, .woocommerce-page.tablet-columns-4 ul.products li.product{width:calc(25% - 15px);}.woocommerce.tablet-columns-3 ul.products li.product, .woocommerce-page.tablet-columns-3 ul.products li.product{width:calc(33.33% - 14px);}.woocommerce.tablet-columns-2 ul.products li.product, .woocommerce-page.tablet-columns-2 ul.products li.product{width:calc(50% - 10px);}.woocommerce.tablet-columns-1 ul.products li.product, .woocommerce-page.tablet-columns-1 ul.products li.product{width:100%;}.woocommerce div.product .related.products ul.products li.product{width:calc(33.33% - 14px);}}@media (min-width:545px) and (max-width:921px){.woocommerce[class*="columns-"].columns-3 &gt; ul.products li.product, .woocommerce[class*="columns-"].columns-4 &gt; ul.products li.product, .woocommerce[class*="columns-"].columns-5 &gt; ul.products li.product, .woocommerce[class*="columns-"].columns-6 &gt; ul.products li.product{width:calc(33.33% - 14px);margin-right:20px;}.woocommerce[class*="columns-"].columns-3 &gt; ul.products li.product:nth-child(3n), .woocommerce[class*="columns-"].columns-4 &gt; ul.products li.product:nth-child(3n), .woocommerce[class*="columns-"].columns-5 &gt; ul.products li.product:nth-child(3n), .woocommerce[class*="columns-"].columns-6 &gt; ul.products li.product:nth-child(3n){margin-right:0;clear:right;}.woocommerce[class*="columns-"].columns-3 &gt; ul.products li.product:nth-child(3n+1), .woocommerce[class*="columns-"].columns-4 &gt; ul.products li.product:nth-child(3n+1), .woocommerce[class*="columns-"].columns-5 &gt; ul.products li.product:nth-child(3n+1), .woocommerce[class*="columns-"].columns-6 &gt; ul.products li.product:nth-child(3n+1){clear:left;}.woocommerce[class*="columns-"] ul.products li.product:nth-child(n), .woocommerce-page[class*="columns-"] ul.products li.product:nth-child(n){margin-right:20px;clear:none;}.woocommerce.tablet-columns-2 ul.products li.product:nth-child(2n), .woocommerce-page.tablet-columns-2 ul.products li.product:nth-child(2n), .woocommerce.tablet-columns-3 ul.products li.product:nth-child(3n), .woocommerce-page.tablet-columns-3 ul.products li.product:nth-child(3n), .woocommerce.tablet-columns-4 ul.products li.product:nth-child(4n), .woocommerce-page.tablet-columns-4 ul.products li.product:nth-child(4n), .woocommerce.tablet-columns-5 ul.products li.product:nth-child(5n), .woocommerce-page.tablet-columns-5 ul.products li.product:nth-child(5n), .woocommerce.tablet-columns-6 ul.products li.product:nth-child(6n), .woocommerce-page.tablet-columns-6 ul.products li.product:nth-child(6n){margin-right:0;clear:right;}.woocommerce.tablet-columns-2 ul.products li.product:nth-child(2n+1), .woocommerce-page.tablet-columns-2 ul.products li.product:nth-child(2n+1), .woocommerce.tablet-columns-3 ul.products li.product:nth-child(3n+1), .woocommerce-page.tablet-columns-3 ul.products li.product:nth-child(3n+1), .woocommerce.tablet-columns-4 ul.products li.product:nth-child(4n+1), .woocommerce-page.tablet-columns-4 ul.products li.product:nth-child(4n+1), .woocommerce.tablet-columns-5 ul.products li.product:nth-child(5n+1), .woocommerce-page.tablet-columns-5 ul.products li.product:nth-child(5n+1), .woocommerce.tablet-columns-6 ul.products li.product:nth-child(6n+1), .woocommerce-page.tablet-columns-6 ul.products li.product:nth-child(6n+1){clear:left;}.woocommerce div.product .related.products ul.products li.product:nth-child(3n), .woocommerce-page.tablet-columns-1 .site-main ul.products li.product{margin-right:0;clear:right;}.woocommerce div.product .related.products ul.products li.product:nth-child(3n+1){clear:left;}}@media (min-width:922px){.woocommerce #reviews #comments{width:55%;float:left;}.woocommerce #reviews #review_form_wrapper{width:45%;padding-left:2em;float:right;}.woocommerce form.checkout_coupon{width:50%;}}@media (max-width:921px){.ast-header-break-point.ast-woocommerce-cart-menu .header-main-layout-1.ast-mobile-header-stack.ast-no-menu-items .ast-site-header-cart, .ast-header-break-point.ast-woocommerce-cart-menu .header-main-layout-3.ast-mobile-header-stack.ast-no-menu-items .ast-site-header-cart{padding-right:0;padding-left:0;}.ast-header-break-point.ast-woocommerce-cart-menu .header-main-layout-1.ast-mobile-header-stack .main-header-bar{text-align:center;}.ast-header-break-point.ast-woocommerce-cart-menu .header-main-layout-1.ast-mobile-header-stack .ast-site-header-cart, .ast-header-break-point.ast-woocommerce-cart-menu .header-main-layout-1.ast-mobile-header-stack .ast-mobile-menu-buttons{display:inline-block;}.ast-header-break-point.ast-woocommerce-cart-menu .header-main-layout-2.ast-mobile-header-inline .site-branding{flex:auto;}.ast-header-break-point.ast-woocommerce-cart-menu .header-main-layout-3.ast-mobile-header-stack .site-branding{flex:0 0 100%;}.ast-header-break-point.ast-woocommerce-cart-menu .header-main-layout-3.ast-mobile-header-stack .main-header-container{display:flex;justify-content:center;}.woocommerce-cart .woocommerce-shipping-calculator .button{width:100%;}.woocommerce div.product div.images, .woocommerce div.product div.summary, .woocommerce #content div.product div.images, .woocommerce #content div.product div.summary, .woocommerce-page div.product div.images, .woocommerce-page div.product div.summary, .woocommerce-page #content div.product div.images, .woocommerce-page #content div.product div.summary{float:none;width:100%;}.woocommerce-cart table.cart td.actions .ast-return-to-shop{display:block;text-align:center;margin-top:1em;}}@media (max-width:544px){.ast-separate-container .ast-woocommerce-container{padding:.54em 1em 1.33333em;}.woocommerce-message, .woocommerce-error, .woocommerce-info{display:flex;flex-wrap:wrap;}.woocommerce-message a.button, .woocommerce-error a.button, .woocommerce-info a.button{order:1;margin-top:.5em;}.woocommerce .woocommerce-ordering, .woocommerce-page .woocommerce-ordering{float:none;margin-bottom:2em;width:100%;}.woocommerce ul.products a.button, .woocommerce-page ul.products a.button{padding:0.5em 0.75em;}.woocommerce table.cart td.actions .button, .woocommerce #content table.cart td.actions .button, .woocommerce-page table.cart td.actions .button, .woocommerce-page #content table.cart td.actions .button{padding-left:1em;padding-right:1em;}.woocommerce #content table.cart .button, .woocommerce-page #content table.cart .button{width:100%;}.woocommerce #content table.cart .product-thumbnail, .woocommerce-page #content table.cart .product-thumbnail{display:block;text-align:center !important;}.woocommerce #content table.cart .product-thumbnail::before, .woocommerce-page #content table.cart .product-thumbnail::before{display:none;}.woocommerce #content table.cart td.actions .coupon, .woocommerce-page #content table.cart td.actions .coupon{float:none;}.woocommerce #content table.cart td.actions .coupon .button, .woocommerce-page #content table.cart td.actions .coupon .button{flex:1;}.woocommerce #content div.product .woocommerce-tabs ul.tabs li a, .woocommerce-page #content div.product .woocommerce-tabs ul.tabs li a{display:block;}.woocommerce div.product .related.products ul.products li.product, .woocommerce.mobile-columns-2 ul.products li.product, .woocommerce-page.mobile-columns-2 ul.products li.product{width:calc(50% - 10px);}.woocommerce.mobile-columns-6 ul.products li.product, .woocommerce-page.mobile-columns-6 ul.products li.product{width:calc(16.66% - 16.66px);}.woocommerce.mobile-columns-5 ul.products li.product, .woocommerce-page.mobile-columns-5 ul.products li.product{width:calc(20% - 16px);}.woocommerce.mobile-columns-4 ul.products li.product, .woocommerce-page.mobile-columns-4 ul.products li.product{width:calc(25% - 15px);}.woocommerce.mobile-columns-3 ul.products li.product, .woocommerce-page.mobile-columns-3 ul.products li.product{width:calc(33.33% - 14px);}.woocommerce.mobile-columns-1 ul.products li.product, .woocommerce-page.mobile-columns-1 ul.products li.product{width:100%;}}@media (max-width:544px){.woocommerce ul.products a.button.loading::after, .woocommerce-page ul.products a.button.loading::after{display:inline-block;margin-left:5px;position:initial;}.woocommerce.mobile-columns-1 .site-main ul.products li.product:nth-child(n), .woocommerce-page.mobile-columns-1 .site-main ul.products li.product:nth-child(n){margin-right:0;}.woocommerce #content div.product .woocommerce-tabs ul.tabs li, .woocommerce-page #content div.product .woocommerce-tabs ul.tabs li{display:block;margin-right:0;}.woocommerce[class*="columns-"].columns-3 &gt; ul.products li.product, .woocommerce[class*="columns-"].columns-4 &gt; ul.products li.product, .woocommerce[class*="columns-"].columns-5 &gt; ul.products li.product, .woocommerce[class*="columns-"].columns-6 &gt; ul.products li.product{width:calc(50% - 10px);margin-right:20px;}.woocommerce[class*="columns-"] ul.products li.product:nth-child(n), .woocommerce-page[class*="columns-"] ul.products li.product:nth-child(n){margin-right:20px;clear:none;}.woocommerce-page[class*=columns-].columns-3&gt;ul.products li.product:nth-child(2n), .woocommerce-page[class*=columns-].columns-4&gt;ul.products li.product:nth-child(2n), .woocommerce-page[class*=columns-].columns-5&gt;ul.products li.product:nth-child(2n), .woocommerce-page[class*=columns-].columns-6&gt;ul.products li.product:nth-child(2n), .woocommerce[class*=columns-].columns-3&gt;ul.products li.product:nth-child(2n), .woocommerce[class*=columns-].columns-4&gt;ul.products li.product:nth-child(2n), .woocommerce[class*=columns-].columns-5&gt;ul.products li.product:nth-child(2n), .woocommerce[class*=columns-].columns-6&gt;ul.products li.product:nth-child(2n){margin-right:0;clear:right;}.woocommerce[class*="columns-"].columns-3 &gt; ul.products li.product:nth-child(2n+1), .woocommerce[class*="columns-"].columns-4 &gt; ul.products li.product:nth-child(2n+1), .woocommerce[class*="columns-"].columns-5 &gt; ul.products li.product:nth-child(2n+1), .woocommerce[class*="columns-"].columns-6 &gt; ul.products li.product:nth-child(2n+1){clear:left;}.woocommerce-page[class*=columns-] ul.products li.product:nth-child(n), .woocommerce[class*=columns-] ul.products li.product:nth-child(n){margin-right:20px;clear:none;}.woocommerce.mobile-columns-6 ul.products li.product:nth-child(6n), .woocommerce-page.mobile-columns-6 ul.products li.product:nth-child(6n), .woocommerce.mobile-columns-5 ul.products li.product:nth-child(5n), .woocommerce-page.mobile-columns-5 ul.products li.product:nth-child(5n), .woocommerce.mobile-columns-4 ul.products li.product:nth-child(4n), .woocommerce-page.mobile-columns-4 ul.products li.product:nth-child(4n), .woocommerce.mobile-columns-3 ul.products li.product:nth-child(3n), .woocommerce-page.mobile-columns-3 ul.products li.product:nth-child(3n), .woocommerce.mobile-columns-2 ul.products li.product:nth-child(2n), .woocommerce-page.mobile-columns-2 ul.products li.product:nth-child(2n), .woocommerce div.product .related.products ul.products li.product:nth-child(2n){margin-right:0;clear:right;}.woocommerce.mobile-columns-6 ul.products li.product:nth-child(6n+1), .woocommerce-page.mobile-columns-6 ul.products li.product:nth-child(6n+1), .woocommerce.mobile-columns-5 ul.products li.product:nth-child(5n+1), .woocommerce-page.mobile-columns-5 ul.products li.product:nth-child(5n+1), .woocommerce.mobile-columns-4 ul.products li.product:nth-child(4n+1), .woocommerce-page.mobile-columns-4 ul.products li.product:nth-child(4n+1), .woocommerce.mobile-columns-3 ul.products li.product:nth-child(3n+1), .woocommerce-page.mobile-columns-3 ul.products li.product:nth-child(3n+1), .woocommerce.mobile-columns-2 ul.products li.product:nth-child(2n+1), .woocommerce-page.mobile-columns-2 ul.products li.product:nth-child(2n+1), .woocommerce div.product .related.products ul.products li.product:nth-child(2n+1){clear:left;}}@media (min-width:922px){.ast-woo-shop-archive .site-content &gt; .ast-container{max-width:1240px;}}@media (min-width:922px){.woocommerce #content .ast-woocommerce-container div.product div.images, .woocommerce .ast-woocommerce-container div.product div.images, .woocommerce-page #content .ast-woocommerce-container div.product div.images, .woocommerce-page .ast-woocommerce-container div.product div.images{width:50%;}.woocommerce #content .ast-woocommerce-container div.product div.summary, .woocommerce .ast-woocommerce-container div.product div.summary, .woocommerce-page #content .ast-woocommerce-container div.product div.summary, .woocommerce-page .ast-woocommerce-container div.product div.summary{width:46%;}.woocommerce.woocommerce-checkout form #customer_details.col2-set .col-1, .woocommerce.woocommerce-checkout form #customer_details.col2-set .col-2, .woocommerce-page.woocommerce-checkout form #customer_details.col2-set .col-1, .woocommerce-page.woocommerce-checkout form #customer_details.col2-set .col-2{float:none;width:auto;}}.woocommerce a.button , .woocommerce button.button.alt ,.woocommerce-page table.cart td.actions .button, .woocommerce-page #content table.cart td.actions .button , .woocommerce a.button.alt ,.woocommerce .woocommerce-message a.button , .ast-site-header-cart .widget_shopping_cart .buttons .button.checkout, .woocommerce button.button.alt.disabled , .wc-block-grid__products .wc-block-grid__product .wp-block-button__link {border:solid;border-top-width:0;border-right-width:0;border-left-width:0;border-bottom-width:0;border-color:#3197d6;}.woocommerce a.button:hover , .woocommerce button.button.alt:hover , .woocommerce-page table.cart td.actions .button:hover, .woocommerce-page #content table.cart td.actions .button:hover, .woocommerce a.button.alt:hover ,.woocommerce .woocommerce-message a.button:hover , .ast-site-header-cart .widget_shopping_cart .buttons .button.checkout:hover , .woocommerce button.button.alt.disabled:hover , .wc-block-grid__products .wc-block-grid__product .wp-block-button__link:hover{border-color:#0084d6;}.widget_product_search button{flex:0 0 auto;padding:10px 20px;;}@media (min-width:922px){.woocommerce.woocommerce-checkout form #customer_details.col2-set, .woocommerce-page.woocommerce-checkout form #customer_details.col2-set{width:55%;float:left;margin-right:4.347826087%;}.woocommerce.woocommerce-checkout form #order_review, .woocommerce.woocommerce-checkout form #order_review_heading, .woocommerce-page.woocommerce-checkout form #order_review, .woocommerce-page.woocommerce-checkout form #order_review_heading{width:40%;float:right;margin-right:0;clear:right;}}
</style>
    <style id="woocommerce-inline-inline-css">
.woocommerce form .form-row .required { visibility: visible; }
</style>
    <script id="jquery-core-js" src="https://askomdch.com/wp-includes/js/jquery/jquery.min.js?ver=3.6.0"/>
    <script id="jquery-migrate-js" src="https://askomdch.com/wp-includes/js/jquery/jquery-migrate.min.js?ver=3.3.2"/>
    <link rel="canonical" href="https://askomdch.com/account/"/>
    <noscript>
      <style>.woocommerce-product-gallery{ opacity: 1 !important; }</style>
    </noscript>
    <style>.recentcomments a{display:inline !important;padding:0 !important;margin:0 !important;}</style>
  </head>
  <body class="page-template-default page page-id-1235 logged-in theme-astra woocommerce-account woocommerce-page woocommerce-edit-address woocommerce-no-js ast-single-post ast-mobile-inherit-site-logo ast-woocommerce-cart-menu ast-inherit-site-logo-transparent ast-theme-transparent-header ast-hfb-header ast-desktop ast-plain-container ast-no-sidebar astra-3.7.5" itemtype="https://schema.org/WebPage" itemscope="itemscope">
    <a shape="rect" class="skip-link screen-reader-text" href="#content" role="link" title="Skip to content">
Skip to content</a>
    <div class="hfeed site" id="page">
      <header class="site-header ast-primary-submenu-animation-slide-up header-main-layout-1 ast-primary-menu-enabled ast-builder-menu-toggle-icon ast-mobile-header-inline" id="masthead" itemtype="https://schema.org/WPHeader" itemscope="itemscope" itemid="#masthead">
        <div id="ast-desktop-header" data-toggle-type="dropdown">
          <div class="ast-main-header-wrap main-header-bar-wrap">
            <div class="ast-primary-header-bar ast-primary-header main-header-bar site-header-focus-item" data-section="section-primary-header-builder">
              <div class="site-primary-header-wrap ast-builder-grid-row-container site-header-focus-item ast-container" data-section="section-primary-header-builder">
                <div class="ast-builder-grid-row ast-builder-grid-row-has-sides ast-builder-grid-row-no-center">
                  <div class="site-header-primary-section-left site-header-section ast-flex site-header-section-left">
                    <div class="ast-builder-layout-element ast-flex site-header-focus-item" data-section="title_tagline">
                      <div class="site-branding ast-site-identity" itemtype="https://schema.org/Organization" itemscope="itemscope">
                        <div class="ast-site-title-wrap">
                          <span class="site-title" itemprop="name">
                            <a shape="rect" href="https://askomdch.com/" rel="home" itemprop="url">
AskOmDch
</a>
                          </span>
                        </div>
                      </div>
                    </div>
                  </div>
                  <div class="site-header-primary-section-right site-header-section ast-flex ast-grid-right-section">
                    <div class="ast-builder-menu-1 ast-builder-menu ast-flex ast-builder-menu-1-focus-item ast-builder-layout-element site-header-focus-item" data-section="section-hb-menu-1">
                      <div class="ast-main-header-bar-alignment">
                        <div class="main-header-bar-navigation">
                          <nav class="site-navigation ast-flex-grow-1 navigation-accessibility site-header-focus-item" id="primary-site-navigation" aria-label="Site Navigation" itemtype="https://schema.org/SiteNavigationElement" itemscope="itemscope">
                            <div class="main-navigation ast-inline-flex">
                              <ul class="main-header-menu ast-menu-shadow ast-nav-menu ast-flex submenu-with-border astra-menu-animation-slide-up stack-on-mobile" id="ast-hf-menu-1">
                                <li class="menu-item menu-item-type-post_type menu-item-object-page menu-item-home menu-item-1226" id="menu-item-1226">
                                  <a shape="rect" class="menu-link" href="https://askomdch.com/">Home</a>
                                </li>
                                <li class="menu-item menu-item-type-post_type menu-item-object-page menu-item-1227" id="menu-item-1227">
                                  <a shape="rect" class="menu-link" href="https://askomdch.com/store/">Store</a>
                                </li>
                                <li class="menu-item menu-item-type-taxonomy menu-item-object-product_cat menu-item-1228" id="menu-item-1228">
                                  <a shape="rect" class="menu-link" href="https://askomdch.com/product-category/men/">Men</a>
                                </li>
                                <li class="menu-item menu-item-type-taxonomy menu-item-object-product_cat menu-item-1229" id="menu-item-1229">
                                  <a shape="rect" class="menu-link" href="https://askomdch.com/product-category/women/">Women</a>
                                </li>
                                <li class="menu-item menu-item-type-taxonomy menu-item-object-product_cat menu-item-1230" id="menu-item-1230">
                                  <a shape="rect" class="menu-link" href="https://askomdch.com/product-category/accessories/">Accessories</a>
                                </li>
                                <li class="menu-item menu-item-type-post_type menu-item-object-page current-menu-item page_item page-item-1235 current_page_item menu-item-1237" id="menu-item-1237">
                                  <a shape="rect" class="menu-link" href="https://askomdch.com/account/" aria-current="page">Account</a>
                                </li>
                                <li class="menu-item menu-item-type-post_type menu-item-object-page menu-item-1232" id="menu-item-1232">
                                  <a shape="rect" class="menu-link" href="https://askomdch.com/about/">About</a>
                                </li>
                                <li class="menu-item menu-item-type-post_type menu-item-object-page menu-item-1233" id="menu-item-1233">
                                  <a shape="rect" class="menu-link" href="https://askomdch.com/contact-us/">Contact Us</a>
                                </li>
                              </ul>
                            </div>
                          </nav>
                        </div>
                      </div>
                    </div>
                    <div class="ast-builder-layout-element site-header-focus-item ast-header-woo-cart" data-section="section-header-woo-cart">
                      <div class="ast-site-header-cart ast-menu-cart-with-border ast-menu-cart-fill" id="ast-site-header-cart">
                        <div class="ast-site-header-cart-li">
                          <a shape="rect" class="cart-container" href="https://askomdch.com/cart/" title="View your shopping cart"/>
                          <div class="ast-cart-menu-wrap">
                            <span class="count">
0 </span>
                          </div>
                        </div>
                        <div class="ast-site-header-cart-data">
                          <div class="widget woocommerce widget_shopping_cart">
                            <div class="widget_shopping_cart_content"/>
                          </div>
                        </div>
                      </div>
                    </div>
                  </div>
                </div>
              </div>
            </div>
          </div>
          <div class="ast-desktop-header-content content-align-flex-start"/>
        </div>
        <div class="ast-mobile-header-wrap" id="ast-mobile-header" data-type="dropdown">
          <div class="ast-main-header-wrap main-header-bar-wrap">
            <div class="ast-primary-header-bar ast-primary-header main-header-bar site-primary-header-wrap site-header-focus-item ast-builder-grid-row-layout-default ast-builder-grid-row-tablet-layout-default ast-builder-grid-row-mobile-layout-default" data-section="section-primary-header-builder">
              <div class="ast-builder-grid-row ast-builder-grid-row-has-sides ast-builder-grid-row-no-center">
                <div class="site-header-primary-section-left site-header-section ast-flex site-header-section-left">
                  <div class="ast-builder-layout-element ast-flex site-header-focus-item" data-section="title_tagline">
                    <div class="site-branding ast-site-identity" itemtype="https://schema.org/Organization" itemscope="itemscope">
                      <div class="ast-site-title-wrap">
                        <span class="site-title" itemprop="name">
                          <a shape="rect" href="https://askomdch.com/" rel="home" itemprop="url">
AskOmDch
</a>
                        </span>
                      </div>
                    </div>
                  </div>
                </div>
                <div class="site-header-primary-section-right site-header-section ast-flex ast-grid-right-section">
                  <div class="ast-builder-layout-element site-header-focus-item ast-header-woo-cart" data-section="section-header-woo-cart">
                    <div class="ast-site-header-cart ast-menu-cart-with-border ast-menu-cart-fill" id="ast-site-header-cart">
                      <div class="ast-site-header-cart-li">
                        <a shape="rect" class="cart-container" href="https://askomdch.com/cart/" title="View your shopping cart"/>
                        <div class="ast-cart-menu-wrap">
                          <span class="count">
0 </span>
                        </div>
                      </div>
                      <div class="ast-site-header-cart-data">
                        <div class="widget woocommerce widget_shopping_cart">
                          <div class="widget_shopping_cart_content"/>
                        </div>
                      </div>
                    </div>
                  </div>
                  <div class="ast-builder-layout-element ast-flex site-header-focus-item" data-section="section-header-mobile-trigger">
                    <div class="ast-button-wrap">
                      <button type="button" class="menu-toggle main-header-menu-toggle ast-mobile-menu-trigger-minimal" aria-expanded="false">
                        <span class="screen-reader-text">Main Menu</span>
                        <span class="mobile-menu-toggle-icon">
                          <span class="ahfb-svg-iconset ast-inline-flex svg-baseline">
                            <svg class="ast-mobile-svg ast-menu2-svg" fill="currentColor" version="1.1" width="24" height="28" viewbox="0 0 24 28">
                              <path d="M24 21v2c0 0.547-0.453 1-1 1h-22c-0.547 0-1-0.453-1-1v-2c0-0.547 0.453-1 1-1h22c0.547 0 1 0.453 1 1zM24 13v2c0 0.547-0.453 1-1 1h-22c-0.547 0-1-0.453-1-1v-2c0-0.547 0.453-1 1-1h22c0.547 0 1 0.453 1 1zM24 5v2c0 0.547-0.453 1-1 1h-22c-0.547 0-1-0.453-1-1v-2c0-0.547 0.453-1 1-1h22c0.547 0 1 0.453 1 1z"/>
                            </svg>
                          </span>
                          <span class="ahfb-svg-iconset ast-inline-flex svg-baseline">
                            <svg class="ast-mobile-svg ast-close-svg" fill="currentColor" version="1.1" width="24" height="24" viewbox="0 0 24 24">
                              <path d="M5.293 6.707l5.293 5.293-5.293 5.293c-0.391 0.391-0.391 1.024 0 1.414s1.024 0.391 1.414 0l5.293-5.293 5.293 5.293c0.391 0.391 1.024 0.391 1.414 0s0.391-1.024 0-1.414l-5.293-5.293 5.293-5.293c0.391-0.391 0.391-1.024 0-1.414s-1.024-0.391-1.414 0l-5.293 5.293-5.293-5.293c-0.391-0.391-1.024-0.391-1.414 0s-0.391 1.024 0 1.414z"/>
                            </svg>
                          </span>
                        </span>
                      </button>
                    </div>
                  </div>
                </div>
              </div>
            </div>
          </div>
          <div class="ast-mobile-header-content content-align-flex-start">
            <div class="ast-builder-menu-1 ast-builder-menu ast-flex ast-builder-menu-1-focus-item ast-builder-layout-element site-header-focus-item" data-section="section-hb-menu-1">
              <div class="ast-main-header-bar-alignment">
                <div class="main-header-bar-navigation">
                  <nav class="site-navigation ast-flex-grow-1 navigation-accessibility site-header-focus-item" id="primary-site-navigation" aria-label="Site Navigation" itemtype="https://schema.org/SiteNavigationElement" itemscope="itemscope">
                    <div class="main-navigation ast-inline-flex">
                      <ul class="main-header-menu ast-menu-shadow ast-nav-menu ast-flex submenu-with-border astra-menu-animation-slide-up stack-on-mobile" id="ast-hf-menu-1">
                        <li class="menu-item menu-item-type-post_type menu-item-object-page menu-item-home menu-item-1226">
                          <a shape="rect" class="menu-link" href="https://askomdch.com/">Home</a>
                        </li>
                        <li class="menu-item menu-item-type-post_type menu-item-object-page menu-item-1227">
                          <a shape="rect" class="menu-link" href="https://askomdch.com/store/">Store</a>
                        </li>
                        <li class="menu-item menu-item-type-taxonomy menu-item-object-product_cat menu-item-1228">
                          <a shape="rect" class="menu-link" href="https://askomdch.com/product-category/men/">Men</a>
                        </li>
                        <li class="menu-item menu-item-type-taxonomy menu-item-object-product_cat menu-item-1229">
                          <a shape="rect" class="menu-link" href="https://askomdch.com/product-category/women/">Women</a>
                        </li>
                        <li class="menu-item menu-item-type-taxonomy menu-item-object-product_cat menu-item-1230">
                          <a shape="rect" class="menu-link" href="https://askomdch.com/product-category/accessories/">Accessories</a>
                        </li>
                        <li class="menu-item menu-item-type-post_type menu-item-object-page current-menu-item page_item page-item-1235 current_page_item menu-item-1237">
                          <a shape="rect" class="menu-link" href="https://askomdch.com/account/" aria-current="page">Account</a>
                        </li>
                        <li class="menu-item menu-item-type-post_type menu-item-object-page menu-item-1232">
                          <a shape="rect" class="menu-link" href="https://askomdch.com/about/">About</a>
                        </li>
                        <li class="menu-item menu-item-type-post_type menu-item-object-page menu-item-1233">
                          <a shape="rect" class="menu-link" href="https://askomdch.com/contact-us/">Contact Us</a>
                        </li>
                      </ul>
                    </div>
                  </nav>
                </div>
              </div>
            </div>
          </div>
        </div>
      </header>
      <div class="site-content" id="content">
        <div class="ast-container">
          <div class="content-area primary" id="primary">
            <main id="main" class="site-main">
              <article class="post-1235 page type-page status-publish ast-article-single" id="post-1235" itemtype="https://schema.org/CreativeWork" itemscope="itemscope">
                <header class="entry-header ast-header-without-markup"/>
                <div class="entry-content clear" itemprop="text">
                  <div class="wp-block-cover alignfull has-background-dim" style="background-color:#001d35;min-height:400px">
                    <div class="wp-block-cover__inner-container">
                      <h1 class="has-text-align-center">Account</h1>
                    </div>
                  </div>
                  <div class="wp-block-group alignfull">
                    <div class="wp-block-group__inner-container">
                      <div class="wp-block-columns">
                        <div class="wp-block-column" style="flex-basis:100%"/>
                      </div>
                      <div class="woocommerce">
                        <nav class="woocommerce-MyAccount-navigation">
                          <ul>
                            <li class="woocommerce-MyAccount-navigation-link woocommerce-MyAccount-navigation-link--dashboard">
                              <a shape="rect" href="https://askomdch.com/account/">Dashboard</a>
                            </li>
                            <li class="woocommerce-MyAccount-navigation-link woocommerce-MyAccount-navigation-link--orders">
                              <a shape="rect" href="https://askomdch.com/account/orders/">Orders</a>
                            </li>
                            <li class="woocommerce-MyAccount-navigation-link woocommerce-MyAccount-navigation-link--downloads">
                              <a shape="rect" href="https://askomdch.com/account/downloads/">Downloads</a>
                            </li>
                            <li class="woocommerce-MyAccount-navigation-link woocommerce-MyAccount-navigation-link--edit-address is-active">
                              <a shape="rect" href="https://askomdch.com/account/edit-address/">Addresses</a>
                            </li>
                            <li class="woocommerce-MyAccount-navigation-link woocommerce-MyAccount-navigation-link--edit-account">
                              <a shape="rect" href="https://askomdch.com/account/edit-account/">Account details</a>
                            </li>
                            <li class="woocommerce-MyAccount-navigation-link woocommerce-MyAccount-navigation-link--customer-logout">
                              <a shape="rect" href="https://askomdch.com/account/customer-logout/?_wpnonce=681b5201fd">Logout</a>
                            </li>
                          </ul>
                        </nav>
                        <div class="woocommerce-MyAccount-content">
                          <div class="woocommerce-notices-wrapper"/>
                          <form enctype="application/x-www-form-urlencoded" method="post">
                            <h3>Billing address</h3>
                            <div class="woocommerce-address-fields">
                              <div class="woocommerce-address-fields__field-wrapper">
                                <p class="form-row form-row-first validate-required" id="billing_first_name_field" data-priority="10">
                                  <label for="billing_first_name" class="class">
First name                                     <abbr class="required" title="required">*</abbr>
                                  </label>
                                  <span class="woocommerce-input-wrapper">
                                    <input type="text" class="input-text" id="billing_first_name" name="billing_first_name" placeholder="placeholder" value="value" autocomplete="given-name"/>
                                  </span>
                                </p>
                                <p class="form-row form-row-last validate-required" id="billing_last_name_field" data-priority="20">
                                  <label for="billing_last_name" class="class">
Last name                                     <abbr class="required" title="required">*</abbr>
                                  </label>
                                  <span class="woocommerce-input-wrapper">
                                    <input type="text" class="input-text" id="billing_last_name" name="billing_last_name" placeholder="placeholder" value="value" autocomplete="family-name"/>
                                  </span>
                                </p>
                                <p class="form-row form-row-wide" id="billing_company_field" data-priority="30">
                                  <label for="billing_company" class="class">
Company name                                     <span class="optional">(optional)</span>
                                  </label>
                                  <span class="woocommerce-input-wrapper">
                                    <input type="text" class="input-text" id="billing_company" name="billing_company" placeholder="placeholder" value="value" autocomplete="organization"/>
                                  </span>
                                </p>
                                <p class="form-row form-row-wide address-field update_totals_on_change validate-required" id="billing_country_field" data-priority="40">
                                  <label for="billing_country" class="class">
Country / Region                                     <abbr class="required" title="required">*</abbr>
                                  </label>
                                  <span class="woocommerce-input-wrapper">
                                    <select class="country_to_state country_select" id="billing_country" name="billing_country" autocomplete="country" data-placeholder="Select a country / region…" data-label="Country / Region">
                                      <option value="value">Select a country / region…</option>
                                      <option value="AF">Afghanistan</option>
                                      <option value="AX">Åland Islands</option>
                                      <option value="AL">Albania</option>
                                      <option value="DZ">Algeria</option>
                                      <option value="AS">American Samoa</option>
                                      <option value="AD">Andorra</option>
                                      <option value="AO">Angola</option>
                                      <option value="AI">Anguilla</option>
                                      <option value="AQ">Antarctica</option>
                                      <option value="AG">Antigua and Barbuda</option>
                                      <option value="AR">Argentina</option>
                                      <option value="AM">Armenia</option>
                                      <option value="AW">Aruba</option>
                                      <option value="AU">Australia</option>
                                      <option value="AT">Austria</option>
                                      <option value="AZ">Azerbaijan</option>
                                      <option value="BS">Bahamas</option>
                                      <option value="BH">Bahrain</option>
                                      <option value="BD">Bangladesh</option>
                                      <option value="BB">Barbados</option>
                                      <option value="BY">Belarus</option>
                                      <option value="PW">Belau</option>
                                      <option value="BE">Belgium</option>
                                      <option value="BZ">Belize</option>
                                      <option value="BJ">Benin</option>
                                      <option value="BM">Bermuda</option>
                                      <option value="BT">Bhutan</option>
                                      <option value="BO">Bolivia</option>
                                      <option value="BQ">Bonaire, Saint Eustatius and Saba</option>
                                      <option value="BA">Bosnia and Herzegovina</option>
                                      <option value="BW">Botswana</option>
                                      <option value="BV">Bouvet Island</option>
                                      <option value="BR">Brazil</option>
                                      <option value="IO">British Indian Ocean Territory</option>
                                      <option value="BN">Brunei</option>
                                      <option value="BG">Bulgaria</option>
                                      <option value="BF">Burkina Faso</option>
                                      <option value="BI">Burundi</option>
                                      <option value="KH">Cambodia</option>
                                      <option value="CM">Cameroon</option>
                                      <option value="CA">Canada</option>
                                      <option value="CV">Cape Verde</option>
                                      <option value="KY">Cayman Islands</option>
                                      <option value="CF">Central African Republic</option>
                                      <option value="TD">Chad</option>
                                      <option value="CL">Chile</option>
                                      <option value="CN">China</option>
                                      <option value="CX">Christmas Island</option>
                                      <option value="CC">Cocos (Keeling) Islands</option>
                                      <option value="CO">Colombia</option>
                                      <option value="KM">Comoros</option>
                                      <option value="CG">Congo (Brazzaville)</option>
                                      <option value="CD">Congo (Kinshasa)</option>
                                      <option value="CK">Cook Islands</option>
                                      <option value="CR">Costa Rica</option>
                                      <option value="HR">Croatia</option>
                                      <option value="CU">Cuba</option>
                                      <option value="CW">Curaçao</option>
                                      <option value="CY">Cyprus</option>
                                      <option value="CZ">Czech Republic</option>
                                      <option value="DK">Denmark</option>
                                      <option value="DJ">Djibouti</option>
                                      <option value="DM">Dominica</option>
                                      <option value="DO">Dominican Republic</option>
                                      <option value="EC">Ecuador</option>
                                      <option value="EG">Egypt</option>
                                      <option value="SV">El Salvador</option>
                                      <option value="GQ">Equatorial Guinea</option>
                                      <option value="ER">Eritrea</option>
                                      <option value="EE">Estonia</option>
                                      <option value="SZ">Eswatini</option>
                                      <option value="ET">Ethiopia</option>
                                      <option value="FK">Falkland Islands</option>
                                      <option value="FO">Faroe Islands</option>
                                      <option value="FJ">Fiji</option>
                                      <option value="FI">Finland</option>
                                      <option value="FR">France</option>
                                      <option value="GF">French Guiana</option>
                                      <option value="PF">French Polynesia</option>
                                      <option value="TF">French Southern Territories</option>
                                      <option value="GA">Gabon</option>
                                      <option value="GM">Gambia</option>
                                      <option value="GE">Georgia</option>
                                      <option value="DE">Germany</option>
                                      <option value="GH">Ghana</option>
                                      <option value="GI">Gibraltar</option>
                                      <option value="GR">Greece</option>
                                      <option value="GL">Greenland</option>
                                      <option value="GD">Grenada</option>
                                      <option value="GP">Guadeloupe</option>
                                      <option value="GU">Guam</option>
                                      <option value="GT">Guatemala</option>
                                      <option value="GG">Guernsey</option>
                                      <option value="GN">Guinea</option>
                                      <option value="GW">Guinea-Bissau</option>
                                      <option value="GY">Guyana</option>
                                      <option value="HT">Haiti</option>
                                      <option value="HM">Heard Island and McDonald Islands</option>
                                      <option value="HN">Honduras</option>
                                      <option value="HK">Hong Kong</option>
                                      <option value="HU">Hungary</option>
                                      <option value="IS">Iceland</option>
                                      <option value="IN">India</option>
                                      <option value="ID">Indonesia</option>
                                      <option value="IR">Iran</option>
                                      <option value="IQ">Iraq</option>
                                      <option value="IE">Ireland</option>
                                      <option value="IM">Isle of Man</option>
                                      <option value="IL">Israel</option>
                                      <option value="IT">Italy</option>
                                      <option value="CI">Ivory Coast</option>
                                      <option value="JM">Jamaica</option>
                                      <option value="JP">Japan</option>
                                      <option value="JE">Jersey</option>
                                      <option value="JO">Jordan</option>
                                      <option value="KZ">Kazakhstan</option>
                                      <option value="KE">Kenya</option>
                                      <option value="KI">Kiribati</option>
                                      <option value="KW">Kuwait</option>
                                      <option value="KG">Kyrgyzstan</option>
                                      <option value="LA">Laos</option>
                                      <option value="LV">Latvia</option>
                                      <option value="LB">Lebanon</option>
                                      <option value="LS">Lesotho</option>
                                      <option value="LR">Liberia</option>
                                      <option value="LY">Libya</option>
                                      <option value="LI">Liechtenstein</option>
                                      <option value="LT">Lithuania</option>
                                      <option value="LU">Luxembourg</option>
                                      <option value="MO">Macao</option>
                                      <option value="MG">Madagascar</option>
                                      <option value="MW">Malawi</option>
                                      <option value="MY">Malaysia</option>
                                      <option value="MV">Maldives</option>
                                      <option value="ML">Mali</option>
                                      <option value="MT">Malta</option>
                                      <option value="MH">Marshall Islands</option>
                                      <option value="MQ">Martinique</option>
                                      <option value="MR">Mauritania</option>
                                      <option value="MU">Mauritius</option>
                                      <option value="YT">Mayotte</option>
                                      <option value="MX">Mexico</option>
                                      <option value="FM">Micronesia</option>
                                      <option value="MD">Moldova</option>
                                      <option value="MC">Monaco</option>
                                      <option value="MN">Mongolia</option>
                                      <option value="ME">Montenegro</option>
                                      <option value="MS">Montserrat</option>
                                      <option value="MA">Morocco</option>
                                      <option value="MZ">Mozambique</option>
                                      <option value="MM">Myanmar</option>
                                      <option value="NA">Namibia</option>
                                      <option value="NR">Nauru</option>
                                      <option value="NP">Nepal</option>
                                      <option value="NL">Netherlands</option>
                                      <option value="NC">New Caledonia</option>
                                      <option value="NZ">New Zealand</option>
                                      <option value="NI">Nicaragua</option>
                                      <option value="NE">Niger</option>
                                      <option value="NG">Nigeria</option>
                                      <option value="NU">Niue</option>
                                      <option value="NF">Norfolk Island</option>
                                      <option value="KP">North Korea</option>
                                      <option value="MK">North Macedonia</option>
                                      <option value="MP">Northern Mariana Islands</option>
                                      <option value="NO">Norway</option>
                                      <option value="OM">Oman</option>
                                      <option value="PK">Pakistan</option>
                                      <option value="PS">Palestinian Territory</option>
                                      <option value="PA">Panama</option>
                                      <option value="PG">Papua New Guinea</option>
                                      <option value="PY">Paraguay</option>
                                      <option value="PE">Peru</option>
                                      <option value="PH">Philippines</option>
                                      <option value="PN">Pitcairn</option>
                                      <option value="PL">Poland</option>
                                      <option value="PT">Portugal</option>
                                      <option value="PR">Puerto Rico</option>
                                      <option value="QA">Qatar</option>
                                      <option value="RE">Reunion</option>
                                      <option value="RO">Romania</option>
                                      <option value="RU">Russia</option>
                                      <option value="RW">Rwanda</option>
                                      <option value="BL">Saint Barthélemy</option>
                                      <option value="SH">Saint Helena</option>
                                      <option value="KN">Saint Kitts and Nevis</option>
                                      <option value="LC">Saint Lucia</option>
                                      <option value="SX">Saint Martin (Dutch part)</option>
                                      <option value="MF">Saint Martin (French part)</option>
                                      <option value="PM">Saint Pierre and Miquelon</option>
                                      <option value="VC">Saint Vincent and the Grenadines</option>
                                      <option value="WS">Samoa</option>
                                      <option value="SM">San Marino</option>
                                      <option value="ST">São Tomé and Príncipe</option>
                                      <option value="SA">Saudi Arabia</option>
                                      <option value="SN">Senegal</option>
                                      <option value="RS">Serbia</option>
                                      <option value="SC">Seychelles</option>
                                      <option value="SL">Sierra Leone</option>
                                      <option value="SG">Singapore</option>
                                      <option value="SK">Slovakia</option>
                                      <option value="SI">Slovenia</option>
                                      <option value="SB">Solomon Islands</option>
                                      <option value="SO">Somalia</option>
                                      <option value="ZA">South Africa</option>
                                      <option value="GS">South Georgia/Sandwich Islands</option>
                                      <option value="KR">South Korea</option>
                                      <option value="SS">South Sudan</option>
                                      <option value="ES">Spain</option>
                                      <option value="LK">Sri Lanka</option>
                                      <option value="SD">Sudan</option>
                                      <option value="SR">Suriname</option>
                                      <option value="SJ">Svalbard and Jan Mayen</option>
                                      <option value="SE">Sweden</option>
                                      <option value="CH">Switzerland</option>
                                      <option value="SY">Syria</option>
                                      <option value="TW">Taiwan</option>
                                      <option value="TJ">Tajikistan</option>
                                      <option value="TZ">Tanzania</option>
                                      <option value="TH">Thailand</option>
                                      <option value="TL">Timor-Leste</option>
                                      <option value="TG">Togo</option>
                                      <option value="TK">Tokelau</option>
                                      <option value="TO">Tonga</option>
                                      <option value="TT">Trinidad and Tobago</option>
                                      <option value="TN">Tunisia</option>
                                      <option value="TR">Turkey</option>
                                      <option value="TM">Turkmenistan</option>
                                      <option value="TC">Turks and Caicos Islands</option>
                                      <option value="TV">Tuvalu</option>
                                      <option value="UG">Uganda</option>
                                      <option value="UA">Ukraine</option>
                                      <option value="AE">United Arab Emirates</option>
                                      <option value="GB">United Kingdom (UK)</option>
                                      <option value="US">United States (US)</option>
                                      <option value="UM">United States (US) Minor Outlying Islands</option>
                                      <option value="UY">Uruguay</option>
                                      <option value="UZ">Uzbekistan</option>
                                      <option value="VU">Vanuatu</option>
                                      <option value="VA">Vatican</option>
                                      <option value="VE">Venezuela</option>
                                      <option value="VN">Vietnam</option>
                                      <option value="VG">Virgin Islands (British)</option>
                                      <option value="VI">Virgin Islands (US)</option>
                                      <option value="WF">Wallis and Futuna</option>
                                      <option value="EH">Western Sahara</option>
                                      <option value="YE">Yemen</option>
                                      <option value="ZM">Zambia</option>
                                      <option value="ZW">Zimbabwe</option>
                                    </select>
                                    <noscript>
                                      <button type="submit" name="woocommerce_checkout_update_totals" value="Update country / region">Update country / region</button>
                                    </noscript>
                                  </span>
                                </p>
                                <p class="form-row form-row-wide address-field validate-required" id="billing_address_1_field" data-priority="50">
                                  <label for="billing_address_1" class="class">
Street address                                     <abbr class="required" title="required">*</abbr>
                                  </label>
                                  <span class="woocommerce-input-wrapper">
                                    <input type="text" class="input-text" id="billing_address_1" name="billing_address_1" placeholder="House number and street name" value="value" autocomplete="address-line1"/>
                                  </span>
                                </p>
                                <p class="form-row form-row-wide address-field" id="billing_address_2_field" data-priority="60">
                                  <label for="billing_address_2" class="screen-reader-text">
Apartment, suite, unit, etc.                                     <span class="optional">(optional)</span>
                                  </label>
                                  <span class="woocommerce-input-wrapper">
                                    <input type="text" class="input-text" id="billing_address_2" name="billing_address_2" placeholder="Apartment, suite, unit, etc. (optional)" value="value" autocomplete="address-line2"/>
                                  </span>
                                </p>
                                <p class="form-row form-row-wide address-field validate-required" id="billing_city_field" data-priority="70">
                                  <label for="billing_city" class="class">
Town / City                                     <abbr class="required" title="required">*</abbr>
                                  </label>
                                  <span class="woocommerce-input-wrapper">
                                    <input type="text" class="input-text" id="billing_city" name="billing_city" placeholder="placeholder" value="value" autocomplete="address-level2"/>
                                  </span>
                                </p>
                                <p class="form-row form-row-wide address-field validate-required validate-state" id="billing_state_field" data-priority="80">
                                  <label for="billing_state" class="class">
State                                     <abbr class="required" title="required">*</abbr>
                                  </label>
                                  <span class="woocommerce-input-wrapper">
                                    <select class="state_select" id="billing_state" name="billing_state" autocomplete="address-level1" data-placeholder="Select an option…" data-input-classes="data-input-classes" data-label="State">
                                      <option value="value">Select an option…</option>
                                      <option value="AL">Alabama</option>
                                      <option value="AK">Alaska</option>
                                      <option value="AZ">Arizona</option>
                                      <option value="AR">Arkansas</option>
                                      <option value="CA">California</option>
                                      <option value="CO">Colorado</option>
                                      <option value="CT">Connecticut</option>
                                      <option value="DE">Delaware</option>
                                      <option value="DC">District Of Columbia</option>
                                      <option value="FL">Florida</option>
                                      <option value="GA">Georgia</option>
                                      <option value="HI">Hawaii</option>
                                      <option value="ID">Idaho</option>
                                      <option value="IL">Illinois</option>
                                      <option value="IN">Indiana</option>
                                      <option value="IA">Iowa</option>
                                      <option value="KS">Kansas</option>
                                      <option value="KY">Kentucky</option>
                                      <option value="LA">Louisiana</option>
                                      <option value="ME">Maine</option>
                                      <option value="MD">Maryland</option>
                                      <option value="MA">Massachusetts</option>
                                      <option value="MI">Michigan</option>
                                      <option value="MN">Minnesota</option>
                                      <option value="MS">Mississippi</option>
                                      <option value="MO">Missouri</option>
                                      <option value="MT">Montana</option>
                                      <option value="NE">Nebraska</option>
                                      <option value="NV">Nevada</option>
                                      <option value="NH">New Hampshire</option>
                                      <option value="NJ">New Jersey</option>
                                      <option value="NM">New Mexico</option>
                                      <option value="NY">New York</option>
                                      <option value="NC">North Carolina</option>
                                      <option value="ND">North Dakota</option>
                                      <option value="OH">Ohio</option>
                                      <option value="OK">Oklahoma</option>
                                      <option value="OR">Oregon</option>
                                      <option value="PA">Pennsylvania</option>
                                      <option value="RI">Rhode Island</option>
                                      <option value="SC">South Carolina</option>
                                      <option value="SD">South Dakota</option>
                                      <option value="TN">Tennessee</option>
                                      <option value="TX">Texas</option>
                                      <option value="UT">Utah</option>
                                      <option value="VT">Vermont</option>
                                      <option value="VA">Virginia</option>
                                      <option value="WA">Washington</option>
                                      <option value="WV">West Virginia</option>
                                      <option value="WI">Wisconsin</option>
                                      <option value="WY">Wyoming</option>
                                      <option value="AA">Armed Forces (AA)</option>
                                      <option value="AE">Armed Forces (AE)</option>
                                      <option value="AP">Armed Forces (AP)</option>
                                    </select>
                                  </span>
                                </p>
                                <p class="form-row form-row-wide address-field validate-required validate-postcode" id="billing_postcode_field" data-priority="90">
                                  <label for="billing_postcode" class="class">
ZIP Code                                     <abbr class="required" title="required">*</abbr>
                                  </label>
                                  <span class="woocommerce-input-wrapper">
                                    <input type="text" class="input-text" id="billing_postcode" name="billing_postcode" placeholder="placeholder" value="value" autocomplete="postal-code"/>
                                  </span>
                                </p>
                                <p class="form-row form-row-wide validate-phone" id="billing_phone_field" data-priority="100">
                                  <label for="billing_phone" class="class">
Phone                                     <span class="optional">(optional)</span>
                                  </label>
                                  <span class="woocommerce-input-wrapper">
                                    <input type="tel" class="input-text" id="billing_phone" name="billing_phone" placeholder="placeholder" value="value" autocomplete="tel"/>
                                  </span>
                                </p>
                                <p class="form-row form-row-wide validate-required validate-email" id="billing_email_field" data-priority="110">
                                  <label for="billing_email" class="class">
Email address                                     <abbr class="required" title="required">*</abbr>
                                  </label>
                                  <span class="woocommerce-input-wrapper">
                                    <input type="email" class="input-text" id="billing_email" name="billing_email" placeholder="placeholder" value="demouser6475782505@askomdch.com" autocomplete="email"/>
                                  </span>
                                </p>
                              </div>
                              <p>
                                <button type="submit" class="button" name="save_address" value="Save address">Save address</button>
                                <input type="hidden" id="woocommerce-edit-address-nonce" name="woocommerce-edit-address-nonce" value="4e7b7c558e"/>
                                <input type="hidden" name="_wp_http_referer" value="/account/edit-address/billing/"/>
                                <input type="hidden" name="action" value="edit_address"/>
                              </p>
                            </div>
                          </form>
                        </div>
                      </div>
                    </div>
                  </div>
                  <p/>
                </div>
              </article>
            </main>
          </div>
        </div>
      </div>
      <div class="astra-mobile-cart-overlay"/>
      <div class="astra-cart-drawer open-right" id="astra-mobile-cart-drawer">
        <div class="astra-cart-drawer-header">
          <button type="button" class="astra-cart-drawer-close">
            <span class="ahfb-svg-iconset ast-inline-flex svg-baseline">
              <svg class="ast-mobile-svg ast-close-svg" fill="currentColor" version="1.1" width="24" height="24" viewbox="0 0 24 24">
                <path d="M5.293 6.707l5.293 5.293-5.293 5.293c-0.391 0.391-0.391 1.024 0 1.414s1.024 0.391 1.414 0l5.293-5.293 5.293 5.293c0.391 0.391 1.024 0.391 1.414 0s0.391-1.024 0-1.414l-5.293-5.293 5.293-5.293c0.391-0.391 0.391-1.024 0-1.414s-1.024-0.391-1.414 0l-5.293 5.293-5.293-5.293c-0.391-0.391-1.024-0.391-1.414 0s-0.391 1.024 0 1.414z"/>
              </svg>
            </span>
          </button>
          <div class="astra-cart-drawer-title">
Shopping Cart </div>
        </div>
        <div class="astra-cart-drawer-content">
          <div class="widget woocommerce widget_shopping_cart">
            <div class="widget_shopping_cart_content"/>
          </div>
        </div>
      </div>
      <footer class="site-footer" id="colophon" itemtype="https://schema.org/WPFooter" itemscope="itemscope" itemid="#colophon">
        <div class="site-primary-footer-wrap ast-builder-grid-row-container site-footer-focus-item ast-builder-grid-row-4-equal ast-builder-grid-row-tablet-4-equal ast-builder-grid-row-mobile-full ast-footer-row-stack ast-footer-row-tablet-stack ast-footer-row-mobile-stack" data-section="section-primary-footer-builder">
          <div class="ast-builder-grid-row-container-inner">
            <div class="ast-builder-footer-grid-columns site-primary-footer-inner-wrap ast-builder-grid-row">
              <div class="site-footer-primary-section-1 site-footer-section site-footer-section-1">
                <aside class="footer-widget-area widget-area site-footer-focus-item" data-section="sidebar-widgets-footer-widget-1" aria-label="Footer Widget 1">
                  <div class="footer-widget-area-inner site-info-inner">
                    <section id="nav_menu-7" class="widget widget_nav_menu">
                      <h2 class="widget-title">Quick Links</h2>
                      <nav class="menu-quick-links-container" aria-label="Quick Links">
                        <ul class="menu" id="menu-quick-links">
                          <li class="menu-item menu-item-type-post_type menu-item-object-page menu-item-home menu-item-1254" id="menu-item-1254">
                            <a shape="rect" class="menu-link" href="https://askomdch.com/">Home</a>
                          </li>
                          <li class="menu-item menu-item-type-post_type menu-item-object-page menu-item-1255" id="menu-item-1255">
                            <a shape="rect" class="menu-link" href="https://askomdch.com/about/">About</a>
                          </li>
                          <li class="menu-item menu-item-type-post_type menu-item-object-page current-menu-item page_item page-item-1235 current_page_item menu-item-1256" id="menu-item-1256">
                            <a shape="rect" class="menu-link" href="https://askomdch.com/account/" aria-current="page">My Account</a>
                          </li>
                          <li class="menu-item menu-item-type-post_type menu-item-object-page menu-item-1257" id="menu-item-1257">
                            <a shape="rect" class="menu-link" href="https://askomdch.com/cart/">Cart</a>
                          </li>
                          <li class="menu-item menu-item-type-post_type menu-item-object-page menu-item-1258" id="menu-item-1258">
                            <a shape="rect" class="menu-link" href="https://askomdch.com/contact-us/">Contact Us</a>
                          </li>
                        </ul>
                      </nav>
                    </section>
                  </div>
                </aside>
              </div>
              <div class="site-footer-primary-section-2 site-footer-section site-footer-section-2">
                <aside class="footer-widget-area widget-area site-footer-focus-item" data-section="sidebar-widgets-footer-widget-2" aria-label="Footer Widget 2">
                  <div class="footer-widget-area-inner site-info-inner">
                    <section id="nav_menu-8" class="widget widget_nav_menu">
                      <h2 class="widget-title">For Her</h2>
                      <nav class="menu-for-her-container" aria-label="For Her">
                        <ul class="menu" id="menu-for-her">
                          <li class="menu-item menu-item-type-taxonomy menu-item-object-product_cat menu-item-1264" id="menu-item-1264">
                            <a shape="rect" class="menu-link" href="https://askomdch.com/product-category/women/">Women</a>
                          </li>
                          <li class="menu-item menu-item-type-taxonomy menu-item-object-product_cat menu-item-1266" id="menu-item-1266">
                            <a shape="rect" class="menu-link" href="https://askomdch.com/product-category/womens-jeans/">Women’s Jeans</a>
                          </li>
                          <li class="menu-item menu-item-type-taxonomy menu-item-object-product_cat menu-item-1265" id="menu-item-1265">
                            <a shape="rect" class="menu-link" href="https://askomdch.com/product-category/womens-shirts/">Women’s Shirts</a>
                          </li>
                          <li class="menu-item menu-item-type-taxonomy menu-item-object-product_cat menu-item-1267" id="menu-item-1267">
                            <a shape="rect" class="menu-link" href="https://askomdch.com/product-category/womens-shoes/">Women’s Shoes</a>
                          </li>
                          <li class="menu-item menu-item-type-taxonomy menu-item-object-product_cat menu-item-1268" id="menu-item-1268">
                            <a shape="rect" class="menu-link" href="https://askomdch.com/product-category/accessories/">Accessories</a>
                          </li>
                        </ul>
                      </nav>
                    </section>
                  </div>
                </aside>
              </div>
              <div class="site-footer-primary-section-3 site-footer-section site-footer-section-3">
                <aside class="footer-widget-area widget-area site-footer-focus-item" data-section="sidebar-widgets-footer-widget-3" aria-label="Footer Widget 3">
                  <div class="footer-widget-area-inner site-info-inner">
                    <section id="nav_menu-12" class="widget widget_nav_menu">
                      <h2 class="widget-title">For Him</h2>
                      <nav class="menu-for-him-container" aria-label="For Him">
                        <ul class="menu" id="menu-for-him">
                          <li class="menu-item menu-item-type-taxonomy menu-item-object-product_cat menu-item-1263" id="menu-item-1263">
                            <a shape="rect" class="menu-link" href="https://askomdch.com/product-category/men/">Men</a>
                          </li>
                          <li class="menu-item menu-item-type-taxonomy menu-item-object-product_cat menu-item-1259" id="menu-item-1259">
                            <a shape="rect" class="menu-link" href="https://askomdch.com/product-category/mens-jeans/">Men’s Jeans</a>
                          </li>
                          <li class="menu-item menu-item-type-taxonomy menu-item-object-product_cat menu-item-1260" id="menu-item-1260">
                            <a shape="rect" class="menu-link" href="https://askomdch.com/product-category/mens-shirts/">Men’s Shirts</a>
                          </li>
                          <li class="menu-item menu-item-type-taxonomy menu-item-object-product_cat menu-item-1261" id="menu-item-1261">
                            <a shape="rect" class="menu-link" href="https://askomdch.com/product-category/mens-shoes/">Men’s Shoes</a>
                          </li>
                          <li class="menu-item menu-item-type-taxonomy menu-item-object-product_cat menu-item-1262" id="menu-item-1262">
                            <a shape="rect" class="menu-link" href="https://askomdch.com/product-category/accessories/">Accessories</a>
                          </li>
                        </ul>
                      </nav>
                    </section>
                  </div>
                </aside>
              </div>
              <div class="site-footer-primary-section-4 site-footer-section site-footer-section-4">
                <aside class="footer-widget-area widget-area site-footer-focus-item" data-section="sidebar-widgets-footer-widget-4" aria-label="Footer Widget 4">
                  <div class="footer-widget-area-inner site-info-inner">
                    <section id="text-2" class="widget widget_text">
                      <h2 class="widget-title">AOD on Mobile</h2>
                      <div class="textwidget">
                        <p>
                          <a shape="rect" href="https://www.apple.com/in/app-store/" target="_blank" rel="noopener">
                            <img class="alignnone wp-image-1475 size-full" src="https://askomdch.com/wp-content/uploads/2021/06/image-60-compressed.jpg" alt="alt" width="300" height="90"/>
                          </a>
                          <a shape="rect" href="https://play.google.com/store" target="_blank" rel="noopener">
                            <img class="alignnone wp-image-1473 size-full" src="https://askomdch.com/wp-content/uploads/2021/06/image-41-compressed.jpg" alt="alt" width="300" height="90"/>
                          </a>
                        </p>
                      </div>
                    </section>
                  </div>
                </aside>
              </div>
            </div>
          </div>
        </div>
        <div class="site-below-footer-wrap ast-builder-grid-row-container site-footer-focus-item ast-builder-grid-row-2-equal ast-builder-grid-row-tablet-2-equal ast-builder-grid-row-mobile-full ast-footer-row-stack ast-footer-row-tablet-stack ast-footer-row-mobile-stack" data-section="section-below-footer-builder">
          <div class="ast-builder-grid-row-container-inner">
            <div class="ast-builder-footer-grid-columns site-below-footer-inner-wrap ast-builder-grid-row">
              <div class="site-footer-below-section-1 site-footer-section site-footer-section-1">
                <div class="ast-builder-layout-element ast-flex site-footer-focus-item ast-footer-copyright" data-section="section-footer-builder">
                  <div class="ast-footer-copyright">
                    <p>Copyright © 2023 AskOmDch</p>
                  </div>
                </div>
              </div>
              <div class="site-footer-below-section-2 site-footer-section site-footer-section-2">
                <div class="footer-widget-area widget-area site-footer-focus-item ast-footer-html-1" data-section="section-fb-html-1">
                  <div class="ast-header-html inner-link-style-">
                    <div class="ast-builder-html-element">
                      <p>Powered by AskOmDch</p>
                    </div>
                  </div>
                </div>
              </div>
            </div>
          </div>
        </div>
      </footer>
    </div>
    <script type="text/javascript">
		(function () {
			var c = document.body.className;
			c = c.replace(/woocommerce-no-js/, 'woocommerce-js');
			document.body.className = c;
		})();
	</script>
    <script id="astra-theme-js-js-extra">
var astra = {"break_point":"921","isRtl":""};
</script>
    <script id="astra-theme-js-js" src="https://askomdch.com/wp-content/themes/astra/assets/js/minified/frontend.min.js?ver=3.7.5"/>
    <script id="astra-mobile-cart-js" src="https://askomdch.com/wp-content/themes/astra/assets/js/minified/mobile-cart.min.js?ver=3.7.5"/>
    <script id="js-cookie-js" src="https://askomdch.com/wp-content/plugins/woocommerce/assets/js/js-cookie/js.cookie.min.js?ver=2.1.4-wc.7.2.1"/>
    <script id="wc-cart-fragments-js-extra">
var wc_cart_fragments_params = {"ajax_url":"\/wp-admin\/admin-ajax.php","wc_ajax_url":"\/?wc-ajax=%%endpoint%%","cart_hash_key":"wc_cart_hash_ce7302d8a5b087b54dd768c76987f650","fragment_name":"wc_fragments_ce7302d8a5b087b54dd768c76987f650","request_timeout":"5000"};
</script>
    <script id="wc-cart-fragments-js" src="https://askomdch.com/wp-content/plugins/woocommerce/assets/js/frontend/cart-fragments.min.js?ver=7.2.1"/>
    <script id="wc-country-select-js-extra">
var wc_country_select_params = {"countries":"{\"AF\":[],\"AL\":{\"AL-01\":\"Berat\",\"AL-09\":\"Dib\\u00ebr\",\"AL-02\":\"Durr\\u00ebs\",\"AL-03\":\"Elbasan\",\"AL-04\":\"Fier\",\"AL-05\":\"Gjirokast\\u00ebr\",\"AL-06\":\"Kor\\u00e7\\u00eb\",\"AL-07\":\"Kuk\\u00ebs\",\"AL-08\":\"Lezh\\u00eb\",\"AL-10\":\"Shkod\\u00ebr\",\"AL-11\":\"Tirana\",\"AL-12\":\"Vlor\\u00eb\"},\"AO\":{\"BGO\":\"Bengo\",\"BLU\":\"Benguela\",\"BIE\":\"Bi\\u00e9\",\"CAB\":\"Cabinda\",\"CNN\":\"Cunene\",\"HUA\":\"Huambo\",\"HUI\":\"Hu\\u00edla\",\"CCU\":\"Kuando Kubango\",\"CNO\":\"Kwanza-Norte\",\"CUS\":\"Kwanza-Sul\",\"LUA\":\"Luanda\",\"LNO\":\"Lunda-Norte\",\"LSU\":\"Lunda-Sul\",\"MAL\":\"Malanje\",\"MOX\":\"Moxico\",\"NAM\":\"Namibe\",\"UIG\":\"U\\u00edge\",\"ZAI\":\"Zaire\"},\"AR\":{\"C\":\"Ciudad Aut\\u00f3noma de Buenos Aires\",\"B\":\"Buenos Aires\",\"K\":\"Catamarca\",\"H\":\"Chaco\",\"U\":\"Chubut\",\"X\":\"C\\u00f3rdoba\",\"W\":\"Corrientes\",\"E\":\"Entre R\\u00edos\",\"P\":\"Formosa\",\"Y\":\"Jujuy\",\"L\":\"La Pampa\",\"F\":\"La Rioja\",\"M\":\"Mendoza\",\"N\":\"Misiones\",\"Q\":\"Neuqu\\u00e9n\",\"R\":\"R\\u00edo Negro\",\"A\":\"Salta\",\"J\":\"San Juan\",\"D\":\"San Luis\",\"Z\":\"Santa Cruz\",\"S\":\"Santa Fe\",\"G\":\"Santiago del Estero\",\"V\":\"Tierra del Fuego\",\"T\":\"Tucum\\u00e1n\"},\"AT\":[],\"AU\":{\"ACT\":\"Australian Capital Territory\",\"NSW\":\"New South Wales\",\"NT\":\"Northern Territory\",\"QLD\":\"Queensland\",\"SA\":\"South Australia\",\"TAS\":\"Tasmania\",\"VIC\":\"Victoria\",\"WA\":\"Western Australia\"},\"AX\":[],\"BD\":{\"BD-05\":\"Bagerhat\",\"BD-01\":\"Bandarban\",\"BD-02\":\"Barguna\",\"BD-06\":\"Barishal\",\"BD-07\":\"Bhola\",\"BD-03\":\"Bogura\",\"BD-04\":\"Brahmanbaria\",\"BD-09\":\"Chandpur\",\"BD-10\":\"Chattogram\",\"BD-12\":\"Chuadanga\",\"BD-11\":\"Cox's Bazar\",\"BD-08\":\"Cumilla\",\"BD-13\":\"Dhaka\",\"BD-14\":\"Dinajpur\",\"BD-15\":\"Faridpur \",\"BD-16\":\"Feni\",\"BD-19\":\"Gaibandha\",\"BD-18\":\"Gazipur\",\"BD-17\":\"Gopalganj\",\"BD-20\":\"Habiganj\",\"BD-21\":\"Jamalpur\",\"BD-22\":\"Jashore\",\"BD-25\":\"Jhalokati\",\"BD-23\":\"Jhenaidah\",\"BD-24\":\"Joypurhat\",\"BD-29\":\"Khagrachhari\",\"BD-27\":\"Khulna\",\"BD-26\":\"Kishoreganj\",\"BD-28\":\"Kurigram\",\"BD-30\":\"Kushtia\",\"BD-31\":\"Lakshmipur\",\"BD-32\":\"Lalmonirhat\",\"BD-36\":\"Madaripur\",\"BD-37\":\"Magura\",\"BD-33\":\"Manikganj \",\"BD-39\":\"Meherpur\",\"BD-38\":\"Moulvibazar\",\"BD-35\":\"Munshiganj\",\"BD-34\":\"Mymensingh\",\"BD-48\":\"Naogaon\",\"BD-43\":\"Narail\",\"BD-40\":\"Narayanganj\",\"BD-42\":\"Narsingdi\",\"BD-44\":\"Natore\",\"BD-45\":\"Nawabganj\",\"BD-41\":\"Netrakona\",\"BD-46\":\"Nilphamari\",\"BD-47\":\"Noakhali\",\"BD-49\":\"Pabna\",\"BD-52\":\"Panchagarh\",\"BD-51\":\"Patuakhali\",\"BD-50\":\"Pirojpur\",\"BD-53\":\"Rajbari\",\"BD-54\":\"Rajshahi\",\"BD-56\":\"Rangamati\",\"BD-55\":\"Rangpur\",\"BD-58\":\"Satkhira\",\"BD-62\":\"Shariatpur\",\"BD-57\":\"Sherpur\",\"BD-59\":\"Sirajganj\",\"BD-61\":\"Sunamganj\",\"BD-60\":\"Sylhet\",\"BD-63\":\"Tangail\",\"BD-64\":\"Thakurgaon\"},\"BE\":[],\"BG\":{\"BG-01\":\"Blagoevgrad\",\"BG-02\":\"Burgas\",\"BG-08\":\"Dobrich\",\"BG-07\":\"Gabrovo\",\"BG-26\":\"Haskovo\",\"BG-09\":\"Kardzhali\",\"BG-10\":\"Kyustendil\",\"BG-11\":\"Lovech\",\"BG-12\":\"Montana\",\"BG-13\":\"Pazardzhik\",\"BG-14\":\"Pernik\",\"BG-15\":\"Pleven\",\"BG-16\":\"Plovdiv\",\"BG-17\":\"Razgrad\",\"BG-18\":\"Ruse\",\"BG-27\":\"Shumen\",\"BG-19\":\"Silistra\",\"BG-20\":\"Sliven\",\"BG-21\":\"Smolyan\",\"BG-23\":\"Sofia District\",\"BG-22\":\"Sofia\",\"BG-24\":\"Stara Zagora\",\"BG-25\":\"Targovishte\",\"BG-03\":\"Varna\",\"BG-04\":\"Veliko Tarnovo\",\"BG-05\":\"Vidin\",\"BG-06\":\"Vratsa\",\"BG-28\":\"Yambol\"},\"BH\":[],\"BI\":[],\"BJ\":{\"AL\":\"Alibori\",\"AK\":\"Atakora\",\"AQ\":\"Atlantique\",\"BO\":\"Borgou\",\"CO\":\"Collines\",\"KO\":\"Kouffo\",\"DO\":\"Donga\",\"LI\":\"Littoral\",\"MO\":\"Mono\",\"OU\":\"Ou\\u00e9m\\u00e9\",\"PL\":\"Plateau\",\"ZO\":\"Zou\"},\"BO\":{\"BO-B\":\"Beni\",\"BO-H\":\"Chuquisaca\",\"BO-C\":\"Cochabamba\",\"BO-L\":\"La Paz\",\"BO-O\":\"Oruro\",\"BO-N\":\"Pando\",\"BO-P\":\"Potos\\u00ed\",\"BO-S\":\"Santa Cruz\",\"BO-T\":\"Tarija\"},\"BR\":{\"AC\":\"Acre\",\"AL\":\"Alagoas\",\"AP\":\"Amap\\u00e1\",\"AM\":\"Amazonas\",\"BA\":\"Bahia\",\"CE\":\"Cear\\u00e1\",\"DF\":\"Distrito Federal\",\"ES\":\"Esp\\u00edrito Santo\",\"GO\":\"Goi\\u00e1s\",\"MA\":\"Maranh\\u00e3o\",\"MT\":\"Mato Grosso\",\"MS\":\"Mato Grosso do Sul\",\"MG\":\"Minas Gerais\",\"PA\":\"Par\\u00e1\",\"PB\":\"Para\\u00edba\",\"PR\":\"Paran\\u00e1\",\"PE\":\"Pernambuco\",\"PI\":\"Piau\\u00ed\",\"RJ\":\"Rio de Janeiro\",\"RN\":\"Rio Grande do Norte\",\"RS\":\"Rio Grande do Sul\",\"RO\":\"Rond\\u00f4nia\",\"RR\":\"Roraima\",\"SC\":\"Santa Catarina\",\"SP\":\"S\\u00e3o Paulo\",\"SE\":\"Sergipe\",\"TO\":\"Tocantins\"},\"CA\":{\"AB\":\"Alberta\",\"BC\":\"British Columbia\",\"MB\":\"Manitoba\",\"NB\":\"New Brunswick\",\"NL\":\"Newfoundland and Labrador\",\"NT\":\"Northwest Territories\",\"NS\":\"Nova Scotia\",\"NU\":\"Nunavut\",\"ON\":\"Ontario\",\"PE\":\"Prince Edward Island\",\"QC\":\"Quebec\",\"SK\":\"Saskatchewan\",\"YT\":\"Yukon Territory\"},\"CH\":{\"AG\":\"Aargau\",\"AR\":\"Appenzell Ausserrhoden\",\"AI\":\"Appenzell Innerrhoden\",\"BL\":\"Basel-Landschaft\",\"BS\":\"Basel-Stadt\",\"BE\":\"Bern\",\"FR\":\"Fribourg\",\"GE\":\"Geneva\",\"GL\":\"Glarus\",\"GR\":\"Graub\\u00fcnden\",\"JU\":\"Jura\",\"LU\":\"Luzern\",\"NE\":\"Neuch\\u00e2tel\",\"NW\":\"Nidwalden\",\"OW\":\"Obwalden\",\"SH\":\"Schaffhausen\",\"SZ\":\"Schwyz\",\"SO\":\"Solothurn\",\"SG\":\"St. Gallen\",\"TG\":\"Thurgau\",\"TI\":\"Ticino\",\"UR\":\"Uri\",\"VS\":\"Valais\",\"VD\":\"Vaud\",\"ZG\":\"Zug\",\"ZH\":\"Z\\u00fcrich\"},\"CL\":{\"CL-AI\":\"Ais\\u00e9n del General Carlos Iba\\u00f1ez del Campo\",\"CL-AN\":\"Antofagasta\",\"CL-AP\":\"Arica y Parinacota\",\"CL-AR\":\"La Araucan\\u00eda\",\"CL-AT\":\"Atacama\",\"CL-BI\":\"Biob\\u00edo\",\"CL-CO\":\"Coquimbo\",\"CL-LI\":\"Libertador General Bernardo O'Higgins\",\"CL-LL\":\"Los Lagos\",\"CL-LR\":\"Los R\\u00edos\",\"CL-MA\":\"Magallanes\",\"CL-ML\":\"Maule\",\"CL-NB\":\"\\u00d1uble\",\"CL-RM\":\"Regi\\u00f3n Metropolitana de Santiago\",\"CL-TA\":\"Tarapac\\u00e1\",\"CL-VS\":\"Valpara\\u00edso\"},\"CN\":{\"CN1\":\"Yunnan \\\/ \\u4e91\\u5357\",\"CN2\":\"Beijing \\\/ \\u5317\\u4eac\",\"CN3\":\"Tianjin \\\/ \\u5929\\u6d25\",\"CN4\":\"Hebei \\\/ \\u6cb3\\u5317\",\"CN5\":\"Shanxi \\\/ \\u5c71\\u897f\",\"CN6\":\"Inner Mongolia \\\/ \\u5167\\u8499\\u53e4\",\"CN7\":\"Liaoning \\\/ \\u8fbd\\u5b81\",\"CN8\":\"Jilin \\\/ \\u5409\\u6797\",\"CN9\":\"Heilongjiang \\\/ \\u9ed1\\u9f99\\u6c5f\",\"CN10\":\"Shanghai \\\/ \\u4e0a\\u6d77\",\"CN11\":\"Jiangsu \\\/ \\u6c5f\\u82cf\",\"CN12\":\"Zhejiang \\\/ \\u6d59\\u6c5f\",\"CN13\":\"Anhui \\\/ \\u5b89\\u5fbd\",\"CN14\":\"Fujian \\\/ \\u798f\\u5efa\",\"CN15\":\"Jiangxi \\\/ \\u6c5f\\u897f\",\"CN16\":\"Shandong \\\/ \\u5c71\\u4e1c\",\"CN17\":\"Henan \\\/ \\u6cb3\\u5357\",\"CN18\":\"Hubei \\\/ \\u6e56\\u5317\",\"CN19\":\"Hunan \\\/ \\u6e56\\u5357\",\"CN20\":\"Guangdong \\\/ \\u5e7f\\u4e1c\",\"CN21\":\"Guangxi Zhuang \\\/ \\u5e7f\\u897f\\u58ee\\u65cf\",\"CN22\":\"Hainan \\\/ \\u6d77\\u5357\",\"CN23\":\"Chongqing \\\/ \\u91cd\\u5e86\",\"CN24\":\"Sichuan \\\/ \\u56db\\u5ddd\",\"CN25\":\"Guizhou \\\/ \\u8d35\\u5dde\",\"CN26\":\"Shaanxi \\\/ \\u9655\\u897f\",\"CN27\":\"Gansu \\\/ \\u7518\\u8083\",\"CN28\":\"Qinghai \\\/ \\u9752\\u6d77\",\"CN29\":\"Ningxia Hui \\\/ \\u5b81\\u590f\",\"CN30\":\"Macao \\\/ \\u6fb3\\u95e8\",\"CN31\":\"Tibet \\\/ \\u897f\\u85cf\",\"CN32\":\"Xinjiang \\\/ \\u65b0\\u7586\"},\"CO\":{\"CO-AMA\":\"Amazonas\",\"CO-ANT\":\"Antioquia\",\"CO-ARA\":\"Arauca\",\"CO-ATL\":\"Atl\\u00e1ntico\",\"CO-BOL\":\"Bol\\u00edvar\",\"CO-BOY\":\"Boyac\\u00e1\",\"CO-CAL\":\"Caldas\",\"CO-CAQ\":\"Caquet\\u00e1\",\"CO-CAS\":\"Casanare\",\"CO-CAU\":\"Cauca\",\"CO-CES\":\"Cesar\",\"CO-CHO\":\"Choc\\u00f3\",\"CO-COR\":\"C\\u00f3rdoba\",\"CO-CUN\":\"Cundinamarca\",\"CO-DC\":\"Capital District\",\"CO-GUA\":\"Guain\\u00eda\",\"CO-GUV\":\"Guaviare\",\"CO-HUI\":\"Huila\",\"CO-LAG\":\"La Guajira\",\"CO-MAG\":\"Magdalena\",\"CO-MET\":\"Meta\",\"CO-NAR\":\"Nari\\u00f1o\",\"CO-NSA\":\"Norte de Santander\",\"CO-PUT\":\"Putumayo\",\"CO-QUI\":\"Quind\\u00edo\",\"CO-RIS\":\"Risaralda\",\"CO-SAN\":\"Santander\",\"CO-SAP\":\"San Andr\\u00e9s &amp; Providencia\",\"CO-SUC\":\"Sucre\",\"CO-TOL\":\"Tolima\",\"CO-VAC\":\"Valle del Cauca\",\"CO-VAU\":\"Vaup\\u00e9s\",\"CO-VID\":\"Vichada\"},\"CR\":{\"CR-A\":\"Alajuela\",\"CR-C\":\"Cartago\",\"CR-G\":\"Guanacaste\",\"CR-H\":\"Heredia\",\"CR-L\":\"Lim\\u00f3n\",\"CR-P\":\"Puntarenas\",\"CR-SJ\":\"San Jos\\u00e9\"},\"CZ\":[],\"DE\":{\"DE-BW\":\"Baden-W\\u00fcrttemberg\",\"DE-BY\":\"Bavaria\",\"DE-BE\":\"Berlin\",\"DE-BB\":\"Brandenburg\",\"DE-HB\":\"Bremen\",\"DE-HH\":\"Hamburg\",\"DE-HE\":\"Hesse\",\"DE-MV\":\"Mecklenburg-Vorpommern\",\"DE-NI\":\"Lower Saxony\",\"DE-NW\":\"North Rhine-Westphalia\",\"DE-RP\":\"Rhineland-Palatinate\",\"DE-SL\":\"Saarland\",\"DE-SN\":\"Saxony\",\"DE-ST\":\"Saxony-Anhalt\",\"DE-SH\":\"Schleswig-Holstein\",\"DE-TH\":\"Thuringia\"},\"DK\":[],\"DO\":{\"DO-01\":\"Distrito Nacional\",\"DO-02\":\"Azua\",\"DO-03\":\"Baoruco\",\"DO-04\":\"Barahona\",\"DO-33\":\"Cibao Nordeste\",\"DO-34\":\"Cibao Noroeste\",\"DO-35\":\"Cibao Norte\",\"DO-36\":\"Cibao Sur\",\"DO-05\":\"Dajab\\u00f3n\",\"DO-06\":\"Duarte\",\"DO-08\":\"El Seibo\",\"DO-37\":\"El Valle\",\"DO-07\":\"El\\u00edas Pi\\u00f1a\",\"DO-38\":\"Enriquillo\",\"DO-09\":\"Espaillat\",\"DO-30\":\"Hato Mayor\",\"DO-19\":\"Hermanas Mirabal\",\"DO-39\":\"Hig\\u00fcamo\",\"DO-10\":\"Independencia\",\"DO-11\":\"La Altagracia\",\"DO-12\":\"La Romana\",\"DO-13\":\"La Vega\",\"DO-14\":\"Mar\\u00eda Trinidad S\\u00e1nchez\",\"DO-28\":\"Monse\\u00f1or Nouel\",\"DO-15\":\"Monte Cristi\",\"DO-29\":\"Monte Plata\",\"DO-40\":\"Ozama\",\"DO-16\":\"Pedernales\",\"DO-17\":\"Peravia\",\"DO-18\":\"Puerto Plata\",\"DO-20\":\"Saman\\u00e1\",\"DO-21\":\"San Crist\\u00f3bal\",\"DO-31\":\"San Jos\\u00e9 de Ocoa\",\"DO-22\":\"San Juan\",\"DO-23\":\"San Pedro de Macor\\u00eds\",\"DO-24\":\"S\\u00e1nchez Ram\\u00edrez\",\"DO-25\":\"Santiago\",\"DO-26\":\"Santiago Rodr\\u00edguez\",\"DO-32\":\"Santo Domingo\",\"DO-41\":\"Valdesia\",\"DO-27\":\"Valverde\",\"DO-42\":\"Yuma\"},\"DZ\":{\"DZ-01\":\"Adrar\",\"DZ-02\":\"Chlef\",\"DZ-03\":\"Laghouat\",\"DZ-04\":\"Oum El Bouaghi\",\"DZ-05\":\"Batna\",\"DZ-06\":\"B\\u00e9ja\\u00efa\",\"DZ-07\":\"Biskra\",\"DZ-08\":\"B\\u00e9char\",\"DZ-09\":\"Blida\",\"DZ-10\":\"Bouira\",\"DZ-11\":\"Tamanghasset\",\"DZ-12\":\"T\\u00e9bessa\",\"DZ-13\":\"Tlemcen\",\"DZ-14\":\"Tiaret\",\"DZ-15\":\"Tizi Ouzou\",\"DZ-16\":\"Algiers\",\"DZ-17\":\"Djelfa\",\"DZ-18\":\"Jijel\",\"DZ-19\":\"S\\u00e9tif\",\"DZ-20\":\"Sa\\u00efda\",\"DZ-21\":\"Skikda\",\"DZ-22\":\"Sidi Bel Abb\\u00e8s\",\"DZ-23\":\"Annaba\",\"DZ-24\":\"Guelma\",\"DZ-25\":\"Constantine\",\"DZ-26\":\"M\\u00e9d\\u00e9a\",\"DZ-27\":\"Mostaganem\",\"DZ-28\":\"M\\u2019Sila\",\"DZ-29\":\"Mascara\",\"DZ-30\":\"Ouargla\",\"DZ-31\":\"Oran\",\"DZ-32\":\"El Bayadh\",\"DZ-33\":\"Illizi\",\"DZ-34\":\"Bordj Bou Arr\\u00e9ridj\",\"DZ-35\":\"Boumerd\\u00e8s\",\"DZ-36\":\"El Tarf\",\"DZ-37\":\"Tindouf\",\"DZ-38\":\"Tissemsilt\",\"DZ-39\":\"El Oued\",\"DZ-40\":\"Khenchela\",\"DZ-41\":\"Souk Ahras\",\"DZ-42\":\"Tipasa\",\"DZ-43\":\"Mila\",\"DZ-44\":\"A\\u00efn Defla\",\"DZ-45\":\"Naama\",\"DZ-46\":\"A\\u00efn T\\u00e9mouchent\",\"DZ-47\":\"Gharda\\u00efa\",\"DZ-48\":\"Relizane\"},\"EE\":[],\"EC\":{\"EC-A\":\"Azuay\",\"EC-B\":\"Bol\\u00edvar\",\"EC-F\":\"Ca\\u00f1ar\",\"EC-C\":\"Carchi\",\"EC-H\":\"Chimborazo\",\"EC-X\":\"Cotopaxi\",\"EC-O\":\"El Oro\",\"EC-E\":\"Esmeraldas\",\"EC-W\":\"Gal\\u00e1pagos\",\"EC-G\":\"Guayas\",\"EC-I\":\"Imbabura\",\"EC-L\":\"Loja\",\"EC-R\":\"Los R\\u00edos\",\"EC-M\":\"Manab\\u00ed\",\"EC-S\":\"Morona-Santiago\",\"EC-N\":\"Napo\",\"EC-D\":\"Orellana\",\"EC-Y\":\"Pastaza\",\"EC-P\":\"Pichincha\",\"EC-SE\":\"Santa Elena\",\"EC-SD\":\"Santo Domingo de los Ts\\u00e1chilas\",\"EC-U\":\"Sucumb\\u00edos\",\"EC-T\":\"Tungurahua\",\"EC-Z\":\"Zamora-Chinchipe\"},\"EG\":{\"EGALX\":\"Alexandria\",\"EGASN\":\"Aswan\",\"EGAST\":\"Asyut\",\"EGBA\":\"Red Sea\",\"EGBH\":\"Beheira\",\"EGBNS\":\"Beni Suef\",\"EGC\":\"Cairo\",\"EGDK\":\"Dakahlia\",\"EGDT\":\"Damietta\",\"EGFYM\":\"Faiyum\",\"EGGH\":\"Gharbia\",\"EGGZ\":\"Giza\",\"EGIS\":\"Ismailia\",\"EGJS\":\"South Sinai\",\"EGKB\":\"Qalyubia\",\"EGKFS\":\"Kafr el-Sheikh\",\"EGKN\":\"Qena\",\"EGLX\":\"Luxor\",\"EGMN\":\"Minya\",\"EGMNF\":\"Monufia\",\"EGMT\":\"Matrouh\",\"EGPTS\":\"Port Said\",\"EGSHG\":\"Sohag\",\"EGSHR\":\"Al Sharqia\",\"EGSIN\":\"North Sinai\",\"EGSUZ\":\"Suez\",\"EGWAD\":\"New Valley\"},\"ES\":{\"C\":\"A Coru\\u00f1a\",\"VI\":\"Araba\\\/\\u00c1lava\",\"AB\":\"Albacete\",\"A\":\"Alicante\",\"AL\":\"Almer\\u00eda\",\"O\":\"Asturias\",\"AV\":\"\\u00c1vila\",\"BA\":\"Badajoz\",\"PM\":\"Baleares\",\"B\":\"Barcelona\",\"BU\":\"Burgos\",\"CC\":\"C\\u00e1ceres\",\"CA\":\"C\\u00e1diz\",\"S\":\"Cantabria\",\"CS\":\"Castell\\u00f3n\",\"CE\":\"Ceuta\",\"CR\":\"Ciudad Real\",\"CO\":\"C\\u00f3rdoba\",\"CU\":\"Cuenca\",\"GI\":\"Girona\",\"GR\":\"Granada\",\"GU\":\"Guadalajara\",\"SS\":\"Gipuzkoa\",\"H\":\"Huelva\",\"HU\":\"Huesca\",\"J\":\"Ja\\u00e9n\",\"LO\":\"La Rioja\",\"GC\":\"Las Palmas\",\"LE\":\"Le\\u00f3n\",\"L\":\"Lleida\",\"LU\":\"Lugo\",\"M\":\"Madrid\",\"MA\":\"M\\u00e1laga\",\"ML\":\"Melilla\",\"MU\":\"Murcia\",\"NA\":\"Navarra\",\"OR\":\"Ourense\",\"P\":\"Palencia\",\"PO\":\"Pontevedra\",\"SA\":\"Salamanca\",\"TF\":\"Santa Cruz de Tenerife\",\"SG\":\"Segovia\",\"SE\":\"Sevilla\",\"SO\":\"Soria\",\"T\":\"Tarragona\",\"TE\":\"Teruel\",\"TO\":\"Toledo\",\"V\":\"Valencia\",\"VA\":\"Valladolid\",\"BI\":\"Biscay\",\"ZA\":\"Zamora\",\"Z\":\"Zaragoza\"},\"FI\":[],\"FR\":[],\"GF\":[],\"GH\":{\"AF\":\"Ahafo\",\"AH\":\"Ashanti\",\"BA\":\"Brong-Ahafo\",\"BO\":\"Bono\",\"BE\":\"Bono East\",\"CP\":\"Central\",\"EP\":\"Eastern\",\"AA\":\"Greater Accra\",\"NE\":\"North East\",\"NP\":\"Northern\",\"OT\":\"Oti\",\"SV\":\"Savannah\",\"UE\":\"Upper East\",\"UW\":\"Upper West\",\"TV\":\"Volta\",\"WP\":\"Western\",\"WN\":\"Western North\"},\"GP\":[],\"GR\":{\"I\":\"Attica\",\"A\":\"East Macedonia and Thrace\",\"B\":\"Central Macedonia\",\"C\":\"West Macedonia\",\"D\":\"Epirus\",\"E\":\"Thessaly\",\"F\":\"Ionian Islands\",\"G\":\"West Greece\",\"H\":\"Central Greece\",\"J\":\"Peloponnese\",\"K\":\"North Aegean\",\"L\":\"South Aegean\",\"M\":\"Crete\"},\"GT\":{\"GT-AV\":\"Alta Verapaz\",\"GT-BV\":\"Baja Verapaz\",\"GT-CM\":\"Chimaltenango\",\"GT-CQ\":\"Chiquimula\",\"GT-PR\":\"El Progreso\",\"GT-ES\":\"Escuintla\",\"GT-GU\":\"Guatemala\",\"GT-HU\":\"Huehuetenango\",\"GT-IZ\":\"Izabal\",\"GT-JA\":\"Jalapa\",\"GT-JU\":\"Jutiapa\",\"GT-PE\":\"Pet\\u00e9n\",\"GT-QZ\":\"Quetzaltenango\",\"GT-QC\":\"Quich\\u00e9\",\"GT-RE\":\"Retalhuleu\",\"GT-SA\":\"Sacatep\\u00e9quez\",\"GT-SM\":\"San Marcos\",\"GT-SR\":\"Santa Rosa\",\"GT-SO\":\"Solol\\u00e1\",\"GT-SU\":\"Suchitep\\u00e9quez\",\"GT-TO\":\"Totonicap\\u00e1n\",\"GT-ZA\":\"Zacapa\"},\"HK\":{\"HONG KONG\":\"Hong Kong Island\",\"KOWLOON\":\"Kowloon\",\"NEW TERRITORIES\":\"New Territories\"},\"HN\":{\"HN-AT\":\"Atl\\u00e1ntida\",\"HN-IB\":\"Bay Islands\",\"HN-CH\":\"Choluteca\",\"HN-CL\":\"Col\\u00f3n\",\"HN-CM\":\"Comayagua\",\"HN-CP\":\"Cop\\u00e1n\",\"HN-CR\":\"Cort\\u00e9s\",\"HN-EP\":\"El Para\\u00edso\",\"HN-FM\":\"Francisco Moraz\\u00e1n\",\"HN-GD\":\"Gracias a Dios\",\"HN-IN\":\"Intibuc\\u00e1\",\"HN-LE\":\"Lempira\",\"HN-LP\":\"La Paz\",\"HN-OC\":\"Ocotepeque\",\"HN-OL\":\"Olancho\",\"HN-SB\":\"Santa B\\u00e1rbara\",\"HN-VA\":\"Valle\",\"HN-YO\":\"Yoro\"},\"HU\":{\"BK\":\"B\\u00e1cs-Kiskun\",\"BE\":\"B\\u00e9k\\u00e9s\",\"BA\":\"Baranya\",\"BZ\":\"Borsod-Aba\\u00faj-Zempl\\u00e9n\",\"BU\":\"Budapest\",\"CS\":\"Csongr\\u00e1d-Csan\\u00e1d\",\"FE\":\"Fej\\u00e9r\",\"GS\":\"Gy\\u0151r-Moson-Sopron\",\"HB\":\"Hajd\\u00fa-Bihar\",\"HE\":\"Heves\",\"JN\":\"J\\u00e1sz-Nagykun-Szolnok\",\"KE\":\"Kom\\u00e1rom-Esztergom\",\"NO\":\"N\\u00f3gr\\u00e1d\",\"PE\":\"Pest\",\"SO\":\"Somogy\",\"SZ\":\"Szabolcs-Szatm\\u00e1r-Bereg\",\"TO\":\"Tolna\",\"VA\":\"Vas\",\"VE\":\"Veszpr\\u00e9m\",\"ZA\":\"Zala\"},\"ID\":{\"AC\":\"Daerah Istimewa Aceh\",\"SU\":\"Sumatera Utara\",\"SB\":\"Sumatera Barat\",\"RI\":\"Riau\",\"KR\":\"Kepulauan Riau\",\"JA\":\"Jambi\",\"SS\":\"Sumatera Selatan\",\"BB\":\"Bangka Belitung\",\"BE\":\"Bengkulu\",\"LA\":\"Lampung\",\"JK\":\"DKI Jakarta\",\"JB\":\"Jawa Barat\",\"BT\":\"Banten\",\"JT\":\"Jawa Tengah\",\"JI\":\"Jawa Timur\",\"YO\":\"Daerah Istimewa Yogyakarta\",\"BA\":\"Bali\",\"NB\":\"Nusa Tenggara Barat\",\"NT\":\"Nusa Tenggara Timur\",\"KB\":\"Kalimantan Barat\",\"KT\":\"Kalimantan Tengah\",\"KI\":\"Kalimantan Timur\",\"KS\":\"Kalimantan Selatan\",\"KU\":\"Kalimantan Utara\",\"SA\":\"Sulawesi Utara\",\"ST\":\"Sulawesi Tengah\",\"SG\":\"Sulawesi Tenggara\",\"SR\":\"Sulawesi Barat\",\"SN\":\"Sulawesi Selatan\",\"GO\":\"Gorontalo\",\"MA\":\"Maluku\",\"MU\":\"Maluku Utara\",\"PA\":\"Papua\",\"PB\":\"Papua Barat\"},\"IE\":{\"CW\":\"Carlow\",\"CN\":\"Cavan\",\"CE\":\"Clare\",\"CO\":\"Cork\",\"DL\":\"Donegal\",\"D\":\"Dublin\",\"G\":\"Galway\",\"KY\":\"Kerry\",\"KE\":\"Kildare\",\"KK\":\"Kilkenny\",\"LS\":\"Laois\",\"LM\":\"Leitrim\",\"LK\":\"Limerick\",\"LD\":\"Longford\",\"LH\":\"Louth\",\"MO\":\"Mayo\",\"MH\":\"Meath\",\"MN\":\"Monaghan\",\"OY\":\"Offaly\",\"RN\":\"Roscommon\",\"SO\":\"Sligo\",\"TA\":\"Tipperary\",\"WD\":\"Waterford\",\"WH\":\"Westmeath\",\"WX\":\"Wexford\",\"WW\":\"Wicklow\"},\"IN\":{\"AP\":\"Andhra Pradesh\",\"AR\":\"Arunachal Pradesh\",\"AS\":\"Assam\",\"BR\":\"Bihar\",\"CT\":\"Chhattisgarh\",\"GA\":\"Goa\",\"GJ\":\"Gujarat\",\"HR\":\"Haryana\",\"HP\":\"Himachal Pradesh\",\"JK\":\"Jammu and Kashmir\",\"JH\":\"Jharkhand\",\"KA\":\"Karnataka\",\"KL\":\"Kerala\",\"LA\":\"Ladakh\",\"MP\":\"Madhya Pradesh\",\"MH\":\"Maharashtra\",\"MN\":\"Manipur\",\"ML\":\"Meghalaya\",\"MZ\":\"Mizoram\",\"NL\":\"Nagaland\",\"OR\":\"Odisha\",\"PB\":\"Punjab\",\"RJ\":\"Rajasthan\",\"SK\":\"Sikkim\",\"TN\":\"Tamil Nadu\",\"TS\":\"Telangana\",\"TR\":\"Tripura\",\"UK\":\"Uttarakhand\",\"UP\":\"Uttar Pradesh\",\"WB\":\"West Bengal\",\"AN\":\"Andaman and Nicobar Islands\",\"CH\":\"Chandigarh\",\"DN\":\"Dadra and Nagar Haveli\",\"DD\":\"Daman and Diu\",\"DL\":\"Delhi\",\"LD\":\"Lakshadeep\",\"PY\":\"Pondicherry (Puducherry)\"},\"IR\":{\"KHZ\":\"Khuzestan (\\u062e\\u0648\\u0632\\u0633\\u062a\\u0627\\u0646)\",\"THR\":\"Tehran (\\u062a\\u0647\\u0631\\u0627\\u0646)\",\"ILM\":\"Ilaam (\\u0627\\u06cc\\u0644\\u0627\\u0645)\",\"BHR\":\"Bushehr (\\u0628\\u0648\\u0634\\u0647\\u0631)\",\"ADL\":\"Ardabil (\\u0627\\u0631\\u062f\\u0628\\u06cc\\u0644)\",\"ESF\":\"Isfahan (\\u0627\\u0635\\u0641\\u0647\\u0627\\u0646)\",\"YZD\":\"Yazd (\\u06cc\\u0632\\u062f)\",\"KRH\":\"Kermanshah (\\u06a9\\u0631\\u0645\\u0627\\u0646\\u0634\\u0627\\u0647)\",\"KRN\":\"Kerman (\\u06a9\\u0631\\u0645\\u0627\\u0646)\",\"HDN\":\"Hamadan (\\u0647\\u0645\\u062f\\u0627\\u0646)\",\"GZN\":\"Ghazvin (\\u0642\\u0632\\u0648\\u06cc\\u0646)\",\"ZJN\":\"Zanjan (\\u0632\\u0646\\u062c\\u0627\\u0646)\",\"LRS\":\"Luristan (\\u0644\\u0631\\u0633\\u062a\\u0627\\u0646)\",\"ABZ\":\"Alborz (\\u0627\\u0644\\u0628\\u0631\\u0632)\",\"EAZ\":\"East Azarbaijan (\\u0622\\u0630\\u0631\\u0628\\u0627\\u06cc\\u062c\\u0627\\u0646 \\u0634\\u0631\\u0642\\u06cc)\",\"WAZ\":\"West Azarbaijan (\\u0622\\u0630\\u0631\\u0628\\u0627\\u06cc\\u062c\\u0627\\u0646 \\u063a\\u0631\\u0628\\u06cc)\",\"CHB\":\"Chaharmahal and Bakhtiari (\\u0686\\u0647\\u0627\\u0631\\u0645\\u062d\\u0627\\u0644 \\u0648 \\u0628\\u062e\\u062a\\u06cc\\u0627\\u0631\\u06cc)\",\"SKH\":\"South Khorasan (\\u062e\\u0631\\u0627\\u0633\\u0627\\u0646 \\u062c\\u0646\\u0648\\u0628\\u06cc)\",\"RKH\":\"Razavi Khorasan (\\u062e\\u0631\\u0627\\u0633\\u0627\\u0646 \\u0631\\u0636\\u0648\\u06cc)\",\"NKH\":\"North Khorasan (\\u062e\\u0631\\u0627\\u0633\\u0627\\u0646 \\u0634\\u0645\\u0627\\u0644\\u06cc)\",\"SMN\":\"Semnan (\\u0633\\u0645\\u0646\\u0627\\u0646)\",\"FRS\":\"Fars (\\u0641\\u0627\\u0631\\u0633)\",\"QHM\":\"Qom (\\u0642\\u0645)\",\"KRD\":\"Kurdistan \\\/ \\u06a9\\u0631\\u062f\\u0633\\u062a\\u0627\\u0646)\",\"KBD\":\"Kohgiluyeh and BoyerAhmad (\\u06a9\\u0647\\u06af\\u06cc\\u0644\\u0648\\u06cc\\u06cc\\u0647 \\u0648 \\u0628\\u0648\\u06cc\\u0631\\u0627\\u062d\\u0645\\u062f)\",\"GLS\":\"Golestan (\\u06af\\u0644\\u0633\\u062a\\u0627\\u0646)\",\"GIL\":\"Gilan (\\u06af\\u06cc\\u0644\\u0627\\u0646)\",\"MZN\":\"Mazandaran (\\u0645\\u0627\\u0632\\u0646\\u062f\\u0631\\u0627\\u0646)\",\"MKZ\":\"Markazi (\\u0645\\u0631\\u06a9\\u0632\\u06cc)\",\"HRZ\":\"Hormozgan (\\u0647\\u0631\\u0645\\u0632\\u06af\\u0627\\u0646)\",\"SBN\":\"Sistan and Baluchestan (\\u0633\\u06cc\\u0633\\u062a\\u0627\\u0646 \\u0648 \\u0628\\u0644\\u0648\\u0686\\u0633\\u062a\\u0627\\u0646)\"},\"IS\":[],\"IT\":{\"AG\":\"Agrigento\",\"AL\":\"Alessandria\",\"AN\":\"Ancona\",\"AO\":\"Aosta\",\"AR\":\"Arezzo\",\"AP\":\"Ascoli Piceno\",\"AT\":\"Asti\",\"AV\":\"Avellino\",\"BA\":\"Bari\",\"BT\":\"Barletta-Andria-Trani\",\"BL\":\"Belluno\",\"BN\":\"Benevento\",\"BG\":\"Bergamo\",\"BI\":\"Biella\",\"BO\":\"Bologna\",\"BZ\":\"Bolzano\",\"BS\":\"Brescia\",\"BR\":\"Brindisi\",\"CA\":\"Cagliari\",\"CL\":\"Caltanissetta\",\"CB\":\"Campobasso\",\"CE\":\"Caserta\",\"CT\":\"Catania\",\"CZ\":\"Catanzaro\",\"CH\":\"Chieti\",\"CO\":\"Como\",\"CS\":\"Cosenza\",\"CR\":\"Cremona\",\"KR\":\"Crotone\",\"CN\":\"Cuneo\",\"EN\":\"Enna\",\"FM\":\"Fermo\",\"FE\":\"Ferrara\",\"FI\":\"Firenze\",\"FG\":\"Foggia\",\"FC\":\"Forl\\u00ec-Cesena\",\"FR\":\"Frosinone\",\"GE\":\"Genova\",\"GO\":\"Gorizia\",\"GR\":\"Grosseto\",\"IM\":\"Imperia\",\"IS\":\"Isernia\",\"SP\":\"La Spezia\",\"AQ\":\"L'Aquila\",\"LT\":\"Latina\",\"LE\":\"Lecce\",\"LC\":\"Lecco\",\"LI\":\"Livorno\",\"LO\":\"Lodi\",\"LU\":\"Lucca\",\"MC\":\"Macerata\",\"MN\":\"Mantova\",\"MS\":\"Massa-Carrara\",\"MT\":\"Matera\",\"ME\":\"Messina\",\"MI\":\"Milano\",\"MO\":\"Modena\",\"MB\":\"Monza e della Brianza\",\"NA\":\"Napoli\",\"NO\":\"Novara\",\"NU\":\"Nuoro\",\"OR\":\"Oristano\",\"PD\":\"Padova\",\"PA\":\"Palermo\",\"PR\":\"Parma\",\"PV\":\"Pavia\",\"PG\":\"Perugia\",\"PU\":\"Pesaro e Urbino\",\"PE\":\"Pescara\",\"PC\":\"Piacenza\",\"PI\":\"Pisa\",\"PT\":\"Pistoia\",\"PN\":\"Pordenone\",\"PZ\":\"Potenza\",\"PO\":\"Prato\",\"RG\":\"Ragusa\",\"RA\":\"Ravenna\",\"RC\":\"Reggio Calabria\",\"RE\":\"Reggio Emilia\",\"RI\":\"Rieti\",\"RN\":\"Rimini\",\"RM\":\"Roma\",\"RO\":\"Rovigo\",\"SA\":\"Salerno\",\"SS\":\"Sassari\",\"SV\":\"Savona\",\"SI\":\"Siena\",\"SR\":\"Siracusa\",\"SO\":\"Sondrio\",\"SU\":\"Sud Sardegna\",\"TA\":\"Taranto\",\"TE\":\"Teramo\",\"TR\":\"Terni\",\"TO\":\"Torino\",\"TP\":\"Trapani\",\"TN\":\"Trento\",\"TV\":\"Treviso\",\"TS\":\"Trieste\",\"UD\":\"Udine\",\"VA\":\"Varese\",\"VE\":\"Venezia\",\"VB\":\"Verbano-Cusio-Ossola\",\"VC\":\"Vercelli\",\"VR\":\"Verona\",\"VV\":\"Vibo Valentia\",\"VI\":\"Vicenza\",\"VT\":\"Viterbo\"},\"IL\":[],\"IM\":[],\"JM\":{\"JM-01\":\"Kingston\",\"JM-02\":\"Saint Andrew\",\"JM-03\":\"Saint Thomas\",\"JM-04\":\"Portland\",\"JM-05\":\"Saint Mary\",\"JM-06\":\"Saint Ann\",\"JM-07\":\"Trelawny\",\"JM-08\":\"Saint James\",\"JM-09\":\"Hanover\",\"JM-10\":\"Westmoreland\",\"JM-11\":\"Saint Elizabeth\",\"JM-12\":\"Manchester\",\"JM-13\":\"Clarendon\",\"JM-14\":\"Saint Catherine\"},\"JP\":{\"JP01\":\"Hokkaido\",\"JP02\":\"Aomori\",\"JP03\":\"Iwate\",\"JP04\":\"Miyagi\",\"JP05\":\"Akita\",\"JP06\":\"Yamagata\",\"JP07\":\"Fukushima\",\"JP08\":\"Ibaraki\",\"JP09\":\"Tochigi\",\"JP10\":\"Gunma\",\"JP11\":\"Saitama\",\"JP12\":\"Chiba\",\"JP13\":\"Tokyo\",\"JP14\":\"Kanagawa\",\"JP15\":\"Niigata\",\"JP16\":\"Toyama\",\"JP17\":\"Ishikawa\",\"JP18\":\"Fukui\",\"JP19\":\"Yamanashi\",\"JP20\":\"Nagano\",\"JP21\":\"Gifu\",\"JP22\":\"Shizuoka\",\"JP23\":\"Aichi\",\"JP24\":\"Mie\",\"JP25\":\"Shiga\",\"JP26\":\"Kyoto\",\"JP27\":\"Osaka\",\"JP28\":\"Hyogo\",\"JP29\":\"Nara\",\"JP30\":\"Wakayama\",\"JP31\":\"Tottori\",\"JP32\":\"Shimane\",\"JP33\":\"Okayama\",\"JP34\":\"Hiroshima\",\"JP35\":\"Yamaguchi\",\"JP36\":\"Tokushima\",\"JP37\":\"Kagawa\",\"JP38\":\"Ehime\",\"JP39\":\"Kochi\",\"JP40\":\"Fukuoka\",\"JP41\":\"Saga\",\"JP42\":\"Nagasaki\",\"JP43\":\"Kumamoto\",\"JP44\":\"Oita\",\"JP45\":\"Miyazaki\",\"JP46\":\"Kagoshima\",\"JP47\":\"Okinawa\"},\"KE\":{\"KE01\":\"Baringo\",\"KE02\":\"Bomet\",\"KE03\":\"Bungoma\",\"KE04\":\"Busia\",\"KE05\":\"Elgeyo-Marakwet\",\"KE06\":\"Embu\",\"KE07\":\"Garissa\",\"KE08\":\"Homa Bay\",\"KE09\":\"Isiolo\",\"KE10\":\"Kajiado\",\"KE11\":\"Kakamega\",\"KE12\":\"Kericho\",\"KE13\":\"Kiambu\",\"KE14\":\"Kilifi\",\"KE15\":\"Kirinyaga\",\"KE16\":\"Kisii\",\"KE17\":\"Kisumu\",\"KE18\":\"Kitui\",\"KE19\":\"Kwale\",\"KE20\":\"Laikipia\",\"KE21\":\"Lamu\",\"KE22\":\"Machakos\",\"KE23\":\"Makueni\",\"KE24\":\"Mandera\",\"KE25\":\"Marsabit\",\"KE26\":\"Meru\",\"KE27\":\"Migori\",\"KE28\":\"Mombasa\",\"KE29\":\"Murang\\u2019a\",\"KE30\":\"Nairobi County\",\"KE31\":\"Nakuru\",\"KE32\":\"Nandi\",\"KE33\":\"Narok\",\"KE34\":\"Nyamira\",\"KE35\":\"Nyandarua\",\"KE36\":\"Nyeri\",\"KE37\":\"Samburu\",\"KE38\":\"Siaya\",\"KE39\":\"Taita-Taveta\",\"KE40\":\"Tana River\",\"KE41\":\"Tharaka-Nithi\",\"KE42\":\"Trans Nzoia\",\"KE43\":\"Turkana\",\"KE44\":\"Uasin Gishu\",\"KE45\":\"Vihiga\",\"KE46\":\"Wajir\",\"KE47\":\"West Pokot\"},\"KR\":[],\"KW\":[],\"LA\":{\"AT\":\"Attapeu\",\"BK\":\"Bokeo\",\"BL\":\"Bolikhamsai\",\"CH\":\"Champasak\",\"HO\":\"Houaphanh\",\"KH\":\"Khammouane\",\"LM\":\"Luang Namtha\",\"LP\":\"Luang Prabang\",\"OU\":\"Oudomxay\",\"PH\":\"Phongsaly\",\"SL\":\"Salavan\",\"SV\":\"Savannakhet\",\"VI\":\"Vientiane Province\",\"VT\":\"Vientiane\",\"XA\":\"Sainyabuli\",\"XE\":\"Sekong\",\"XI\":\"Xiangkhouang\",\"XS\":\"Xaisomboun\"},\"LB\":[],\"LI\":[],\"LR\":{\"BM\":\"Bomi\",\"BN\":\"Bong\",\"GA\":\"Gbarpolu\",\"GB\":\"Grand Bassa\",\"GC\":\"Grand Cape Mount\",\"GG\":\"Grand Gedeh\",\"GK\":\"Grand Kru\",\"LO\":\"Lofa\",\"MA\":\"Margibi\",\"MY\":\"Maryland\",\"MO\":\"Montserrado\",\"NM\":\"Nimba\",\"RV\":\"Rivercess\",\"RG\":\"River Gee\",\"SN\":\"Sinoe\"},\"LU\":[],\"MD\":{\"C\":\"Chi\\u0219in\\u0103u\",\"BL\":\"B\\u0103l\\u021bi\",\"AN\":\"Anenii Noi\",\"BS\":\"Basarabeasca\",\"BR\":\"Briceni\",\"CH\":\"Cahul\",\"CT\":\"Cantemir\",\"CL\":\"C\\u0103l\\u0103ra\\u0219i\",\"CS\":\"C\\u0103u\\u0219eni\",\"CM\":\"Cimi\\u0219lia\",\"CR\":\"Criuleni\",\"DN\":\"Dondu\\u0219eni\",\"DR\":\"Drochia\",\"DB\":\"Dub\\u0103sari\",\"ED\":\"Edine\\u021b\",\"FL\":\"F\\u0103le\\u0219ti\",\"FR\":\"Flore\\u0219ti\",\"GE\":\"UTA G\\u0103g\\u0103uzia\",\"GL\":\"Glodeni\",\"HN\":\"H\\u00eence\\u0219ti\",\"IL\":\"Ialoveni\",\"LV\":\"Leova\",\"NS\":\"Nisporeni\",\"OC\":\"Ocni\\u021ba\",\"OR\":\"Orhei\",\"RZ\":\"Rezina\",\"RS\":\"R\\u00ee\\u0219cani\",\"SG\":\"S\\u00eengerei\",\"SR\":\"Soroca\",\"ST\":\"Str\\u0103\\u0219eni\",\"SD\":\"\\u0218old\\u0103ne\\u0219ti\",\"SV\":\"\\u0218tefan Vod\\u0103\",\"TR\":\"Taraclia\",\"TL\":\"Telene\\u0219ti\",\"UN\":\"Ungheni\"},\"MF\":[],\"MQ\":[],\"MT\":[],\"MX\":{\"DF\":\"Ciudad de M\\u00e9xico\",\"JA\":\"Jalisco\",\"NL\":\"Nuevo Le\\u00f3n\",\"AG\":\"Aguascalientes\",\"BC\":\"Baja California\",\"BS\":\"Baja California Sur\",\"CM\":\"Campeche\",\"CS\":\"Chiapas\",\"CH\":\"Chihuahua\",\"CO\":\"Coahuila\",\"CL\":\"Colima\",\"DG\":\"Durango\",\"GT\":\"Guanajuato\",\"GR\":\"Guerrero\",\"HG\":\"Hidalgo\",\"MX\":\"Estado de M\\u00e9xico\",\"MI\":\"Michoac\\u00e1n\",\"MO\":\"Morelos\",\"NA\":\"Nayarit\",\"OA\":\"Oaxaca\",\"PU\":\"Puebla\",\"QT\":\"Quer\\u00e9taro\",\"QR\":\"Quintana Roo\",\"SL\":\"San Luis Potos\\u00ed\",\"SI\":\"Sinaloa\",\"SO\":\"Sonora\",\"TB\":\"Tabasco\",\"TM\":\"Tamaulipas\",\"TL\":\"Tlaxcala\",\"VE\":\"Veracruz\",\"YU\":\"Yucat\\u00e1n\",\"ZA\":\"Zacatecas\"},\"MY\":{\"JHR\":\"Johor\",\"KDH\":\"Kedah\",\"KTN\":\"Kelantan\",\"LBN\":\"Labuan\",\"MLK\":\"Malacca (Melaka)\",\"NSN\":\"Negeri Sembilan\",\"PHG\":\"Pahang\",\"PNG\":\"Penang (Pulau Pinang)\",\"PRK\":\"Perak\",\"PLS\":\"Perlis\",\"SBH\":\"Sabah\",\"SWK\":\"Sarawak\",\"SGR\":\"Selangor\",\"TRG\":\"Terengganu\",\"PJY\":\"Putrajaya\",\"KUL\":\"Kuala Lumpur\"},\"MZ\":{\"MZP\":\"Cabo Delgado\",\"MZG\":\"Gaza\",\"MZI\":\"Inhambane\",\"MZB\":\"Manica\",\"MZL\":\"Maputo Province\",\"MZMPM\":\"Maputo\",\"MZN\":\"Nampula\",\"MZA\":\"Niassa\",\"MZS\":\"Sofala\",\"MZT\":\"Tete\",\"MZQ\":\"Zamb\\u00e9zia\"},\"NA\":{\"ER\":\"Erongo\",\"HA\":\"Hardap\",\"KA\":\"Karas\",\"KE\":\"Kavango East\",\"KW\":\"Kavango West\",\"KH\":\"Khomas\",\"KU\":\"Kunene\",\"OW\":\"Ohangwena\",\"OH\":\"Omaheke\",\"OS\":\"Omusati\",\"ON\":\"Oshana\",\"OT\":\"Oshikoto\",\"OD\":\"Otjozondjupa\",\"CA\":\"Zambezi\"},\"NG\":{\"AB\":\"Abia\",\"FC\":\"Abuja\",\"AD\":\"Adamawa\",\"AK\":\"Akwa Ibom\",\"AN\":\"Anambra\",\"BA\":\"Bauchi\",\"BY\":\"Bayelsa\",\"BE\":\"Benue\",\"BO\":\"Borno\",\"CR\":\"Cross River\",\"DE\":\"Delta\",\"EB\":\"Ebonyi\",\"ED\":\"Edo\",\"EK\":\"Ekiti\",\"EN\":\"Enugu\",\"GO\":\"Gombe\",\"IM\":\"Imo\",\"JI\":\"Jigawa\",\"KD\":\"Kaduna\",\"KN\":\"Kano\",\"KT\":\"Katsina\",\"KE\":\"Kebbi\",\"KO\":\"Kogi\",\"KW\":\"Kwara\",\"LA\":\"Lagos\",\"NA\":\"Nasarawa\",\"NI\":\"Niger\",\"OG\":\"Ogun\",\"ON\":\"Ondo\",\"OS\":\"Osun\",\"OY\":\"Oyo\",\"PL\":\"Plateau\",\"RI\":\"Rivers\",\"SO\":\"Sokoto\",\"TA\":\"Taraba\",\"YO\":\"Yobe\",\"ZA\":\"Zamfara\"},\"NL\":[],\"NO\":[],\"NP\":{\"BAG\":\"Bagmati\",\"BHE\":\"Bheri\",\"DHA\":\"Dhaulagiri\",\"GAN\":\"Gandaki\",\"JAN\":\"Janakpur\",\"KAR\":\"Karnali\",\"KOS\":\"Koshi\",\"LUM\":\"Lumbini\",\"MAH\":\"Mahakali\",\"MEC\":\"Mechi\",\"NAR\":\"Narayani\",\"RAP\":\"Rapti\",\"SAG\":\"Sagarmatha\",\"SET\":\"Seti\"},\"NI\":{\"NI-AN\":\"Atl\\u00e1ntico Norte\",\"NI-AS\":\"Atl\\u00e1ntico Sur\",\"NI-BO\":\"Boaco\",\"NI-CA\":\"Carazo\",\"NI-CI\":\"Chinandega\",\"NI-CO\":\"Chontales\",\"NI-ES\":\"Estel\\u00ed\",\"NI-GR\":\"Granada\",\"NI-JI\":\"Jinotega\",\"NI-LE\":\"Le\\u00f3n\",\"NI-MD\":\"Madriz\",\"NI-MN\":\"Managua\",\"NI-MS\":\"Masaya\",\"NI-MT\":\"Matagalpa\",\"NI-NS\":\"Nueva Segovia\",\"NI-RI\":\"Rivas\",\"NI-SJ\":\"R\\u00edo San Juan\"},\"NZ\":{\"NTL\":\"Northland\",\"AUK\":\"Auckland\",\"WKO\":\"Waikato\",\"BOP\":\"Bay of Plenty\",\"TKI\":\"Taranaki\",\"GIS\":\"Gisborne\",\"HKB\":\"Hawke\\u2019s Bay\",\"MWT\":\"Manawatu-Wanganui\",\"WGN\":\"Wellington\",\"NSN\":\"Nelson\",\"MBH\":\"Marlborough\",\"TAS\":\"Tasman\",\"WTC\":\"West Coast\",\"CAN\":\"Canterbury\",\"OTA\":\"Otago\",\"STL\":\"Southland\"},\"PA\":{\"PA-1\":\"Bocas del Toro\",\"PA-2\":\"Cocl\\u00e9\",\"PA-3\":\"Col\\u00f3n\",\"PA-4\":\"Chiriqu\\u00ed\",\"PA-5\":\"Dari\\u00e9n\",\"PA-6\":\"Herrera\",\"PA-7\":\"Los Santos\",\"PA-8\":\"Panam\\u00e1\",\"PA-9\":\"Veraguas\",\"PA-10\":\"West Panam\\u00e1\",\"PA-EM\":\"Ember\\u00e1\",\"PA-KY\":\"Guna Yala\",\"PA-NB\":\"Ng\\u00f6be-Bugl\\u00e9\"},\"PE\":{\"CAL\":\"El Callao\",\"LMA\":\"Municipalidad Metropolitana de Lima\",\"AMA\":\"Amazonas\",\"ANC\":\"Ancash\",\"APU\":\"Apur\\u00edmac\",\"ARE\":\"Arequipa\",\"AYA\":\"Ayacucho\",\"CAJ\":\"Cajamarca\",\"CUS\":\"Cusco\",\"HUV\":\"Huancavelica\",\"HUC\":\"Hu\\u00e1nuco\",\"ICA\":\"Ica\",\"JUN\":\"Jun\\u00edn\",\"LAL\":\"La Libertad\",\"LAM\":\"Lambayeque\",\"LIM\":\"Lima\",\"LOR\":\"Loreto\",\"MDD\":\"Madre de Dios\",\"MOQ\":\"Moquegua\",\"PAS\":\"Pasco\",\"PIU\":\"Piura\",\"PUN\":\"Puno\",\"SAM\":\"San Mart\\u00edn\",\"TAC\":\"Tacna\",\"TUM\":\"Tumbes\",\"UCA\":\"Ucayali\"},\"PH\":{\"ABR\":\"Abra\",\"AGN\":\"Agusan del Norte\",\"AGS\":\"Agusan del Sur\",\"AKL\":\"Aklan\",\"ALB\":\"Albay\",\"ANT\":\"Antique\",\"APA\":\"Apayao\",\"AUR\":\"Aurora\",\"BAS\":\"Basilan\",\"BAN\":\"Bataan\",\"BTN\":\"Batanes\",\"BTG\":\"Batangas\",\"BEN\":\"Benguet\",\"BIL\":\"Biliran\",\"BOH\":\"Bohol\",\"BUK\":\"Bukidnon\",\"BUL\":\"Bulacan\",\"CAG\":\"Cagayan\",\"CAN\":\"Camarines Norte\",\"CAS\":\"Camarines Sur\",\"CAM\":\"Camiguin\",\"CAP\":\"Capiz\",\"CAT\":\"Catanduanes\",\"CAV\":\"Cavite\",\"CEB\":\"Cebu\",\"COM\":\"Compostela Valley\",\"NCO\":\"Cotabato\",\"DAV\":\"Davao del Norte\",\"DAS\":\"Davao del Sur\",\"DAC\":\"Davao Occidental\",\"DAO\":\"Davao Oriental\",\"DIN\":\"Dinagat Islands\",\"EAS\":\"Eastern Samar\",\"GUI\":\"Guimaras\",\"IFU\":\"Ifugao\",\"ILN\":\"Ilocos Norte\",\"ILS\":\"Ilocos Sur\",\"ILI\":\"Iloilo\",\"ISA\":\"Isabela\",\"KAL\":\"Kalinga\",\"LUN\":\"La Union\",\"LAG\":\"Laguna\",\"LAN\":\"Lanao del Norte\",\"LAS\":\"Lanao del Sur\",\"LEY\":\"Leyte\",\"MAG\":\"Maguindanao\",\"MAD\":\"Marinduque\",\"MAS\":\"Masbate\",\"MSC\":\"Misamis Occidental\",\"MSR\":\"Misamis Oriental\",\"MOU\":\"Mountain Province\",\"NEC\":\"Negros Occidental\",\"NER\":\"Negros Oriental\",\"NSA\":\"Northern Samar\",\"NUE\":\"Nueva Ecija\",\"NUV\":\"Nueva Vizcaya\",\"MDC\":\"Occidental Mindoro\",\"MDR\":\"Oriental Mindoro\",\"PLW\":\"Palawan\",\"PAM\":\"Pampanga\",\"PAN\":\"Pangasinan\",\"QUE\":\"Quezon\",\"QUI\":\"Quirino\",\"RIZ\":\"Rizal\",\"ROM\":\"Romblon\",\"WSA\":\"Samar\",\"SAR\":\"Sarangani\",\"SIQ\":\"Siquijor\",\"SOR\":\"Sorsogon\",\"SCO\":\"South Cotabato\",\"SLE\":\"Southern Leyte\",\"SUK\":\"Sultan Kudarat\",\"SLU\":\"Sulu\",\"SUN\":\"Surigao del Norte\",\"SUR\":\"Surigao del Sur\",\"TAR\":\"Tarlac\",\"TAW\":\"Tawi-Tawi\",\"ZMB\":\"Zambales\",\"ZAN\":\"Zamboanga del Norte\",\"ZAS\":\"Zamboanga del Sur\",\"ZSI\":\"Zamboanga Sibugay\",\"00\":\"Metro Manila\"},\"PK\":{\"JK\":\"Azad Kashmir\",\"BA\":\"Balochistan\",\"TA\":\"FATA\",\"GB\":\"Gilgit Baltistan\",\"IS\":\"Islamabad Capital Territory\",\"KP\":\"Khyber Pakhtunkhwa\",\"PB\":\"Punjab\",\"SD\":\"Sindh\"},\"PL\":[],\"PR\":[],\"PT\":[],\"PY\":{\"PY-ASU\":\"Asunci\\u00f3n\",\"PY-1\":\"Concepci\\u00f3n\",\"PY-2\":\"San Pedro\",\"PY-3\":\"Cordillera\",\"PY-4\":\"Guair\\u00e1\",\"PY-5\":\"Caaguaz\\u00fa\",\"PY-6\":\"Caazap\\u00e1\",\"PY-7\":\"Itap\\u00faa\",\"PY-8\":\"Misiones\",\"PY-9\":\"Paraguar\\u00ed\",\"PY-10\":\"Alto Paran\\u00e1\",\"PY-11\":\"Central\",\"PY-12\":\"\\u00d1eembuc\\u00fa\",\"PY-13\":\"Amambay\",\"PY-14\":\"Canindey\\u00fa\",\"PY-15\":\"Presidente Hayes\",\"PY-16\":\"Alto Paraguay\",\"PY-17\":\"Boquer\\u00f3n\"},\"RE\":[],\"RO\":{\"AB\":\"Alba\",\"AR\":\"Arad\",\"AG\":\"Arge\\u0219\",\"BC\":\"Bac\\u0103u\",\"BH\":\"Bihor\",\"BN\":\"Bistri\\u021ba-N\\u0103s\\u0103ud\",\"BT\":\"Boto\\u0219ani\",\"BR\":\"Br\\u0103ila\",\"BV\":\"Bra\\u0219ov\",\"B\":\"Bucure\\u0219ti\",\"BZ\":\"Buz\\u0103u\",\"CL\":\"C\\u0103l\\u0103ra\\u0219i\",\"CS\":\"Cara\\u0219-Severin\",\"CJ\":\"Cluj\",\"CT\":\"Constan\\u021ba\",\"CV\":\"Covasna\",\"DB\":\"D\\u00e2mbovi\\u021ba\",\"DJ\":\"Dolj\",\"GL\":\"Gala\\u021bi\",\"GR\":\"Giurgiu\",\"GJ\":\"Gorj\",\"HR\":\"Harghita\",\"HD\":\"Hunedoara\",\"IL\":\"Ialomi\\u021ba\",\"IS\":\"Ia\\u0219i\",\"IF\":\"Ilfov\",\"MM\":\"Maramure\\u0219\",\"MH\":\"Mehedin\\u021bi\",\"MS\":\"Mure\\u0219\",\"NT\":\"Neam\\u021b\",\"OT\":\"Olt\",\"PH\":\"Prahova\",\"SJ\":\"S\\u0103laj\",\"SM\":\"Satu Mare\",\"SB\":\"Sibiu\",\"SV\":\"Suceava\",\"TR\":\"Teleorman\",\"TM\":\"Timi\\u0219\",\"TL\":\"Tulcea\",\"VL\":\"V\\u00e2lcea\",\"VS\":\"Vaslui\",\"VN\":\"Vrancea\"},\"SN\":{\"SNDB\":\"Diourbel\",\"SNDK\":\"Dakar\",\"SNFK\":\"Fatick\",\"SNKA\":\"Kaffrine\",\"SNKD\":\"Kolda\",\"SNKE\":\"K\\u00e9dougou\",\"SNKL\":\"Kaolack\",\"SNLG\":\"Louga\",\"SNMT\":\"Matam\",\"SNSE\":\"S\\u00e9dhiou\",\"SNSL\":\"Saint-Louis\",\"SNTC\":\"Tambacounda\",\"SNTH\":\"Thi\\u00e8s\",\"SNZG\":\"Ziguinchor\"},\"SG\":[],\"SK\":[],\"SI\":[],\"SV\":{\"SV-AH\":\"Ahuachap\\u00e1n\",\"SV-CA\":\"Caba\\u00f1as\",\"SV-CH\":\"Chalatenango\",\"SV-CU\":\"Cuscatl\\u00e1n\",\"SV-LI\":\"La Libertad\",\"SV-MO\":\"Moraz\\u00e1n\",\"SV-PA\":\"La Paz\",\"SV-SA\":\"Santa Ana\",\"SV-SM\":\"San Miguel\",\"SV-SO\":\"Sonsonate\",\"SV-SS\":\"San Salvador\",\"SV-SV\":\"San Vicente\",\"SV-UN\":\"La Uni\\u00f3n\",\"SV-US\":\"Usulut\\u00e1n\"},\"TH\":{\"TH-37\":\"Amnat Charoen\",\"TH-15\":\"Ang Thong\",\"TH-14\":\"Ayutthaya\",\"TH-10\":\"Bangkok\",\"TH-38\":\"Bueng Kan\",\"TH-31\":\"Buri Ram\",\"TH-24\":\"Chachoengsao\",\"TH-18\":\"Chai Nat\",\"TH-36\":\"Chaiyaphum\",\"TH-22\":\"Chanthaburi\",\"TH-50\":\"Chiang Mai\",\"TH-57\":\"Chiang Rai\",\"TH-20\":\"Chonburi\",\"TH-86\":\"Chumphon\",\"TH-46\":\"Kalasin\",\"TH-62\":\"Kamphaeng Phet\",\"TH-71\":\"Kanchanaburi\",\"TH-40\":\"Khon Kaen\",\"TH-81\":\"Krabi\",\"TH-52\":\"Lampang\",\"TH-51\":\"Lamphun\",\"TH-42\":\"Loei\",\"TH-16\":\"Lopburi\",\"TH-58\":\"Mae Hong Son\",\"TH-44\":\"Maha Sarakham\",\"TH-49\":\"Mukdahan\",\"TH-26\":\"Nakhon Nayok\",\"TH-73\":\"Nakhon Pathom\",\"TH-48\":\"Nakhon Phanom\",\"TH-30\":\"Nakhon Ratchasima\",\"TH-60\":\"Nakhon Sawan\",\"TH-80\":\"Nakhon Si Thammarat\",\"TH-55\":\"Nan\",\"TH-96\":\"Narathiwat\",\"TH-39\":\"Nong Bua Lam Phu\",\"TH-43\":\"Nong Khai\",\"TH-12\":\"Nonthaburi\",\"TH-13\":\"Pathum Thani\",\"TH-94\":\"Pattani\",\"TH-82\":\"Phang Nga\",\"TH-93\":\"Phatthalung\",\"TH-56\":\"Phayao\",\"TH-67\":\"Phetchabun\",\"TH-76\":\"Phetchaburi\",\"TH-66\":\"Phichit\",\"TH-65\":\"Phitsanulok\",\"TH-54\":\"Phrae\",\"TH-83\":\"Phuket\",\"TH-25\":\"Prachin Buri\",\"TH-77\":\"Prachuap Khiri Khan\",\"TH-85\":\"Ranong\",\"TH-70\":\"Ratchaburi\",\"TH-21\":\"Rayong\",\"TH-45\":\"Roi Et\",\"TH-27\":\"Sa Kaeo\",\"TH-47\":\"Sakon Nakhon\",\"TH-11\":\"Samut Prakan\",\"TH-74\":\"Samut Sakhon\",\"TH-75\":\"Samut Songkhram\",\"TH-19\":\"Saraburi\",\"TH-91\":\"Satun\",\"TH-17\":\"Sing Buri\",\"TH-33\":\"Sisaket\",\"TH-90\":\"Songkhla\",\"TH-64\":\"Sukhothai\",\"TH-72\":\"Suphan Buri\",\"TH-84\":\"Surat Thani\",\"TH-32\":\"Surin\",\"TH-63\":\"Tak\",\"TH-92\":\"Trang\",\"TH-23\":\"Trat\",\"TH-34\":\"Ubon Ratchathani\",\"TH-41\":\"Udon Thani\",\"TH-61\":\"Uthai Thani\",\"TH-53\":\"Uttaradit\",\"TH-95\":\"Yala\",\"TH-35\":\"Yasothon\"},\"TR\":{\"TR01\":\"Adana\",\"TR02\":\"Ad\\u0131yaman\",\"TR03\":\"Afyon\",\"TR04\":\"A\\u011fr\\u0131\",\"TR05\":\"Amasya\",\"TR06\":\"Ankara\",\"TR07\":\"Antalya\",\"TR08\":\"Artvin\",\"TR09\":\"Ayd\\u0131n\",\"TR10\":\"Bal\\u0131kesir\",\"TR11\":\"Bilecik\",\"TR12\":\"Bing\\u00f6l\",\"TR13\":\"Bitlis\",\"TR14\":\"Bolu\",\"TR15\":\"Burdur\",\"TR16\":\"Bursa\",\"TR17\":\"\\u00c7anakkale\",\"TR18\":\"\\u00c7ank\\u0131r\\u0131\",\"TR19\":\"\\u00c7orum\",\"TR20\":\"Denizli\",\"TR21\":\"Diyarbak\\u0131r\",\"TR22\":\"Edirne\",\"TR23\":\"Elaz\\u0131\\u011f\",\"TR24\":\"Erzincan\",\"TR25\":\"Erzurum\",\"TR26\":\"Eski\\u015fehir\",\"TR27\":\"Gaziantep\",\"TR28\":\"Giresun\",\"TR29\":\"G\\u00fcm\\u00fc\\u015fhane\",\"TR30\":\"Hakkari\",\"TR31\":\"Hatay\",\"TR32\":\"Isparta\",\"TR33\":\"\\u0130\\u00e7el\",\"TR34\":\"\\u0130stanbul\",\"TR35\":\"\\u0130zmir\",\"TR36\":\"Kars\",\"TR37\":\"Kastamonu\",\"TR38\":\"Kayseri\",\"TR39\":\"K\\u0131rklareli\",\"TR40\":\"K\\u0131r\\u015fehir\",\"TR41\":\"Kocaeli\",\"TR42\":\"Konya\",\"TR43\":\"K\\u00fctahya\",\"TR44\":\"Malatya\",\"TR45\":\"Manisa\",\"TR46\":\"Kahramanmara\\u015f\",\"TR47\":\"Mardin\",\"TR48\":\"Mu\\u011fla\",\"TR49\":\"Mu\\u015f\",\"TR50\":\"Nev\\u015fehir\",\"TR51\":\"Ni\\u011fde\",\"TR52\":\"Ordu\",\"TR53\":\"Rize\",\"TR54\":\"Sakarya\",\"TR55\":\"Samsun\",\"TR56\":\"Siirt\",\"TR57\":\"Sinop\",\"TR58\":\"Sivas\",\"TR59\":\"Tekirda\\u011f\",\"TR60\":\"Tokat\",\"TR61\":\"Trabzon\",\"TR62\":\"Tunceli\",\"TR63\":\"\\u015eanl\\u0131urfa\",\"TR64\":\"U\\u015fak\",\"TR65\":\"Van\",\"TR66\":\"Yozgat\",\"TR67\":\"Zonguldak\",\"TR68\":\"Aksaray\",\"TR69\":\"Bayburt\",\"TR70\":\"Karaman\",\"TR71\":\"K\\u0131r\\u0131kkale\",\"TR72\":\"Batman\",\"TR73\":\"\\u015e\\u0131rnak\",\"TR74\":\"Bart\\u0131n\",\"TR75\":\"Ardahan\",\"TR76\":\"I\\u011fd\\u0131r\",\"TR77\":\"Yalova\",\"TR78\":\"Karab\\u00fck\",\"TR79\":\"Kilis\",\"TR80\":\"Osmaniye\",\"TR81\":\"D\\u00fczce\"},\"TZ\":{\"TZ01\":\"Arusha\",\"TZ02\":\"Dar es Salaam\",\"TZ03\":\"Dodoma\",\"TZ04\":\"Iringa\",\"TZ05\":\"Kagera\",\"TZ06\":\"Pemba North\",\"TZ07\":\"Zanzibar North\",\"TZ08\":\"Kigoma\",\"TZ09\":\"Kilimanjaro\",\"TZ10\":\"Pemba South\",\"TZ11\":\"Zanzibar South\",\"TZ12\":\"Lindi\",\"TZ13\":\"Mara\",\"TZ14\":\"Mbeya\",\"TZ15\":\"Zanzibar West\",\"TZ16\":\"Morogoro\",\"TZ17\":\"Mtwara\",\"TZ18\":\"Mwanza\",\"TZ19\":\"Coast\",\"TZ20\":\"Rukwa\",\"TZ21\":\"Ruvuma\",\"TZ22\":\"Shinyanga\",\"TZ23\":\"Singida\",\"TZ24\":\"Tabora\",\"TZ25\":\"Tanga\",\"TZ26\":\"Manyara\",\"TZ27\":\"Geita\",\"TZ28\":\"Katavi\",\"TZ29\":\"Njombe\",\"TZ30\":\"Simiyu\"},\"LK\":[],\"RS\":{\"RS00\":\"Belgrade\",\"RS14\":\"Bor\",\"RS11\":\"Brani\\u010devo\",\"RS02\":\"Central Banat\",\"RS10\":\"Danube\",\"RS23\":\"Jablanica\",\"RS09\":\"Kolubara\",\"RS08\":\"Ma\\u010dva\",\"RS17\":\"Morava\",\"RS20\":\"Ni\\u0161ava\",\"RS01\":\"North Ba\\u010dka\",\"RS03\":\"North Banat\",\"RS24\":\"P\\u010dinja\",\"RS22\":\"Pirot\",\"RS13\":\"Pomoravlje\",\"RS19\":\"Rasina\",\"RS18\":\"Ra\\u0161ka\",\"RS06\":\"South Ba\\u010dka\",\"RS04\":\"South Banat\",\"RS07\":\"Srem\",\"RS12\":\"\\u0160umadija\",\"RS21\":\"Toplica\",\"RS05\":\"West Ba\\u010dka\",\"RS15\":\"Zaje\\u010dar\",\"RS16\":\"Zlatibor\",\"RS25\":\"Kosovo\",\"RS26\":\"Pe\\u0107\",\"RS27\":\"Prizren\",\"RS28\":\"Kosovska Mitrovica\",\"RS29\":\"Kosovo-Pomoravlje\",\"RSKM\":\"Kosovo-Metohija\",\"RSVO\":\"Vojvodina\"},\"SE\":[],\"UA\":{\"UA05\":\"Vinnychchyna\",\"UA07\":\"Volyn\",\"UA09\":\"Luhanshchyna\",\"UA12\":\"Dnipropetrovshchyna\",\"UA14\":\"Donechchyna\",\"UA18\":\"Zhytomyrshchyna\",\"UA21\":\"Zakarpattia\",\"UA23\":\"Zaporizhzhya\",\"UA26\":\"Prykarpattia\",\"UA30\":\"Kyiv\",\"UA32\":\"Kyivshchyna\",\"UA35\":\"Kirovohradschyna\",\"UA40\":\"Sevastopol\",\"UA43\":\"Crimea\",\"UA46\":\"Lvivshchyna\",\"UA48\":\"Mykolayivschyna\",\"UA51\":\"Odeshchyna\",\"UA53\":\"Poltavshchyna\",\"UA56\":\"Rivnenshchyna\",\"UA59\":\"Sumshchyna\",\"UA61\":\"Ternopilshchyna\",\"UA63\":\"Kharkivshchyna\",\"UA65\":\"Khersonshchyna\",\"UA68\":\"Khmelnychchyna\",\"UA71\":\"Cherkashchyna\",\"UA74\":\"Chernihivshchyna\",\"UA77\":\"Chernivtsi Oblast\"},\"UG\":{\"UG314\":\"Abim\",\"UG301\":\"Adjumani\",\"UG322\":\"Agago\",\"UG323\":\"Alebtong\",\"UG315\":\"Amolatar\",\"UG324\":\"Amudat\",\"UG216\":\"Amuria\",\"UG316\":\"Amuru\",\"UG302\":\"Apac\",\"UG303\":\"Arua\",\"UG217\":\"Budaka\",\"UG218\":\"Bududa\",\"UG201\":\"Bugiri\",\"UG235\":\"Bugweri\",\"UG420\":\"Buhweju\",\"UG117\":\"Buikwe\",\"UG219\":\"Bukedea\",\"UG118\":\"Bukomansimbi\",\"UG220\":\"Bukwa\",\"UG225\":\"Bulambuli\",\"UG416\":\"Buliisa\",\"UG401\":\"Bundibugyo\",\"UG430\":\"Bunyangabu\",\"UG402\":\"Bushenyi\",\"UG202\":\"Busia\",\"UG221\":\"Butaleja\",\"UG119\":\"Butambala\",\"UG233\":\"Butebo\",\"UG120\":\"Buvuma\",\"UG226\":\"Buyende\",\"UG317\":\"Dokolo\",\"UG121\":\"Gomba\",\"UG304\":\"Gulu\",\"UG403\":\"Hoima\",\"UG417\":\"Ibanda\",\"UG203\":\"Iganga\",\"UG418\":\"Isingiro\",\"UG204\":\"Jinja\",\"UG318\":\"Kaabong\",\"UG404\":\"Kabale\",\"UG405\":\"Kabarole\",\"UG213\":\"Kaberamaido\",\"UG427\":\"Kagadi\",\"UG428\":\"Kakumiro\",\"UG101\":\"Kalangala\",\"UG222\":\"Kaliro\",\"UG122\":\"Kalungu\",\"UG102\":\"Kampala\",\"UG205\":\"Kamuli\",\"UG413\":\"Kamwenge\",\"UG414\":\"Kanungu\",\"UG206\":\"Kapchorwa\",\"UG236\":\"Kapelebyong\",\"UG126\":\"Kasanda\",\"UG406\":\"Kasese\",\"UG207\":\"Katakwi\",\"UG112\":\"Kayunga\",\"UG407\":\"Kibaale\",\"UG103\":\"Kiboga\",\"UG227\":\"Kibuku\",\"UG432\":\"Kikuube\",\"UG419\":\"Kiruhura\",\"UG421\":\"Kiryandongo\",\"UG408\":\"Kisoro\",\"UG305\":\"Kitgum\",\"UG319\":\"Koboko\",\"UG325\":\"Kole\",\"UG306\":\"Kotido\",\"UG208\":\"Kumi\",\"UG333\":\"Kwania\",\"UG228\":\"Kween\",\"UG123\":\"Kyankwanzi\",\"UG422\":\"Kyegegwa\",\"UG415\":\"Kyenjojo\",\"UG125\":\"Kyotera\",\"UG326\":\"Lamwo\",\"UG307\":\"Lira\",\"UG229\":\"Luuka\",\"UG104\":\"Luwero\",\"UG124\":\"Lwengo\",\"UG114\":\"Lyantonde\",\"UG223\":\"Manafwa\",\"UG320\":\"Maracha\",\"UG105\":\"Masaka\",\"UG409\":\"Masindi\",\"UG214\":\"Mayuge\",\"UG209\":\"Mbale\",\"UG410\":\"Mbarara\",\"UG423\":\"Mitooma\",\"UG115\":\"Mityana\",\"UG308\":\"Moroto\",\"UG309\":\"Moyo\",\"UG106\":\"Mpigi\",\"UG107\":\"Mubende\",\"UG108\":\"Mukono\",\"UG334\":\"Nabilatuk\",\"UG311\":\"Nakapiripirit\",\"UG116\":\"Nakaseke\",\"UG109\":\"Nakasongola\",\"UG230\":\"Namayingo\",\"UG234\":\"Namisindwa\",\"UG224\":\"Namutumba\",\"UG327\":\"Napak\",\"UG310\":\"Nebbi\",\"UG231\":\"Ngora\",\"UG424\":\"Ntoroko\",\"UG411\":\"Ntungamo\",\"UG328\":\"Nwoya\",\"UG331\":\"Omoro\",\"UG329\":\"Otuke\",\"UG321\":\"Oyam\",\"UG312\":\"Pader\",\"UG332\":\"Pakwach\",\"UG210\":\"Pallisa\",\"UG110\":\"Rakai\",\"UG429\":\"Rubanda\",\"UG425\":\"Rubirizi\",\"UG431\":\"Rukiga\",\"UG412\":\"Rukungiri\",\"UG111\":\"Sembabule\",\"UG232\":\"Serere\",\"UG426\":\"Sheema\",\"UG215\":\"Sironko\",\"UG211\":\"Soroti\",\"UG212\":\"Tororo\",\"UG113\":\"Wakiso\",\"UG313\":\"Yumbe\",\"UG330\":\"Zombo\"},\"UM\":{\"81\":\"Baker Island\",\"84\":\"Howland Island\",\"86\":\"Jarvis Island\",\"67\":\"Johnston Atoll\",\"89\":\"Kingman Reef\",\"71\":\"Midway Atoll\",\"76\":\"Navassa Island\",\"95\":\"Palmyra Atoll\",\"79\":\"Wake Island\"},\"US\":{\"AL\":\"Alabama\",\"AK\":\"Alaska\",\"AZ\":\"Arizona\",\"AR\":\"Arkansas\",\"CA\":\"California\",\"CO\":\"Colorado\",\"CT\":\"Connecticut\",\"DE\":\"Delaware\",\"DC\":\"District Of Columbia\",\"FL\":\"Florida\",\"GA\":\"Georgia\",\"HI\":\"Hawaii\",\"ID\":\"Idaho\",\"IL\":\"Illinois\",\"IN\":\"Indiana\",\"IA\":\"Iowa\",\"KS\":\"Kansas\",\"KY\":\"Kentucky\",\"LA\":\"Louisiana\",\"ME\":\"Maine\",\"MD\":\"Maryland\",\"MA\":\"Massachusetts\",\"MI\":\"Michigan\",\"MN\":\"Minnesota\",\"MS\":\"Mississippi\",\"MO\":\"Missouri\",\"MT\":\"Montana\",\"NE\":\"Nebraska\",\"NV\":\"Nevada\",\"NH\":\"New Hampshire\",\"NJ\":\"New Jersey\",\"NM\":\"New Mexico\",\"NY\":\"New York\",\"NC\":\"North Carolina\",\"ND\":\"North Dakota\",\"OH\":\"Ohio\",\"OK\":\"Oklahoma\",\"OR\":\"Oregon\",\"PA\":\"Pennsylvania\",\"RI\":\"Rhode Island\",\"SC\":\"South Carolina\",\"SD\":\"South Dakota\",\"TN\":\"Tennessee\",\"TX\":\"Texas\",\"UT\":\"Utah\",\"VT\":\"Vermont\",\"VA\":\"Virginia\",\"WA\":\"Washington\",\"WV\":\"West Virginia\",\"WI\":\"Wisconsin\",\"WY\":\"Wyoming\",\"AA\":\"Armed Forces (AA)\",\"AE\":\"Armed Forces (AE)\",\"AP\":\"Armed Forces (AP)\"},\"UY\":{\"UY-AR\":\"Artigas\",\"UY-CA\":\"Canelones\",\"UY-CL\":\"Cerro Largo\",\"UY-CO\":\"Colonia\",\"UY-DU\":\"Durazno\",\"UY-FS\":\"Flores\",\"UY-FD\":\"Florida\",\"UY-LA\":\"Lavalleja\",\"UY-MA\":\"Maldonado\",\"UY-MO\":\"Montevideo\",\"UY-PA\":\"Paysand\\u00fa\",\"UY-RN\":\"R\\u00edo Negro\",\"UY-RV\":\"Rivera\",\"UY-RO\":\"Rocha\",\"UY-SA\":\"Salto\",\"UY-SJ\":\"San Jos\\u00e9\",\"UY-SO\":\"Soriano\",\"UY-TA\":\"Tacuaremb\\u00f3\",\"UY-TT\":\"Treinta y Tres\"},\"VE\":{\"VE-A\":\"Capital\",\"VE-B\":\"Anzo\\u00e1tegui\",\"VE-C\":\"Apure\",\"VE-D\":\"Aragua\",\"VE-E\":\"Barinas\",\"VE-F\":\"Bol\\u00edvar\",\"VE-G\":\"Carabobo\",\"VE-H\":\"Cojedes\",\"VE-I\":\"Falc\\u00f3n\",\"VE-J\":\"Gu\\u00e1rico\",\"VE-K\":\"Lara\",\"VE-L\":\"M\\u00e9rida\",\"VE-M\":\"Miranda\",\"VE-N\":\"Monagas\",\"VE-O\":\"Nueva Esparta\",\"VE-P\":\"Portuguesa\",\"VE-R\":\"Sucre\",\"VE-S\":\"T\\u00e1chira\",\"VE-T\":\"Trujillo\",\"VE-U\":\"Yaracuy\",\"VE-V\":\"Zulia\",\"VE-W\":\"Federal Dependencies\",\"VE-X\":\"La Guaira (Vargas)\",\"VE-Y\":\"Delta Amacuro\",\"VE-Z\":\"Amazonas\"},\"VN\":[],\"YT\":[],\"ZA\":{\"EC\":\"Eastern Cape\",\"FS\":\"Free State\",\"GP\":\"Gauteng\",\"KZN\":\"KwaZulu-Natal\",\"LP\":\"Limpopo\",\"MP\":\"Mpumalanga\",\"NC\":\"Northern Cape\",\"NW\":\"North West\",\"WC\":\"Western Cape\"},\"ZM\":{\"ZM-01\":\"Western\",\"ZM-02\":\"Central\",\"ZM-03\":\"Eastern\",\"ZM-04\":\"Luapula\",\"ZM-05\":\"Northern\",\"ZM-06\":\"North-Western\",\"ZM-07\":\"Southern\",\"ZM-08\":\"Copperbelt\",\"ZM-09\":\"Lusaka\",\"ZM-10\":\"Muchinga\"}}","i18n_select_state_text":"Select an option\u2026","i18n_no_matches":"No matches found","i18n_ajax_error":"Loading failed","i18n_input_too_short_1":"Please enter 1 or more characters","i18n_input_too_short_n":"Please enter %qty% or more characters","i18n_input_too_long_1":"Please delete 1 character","i18n_input_too_long_n":"Please delete %qty% characters","i18n_selection_too_long_1":"You can only select 1 item","i18n_selection_too_long_n":"You can only select %qty% items","i18n_load_more":"Loading more results\u2026","i18n_searching":"Searching\u2026"};
</script>
    <script id="wc-country-select-js" src="https://askomdch.com/wp-content/plugins/woocommerce/assets/js/frontend/country-select.min.js?ver=7.2.1"/>
    <script id="wc-address-i18n-js-extra">
var wc_address_i18n_params = {"locale":"{\"AE\":{\"postcode\":{\"required\":false,\"hidden\":true},\"state\":{\"required\":false}},\"AF\":{\"state\":{\"required\":false,\"hidden\":true}},\"AL\":{\"state\":{\"label\":\"County\"}},\"AO\":{\"postcode\":{\"required\":false,\"hidden\":true},\"state\":{\"label\":\"Province\"}},\"AT\":{\"postcode\":{\"priority\":65},\"state\":{\"required\":false,\"hidden\":true}},\"AU\":{\"city\":{\"label\":\"Suburb\"},\"postcode\":{\"label\":\"Postcode\"},\"state\":{\"label\":\"State\"}},\"AX\":{\"postcode\":{\"priority\":65},\"state\":{\"required\":false,\"hidden\":true}},\"BA\":{\"postcode\":{\"priority\":65},\"state\":{\"label\":\"Canton\",\"required\":false,\"hidden\":true}},\"BD\":{\"postcode\":{\"required\":false},\"state\":{\"label\":\"District\"}},\"BE\":{\"postcode\":{\"priority\":65},\"state\":{\"required\":false,\"hidden\":true}},\"BH\":{\"postcode\":{\"required\":false},\"state\":{\"required\":false,\"hidden\":true}},\"BI\":{\"state\":{\"required\":false,\"hidden\":true}},\"BO\":{\"postcode\":{\"required\":false,\"hidden\":true},\"state\":{\"label\":\"Department\"}},\"BS\":{\"postcode\":{\"required\":false,\"hidden\":true}},\"BZ\":{\"postcode\":{\"required\":false,\"hidden\":true},\"state\":{\"required\":false}},\"CA\":{\"postcode\":{\"label\":\"Postal code\"},\"state\":{\"label\":\"Province\"}},\"CH\":{\"postcode\":{\"priority\":65},\"state\":{\"label\":\"Canton\",\"required\":false}},\"CL\":{\"city\":{\"required\":true},\"postcode\":{\"required\":false},\"state\":{\"label\":\"Region\"}},\"CN\":{\"state\":{\"label\":\"Province\"}},\"CO\":{\"postcode\":{\"required\":false},\"state\":{\"label\":\"Department\"}},\"CR\":{\"state\":{\"label\":\"Province\"}},\"CW\":{\"postcode\":{\"required\":false,\"hidden\":true},\"state\":{\"required\":false}},\"CZ\":{\"state\":{\"required\":false,\"hidden\":true}},\"DE\":{\"postcode\":{\"priority\":65},\"state\":{\"required\":false,\"hidden\":true}},\"DK\":{\"postcode\":{\"priority\":65},\"state\":{\"required\":false,\"hidden\":true}},\"DO\":{\"state\":{\"label\":\"Province\"}},\"EC\":{\"state\":{\"label\":\"Province\"}},\"EE\":{\"postcode\":{\"priority\":65},\"state\":{\"required\":false,\"hidden\":true}},\"FI\":{\"postcode\":{\"priority\":65},\"state\":{\"required\":false,\"hidden\":true}},\"FR\":{\"postcode\":{\"priority\":65},\"state\":{\"required\":false,\"hidden\":true}},\"GG\":{\"state\":{\"required\":false,\"label\":\"Parish\"}},\"GH\":{\"postcode\":{\"required\":false},\"state\":{\"label\":\"Region\"}},\"GP\":{\"state\":{\"required\":false,\"hidden\":true}},\"GF\":{\"state\":{\"required\":false,\"hidden\":true}},\"GR\":{\"state\":{\"required\":false}},\"GT\":{\"postcode\":{\"required\":false},\"state\":{\"label\":\"Department\"}},\"HK\":{\"postcode\":{\"required\":false},\"city\":{\"label\":\"Town \\\/ District\"},\"state\":{\"label\":\"Region\"}},\"HN\":{\"state\":{\"label\":\"Department\"}},\"HU\":{\"last_name\":{\"class\":[\"form-row-first\"],\"priority\":10},\"first_name\":{\"class\":[\"form-row-last\"],\"priority\":20},\"postcode\":{\"class\":[\"form-row-first\",\"address-field\"],\"priority\":65},\"city\":{\"class\":[\"form-row-last\",\"address-field\"]},\"address_1\":{\"priority\":71},\"address_2\":{\"priority\":72},\"state\":{\"label\":\"County\"}},\"ID\":{\"state\":{\"label\":\"Province\"}},\"IE\":{\"postcode\":{\"required\":false,\"label\":\"Eircode\"},\"state\":{\"label\":\"County\"}},\"IS\":{\"postcode\":{\"priority\":65},\"state\":{\"required\":false,\"hidden\":true}},\"IL\":{\"postcode\":{\"priority\":65},\"state\":{\"required\":false,\"hidden\":true}},\"IM\":{\"state\":{\"required\":false,\"hidden\":true}},\"IN\":{\"postcode\":{\"label\":\"PIN Code\"},\"state\":{\"label\":\"State\"}},\"IT\":{\"postcode\":{\"priority\":65},\"state\":{\"required\":true,\"label\":\"Province\"}},\"JM\":{\"city\":{\"label\":\"Town \\\/ City \\\/ Post Office\"},\"postcode\":{\"required\":false,\"label\":\"Postal Code\"},\"state\":{\"required\":true,\"label\":\"Parish\"}},\"JP\":{\"last_name\":{\"class\":[\"form-row-first\"],\"priority\":10},\"first_name\":{\"class\":[\"form-row-last\"],\"priority\":20},\"postcode\":{\"class\":[\"form-row-first\",\"address-field\"],\"priority\":65},\"state\":{\"label\":\"Prefecture\",\"class\":[\"form-row-last\",\"address-field\"],\"priority\":66},\"city\":{\"priority\":67},\"address_1\":{\"priority\":68},\"address_2\":{\"priority\":69}},\"KR\":{\"state\":{\"required\":false,\"hidden\":true}},\"KW\":{\"state\":{\"required\":false,\"hidden\":true}},\"LV\":{\"state\":{\"label\":\"Municipality\",\"required\":false}},\"LB\":{\"state\":{\"required\":false,\"hidden\":true}},\"MF\":{\"state\":{\"required\":false,\"hidden\":true}},\"MQ\":{\"state\":{\"required\":false,\"hidden\":true}},\"MT\":{\"state\":{\"required\":false,\"hidden\":true}},\"MZ\":{\"postcode\":{\"required\":false,\"hidden\":true},\"state\":{\"label\":\"Province\"}},\"NI\":{\"state\":{\"label\":\"Department\"}},\"NL\":{\"postcode\":{\"priority\":65},\"state\":{\"required\":false,\"hidden\":true}},\"NG\":{\"postcode\":{\"label\":\"Postcode\",\"required\":false,\"hidden\":true},\"state\":{\"label\":\"State\"}},\"NZ\":{\"postcode\":{\"label\":\"Postcode\"},\"state\":{\"required\":false,\"label\":\"Region\"}},\"NO\":{\"postcode\":{\"priority\":65},\"state\":{\"required\":false,\"hidden\":true}},\"NP\":{\"state\":{\"label\":\"State \\\/ Zone\"},\"postcode\":{\"required\":false}},\"PA\":{\"state\":{\"label\":\"Province\"}},\"PL\":{\"postcode\":{\"priority\":65},\"state\":{\"required\":false,\"hidden\":true}},\"PR\":{\"city\":{\"label\":\"Municipality\"},\"state\":{\"required\":false,\"hidden\":true}},\"PT\":{\"state\":{\"required\":false,\"hidden\":true}},\"PY\":{\"state\":{\"label\":\"Department\"}},\"RE\":{\"state\":{\"required\":false,\"hidden\":true}},\"RO\":{\"state\":{\"label\":\"County\",\"required\":true}},\"RS\":{\"city\":{\"required\":true},\"postcode\":{\"required\":true},\"state\":{\"label\":\"District\",\"required\":false}},\"SG\":{\"state\":{\"required\":false,\"hidden\":true},\"city\":{\"required\":false}},\"SK\":{\"postcode\":{\"priority\":65},\"state\":{\"required\":false,\"hidden\":true}},\"SI\":{\"postcode\":{\"priority\":65},\"state\":{\"required\":false,\"hidden\":true}},\"SR\":{\"postcode\":{\"required\":false,\"hidden\":true}},\"SV\":{\"state\":{\"label\":\"Department\"}},\"ES\":{\"postcode\":{\"priority\":65},\"state\":{\"label\":\"Province\"}},\"LI\":{\"postcode\":{\"priority\":65},\"state\":{\"label\":\"Municipality\",\"required\":false}},\"LK\":{\"state\":{\"required\":false,\"hidden\":true}},\"LU\":{\"state\":{\"required\":false,\"hidden\":true}},\"MD\":{\"state\":{\"label\":\"Municipality \\\/ District\"}},\"SE\":{\"postcode\":{\"priority\":65},\"state\":{\"required\":false,\"hidden\":true}},\"TR\":{\"postcode\":{\"priority\":65},\"state\":{\"label\":\"Province\"}},\"UG\":{\"postcode\":{\"required\":false,\"hidden\":true},\"city\":{\"label\":\"Town \\\/ Village\",\"required\":true},\"state\":{\"label\":\"District\",\"required\":true}},\"US\":{\"postcode\":{\"label\":\"ZIP Code\"},\"state\":{\"label\":\"State\"}},\"UY\":{\"state\":{\"label\":\"Department\"}},\"GB\":{\"postcode\":{\"label\":\"Postcode\"},\"state\":{\"label\":\"County\",\"required\":false}},\"ST\":{\"postcode\":{\"required\":false,\"hidden\":true},\"state\":{\"label\":\"District\"}},\"VN\":{\"state\":{\"required\":false,\"hidden\":true},\"postcode\":{\"priority\":65,\"required\":false,\"hidden\":false},\"address_2\":{\"required\":false,\"hidden\":false}},\"WS\":{\"postcode\":{\"required\":false,\"hidden\":true}},\"YT\":{\"state\":{\"required\":false,\"hidden\":true}},\"ZA\":{\"state\":{\"label\":\"Province\"}},\"ZW\":{\"postcode\":{\"required\":false,\"hidden\":true}},\"default\":{\"first_name\":{\"label\":\"First name\",\"required\":true,\"class\":[\"form-row-first\"],\"autocomplete\":\"given-name\",\"priority\":10},\"last_name\":{\"label\":\"Last name\",\"required\":true,\"class\":[\"form-row-last\"],\"autocomplete\":\"family-name\",\"priority\":20},\"company\":{\"label\":\"Company name\",\"class\":[\"form-row-wide\"],\"autocomplete\":\"organization\",\"priority\":30,\"required\":false},\"country\":{\"type\":\"country\",\"label\":\"Country \\\/ Region\",\"required\":true,\"class\":[\"form-row-wide\",\"address-field\",\"update_totals_on_change\"],\"autocomplete\":\"country\",\"priority\":40},\"address_1\":{\"label\":\"Street address\",\"placeholder\":\"House number and street name\",\"required\":true,\"class\":[\"form-row-wide\",\"address-field\"],\"autocomplete\":\"address-line1\",\"priority\":50},\"address_2\":{\"label\":\"Apartment, suite, unit, etc.\",\"label_class\":[\"screen-reader-text\"],\"placeholder\":\"Apartment, suite, unit, etc. (optional)\",\"class\":[\"form-row-wide\",\"address-field\"],\"autocomplete\":\"address-line2\",\"priority\":60,\"required\":false},\"city\":{\"label\":\"Town \\\/ City\",\"required\":true,\"class\":[\"form-row-wide\",\"address-field\"],\"autocomplete\":\"address-level2\",\"priority\":70},\"state\":{\"type\":\"state\",\"label\":\"State \\\/ County\",\"required\":true,\"class\":[\"form-row-wide\",\"address-field\"],\"validate\":[\"state\"],\"autocomplete\":\"address-level1\",\"priority\":80},\"postcode\":{\"label\":\"Postcode \\\/ ZIP\",\"required\":true,\"class\":[\"form-row-wide\",\"address-field\"],\"validate\":[\"postcode\"],\"autocomplete\":\"postal-code\",\"priority\":90}}}","locale_fields":"{\"address_1\":\"#billing_address_1_field, #shipping_address_1_field\",\"address_2\":\"#billing_address_2_field, #shipping_address_2_field\",\"state\":\"#billing_state_field, #shipping_state_field, #calc_shipping_state_field\",\"postcode\":\"#billing_postcode_field, #shipping_postcode_field, #calc_shipping_postcode_field\",\"city\":\"#billing_city_field, #shipping_city_field, #calc_shipping_city_field\"}","i18n_required_text":"required","i18n_optional_text":"optional"};
</script>
    <script id="wc-address-i18n-js" src="https://askomdch.com/wp-content/plugins/woocommerce/assets/js/frontend/address-i18n.min.js?ver=7.2.1"/>
    <script>
			/(trident|msie)/i.test(navigator.userAgent)&amp;&amp;document.getElementById&amp;&amp;window.addEventListener&amp;&amp;window.addEventListener("hashchange",function(){var t,e=location.hash.substring(1);/^[A-z0-9_-]+$/.test(e)&amp;&amp;(t=document.getElementById(e))&amp;&amp;(/^(?:a|select|input|button|textarea)$/i.test(t.tagName)||(t.tabIndex=-1),t.focus())},!1);
			</script>
  </body>
</html>
<html lang="en-US">
  <head>
    <meta charset="UTF-8"/>
    <meta name="viewport" content="width=device-width, initial-scale=1"/>
    <link rel="profile" href="https://gmpg.org/xfn/11"/>
    <title>Account – AskOmDch</title>
    <meta name="robots" content="max-image-preview:large, noindex, follow"/>
    <link id="seedprod-global-admin-css" rel="stylesheet" href="https://askomdch.com/wp-content/plugins/coming-soon/public/css/global-admin.css?ver=6.15.7" media="all"/>
    <link id="astra-theme-css-css" rel="stylesheet" href="https://askomdch.com/wp-content/themes/astra/assets/css/minified/frontend.min.css?ver=3.7.5" media="all"/>
    <style id="astra-theme-css-inline-css">
html{font-size:93.75%;}a,.page-title{color:#4e4e4e;}a:hover,a:focus{color:#0084d6;}body,button,input,select,textarea,.ast-button,.ast-custom-button{font-family:'Lato',sans-serif;font-weight:400;font-size:15px;font-size:1rem;}blockquote{color:#000000;}h1,.entry-content h1,.entry-content h1 a,h2,.entry-content h2,.entry-content h2 a,h3,.entry-content h3,.entry-content h3 a,h4,.entry-content h4,.entry-content h4 a,h5,.entry-content h5,.entry-content h5 a,h6,.entry-content h6,.entry-content h6 a,.site-title,.site-title a{font-family:'Lato',sans-serif;font-weight:700;}.site-title{font-size:35px;font-size:2.3333333333333rem;display:block;}header .custom-logo-link img{max-width:140px;}.astra-logo-svg{width:140px;}.ast-archive-description .ast-archive-title{font-size:40px;font-size:2.6666666666667rem;}.site-header .site-description{font-size:15px;font-size:1rem;display:none;}.entry-title{font-size:30px;font-size:2rem;}h1,.entry-content h1,.entry-content h1 a{font-size:58px;font-size:3.8666666666667rem;font-family:'Lato',sans-serif;}h2,.entry-content h2,.entry-content h2 a{font-size:42px;font-size:2.8rem;font-family:'Lato',sans-serif;}h3,.entry-content h3,.entry-content h3 a{font-size:30px;font-size:2rem;font-family:'Lato',sans-serif;}h4,.entry-content h4,.entry-content h4 a{font-size:20px;font-size:1.3333333333333rem;font-family:'Lato',sans-serif;}h5,.entry-content h5,.entry-content h5 a{font-size:18px;font-size:1.2rem;font-family:'Lato',sans-serif;}h6,.entry-content h6,.entry-content h6 a{font-size:15px;font-size:1rem;font-family:'Lato',sans-serif;}.ast-single-post .entry-title,.page-title{font-size:30px;font-size:2rem;}::selection{background-color:#54595f;color:#ffffff;}body,h1,.entry-title a,.entry-content h1,.entry-content h1 a,h2,.entry-content h2,.entry-content h2 a,h3,.entry-content h3,.entry-content h3 a,h4,.entry-content h4,.entry-content h4 a,h5,.entry-content h5,.entry-content h5 a,h6,.entry-content h6,.entry-content h6 a{color:#333333;}.tagcloud a:hover,.tagcloud a:focus,.tagcloud a.current-item{color:#ffffff;border-color:#4e4e4e;background-color:#4e4e4e;}input:focus,input[type="text"]:focus,input[type="email"]:focus,input[type="url"]:focus,input[type="password"]:focus,input[type="reset"]:focus,input[type="search"]:focus,textarea:focus{border-color:#4e4e4e;}input[type="radio"]:checked,input[type=reset],input[type="checkbox"]:checked,input[type="checkbox"]:hover:checked,input[type="checkbox"]:focus:checked,input[type=range]::-webkit-slider-thumb{border-color:#4e4e4e;background-color:#4e4e4e;box-shadow:none;}.site-footer a:hover + .post-count,.site-footer a:focus + .post-count{background:#4e4e4e;border-color:#4e4e4e;}.single .nav-links .nav-previous,.single .nav-links .nav-next{color:#4e4e4e;}.entry-meta,.entry-meta *{line-height:1.45;color:#4e4e4e;}.entry-meta a:hover,.entry-meta a:hover *,.entry-meta a:focus,.entry-meta a:focus *,.page-links &gt; .page-link,.page-links .page-link:hover,.post-navigation a:hover{color:#0084d6;}#cat option,.secondary .calendar_wrap thead a,.secondary .calendar_wrap thead a:visited{color:#4e4e4e;}.secondary .calendar_wrap #today,.ast-progress-val span{background:#4e4e4e;}.secondary a:hover + .post-count,.secondary a:focus + .post-count{background:#4e4e4e;border-color:#4e4e4e;}.calendar_wrap #today &gt; a{color:#ffffff;}.page-links .page-link,.single .post-navigation a{color:#4e4e4e;}.widget-title{font-size:21px;font-size:1.4rem;color:#333333;}@media (max-width:921px){#ast-desktop-header{display:none;}}@media (min-width:921px){#ast-mobile-header{display:none;}}.ast-site-header-cart .cart-container,.ast-edd-site-header-cart .ast-edd-cart-container {transition: all 0.2s linear;}.ast-site-header-cart .ast-woo-header-cart-info-wrap,.ast-edd-site-header-cart .ast-edd-header-cart-info-wrap {padding: 0 2px;font-weight: 600;line-height: 2.7;display: inline-block;}.ast-site-header-cart i.astra-icon {font-size: 20px;font-size: 1.3em;font-style: normal;font-weight: normal;position: relative;padding: 0 2px;}.ast-site-header-cart i.astra-icon.no-cart-total:after,.ast-header-break-point.ast-header-custom-item-outside .ast-edd-header-cart-info-wrap,.ast-header-break-point.ast-header-custom-item-outside .ast-woo-header-cart-info-wrap {display: none;}.ast-site-header-cart.ast-menu-cart-fill i.astra-icon,.ast-edd-site-header-cart.ast-edd-menu-cart-fill span.astra-icon {font-size: 1.1em;}.astra-cart-drawer {position: fixed;display: block;visibility: hidden;overflow: auto;-webkit-overflow-scrolling: touch;z-index: 9999;background-color: #fff;transition: all 0.5s ease;transform: translate3d(0,0,0);}.astra-cart-drawer.open-right {width: 80%;height: 100%;left: 100%;top: 0px;transform: translate3d(0%,0,0);}.astra-cart-drawer.active {transform: translate3d(-100%,0,0);visibility: visible;}.astra-cart-drawer .astra-cart-drawer-header {text-align: center;text-transform: uppercase;font-weight: 400;border-bottom: 1px solid #f0f0f0;padding: 0 0 0.675rem;}.astra-cart-drawer .astra-cart-drawer-close .ast-close-svg {width: 22px;height: 22px; }.astra-cart-drawer .astra-cart-drawer-title {padding-top: 5px;}.astra-cart-drawer .astra-cart-drawer-content .woocommerce-mini-cart {padding: 1em 1.5em;}.astra-cart-drawer .astra-cart-drawer-content .woocommerce-mini-cart a.remove {width: 20px;height: 20px;line-height: 16px;}.astra-cart-drawer .astra-cart-drawer-content .woocommerce-mini-cart__total {padding: 1em 1.5em;margin: 0;text-align: center;}.astra-cart-drawer .astra-cart-drawer-content .woocommerce-mini-cart__buttons {padding: 10px;text-align: center;} .astra-cart-drawer .astra-cart-drawer-content .woocommerce-mini-cart__buttons .button.checkout {margin-right: 0;}.astra-cart-drawer .astra-cart-drawer-content .edd-cart-item {padding: .5em 2.6em .5em 1.5em;}.astra-cart-drawer .astra-cart-drawer-content .edd-cart-item .edd-remove-from-cart::after {width: 20px;height: 20px;line-height: 16px;}.astra-cart-drawer .astra-cart-drawer-content .edd-cart-number-of-items {padding: 1em 1.5em 1em 1.5em;margin-bottom: 0;text-align: center;}.astra-cart-drawer .astra-cart-drawer-content .edd_total {padding: .5em 1.5em;margin: 0;text-align: center;}.astra-cart-drawer .astra-cart-drawer-content .cart_item.edd_checkout {padding: 1em 1.5em 0;text-align: center;margin-top: 0;}.astra-cart-drawer .woocommerce-mini-cart__empty-message,.astra-cart-drawer .cart_item.empty {text-align: center;margin-top: 10px;}body.admin-bar .astra-cart-drawer {padding-top: 32px;}body.admin-bar .astra-cart-drawer .astra-cart-drawer-close {top: 32px;}@media (max-width: 782px) {body.admin-bar .astra-cart-drawer {padding-top: 46px;}body.admin-bar .astra-cart-drawer .astra-cart-drawer-close {top: 46px;}}.ast-mobile-cart-active body.ast-hfb-header {overflow: hidden;}.ast-mobile-cart-active .astra-mobile-cart-overlay {opacity: 1;cursor: pointer;visibility: visible;z-index: 999;}@media (max-width: 545px) {.astra-cart-drawer.active {width: 100%;}}.ast-site-header-cart i.astra-icon:after {content: attr(data-cart-total);position: absolute;font-style: normal;top: -10px;right: -12px;font-weight: bold;box-shadow: 1px 1px 3px 0px rgba(0,0,0,0.3);font-size: 11px;padding-left: 0px;padding-right: 2px;line-height: 17px;letter-spacing: -.5px;height: 18px;min-width: 18px;border-radius: 99px;text-align: center;z-index: 3;}li.woocommerce-custom-menu-item .ast-site-header-cart i.astra-icon:after,li.edd-custom-menu-item .ast-edd-site-header-cart span.astra-icon:after {padding-left: 2px;}.astra-cart-drawer .astra-cart-drawer-close {position: absolute;top: 0;right: 0;margin: 0;padding: .6em 1em .4em;color: #ababab;background-color: transparent;}.astra-mobile-cart-overlay {background-color: rgba(0,0,0,0.4);position: fixed;top: 0;right: 0;bottom: 0;left: 0;visibility: hidden;opacity: 0;transition: opacity 0.2s ease-in-out;}.astra-cart-drawer .astra-cart-drawer-content .edd-cart-item .edd-remove-from-cart {right: 1.2em;}.ast-header-break-point.ast-woocommerce-cart-menu.ast-hfb-header .ast-cart-menu-wrap,.ast-header-break-point.ast-hfb-header .ast-cart-menu-wrap,.ast-header-break-point .ast-edd-site-header-cart-wrap .ast-edd-cart-menu-wrap {width: 2em;height: 2em;font-size: 1.4em;line-height: 2;vertical-align: middle;text-align: right;}.ast-site-header-cart.ast-menu-cart-outline .ast-cart-menu-wrap,.ast-site-header-cart.ast-menu-cart-fill .ast-cart-menu-wrap,.ast-edd-site-header-cart.ast-edd-menu-cart-outline .ast-edd-cart-menu-wrap,.ast-edd-site-header-cart.ast-edd-menu-cart-fill .ast-edd-cart-menu-wrap {line-height: 1.8;}.ast-site-header-cart .cart-container *,.ast-edd-site-header-cart .ast-edd-cart-container * {transition: all 0s linear;}.wp-block-buttons.aligncenter{justify-content:center;}@media (min-width:1200px){.wp-block-group .has-background{padding:20px;}}@media (min-width:1200px){.ast-no-sidebar.ast-separate-container .entry-content .wp-block-group.alignwide,.ast-no-sidebar.ast-separate-container .entry-content .wp-block-cover.alignwide{margin-left:-20px;margin-right:-20px;padding-left:20px;padding-right:20px;}.ast-no-sidebar.ast-separate-container .entry-content .wp-block-cover.alignfull,.ast-no-sidebar.ast-separate-container .entry-content .wp-block-group.alignfull{margin-left:-6.67em;margin-right:-6.67em;padding-left:6.67em;padding-right:6.67em;}}@media (min-width:1200px){.wp-block-cover-image.alignwide .wp-block-cover__inner-container,.wp-block-cover.alignwide .wp-block-cover__inner-container,.wp-block-cover-image.alignfull .wp-block-cover__inner-container,.wp-block-cover.alignfull .wp-block-cover__inner-container{width:100%;}}.ast-plain-container.ast-no-sidebar #primary{margin-top:0;margin-bottom:0;}@media (max-width:921px){.ast-theme-transparent-header #primary,.ast-theme-transparent-header #secondary{padding:0;}}.wp-block-columns{margin-bottom:unset;}.wp-block-image.size-full{margin:2rem 0;}.wp-block-separator.has-background{padding:0;}.wp-block-gallery{margin-bottom:1.6em;}.wp-block-group{padding-top:4em;padding-bottom:4em;}.wp-block-group__inner-container .wp-block-columns:last-child,.wp-block-group__inner-container :last-child,.wp-block-table table{margin-bottom:0;}.blocks-gallery-grid{width:100%;}.wp-block-navigation-link__content{padding:5px 0;}.wp-block-group .wp-block-group .has-text-align-center,.wp-block-group .wp-block-column .has-text-align-center{max-width:100%;}.has-text-align-center{margin:0 auto;}@media (min-width:1200px){.wp-block-cover__inner-container,.alignwide .wp-block-group__inner-container,.alignfull .wp-block-group__inner-container{max-width:1200px;margin:0 auto;}.wp-block-group.alignnone,.wp-block-group.aligncenter,.wp-block-group.alignleft,.wp-block-group.alignright,.wp-block-group.alignwide,.wp-block-columns.alignwide{margin:2rem 0 1rem 0;}}@media (max-width:1200px){.wp-block-group{padding:3em;}.wp-block-group .wp-block-group{padding:1.5em;}.wp-block-columns,.wp-block-column{margin:1rem 0;}}@media (min-width:921px){.wp-block-columns .wp-block-group{padding:2em;}}@media (max-width:544px){.wp-block-cover-image .wp-block-cover__inner-container,.wp-block-cover .wp-block-cover__inner-container{width:unset;}.wp-block-cover,.wp-block-cover-image{padding:2em 0;}.wp-block-group,.wp-block-cover{padding:2em;}.wp-block-media-text__media img,.wp-block-media-text__media video{width:unset;max-width:100%;}.wp-block-media-text.has-background .wp-block-media-text__content{padding:1em;}}@media (max-width:921px){.ast-plain-container.ast-no-sidebar #primary{padding:0;}}@media (min-width:544px){.entry-content .wp-block-media-text.has-media-on-the-right .wp-block-media-text__content{padding:0 8% 0 0;}.entry-content .wp-block-media-text .wp-block-media-text__content{padding:0 0 0 8%;}.ast-plain-container .site-content .entry-content .has-custom-content-position.is-position-bottom-left &gt; *,.ast-plain-container .site-content .entry-content .has-custom-content-position.is-position-bottom-right &gt; *,.ast-plain-container .site-content .entry-content .has-custom-content-position.is-position-top-left &gt; *,.ast-plain-container .site-content .entry-content .has-custom-content-position.is-position-top-right &gt; *,.ast-plain-container .site-content .entry-content .has-custom-content-position.is-position-center-right &gt; *,.ast-plain-container .site-content .entry-content .has-custom-content-position.is-position-center-left &gt; *{margin:0;}}@media (max-width:544px){.entry-content .wp-block-media-text .wp-block-media-text__content{padding:8% 0;}.wp-block-media-text .wp-block-media-text__media img{width:auto;max-width:100%;}}@media (max-width:921px){.ast-separate-container .ast-article-post,.ast-separate-container .ast-article-single{padding:1.5em 2.14em;}.ast-separate-container #primary,.ast-separate-container #secondary{padding:1.5em 0;}#primary,#secondary{padding:1.5em 0;margin:0;}.ast-left-sidebar #content &gt; .ast-container{display:flex;flex-direction:column-reverse;width:100%;}.ast-author-box img.avatar{margin:20px 0 0 0;}}@media (min-width:922px){.ast-separate-container.ast-right-sidebar #primary,.ast-separate-container.ast-left-sidebar #primary{border:0;}.search-no-results.ast-separate-container #primary{margin-bottom:4em;}}.elementor-button-wrapper .elementor-button{border-style:solid;text-decoration:none;border-top-width:0;border-right-width:0;border-left-width:0;border-bottom-width:0;}body .elementor-button.elementor-size-sm,body .elementor-button.elementor-size-xs,body .elementor-button.elementor-size-md,body .elementor-button.elementor-size-lg,body .elementor-button.elementor-size-xl,body .elementor-button{border-radius:0;padding-top:17px;padding-right:30px;padding-bottom:17px;padding-left:30px;}.elementor-button-wrapper .elementor-button{border-color:#3197d6;background-color:#3197d6;}.elementor-button-wrapper .elementor-button:hover,.elementor-button-wrapper .elementor-button:focus{color:#ffffff;background-color:#0084d6;border-color:#0084d6;}.wp-block-button .wp-block-button__link ,.elementor-button-wrapper .elementor-button,.elementor-button-wrapper .elementor-button:visited{color:#ffffff;}.elementor-button-wrapper .elementor-button{font-family:inherit;font-weight:inherit;line-height:1;text-transform:uppercase;letter-spacing:1px;}body .elementor-button.elementor-size-sm,body .elementor-button.elementor-size-xs,body .elementor-button.elementor-size-md,body .elementor-button.elementor-size-lg,body .elementor-button.elementor-size-xl,body .elementor-button{font-size:15px;font-size:1rem;}.wp-block-button .wp-block-button__link:hover,.wp-block-button .wp-block-button__link:focus{color:#ffffff;background-color:#0084d6;border-color:#0084d6;}.wp-block-button .wp-block-button__link{border-style:solid;border-top-width:0;border-right-width:0;border-left-width:0;border-bottom-width:0;border-color:#3197d6;background-color:#3197d6;color:#ffffff;font-family:inherit;font-weight:inherit;line-height:1;text-transform:uppercase;letter-spacing:1px;font-size:15px;font-size:1rem;border-radius:0;}.wp-block-buttons .wp-block-button .wp-block-button__link{padding-top:17px;padding-right:30px;padding-bottom:17px;padding-left:30px;}.menu-toggle,button,.ast-button,.ast-custom-button,.button,input#submit,input[type="button"],input[type="submit"],input[type="reset"]{border-style:solid;border-top-width:0;border-right-width:0;border-left-width:0;border-bottom-width:0;color:#ffffff;border-color:#3197d6;background-color:#3197d6;border-radius:0;padding-top:17px;padding-right:30px;padding-bottom:17px;padding-left:30px;font-family:inherit;font-weight:inherit;font-size:15px;font-size:1rem;line-height:1;text-transform:uppercase;letter-spacing:1px;}button:focus,.menu-toggle:hover,button:hover,.ast-button:hover,.ast-custom-button:hover .button:hover,.ast-custom-button:hover ,input[type=reset]:hover,input[type=reset]:focus,input#submit:hover,input#submit:focus,input[type="button"]:hover,input[type="button"]:focus,input[type="submit"]:hover,input[type="submit"]:focus{color:#ffffff;background-color:#0084d6;border-color:#0084d6;}@media (min-width:544px){.ast-container{max-width:100%;}}@media (max-width:544px){.ast-separate-container .ast-article-post,.ast-separate-container .ast-article-single,.ast-separate-container .comments-title,.ast-separate-container .ast-archive-description{padding:1.5em 1em;}.ast-separate-container #content .ast-container{padding-left:0.54em;padding-right:0.54em;}.ast-separate-container .ast-comment-list li.depth-1{padding:1.5em 1em;margin-bottom:1.5em;}.ast-separate-container .ast-comment-list .bypostauthor{padding:.5em;}.ast-search-menu-icon.ast-dropdown-active .search-field{width:170px;}}@media (max-width:921px){.ast-mobile-header-stack .main-header-bar .ast-search-menu-icon{display:inline-block;}.ast-header-break-point.ast-header-custom-item-outside .ast-mobile-header-stack .main-header-bar .ast-search-icon{margin:0;}.ast-comment-avatar-wrap img{max-width:2.5em;}.ast-separate-container .ast-comment-list li.depth-1{padding:1.5em 2.14em;}.ast-separate-container .comment-respond{padding:2em 2.14em;}.ast-comment-meta{padding:0 1.8888em 1.3333em;}}body,.ast-separate-container{background-color:#f9f9f9;;}.ast-no-sidebar.ast-separate-container .entry-content .alignfull {margin-left: -6.67em;margin-right: -6.67em;width: auto;}@media (max-width: 1200px) {.ast-no-sidebar.ast-separate-container .entry-content .alignfull {margin-left: -2.4em;margin-right: -2.4em;}}@media (max-width: 768px) {.ast-no-sidebar.ast-separate-container .entry-content .alignfull {margin-left: -2.14em;margin-right: -2.14em;}}@media (max-width: 544px) {.ast-no-sidebar.ast-separate-container .entry-content .alignfull {margin-left: -1em;margin-right: -1em;}}.ast-no-sidebar.ast-separate-container .entry-content .alignwide {margin-left: -20px;margin-right: -20px;}.ast-no-sidebar.ast-separate-container .entry-content .wp-block-column .alignfull,.ast-no-sidebar.ast-separate-container .entry-content .wp-block-column .alignwide {margin-left: auto;margin-right: auto;width: 100%;}@media (max-width:921px){.site-title{display:block;}.ast-archive-description .ast-archive-title{font-size:40px;}.site-header .site-description{display:none;}.entry-title{font-size:30px;}h1,.entry-content h1,.entry-content h1 a{font-size:30px;}h2,.entry-content h2,.entry-content h2 a{font-size:25px;}h3,.entry-content h3,.entry-content h3 a{font-size:20px;}.ast-single-post .entry-title,.page-title{font-size:30px;}.astra-logo-svg{width:120px;}header .custom-logo-link img,.ast-header-break-point .site-logo-img .custom-mobile-logo-link img{max-width:120px;}}@media (max-width:544px){.site-title{display:block;}.ast-archive-description .ast-archive-title{font-size:40px;}.site-header .site-description{display:none;}.entry-title{font-size:30px;}h1,.entry-content h1,.entry-content h1 a{font-size:30px;}h2,.entry-content h2,.entry-content h2 a{font-size:25px;}h3,.entry-content h3,.entry-content h3 a{font-size:20px;}.ast-single-post .entry-title,.page-title{font-size:30px;}header .custom-logo-link img,.ast-header-break-point .site-branding img,.ast-header-break-point .custom-logo-link img{max-width:120px;}.astra-logo-svg{width:120px;}.ast-header-break-point .site-logo-img .custom-mobile-logo-link img{max-width:120px;}}@media (max-width:921px){html{font-size:85.5%;}}@media (max-width:544px){html{font-size:85.5%;}}@media (min-width:922px){.ast-container{max-width:1240px;}}@font-face {font-family: "Astra";src: url(https://askomdch.com/wp-content/themes/astra/assets/fonts/astra.woff) format("woff"),url(https://askomdch.com/wp-content/themes/astra/assets/fonts/astra.ttf) format("truetype"),url(https://askomdch.com/wp-content/themes/astra/assets/fonts/astra.svg#astra) format("svg");font-weight: normal;font-style: normal;font-display: fallback;}@media (min-width:922px){.main-header-menu .sub-menu .menu-item.ast-left-align-sub-menu:hover &gt; .sub-menu,.main-header-menu .sub-menu .menu-item.ast-left-align-sub-menu.focus &gt; .sub-menu{margin-left:-2px;}}.ast-theme-transparent-header [data-section="section-header-mobile-trigger"] .ast-button-wrap .ast-mobile-menu-trigger-minimal{background:transparent;}.footer-widget-area[data-section^="section-fb-html-"] .ast-builder-html-element{text-align:center;}.astra-icon-down_arrow::after {content: "\e900";font-family: Astra;}.astra-icon-close::after {content: "\e5cd";font-family: Astra;}.astra-icon-drag_handle::after {content: "\e25d";font-family: Astra;}.astra-icon-format_align_justify::after {content: "\e235";font-family: Astra;}.astra-icon-menu::after {content: "\e5d2";font-family: Astra;}.astra-icon-reorder::after {content: "\e8fe";font-family: Astra;}.astra-icon-search::after {content: "\e8b6";font-family: Astra;}.astra-icon-zoom_in::after {content: "\e56b";font-family: Astra;}.astra-icon-check-circle::after {content: "\e901";font-family: Astra;}.astra-icon-shopping-cart::after {content: "\f07a";font-family: Astra;}.astra-icon-shopping-bag::after {content: "\f290";font-family: Astra;}.astra-icon-shopping-basket::after {content: "\f291";font-family: Astra;}.astra-icon-circle-o::after {content: "\e903";font-family: Astra;}.astra-icon-certificate::after {content: "\e902";font-family: Astra;}blockquote {padding: 1.2em;}.ast-header-break-point .ast-mobile-header-wrap .ast-above-header-wrap .main-header-bar-navigation .inline-on-mobile .menu-item .menu-link,.ast-header-break-point .ast-mobile-header-wrap .ast-main-header-wrap .main-header-bar-navigation .inline-on-mobile .menu-item .menu-link,.ast-header-break-point .ast-mobile-header-wrap .ast-below-header-wrap .main-header-bar-navigation .inline-on-mobile .menu-item .menu-link {border: none;}.ast-header-break-point .ast-mobile-header-wrap .ast-above-header-wrap .main-header-bar-navigation .inline-on-mobile .menu-item-has-children &gt; .ast-menu-toggle::before,.ast-header-break-point .ast-mobile-header-wrap .ast-main-header-wrap .main-header-bar-navigation .inline-on-mobile .menu-item-has-children &gt; .ast-menu-toggle::before,.ast-header-break-point .ast-mobile-header-wrap .ast-below-header-wrap .main-header-bar-navigation .inline-on-mobile .menu-item-has-children &gt; .ast-menu-toggle::before {font-size: .6rem;}.ast-header-break-point .ast-mobile-header-wrap .ast-flex.inline-on-mobile {flex-wrap: unset;}.ast-header-break-point .ast-mobile-header-wrap .ast-flex.inline-on-mobile .menu-item.ast-submenu-expanded &gt; .sub-menu .menu-link {padding: .1em 1em;}.ast-header-break-point .ast-mobile-header-wrap .ast-flex.inline-on-mobile .menu-item.ast-submenu-expanded &gt; .sub-menu &gt; .menu-item .ast-menu-toggle::before {transform: rotate(-90deg);}.ast-header-break-point .ast-mobile-header-wrap .ast-flex.inline-on-mobile .menu-item.ast-submenu-expanded &gt; .sub-menu &gt; .menu-item.ast-submenu-expanded .ast-menu-toggle::before {transform: rotate(-270deg);}.ast-header-break-point .ast-mobile-header-wrap .ast-flex.inline-on-mobile .menu-item &gt; .sub-menu &gt; .menu-item .menu-link:before {content: none;}.ast-header-break-point .ast-mobile-header-wrap .ast-flex.inline-on-mobile {flex-wrap: unset;}.ast-header-break-point .ast-mobile-header-wrap .ast-flex.inline-on-mobile .menu-item.ast-submenu-expanded &gt; .sub-menu .menu-link {padding: .1em 1em;}.ast-header-break-point .ast-mobile-header-wrap .ast-flex.inline-on-mobile .menu-item.ast-submenu-expanded &gt; .sub-menu &gt; .menu-item .ast-menu-toggle::before {transform: rotate(-90deg);}.ast-header-break-point .ast-mobile-header-wrap .ast-flex.inline-on-mobile .menu-item.ast-submenu-expanded &gt; .sub-menu &gt; .menu-item.ast-submenu-expanded .ast-menu-toggle::before {transform: rotate(-270deg);}.ast-header-break-point .ast-mobile-header-wrap .ast-flex.inline-on-mobile .menu-item &gt; .sub-menu &gt; .menu-item .menu-link:before {content: none;}.ast-header-break-point .inline-on-mobile .sub-menu {width: 150px;}.ast-header-break-point .ast-mobile-header-wrap .ast-flex.inline-on-mobile .menu-item.menu-item-has-children {margin-right: 10px;}.ast-header-break-point .ast-mobile-header-wrap .ast-flex.inline-on-mobile .menu-item.ast-submenu-expanded &gt; .sub-menu {display: block;position: absolute;right: auto;left: 0;}.ast-header-break-point .ast-mobile-header-wrap .ast-flex.inline-on-mobile .menu-item.ast-submenu-expanded &gt; .sub-menu .menu-item .ast-menu-toggle {padding: 0;right: 1em;}.ast-header-break-point .ast-mobile-header-wrap .ast-flex.inline-on-mobile .menu-item.ast-submenu-expanded &gt; .sub-menu &gt; .menu-item &gt; .sub-menu {left: 100%;right: auto;}.ast-header-break-point .ast-mobile-header-wrap .ast-flex.inline-on-mobile .ast-menu-toggle {right: -15px;}.ast-header-break-point .ast-mobile-header-wrap .ast-flex.inline-on-mobile .menu-item.menu-item-has-children {margin-right: 10px;}.ast-header-break-point .ast-mobile-header-wrap .ast-flex.inline-on-mobile .menu-item.ast-submenu-expanded &gt; .sub-menu {display: block;position: absolute;right: auto;left: 0;}.ast-header-break-point .ast-mobile-header-wrap .ast-flex.inline-on-mobile .menu-item.ast-submenu-expanded &gt; .sub-menu &gt; .menu-item &gt; .sub-menu {left: 100%;right: auto;}.ast-header-break-point .ast-mobile-header-wrap .ast-flex.inline-on-mobile .ast-menu-toggle {right: -15px;}:root .has-ast-global-color-0-color{color:var(--ast-global-color-0);}:root .has-ast-global-color-0-background-color{background-color:var(--ast-global-color-0);}:root .wp-block-button .has-ast-global-color-0-color{color:var(--ast-global-color-0);}:root .wp-block-button .has-ast-global-color-0-background-color{background-color:var(--ast-global-color-0);}:root .has-ast-global-color-1-color{color:var(--ast-global-color-1);}:root .has-ast-global-color-1-background-color{background-color:var(--ast-global-color-1);}:root .wp-block-button .has-ast-global-color-1-color{color:var(--ast-global-color-1);}:root .wp-block-button .has-ast-global-color-1-background-color{background-color:var(--ast-global-color-1);}:root .has-ast-global-color-2-color{color:var(--ast-global-color-2);}:root .has-ast-global-color-2-background-color{background-color:var(--ast-global-color-2);}:root .wp-block-button .has-ast-global-color-2-color{color:var(--ast-global-color-2);}:root .wp-block-button .has-ast-global-color-2-background-color{background-color:var(--ast-global-color-2);}:root .has-ast-global-color-3-color{color:var(--ast-global-color-3);}:root .has-ast-global-color-3-background-color{background-color:var(--ast-global-color-3);}:root .wp-block-button .has-ast-global-color-3-color{color:var(--ast-global-color-3);}:root .wp-block-button .has-ast-global-color-3-background-color{background-color:var(--ast-global-color-3);}:root .has-ast-global-color-4-color{color:var(--ast-global-color-4);}:root .has-ast-global-color-4-background-color{background-color:var(--ast-global-color-4);}:root .wp-block-button .has-ast-global-color-4-color{color:var(--ast-global-color-4);}:root .wp-block-button .has-ast-global-color-4-background-color{background-color:var(--ast-global-color-4);}:root .has-ast-global-color-5-color{color:var(--ast-global-color-5);}:root .has-ast-global-color-5-background-color{background-color:var(--ast-global-color-5);}:root .wp-block-button .has-ast-global-color-5-color{color:var(--ast-global-color-5);}:root .wp-block-button .has-ast-global-color-5-background-color{background-color:var(--ast-global-color-5);}:root .has-ast-global-color-6-color{color:var(--ast-global-color-6);}:root .has-ast-global-color-6-background-color{background-color:var(--ast-global-color-6);}:root .wp-block-button .has-ast-global-color-6-color{color:var(--ast-global-color-6);}:root .wp-block-button .has-ast-global-color-6-background-color{background-color:var(--ast-global-color-6);}:root .has-ast-global-color-7-color{color:var(--ast-global-color-7);}:root .has-ast-global-color-7-background-color{background-color:var(--ast-global-color-7);}:root .wp-block-button .has-ast-global-color-7-color{color:var(--ast-global-color-7);}:root .wp-block-button .has-ast-global-color-7-background-color{background-color:var(--ast-global-color-7);}:root .has-ast-global-color-8-color{color:var(--ast-global-color-8);}:root .has-ast-global-color-8-background-color{background-color:var(--ast-global-color-8);}:root .wp-block-button .has-ast-global-color-8-color{color:var(--ast-global-color-8);}:root .wp-block-button .has-ast-global-color-8-background-color{background-color:var(--ast-global-color-8);}:root{--ast-global-color-0:#0170B9;--ast-global-color-1:#3a3a3a;--ast-global-color-2:#3a3a3a;--ast-global-color-3:#4B4F58;--ast-global-color-4:#F5F5F5;--ast-global-color-5:#FFFFFF;--ast-global-color-6:#F2F5F7;--ast-global-color-7:#424242;--ast-global-color-8:#000000;}.ast-theme-transparent-header #masthead .site-logo-img .transparent-custom-logo .astra-logo-svg{width:140px;}.ast-theme-transparent-header #masthead .site-logo-img .transparent-custom-logo img{ max-width:140px;}@media (min-width:921px){.ast-theme-transparent-header #masthead{position:absolute;left:0;right:0;}.ast-theme-transparent-header .main-header-bar,.ast-theme-transparent-header.ast-header-break-point .main-header-bar{background:none;}body.elementor-editor-active.ast-theme-transparent-header #masthead,.fl-builder-edit .ast-theme-transparent-header #masthead,body.vc_editor.ast-theme-transparent-header #masthead,body.brz-ed.ast-theme-transparent-header #masthead{z-index:0;}.ast-header-break-point.ast-replace-site-logo-transparent.ast-theme-transparent-header .custom-mobile-logo-link{display:none;}.ast-header-break-point.ast-replace-site-logo-transparent.ast-theme-transparent-header .transparent-custom-logo{display:inline-block;}.ast-theme-transparent-header .ast-above-header,.ast-theme-transparent-header .ast-above-header.ast-above-header-bar{background-image:none;background-color:transparent;}.ast-theme-transparent-header .ast-below-header{background-image:none;background-color:transparent;}}@media (min-width:922px){.ast-theme-transparent-header .main-header-bar,.ast-theme-transparent-header.ast-header-break-point .main-header-bar-wrap .main-header-menu,.ast-theme-transparent-header.ast-header-break-point .main-header-bar-wrap .main-header-bar,.ast-theme-transparent-header.ast-header-break-point .ast-mobile-header-wrap .main-header-bar{background-color:rgba(0,0,0,0.07);}.ast-theme-transparent-header .main-header-bar .ast-search-menu-icon form{background-color:rgba(0,0,0,0.07);}.ast-theme-transparent-header .ast-above-header,.ast-theme-transparent-header .ast-above-header.ast-above-header-bar,.ast-theme-transparent-header .ast-below-header,.ast-header-break-point.ast-theme-transparent-header .ast-above-header,.ast-header-break-point.ast-theme-transparent-header .ast-below-header{background-color:rgba(0,0,0,0.07);}.ast-theme-transparent-header .site-title a,.ast-theme-transparent-header .site-title a:focus,.ast-theme-transparent-header .site-title a:hover,.ast-theme-transparent-header .site-title a:visited{color:#ffffff;}.ast-theme-transparent-header .site-header .site-description{color:#ffffff;}.ast-theme-transparent-header .ast-builder-menu .main-header-menu .menu-item .sub-menu .menu-item .menu-link,.ast-theme-transparent-header .ast-builder-menu .main-header-menu .menu-item .sub-menu .menu-item &gt; .ast-menu-toggle,.ast-theme-transparent-header .main-header-menu .menu-item .sub-menu .menu-link,.ast-header-break-point.ast-flyout-menu-enable.ast-header-break-point .main-header-bar-navigation .main-header-menu .menu-item .sub-menu .menu-link{color:#333333;}.ast-theme-transparent-header .ast-builder-menu .main-header-menu .menu-item .sub-menu .menu-link:hover,.ast-theme-transparent-header .ast-builder-menu .main-header-menu .menu-item .sub-menu .menu-item:hover &gt; .menu-link,.ast-theme-transparent-header .ast-builder-menu .main-header-menu .menu-item .sub-menu .menu-item.focus &gt; .menu-item,.ast-theme-transparent-header .ast-builder-menu .main-header-menu .menu-item .sub-menu .menu-item.current-menu-item &gt; .menu-link,.ast-theme-transparent-header .ast-builder-menu .main-header-menu .menu-item .sub-menu .menu-item.current-menu-item &gt; .ast-menu-toggle,.ast-theme-transparent-header .ast-builder-menu .main-header-menu .menu-item .sub-menu .menu-item:hover &gt; .ast-menu-toggle,.ast-theme-transparent-header .ast-builder-menu .main-header-menu .menu-item .sub-menu .menu-item.focus &gt; .ast-menu-toggle,.ast-theme-transparent-header .main-header-menu .menu-item .sub-menu .menu-item:hover &gt; .menu-link,.ast-header-break-point.ast-flyout-menu-enable.ast-header-break-point .main-header-bar-navigation .main-header-menu .menu-item .sub-menu .menu-link{color:#000000;}.ast-theme-transparent-header .ast-builder-menu .main-header-menu,.ast-theme-transparent-header .ast-builder-menu .main-header-menu .menu-link,.ast-theme-transparent-header [CLASS*="ast-builder-menu-"] .main-header-menu .menu-item &gt; .menu-link,.ast-theme-transparent-header .ast-masthead-custom-menu-items,.ast-theme-transparent-header .ast-masthead-custom-menu-items a,.ast-theme-transparent-header .ast-builder-menu .main-header-menu .menu-item &gt; .ast-menu-toggle,.ast-theme-transparent-header .ast-builder-menu .main-header-menu .menu-item &gt; .ast-menu-toggle,.ast-theme-transparent-header .ast-above-header-navigation a,.ast-header-break-point.ast-theme-transparent-header .ast-above-header-navigation a,.ast-header-break-point.ast-theme-transparent-header .ast-above-header-navigation &gt; ul.ast-above-header-menu &gt; .menu-item-has-children:not(.current-menu-item) &gt; .ast-menu-toggle,.ast-theme-transparent-header .ast-below-header-menu,.ast-theme-transparent-header .ast-below-header-menu a,.ast-header-break-point.ast-theme-transparent-header .ast-below-header-menu a,.ast-header-break-point.ast-theme-transparent-header .ast-below-header-menu,.ast-theme-transparent-header .main-header-menu .menu-link{color:#cecece;}.ast-theme-transparent-header .ast-builder-menu .main-header-menu .menu-item:hover &gt; .menu-link,.ast-theme-transparent-header .ast-builder-menu .main-header-menu .menu-item:hover &gt; .ast-menu-toggle,.ast-theme-transparent-header .ast-builder-menu .main-header-menu .ast-masthead-custom-menu-items a:hover,.ast-theme-transparent-header .ast-builder-menu .main-header-menu .focus &gt; .menu-link,.ast-theme-transparent-header .ast-builder-menu .main-header-menu .focus &gt; .ast-menu-toggle,.ast-theme-transparent-header .ast-builder-menu .main-header-menu .current-menu-item &gt; .menu-link,.ast-theme-transparent-header .ast-builder-menu .main-header-menu .current-menu-ancestor &gt; .menu-link,.ast-theme-transparent-header .ast-builder-menu .main-header-menu .current-menu-item &gt; .ast-menu-toggle,.ast-theme-transparent-header .ast-builder-menu .main-header-menu .current-menu-ancestor &gt; .ast-menu-toggle,.ast-theme-transparent-header [CLASS*="ast-builder-menu-"] .main-header-menu .current-menu-item &gt; .menu-link,.ast-theme-transparent-header [CLASS*="ast-builder-menu-"] .main-header-menu .current-menu-ancestor &gt; .menu-link,.ast-theme-transparent-header [CLASS*="ast-builder-menu-"] .main-header-menu .current-menu-item &gt; .ast-menu-toggle,.ast-theme-transparent-header [CLASS*="ast-builder-menu-"] .main-header-menu .current-menu-ancestor &gt; .ast-menu-toggle,.ast-theme-transparent-header .main-header-menu .menu-item:hover &gt; .menu-link,.ast-theme-transparent-header .main-header-menu .current-menu-item &gt; .menu-link,.ast-theme-transparent-header .main-header-menu .current-menu-ancestor &gt; .menu-link{color:#ffffff;}.ast-theme-transparent-header div.ast-masthead-custom-menu-items,.ast-theme-transparent-header div.ast-masthead-custom-menu-items .widget,.ast-theme-transparent-header div.ast-masthead-custom-menu-items .widget-title,.ast-theme-transparent-header .site-header-section [CLASS*="ast-header-html-"] .ast-builder-html-element{color:#000000;}.ast-theme-transparent-header div.ast-masthead-custom-menu-items a,.ast-theme-transparent-header div.ast-masthead-custom-menu-items .widget a,.ast-theme-transparent-header .site-header-section [CLASS*="ast-header-html-"] .ast-builder-html-element a{color:#cecece;}.ast-theme-transparent-header div.ast-masthead-custom-menu-items a:hover,.ast-theme-transparent-header div.ast-masthead-custom-menu-items .widget a:hover,.ast-theme-transparent-header .site-header-section [CLASS*="ast-header-html-"] .ast-builder-html-element a:hover{color:#ffffff;}}@media (max-width:921px){.transparent-custom-logo{display:none;}}@media (min-width:921px){.ast-transparent-mobile-logo{display:none;}}@media (max-width:921px){.ast-transparent-mobile-logo{display:block;}}@media (min-width:921px){.ast-theme-transparent-header #ast-desktop-header &gt; [CLASS*="-header-wrap"]:nth-last-child(2) &gt; [CLASS*="-header-bar"]{border-bottom-width:0;border-bottom-style:solid;border-bottom-color:rgba(0,0,0,0);}}.ast-breadcrumbs .trail-browse,.ast-breadcrumbs .trail-items,.ast-breadcrumbs .trail-items li{display:inline-block;margin:0;padding:0;border:none;background:inherit;text-indent:0;}.ast-breadcrumbs .trail-browse{font-size:inherit;font-style:inherit;font-weight:inherit;color:inherit;}.ast-breadcrumbs .trail-items{list-style:none;}.trail-items li::after{padding:0 0.3em;content:"\00bb";}.trail-items li:last-of-type::after{display:none;}h1,.entry-content h1,h2,.entry-content h2,h3,.entry-content h3,h4,.entry-content h4,h5,.entry-content h5,h6,.entry-content h6{color:var(--ast-global-color-2);}@media (max-width:921px){.ast-builder-grid-row-container.ast-builder-grid-row-tablet-3-firstrow .ast-builder-grid-row &gt; *:first-child,.ast-builder-grid-row-container.ast-builder-grid-row-tablet-3-lastrow .ast-builder-grid-row &gt; *:last-child{grid-column:1 / -1;}}@media (max-width:544px){.ast-builder-grid-row-container.ast-builder-grid-row-mobile-3-firstrow .ast-builder-grid-row &gt; *:first-child,.ast-builder-grid-row-container.ast-builder-grid-row-mobile-3-lastrow .ast-builder-grid-row &gt; *:last-child{grid-column:1 / -1;}}.ast-builder-layout-element[data-section="title_tagline"]{display:flex;}@media (max-width:921px){.ast-header-break-point .ast-builder-layout-element[data-section="title_tagline"]{display:flex;}}@media (max-width:544px){.ast-header-break-point .ast-builder-layout-element[data-section="title_tagline"]{display:flex;}}.ast-builder-menu-1{font-family:inherit;font-weight:normal;}.ast-builder-menu-1 .menu-item.current-menu-item &gt; .menu-link,.ast-builder-menu-1 .inline-on-mobile .menu-item.current-menu-item &gt; .ast-menu-toggle,.ast-builder-menu-1 .current-menu-ancestor &gt; .menu-link{color:#602bb7;}.ast-builder-menu-1 .menu-item.current-menu-item &gt; .ast-menu-toggle{color:#602bb7;}.ast-builder-menu-1 .sub-menu,.ast-builder-menu-1 .inline-on-mobile .sub-menu{border-top-width:1px;border-bottom-width:1px;border-right-width:1px;border-left-width:1px;border-color:#dddddd;border-style:solid;border-radius:0;}.ast-builder-menu-1 .main-header-menu &gt; .menu-item &gt; .sub-menu,.ast-builder-menu-1 .main-header-menu &gt; .menu-item &gt; .astra-full-megamenu-wrapper{margin-top:0;}.ast-desktop .ast-builder-menu-1 .main-header-menu &gt; .menu-item &gt; .sub-menu:before,.ast-desktop .ast-builder-menu-1 .main-header-menu &gt; .menu-item &gt; .astra-full-megamenu-wrapper:before{height:calc( 0px + 5px );}.ast-desktop .ast-builder-menu-1 .menu-item .sub-menu .menu-link{border-bottom-width:1px;border-color:#eaeaea;border-style:solid;}.ast-desktop .ast-builder-menu-1 .menu-item .sub-menu .menu-item:last-child .menu-link{border-bottom-width:0;}@media (max-width:921px){.ast-header-break-point .ast-builder-menu-1 .menu-item.menu-item-has-children &gt; .ast-menu-toggle{top:0;}.ast-builder-menu-1 .menu-item-has-children &gt; .menu-link:after{content:unset;}}@media (max-width:544px){.ast-header-break-point .ast-builder-menu-1 .menu-item.menu-item-has-children &gt; .ast-menu-toggle{top:0;}}.ast-builder-menu-1{display:flex;}@media (max-width:921px){.ast-header-break-point .ast-builder-menu-1{display:flex;}}@media (max-width:544px){.ast-header-break-point .ast-builder-menu-1{display:flex;}}.ast-site-header-cart .ast-cart-menu-wrap,.ast-site-header-cart .ast-addon-cart-wrap{color:#d2d2d2;}.ast-site-header-cart .ast-cart-menu-wrap .count,.ast-site-header-cart .ast-cart-menu-wrap .count:after,.ast-site-header-cart .ast-addon-cart-wrap .count,.ast-site-header-cart .ast-addon-cart-wrap .ast-icon-shopping-cart:after{color:#d2d2d2;border-color:#d2d2d2;}.ast-site-header-cart .ast-addon-cart-wrap .ast-icon-shopping-cart:after{color:#ffffff;background-color:#d2d2d2;}.ast-site-header-cart .ast-woo-header-cart-info-wrap{color:#d2d2d2;}.ast-site-header-cart .ast-addon-cart-wrap i.astra-icon:after{color:#ffffff;background-color:#d2d2d2;}.ast-theme-transparent-header .ast-site-header-cart .ast-cart-menu-wrap,.ast-theme-transparent-header .ast-site-header-cart .ast-addon-cart-wrap{color:#d2d2d2;}.ast-theme-transparent-header .ast-site-header-cart .ast-cart-menu-wrap .count,.ast-theme-transparent-header .ast-site-header-cart .ast-cart-menu-wrap .count:after,.ast-theme-transparent-header .ast-site-header-cart .ast-addon-cart-wrap .count,.ast-theme-transparent-header .ast-site-header-cart .ast-addon-cart-wrap .ast-icon-shopping-cart:after{color:#d2d2d2;border-color:#d2d2d2;}.ast-theme-transparent-header .ast-site-header-cart .ast-addon-cart-wrap .ast-icon-shopping-cart:after{color:#ffffff;background-color:#d2d2d2;}.ast-theme-transparent-header .ast-site-header-cart .ast-woo-header-cart-info-wrap{color:#d2d2d2;}.ast-theme-transparent-header .ast-site-header-cart .ast-addon-cart-wrap i.astra-icon:after{color:#ffffff;background-color:#d2d2d2;}#ast-site-header-cart .widget_shopping_cart .mini_cart_item{border-bottom-color:rgb(0,0,0);}@media (max-width:921px){#astra-mobile-cart-drawer .widget_shopping_cart .mini_cart_item{border-bottom-color:rgb(0,0,0);}}@media (max-width:544px){#astra-mobile-cart-drawer .widget_shopping_cart .mini_cart_item{border-bottom-color:rgb(0,0,0);}}.ast-site-header-cart .ast-cart-menu-wrap,.ast-site-header-cart .ast-addon-cart-wrap{color:#d2d2d2;}.ast-site-header-cart .ast-cart-menu-wrap:hover .count,.ast-site-header-cart .ast-addon-cart-wrap:hover .count{color:#000000;background-color:#d2d2d2;}.ast-menu-cart-outline .ast-cart-menu-wrap .count,.ast-menu-cart-outline .ast-addon-cart-wrap{color:#d2d2d2;}.ast-site-header-cart .ast-menu-cart-outline .ast-woo-header-cart-info-wrap{color:#d2d2d2;}.ast-menu-cart-fill .ast-cart-menu-wrap .count,.ast-menu-cart-fill .ast-cart-menu-wrap,.ast-menu-cart-fill .ast-addon-cart-wrap .ast-woo-header-cart-info-wrap,.ast-menu-cart-fill .ast-addon-cart-wrap{background-color:#d2d2d2;color:#000000;}.ast-theme-transparent-header .ast-site-header-cart .ast-cart-menu-wrap,.ast-theme-transparent-header .ast-site-header-cart .ast-addon-cart-wrap{color:#d2d2d2;}.ast-theme-transparent-header .ast-site-header-cart .ast-cart-menu-wrap:hover .count,.ast-theme-transparent-header .ast-site-header-cart .ast-addon-cart-wrap:hover .count{color:#000000;background-color:#d2d2d2;}.ast-theme-transparent-header .ast-menu-cart-outline .ast-cart-menu-wrap .count,.ast-theme-transparent-header .ast-menu-cart-outline .ast-addon-cart-wrap{color:#d2d2d2;}.ast-theme-transparent-header .ast-site-header-cart .ast-menu-cart-outline .ast-woo-header-cart-info-wrap{color:#d2d2d2;}.ast-theme-transparent-header .ast-menu-cart-fill .ast-cart-menu-wrap .count,.ast-theme-transparent-header .ast-menu-cart-fill .ast-cart-menu-wrap,.ast-theme-transparent-header .ast-menu-cart-fill .ast-addon-cart-wrap .ast-woo-header-cart-info-wrap,.ast-theme-transparent-header .ast-menu-cart-fill .ast-addon-cart-wrap{background-color:#d2d2d2;color:#000000;}.ast-site-header-cart.ast-menu-cart-outline .ast-cart-menu-wrap,.ast-site-header-cart.ast-menu-cart-fill .ast-cart-menu-wrap,.ast-site-header-cart.ast-menu-cart-outline .ast-cart-menu-wrap .count,.ast-site-header-cart.ast-menu-cart-fill .ast-cart-menu-wrap .count,.ast-site-header-cart.ast-menu-cart-outline .ast-addon-cart-wrap,.ast-site-header-cart.ast-menu-cart-fill .ast-addon-cart-wrap,.ast-site-header-cart.ast-menu-cart-outline .ast-woo-header-cart-info-wrap,.ast-site-header-cart.ast-menu-cart-fill .ast-woo-header-cart-info-wrap{border-radius:3px;}.ast-header-woo-cart{display:flex;}@media (max-width:921px){.ast-header-break-point .ast-header-woo-cart{display:flex;}}@media (max-width:544px){.ast-header-break-point .ast-header-woo-cart{display:none;}}.site-below-footer-wrap{padding-top:20px;padding-bottom:20px;}.site-below-footer-wrap[data-section="section-below-footer-builder"]{background-color:#ffffff;;background-image:none;;min-height:80px;border-style:solid;border-width:0px;border-top-width:1px;border-top-color:rgba(122,122,122,0.13);}.site-below-footer-wrap[data-section="section-below-footer-builder"] .ast-builder-grid-row{max-width:1200px;margin-left:auto;margin-right:auto;}.site-below-footer-wrap[data-section="section-below-footer-builder"] .ast-builder-grid-row,.site-below-footer-wrap[data-section="section-below-footer-builder"] .site-footer-section{align-items:flex-start;}.site-below-footer-wrap[data-section="section-below-footer-builder"].ast-footer-row-inline .site-footer-section{display:flex;margin-bottom:0;}.ast-builder-grid-row-2-equal .ast-builder-grid-row{grid-template-columns:repeat( 2,1fr );}@media (max-width:921px){.site-below-footer-wrap[data-section="section-below-footer-builder"].ast-footer-row-tablet-inline .site-footer-section{display:flex;margin-bottom:0;}.site-below-footer-wrap[data-section="section-below-footer-builder"].ast-footer-row-tablet-stack .site-footer-section{display:block;margin-bottom:10px;}.ast-builder-grid-row-container.ast-builder-grid-row-tablet-2-equal .ast-builder-grid-row{grid-template-columns:repeat( 2,1fr );}}@media (max-width:544px){.site-below-footer-wrap[data-section="section-below-footer-builder"].ast-footer-row-mobile-inline .site-footer-section{display:flex;margin-bottom:0;}.site-below-footer-wrap[data-section="section-below-footer-builder"].ast-footer-row-mobile-stack .site-footer-section{display:block;margin-bottom:10px;}.ast-builder-grid-row-container.ast-builder-grid-row-mobile-full .ast-builder-grid-row{grid-template-columns:1fr;}}@media (max-width:921px){.site-below-footer-wrap[data-section="section-below-footer-builder"]{padding-left:30px;padding-right:30px;}}.site-below-footer-wrap[data-section="section-below-footer-builder"]{display:grid;}@media (max-width:921px){.ast-header-break-point .site-below-footer-wrap[data-section="section-below-footer-builder"]{display:grid;}}@media (max-width:544px){.ast-header-break-point .site-below-footer-wrap[data-section="section-below-footer-builder"]{display:grid;}}.ast-builder-html-element img.alignnone{display:inline-block;}.ast-builder-html-element p:first-child{margin-top:0;}.ast-builder-html-element p:last-child{margin-bottom:0;}.ast-header-break-point .main-header-bar .ast-builder-html-element{line-height:1.85714285714286;}.footer-widget-area[data-section="section-fb-html-1"]{display:block;}@media (max-width:921px){.ast-header-break-point .footer-widget-area[data-section="section-fb-html-1"]{display:block;}}@media (max-width:544px){.ast-header-break-point .footer-widget-area[data-section="section-fb-html-1"]{display:block;}}.footer-widget-area[data-section="section-fb-html-1"] .ast-builder-html-element{text-align:right;}@media (max-width:921px){.footer-widget-area[data-section="section-fb-html-1"] .ast-builder-html-element{text-align:right;}}@media (max-width:544px){.footer-widget-area[data-section="section-fb-html-1"] .ast-builder-html-element{text-align:center;}}.ast-footer-copyright{text-align:left;}.ast-footer-copyright {color:#000000;}@media (max-width:921px){.ast-footer-copyright{text-align:left;}}@media (max-width:544px){.ast-footer-copyright{text-align:center;}}.ast-footer-copyright.ast-builder-layout-element{display:flex;}@media (max-width:921px){.ast-header-break-point .ast-footer-copyright.ast-builder-layout-element{display:flex;}}@media (max-width:544px){.ast-header-break-point .ast-footer-copyright.ast-builder-layout-element{display:flex;}}.site-footer{background-color:#ffffff;;background-image:none;;}.site-primary-footer-wrap{padding-top:45px;padding-bottom:45px;}.site-primary-footer-wrap[data-section="section-primary-footer-builder"]{background-color:#ffffff;;background-image:none;;}.site-primary-footer-wrap[data-section="section-primary-footer-builder"] .ast-builder-grid-row{grid-column-gap:200px;max-width:1200px;margin-left:auto;margin-right:auto;}.site-primary-footer-wrap[data-section="section-primary-footer-builder"] .ast-builder-grid-row,.site-primary-footer-wrap[data-section="section-primary-footer-builder"] .site-footer-section{align-items:flex-start;}.site-primary-footer-wrap[data-section="section-primary-footer-builder"].ast-footer-row-inline .site-footer-section{display:flex;margin-bottom:0;}.ast-builder-grid-row-4-equal .ast-builder-grid-row{grid-template-columns:repeat( 4,1fr );}@media (max-width:921px){.site-primary-footer-wrap[data-section="section-primary-footer-builder"].ast-footer-row-tablet-inline .site-footer-section{display:flex;margin-bottom:0;}.site-primary-footer-wrap[data-section="section-primary-footer-builder"].ast-footer-row-tablet-stack .site-footer-section{display:block;margin-bottom:10px;}.ast-builder-grid-row-container.ast-builder-grid-row-tablet-4-equal .ast-builder-grid-row{grid-template-columns:repeat( 4,1fr );}}@media (max-width:544px){.site-primary-footer-wrap[data-section="section-primary-footer-builder"].ast-footer-row-mobile-inline .site-footer-section{display:flex;margin-bottom:0;}.site-primary-footer-wrap[data-section="section-primary-footer-builder"].ast-footer-row-mobile-stack .site-footer-section{display:block;margin-bottom:10px;}.ast-builder-grid-row-container.ast-builder-grid-row-mobile-full .ast-builder-grid-row{grid-template-columns:1fr;}}.site-primary-footer-wrap[data-section="section-primary-footer-builder"]{padding-top:55px;padding-bottom:55px;}@media (max-width:921px){.site-primary-footer-wrap[data-section="section-primary-footer-builder"]{padding-left:30px;padding-right:30px;}}@media (max-width:544px){.site-primary-footer-wrap[data-section="section-primary-footer-builder"]{padding-top:40px;padding-bottom:20px;}}.site-primary-footer-wrap[data-section="section-primary-footer-builder"]{display:grid;}@media (max-width:921px){.ast-header-break-point .site-primary-footer-wrap[data-section="section-primary-footer-builder"]{display:grid;}}@media (max-width:544px){.ast-header-break-point .site-primary-footer-wrap[data-section="section-primary-footer-builder"]{display:grid;}}.footer-widget-area[data-section="sidebar-widgets-footer-widget-1"] .footer-widget-area-inner{text-align:left;}@media (max-width:921px){.footer-widget-area[data-section="sidebar-widgets-footer-widget-1"] .footer-widget-area-inner{text-align:left;}}@media (max-width:544px){.footer-widget-area[data-section="sidebar-widgets-footer-widget-1"] .footer-widget-area-inner{text-align:center;}}.footer-widget-area[data-section="sidebar-widgets-footer-widget-1"] .footer-widget-area-inner{color:#434343;}.footer-widget-area[data-section="sidebar-widgets-footer-widget-1"] .footer-widget-area-inner a{color:#434343;}.footer-widget-area[data-section="sidebar-widgets-footer-widget-1"] .footer-widget-area-inner a:hover{color:#3197d6;}.footer-widget-area[data-section="sidebar-widgets-footer-widget-1"] .widget-title{color:#000000;}.footer-widget-area[data-section="sidebar-widgets-footer-widget-1"]{display:block;}@media (max-width:921px){.ast-header-break-point .footer-widget-area[data-section="sidebar-widgets-footer-widget-1"]{display:block;}}@media (max-width:544px){.ast-header-break-point .footer-widget-area[data-section="sidebar-widgets-footer-widget-1"]{display:block;}}.footer-widget-area[data-section="sidebar-widgets-footer-widget-2"] .footer-widget-area-inner{color:#434343;}.footer-widget-area[data-section="sidebar-widgets-footer-widget-2"] .footer-widget-area-inner a{color:#434343;}.footer-widget-area[data-section="sidebar-widgets-footer-widget-2"] .footer-widget-area-inner a:hover{color:#3197d6;}.footer-widget-area[data-section="sidebar-widgets-footer-widget-2"] .widget-title{color:#000000;}.footer-widget-area[data-section="sidebar-widgets-footer-widget-2"]{display:block;}@media (max-width:921px){.ast-header-break-point .footer-widget-area[data-section="sidebar-widgets-footer-widget-2"]{display:block;}}@media (max-width:544px){.ast-header-break-point .footer-widget-area[data-section="sidebar-widgets-footer-widget-2"]{display:block;}}.footer-widget-area[data-section="sidebar-widgets-footer-widget-3"] .footer-widget-area-inner{color:#434343;}.footer-widget-area[data-section="sidebar-widgets-footer-widget-3"] .footer-widget-area-inner a{color:#434343;}.footer-widget-area[data-section="sidebar-widgets-footer-widget-3"] .footer-widget-area-inner a:hover{color:#3197d6;}.footer-widget-area[data-section="sidebar-widgets-footer-widget-3"] .widget-title{color:#000000;}.footer-widget-area[data-section="sidebar-widgets-footer-widget-3"]{display:block;}@media (max-width:921px){.ast-header-break-point .footer-widget-area[data-section="sidebar-widgets-footer-widget-3"]{display:block;}}@media (max-width:544px){.ast-header-break-point .footer-widget-area[data-section="sidebar-widgets-footer-widget-3"]{display:block;}}.footer-widget-area[data-section="sidebar-widgets-footer-widget-4"] .footer-widget-area-inner{color:#434343;}.footer-widget-area[data-section="sidebar-widgets-footer-widget-4"] .footer-widget-area-inner a{color:#434343;}.footer-widget-area[data-section="sidebar-widgets-footer-widget-4"] .footer-widget-area-inner a:hover{color:#3197d6;}.footer-widget-area[data-section="sidebar-widgets-footer-widget-4"] .widget-title{color:#000000;}.footer-widget-area[data-section="sidebar-widgets-footer-widget-4"]{display:block;}@media (max-width:921px){.ast-header-break-point .footer-widget-area[data-section="sidebar-widgets-footer-widget-4"]{display:block;}}@media (max-width:544px){.ast-header-break-point .footer-widget-area[data-section="sidebar-widgets-footer-widget-4"]{display:block;}}.footer-widget-area[data-section="sidebar-widgets-footer-widget-2"] .footer-widget-area-inner{text-align:left;}@media (max-width:921px){.footer-widget-area[data-section="sidebar-widgets-footer-widget-2"] .footer-widget-area-inner{text-align:left;}}@media (max-width:544px){.footer-widget-area[data-section="sidebar-widgets-footer-widget-2"] .footer-widget-area-inner{text-align:center;}}.footer-widget-area[data-section="sidebar-widgets-footer-widget-1"] .footer-widget-area-inner{color:#434343;}.footer-widget-area[data-section="sidebar-widgets-footer-widget-1"] .footer-widget-area-inner a{color:#434343;}.footer-widget-area[data-section="sidebar-widgets-footer-widget-1"] .footer-widget-area-inner a:hover{color:#3197d6;}.footer-widget-area[data-section="sidebar-widgets-footer-widget-1"] .widget-title{color:#000000;}.footer-widget-area[data-section="sidebar-widgets-footer-widget-1"]{display:block;}@media (max-width:921px){.ast-header-break-point .footer-widget-area[data-section="sidebar-widgets-footer-widget-1"]{display:block;}}@media (max-width:544px){.ast-header-break-point .footer-widget-area[data-section="sidebar-widgets-footer-widget-1"]{display:block;}}.footer-widget-area[data-section="sidebar-widgets-footer-widget-2"] .footer-widget-area-inner{color:#434343;}.footer-widget-area[data-section="sidebar-widgets-footer-widget-2"] .footer-widget-area-inner a{color:#434343;}.footer-widget-area[data-section="sidebar-widgets-footer-widget-2"] .footer-widget-area-inner a:hover{color:#3197d6;}.footer-widget-area[data-section="sidebar-widgets-footer-widget-2"] .widget-title{color:#000000;}.footer-widget-area[data-section="sidebar-widgets-footer-widget-2"]{display:block;}@media (max-width:921px){.ast-header-break-point .footer-widget-area[data-section="sidebar-widgets-footer-widget-2"]{display:block;}}@media (max-width:544px){.ast-header-break-point .footer-widget-area[data-section="sidebar-widgets-footer-widget-2"]{display:block;}}.footer-widget-area[data-section="sidebar-widgets-footer-widget-3"] .footer-widget-area-inner{color:#434343;}.footer-widget-area[data-section="sidebar-widgets-footer-widget-3"] .footer-widget-area-inner a{color:#434343;}.footer-widget-area[data-section="sidebar-widgets-footer-widget-3"] .footer-widget-area-inner a:hover{color:#3197d6;}.footer-widget-area[data-section="sidebar-widgets-footer-widget-3"] .widget-title{color:#000000;}.footer-widget-area[data-section="sidebar-widgets-footer-widget-3"]{display:block;}@media (max-width:921px){.ast-header-break-point .footer-widget-area[data-section="sidebar-widgets-footer-widget-3"]{display:block;}}@media (max-width:544px){.ast-header-break-point .footer-widget-area[data-section="sidebar-widgets-footer-widget-3"]{display:block;}}.footer-widget-area[data-section="sidebar-widgets-footer-widget-4"] .footer-widget-area-inner{color:#434343;}.footer-widget-area[data-section="sidebar-widgets-footer-widget-4"] .footer-widget-area-inner a{color:#434343;}.footer-widget-area[data-section="sidebar-widgets-footer-widget-4"] .footer-widget-area-inner a:hover{color:#3197d6;}.footer-widget-area[data-section="sidebar-widgets-footer-widget-4"] .widget-title{color:#000000;}.footer-widget-area[data-section="sidebar-widgets-footer-widget-4"]{display:block;}@media (max-width:921px){.ast-header-break-point .footer-widget-area[data-section="sidebar-widgets-footer-widget-4"]{display:block;}}@media (max-width:544px){.ast-header-break-point .footer-widget-area[data-section="sidebar-widgets-footer-widget-4"]{display:block;}}.footer-widget-area[data-section="sidebar-widgets-footer-widget-3"] .footer-widget-area-inner{text-align:left;}@media (max-width:921px){.footer-widget-area[data-section="sidebar-widgets-footer-widget-3"] .footer-widget-area-inner{text-align:left;}}@media (max-width:544px){.footer-widget-area[data-section="sidebar-widgets-footer-widget-3"] .footer-widget-area-inner{text-align:center;}}.footer-widget-area[data-section="sidebar-widgets-footer-widget-1"] .footer-widget-area-inner{color:#434343;}.footer-widget-area[data-section="sidebar-widgets-footer-widget-1"] .footer-widget-area-inner a{color:#434343;}.footer-widget-area[data-section="sidebar-widgets-footer-widget-1"] .footer-widget-area-inner a:hover{color:#3197d6;}.footer-widget-area[data-section="sidebar-widgets-footer-widget-1"] .widget-title{color:#000000;}.footer-widget-area[data-section="sidebar-widgets-footer-widget-1"]{display:block;}@media (max-width:921px){.ast-header-break-point .footer-widget-area[data-section="sidebar-widgets-footer-widget-1"]{display:block;}}@media (max-width:544px){.ast-header-break-point .footer-widget-area[data-section="sidebar-widgets-footer-widget-1"]{display:block;}}.footer-widget-area[data-section="sidebar-widgets-footer-widget-2"] .footer-widget-area-inner{color:#434343;}.footer-widget-area[data-section="sidebar-widgets-footer-widget-2"] .footer-widget-area-inner a{color:#434343;}.footer-widget-area[data-section="sidebar-widgets-footer-widget-2"] .footer-widget-area-inner a:hover{color:#3197d6;}.footer-widget-area[data-section="sidebar-widgets-footer-widget-2"] .widget-title{color:#000000;}.footer-widget-area[data-section="sidebar-widgets-footer-widget-2"]{display:block;}@media (max-width:921px){.ast-header-break-point .footer-widget-area[data-section="sidebar-widgets-footer-widget-2"]{display:block;}}@media (max-width:544px){.ast-header-break-point .footer-widget-area[data-section="sidebar-widgets-footer-widget-2"]{display:block;}}.footer-widget-area[data-section="sidebar-widgets-footer-widget-3"] .footer-widget-area-inner{color:#434343;}.footer-widget-area[data-section="sidebar-widgets-footer-widget-3"] .footer-widget-area-inner a{color:#434343;}.footer-widget-area[data-section="sidebar-widgets-footer-widget-3"] .footer-widget-area-inner a:hover{color:#3197d6;}.footer-widget-area[data-section="sidebar-widgets-footer-widget-3"] .widget-title{color:#000000;}.footer-widget-area[data-section="sidebar-widgets-footer-widget-3"]{display:block;}@media (max-width:921px){.ast-header-break-point .footer-widget-area[data-section="sidebar-widgets-footer-widget-3"]{display:block;}}@media (max-width:544px){.ast-header-break-point .footer-widget-area[data-section="sidebar-widgets-footer-widget-3"]{display:block;}}.footer-widget-area[data-section="sidebar-widgets-footer-widget-4"] .footer-widget-area-inner{color:#434343;}.footer-widget-area[data-section="sidebar-widgets-footer-widget-4"] .footer-widget-area-inner a{color:#434343;}.footer-widget-area[data-section="sidebar-widgets-footer-widget-4"] .footer-widget-area-inner a:hover{color:#3197d6;}.footer-widget-area[data-section="sidebar-widgets-footer-widget-4"] .widget-title{color:#000000;}.footer-widget-area[data-section="sidebar-widgets-footer-widget-4"]{display:block;}@media (max-width:921px){.ast-header-break-point .footer-widget-area[data-section="sidebar-widgets-footer-widget-4"]{display:block;}}@media (max-width:544px){.ast-header-break-point .footer-widget-area[data-section="sidebar-widgets-footer-widget-4"]{display:block;}}.footer-widget-area[data-section="sidebar-widgets-footer-widget-4"] .footer-widget-area-inner{text-align:left;}@media (max-width:921px){.footer-widget-area[data-section="sidebar-widgets-footer-widget-4"] .footer-widget-area-inner{text-align:left;}}@media (max-width:544px){.footer-widget-area[data-section="sidebar-widgets-footer-widget-4"] .footer-widget-area-inner{text-align:center;}}.footer-widget-area[data-section="sidebar-widgets-footer-widget-1"] .footer-widget-area-inner{color:#434343;}.footer-widget-area[data-section="sidebar-widgets-footer-widget-1"] .footer-widget-area-inner a{color:#434343;}.footer-widget-area[data-section="sidebar-widgets-footer-widget-1"] .footer-widget-area-inner a:hover{color:#3197d6;}.footer-widget-area[data-section="sidebar-widgets-footer-widget-1"] .widget-title{color:#000000;}.footer-widget-area[data-section="sidebar-widgets-footer-widget-1"]{display:block;}@media (max-width:921px){.ast-header-break-point .footer-widget-area[data-section="sidebar-widgets-footer-widget-1"]{display:block;}}@media (max-width:544px){.ast-header-break-point .footer-widget-area[data-section="sidebar-widgets-footer-widget-1"]{display:block;}}.footer-widget-area[data-section="sidebar-widgets-footer-widget-2"] .footer-widget-area-inner{color:#434343;}.footer-widget-area[data-section="sidebar-widgets-footer-widget-2"] .footer-widget-area-inner a{color:#434343;}.footer-widget-area[data-section="sidebar-widgets-footer-widget-2"] .footer-widget-area-inner a:hover{color:#3197d6;}.footer-widget-area[data-section="sidebar-widgets-footer-widget-2"] .widget-title{color:#000000;}.footer-widget-area[data-section="sidebar-widgets-footer-widget-2"]{display:block;}@media (max-width:921px){.ast-header-break-point .footer-widget-area[data-section="sidebar-widgets-footer-widget-2"]{display:block;}}@media (max-width:544px){.ast-header-break-point .footer-widget-area[data-section="sidebar-widgets-footer-widget-2"]{display:block;}}.footer-widget-area[data-section="sidebar-widgets-footer-widget-3"] .footer-widget-area-inner{color:#434343;}.footer-widget-area[data-section="sidebar-widgets-footer-widget-3"] .footer-widget-area-inner a{color:#434343;}.footer-widget-area[data-section="sidebar-widgets-footer-widget-3"] .footer-widget-area-inner a:hover{color:#3197d6;}.footer-widget-area[data-section="sidebar-widgets-footer-widget-3"] .widget-title{color:#000000;}.footer-widget-area[data-section="sidebar-widgets-footer-widget-3"]{display:block;}@media (max-width:921px){.ast-header-break-point .footer-widget-area[data-section="sidebar-widgets-footer-widget-3"]{display:block;}}@media (max-width:544px){.ast-header-break-point .footer-widget-area[data-section="sidebar-widgets-footer-widget-3"]{display:block;}}.footer-widget-area[data-section="sidebar-widgets-footer-widget-4"] .footer-widget-area-inner{color:#434343;}.footer-widget-area[data-section="sidebar-widgets-footer-widget-4"] .footer-widget-area-inner a{color:#434343;}.footer-widget-area[data-section="sidebar-widgets-footer-widget-4"] .footer-widget-area-inner a:hover{color:#3197d6;}.footer-widget-area[data-section="sidebar-widgets-footer-widget-4"] .widget-title{color:#000000;}.footer-widget-area[data-section="sidebar-widgets-footer-widget-4"]{display:block;}@media (max-width:921px){.ast-header-break-point .footer-widget-area[data-section="sidebar-widgets-footer-widget-4"]{display:block;}}@media (max-width:544px){.ast-header-break-point .footer-widget-area[data-section="sidebar-widgets-footer-widget-4"]{display:block;}}.ast-header-break-point .main-header-bar{border-bottom-width:1px;}@media (min-width:922px){.main-header-bar{border-bottom-width:1px;}}.ast-flex{-webkit-align-content:center;-ms-flex-line-pack:center;align-content:center;-webkit-box-align:center;-webkit-align-items:center;-moz-box-align:center;-ms-flex-align:center;align-items:center;}.main-header-bar{padding:1em 0;}.ast-site-identity{padding:0;}.header-main-layout-1 .ast-flex.main-header-container, .header-main-layout-3 .ast-flex.main-header-container{-webkit-align-content:center;-ms-flex-line-pack:center;align-content:center;-webkit-box-align:center;-webkit-align-items:center;-moz-box-align:center;-ms-flex-align:center;align-items:center;}.header-main-layout-1 .ast-flex.main-header-container, .header-main-layout-3 .ast-flex.main-header-container{-webkit-align-content:center;-ms-flex-line-pack:center;align-content:center;-webkit-box-align:center;-webkit-align-items:center;-moz-box-align:center;-ms-flex-align:center;align-items:center;}.main-header-menu .sub-menu .menu-item.menu-item-has-children &gt; .menu-link:after{position:absolute;right:1em;top:50%;transform:translate(0,-50%) rotate(270deg);}.ast-header-break-point .main-header-bar .main-header-bar-navigation .page_item_has_children &gt; .ast-menu-toggle::before, .ast-header-break-point .main-header-bar .main-header-bar-navigation .menu-item-has-children &gt; .ast-menu-toggle::before, .ast-mobile-popup-drawer .main-header-bar-navigation .menu-item-has-children&gt;.ast-menu-toggle::before, .ast-header-break-point .ast-mobile-header-wrap .main-header-bar-navigation .menu-item-has-children &gt; .ast-menu-toggle::before{font-weight:bold;content:"\e900";font-family:Astra;text-decoration:inherit;display:inline-block;}.ast-header-break-point .main-navigation ul.sub-menu .menu-item .menu-link:before{content:"\e900";font-family:Astra;font-size:.65em;text-decoration:inherit;display:inline-block;transform:translate(0, -2px) rotateZ(270deg);margin-right:5px;}.widget_search .search-form:after{font-family:Astra;font-size:1.2em;font-weight:normal;content:"\e8b6";position:absolute;top:50%;right:15px;transform:translate(0, -50%);}.astra-search-icon::before{content:"\e8b6";font-family:Astra;font-style:normal;font-weight:normal;text-decoration:inherit;text-align:center;-webkit-font-smoothing:antialiased;-moz-osx-font-smoothing:grayscale;}.main-header-bar .main-header-bar-navigation .page_item_has_children &gt; a:after, .main-header-bar .main-header-bar-navigation .menu-item-has-children &gt; a:after, .site-header-focus-item .main-header-bar-navigation .menu-item-has-children &gt; .menu-link:after{content:"\e900";display:inline-block;font-family:Astra;font-size:.6rem;font-weight:bold;text-rendering:auto;-webkit-font-smoothing:antialiased;-moz-osx-font-smoothing:grayscale;margin-left:10px;line-height:normal;}.ast-mobile-popup-drawer .main-header-bar-navigation .ast-submenu-expanded&gt;.ast-menu-toggle::before{transform:rotateX(180deg);}.ast-header-break-point .main-header-bar-navigation .menu-item-has-children &gt; .menu-link:after{display:none;}.ast-separate-container .blog-layout-1, .ast-separate-container .blog-layout-2, .ast-separate-container .blog-layout-3{background-color:transparent;background-image:none;}.ast-separate-container .ast-article-post{background-color:#ffffff;;}.ast-separate-container .ast-article-single:not(.ast-related-post), .ast-separate-container .comments-area .comment-respond,.ast-separate-container .comments-area .ast-comment-list li, .ast-separate-container .ast-woocommerce-container, .ast-separate-container .error-404, .ast-separate-container .no-results, .single.ast-separate-container .ast-author-meta, .ast-separate-container .related-posts-title-wrapper, .ast-separate-container.ast-two-container #secondary .widget,.ast-separate-container .comments-count-wrapper, .ast-box-layout.ast-plain-container .site-content,.ast-padded-layout.ast-plain-container .site-content, .ast-separate-container .comments-area .comments-title{background-color:#ffffff;;}.ast-mobile-header-content &gt; *,.ast-desktop-header-content &gt; * {padding: 10px 0;height: auto;}.ast-mobile-header-content &gt; *:first-child,.ast-desktop-header-content &gt; *:first-child {padding-top: 10px;}.ast-mobile-header-content &gt; .ast-builder-menu,.ast-desktop-header-content &gt; .ast-builder-menu {padding-top: 0;}.ast-mobile-header-content &gt; *:last-child,.ast-desktop-header-content &gt; *:last-child {padding-bottom: 0;}.ast-mobile-header-content .ast-search-menu-icon.ast-inline-search label,.ast-desktop-header-content .ast-search-menu-icon.ast-inline-search label {width: 100%;}.ast-desktop-header-content .main-header-bar-navigation .ast-submenu-expanded &gt; .ast-menu-toggle::before {transform: rotateX(180deg);}#ast-desktop-header .ast-desktop-header-content,.ast-mobile-header-content .ast-search-icon,.ast-desktop-header-content .ast-search-icon,.ast-mobile-header-wrap .ast-mobile-header-content,.ast-main-header-nav-open.ast-popup-nav-open .ast-mobile-header-wrap .ast-mobile-header-content,.ast-main-header-nav-open.ast-popup-nav-open .ast-desktop-header-content {display: none;}.ast-main-header-nav-open.ast-header-break-point #ast-desktop-header .ast-desktop-header-content,.ast-main-header-nav-open.ast-header-break-point .ast-mobile-header-wrap .ast-mobile-header-content {display: block;}.ast-desktop .ast-desktop-header-content .astra-menu-animation-slide-up &gt; .menu-item &gt; .sub-menu,.ast-desktop .ast-desktop-header-content .astra-menu-animation-slide-up &gt; .menu-item .menu-item &gt; .sub-menu,.ast-desktop .ast-desktop-header-content .astra-menu-animation-slide-down &gt; .menu-item &gt; .sub-menu,.ast-desktop .ast-desktop-header-content .astra-menu-animation-slide-down &gt; .menu-item .menu-item &gt; .sub-menu,.ast-desktop .ast-desktop-header-content .astra-menu-animation-fade &gt; .menu-item &gt; .sub-menu,.ast-desktop .ast-desktop-header-content .astra-menu-animation-fade &gt; .menu-item .menu-item &gt; .sub-menu {opacity: 1;visibility: visible;}.ast-hfb-header.ast-default-menu-enable.ast-header-break-point .ast-mobile-header-wrap .ast-mobile-header-content .main-header-bar-navigation {width: unset;margin: unset;}.ast-mobile-header-content.content-align-flex-end .main-header-bar-navigation .menu-item-has-children &gt; .ast-menu-toggle,.ast-desktop-header-content.content-align-flex-end .main-header-bar-navigation .menu-item-has-children &gt; .ast-menu-toggle {left: calc( 20px - 0.907em);}.ast-mobile-header-content .ast-search-menu-icon,.ast-mobile-header-content .ast-search-menu-icon.slide-search,.ast-desktop-header-content .ast-search-menu-icon,.ast-desktop-header-content .ast-search-menu-icon.slide-search {width: 100%;position: relative;display: block;right: auto;transform: none;}.ast-mobile-header-content .ast-search-menu-icon.slide-search .search-form,.ast-mobile-header-content .ast-search-menu-icon .search-form,.ast-desktop-header-content .ast-search-menu-icon.slide-search .search-form,.ast-desktop-header-content .ast-search-menu-icon .search-form {right: 0;visibility: visible;opacity: 1;position: relative;top: auto;transform: none;padding: 0;display: block;overflow: hidden;}.ast-mobile-header-content .ast-search-menu-icon.ast-inline-search .search-field,.ast-mobile-header-content .ast-search-menu-icon .search-field,.ast-desktop-header-content .ast-search-menu-icon.ast-inline-search .search-field,.ast-desktop-header-content .ast-search-menu-icon .search-field {width: 100%;padding-right: 5.5em;}.ast-mobile-header-content .ast-search-menu-icon .search-submit,.ast-desktop-header-content .ast-search-menu-icon .search-submit {display: block;position: absolute;height: 100%;top: 0;right: 0;padding: 0 1em;border-radius: 0;}.ast-hfb-header.ast-default-menu-enable.ast-header-break-point .ast-mobile-header-wrap .ast-mobile-header-content .main-header-bar-navigation ul .sub-menu .menu-link {padding-left: 30px;}.ast-hfb-header.ast-default-menu-enable.ast-header-break-point .ast-mobile-header-wrap .ast-mobile-header-content .main-header-bar-navigation .sub-menu .menu-item .menu-item .menu-link {padding-left: 40px;}.ast-mobile-popup-drawer.active .ast-mobile-popup-inner{background-color:#ffffff;;}.ast-mobile-header-wrap .ast-mobile-header-content, .ast-desktop-header-content{background-color:#ffffff;;}.ast-mobile-popup-content &gt; *, .ast-mobile-header-content &gt; *, .ast-desktop-popup-content &gt; *, .ast-desktop-header-content &gt; *{padding-top:0;padding-bottom:0;}.content-align-flex-start .ast-builder-layout-element{justify-content:flex-start;}.content-align-flex-start .main-header-menu{text-align:left;}.ast-mobile-popup-drawer.active .menu-toggle-close{color:#3a3a3a;}.ast-mobile-header-wrap .ast-primary-header-bar,.ast-primary-header-bar .site-primary-header-wrap{min-height:70px;}.ast-desktop .ast-primary-header-bar .main-header-menu &gt; .menu-item{line-height:70px;}.ast-desktop .ast-primary-header-bar .ast-header-woo-cart,.ast-desktop .ast-primary-header-bar .ast-header-edd-cart{line-height:70px;}@media (max-width:921px){#masthead .ast-mobile-header-wrap .ast-primary-header-bar,#masthead .ast-mobile-header-wrap .ast-below-header-bar{padding-left:20px;padding-right:20px;}}.ast-header-break-point .ast-primary-header-bar{border-bottom-width:1px;border-bottom-style:solid;}@media (min-width:922px){.ast-primary-header-bar{border-bottom-width:1px;border-bottom-style:solid;}}.ast-primary-header-bar{background-color:#ffffff;;background-image:none;;}.ast-primary-header-bar{display:block;}@media (max-width:921px){.ast-header-break-point .ast-primary-header-bar{display:grid;}}@media (max-width:544px){.ast-header-break-point .ast-primary-header-bar{display:grid;}}[data-section="section-header-mobile-trigger"] .ast-button-wrap .ast-mobile-menu-trigger-minimal{color:#000000;border:none;background:transparent;}[data-section="section-header-mobile-trigger"] .ast-button-wrap .mobile-menu-toggle-icon .ast-mobile-svg{width:20px;height:20px;fill:#000000;}[data-section="section-header-mobile-trigger"] .ast-button-wrap .mobile-menu-wrap .mobile-menu{color:#000000;}
</style>
    <link id="astra-menu-animation-css" rel="stylesheet" href="https://askomdch.com/wp-content/themes/astra/assets/css/minified/menu-animation.min.css?ver=3.7.5" media="all"/>
    <link id="wp-block-library-css" rel="stylesheet" href="https://askomdch.com/wp-includes/css/dist/block-library/style.min.css?ver=5.8.1" media="all"/>
    <link id="wc-blocks-vendors-style-css" rel="stylesheet" href="https://askomdch.com/wp-content/plugins/woocommerce/packages/woocommerce-blocks/build/wc-blocks-vendors-style.css?ver=8.9.2" media="all"/>
    <link id="wc-blocks-style-css" rel="stylesheet" href="https://askomdch.com/wp-content/plugins/woocommerce/packages/woocommerce-blocks/build/wc-blocks-style.css?ver=8.9.2" media="all"/>
    <style id="global-styles-inline-css">
body{--wp--preset--color--black: #000000;--wp--preset--color--cyan-bluish-gray: #abb8c3;--wp--preset--color--white: #ffffff;--wp--preset--color--pale-pink: #f78da7;--wp--preset--color--vivid-red: #cf2e2e;--wp--preset--color--luminous-vivid-orange: #ff6900;--wp--preset--color--luminous-vivid-amber: #fcb900;--wp--preset--color--light-green-cyan: #7bdcb5;--wp--preset--color--vivid-green-cyan: #00d084;--wp--preset--color--pale-cyan-blue: #8ed1fc;--wp--preset--color--vivid-cyan-blue: #0693e3;--wp--preset--color--vivid-purple: #9b51e0;--wp--preset--color--ast-global-color-0: var(--ast-global-color-0);--wp--preset--color--ast-global-color-1: var(--ast-global-color-1);--wp--preset--color--ast-global-color-2: var(--ast-global-color-2);--wp--preset--color--ast-global-color-3: var(--ast-global-color-3);--wp--preset--color--ast-global-color-4: var(--ast-global-color-4);--wp--preset--color--ast-global-color-5: var(--ast-global-color-5);--wp--preset--color--ast-global-color-6: var(--ast-global-color-6);--wp--preset--color--ast-global-color-7: var(--ast-global-color-7);--wp--preset--color--ast-global-color-8: var(--ast-global-color-8);--wp--preset--gradient--vivid-cyan-blue-to-vivid-purple: linear-gradient(135deg,rgba(6,147,227,1) 0%,rgb(155,81,224) 100%);--wp--preset--gradient--light-green-cyan-to-vivid-green-cyan: linear-gradient(135deg,rgb(122,220,180) 0%,rgb(0,208,130) 100%);--wp--preset--gradient--luminous-vivid-amber-to-luminous-vivid-orange: linear-gradient(135deg,rgba(252,185,0,1) 0%,rgba(255,105,0,1) 100%);--wp--preset--gradient--luminous-vivid-orange-to-vivid-red: linear-gradient(135deg,rgba(255,105,0,1) 0%,rgb(207,46,46) 100%);--wp--preset--gradient--very-light-gray-to-cyan-bluish-gray: linear-gradient(135deg,rgb(238,238,238) 0%,rgb(169,184,195) 100%);--wp--preset--gradient--cool-to-warm-spectrum: linear-gradient(135deg,rgb(74,234,220) 0%,rgb(151,120,209) 20%,rgb(207,42,186) 40%,rgb(238,44,130) 60%,rgb(251,105,98) 80%,rgb(254,248,76) 100%);--wp--preset--gradient--blush-light-purple: linear-gradient(135deg,rgb(255,206,236) 0%,rgb(152,150,240) 100%);--wp--preset--gradient--blush-bordeaux: linear-gradient(135deg,rgb(254,205,165) 0%,rgb(254,45,45) 50%,rgb(107,0,62) 100%);--wp--preset--gradient--luminous-dusk: linear-gradient(135deg,rgb(255,203,112) 0%,rgb(199,81,192) 50%,rgb(65,88,208) 100%);--wp--preset--gradient--pale-ocean: linear-gradient(135deg,rgb(255,245,203) 0%,rgb(182,227,212) 50%,rgb(51,167,181) 100%);--wp--preset--gradient--electric-grass: linear-gradient(135deg,rgb(202,248,128) 0%,rgb(113,206,126) 100%);--wp--preset--gradient--midnight: linear-gradient(135deg,rgb(2,3,129) 0%,rgb(40,116,252) 100%);--wp--preset--font-size--small: 13px;--wp--preset--font-size--normal: 16px;--wp--preset--font-size--medium: 20px;--wp--preset--font-size--large: 36px;--wp--preset--font-size--huge: 42px;}.has-black-color{color: var(--wp--preset--color--black) !important;}.has-cyan-bluish-gray-color{color: var(--wp--preset--color--cyan-bluish-gray) !important;}.has-white-color{color: var(--wp--preset--color--white) !important;}.has-pale-pink-color{color: var(--wp--preset--color--pale-pink) !important;}.has-vivid-red-color{color: var(--wp--preset--color--vivid-red) !important;}.has-luminous-vivid-orange-color{color: var(--wp--preset--color--luminous-vivid-orange) !important;}.has-luminous-vivid-amber-color{color: var(--wp--preset--color--luminous-vivid-amber) !important;}.has-light-green-cyan-color{color: var(--wp--preset--color--light-green-cyan) !important;}.has-vivid-green-cyan-color{color: var(--wp--preset--color--vivid-green-cyan) !important;}.has-pale-cyan-blue-color{color: var(--wp--preset--color--pale-cyan-blue) !important;}.has-vivid-cyan-blue-color{color: var(--wp--preset--color--vivid-cyan-blue) !important;}.has-vivid-purple-color{color: var(--wp--preset--color--vivid-purple) !important;}.has-ast-global-color-0-color{color: var(--wp--preset--color--ast-global-color-0) !important;}.has-ast-global-color-1-color{color: var(--wp--preset--color--ast-global-color-1) !important;}.has-ast-global-color-2-color{color: var(--wp--preset--color--ast-global-color-2) !important;}.has-ast-global-color-3-color{color: var(--wp--preset--color--ast-global-color-3) !important;}.has-ast-global-color-4-color{color: var(--wp--preset--color--ast-global-color-4) !important;}.has-ast-global-color-5-color{color: var(--wp--preset--color--ast-global-color-5) !important;}.has-ast-global-color-6-color{color: var(--wp--preset--color--ast-global-color-6) !important;}.has-ast-global-color-7-color{color: var(--wp--preset--color--ast-global-color-7) !important;}.has-ast-global-color-8-color{color: var(--wp--preset--color--ast-global-color-8) !important;}.has-black-background-color{background-color: var(--wp--preset--color--black) !important;}.has-cyan-bluish-gray-background-color{background-color: var(--wp--preset--color--cyan-bluish-gray) !important;}.has-white-background-color{background-color: var(--wp--preset--color--white) !important;}.has-pale-pink-background-color{background-color: var(--wp--preset--color--pale-pink) !important;}.has-vivid-red-background-color{background-color: var(--wp--preset--color--vivid-red) !important;}.has-luminous-vivid-orange-background-color{background-color: var(--wp--preset--color--luminous-vivid-orange) !important;}.has-luminous-vivid-amber-background-color{background-color: var(--wp--preset--color--luminous-vivid-amber) !important;}.has-light-green-cyan-background-color{background-color: var(--wp--preset--color--light-green-cyan) !important;}.has-vivid-green-cyan-background-color{background-color: var(--wp--preset--color--vivid-green-cyan) !important;}.has-pale-cyan-blue-background-color{background-color: var(--wp--preset--color--pale-cyan-blue) !important;}.has-vivid-cyan-blue-background-color{background-color: var(--wp--preset--color--vivid-cyan-blue) !important;}.has-vivid-purple-background-color{background-color: var(--wp--preset--color--vivid-purple) !important;}.has-ast-global-color-0-background-color{background-color: var(--wp--preset--color--ast-global-color-0) !important;}.has-ast-global-color-1-background-color{background-color: var(--wp--preset--color--ast-global-color-1) !important;}.has-ast-global-color-2-background-color{background-color: var(--wp--preset--color--ast-global-color-2) !important;}.has-ast-global-color-3-background-color{background-color: var(--wp--preset--color--ast-global-color-3) !important;}.has-ast-global-color-4-background-color{background-color: var(--wp--preset--color--ast-global-color-4) !important;}.has-ast-global-color-5-background-color{background-color: var(--wp--preset--color--ast-global-color-5) !important;}.has-ast-global-color-6-background-color{background-color: var(--wp--preset--color--ast-global-color-6) !important;}.has-ast-global-color-7-background-color{background-color: var(--wp--preset--color--ast-global-color-7) !important;}.has-ast-global-color-8-background-color{background-color: var(--wp--preset--color--ast-global-color-8) !important;}.has-vivid-cyan-blue-to-vivid-purple-gradient-background{background: var(--wp--preset--gradient--vivid-cyan-blue-to-vivid-purple) !important;}.has-light-green-cyan-to-vivid-green-cyan-gradient-background{background: var(--wp--preset--gradient--light-green-cyan-to-vivid-green-cyan) !important;}.has-luminous-vivid-amber-to-luminous-vivid-orange-gradient-background{background: var(--wp--preset--gradient--luminous-vivid-amber-to-luminous-vivid-orange) !important;}.has-luminous-vivid-orange-to-vivid-red-gradient-background{background: var(--wp--preset--gradient--luminous-vivid-orange-to-vivid-red) !important;}.has-very-light-gray-to-cyan-bluish-gray-gradient-background{background: var(--wp--preset--gradient--very-light-gray-to-cyan-bluish-gray) !important;}.has-cool-to-warm-spectrum-gradient-background{background: var(--wp--preset--gradient--cool-to-warm-spectrum) !important;}.has-blush-light-purple-gradient-background{background: var(--wp--preset--gradient--blush-light-purple) !important;}.has-blush-bordeaux-gradient-background{background: var(--wp--preset--gradient--blush-bordeaux) !important;}.has-luminous-dusk-gradient-background{background: var(--wp--preset--gradient--luminous-dusk) !important;}.has-pale-ocean-gradient-background{background: var(--wp--preset--gradient--pale-ocean) !important;}.has-electric-grass-gradient-background{background: var(--wp--preset--gradient--electric-grass) !important;}.has-midnight-gradient-background{background: var(--wp--preset--gradient--midnight) !important;}.has-small-font-size{font-size: var(--wp--preset--font-size--small) !important;}.has-normal-font-size{font-size: var(--wp--preset--font-size--normal) !important;}.has-medium-font-size{font-size: var(--wp--preset--font-size--medium) !important;}.has-large-font-size{font-size: var(--wp--preset--font-size--large) !important;}.has-huge-font-size{font-size: var(--wp--preset--font-size--huge) !important;}
</style>
    <link id="woocommerce-layout-css" rel="stylesheet" href="https://askomdch.com/wp-content/themes/astra/assets/css/minified/compatibility/woocommerce/woocommerce-layout.min.css?ver=3.7.5" media="all"/>
    <link id="woocommerce-smallscreen-css" rel="stylesheet" href="https://askomdch.com/wp-content/themes/astra/assets/css/minified/compatibility/woocommerce/woocommerce-smallscreen.min.css?ver=3.7.5" media="only screen and (max-width: 921px)"/>
    <link id="woocommerce-general-css" rel="stylesheet" href="https://askomdch.com/wp-content/themes/astra/assets/css/minified/compatibility/woocommerce/woocommerce.min.css?ver=3.7.5" media="all"/>
    <style id="woocommerce-general-inline-css">
#customer_details h3:not(.elementor-widget-woocommerce-checkout-page h3){font-size:1.2rem;padding:20px 0 14px;margin:0 0 20px;border-bottom:1px solid #ebebeb;}form #order_review_heading:not(.elementor-widget-woocommerce-checkout-page #order_review_heading){border-width:2px 2px 0 2px;border-style:solid;font-size:1.2rem;margin:0;padding:1.5em 1.5em 1em;border-color:#ebebeb;}form #order_review:not(.elementor-widget-woocommerce-checkout-page #order_review){padding:0 2em;border-width:0 2px 2px;border-style:solid;border-color:#ebebeb;}ul#shipping_method li:not(.elementor-widget-woocommerce-cart #shipping_method li){margin:0;padding:0.25em 0 0.25em 22px;text-indent:-22px;list-style:none outside;}.woocommerce span.onsale, .wc-block-grid__product .wc-block-grid__product-onsale{background-color:#54595f;color:#ffffff;}.woocommerce a.button, .woocommerce button.button, .woocommerce .woocommerce-message a.button, .woocommerce #respond input#submit.alt, .woocommerce a.button.alt, .woocommerce button.button.alt, .woocommerce input.button.alt, .woocommerce input.button,.woocommerce input.button:disabled, .woocommerce input.button:disabled[disabled], .woocommerce input.button:disabled:hover, .woocommerce input.button:disabled[disabled]:hover, .woocommerce #respond input#submit, .woocommerce button.button.alt.disabled, .wc-block-grid__products .wc-block-grid__product .wp-block-button__link, .wc-block-grid__product-onsale{color:#ffffff;border-color:#3197d6;background-color:#3197d6;}.woocommerce a.button:hover, .woocommerce button.button:hover, .woocommerce .woocommerce-message a.button:hover,.woocommerce #respond input#submit:hover,.woocommerce #respond input#submit.alt:hover, .woocommerce a.button.alt:hover, .woocommerce button.button.alt:hover, .woocommerce input.button.alt:hover, .woocommerce input.button:hover, .woocommerce button.button.alt.disabled:hover, .wc-block-grid__products .wc-block-grid__product .wp-block-button__link:hover{color:#ffffff;border-color:#0084d6;background-color:#0084d6;}.woocommerce-message, .woocommerce-info{border-top-color:#4e4e4e;}.woocommerce-message::before,.woocommerce-info::before{color:#4e4e4e;}.woocommerce ul.products li.product .price, .woocommerce div.product p.price, .woocommerce div.product span.price, .widget_layered_nav_filters ul li.chosen a, .woocommerce-page ul.products li.product .ast-woo-product-category, .wc-layered-nav-rating a{color:#333333;}.woocommerce nav.woocommerce-pagination ul,.woocommerce nav.woocommerce-pagination ul li{border-color:#4e4e4e;}.woocommerce nav.woocommerce-pagination ul li a:focus, .woocommerce nav.woocommerce-pagination ul li a:hover, .woocommerce nav.woocommerce-pagination ul li span.current{background:#4e4e4e;color:#ffffff;}.woocommerce-MyAccount-navigation-link.is-active a{color:#0084d6;}.woocommerce .widget_price_filter .ui-slider .ui-slider-range, .woocommerce .widget_price_filter .ui-slider .ui-slider-handle{background-color:#4e4e4e;}.woocommerce a.button, .woocommerce button.button, .woocommerce .woocommerce-message a.button, .woocommerce #respond input#submit.alt, .woocommerce a.button.alt, .woocommerce button.button.alt, .woocommerce input.button.alt, .woocommerce input.button,.woocommerce-cart table.cart td.actions .button, .woocommerce form.checkout_coupon .button, .woocommerce #respond input#submit, .wc-block-grid__products .wc-block-grid__product .wp-block-button__link{border-radius:0;padding-top:17px;padding-right:30px;padding-bottom:17px;padding-left:30px;}.woocommerce .star-rating, .woocommerce .comment-form-rating .stars a, .woocommerce .star-rating::before{color:#4e4e4e;}.woocommerce div.product .woocommerce-tabs ul.tabs li.active:before{background:#4e4e4e;}.woocommerce a.remove:hover{color:#4e4e4e;border-color:#4e4e4e;background-color:#ffffff;}.woocommerce ul.product-categories &gt; li ul li:before{content:"\e900";padding:0 5px 0 5px;display:inline-block;font-family:Astra;transform:rotate(-90deg);font-size:0.7rem;}@media (min-width:545px) and (max-width:921px){.woocommerce.tablet-columns-6 ul.products li.product, .woocommerce-page.tablet-columns-6 ul.products li.product{width:calc(16.66% - 16.66px);}.woocommerce.tablet-columns-5 ul.products li.product, .woocommerce-page.tablet-columns-5 ul.products li.product{width:calc(20% - 16px);}.woocommerce.tablet-columns-4 ul.products li.product, .woocommerce-page.tablet-columns-4 ul.products li.product{width:calc(25% - 15px);}.woocommerce.tablet-columns-3 ul.products li.product, .woocommerce-page.tablet-columns-3 ul.products li.product{width:calc(33.33% - 14px);}.woocommerce.tablet-columns-2 ul.products li.product, .woocommerce-page.tablet-columns-2 ul.products li.product{width:calc(50% - 10px);}.woocommerce.tablet-columns-1 ul.products li.product, .woocommerce-page.tablet-columns-1 ul.products li.product{width:100%;}.woocommerce div.product .related.products ul.products li.product{width:calc(33.33% - 14px);}}@media (min-width:545px) and (max-width:921px){.woocommerce[class*="columns-"].columns-3 &gt; ul.products li.product, .woocommerce[class*="columns-"].columns-4 &gt; ul.products li.product, .woocommerce[class*="columns-"].columns-5 &gt; ul.products li.product, .woocommerce[class*="columns-"].columns-6 &gt; ul.products li.product{width:calc(33.33% - 14px);margin-right:20px;}.woocommerce[class*="columns-"].columns-3 &gt; ul.products li.product:nth-child(3n), .woocommerce[class*="columns-"].columns-4 &gt; ul.products li.product:nth-child(3n), .woocommerce[class*="columns-"].columns-5 &gt; ul.products li.product:nth-child(3n), .woocommerce[class*="columns-"].columns-6 &gt; ul.products li.product:nth-child(3n){margin-right:0;clear:right;}.woocommerce[class*="columns-"].columns-3 &gt; ul.products li.product:nth-child(3n+1), .woocommerce[class*="columns-"].columns-4 &gt; ul.products li.product:nth-child(3n+1), .woocommerce[class*="columns-"].columns-5 &gt; ul.products li.product:nth-child(3n+1), .woocommerce[class*="columns-"].columns-6 &gt; ul.products li.product:nth-child(3n+1){clear:left;}.woocommerce[class*="columns-"] ul.products li.product:nth-child(n), .woocommerce-page[class*="columns-"] ul.products li.product:nth-child(n){margin-right:20px;clear:none;}.woocommerce.tablet-columns-2 ul.products li.product:nth-child(2n), .woocommerce-page.tablet-columns-2 ul.products li.product:nth-child(2n), .woocommerce.tablet-columns-3 ul.products li.product:nth-child(3n), .woocommerce-page.tablet-columns-3 ul.products li.product:nth-child(3n), .woocommerce.tablet-columns-4 ul.products li.product:nth-child(4n), .woocommerce-page.tablet-columns-4 ul.products li.product:nth-child(4n), .woocommerce.tablet-columns-5 ul.products li.product:nth-child(5n), .woocommerce-page.tablet-columns-5 ul.products li.product:nth-child(5n), .woocommerce.tablet-columns-6 ul.products li.product:nth-child(6n), .woocommerce-page.tablet-columns-6 ul.products li.product:nth-child(6n){margin-right:0;clear:right;}.woocommerce.tablet-columns-2 ul.products li.product:nth-child(2n+1), .woocommerce-page.tablet-columns-2 ul.products li.product:nth-child(2n+1), .woocommerce.tablet-columns-3 ul.products li.product:nth-child(3n+1), .woocommerce-page.tablet-columns-3 ul.products li.product:nth-child(3n+1), .woocommerce.tablet-columns-4 ul.products li.product:nth-child(4n+1), .woocommerce-page.tablet-columns-4 ul.products li.product:nth-child(4n+1), .woocommerce.tablet-columns-5 ul.products li.product:nth-child(5n+1), .woocommerce-page.tablet-columns-5 ul.products li.product:nth-child(5n+1), .woocommerce.tablet-columns-6 ul.products li.product:nth-child(6n+1), .woocommerce-page.tablet-columns-6 ul.products li.product:nth-child(6n+1){clear:left;}.woocommerce div.product .related.products ul.products li.product:nth-child(3n), .woocommerce-page.tablet-columns-1 .site-main ul.products li.product{margin-right:0;clear:right;}.woocommerce div.product .related.products ul.products li.product:nth-child(3n+1){clear:left;}}@media (min-width:922px){.woocommerce #reviews #comments{width:55%;float:left;}.woocommerce #reviews #review_form_wrapper{width:45%;padding-left:2em;float:right;}.woocommerce form.checkout_coupon{width:50%;}}@media (max-width:921px){.ast-header-break-point.ast-woocommerce-cart-menu .header-main-layout-1.ast-mobile-header-stack.ast-no-menu-items .ast-site-header-cart, .ast-header-break-point.ast-woocommerce-cart-menu .header-main-layout-3.ast-mobile-header-stack.ast-no-menu-items .ast-site-header-cart{padding-right:0;padding-left:0;}.ast-header-break-point.ast-woocommerce-cart-menu .header-main-layout-1.ast-mobile-header-stack .main-header-bar{text-align:center;}.ast-header-break-point.ast-woocommerce-cart-menu .header-main-layout-1.ast-mobile-header-stack .ast-site-header-cart, .ast-header-break-point.ast-woocommerce-cart-menu .header-main-layout-1.ast-mobile-header-stack .ast-mobile-menu-buttons{display:inline-block;}.ast-header-break-point.ast-woocommerce-cart-menu .header-main-layout-2.ast-mobile-header-inline .site-branding{flex:auto;}.ast-header-break-point.ast-woocommerce-cart-menu .header-main-layout-3.ast-mobile-header-stack .site-branding{flex:0 0 100%;}.ast-header-break-point.ast-woocommerce-cart-menu .header-main-layout-3.ast-mobile-header-stack .main-header-container{display:flex;justify-content:center;}.woocommerce-cart .woocommerce-shipping-calculator .button{width:100%;}.woocommerce div.product div.images, .woocommerce div.product div.summary, .woocommerce #content div.product div.images, .woocommerce #content div.product div.summary, .woocommerce-page div.product div.images, .woocommerce-page div.product div.summary, .woocommerce-page #content div.product div.images, .woocommerce-page #content div.product div.summary{float:none;width:100%;}.woocommerce-cart table.cart td.actions .ast-return-to-shop{display:block;text-align:center;margin-top:1em;}}@media (max-width:544px){.ast-separate-container .ast-woocommerce-container{padding:.54em 1em 1.33333em;}.woocommerce-message, .woocommerce-error, .woocommerce-info{display:flex;flex-wrap:wrap;}.woocommerce-message a.button, .woocommerce-error a.button, .woocommerce-info a.button{order:1;margin-top:.5em;}.woocommerce .woocommerce-ordering, .woocommerce-page .woocommerce-ordering{float:none;margin-bottom:2em;width:100%;}.woocommerce ul.products a.button, .woocommerce-page ul.products a.button{padding:0.5em 0.75em;}.woocommerce table.cart td.actions .button, .woocommerce #content table.cart td.actions .button, .woocommerce-page table.cart td.actions .button, .woocommerce-page #content table.cart td.actions .button{padding-left:1em;padding-right:1em;}.woocommerce #content table.cart .button, .woocommerce-page #content table.cart .button{width:100%;}.woocommerce #content table.cart .product-thumbnail, .woocommerce-page #content table.cart .product-thumbnail{display:block;text-align:center !important;}.woocommerce #content table.cart .product-thumbnail::before, .woocommerce-page #content table.cart .product-thumbnail::before{display:none;}.woocommerce #content table.cart td.actions .coupon, .woocommerce-page #content table.cart td.actions .coupon{float:none;}.woocommerce #content table.cart td.actions .coupon .button, .woocommerce-page #content table.cart td.actions .coupon .button{flex:1;}.woocommerce #content div.product .woocommerce-tabs ul.tabs li a, .woocommerce-page #content div.product .woocommerce-tabs ul.tabs li a{display:block;}.woocommerce div.product .related.products ul.products li.product, .woocommerce.mobile-columns-2 ul.products li.product, .woocommerce-page.mobile-columns-2 ul.products li.product{width:calc(50% - 10px);}.woocommerce.mobile-columns-6 ul.products li.product, .woocommerce-page.mobile-columns-6 ul.products li.product{width:calc(16.66% - 16.66px);}.woocommerce.mobile-columns-5 ul.products li.product, .woocommerce-page.mobile-columns-5 ul.products li.product{width:calc(20% - 16px);}.woocommerce.mobile-columns-4 ul.products li.product, .woocommerce-page.mobile-columns-4 ul.products li.product{width:calc(25% - 15px);}.woocommerce.mobile-columns-3 ul.products li.product, .woocommerce-page.mobile-columns-3 ul.products li.product{width:calc(33.33% - 14px);}.woocommerce.mobile-columns-1 ul.products li.product, .woocommerce-page.mobile-columns-1 ul.products li.product{width:100%;}}@media (max-width:544px){.woocommerce ul.products a.button.loading::after, .woocommerce-page ul.products a.button.loading::after{display:inline-block;margin-left:5px;position:initial;}.woocommerce.mobile-columns-1 .site-main ul.products li.product:nth-child(n), .woocommerce-page.mobile-columns-1 .site-main ul.products li.product:nth-child(n){margin-right:0;}.woocommerce #content div.product .woocommerce-tabs ul.tabs li, .woocommerce-page #content div.product .woocommerce-tabs ul.tabs li{display:block;margin-right:0;}.woocommerce[class*="columns-"].columns-3 &gt; ul.products li.product, .woocommerce[class*="columns-"].columns-4 &gt; ul.products li.product, .woocommerce[class*="columns-"].columns-5 &gt; ul.products li.product, .woocommerce[class*="columns-"].columns-6 &gt; ul.products li.product{width:calc(50% - 10px);margin-right:20px;}.woocommerce[class*="columns-"] ul.products li.product:nth-child(n), .woocommerce-page[class*="columns-"] ul.products li.product:nth-child(n){margin-right:20px;clear:none;}.woocommerce-page[class*=columns-].columns-3&gt;ul.products li.product:nth-child(2n), .woocommerce-page[class*=columns-].columns-4&gt;ul.products li.product:nth-child(2n), .woocommerce-page[class*=columns-].columns-5&gt;ul.products li.product:nth-child(2n), .woocommerce-page[class*=columns-].columns-6&gt;ul.products li.product:nth-child(2n), .woocommerce[class*=columns-].columns-3&gt;ul.products li.product:nth-child(2n), .woocommerce[class*=columns-].columns-4&gt;ul.products li.product:nth-child(2n), .woocommerce[class*=columns-].columns-5&gt;ul.products li.product:nth-child(2n), .woocommerce[class*=columns-].columns-6&gt;ul.products li.product:nth-child(2n){margin-right:0;clear:right;}.woocommerce[class*="columns-"].columns-3 &gt; ul.products li.product:nth-child(2n+1), .woocommerce[class*="columns-"].columns-4 &gt; ul.products li.product:nth-child(2n+1), .woocommerce[class*="columns-"].columns-5 &gt; ul.products li.product:nth-child(2n+1), .woocommerce[class*="columns-"].columns-6 &gt; ul.products li.product:nth-child(2n+1){clear:left;}.woocommerce-page[class*=columns-] ul.products li.product:nth-child(n), .woocommerce[class*=columns-] ul.products li.product:nth-child(n){margin-right:20px;clear:none;}.woocommerce.mobile-columns-6 ul.products li.product:nth-child(6n), .woocommerce-page.mobile-columns-6 ul.products li.product:nth-child(6n), .woocommerce.mobile-columns-5 ul.products li.product:nth-child(5n), .woocommerce-page.mobile-columns-5 ul.products li.product:nth-child(5n), .woocommerce.mobile-columns-4 ul.products li.product:nth-child(4n), .woocommerce-page.mobile-columns-4 ul.products li.product:nth-child(4n), .woocommerce.mobile-columns-3 ul.products li.product:nth-child(3n), .woocommerce-page.mobile-columns-3 ul.products li.product:nth-child(3n), .woocommerce.mobile-columns-2 ul.products li.product:nth-child(2n), .woocommerce-page.mobile-columns-2 ul.products li.product:nth-child(2n), .woocommerce div.product .related.products ul.products li.product:nth-child(2n){margin-right:0;clear:right;}.woocommerce.mobile-columns-6 ul.products li.product:nth-child(6n+1), .woocommerce-page.mobile-columns-6 ul.products li.product:nth-child(6n+1), .woocommerce.mobile-columns-5 ul.products li.product:nth-child(5n+1), .woocommerce-page.mobile-columns-5 ul.products li.product:nth-child(5n+1), .woocommerce.mobile-columns-4 ul.products li.product:nth-child(4n+1), .woocommerce-page.mobile-columns-4 ul.products li.product:nth-child(4n+1), .woocommerce.mobile-columns-3 ul.products li.product:nth-child(3n+1), .woocommerce-page.mobile-columns-3 ul.products li.product:nth-child(3n+1), .woocommerce.mobile-columns-2 ul.products li.product:nth-child(2n+1), .woocommerce-page.mobile-columns-2 ul.products li.product:nth-child(2n+1), .woocommerce div.product .related.products ul.products li.product:nth-child(2n+1){clear:left;}}@media (min-width:922px){.ast-woo-shop-archive .site-content &gt; .ast-container{max-width:1240px;}}@media (min-width:922px){.woocommerce #content .ast-woocommerce-container div.product div.images, .woocommerce .ast-woocommerce-container div.product div.images, .woocommerce-page #content .ast-woocommerce-container div.product div.images, .woocommerce-page .ast-woocommerce-container div.product div.images{width:50%;}.woocommerce #content .ast-woocommerce-container div.product div.summary, .woocommerce .ast-woocommerce-container div.product div.summary, .woocommerce-page #content .ast-woocommerce-container div.product div.summary, .woocommerce-page .ast-woocommerce-container div.product div.summary{width:46%;}.woocommerce.woocommerce-checkout form #customer_details.col2-set .col-1, .woocommerce.woocommerce-checkout form #customer_details.col2-set .col-2, .woocommerce-page.woocommerce-checkout form #customer_details.col2-set .col-1, .woocommerce-page.woocommerce-checkout form #customer_details.col2-set .col-2{float:none;width:auto;}}.woocommerce a.button , .woocommerce button.button.alt ,.woocommerce-page table.cart td.actions .button, .woocommerce-page #content table.cart td.actions .button , .woocommerce a.button.alt ,.woocommerce .woocommerce-message a.button , .ast-site-header-cart .widget_shopping_cart .buttons .button.checkout, .woocommerce button.button.alt.disabled , .wc-block-grid__products .wc-block-grid__product .wp-block-button__link {border:solid;border-top-width:0;border-right-width:0;border-left-width:0;border-bottom-width:0;border-color:#3197d6;}.woocommerce a.button:hover , .woocommerce button.button.alt:hover , .woocommerce-page table.cart td.actions .button:hover, .woocommerce-page #content table.cart td.actions .button:hover, .woocommerce a.button.alt:hover ,.woocommerce .woocommerce-message a.button:hover , .ast-site-header-cart .widget_shopping_cart .buttons .button.checkout:hover , .woocommerce button.button.alt.disabled:hover , .wc-block-grid__products .wc-block-grid__product .wp-block-button__link:hover{border-color:#0084d6;}.widget_product_search button{flex:0 0 auto;padding:10px 20px;;}@media (min-width:922px){.woocommerce.woocommerce-checkout form #customer_details.col2-set, .woocommerce-page.woocommerce-checkout form #customer_details.col2-set{width:55%;float:left;margin-right:4.347826087%;}.woocommerce.woocommerce-checkout form #order_review, .woocommerce.woocommerce-checkout form #order_review_heading, .woocommerce-page.woocommerce-checkout form #order_review, .woocommerce-page.woocommerce-checkout form #order_review_heading{width:40%;float:right;margin-right:0;clear:right;}}
</style>
    <style id="woocommerce-inline-inline-css">
.woocommerce form .form-row .required { visibility: visible; }
</style>
    <script id="jquery-core-js" src="https://askomdch.com/wp-includes/js/jquery/jquery.min.js?ver=3.6.0"/>
    <script id="jquery-migrate-js" src="https://askomdch.com/wp-includes/js/jquery/jquery-migrate.min.js?ver=3.3.2"/>
    <link rel="canonical" href="https://askomdch.com/account/"/>
    <noscript>
      <style>.woocommerce-product-gallery{ opacity: 1 !important; }</style>
    </noscript>
    <style>.recentcomments a{display:inline !important;padding:0 !important;margin:0 !important;}</style>
  </head>
  <body class="page-template-default page page-id-1235 logged-in theme-astra woocommerce-account woocommerce-page woocommerce-edit-address woocommerce-no-js ast-single-post ast-mobile-inherit-site-logo ast-woocommerce-cart-menu ast-inherit-site-logo-transparent ast-theme-transparent-header ast-hfb-header ast-desktop ast-plain-container ast-no-sidebar astra-3.7.5" itemtype="https://schema.org/WebPage" itemscope="itemscope">
    <a shape="rect" class="skip-link screen-reader-text" href="#content" role="link" title="Skip to content">
Skip to content</a>
    <div class="hfeed site" id="page">
      <header class="site-header ast-primary-submenu-animation-slide-up header-main-layout-1 ast-primary-menu-enabled ast-builder-menu-toggle-icon ast-mobile-header-inline" id="masthead" itemtype="https://schema.org/WPHeader" itemscope="itemscope" itemid="#masthead">
        <div id="ast-desktop-header" data-toggle-type="dropdown">
          <div class="ast-main-header-wrap main-header-bar-wrap">
            <div class="ast-primary-header-bar ast-primary-header main-header-bar site-header-focus-item" data-section="section-primary-header-builder">
              <div class="site-primary-header-wrap ast-builder-grid-row-container site-header-focus-item ast-container" data-section="section-primary-header-builder">
                <div class="ast-builder-grid-row ast-builder-grid-row-has-sides ast-builder-grid-row-no-center">
                  <div class="site-header-primary-section-left site-header-section ast-flex site-header-section-left">
                    <div class="ast-builder-layout-element ast-flex site-header-focus-item" data-section="title_tagline">
                      <div class="site-branding ast-site-identity" itemtype="https://schema.org/Organization" itemscope="itemscope">
                        <div class="ast-site-title-wrap">
                          <span class="site-title" itemprop="name">
                            <a shape="rect" href="https://askomdch.com/" rel="home" itemprop="url">
AskOmDch
</a>
                          </span>
                        </div>
                      </div>
                    </div>
                  </div>
                  <div class="site-header-primary-section-right site-header-section ast-flex ast-grid-right-section">
                    <div class="ast-builder-menu-1 ast-builder-menu ast-flex ast-builder-menu-1-focus-item ast-builder-layout-element site-header-focus-item" data-section="section-hb-menu-1">
                      <div class="ast-main-header-bar-alignment">
                        <div class="main-header-bar-navigation">
                          <nav class="site-navigation ast-flex-grow-1 navigation-accessibility site-header-focus-item" id="primary-site-navigation" aria-label="Site Navigation" itemtype="https://schema.org/SiteNavigationElement" itemscope="itemscope">
                            <div class="main-navigation ast-inline-flex">
                              <ul class="main-header-menu ast-menu-shadow ast-nav-menu ast-flex submenu-with-border astra-menu-animation-slide-up stack-on-mobile" id="ast-hf-menu-1">
                                <li class="menu-item menu-item-type-post_type menu-item-object-page menu-item-home menu-item-1226" id="menu-item-1226">
                                  <a shape="rect" class="menu-link" href="https://askomdch.com/">Home</a>
                                </li>
                                <li class="menu-item menu-item-type-post_type menu-item-object-page menu-item-1227" id="menu-item-1227">
                                  <a shape="rect" class="menu-link" href="https://askomdch.com/store/">Store</a>
                                </li>
                                <li class="menu-item menu-item-type-taxonomy menu-item-object-product_cat menu-item-1228" id="menu-item-1228">
                                  <a shape="rect" class="menu-link" href="https://askomdch.com/product-category/men/">Men</a>
                                </li>
                                <li class="menu-item menu-item-type-taxonomy menu-item-object-product_cat menu-item-1229" id="menu-item-1229">
                                  <a shape="rect" class="menu-link" href="https://askomdch.com/product-category/women/">Women</a>
                                </li>
                                <li class="menu-item menu-item-type-taxonomy menu-item-object-product_cat menu-item-1230" id="menu-item-1230">
                                  <a shape="rect" class="menu-link" href="https://askomdch.com/product-category/accessories/">Accessories</a>
                                </li>
                                <li class="menu-item menu-item-type-post_type menu-item-object-page current-menu-item page_item page-item-1235 current_page_item menu-item-1237" id="menu-item-1237">
                                  <a shape="rect" class="menu-link" href="https://askomdch.com/account/" aria-current="page">Account</a>
                                </li>
                                <li class="menu-item menu-item-type-post_type menu-item-object-page menu-item-1232" id="menu-item-1232">
                                  <a shape="rect" class="menu-link" href="https://askomdch.com/about/">About</a>
                                </li>
                                <li class="menu-item menu-item-type-post_type menu-item-object-page menu-item-1233" id="menu-item-1233">
                                  <a shape="rect" class="menu-link" href="https://askomdch.com/contact-us/">Contact Us</a>
                                </li>
                              </ul>
                            </div>
                          </nav>
                        </div>
                      </div>
                    </div>
                    <div class="ast-builder-layout-element site-header-focus-item ast-header-woo-cart" data-section="section-header-woo-cart">
                      <div class="ast-site-header-cart ast-menu-cart-with-border ast-menu-cart-fill" id="ast-site-header-cart">
                        <div class="ast-site-header-cart-li">
                          <a shape="rect" class="cart-container" href="https://askomdch.com/cart/" title="View your shopping cart"/>
                          <div class="ast-cart-menu-wrap">
                            <span class="count">
0 </span>
                          </div>
                        </div>
                        <div class="ast-site-header-cart-data">
                          <div class="widget woocommerce widget_shopping_cart">
                            <div class="widget_shopping_cart_content"/>
                          </div>
                        </div>
                      </div>
                    </div>
                  </div>
                </div>
              </div>
            </div>
          </div>
          <div class="ast-desktop-header-content content-align-flex-start"/>
        </div>
        <div class="ast-mobile-header-wrap" id="ast-mobile-header" data-type="dropdown">
          <div class="ast-main-header-wrap main-header-bar-wrap">
            <div class="ast-primary-header-bar ast-primary-header main-header-bar site-primary-header-wrap site-header-focus-item ast-builder-grid-row-layout-default ast-builder-grid-row-tablet-layout-default ast-builder-grid-row-mobile-layout-default" data-section="section-primary-header-builder">
              <div class="ast-builder-grid-row ast-builder-grid-row-has-sides ast-builder-grid-row-no-center">
                <div class="site-header-primary-section-left site-header-section ast-flex site-header-section-left">
                  <div class="ast-builder-layout-element ast-flex site-header-focus-item" data-section="title_tagline">
                    <div class="site-branding ast-site-identity" itemtype="https://schema.org/Organization" itemscope="itemscope">
                      <div class="ast-site-title-wrap">
                        <span class="site-title" itemprop="name">
                          <a shape="rect" href="https://askomdch.com/" rel="home" itemprop="url">
AskOmDch
</a>
                        </span>
                      </div>
                    </div>
                  </div>
                </div>
                <div class="site-header-primary-section-right site-header-section ast-flex ast-grid-right-section">
                  <div class="ast-builder-layout-element site-header-focus-item ast-header-woo-cart" data-section="section-header-woo-cart">
                    <div class="ast-site-header-cart ast-menu-cart-with-border ast-menu-cart-fill" id="ast-site-header-cart">
                      <div class="ast-site-header-cart-li">
                        <a shape="rect" class="cart-container" href="https://askomdch.com/cart/" title="View your shopping cart"/>
                        <div class="ast-cart-menu-wrap">
                          <span class="count">
0 </span>
                        </div>
                      </div>
                      <div class="ast-site-header-cart-data">
                        <div class="widget woocommerce widget_shopping_cart">
                          <div class="widget_shopping_cart_content"/>
                        </div>
                      </div>
                    </div>
                  </div>
                  <div class="ast-builder-layout-element ast-flex site-header-focus-item" data-section="section-header-mobile-trigger">
                    <div class="ast-button-wrap">
                      <button type="button" class="menu-toggle main-header-menu-toggle ast-mobile-menu-trigger-minimal" aria-expanded="false">
                        <span class="screen-reader-text">Main Menu</span>
                        <span class="mobile-menu-toggle-icon">
                          <span class="ahfb-svg-iconset ast-inline-flex svg-baseline">
                            <svg class="ast-mobile-svg ast-menu2-svg" fill="currentColor" version="1.1" width="24" height="28" viewbox="0 0 24 28">
                              <path d="M24 21v2c0 0.547-0.453 1-1 1h-22c-0.547 0-1-0.453-1-1v-2c0-0.547 0.453-1 1-1h22c0.547 0 1 0.453 1 1zM24 13v2c0 0.547-0.453 1-1 1h-22c-0.547 0-1-0.453-1-1v-2c0-0.547 0.453-1 1-1h22c0.547 0 1 0.453 1 1zM24 5v2c0 0.547-0.453 1-1 1h-22c-0.547 0-1-0.453-1-1v-2c0-0.547 0.453-1 1-1h22c0.547 0 1 0.453 1 1z"/>
                            </svg>
                          </span>
                          <span class="ahfb-svg-iconset ast-inline-flex svg-baseline">
                            <svg class="ast-mobile-svg ast-close-svg" fill="currentColor" version="1.1" width="24" height="24" viewbox="0 0 24 24">
                              <path d="M5.293 6.707l5.293 5.293-5.293 5.293c-0.391 0.391-0.391 1.024 0 1.414s1.024 0.391 1.414 0l5.293-5.293 5.293 5.293c0.391 0.391 1.024 0.391 1.414 0s0.391-1.024 0-1.414l-5.293-5.293 5.293-5.293c0.391-0.391 0.391-1.024 0-1.414s-1.024-0.391-1.414 0l-5.293 5.293-5.293-5.293c-0.391-0.391-1.024-0.391-1.414 0s-0.391 1.024 0 1.414z"/>
                            </svg>
                          </span>
                        </span>
                      </button>
                    </div>
                  </div>
                </div>
              </div>
            </div>
          </div>
          <div class="ast-mobile-header-content content-align-flex-start">
            <div class="ast-builder-menu-1 ast-builder-menu ast-flex ast-builder-menu-1-focus-item ast-builder-layout-element site-header-focus-item" data-section="section-hb-menu-1">
              <div class="ast-main-header-bar-alignment">
                <div class="main-header-bar-navigation">
                  <nav class="site-navigation ast-flex-grow-1 navigation-accessibility site-header-focus-item" id="primary-site-navigation" aria-label="Site Navigation" itemtype="https://schema.org/SiteNavigationElement" itemscope="itemscope">
                    <div class="main-navigation ast-inline-flex">
                      <ul class="main-header-menu ast-menu-shadow ast-nav-menu ast-flex submenu-with-border astra-menu-animation-slide-up stack-on-mobile" id="ast-hf-menu-1">
                        <li class="menu-item menu-item-type-post_type menu-item-object-page menu-item-home menu-item-1226">
                          <a shape="rect" class="menu-link" href="https://askomdch.com/">Home</a>
                        </li>
                        <li class="menu-item menu-item-type-post_type menu-item-object-page menu-item-1227">
                          <a shape="rect" class="menu-link" href="https://askomdch.com/store/">Store</a>
                        </li>
                        <li class="menu-item menu-item-type-taxonomy menu-item-object-product_cat menu-item-1228">
                          <a shape="rect" class="menu-link" href="https://askomdch.com/product-category/men/">Men</a>
                        </li>
                        <li class="menu-item menu-item-type-taxonomy menu-item-object-product_cat menu-item-1229">
                          <a shape="rect" class="menu-link" href="https://askomdch.com/product-category/women/">Women</a>
                        </li>
                        <li class="menu-item menu-item-type-taxonomy menu-item-object-product_cat menu-item-1230">
                          <a shape="rect" class="menu-link" href="https://askomdch.com/product-category/accessories/">Accessories</a>
                        </li>
                        <li class="menu-item menu-item-type-post_type menu-item-object-page current-menu-item page_item page-item-1235 current_page_item menu-item-1237">
                          <a shape="rect" class="menu-link" href="https://askomdch.com/account/" aria-current="page">Account</a>
                        </li>
                        <li class="menu-item menu-item-type-post_type menu-item-object-page menu-item-1232">
                          <a shape="rect" class="menu-link" href="https://askomdch.com/about/">About</a>
                        </li>
                        <li class="menu-item menu-item-type-post_type menu-item-object-page menu-item-1233">
                          <a shape="rect" class="menu-link" href="https://askomdch.com/contact-us/">Contact Us</a>
                        </li>
                      </ul>
                    </div>
                  </nav>
                </div>
              </div>
            </div>
          </div>
        </div>
      </header>
      <div class="site-content" id="content">
        <div class="ast-container">
          <div class="content-area primary" id="primary">
            <main id="main" class="site-main">
              <article class="post-1235 page type-page status-publish ast-article-single" id="post-1235" itemtype="https://schema.org/CreativeWork" itemscope="itemscope">
                <header class="entry-header ast-header-without-markup"/>
                <div class="entry-content clear" itemprop="text">
                  <div class="wp-block-cover alignfull has-background-dim" style="background-color:#001d35;min-height:400px">
                    <div class="wp-block-cover__inner-container">
                      <h1 class="has-text-align-center">Account</h1>
                    </div>
                  </div>
                  <div class="wp-block-group alignfull">
                    <div class="wp-block-group__inner-container">
                      <div class="wp-block-columns">
                        <div class="wp-block-column" style="flex-basis:100%"/>
                      </div>
                      <div class="woocommerce">
                        <nav class="woocommerce-MyAccount-navigation">
                          <ul>
                            <li class="woocommerce-MyAccount-navigation-link woocommerce-MyAccount-navigation-link--dashboard">
                              <a shape="rect" href="https://askomdch.com/account/">Dashboard</a>
                            </li>
                            <li class="woocommerce-MyAccount-navigation-link woocommerce-MyAccount-navigation-link--orders">
                              <a shape="rect" href="https://askomdch.com/account/orders/">Orders</a>
                            </li>
                            <li class="woocommerce-MyAccount-navigation-link woocommerce-MyAccount-navigation-link--downloads">
                              <a shape="rect" href="https://askomdch.com/account/downloads/">Downloads</a>
                            </li>
                            <li class="woocommerce-MyAccount-navigation-link woocommerce-MyAccount-navigation-link--edit-address is-active">
                              <a shape="rect" href="https://askomdch.com/account/edit-address/">Addresses</a>
                            </li>
                            <li class="woocommerce-MyAccount-navigation-link woocommerce-MyAccount-navigation-link--edit-account">
                              <a shape="rect" href="https://askomdch.com/account/edit-account/">Account details</a>
                            </li>
                            <li class="woocommerce-MyAccount-navigation-link woocommerce-MyAccount-navigation-link--customer-logout">
                              <a shape="rect" href="https://askomdch.com/account/customer-logout/?_wpnonce=681b5201fd">Logout</a>
                            </li>
                          </ul>
                        </nav>
                        <div class="woocommerce-MyAccount-content">
                          <div class="woocommerce-notices-wrapper"/>
                          <form enctype="application/x-www-form-urlencoded" method="post">
                            <h3>Billing address</h3>
                            <div class="woocommerce-address-fields">
                              <div class="woocommerce-address-fields__field-wrapper">
                                <p class="form-row form-row-first validate-required" id="billing_first_name_field" data-priority="10">
                                  <label for="billing_first_name" class="class">
First name                                     <abbr class="required" title="required">*</abbr>
                                  </label>
                                  <span class="woocommerce-input-wrapper">
                                    <input type="text" class="input-text" id="billing_first_name" name="billing_first_name" placeholder="placeholder" value="value" autocomplete="given-name"/>
                                  </span>
                                </p>
                                <p class="form-row form-row-last validate-required" id="billing_last_name_field" data-priority="20">
                                  <label for="billing_last_name" class="class">
Last name                                     <abbr class="required" title="required">*</abbr>
                                  </label>
                                  <span class="woocommerce-input-wrapper">
                                    <input type="text" class="input-text" id="billing_last_name" name="billing_last_name" placeholder="placeholder" value="value" autocomplete="family-name"/>
                                  </span>
                                </p>
                                <p class="form-row form-row-wide" id="billing_company_field" data-priority="30">
                                  <label for="billing_company" class="class">
Company name                                     <span class="optional">(optional)</span>
                                  </label>
                                  <span class="woocommerce-input-wrapper">
                                    <input type="text" class="input-text" id="billing_company" name="billing_company" placeholder="placeholder" value="value" autocomplete="organization"/>
                                  </span>
                                </p>
                                <p class="form-row form-row-wide address-field update_totals_on_change validate-required" id="billing_country_field" data-priority="40">
                                  <label for="billing_country" class="class">
Country / Region                                     <abbr class="required" title="required">*</abbr>
                                  </label>
                                  <span class="woocommerce-input-wrapper">
                                    <select class="country_to_state country_select" id="billing_country" name="billing_country" autocomplete="country" data-placeholder="Select a country / region…" data-label="Country / Region">
                                      <option value="value">Select a country / region…</option>
                                      <option value="AF">Afghanistan</option>
                                      <option value="AX">Åland Islands</option>
                                      <option value="AL">Albania</option>
                                      <option value="DZ">Algeria</option>
                                      <option value="AS">American Samoa</option>
                                      <option value="AD">Andorra</option>
                                      <option value="AO">Angola</option>
                                      <option value="AI">Anguilla</option>
                                      <option value="AQ">Antarctica</option>
                                      <option value="AG">Antigua and Barbuda</option>
                                      <option value="AR">Argentina</option>
                                      <option value="AM">Armenia</option>
                                      <option value="AW">Aruba</option>
                                      <option value="AU">Australia</option>
                                      <option value="AT">Austria</option>
                                      <option value="AZ">Azerbaijan</option>
                                      <option value="BS">Bahamas</option>
                                      <option value="BH">Bahrain</option>
                                      <option value="BD">Bangladesh</option>
                                      <option value="BB">Barbados</option>
                                      <option value="BY">Belarus</option>
                                      <option value="PW">Belau</option>
                                      <option value="BE">Belgium</option>
                                      <option value="BZ">Belize</option>
                                      <option value="BJ">Benin</option>
                                      <option value="BM">Bermuda</option>
                                      <option value="BT">Bhutan</option>
                                      <option value="BO">Bolivia</option>
                                      <option value="BQ">Bonaire, Saint Eustatius and Saba</option>
                                      <option value="BA">Bosnia and Herzegovina</option>
                                      <option value="BW">Botswana</option>
                                      <option value="BV">Bouvet Island</option>
                                      <option value="BR">Brazil</option>
                                      <option value="IO">British Indian Ocean Territory</option>
                                      <option value="BN">Brunei</option>
                                      <option value="BG">Bulgaria</option>
                                      <option value="BF">Burkina Faso</option>
                                      <option value="BI">Burundi</option>
                                      <option value="KH">Cambodia</option>
                                      <option value="CM">Cameroon</option>
                                      <option value="CA">Canada</option>
                                      <option value="CV">Cape Verde</option>
                                      <option value="KY">Cayman Islands</option>
                                      <option value="CF">Central African Republic</option>
                                      <option value="TD">Chad</option>
                                      <option value="CL">Chile</option>
                                      <option value="CN">China</option>
                                      <option value="CX">Christmas Island</option>
                                      <option value="CC">Cocos (Keeling) Islands</option>
                                      <option value="CO">Colombia</option>
                                      <option value="KM">Comoros</option>
                                      <option value="CG">Congo (Brazzaville)</option>
                                      <option value="CD">Congo (Kinshasa)</option>
                                      <option value="CK">Cook Islands</option>
                                      <option value="CR">Costa Rica</option>
                                      <option value="HR">Croatia</option>
                                      <option value="CU">Cuba</option>
                                      <option value="CW">Curaçao</option>
                                      <option value="CY">Cyprus</option>
                                      <option value="CZ">Czech Republic</option>
                                      <option value="DK">Denmark</option>
                                      <option value="DJ">Djibouti</option>
                                      <option value="DM">Dominica</option>
                                      <option value="DO">Dominican Republic</option>
                                      <option value="EC">Ecuador</option>
                                      <option value="EG">Egypt</option>
                                      <option value="SV">El Salvador</option>
                                      <option value="GQ">Equatorial Guinea</option>
                                      <option value="ER">Eritrea</option>
                                      <option value="EE">Estonia</option>
                                      <option value="SZ">Eswatini</option>
                                      <option value="ET">Ethiopia</option>
                                      <option value="FK">Falkland Islands</option>
                                      <option value="FO">Faroe Islands</option>
                                      <option value="FJ">Fiji</option>
                                      <option value="FI">Finland</option>
                                      <option value="FR">France</option>
                                      <option value="GF">French Guiana</option>
                                      <option value="PF">French Polynesia</option>
                                      <option value="TF">French Southern Territories</option>
                                      <option value="GA">Gabon</option>
                                      <option value="GM">Gambia</option>
                                      <option value="GE">Georgia</option>
                                      <option value="DE">Germany</option>
                                      <option value="GH">Ghana</option>
                                      <option value="GI">Gibraltar</option>
                                      <option value="GR">Greece</option>
                                      <option value="GL">Greenland</option>
                                      <option value="GD">Grenada</option>
                                      <option value="GP">Guadeloupe</option>
                                      <option value="GU">Guam</option>
                                      <option value="GT">Guatemala</option>
                                      <option value="GG">Guernsey</option>
                                      <option value="GN">Guinea</option>
                                      <option value="GW">Guinea-Bissau</option>
                                      <option value="GY">Guyana</option>
                                      <option value="HT">Haiti</option>
                                      <option value="HM">Heard Island and McDonald Islands</option>
                                      <option value="HN">Honduras</option>
                                      <option value="HK">Hong Kong</option>
                                      <option value="HU">Hungary</option>
                                      <option value="IS">Iceland</option>
                                      <option value="IN">India</option>
                                      <option value="ID">Indonesia</option>
                                      <option value="IR">Iran</option>
                                      <option value="IQ">Iraq</option>
                                      <option value="IE">Ireland</option>
                                      <option value="IM">Isle of Man</option>
                                      <option value="IL">Israel</option>
                                      <option value="IT">Italy</option>
                                      <option value="CI">Ivory Coast</option>
                                      <option value="JM">Jamaica</option>
                                      <option value="JP">Japan</option>
                                      <option value="JE">Jersey</option>
                                      <option value="JO">Jordan</option>
                                      <option value="KZ">Kazakhstan</option>
                                      <option value="KE">Kenya</option>
                                      <option value="KI">Kiribati</option>
                                      <option value="KW">Kuwait</option>
                                      <option value="KG">Kyrgyzstan</option>
                                      <option value="LA">Laos</option>
                                      <option value="LV">Latvia</option>
                                      <option value="LB">Lebanon</option>
                                      <option value="LS">Lesotho</option>
                                      <option value="LR">Liberia</option>
                                      <option value="LY">Libya</option>
                                      <option value="LI">Liechtenstein</option>
                                      <option value="LT">Lithuania</option>
                                      <option value="LU">Luxembourg</option>
                                      <option value="MO">Macao</option>
                                      <option value="MG">Madagascar</option>
                                      <option value="MW">Malawi</option>
                                      <option value="MY">Malaysia</option>
                                      <option value="MV">Maldives</option>
                                      <option value="ML">Mali</option>
                                      <option value="MT">Malta</option>
                                      <option value="MH">Marshall Islands</option>
                                      <option value="MQ">Martinique</option>
                                      <option value="MR">Mauritania</option>
                                      <option value="MU">Mauritius</option>
                                      <option value="YT">Mayotte</option>
                                      <option value="MX">Mexico</option>
                                      <option value="FM">Micronesia</option>
                                      <option value="MD">Moldova</option>
                                      <option value="MC">Monaco</option>
                                      <option value="MN">Mongolia</option>
                                      <option value="ME">Montenegro</option>
                                      <option value="MS">Montserrat</option>
                                      <option value="MA">Morocco</option>
                                      <option value="MZ">Mozambique</option>
                                      <option value="MM">Myanmar</option>
                                      <option value="NA">Namibia</option>
                                      <option value="NR">Nauru</option>
                                      <option value="NP">Nepal</option>
                                      <option value="NL">Netherlands</option>
                                      <option value="NC">New Caledonia</option>
                                      <option value="NZ">New Zealand</option>
                                      <option value="NI">Nicaragua</option>
                                      <option value="NE">Niger</option>
                                      <option value="NG">Nigeria</option>
                                      <option value="NU">Niue</option>
                                      <option value="NF">Norfolk Island</option>
                                      <option value="KP">North Korea</option>
                                      <option value="MK">North Macedonia</option>
                                      <option value="MP">Northern Mariana Islands</option>
                                      <option value="NO">Norway</option>
                                      <option value="OM">Oman</option>
                                      <option value="PK">Pakistan</option>
                                      <option value="PS">Palestinian Territory</option>
                                      <option value="PA">Panama</option>
                                      <option value="PG">Papua New Guinea</option>
                                      <option value="PY">Paraguay</option>
                                      <option value="PE">Peru</option>
                                      <option value="PH">Philippines</option>
                                      <option value="PN">Pitcairn</option>
                                      <option value="PL">Poland</option>
                                      <option value="PT">Portugal</option>
                                      <option value="PR">Puerto Rico</option>
                                      <option value="QA">Qatar</option>
                                      <option value="RE">Reunion</option>
                                      <option value="RO">Romania</option>
                                      <option value="RU">Russia</option>
                                      <option value="RW">Rwanda</option>
                                      <option value="BL">Saint Barthélemy</option>
                                      <option value="SH">Saint Helena</option>
                                      <option value="KN">Saint Kitts and Nevis</option>
                                      <option value="LC">Saint Lucia</option>
                                      <option value="SX">Saint Martin (Dutch part)</option>
                                      <option value="MF">Saint Martin (French part)</option>
                                      <option value="PM">Saint Pierre and Miquelon</option>
                                      <option value="VC">Saint Vincent and the Grenadines</option>
                                      <option value="WS">Samoa</option>
                                      <option value="SM">San Marino</option>
                                      <option value="ST">São Tomé and Príncipe</option>
                                      <option value="SA">Saudi Arabia</option>
                                      <option value="SN">Senegal</option>
                                      <option value="RS">Serbia</option>
                                      <option value="SC">Seychelles</option>
                                      <option value="SL">Sierra Leone</option>
                                      <option value="SG">Singapore</option>
                                      <option value="SK">Slovakia</option>
                                      <option value="SI">Slovenia</option>
                                      <option value="SB">Solomon Islands</option>
                                      <option value="SO">Somalia</option>
                                      <option value="ZA">South Africa</option>
                                      <option value="GS">South Georgia/Sandwich Islands</option>
                                      <option value="KR">South Korea</option>
                                      <option value="SS">South Sudan</option>
                                      <option value="ES">Spain</option>
                                      <option value="LK">Sri Lanka</option>
                                      <option value="SD">Sudan</option>
                                      <option value="SR">Suriname</option>
                                      <option value="SJ">Svalbard and Jan Mayen</option>
                                      <option value="SE">Sweden</option>
                                      <option value="CH">Switzerland</option>
                                      <option value="SY">Syria</option>
                                      <option value="TW">Taiwan</option>
                                      <option value="TJ">Tajikistan</option>
                                      <option value="TZ">Tanzania</option>
                                      <option value="TH">Thailand</option>
                                      <option value="TL">Timor-Leste</option>
                                      <option value="TG">Togo</option>
                                      <option value="TK">Tokelau</option>
                                      <option value="TO">Tonga</option>
                                      <option value="TT">Trinidad and Tobago</option>
                                      <option value="TN">Tunisia</option>
                                      <option value="TR">Turkey</option>
                                      <option value="TM">Turkmenistan</option>
                                      <option value="TC">Turks and Caicos Islands</option>
                                      <option value="TV">Tuvalu</option>
                                      <option value="UG">Uganda</option>
                                      <option value="UA">Ukraine</option>
                                      <option value="AE">United Arab Emirates</option>
                                      <option value="GB">United Kingdom (UK)</option>
                                      <option value="US">United States (US)</option>
                                      <option value="UM">United States (US) Minor Outlying Islands</option>
                                      <option value="UY">Uruguay</option>
                                      <option value="UZ">Uzbekistan</option>
                                      <option value="VU">Vanuatu</option>
                                      <option value="VA">Vatican</option>
                                      <option value="VE">Venezuela</option>
                                      <option value="VN">Vietnam</option>
                                      <option value="VG">Virgin Islands (British)</option>
                                      <option value="VI">Virgin Islands (US)</option>
                                      <option value="WF">Wallis and Futuna</option>
                                      <option value="EH">Western Sahara</option>
                                      <option value="YE">Yemen</option>
                                      <option value="ZM">Zambia</option>
                                      <option value="ZW">Zimbabwe</option>
                                    </select>
                                    <noscript>
                                      <button type="submit" name="woocommerce_checkout_update_totals" value="Update country / region">Update country / region</button>
                                    </noscript>
                                  </span>
                                </p>
                                <p class="form-row form-row-wide address-field validate-required" id="billing_address_1_field" data-priority="50">
                                  <label for="billing_address_1" class="class">
Street address                                     <abbr class="required" title="required">*</abbr>
                                  </label>
                                  <span class="woocommerce-input-wrapper">
                                    <input type="text" class="input-text" id="billing_address_1" name="billing_address_1" placeholder="House number and street name" value="value" autocomplete="address-line1"/>
                                  </span>
                                </p>
                                <p class="form-row form-row-wide address-field" id="billing_address_2_field" data-priority="60">
                                  <label for="billing_address_2" class="screen-reader-text">
Apartment, suite, unit, etc.                                     <span class="optional">(optional)</span>
                                  </label>
                                  <span class="woocommerce-input-wrapper">
                                    <input type="text" class="input-text" id="billing_address_2" name="billing_address_2" placeholder="Apartment, suite, unit, etc. (optional)" value="value" autocomplete="address-line2"/>
                                  </span>
                                </p>
                                <p class="form-row form-row-wide address-field validate-required" id="billing_city_field" data-priority="70">
                                  <label for="billing_city" class="class">
Town / City                                     <abbr class="required" title="required">*</abbr>
                                  </label>
                                  <span class="woocommerce-input-wrapper">
                                    <input type="text" class="input-text" id="billing_city" name="billing_city" placeholder="placeholder" value="value" autocomplete="address-level2"/>
                                  </span>
                                </p>
                                <p class="form-row form-row-wide address-field validate-required validate-state" id="billing_state_field" data-priority="80">
                                  <label for="billing_state" class="class">
State                                     <abbr class="required" title="required">*</abbr>
                                  </label>
                                  <span class="woocommerce-input-wrapper">
                                    <select class="state_select" id="billing_state" name="billing_state" autocomplete="address-level1" data-placeholder="Select an option…" data-input-classes="data-input-classes" data-label="State">
                                      <option value="value">Select an option…</option>
                                      <option value="AL">Alabama</option>
                                      <option value="AK">Alaska</option>
                                      <option value="AZ">Arizona</option>
                                      <option value="AR">Arkansas</option>
                                      <option value="CA">California</option>
                                      <option value="CO">Colorado</option>
                                      <option value="CT">Connecticut</option>
                                      <option value="DE">Delaware</option>
                                      <option value="DC">District Of Columbia</option>
                                      <option value="FL">Florida</option>
                                      <option value="GA">Georgia</option>
                                      <option value="HI">Hawaii</option>
                                      <option value="ID">Idaho</option>
                                      <option value="IL">Illinois</option>
                                      <option value="IN">Indiana</option>
                                      <option value="IA">Iowa</option>
                                      <option value="KS">Kansas</option>
                                      <option value="KY">Kentucky</option>
                                      <option value="LA">Louisiana</option>
                                      <option value="ME">Maine</option>
                                      <option value="MD">Maryland</option>
                                      <option value="MA">Massachusetts</option>
                                      <option value="MI">Michigan</option>
                                      <option value="MN">Minnesota</option>
                                      <option value="MS">Mississippi</option>
                                      <option value="MO">Missouri</option>
                                      <option value="MT">Montana</option>
                                      <option value="NE">Nebraska</option>
                                      <option value="NV">Nevada</option>
                                      <option value="NH">New Hampshire</option>
                                      <option value="NJ">New Jersey</option>
                                      <option value="NM">New Mexico</option>
                                      <option value="NY">New York</option>
                                      <option value="NC">North Carolina</option>
                                      <option value="ND">North Dakota</option>
                                      <option value="OH">Ohio</option>
                                      <option value="OK">Oklahoma</option>
                                      <option value="OR">Oregon</option>
                                      <option value="PA">Pennsylvania</option>
                                      <option value="RI">Rhode Island</option>
                                      <option value="SC">South Carolina</option>
                                      <option value="SD">South Dakota</option>
                                      <option value="TN">Tennessee</option>
                                      <option value="TX">Texas</option>
                                      <option value="UT">Utah</option>
                                      <option value="VT">Vermont</option>
                                      <option value="VA">Virginia</option>
                                      <option value="WA">Washington</option>
                                      <option value="WV">West Virginia</option>
                                      <option value="WI">Wisconsin</option>
                                      <option value="WY">Wyoming</option>
                                      <option value="AA">Armed Forces (AA)</option>
                                      <option value="AE">Armed Forces (AE)</option>
                                      <option value="AP">Armed Forces (AP)</option>
                                    </select>
                                  </span>
                                </p>
                                <p class="form-row form-row-wide address-field validate-required validate-postcode" id="billing_postcode_field" data-priority="90">
                                  <label for="billing_postcode" class="class">
ZIP Code                                     <abbr class="required" title="required">*</abbr>
                                  </label>
                                  <span class="woocommerce-input-wrapper">
                                    <input type="text" class="input-text" id="billing_postcode" name="billing_postcode" placeholder="placeholder" value="value" autocomplete="postal-code"/>
                                  </span>
                                </p>
                                <p class="form-row form-row-wide validate-phone" id="billing_phone_field" data-priority="100">
                                  <label for="billing_phone" class="class">
Phone                                     <span class="optional">(optional)</span>
                                  </label>
                                  <span class="woocommerce-input-wrapper">
                                    <input type="tel" class="input-text" id="billing_phone" name="billing_phone" placeholder="placeholder" value="value" autocomplete="tel"/>
                                  </span>
                                </p>
                                <p class="form-row form-row-wide validate-required validate-email" id="billing_email_field" data-priority="110">
                                  <label for="billing_email" class="class">
Email address                                     <abbr class="required" title="required">*</abbr>
                                  </label>
                                  <span class="woocommerce-input-wrapper">
                                    <input type="email" class="input-text" id="billing_email" name="billing_email" placeholder="placeholder" value="demouser6475782505@askomdch.com" autocomplete="email"/>
                                  </span>
                                </p>
                              </div>
                              <p>
                                <button type="submit" class="button" name="save_address" value="Save address">Save address</button>
                                <input type="hidden" id="woocommerce-edit-address-nonce" name="woocommerce-edit-address-nonce" value="4e7b7c558e"/>
                                <input type="hidden" name="_wp_http_referer" value="/account/edit-address/billing/"/>
                                <input type="hidden" name="action" value="edit_address"/>
                              </p>
                            </div>
                          </form>
                        </div>
                      </div>
                    </div>
                  </div>
                  <p/>
                </div>
              </article>
            </main>
          </div>
        </div>
      </div>
      <div class="astra-mobile-cart-overlay"/>
      <div class="astra-cart-drawer open-right" id="astra-mobile-cart-drawer">
        <div class="astra-cart-drawer-header">
          <button type="button" class="astra-cart-drawer-close">
            <span class="ahfb-svg-iconset ast-inline-flex svg-baseline">
              <svg class="ast-mobile-svg ast-close-svg" fill="currentColor" version="1.1" width="24" height="24" viewbox="0 0 24 24">
                <path d="M5.293 6.707l5.293 5.293-5.293 5.293c-0.391 0.391-0.391 1.024 0 1.414s1.024 0.391 1.414 0l5.293-5.293 5.293 5.293c0.391 0.391 1.024 0.391 1.414 0s0.391-1.024 0-1.414l-5.293-5.293 5.293-5.293c0.391-0.391 0.391-1.024 0-1.414s-1.024-0.391-1.414 0l-5.293 5.293-5.293-5.293c-0.391-0.391-1.024-0.391-1.414 0s-0.391 1.024 0 1.414z"/>
              </svg>
            </span>
          </button>
          <div class="astra-cart-drawer-title">
Shopping Cart </div>
        </div>
        <div class="astra-cart-drawer-content">
          <div class="widget woocommerce widget_shopping_cart">
            <div class="widget_shopping_cart_content"/>
          </div>
        </div>
      </div>
      <footer class="site-footer" id="colophon" itemtype="https://schema.org/WPFooter" itemscope="itemscope" itemid="#colophon">
        <div class="site-primary-footer-wrap ast-builder-grid-row-container site-footer-focus-item ast-builder-grid-row-4-equal ast-builder-grid-row-tablet-4-equal ast-builder-grid-row-mobile-full ast-footer-row-stack ast-footer-row-tablet-stack ast-footer-row-mobile-stack" data-section="section-primary-footer-builder">
          <div class="ast-builder-grid-row-container-inner">
            <div class="ast-builder-footer-grid-columns site-primary-footer-inner-wrap ast-builder-grid-row">
              <div class="site-footer-primary-section-1 site-footer-section site-footer-section-1">
                <aside class="footer-widget-area widget-area site-footer-focus-item" data-section="sidebar-widgets-footer-widget-1" aria-label="Footer Widget 1">
                  <div class="footer-widget-area-inner site-info-inner">
                    <section id="nav_menu-7" class="widget widget_nav_menu">
                      <h2 class="widget-title">Quick Links</h2>
                      <nav class="menu-quick-links-container" aria-label="Quick Links">
                        <ul class="menu" id="menu-quick-links">
                          <li class="menu-item menu-item-type-post_type menu-item-object-page menu-item-home menu-item-1254" id="menu-item-1254">
                            <a shape="rect" class="menu-link" href="https://askomdch.com/">Home</a>
                          </li>
                          <li class="menu-item menu-item-type-post_type menu-item-object-page menu-item-1255" id="menu-item-1255">
                            <a shape="rect" class="menu-link" href="https://askomdch.com/about/">About</a>
                          </li>
                          <li class="menu-item menu-item-type-post_type menu-item-object-page current-menu-item page_item page-item-1235 current_page_item menu-item-1256" id="menu-item-1256">
                            <a shape="rect" class="menu-link" href="https://askomdch.com/account/" aria-current="page">My Account</a>
                          </li>
                          <li class="menu-item menu-item-type-post_type menu-item-object-page menu-item-1257" id="menu-item-1257">
                            <a shape="rect" class="menu-link" href="https://askomdch.com/cart/">Cart</a>
                          </li>
                          <li class="menu-item menu-item-type-post_type menu-item-object-page menu-item-1258" id="menu-item-1258">
                            <a shape="rect" class="menu-link" href="https://askomdch.com/contact-us/">Contact Us</a>
                          </li>
                        </ul>
                      </nav>
                    </section>
                  </div>
                </aside>
              </div>
              <div class="site-footer-primary-section-2 site-footer-section site-footer-section-2">
                <aside class="footer-widget-area widget-area site-footer-focus-item" data-section="sidebar-widgets-footer-widget-2" aria-label="Footer Widget 2">
                  <div class="footer-widget-area-inner site-info-inner">
                    <section id="nav_menu-8" class="widget widget_nav_menu">
                      <h2 class="widget-title">For Her</h2>
                      <nav class="menu-for-her-container" aria-label="For Her">
                        <ul class="menu" id="menu-for-her">
                          <li class="menu-item menu-item-type-taxonomy menu-item-object-product_cat menu-item-1264" id="menu-item-1264">
                            <a shape="rect" class="menu-link" href="https://askomdch.com/product-category/women/">Women</a>
                          </li>
                          <li class="menu-item menu-item-type-taxonomy menu-item-object-product_cat menu-item-1266" id="menu-item-1266">
                            <a shape="rect" class="menu-link" href="https://askomdch.com/product-category/womens-jeans/">Women’s Jeans</a>
                          </li>
                          <li class="menu-item menu-item-type-taxonomy menu-item-object-product_cat menu-item-1265" id="menu-item-1265">
                            <a shape="rect" class="menu-link" href="https://askomdch.com/product-category/womens-shirts/">Women’s Shirts</a>
                          </li>
                          <li class="menu-item menu-item-type-taxonomy menu-item-object-product_cat menu-item-1267" id="menu-item-1267">
                            <a shape="rect" class="menu-link" href="https://askomdch.com/product-category/womens-shoes/">Women’s Shoes</a>
                          </li>
                          <li class="menu-item menu-item-type-taxonomy menu-item-object-product_cat menu-item-1268" id="menu-item-1268">
                            <a shape="rect" class="menu-link" href="https://askomdch.com/product-category/accessories/">Accessories</a>
                          </li>
                        </ul>
                      </nav>
                    </section>
                  </div>
                </aside>
              </div>
              <div class="site-footer-primary-section-3 site-footer-section site-footer-section-3">
                <aside class="footer-widget-area widget-area site-footer-focus-item" data-section="sidebar-widgets-footer-widget-3" aria-label="Footer Widget 3">
                  <div class="footer-widget-area-inner site-info-inner">
                    <section id="nav_menu-12" class="widget widget_nav_menu">
                      <h2 class="widget-title">For Him</h2>
                      <nav class="menu-for-him-container" aria-label="For Him">
                        <ul class="menu" id="menu-for-him">
                          <li class="menu-item menu-item-type-taxonomy menu-item-object-product_cat menu-item-1263" id="menu-item-1263">
                            <a shape="rect" class="menu-link" href="https://askomdch.com/product-category/men/">Men</a>
                          </li>
                          <li class="menu-item menu-item-type-taxonomy menu-item-object-product_cat menu-item-1259" id="menu-item-1259">
                            <a shape="rect" class="menu-link" href="https://askomdch.com/product-category/mens-jeans/">Men’s Jeans</a>
                          </li>
                          <li class="menu-item menu-item-type-taxonomy menu-item-object-product_cat menu-item-1260" id="menu-item-1260">
                            <a shape="rect" class="menu-link" href="https://askomdch.com/product-category/mens-shirts/">Men’s Shirts</a>
                          </li>
                          <li class="menu-item menu-item-type-taxonomy menu-item-object-product_cat menu-item-1261" id="menu-item-1261">
                            <a shape="rect" class="menu-link" href="https://askomdch.com/product-category/mens-shoes/">Men’s Shoes</a>
                          </li>
                          <li class="menu-item menu-item-type-taxonomy menu-item-object-product_cat menu-item-1262" id="menu-item-1262">
                            <a shape="rect" class="menu-link" href="https://askomdch.com/product-category/accessories/">Accessories</a>
                          </li>
                        </ul>
                      </nav>
                    </section>
                  </div>
                </aside>
              </div>
              <div class="site-footer-primary-section-4 site-footer-section site-footer-section-4">
                <aside class="footer-widget-area widget-area site-footer-focus-item" data-section="sidebar-widgets-footer-widget-4" aria-label="Footer Widget 4">
                  <div class="footer-widget-area-inner site-info-inner">
                    <section id="text-2" class="widget widget_text">
                      <h2 class="widget-title">AOD on Mobile</h2>
                      <div class="textwidget">
                        <p>
                          <a shape="rect" href="https://www.apple.com/in/app-store/" target="_blank" rel="noopener">
                            <img class="alignnone wp-image-1475 size-full" src="https://askomdch.com/wp-content/uploads/2021/06/image-60-compressed.jpg" alt="alt" width="300" height="90"/>
                          </a>
                          <a shape="rect" href="https://play.google.com/store" target="_blank" rel="noopener">
                            <img class="alignnone wp-image-1473 size-full" src="https://askomdch.com/wp-content/uploads/2021/06/image-41-compressed.jpg" alt="alt" width="300" height="90"/>
                          </a>
                        </p>
                      </div>
                    </section>
                  </div>
                </aside>
              </div>
            </div>
          </div>
        </div>
        <div class="site-below-footer-wrap ast-builder-grid-row-container site-footer-focus-item ast-builder-grid-row-2-equal ast-builder-grid-row-tablet-2-equal ast-builder-grid-row-mobile-full ast-footer-row-stack ast-footer-row-tablet-stack ast-footer-row-mobile-stack" data-section="section-below-footer-builder">
          <div class="ast-builder-grid-row-container-inner">
            <div class="ast-builder-footer-grid-columns site-below-footer-inner-wrap ast-builder-grid-row">
              <div class="site-footer-below-section-1 site-footer-section site-footer-section-1">
                <div class="ast-builder-layout-element ast-flex site-footer-focus-item ast-footer-copyright" data-section="section-footer-builder">
                  <div class="ast-footer-copyright">
                    <p>Copyright © 2023 AskOmDch</p>
                  </div>
                </div>
              </div>
              <div class="site-footer-below-section-2 site-footer-section site-footer-section-2">
                <div class="footer-widget-area widget-area site-footer-focus-item ast-footer-html-1" data-section="section-fb-html-1">
                  <div class="ast-header-html inner-link-style-">
                    <div class="ast-builder-html-element">
                      <p>Powered by AskOmDch</p>
                    </div>
                  </div>
                </div>
              </div>
            </div>
          </div>
        </div>
      </footer>
    </div>
    <script type="text/javascript">
		(function () {
			var c = document.body.className;
			c = c.replace(/woocommerce-no-js/, 'woocommerce-js');
			document.body.className = c;
		})();
	</script>
    <script id="astra-theme-js-js-extra">
var astra = {"break_point":"921","isRtl":""};
</script>
    <script id="astra-theme-js-js" src="https://askomdch.com/wp-content/themes/astra/assets/js/minified/frontend.min.js?ver=3.7.5"/>
    <script id="astra-mobile-cart-js" src="https://askomdch.com/wp-content/themes/astra/assets/js/minified/mobile-cart.min.js?ver=3.7.5"/>
    <script id="js-cookie-js" src="https://askomdch.com/wp-content/plugins/woocommerce/assets/js/js-cookie/js.cookie.min.js?ver=2.1.4-wc.7.2.1"/>
    <script id="wc-cart-fragments-js-extra">
var wc_cart_fragments_params = {"ajax_url":"\/wp-admin\/admin-ajax.php","wc_ajax_url":"\/?wc-ajax=%%endpoint%%","cart_hash_key":"wc_cart_hash_ce7302d8a5b087b54dd768c76987f650","fragment_name":"wc_fragments_ce7302d8a5b087b54dd768c76987f650","request_timeout":"5000"};
</script>
    <script id="wc-cart-fragments-js" src="https://askomdch.com/wp-content/plugins/woocommerce/assets/js/frontend/cart-fragments.min.js?ver=7.2.1"/>
    <script id="wc-country-select-js-extra">
var wc_country_select_params = {"countries":"{\"AF\":[],\"AL\":{\"AL-01\":\"Berat\",\"AL-09\":\"Dib\\u00ebr\",\"AL-02\":\"Durr\\u00ebs\",\"AL-03\":\"Elbasan\",\"AL-04\":\"Fier\",\"AL-05\":\"Gjirokast\\u00ebr\",\"AL-06\":\"Kor\\u00e7\\u00eb\",\"AL-07\":\"Kuk\\u00ebs\",\"AL-08\":\"Lezh\\u00eb\",\"AL-10\":\"Shkod\\u00ebr\",\"AL-11\":\"Tirana\",\"AL-12\":\"Vlor\\u00eb\"},\"AO\":{\"BGO\":\"Bengo\",\"BLU\":\"Benguela\",\"BIE\":\"Bi\\u00e9\",\"CAB\":\"Cabinda\",\"CNN\":\"Cunene\",\"HUA\":\"Huambo\",\"HUI\":\"Hu\\u00edla\",\"CCU\":\"Kuando Kubango\",\"CNO\":\"Kwanza-Norte\",\"CUS\":\"Kwanza-Sul\",\"LUA\":\"Luanda\",\"LNO\":\"Lunda-Norte\",\"LSU\":\"Lunda-Sul\",\"MAL\":\"Malanje\",\"MOX\":\"Moxico\",\"NAM\":\"Namibe\",\"UIG\":\"U\\u00edge\",\"ZAI\":\"Zaire\"},\"AR\":{\"C\":\"Ciudad Aut\\u00f3noma de Buenos Aires\",\"B\":\"Buenos Aires\",\"K\":\"Catamarca\",\"H\":\"Chaco\",\"U\":\"Chubut\",\"X\":\"C\\u00f3rdoba\",\"W\":\"Corrientes\",\"E\":\"Entre R\\u00edos\",\"P\":\"Formosa\",\"Y\":\"Jujuy\",\"L\":\"La Pampa\",\"F\":\"La Rioja\",\"M\":\"Mendoza\",\"N\":\"Misiones\",\"Q\":\"Neuqu\\u00e9n\",\"R\":\"R\\u00edo Negro\",\"A\":\"Salta\",\"J\":\"San Juan\",\"D\":\"San Luis\",\"Z\":\"Santa Cruz\",\"S\":\"Santa Fe\",\"G\":\"Santiago del Estero\",\"V\":\"Tierra del Fuego\",\"T\":\"Tucum\\u00e1n\"},\"AT\":[],\"AU\":{\"ACT\":\"Australian Capital Territory\",\"NSW\":\"New South Wales\",\"NT\":\"Northern Territory\",\"QLD\":\"Queensland\",\"SA\":\"South Australia\",\"TAS\":\"Tasmania\",\"VIC\":\"Victoria\",\"WA\":\"Western Australia\"},\"AX\":[],\"BD\":{\"BD-05\":\"Bagerhat\",\"BD-01\":\"Bandarban\",\"BD-02\":\"Barguna\",\"BD-06\":\"Barishal\",\"BD-07\":\"Bhola\",\"BD-03\":\"Bogura\",\"BD-04\":\"Brahmanbaria\",\"BD-09\":\"Chandpur\",\"BD-10\":\"Chattogram\",\"BD-12\":\"Chuadanga\",\"BD-11\":\"Cox's Bazar\",\"BD-08\":\"Cumilla\",\"BD-13\":\"Dhaka\",\"BD-14\":\"Dinajpur\",\"BD-15\":\"Faridpur \",\"BD-16\":\"Feni\",\"BD-19\":\"Gaibandha\",\"BD-18\":\"Gazipur\",\"BD-17\":\"Gopalganj\",\"BD-20\":\"Habiganj\",\"BD-21\":\"Jamalpur\",\"BD-22\":\"Jashore\",\"BD-25\":\"Jhalokati\",\"BD-23\":\"Jhenaidah\",\"BD-24\":\"Joypurhat\",\"BD-29\":\"Khagrachhari\",\"BD-27\":\"Khulna\",\"BD-26\":\"Kishoreganj\",\"BD-28\":\"Kurigram\",\"BD-30\":\"Kushtia\",\"BD-31\":\"Lakshmipur\",\"BD-32\":\"Lalmonirhat\",\"BD-36\":\"Madaripur\",\"BD-37\":\"Magura\",\"BD-33\":\"Manikganj \",\"BD-39\":\"Meherpur\",\"BD-38\":\"Moulvibazar\",\"BD-35\":\"Munshiganj\",\"BD-34\":\"Mymensingh\",\"BD-48\":\"Naogaon\",\"BD-43\":\"Narail\",\"BD-40\":\"Narayanganj\",\"BD-42\":\"Narsingdi\",\"BD-44\":\"Natore\",\"BD-45\":\"Nawabganj\",\"BD-41\":\"Netrakona\",\"BD-46\":\"Nilphamari\",\"BD-47\":\"Noakhali\",\"BD-49\":\"Pabna\",\"BD-52\":\"Panchagarh\",\"BD-51\":\"Patuakhali\",\"BD-50\":\"Pirojpur\",\"BD-53\":\"Rajbari\",\"BD-54\":\"Rajshahi\",\"BD-56\":\"Rangamati\",\"BD-55\":\"Rangpur\",\"BD-58\":\"Satkhira\",\"BD-62\":\"Shariatpur\",\"BD-57\":\"Sherpur\",\"BD-59\":\"Sirajganj\",\"BD-61\":\"Sunamganj\",\"BD-60\":\"Sylhet\",\"BD-63\":\"Tangail\",\"BD-64\":\"Thakurgaon\"},\"BE\":[],\"BG\":{\"BG-01\":\"Blagoevgrad\",\"BG-02\":\"Burgas\",\"BG-08\":\"Dobrich\",\"BG-07\":\"Gabrovo\",\"BG-26\":\"Haskovo\",\"BG-09\":\"Kardzhali\",\"BG-10\":\"Kyustendil\",\"BG-11\":\"Lovech\",\"BG-12\":\"Montana\",\"BG-13\":\"Pazardzhik\",\"BG-14\":\"Pernik\",\"BG-15\":\"Pleven\",\"BG-16\":\"Plovdiv\",\"BG-17\":\"Razgrad\",\"BG-18\":\"Ruse\",\"BG-27\":\"Shumen\",\"BG-19\":\"Silistra\",\"BG-20\":\"Sliven\",\"BG-21\":\"Smolyan\",\"BG-23\":\"Sofia District\",\"BG-22\":\"Sofia\",\"BG-24\":\"Stara Zagora\",\"BG-25\":\"Targovishte\",\"BG-03\":\"Varna\",\"BG-04\":\"Veliko Tarnovo\",\"BG-05\":\"Vidin\",\"BG-06\":\"Vratsa\",\"BG-28\":\"Yambol\"},\"BH\":[],\"BI\":[],\"BJ\":{\"AL\":\"Alibori\",\"AK\":\"Atakora\",\"AQ\":\"Atlantique\",\"BO\":\"Borgou\",\"CO\":\"Collines\",\"KO\":\"Kouffo\",\"DO\":\"Donga\",\"LI\":\"Littoral\",\"MO\":\"Mono\",\"OU\":\"Ou\\u00e9m\\u00e9\",\"PL\":\"Plateau\",\"ZO\":\"Zou\"},\"BO\":{\"BO-B\":\"Beni\",\"BO-H\":\"Chuquisaca\",\"BO-C\":\"Cochabamba\",\"BO-L\":\"La Paz\",\"BO-O\":\"Oruro\",\"BO-N\":\"Pando\",\"BO-P\":\"Potos\\u00ed\",\"BO-S\":\"Santa Cruz\",\"BO-T\":\"Tarija\"},\"BR\":{\"AC\":\"Acre\",\"AL\":\"Alagoas\",\"AP\":\"Amap\\u00e1\",\"AM\":\"Amazonas\",\"BA\":\"Bahia\",\"CE\":\"Cear\\u00e1\",\"DF\":\"Distrito Federal\",\"ES\":\"Esp\\u00edrito Santo\",\"GO\":\"Goi\\u00e1s\",\"MA\":\"Maranh\\u00e3o\",\"MT\":\"Mato Grosso\",\"MS\":\"Mato Grosso do Sul\",\"MG\":\"Minas Gerais\",\"PA\":\"Par\\u00e1\",\"PB\":\"Para\\u00edba\",\"PR\":\"Paran\\u00e1\",\"PE\":\"Pernambuco\",\"PI\":\"Piau\\u00ed\",\"RJ\":\"Rio de Janeiro\",\"RN\":\"Rio Grande do Norte\",\"RS\":\"Rio Grande do Sul\",\"RO\":\"Rond\\u00f4nia\",\"RR\":\"Roraima\",\"SC\":\"Santa Catarina\",\"SP\":\"S\\u00e3o Paulo\",\"SE\":\"Sergipe\",\"TO\":\"Tocantins\"},\"CA\":{\"AB\":\"Alberta\",\"BC\":\"British Columbia\",\"MB\":\"Manitoba\",\"NB\":\"New Brunswick\",\"NL\":\"Newfoundland and Labrador\",\"NT\":\"Northwest Territories\",\"NS\":\"Nova Scotia\",\"NU\":\"Nunavut\",\"ON\":\"Ontario\",\"PE\":\"Prince Edward Island\",\"QC\":\"Quebec\",\"SK\":\"Saskatchewan\",\"YT\":\"Yukon Territory\"},\"CH\":{\"AG\":\"Aargau\",\"AR\":\"Appenzell Ausserrhoden\",\"AI\":\"Appenzell Innerrhoden\",\"BL\":\"Basel-Landschaft\",\"BS\":\"Basel-Stadt\",\"BE\":\"Bern\",\"FR\":\"Fribourg\",\"GE\":\"Geneva\",\"GL\":\"Glarus\",\"GR\":\"Graub\\u00fcnden\",\"JU\":\"Jura\",\"LU\":\"Luzern\",\"NE\":\"Neuch\\u00e2tel\",\"NW\":\"Nidwalden\",\"OW\":\"Obwalden\",\"SH\":\"Schaffhausen\",\"SZ\":\"Schwyz\",\"SO\":\"Solothurn\",\"SG\":\"St. Gallen\",\"TG\":\"Thurgau\",\"TI\":\"Ticino\",\"UR\":\"Uri\",\"VS\":\"Valais\",\"VD\":\"Vaud\",\"ZG\":\"Zug\",\"ZH\":\"Z\\u00fcrich\"},\"CL\":{\"CL-AI\":\"Ais\\u00e9n del General Carlos Iba\\u00f1ez del Campo\",\"CL-AN\":\"Antofagasta\",\"CL-AP\":\"Arica y Parinacota\",\"CL-AR\":\"La Araucan\\u00eda\",\"CL-AT\":\"Atacama\",\"CL-BI\":\"Biob\\u00edo\",\"CL-CO\":\"Coquimbo\",\"CL-LI\":\"Libertador General Bernardo O'Higgins\",\"CL-LL\":\"Los Lagos\",\"CL-LR\":\"Los R\\u00edos\",\"CL-MA\":\"Magallanes\",\"CL-ML\":\"Maule\",\"CL-NB\":\"\\u00d1uble\",\"CL-RM\":\"Regi\\u00f3n Metropolitana de Santiago\",\"CL-TA\":\"Tarapac\\u00e1\",\"CL-VS\":\"Valpara\\u00edso\"},\"CN\":{\"CN1\":\"Yunnan \\\/ \\u4e91\\u5357\",\"CN2\":\"Beijing \\\/ \\u5317\\u4eac\",\"CN3\":\"Tianjin \\\/ \\u5929\\u6d25\",\"CN4\":\"Hebei \\\/ \\u6cb3\\u5317\",\"CN5\":\"Shanxi \\\/ \\u5c71\\u897f\",\"CN6\":\"Inner Mongolia \\\/ \\u5167\\u8499\\u53e4\",\"CN7\":\"Liaoning \\\/ \\u8fbd\\u5b81\",\"CN8\":\"Jilin \\\/ \\u5409\\u6797\",\"CN9\":\"Heilongjiang \\\/ \\u9ed1\\u9f99\\u6c5f\",\"CN10\":\"Shanghai \\\/ \\u4e0a\\u6d77\",\"CN11\":\"Jiangsu \\\/ \\u6c5f\\u82cf\",\"CN12\":\"Zhejiang \\\/ \\u6d59\\u6c5f\",\"CN13\":\"Anhui \\\/ \\u5b89\\u5fbd\",\"CN14\":\"Fujian \\\/ \\u798f\\u5efa\",\"CN15\":\"Jiangxi \\\/ \\u6c5f\\u897f\",\"CN16\":\"Shandong \\\/ \\u5c71\\u4e1c\",\"CN17\":\"Henan \\\/ \\u6cb3\\u5357\",\"CN18\":\"Hubei \\\/ \\u6e56\\u5317\",\"CN19\":\"Hunan \\\/ \\u6e56\\u5357\",\"CN20\":\"Guangdong \\\/ \\u5e7f\\u4e1c\",\"CN21\":\"Guangxi Zhuang \\\/ \\u5e7f\\u897f\\u58ee\\u65cf\",\"CN22\":\"Hainan \\\/ \\u6d77\\u5357\",\"CN23\":\"Chongqing \\\/ \\u91cd\\u5e86\",\"CN24\":\"Sichuan \\\/ \\u56db\\u5ddd\",\"CN25\":\"Guizhou \\\/ \\u8d35\\u5dde\",\"CN26\":\"Shaanxi \\\/ \\u9655\\u897f\",\"CN27\":\"Gansu \\\/ \\u7518\\u8083\",\"CN28\":\"Qinghai \\\/ \\u9752\\u6d77\",\"CN29\":\"Ningxia Hui \\\/ \\u5b81\\u590f\",\"CN30\":\"Macao \\\/ \\u6fb3\\u95e8\",\"CN31\":\"Tibet \\\/ \\u897f\\u85cf\",\"CN32\":\"Xinjiang \\\/ \\u65b0\\u7586\"},\"CO\":{\"CO-AMA\":\"Amazonas\",\"CO-ANT\":\"Antioquia\",\"CO-ARA\":\"Arauca\",\"CO-ATL\":\"Atl\\u00e1ntico\",\"CO-BOL\":\"Bol\\u00edvar\",\"CO-BOY\":\"Boyac\\u00e1\",\"CO-CAL\":\"Caldas\",\"CO-CAQ\":\"Caquet\\u00e1\",\"CO-CAS\":\"Casanare\",\"CO-CAU\":\"Cauca\",\"CO-CES\":\"Cesar\",\"CO-CHO\":\"Choc\\u00f3\",\"CO-COR\":\"C\\u00f3rdoba\",\"CO-CUN\":\"Cundinamarca\",\"CO-DC\":\"Capital District\",\"CO-GUA\":\"Guain\\u00eda\",\"CO-GUV\":\"Guaviare\",\"CO-HUI\":\"Huila\",\"CO-LAG\":\"La Guajira\",\"CO-MAG\":\"Magdalena\",\"CO-MET\":\"Meta\",\"CO-NAR\":\"Nari\\u00f1o\",\"CO-NSA\":\"Norte de Santander\",\"CO-PUT\":\"Putumayo\",\"CO-QUI\":\"Quind\\u00edo\",\"CO-RIS\":\"Risaralda\",\"CO-SAN\":\"Santander\",\"CO-SAP\":\"San Andr\\u00e9s &amp; Providencia\",\"CO-SUC\":\"Sucre\",\"CO-TOL\":\"Tolima\",\"CO-VAC\":\"Valle del Cauca\",\"CO-VAU\":\"Vaup\\u00e9s\",\"CO-VID\":\"Vichada\"},\"CR\":{\"CR-A\":\"Alajuela\",\"CR-C\":\"Cartago\",\"CR-G\":\"Guanacaste\",\"CR-H\":\"Heredia\",\"CR-L\":\"Lim\\u00f3n\",\"CR-P\":\"Puntarenas\",\"CR-SJ\":\"San Jos\\u00e9\"},\"CZ\":[],\"DE\":{\"DE-BW\":\"Baden-W\\u00fcrttemberg\",\"DE-BY\":\"Bavaria\",\"DE-BE\":\"Berlin\",\"DE-BB\":\"Brandenburg\",\"DE-HB\":\"Bremen\",\"DE-HH\":\"Hamburg\",\"DE-HE\":\"Hesse\",\"DE-MV\":\"Mecklenburg-Vorpommern\",\"DE-NI\":\"Lower Saxony\",\"DE-NW\":\"North Rhine-Westphalia\",\"DE-RP\":\"Rhineland-Palatinate\",\"DE-SL\":\"Saarland\",\"DE-SN\":\"Saxony\",\"DE-ST\":\"Saxony-Anhalt\",\"DE-SH\":\"Schleswig-Holstein\",\"DE-TH\":\"Thuringia\"},\"DK\":[],\"DO\":{\"DO-01\":\"Distrito Nacional\",\"DO-02\":\"Azua\",\"DO-03\":\"Baoruco\",\"DO-04\":\"Barahona\",\"DO-33\":\"Cibao Nordeste\",\"DO-34\":\"Cibao Noroeste\",\"DO-35\":\"Cibao Norte\",\"DO-36\":\"Cibao Sur\",\"DO-05\":\"Dajab\\u00f3n\",\"DO-06\":\"Duarte\",\"DO-08\":\"El Seibo\",\"DO-37\":\"El Valle\",\"DO-07\":\"El\\u00edas Pi\\u00f1a\",\"DO-38\":\"Enriquillo\",\"DO-09\":\"Espaillat\",\"DO-30\":\"Hato Mayor\",\"DO-19\":\"Hermanas Mirabal\",\"DO-39\":\"Hig\\u00fcamo\",\"DO-10\":\"Independencia\",\"DO-11\":\"La Altagracia\",\"DO-12\":\"La Romana\",\"DO-13\":\"La Vega\",\"DO-14\":\"Mar\\u00eda Trinidad S\\u00e1nchez\",\"DO-28\":\"Monse\\u00f1or Nouel\",\"DO-15\":\"Monte Cristi\",\"DO-29\":\"Monte Plata\",\"DO-40\":\"Ozama\",\"DO-16\":\"Pedernales\",\"DO-17\":\"Peravia\",\"DO-18\":\"Puerto Plata\",\"DO-20\":\"Saman\\u00e1\",\"DO-21\":\"San Crist\\u00f3bal\",\"DO-31\":\"San Jos\\u00e9 de Ocoa\",\"DO-22\":\"San Juan\",\"DO-23\":\"San Pedro de Macor\\u00eds\",\"DO-24\":\"S\\u00e1nchez Ram\\u00edrez\",\"DO-25\":\"Santiago\",\"DO-26\":\"Santiago Rodr\\u00edguez\",\"DO-32\":\"Santo Domingo\",\"DO-41\":\"Valdesia\",\"DO-27\":\"Valverde\",\"DO-42\":\"Yuma\"},\"DZ\":{\"DZ-01\":\"Adrar\",\"DZ-02\":\"Chlef\",\"DZ-03\":\"Laghouat\",\"DZ-04\":\"Oum El Bouaghi\",\"DZ-05\":\"Batna\",\"DZ-06\":\"B\\u00e9ja\\u00efa\",\"DZ-07\":\"Biskra\",\"DZ-08\":\"B\\u00e9char\",\"DZ-09\":\"Blida\",\"DZ-10\":\"Bouira\",\"DZ-11\":\"Tamanghasset\",\"DZ-12\":\"T\\u00e9bessa\",\"DZ-13\":\"Tlemcen\",\"DZ-14\":\"Tiaret\",\"DZ-15\":\"Tizi Ouzou\",\"DZ-16\":\"Algiers\",\"DZ-17\":\"Djelfa\",\"DZ-18\":\"Jijel\",\"DZ-19\":\"S\\u00e9tif\",\"DZ-20\":\"Sa\\u00efda\",\"DZ-21\":\"Skikda\",\"DZ-22\":\"Sidi Bel Abb\\u00e8s\",\"DZ-23\":\"Annaba\",\"DZ-24\":\"Guelma\",\"DZ-25\":\"Constantine\",\"DZ-26\":\"M\\u00e9d\\u00e9a\",\"DZ-27\":\"Mostaganem\",\"DZ-28\":\"M\\u2019Sila\",\"DZ-29\":\"Mascara\",\"DZ-30\":\"Ouargla\",\"DZ-31\":\"Oran\",\"DZ-32\":\"El Bayadh\",\"DZ-33\":\"Illizi\",\"DZ-34\":\"Bordj Bou Arr\\u00e9ridj\",\"DZ-35\":\"Boumerd\\u00e8s\",\"DZ-36\":\"El Tarf\",\"DZ-37\":\"Tindouf\",\"DZ-38\":\"Tissemsilt\",\"DZ-39\":\"El Oued\",\"DZ-40\":\"Khenchela\",\"DZ-41\":\"Souk Ahras\",\"DZ-42\":\"Tipasa\",\"DZ-43\":\"Mila\",\"DZ-44\":\"A\\u00efn Defla\",\"DZ-45\":\"Naama\",\"DZ-46\":\"A\\u00efn T\\u00e9mouchent\",\"DZ-47\":\"Gharda\\u00efa\",\"DZ-48\":\"Relizane\"},\"EE\":[],\"EC\":{\"EC-A\":\"Azuay\",\"EC-B\":\"Bol\\u00edvar\",\"EC-F\":\"Ca\\u00f1ar\",\"EC-C\":\"Carchi\",\"EC-H\":\"Chimborazo\",\"EC-X\":\"Cotopaxi\",\"EC-O\":\"El Oro\",\"EC-E\":\"Esmeraldas\",\"EC-W\":\"Gal\\u00e1pagos\",\"EC-G\":\"Guayas\",\"EC-I\":\"Imbabura\",\"EC-L\":\"Loja\",\"EC-R\":\"Los R\\u00edos\",\"EC-M\":\"Manab\\u00ed\",\"EC-S\":\"Morona-Santiago\",\"EC-N\":\"Napo\",\"EC-D\":\"Orellana\",\"EC-Y\":\"Pastaza\",\"EC-P\":\"Pichincha\",\"EC-SE\":\"Santa Elena\",\"EC-SD\":\"Santo Domingo de los Ts\\u00e1chilas\",\"EC-U\":\"Sucumb\\u00edos\",\"EC-T\":\"Tungurahua\",\"EC-Z\":\"Zamora-Chinchipe\"},\"EG\":{\"EGALX\":\"Alexandria\",\"EGASN\":\"Aswan\",\"EGAST\":\"Asyut\",\"EGBA\":\"Red Sea\",\"EGBH\":\"Beheira\",\"EGBNS\":\"Beni Suef\",\"EGC\":\"Cairo\",\"EGDK\":\"Dakahlia\",\"EGDT\":\"Damietta\",\"EGFYM\":\"Faiyum\",\"EGGH\":\"Gharbia\",\"EGGZ\":\"Giza\",\"EGIS\":\"Ismailia\",\"EGJS\":\"South Sinai\",\"EGKB\":\"Qalyubia\",\"EGKFS\":\"Kafr el-Sheikh\",\"EGKN\":\"Qena\",\"EGLX\":\"Luxor\",\"EGMN\":\"Minya\",\"EGMNF\":\"Monufia\",\"EGMT\":\"Matrouh\",\"EGPTS\":\"Port Said\",\"EGSHG\":\"Sohag\",\"EGSHR\":\"Al Sharqia\",\"EGSIN\":\"North Sinai\",\"EGSUZ\":\"Suez\",\"EGWAD\":\"New Valley\"},\"ES\":{\"C\":\"A Coru\\u00f1a\",\"VI\":\"Araba\\\/\\u00c1lava\",\"AB\":\"Albacete\",\"A\":\"Alicante\",\"AL\":\"Almer\\u00eda\",\"O\":\"Asturias\",\"AV\":\"\\u00c1vila\",\"BA\":\"Badajoz\",\"PM\":\"Baleares\",\"B\":\"Barcelona\",\"BU\":\"Burgos\",\"CC\":\"C\\u00e1ceres\",\"CA\":\"C\\u00e1diz\",\"S\":\"Cantabria\",\"CS\":\"Castell\\u00f3n\",\"CE\":\"Ceuta\",\"CR\":\"Ciudad Real\",\"CO\":\"C\\u00f3rdoba\",\"CU\":\"Cuenca\",\"GI\":\"Girona\",\"GR\":\"Granada\",\"GU\":\"Guadalajara\",\"SS\":\"Gipuzkoa\",\"H\":\"Huelva\",\"HU\":\"Huesca\",\"J\":\"Ja\\u00e9n\",\"LO\":\"La Rioja\",\"GC\":\"Las Palmas\",\"LE\":\"Le\\u00f3n\",\"L\":\"Lleida\",\"LU\":\"Lugo\",\"M\":\"Madrid\",\"MA\":\"M\\u00e1laga\",\"ML\":\"Melilla\",\"MU\":\"Murcia\",\"NA\":\"Navarra\",\"OR\":\"Ourense\",\"P\":\"Palencia\",\"PO\":\"Pontevedra\",\"SA\":\"Salamanca\",\"TF\":\"Santa Cruz de Tenerife\",\"SG\":\"Segovia\",\"SE\":\"Sevilla\",\"SO\":\"Soria\",\"T\":\"Tarragona\",\"TE\":\"Teruel\",\"TO\":\"Toledo\",\"V\":\"Valencia\",\"VA\":\"Valladolid\",\"BI\":\"Biscay\",\"ZA\":\"Zamora\",\"Z\":\"Zaragoza\"},\"FI\":[],\"FR\":[],\"GF\":[],\"GH\":{\"AF\":\"Ahafo\",\"AH\":\"Ashanti\",\"BA\":\"Brong-Ahafo\",\"BO\":\"Bono\",\"BE\":\"Bono East\",\"CP\":\"Central\",\"EP\":\"Eastern\",\"AA\":\"Greater Accra\",\"NE\":\"North East\",\"NP\":\"Northern\",\"OT\":\"Oti\",\"SV\":\"Savannah\",\"UE\":\"Upper East\",\"UW\":\"Upper West\",\"TV\":\"Volta\",\"WP\":\"Western\",\"WN\":\"Western North\"},\"GP\":[],\"GR\":{\"I\":\"Attica\",\"A\":\"East Macedonia and Thrace\",\"B\":\"Central Macedonia\",\"C\":\"West Macedonia\",\"D\":\"Epirus\",\"E\":\"Thessaly\",\"F\":\"Ionian Islands\",\"G\":\"West Greece\",\"H\":\"Central Greece\",\"J\":\"Peloponnese\",\"K\":\"North Aegean\",\"L\":\"South Aegean\",\"M\":\"Crete\"},\"GT\":{\"GT-AV\":\"Alta Verapaz\",\"GT-BV\":\"Baja Verapaz\",\"GT-CM\":\"Chimaltenango\",\"GT-CQ\":\"Chiquimula\",\"GT-PR\":\"El Progreso\",\"GT-ES\":\"Escuintla\",\"GT-GU\":\"Guatemala\",\"GT-HU\":\"Huehuetenango\",\"GT-IZ\":\"Izabal\",\"GT-JA\":\"Jalapa\",\"GT-JU\":\"Jutiapa\",\"GT-PE\":\"Pet\\u00e9n\",\"GT-QZ\":\"Quetzaltenango\",\"GT-QC\":\"Quich\\u00e9\",\"GT-RE\":\"Retalhuleu\",\"GT-SA\":\"Sacatep\\u00e9quez\",\"GT-SM\":\"San Marcos\",\"GT-SR\":\"Santa Rosa\",\"GT-SO\":\"Solol\\u00e1\",\"GT-SU\":\"Suchitep\\u00e9quez\",\"GT-TO\":\"Totonicap\\u00e1n\",\"GT-ZA\":\"Zacapa\"},\"HK\":{\"HONG KONG\":\"Hong Kong Island\",\"KOWLOON\":\"Kowloon\",\"NEW TERRITORIES\":\"New Territories\"},\"HN\":{\"HN-AT\":\"Atl\\u00e1ntida\",\"HN-IB\":\"Bay Islands\",\"HN-CH\":\"Choluteca\",\"HN-CL\":\"Col\\u00f3n\",\"HN-CM\":\"Comayagua\",\"HN-CP\":\"Cop\\u00e1n\",\"HN-CR\":\"Cort\\u00e9s\",\"HN-EP\":\"El Para\\u00edso\",\"HN-FM\":\"Francisco Moraz\\u00e1n\",\"HN-GD\":\"Gracias a Dios\",\"HN-IN\":\"Intibuc\\u00e1\",\"HN-LE\":\"Lempira\",\"HN-LP\":\"La Paz\",\"HN-OC\":\"Ocotepeque\",\"HN-OL\":\"Olancho\",\"HN-SB\":\"Santa B\\u00e1rbara\",\"HN-VA\":\"Valle\",\"HN-YO\":\"Yoro\"},\"HU\":{\"BK\":\"B\\u00e1cs-Kiskun\",\"BE\":\"B\\u00e9k\\u00e9s\",\"BA\":\"Baranya\",\"BZ\":\"Borsod-Aba\\u00faj-Zempl\\u00e9n\",\"BU\":\"Budapest\",\"CS\":\"Csongr\\u00e1d-Csan\\u00e1d\",\"FE\":\"Fej\\u00e9r\",\"GS\":\"Gy\\u0151r-Moson-Sopron\",\"HB\":\"Hajd\\u00fa-Bihar\",\"HE\":\"Heves\",\"JN\":\"J\\u00e1sz-Nagykun-Szolnok\",\"KE\":\"Kom\\u00e1rom-Esztergom\",\"NO\":\"N\\u00f3gr\\u00e1d\",\"PE\":\"Pest\",\"SO\":\"Somogy\",\"SZ\":\"Szabolcs-Szatm\\u00e1r-Bereg\",\"TO\":\"Tolna\",\"VA\":\"Vas\",\"VE\":\"Veszpr\\u00e9m\",\"ZA\":\"Zala\"},\"ID\":{\"AC\":\"Daerah Istimewa Aceh\",\"SU\":\"Sumatera Utara\",\"SB\":\"Sumatera Barat\",\"RI\":\"Riau\",\"KR\":\"Kepulauan Riau\",\"JA\":\"Jambi\",\"SS\":\"Sumatera Selatan\",\"BB\":\"Bangka Belitung\",\"BE\":\"Bengkulu\",\"LA\":\"Lampung\",\"JK\":\"DKI Jakarta\",\"JB\":\"Jawa Barat\",\"BT\":\"Banten\",\"JT\":\"Jawa Tengah\",\"JI\":\"Jawa Timur\",\"YO\":\"Daerah Istimewa Yogyakarta\",\"BA\":\"Bali\",\"NB\":\"Nusa Tenggara Barat\",\"NT\":\"Nusa Tenggara Timur\",\"KB\":\"Kalimantan Barat\",\"KT\":\"Kalimantan Tengah\",\"KI\":\"Kalimantan Timur\",\"KS\":\"Kalimantan Selatan\",\"KU\":\"Kalimantan Utara\",\"SA\":\"Sulawesi Utara\",\"ST\":\"Sulawesi Tengah\",\"SG\":\"Sulawesi Tenggara\",\"SR\":\"Sulawesi Barat\",\"SN\":\"Sulawesi Selatan\",\"GO\":\"Gorontalo\",\"MA\":\"Maluku\",\"MU\":\"Maluku Utara\",\"PA\":\"Papua\",\"PB\":\"Papua Barat\"},\"IE\":{\"CW\":\"Carlow\",\"CN\":\"Cavan\",\"CE\":\"Clare\",\"CO\":\"Cork\",\"DL\":\"Donegal\",\"D\":\"Dublin\",\"G\":\"Galway\",\"KY\":\"Kerry\",\"KE\":\"Kildare\",\"KK\":\"Kilkenny\",\"LS\":\"Laois\",\"LM\":\"Leitrim\",\"LK\":\"Limerick\",\"LD\":\"Longford\",\"LH\":\"Louth\",\"MO\":\"Mayo\",\"MH\":\"Meath\",\"MN\":\"Monaghan\",\"OY\":\"Offaly\",\"RN\":\"Roscommon\",\"SO\":\"Sligo\",\"TA\":\"Tipperary\",\"WD\":\"Waterford\",\"WH\":\"Westmeath\",\"WX\":\"Wexford\",\"WW\":\"Wicklow\"},\"IN\":{\"AP\":\"Andhra Pradesh\",\"AR\":\"Arunachal Pradesh\",\"AS\":\"Assam\",\"BR\":\"Bihar\",\"CT\":\"Chhattisgarh\",\"GA\":\"Goa\",\"GJ\":\"Gujarat\",\"HR\":\"Haryana\",\"HP\":\"Himachal Pradesh\",\"JK\":\"Jammu and Kashmir\",\"JH\":\"Jharkhand\",\"KA\":\"Karnataka\",\"KL\":\"Kerala\",\"LA\":\"Ladakh\",\"MP\":\"Madhya Pradesh\",\"MH\":\"Maharashtra\",\"MN\":\"Manipur\",\"ML\":\"Meghalaya\",\"MZ\":\"Mizoram\",\"NL\":\"Nagaland\",\"OR\":\"Odisha\",\"PB\":\"Punjab\",\"RJ\":\"Rajasthan\",\"SK\":\"Sikkim\",\"TN\":\"Tamil Nadu\",\"TS\":\"Telangana\",\"TR\":\"Tripura\",\"UK\":\"Uttarakhand\",\"UP\":\"Uttar Pradesh\",\"WB\":\"West Bengal\",\"AN\":\"Andaman and Nicobar Islands\",\"CH\":\"Chandigarh\",\"DN\":\"Dadra and Nagar Haveli\",\"DD\":\"Daman and Diu\",\"DL\":\"Delhi\",\"LD\":\"Lakshadeep\",\"PY\":\"Pondicherry (Puducherry)\"},\"IR\":{\"KHZ\":\"Khuzestan (\\u062e\\u0648\\u0632\\u0633\\u062a\\u0627\\u0646)\",\"THR\":\"Tehran (\\u062a\\u0647\\u0631\\u0627\\u0646)\",\"ILM\":\"Ilaam (\\u0627\\u06cc\\u0644\\u0627\\u0645)\",\"BHR\":\"Bushehr (\\u0628\\u0648\\u0634\\u0647\\u0631)\",\"ADL\":\"Ardabil (\\u0627\\u0631\\u062f\\u0628\\u06cc\\u0644)\",\"ESF\":\"Isfahan (\\u0627\\u0635\\u0641\\u0647\\u0627\\u0646)\",\"YZD\":\"Yazd (\\u06cc\\u0632\\u062f)\",\"KRH\":\"Kermanshah (\\u06a9\\u0631\\u0645\\u0627\\u0646\\u0634\\u0627\\u0647)\",\"KRN\":\"Kerman (\\u06a9\\u0631\\u0645\\u0627\\u0646)\",\"HDN\":\"Hamadan (\\u0647\\u0645\\u062f\\u0627\\u0646)\",\"GZN\":\"Ghazvin (\\u0642\\u0632\\u0648\\u06cc\\u0646)\",\"ZJN\":\"Zanjan (\\u0632\\u0646\\u062c\\u0627\\u0646)\",\"LRS\":\"Luristan (\\u0644\\u0631\\u0633\\u062a\\u0627\\u0646)\",\"ABZ\":\"Alborz (\\u0627\\u0644\\u0628\\u0631\\u0632)\",\"EAZ\":\"East Azarbaijan (\\u0622\\u0630\\u0631\\u0628\\u0627\\u06cc\\u062c\\u0627\\u0646 \\u0634\\u0631\\u0642\\u06cc)\",\"WAZ\":\"West Azarbaijan (\\u0622\\u0630\\u0631\\u0628\\u0627\\u06cc\\u062c\\u0627\\u0646 \\u063a\\u0631\\u0628\\u06cc)\",\"CHB\":\"Chaharmahal and Bakhtiari (\\u0686\\u0647\\u0627\\u0631\\u0645\\u062d\\u0627\\u0644 \\u0648 \\u0628\\u062e\\u062a\\u06cc\\u0627\\u0631\\u06cc)\",\"SKH\":\"South Khorasan (\\u062e\\u0631\\u0627\\u0633\\u0627\\u0646 \\u062c\\u0646\\u0648\\u0628\\u06cc)\",\"RKH\":\"Razavi Khorasan (\\u062e\\u0631\\u0627\\u0633\\u0627\\u0646 \\u0631\\u0636\\u0648\\u06cc)\",\"NKH\":\"North Khorasan (\\u062e\\u0631\\u0627\\u0633\\u0627\\u0646 \\u0634\\u0645\\u0627\\u0644\\u06cc)\",\"SMN\":\"Semnan (\\u0633\\u0645\\u0646\\u0627\\u0646)\",\"FRS\":\"Fars (\\u0641\\u0627\\u0631\\u0633)\",\"QHM\":\"Qom (\\u0642\\u0645)\",\"KRD\":\"Kurdistan \\\/ \\u06a9\\u0631\\u062f\\u0633\\u062a\\u0627\\u0646)\",\"KBD\":\"Kohgiluyeh and BoyerAhmad (\\u06a9\\u0647\\u06af\\u06cc\\u0644\\u0648\\u06cc\\u06cc\\u0647 \\u0648 \\u0628\\u0648\\u06cc\\u0631\\u0627\\u062d\\u0645\\u062f)\",\"GLS\":\"Golestan (\\u06af\\u0644\\u0633\\u062a\\u0627\\u0646)\",\"GIL\":\"Gilan (\\u06af\\u06cc\\u0644\\u0627\\u0646)\",\"MZN\":\"Mazandaran (\\u0645\\u0627\\u0632\\u0646\\u062f\\u0631\\u0627\\u0646)\",\"MKZ\":\"Markazi (\\u0645\\u0631\\u06a9\\u0632\\u06cc)\",\"HRZ\":\"Hormozgan (\\u0647\\u0631\\u0645\\u0632\\u06af\\u0627\\u0646)\",\"SBN\":\"Sistan and Baluchestan (\\u0633\\u06cc\\u0633\\u062a\\u0627\\u0646 \\u0648 \\u0628\\u0644\\u0648\\u0686\\u0633\\u062a\\u0627\\u0646)\"},\"IS\":[],\"IT\":{\"AG\":\"Agrigento\",\"AL\":\"Alessandria\",\"AN\":\"Ancona\",\"AO\":\"Aosta\",\"AR\":\"Arezzo\",\"AP\":\"Ascoli Piceno\",\"AT\":\"Asti\",\"AV\":\"Avellino\",\"BA\":\"Bari\",\"BT\":\"Barletta-Andria-Trani\",\"BL\":\"Belluno\",\"BN\":\"Benevento\",\"BG\":\"Bergamo\",\"BI\":\"Biella\",\"BO\":\"Bologna\",\"BZ\":\"Bolzano\",\"BS\":\"Brescia\",\"BR\":\"Brindisi\",\"CA\":\"Cagliari\",\"CL\":\"Caltanissetta\",\"CB\":\"Campobasso\",\"CE\":\"Caserta\",\"CT\":\"Catania\",\"CZ\":\"Catanzaro\",\"CH\":\"Chieti\",\"CO\":\"Como\",\"CS\":\"Cosenza\",\"CR\":\"Cremona\",\"KR\":\"Crotone\",\"CN\":\"Cuneo\",\"EN\":\"Enna\",\"FM\":\"Fermo\",\"FE\":\"Ferrara\",\"FI\":\"Firenze\",\"FG\":\"Foggia\",\"FC\":\"Forl\\u00ec-Cesena\",\"FR\":\"Frosinone\",\"GE\":\"Genova\",\"GO\":\"Gorizia\",\"GR\":\"Grosseto\",\"IM\":\"Imperia\",\"IS\":\"Isernia\",\"SP\":\"La Spezia\",\"AQ\":\"L'Aquila\",\"LT\":\"Latina\",\"LE\":\"Lecce\",\"LC\":\"Lecco\",\"LI\":\"Livorno\",\"LO\":\"Lodi\",\"LU\":\"Lucca\",\"MC\":\"Macerata\",\"MN\":\"Mantova\",\"MS\":\"Massa-Carrara\",\"MT\":\"Matera\",\"ME\":\"Messina\",\"MI\":\"Milano\",\"MO\":\"Modena\",\"MB\":\"Monza e della Brianza\",\"NA\":\"Napoli\",\"NO\":\"Novara\",\"NU\":\"Nuoro\",\"OR\":\"Oristano\",\"PD\":\"Padova\",\"PA\":\"Palermo\",\"PR\":\"Parma\",\"PV\":\"Pavia\",\"PG\":\"Perugia\",\"PU\":\"Pesaro e Urbino\",\"PE\":\"Pescara\",\"PC\":\"Piacenza\",\"PI\":\"Pisa\",\"PT\":\"Pistoia\",\"PN\":\"Pordenone\",\"PZ\":\"Potenza\",\"PO\":\"Prato\",\"RG\":\"Ragusa\",\"RA\":\"Ravenna\",\"RC\":\"Reggio Calabria\",\"RE\":\"Reggio Emilia\",\"RI\":\"Rieti\",\"RN\":\"Rimini\",\"RM\":\"Roma\",\"RO\":\"Rovigo\",\"SA\":\"Salerno\",\"SS\":\"Sassari\",\"SV\":\"Savona\",\"SI\":\"Siena\",\"SR\":\"Siracusa\",\"SO\":\"Sondrio\",\"SU\":\"Sud Sardegna\",\"TA\":\"Taranto\",\"TE\":\"Teramo\",\"TR\":\"Terni\",\"TO\":\"Torino\",\"TP\":\"Trapani\",\"TN\":\"Trento\",\"TV\":\"Treviso\",\"TS\":\"Trieste\",\"UD\":\"Udine\",\"VA\":\"Varese\",\"VE\":\"Venezia\",\"VB\":\"Verbano-Cusio-Ossola\",\"VC\":\"Vercelli\",\"VR\":\"Verona\",\"VV\":\"Vibo Valentia\",\"VI\":\"Vicenza\",\"VT\":\"Viterbo\"},\"IL\":[],\"IM\":[],\"JM\":{\"JM-01\":\"Kingston\",\"JM-02\":\"Saint Andrew\",\"JM-03\":\"Saint Thomas\",\"JM-04\":\"Portland\",\"JM-05\":\"Saint Mary\",\"JM-06\":\"Saint Ann\",\"JM-07\":\"Trelawny\",\"JM-08\":\"Saint James\",\"JM-09\":\"Hanover\",\"JM-10\":\"Westmoreland\",\"JM-11\":\"Saint Elizabeth\",\"JM-12\":\"Manchester\",\"JM-13\":\"Clarendon\",\"JM-14\":\"Saint Catherine\"},\"JP\":{\"JP01\":\"Hokkaido\",\"JP02\":\"Aomori\",\"JP03\":\"Iwate\",\"JP04\":\"Miyagi\",\"JP05\":\"Akita\",\"JP06\":\"Yamagata\",\"JP07\":\"Fukushima\",\"JP08\":\"Ibaraki\",\"JP09\":\"Tochigi\",\"JP10\":\"Gunma\",\"JP11\":\"Saitama\",\"JP12\":\"Chiba\",\"JP13\":\"Tokyo\",\"JP14\":\"Kanagawa\",\"JP15\":\"Niigata\",\"JP16\":\"Toyama\",\"JP17\":\"Ishikawa\",\"JP18\":\"Fukui\",\"JP19\":\"Yamanashi\",\"JP20\":\"Nagano\",\"JP21\":\"Gifu\",\"JP22\":\"Shizuoka\",\"JP23\":\"Aichi\",\"JP24\":\"Mie\",\"JP25\":\"Shiga\",\"JP26\":\"Kyoto\",\"JP27\":\"Osaka\",\"JP28\":\"Hyogo\",\"JP29\":\"Nara\",\"JP30\":\"Wakayama\",\"JP31\":\"Tottori\",\"JP32\":\"Shimane\",\"JP33\":\"Okayama\",\"JP34\":\"Hiroshima\",\"JP35\":\"Yamaguchi\",\"JP36\":\"Tokushima\",\"JP37\":\"Kagawa\",\"JP38\":\"Ehime\",\"JP39\":\"Kochi\",\"JP40\":\"Fukuoka\",\"JP41\":\"Saga\",\"JP42\":\"Nagasaki\",\"JP43\":\"Kumamoto\",\"JP44\":\"Oita\",\"JP45\":\"Miyazaki\",\"JP46\":\"Kagoshima\",\"JP47\":\"Okinawa\"},\"KE\":{\"KE01\":\"Baringo\",\"KE02\":\"Bomet\",\"KE03\":\"Bungoma\",\"KE04\":\"Busia\",\"KE05\":\"Elgeyo-Marakwet\",\"KE06\":\"Embu\",\"KE07\":\"Garissa\",\"KE08\":\"Homa Bay\",\"KE09\":\"Isiolo\",\"KE10\":\"Kajiado\",\"KE11\":\"Kakamega\",\"KE12\":\"Kericho\",\"KE13\":\"Kiambu\",\"KE14\":\"Kilifi\",\"KE15\":\"Kirinyaga\",\"KE16\":\"Kisii\",\"KE17\":\"Kisumu\",\"KE18\":\"Kitui\",\"KE19\":\"Kwale\",\"KE20\":\"Laikipia\",\"KE21\":\"Lamu\",\"KE22\":\"Machakos\",\"KE23\":\"Makueni\",\"KE24\":\"Mandera\",\"KE25\":\"Marsabit\",\"KE26\":\"Meru\",\"KE27\":\"Migori\",\"KE28\":\"Mombasa\",\"KE29\":\"Murang\\u2019a\",\"KE30\":\"Nairobi County\",\"KE31\":\"Nakuru\",\"KE32\":\"Nandi\",\"KE33\":\"Narok\",\"KE34\":\"Nyamira\",\"KE35\":\"Nyandarua\",\"KE36\":\"Nyeri\",\"KE37\":\"Samburu\",\"KE38\":\"Siaya\",\"KE39\":\"Taita-Taveta\",\"KE40\":\"Tana River\",\"KE41\":\"Tharaka-Nithi\",\"KE42\":\"Trans Nzoia\",\"KE43\":\"Turkana\",\"KE44\":\"Uasin Gishu\",\"KE45\":\"Vihiga\",\"KE46\":\"Wajir\",\"KE47\":\"West Pokot\"},\"KR\":[],\"KW\":[],\"LA\":{\"AT\":\"Attapeu\",\"BK\":\"Bokeo\",\"BL\":\"Bolikhamsai\",\"CH\":\"Champasak\",\"HO\":\"Houaphanh\",\"KH\":\"Khammouane\",\"LM\":\"Luang Namtha\",\"LP\":\"Luang Prabang\",\"OU\":\"Oudomxay\",\"PH\":\"Phongsaly\",\"SL\":\"Salavan\",\"SV\":\"Savannakhet\",\"VI\":\"Vientiane Province\",\"VT\":\"Vientiane\",\"XA\":\"Sainyabuli\",\"XE\":\"Sekong\",\"XI\":\"Xiangkhouang\",\"XS\":\"Xaisomboun\"},\"LB\":[],\"LI\":[],\"LR\":{\"BM\":\"Bomi\",\"BN\":\"Bong\",\"GA\":\"Gbarpolu\",\"GB\":\"Grand Bassa\",\"GC\":\"Grand Cape Mount\",\"GG\":\"Grand Gedeh\",\"GK\":\"Grand Kru\",\"LO\":\"Lofa\",\"MA\":\"Margibi\",\"MY\":\"Maryland\",\"MO\":\"Montserrado\",\"NM\":\"Nimba\",\"RV\":\"Rivercess\",\"RG\":\"River Gee\",\"SN\":\"Sinoe\"},\"LU\":[],\"MD\":{\"C\":\"Chi\\u0219in\\u0103u\",\"BL\":\"B\\u0103l\\u021bi\",\"AN\":\"Anenii Noi\",\"BS\":\"Basarabeasca\",\"BR\":\"Briceni\",\"CH\":\"Cahul\",\"CT\":\"Cantemir\",\"CL\":\"C\\u0103l\\u0103ra\\u0219i\",\"CS\":\"C\\u0103u\\u0219eni\",\"CM\":\"Cimi\\u0219lia\",\"CR\":\"Criuleni\",\"DN\":\"Dondu\\u0219eni\",\"DR\":\"Drochia\",\"DB\":\"Dub\\u0103sari\",\"ED\":\"Edine\\u021b\",\"FL\":\"F\\u0103le\\u0219ti\",\"FR\":\"Flore\\u0219ti\",\"GE\":\"UTA G\\u0103g\\u0103uzia\",\"GL\":\"Glodeni\",\"HN\":\"H\\u00eence\\u0219ti\",\"IL\":\"Ialoveni\",\"LV\":\"Leova\",\"NS\":\"Nisporeni\",\"OC\":\"Ocni\\u021ba\",\"OR\":\"Orhei\",\"RZ\":\"Rezina\",\"RS\":\"R\\u00ee\\u0219cani\",\"SG\":\"S\\u00eengerei\",\"SR\":\"Soroca\",\"ST\":\"Str\\u0103\\u0219eni\",\"SD\":\"\\u0218old\\u0103ne\\u0219ti\",\"SV\":\"\\u0218tefan Vod\\u0103\",\"TR\":\"Taraclia\",\"TL\":\"Telene\\u0219ti\",\"UN\":\"Ungheni\"},\"MF\":[],\"MQ\":[],\"MT\":[],\"MX\":{\"DF\":\"Ciudad de M\\u00e9xico\",\"JA\":\"Jalisco\",\"NL\":\"Nuevo Le\\u00f3n\",\"AG\":\"Aguascalientes\",\"BC\":\"Baja California\",\"BS\":\"Baja California Sur\",\"CM\":\"Campeche\",\"CS\":\"Chiapas\",\"CH\":\"Chihuahua\",\"CO\":\"Coahuila\",\"CL\":\"Colima\",\"DG\":\"Durango\",\"GT\":\"Guanajuato\",\"GR\":\"Guerrero\",\"HG\":\"Hidalgo\",\"MX\":\"Estado de M\\u00e9xico\",\"MI\":\"Michoac\\u00e1n\",\"MO\":\"Morelos\",\"NA\":\"Nayarit\",\"OA\":\"Oaxaca\",\"PU\":\"Puebla\",\"QT\":\"Quer\\u00e9taro\",\"QR\":\"Quintana Roo\",\"SL\":\"San Luis Potos\\u00ed\",\"SI\":\"Sinaloa\",\"SO\":\"Sonora\",\"TB\":\"Tabasco\",\"TM\":\"Tamaulipas\",\"TL\":\"Tlaxcala\",\"VE\":\"Veracruz\",\"YU\":\"Yucat\\u00e1n\",\"ZA\":\"Zacatecas\"},\"MY\":{\"JHR\":\"Johor\",\"KDH\":\"Kedah\",\"KTN\":\"Kelantan\",\"LBN\":\"Labuan\",\"MLK\":\"Malacca (Melaka)\",\"NSN\":\"Negeri Sembilan\",\"PHG\":\"Pahang\",\"PNG\":\"Penang (Pulau Pinang)\",\"PRK\":\"Perak\",\"PLS\":\"Perlis\",\"SBH\":\"Sabah\",\"SWK\":\"Sarawak\",\"SGR\":\"Selangor\",\"TRG\":\"Terengganu\",\"PJY\":\"Putrajaya\",\"KUL\":\"Kuala Lumpur\"},\"MZ\":{\"MZP\":\"Cabo Delgado\",\"MZG\":\"Gaza\",\"MZI\":\"Inhambane\",\"MZB\":\"Manica\",\"MZL\":\"Maputo Province\",\"MZMPM\":\"Maputo\",\"MZN\":\"Nampula\",\"MZA\":\"Niassa\",\"MZS\":\"Sofala\",\"MZT\":\"Tete\",\"MZQ\":\"Zamb\\u00e9zia\"},\"NA\":{\"ER\":\"Erongo\",\"HA\":\"Hardap\",\"KA\":\"Karas\",\"KE\":\"Kavango East\",\"KW\":\"Kavango West\",\"KH\":\"Khomas\",\"KU\":\"Kunene\",\"OW\":\"Ohangwena\",\"OH\":\"Omaheke\",\"OS\":\"Omusati\",\"ON\":\"Oshana\",\"OT\":\"Oshikoto\",\"OD\":\"Otjozondjupa\",\"CA\":\"Zambezi\"},\"NG\":{\"AB\":\"Abia\",\"FC\":\"Abuja\",\"AD\":\"Adamawa\",\"AK\":\"Akwa Ibom\",\"AN\":\"Anambra\",\"BA\":\"Bauchi\",\"BY\":\"Bayelsa\",\"BE\":\"Benue\",\"BO\":\"Borno\",\"CR\":\"Cross River\",\"DE\":\"Delta\",\"EB\":\"Ebonyi\",\"ED\":\"Edo\",\"EK\":\"Ekiti\",\"EN\":\"Enugu\",\"GO\":\"Gombe\",\"IM\":\"Imo\",\"JI\":\"Jigawa\",\"KD\":\"Kaduna\",\"KN\":\"Kano\",\"KT\":\"Katsina\",\"KE\":\"Kebbi\",\"KO\":\"Kogi\",\"KW\":\"Kwara\",\"LA\":\"Lagos\",\"NA\":\"Nasarawa\",\"NI\":\"Niger\",\"OG\":\"Ogun\",\"ON\":\"Ondo\",\"OS\":\"Osun\",\"OY\":\"Oyo\",\"PL\":\"Plateau\",\"RI\":\"Rivers\",\"SO\":\"Sokoto\",\"TA\":\"Taraba\",\"YO\":\"Yobe\",\"ZA\":\"Zamfara\"},\"NL\":[],\"NO\":[],\"NP\":{\"BAG\":\"Bagmati\",\"BHE\":\"Bheri\",\"DHA\":\"Dhaulagiri\",\"GAN\":\"Gandaki\",\"JAN\":\"Janakpur\",\"KAR\":\"Karnali\",\"KOS\":\"Koshi\",\"LUM\":\"Lumbini\",\"MAH\":\"Mahakali\",\"MEC\":\"Mechi\",\"NAR\":\"Narayani\",\"RAP\":\"Rapti\",\"SAG\":\"Sagarmatha\",\"SET\":\"Seti\"},\"NI\":{\"NI-AN\":\"Atl\\u00e1ntico Norte\",\"NI-AS\":\"Atl\\u00e1ntico Sur\",\"NI-BO\":\"Boaco\",\"NI-CA\":\"Carazo\",\"NI-CI\":\"Chinandega\",\"NI-CO\":\"Chontales\",\"NI-ES\":\"Estel\\u00ed\",\"NI-GR\":\"Granada\",\"NI-JI\":\"Jinotega\",\"NI-LE\":\"Le\\u00f3n\",\"NI-MD\":\"Madriz\",\"NI-MN\":\"Managua\",\"NI-MS\":\"Masaya\",\"NI-MT\":\"Matagalpa\",\"NI-NS\":\"Nueva Segovia\",\"NI-RI\":\"Rivas\",\"NI-SJ\":\"R\\u00edo San Juan\"},\"NZ\":{\"NTL\":\"Northland\",\"AUK\":\"Auckland\",\"WKO\":\"Waikato\",\"BOP\":\"Bay of Plenty\",\"TKI\":\"Taranaki\",\"GIS\":\"Gisborne\",\"HKB\":\"Hawke\\u2019s Bay\",\"MWT\":\"Manawatu-Wanganui\",\"WGN\":\"Wellington\",\"NSN\":\"Nelson\",\"MBH\":\"Marlborough\",\"TAS\":\"Tasman\",\"WTC\":\"West Coast\",\"CAN\":\"Canterbury\",\"OTA\":\"Otago\",\"STL\":\"Southland\"},\"PA\":{\"PA-1\":\"Bocas del Toro\",\"PA-2\":\"Cocl\\u00e9\",\"PA-3\":\"Col\\u00f3n\",\"PA-4\":\"Chiriqu\\u00ed\",\"PA-5\":\"Dari\\u00e9n\",\"PA-6\":\"Herrera\",\"PA-7\":\"Los Santos\",\"PA-8\":\"Panam\\u00e1\",\"PA-9\":\"Veraguas\",\"PA-10\":\"West Panam\\u00e1\",\"PA-EM\":\"Ember\\u00e1\",\"PA-KY\":\"Guna Yala\",\"PA-NB\":\"Ng\\u00f6be-Bugl\\u00e9\"},\"PE\":{\"CAL\":\"El Callao\",\"LMA\":\"Municipalidad Metropolitana de Lima\",\"AMA\":\"Amazonas\",\"ANC\":\"Ancash\",\"APU\":\"Apur\\u00edmac\",\"ARE\":\"Arequipa\",\"AYA\":\"Ayacucho\",\"CAJ\":\"Cajamarca\",\"CUS\":\"Cusco\",\"HUV\":\"Huancavelica\",\"HUC\":\"Hu\\u00e1nuco\",\"ICA\":\"Ica\",\"JUN\":\"Jun\\u00edn\",\"LAL\":\"La Libertad\",\"LAM\":\"Lambayeque\",\"LIM\":\"Lima\",\"LOR\":\"Loreto\",\"MDD\":\"Madre de Dios\",\"MOQ\":\"Moquegua\",\"PAS\":\"Pasco\",\"PIU\":\"Piura\",\"PUN\":\"Puno\",\"SAM\":\"San Mart\\u00edn\",\"TAC\":\"Tacna\",\"TUM\":\"Tumbes\",\"UCA\":\"Ucayali\"},\"PH\":{\"ABR\":\"Abra\",\"AGN\":\"Agusan del Norte\",\"AGS\":\"Agusan del Sur\",\"AKL\":\"Aklan\",\"ALB\":\"Albay\",\"ANT\":\"Antique\",\"APA\":\"Apayao\",\"AUR\":\"Aurora\",\"BAS\":\"Basilan\",\"BAN\":\"Bataan\",\"BTN\":\"Batanes\",\"BTG\":\"Batangas\",\"BEN\":\"Benguet\",\"BIL\":\"Biliran\",\"BOH\":\"Bohol\",\"BUK\":\"Bukidnon\",\"BUL\":\"Bulacan\",\"CAG\":\"Cagayan\",\"CAN\":\"Camarines Norte\",\"CAS\":\"Camarines Sur\",\"CAM\":\"Camiguin\",\"CAP\":\"Capiz\",\"CAT\":\"Catanduanes\",\"CAV\":\"Cavite\",\"CEB\":\"Cebu\",\"COM\":\"Compostela Valley\",\"NCO\":\"Cotabato\",\"DAV\":\"Davao del Norte\",\"DAS\":\"Davao del Sur\",\"DAC\":\"Davao Occidental\",\"DAO\":\"Davao Oriental\",\"DIN\":\"Dinagat Islands\",\"EAS\":\"Eastern Samar\",\"GUI\":\"Guimaras\",\"IFU\":\"Ifugao\",\"ILN\":\"Ilocos Norte\",\"ILS\":\"Ilocos Sur\",\"ILI\":\"Iloilo\",\"ISA\":\"Isabela\",\"KAL\":\"Kalinga\",\"LUN\":\"La Union\",\"LAG\":\"Laguna\",\"LAN\":\"Lanao del Norte\",\"LAS\":\"Lanao del Sur\",\"LEY\":\"Leyte\",\"MAG\":\"Maguindanao\",\"MAD\":\"Marinduque\",\"MAS\":\"Masbate\",\"MSC\":\"Misamis Occidental\",\"MSR\":\"Misamis Oriental\",\"MOU\":\"Mountain Province\",\"NEC\":\"Negros Occidental\",\"NER\":\"Negros Oriental\",\"NSA\":\"Northern Samar\",\"NUE\":\"Nueva Ecija\",\"NUV\":\"Nueva Vizcaya\",\"MDC\":\"Occidental Mindoro\",\"MDR\":\"Oriental Mindoro\",\"PLW\":\"Palawan\",\"PAM\":\"Pampanga\",\"PAN\":\"Pangasinan\",\"QUE\":\"Quezon\",\"QUI\":\"Quirino\",\"RIZ\":\"Rizal\",\"ROM\":\"Romblon\",\"WSA\":\"Samar\",\"SAR\":\"Sarangani\",\"SIQ\":\"Siquijor\",\"SOR\":\"Sorsogon\",\"SCO\":\"South Cotabato\",\"SLE\":\"Southern Leyte\",\"SUK\":\"Sultan Kudarat\",\"SLU\":\"Sulu\",\"SUN\":\"Surigao del Norte\",\"SUR\":\"Surigao del Sur\",\"TAR\":\"Tarlac\",\"TAW\":\"Tawi-Tawi\",\"ZMB\":\"Zambales\",\"ZAN\":\"Zamboanga del Norte\",\"ZAS\":\"Zamboanga del Sur\",\"ZSI\":\"Zamboanga Sibugay\",\"00\":\"Metro Manila\"},\"PK\":{\"JK\":\"Azad Kashmir\",\"BA\":\"Balochistan\",\"TA\":\"FATA\",\"GB\":\"Gilgit Baltistan\",\"IS\":\"Islamabad Capital Territory\",\"KP\":\"Khyber Pakhtunkhwa\",\"PB\":\"Punjab\",\"SD\":\"Sindh\"},\"PL\":[],\"PR\":[],\"PT\":[],\"PY\":{\"PY-ASU\":\"Asunci\\u00f3n\",\"PY-1\":\"Concepci\\u00f3n\",\"PY-2\":\"San Pedro\",\"PY-3\":\"Cordillera\",\"PY-4\":\"Guair\\u00e1\",\"PY-5\":\"Caaguaz\\u00fa\",\"PY-6\":\"Caazap\\u00e1\",\"PY-7\":\"Itap\\u00faa\",\"PY-8\":\"Misiones\",\"PY-9\":\"Paraguar\\u00ed\",\"PY-10\":\"Alto Paran\\u00e1\",\"PY-11\":\"Central\",\"PY-12\":\"\\u00d1eembuc\\u00fa\",\"PY-13\":\"Amambay\",\"PY-14\":\"Canindey\\u00fa\",\"PY-15\":\"Presidente Hayes\",\"PY-16\":\"Alto Paraguay\",\"PY-17\":\"Boquer\\u00f3n\"},\"RE\":[],\"RO\":{\"AB\":\"Alba\",\"AR\":\"Arad\",\"AG\":\"Arge\\u0219\",\"BC\":\"Bac\\u0103u\",\"BH\":\"Bihor\",\"BN\":\"Bistri\\u021ba-N\\u0103s\\u0103ud\",\"BT\":\"Boto\\u0219ani\",\"BR\":\"Br\\u0103ila\",\"BV\":\"Bra\\u0219ov\",\"B\":\"Bucure\\u0219ti\",\"BZ\":\"Buz\\u0103u\",\"CL\":\"C\\u0103l\\u0103ra\\u0219i\",\"CS\":\"Cara\\u0219-Severin\",\"CJ\":\"Cluj\",\"CT\":\"Constan\\u021ba\",\"CV\":\"Covasna\",\"DB\":\"D\\u00e2mbovi\\u021ba\",\"DJ\":\"Dolj\",\"GL\":\"Gala\\u021bi\",\"GR\":\"Giurgiu\",\"GJ\":\"Gorj\",\"HR\":\"Harghita\",\"HD\":\"Hunedoara\",\"IL\":\"Ialomi\\u021ba\",\"IS\":\"Ia\\u0219i\",\"IF\":\"Ilfov\",\"MM\":\"Maramure\\u0219\",\"MH\":\"Mehedin\\u021bi\",\"MS\":\"Mure\\u0219\",\"NT\":\"Neam\\u021b\",\"OT\":\"Olt\",\"PH\":\"Prahova\",\"SJ\":\"S\\u0103laj\",\"SM\":\"Satu Mare\",\"SB\":\"Sibiu\",\"SV\":\"Suceava\",\"TR\":\"Teleorman\",\"TM\":\"Timi\\u0219\",\"TL\":\"Tulcea\",\"VL\":\"V\\u00e2lcea\",\"VS\":\"Vaslui\",\"VN\":\"Vrancea\"},\"SN\":{\"SNDB\":\"Diourbel\",\"SNDK\":\"Dakar\",\"SNFK\":\"Fatick\",\"SNKA\":\"Kaffrine\",\"SNKD\":\"Kolda\",\"SNKE\":\"K\\u00e9dougou\",\"SNKL\":\"Kaolack\",\"SNLG\":\"Louga\",\"SNMT\":\"Matam\",\"SNSE\":\"S\\u00e9dhiou\",\"SNSL\":\"Saint-Louis\",\"SNTC\":\"Tambacounda\",\"SNTH\":\"Thi\\u00e8s\",\"SNZG\":\"Ziguinchor\"},\"SG\":[],\"SK\":[],\"SI\":[],\"SV\":{\"SV-AH\":\"Ahuachap\\u00e1n\",\"SV-CA\":\"Caba\\u00f1as\",\"SV-CH\":\"Chalatenango\",\"SV-CU\":\"Cuscatl\\u00e1n\",\"SV-LI\":\"La Libertad\",\"SV-MO\":\"Moraz\\u00e1n\",\"SV-PA\":\"La Paz\",\"SV-SA\":\"Santa Ana\",\"SV-SM\":\"San Miguel\",\"SV-SO\":\"Sonsonate\",\"SV-SS\":\"San Salvador\",\"SV-SV\":\"San Vicente\",\"SV-UN\":\"La Uni\\u00f3n\",\"SV-US\":\"Usulut\\u00e1n\"},\"TH\":{\"TH-37\":\"Amnat Charoen\",\"TH-15\":\"Ang Thong\",\"TH-14\":\"Ayutthaya\",\"TH-10\":\"Bangkok\",\"TH-38\":\"Bueng Kan\",\"TH-31\":\"Buri Ram\",\"TH-24\":\"Chachoengsao\",\"TH-18\":\"Chai Nat\",\"TH-36\":\"Chaiyaphum\",\"TH-22\":\"Chanthaburi\",\"TH-50\":\"Chiang Mai\",\"TH-57\":\"Chiang Rai\",\"TH-20\":\"Chonburi\",\"TH-86\":\"Chumphon\",\"TH-46\":\"Kalasin\",\"TH-62\":\"Kamphaeng Phet\",\"TH-71\":\"Kanchanaburi\",\"TH-40\":\"Khon Kaen\",\"TH-81\":\"Krabi\",\"TH-52\":\"Lampang\",\"TH-51\":\"Lamphun\",\"TH-42\":\"Loei\",\"TH-16\":\"Lopburi\",\"TH-58\":\"Mae Hong Son\",\"TH-44\":\"Maha Sarakham\",\"TH-49\":\"Mukdahan\",\"TH-26\":\"Nakhon Nayok\",\"TH-73\":\"Nakhon Pathom\",\"TH-48\":\"Nakhon Phanom\",\"TH-30\":\"Nakhon Ratchasima\",\"TH-60\":\"Nakhon Sawan\",\"TH-80\":\"Nakhon Si Thammarat\",\"TH-55\":\"Nan\",\"TH-96\":\"Narathiwat\",\"TH-39\":\"Nong Bua Lam Phu\",\"TH-43\":\"Nong Khai\",\"TH-12\":\"Nonthaburi\",\"TH-13\":\"Pathum Thani\",\"TH-94\":\"Pattani\",\"TH-82\":\"Phang Nga\",\"TH-93\":\"Phatthalung\",\"TH-56\":\"Phayao\",\"TH-67\":\"Phetchabun\",\"TH-76\":\"Phetchaburi\",\"TH-66\":\"Phichit\",\"TH-65\":\"Phitsanulok\",\"TH-54\":\"Phrae\",\"TH-83\":\"Phuket\",\"TH-25\":\"Prachin Buri\",\"TH-77\":\"Prachuap Khiri Khan\",\"TH-85\":\"Ranong\",\"TH-70\":\"Ratchaburi\",\"TH-21\":\"Rayong\",\"TH-45\":\"Roi Et\",\"TH-27\":\"Sa Kaeo\",\"TH-47\":\"Sakon Nakhon\",\"TH-11\":\"Samut Prakan\",\"TH-74\":\"Samut Sakhon\",\"TH-75\":\"Samut Songkhram\",\"TH-19\":\"Saraburi\",\"TH-91\":\"Satun\",\"TH-17\":\"Sing Buri\",\"TH-33\":\"Sisaket\",\"TH-90\":\"Songkhla\",\"TH-64\":\"Sukhothai\",\"TH-72\":\"Suphan Buri\",\"TH-84\":\"Surat Thani\",\"TH-32\":\"Surin\",\"TH-63\":\"Tak\",\"TH-92\":\"Trang\",\"TH-23\":\"Trat\",\"TH-34\":\"Ubon Ratchathani\",\"TH-41\":\"Udon Thani\",\"TH-61\":\"Uthai Thani\",\"TH-53\":\"Uttaradit\",\"TH-95\":\"Yala\",\"TH-35\":\"Yasothon\"},\"TR\":{\"TR01\":\"Adana\",\"TR02\":\"Ad\\u0131yaman\",\"TR03\":\"Afyon\",\"TR04\":\"A\\u011fr\\u0131\",\"TR05\":\"Amasya\",\"TR06\":\"Ankara\",\"TR07\":\"Antalya\",\"TR08\":\"Artvin\",\"TR09\":\"Ayd\\u0131n\",\"TR10\":\"Bal\\u0131kesir\",\"TR11\":\"Bilecik\",\"TR12\":\"Bing\\u00f6l\",\"TR13\":\"Bitlis\",\"TR14\":\"Bolu\",\"TR15\":\"Burdur\",\"TR16\":\"Bursa\",\"TR17\":\"\\u00c7anakkale\",\"TR18\":\"\\u00c7ank\\u0131r\\u0131\",\"TR19\":\"\\u00c7orum\",\"TR20\":\"Denizli\",\"TR21\":\"Diyarbak\\u0131r\",\"TR22\":\"Edirne\",\"TR23\":\"Elaz\\u0131\\u011f\",\"TR24\":\"Erzincan\",\"TR25\":\"Erzurum\",\"TR26\":\"Eski\\u015fehir\",\"TR27\":\"Gaziantep\",\"TR28\":\"Giresun\",\"TR29\":\"G\\u00fcm\\u00fc\\u015fhane\",\"TR30\":\"Hakkari\",\"TR31\":\"Hatay\",\"TR32\":\"Isparta\",\"TR33\":\"\\u0130\\u00e7el\",\"TR34\":\"\\u0130stanbul\",\"TR35\":\"\\u0130zmir\",\"TR36\":\"Kars\",\"TR37\":\"Kastamonu\",\"TR38\":\"Kayseri\",\"TR39\":\"K\\u0131rklareli\",\"TR40\":\"K\\u0131r\\u015fehir\",\"TR41\":\"Kocaeli\",\"TR42\":\"Konya\",\"TR43\":\"K\\u00fctahya\",\"TR44\":\"Malatya\",\"TR45\":\"Manisa\",\"TR46\":\"Kahramanmara\\u015f\",\"TR47\":\"Mardin\",\"TR48\":\"Mu\\u011fla\",\"TR49\":\"Mu\\u015f\",\"TR50\":\"Nev\\u015fehir\",\"TR51\":\"Ni\\u011fde\",\"TR52\":\"Ordu\",\"TR53\":\"Rize\",\"TR54\":\"Sakarya\",\"TR55\":\"Samsun\",\"TR56\":\"Siirt\",\"TR57\":\"Sinop\",\"TR58\":\"Sivas\",\"TR59\":\"Tekirda\\u011f\",\"TR60\":\"Tokat\",\"TR61\":\"Trabzon\",\"TR62\":\"Tunceli\",\"TR63\":\"\\u015eanl\\u0131urfa\",\"TR64\":\"U\\u015fak\",\"TR65\":\"Van\",\"TR66\":\"Yozgat\",\"TR67\":\"Zonguldak\",\"TR68\":\"Aksaray\",\"TR69\":\"Bayburt\",\"TR70\":\"Karaman\",\"TR71\":\"K\\u0131r\\u0131kkale\",\"TR72\":\"Batman\",\"TR73\":\"\\u015e\\u0131rnak\",\"TR74\":\"Bart\\u0131n\",\"TR75\":\"Ardahan\",\"TR76\":\"I\\u011fd\\u0131r\",\"TR77\":\"Yalova\",\"TR78\":\"Karab\\u00fck\",\"TR79\":\"Kilis\",\"TR80\":\"Osmaniye\",\"TR81\":\"D\\u00fczce\"},\"TZ\":{\"TZ01\":\"Arusha\",\"TZ02\":\"Dar es Salaam\",\"TZ03\":\"Dodoma\",\"TZ04\":\"Iringa\",\"TZ05\":\"Kagera\",\"TZ06\":\"Pemba North\",\"TZ07\":\"Zanzibar North\",\"TZ08\":\"Kigoma\",\"TZ09\":\"Kilimanjaro\",\"TZ10\":\"Pemba South\",\"TZ11\":\"Zanzibar South\",\"TZ12\":\"Lindi\",\"TZ13\":\"Mara\",\"TZ14\":\"Mbeya\",\"TZ15\":\"Zanzibar West\",\"TZ16\":\"Morogoro\",\"TZ17\":\"Mtwara\",\"TZ18\":\"Mwanza\",\"TZ19\":\"Coast\",\"TZ20\":\"Rukwa\",\"TZ21\":\"Ruvuma\",\"TZ22\":\"Shinyanga\",\"TZ23\":\"Singida\",\"TZ24\":\"Tabora\",\"TZ25\":\"Tanga\",\"TZ26\":\"Manyara\",\"TZ27\":\"Geita\",\"TZ28\":\"Katavi\",\"TZ29\":\"Njombe\",\"TZ30\":\"Simiyu\"},\"LK\":[],\"RS\":{\"RS00\":\"Belgrade\",\"RS14\":\"Bor\",\"RS11\":\"Brani\\u010devo\",\"RS02\":\"Central Banat\",\"RS10\":\"Danube\",\"RS23\":\"Jablanica\",\"RS09\":\"Kolubara\",\"RS08\":\"Ma\\u010dva\",\"RS17\":\"Morava\",\"RS20\":\"Ni\\u0161ava\",\"RS01\":\"North Ba\\u010dka\",\"RS03\":\"North Banat\",\"RS24\":\"P\\u010dinja\",\"RS22\":\"Pirot\",\"RS13\":\"Pomoravlje\",\"RS19\":\"Rasina\",\"RS18\":\"Ra\\u0161ka\",\"RS06\":\"South Ba\\u010dka\",\"RS04\":\"South Banat\",\"RS07\":\"Srem\",\"RS12\":\"\\u0160umadija\",\"RS21\":\"Toplica\",\"RS05\":\"West Ba\\u010dka\",\"RS15\":\"Zaje\\u010dar\",\"RS16\":\"Zlatibor\",\"RS25\":\"Kosovo\",\"RS26\":\"Pe\\u0107\",\"RS27\":\"Prizren\",\"RS28\":\"Kosovska Mitrovica\",\"RS29\":\"Kosovo-Pomoravlje\",\"RSKM\":\"Kosovo-Metohija\",\"RSVO\":\"Vojvodina\"},\"SE\":[],\"UA\":{\"UA05\":\"Vinnychchyna\",\"UA07\":\"Volyn\",\"UA09\":\"Luhanshchyna\",\"UA12\":\"Dnipropetrovshchyna\",\"UA14\":\"Donechchyna\",\"UA18\":\"Zhytomyrshchyna\",\"UA21\":\"Zakarpattia\",\"UA23\":\"Zaporizhzhya\",\"UA26\":\"Prykarpattia\",\"UA30\":\"Kyiv\",\"UA32\":\"Kyivshchyna\",\"UA35\":\"Kirovohradschyna\",\"UA40\":\"Sevastopol\",\"UA43\":\"Crimea\",\"UA46\":\"Lvivshchyna\",\"UA48\":\"Mykolayivschyna\",\"UA51\":\"Odeshchyna\",\"UA53\":\"Poltavshchyna\",\"UA56\":\"Rivnenshchyna\",\"UA59\":\"Sumshchyna\",\"UA61\":\"Ternopilshchyna\",\"UA63\":\"Kharkivshchyna\",\"UA65\":\"Khersonshchyna\",\"UA68\":\"Khmelnychchyna\",\"UA71\":\"Cherkashchyna\",\"UA74\":\"Chernihivshchyna\",\"UA77\":\"Chernivtsi Oblast\"},\"UG\":{\"UG314\":\"Abim\",\"UG301\":\"Adjumani\",\"UG322\":\"Agago\",\"UG323\":\"Alebtong\",\"UG315\":\"Amolatar\",\"UG324\":\"Amudat\",\"UG216\":\"Amuria\",\"UG316\":\"Amuru\",\"UG302\":\"Apac\",\"UG303\":\"Arua\",\"UG217\":\"Budaka\",\"UG218\":\"Bududa\",\"UG201\":\"Bugiri\",\"UG235\":\"Bugweri\",\"UG420\":\"Buhweju\",\"UG117\":\"Buikwe\",\"UG219\":\"Bukedea\",\"UG118\":\"Bukomansimbi\",\"UG220\":\"Bukwa\",\"UG225\":\"Bulambuli\",\"UG416\":\"Buliisa\",\"UG401\":\"Bundibugyo\",\"UG430\":\"Bunyangabu\",\"UG402\":\"Bushenyi\",\"UG202\":\"Busia\",\"UG221\":\"Butaleja\",\"UG119\":\"Butambala\",\"UG233\":\"Butebo\",\"UG120\":\"Buvuma\",\"UG226\":\"Buyende\",\"UG317\":\"Dokolo\",\"UG121\":\"Gomba\",\"UG304\":\"Gulu\",\"UG403\":\"Hoima\",\"UG417\":\"Ibanda\",\"UG203\":\"Iganga\",\"UG418\":\"Isingiro\",\"UG204\":\"Jinja\",\"UG318\":\"Kaabong\",\"UG404\":\"Kabale\",\"UG405\":\"Kabarole\",\"UG213\":\"Kaberamaido\",\"UG427\":\"Kagadi\",\"UG428\":\"Kakumiro\",\"UG101\":\"Kalangala\",\"UG222\":\"Kaliro\",\"UG122\":\"Kalungu\",\"UG102\":\"Kampala\",\"UG205\":\"Kamuli\",\"UG413\":\"Kamwenge\",\"UG414\":\"Kanungu\",\"UG206\":\"Kapchorwa\",\"UG236\":\"Kapelebyong\",\"UG126\":\"Kasanda\",\"UG406\":\"Kasese\",\"UG207\":\"Katakwi\",\"UG112\":\"Kayunga\",\"UG407\":\"Kibaale\",\"UG103\":\"Kiboga\",\"UG227\":\"Kibuku\",\"UG432\":\"Kikuube\",\"UG419\":\"Kiruhura\",\"UG421\":\"Kiryandongo\",\"UG408\":\"Kisoro\",\"UG305\":\"Kitgum\",\"UG319\":\"Koboko\",\"UG325\":\"Kole\",\"UG306\":\"Kotido\",\"UG208\":\"Kumi\",\"UG333\":\"Kwania\",\"UG228\":\"Kween\",\"UG123\":\"Kyankwanzi\",\"UG422\":\"Kyegegwa\",\"UG415\":\"Kyenjojo\",\"UG125\":\"Kyotera\",\"UG326\":\"Lamwo\",\"UG307\":\"Lira\",\"UG229\":\"Luuka\",\"UG104\":\"Luwero\",\"UG124\":\"Lwengo\",\"UG114\":\"Lyantonde\",\"UG223\":\"Manafwa\",\"UG320\":\"Maracha\",\"UG105\":\"Masaka\",\"UG409\":\"Masindi\",\"UG214\":\"Mayuge\",\"UG209\":\"Mbale\",\"UG410\":\"Mbarara\",\"UG423\":\"Mitooma\",\"UG115\":\"Mityana\",\"UG308\":\"Moroto\",\"UG309\":\"Moyo\",\"UG106\":\"Mpigi\",\"UG107\":\"Mubende\",\"UG108\":\"Mukono\",\"UG334\":\"Nabilatuk\",\"UG311\":\"Nakapiripirit\",\"UG116\":\"Nakaseke\",\"UG109\":\"Nakasongola\",\"UG230\":\"Namayingo\",\"UG234\":\"Namisindwa\",\"UG224\":\"Namutumba\",\"UG327\":\"Napak\",\"UG310\":\"Nebbi\",\"UG231\":\"Ngora\",\"UG424\":\"Ntoroko\",\"UG411\":\"Ntungamo\",\"UG328\":\"Nwoya\",\"UG331\":\"Omoro\",\"UG329\":\"Otuke\",\"UG321\":\"Oyam\",\"UG312\":\"Pader\",\"UG332\":\"Pakwach\",\"UG210\":\"Pallisa\",\"UG110\":\"Rakai\",\"UG429\":\"Rubanda\",\"UG425\":\"Rubirizi\",\"UG431\":\"Rukiga\",\"UG412\":\"Rukungiri\",\"UG111\":\"Sembabule\",\"UG232\":\"Serere\",\"UG426\":\"Sheema\",\"UG215\":\"Sironko\",\"UG211\":\"Soroti\",\"UG212\":\"Tororo\",\"UG113\":\"Wakiso\",\"UG313\":\"Yumbe\",\"UG330\":\"Zombo\"},\"UM\":{\"81\":\"Baker Island\",\"84\":\"Howland Island\",\"86\":\"Jarvis Island\",\"67\":\"Johnston Atoll\",\"89\":\"Kingman Reef\",\"71\":\"Midway Atoll\",\"76\":\"Navassa Island\",\"95\":\"Palmyra Atoll\",\"79\":\"Wake Island\"},\"US\":{\"AL\":\"Alabama\",\"AK\":\"Alaska\",\"AZ\":\"Arizona\",\"AR\":\"Arkansas\",\"CA\":\"California\",\"CO\":\"Colorado\",\"CT\":\"Connecticut\",\"DE\":\"Delaware\",\"DC\":\"District Of Columbia\",\"FL\":\"Florida\",\"GA\":\"Georgia\",\"HI\":\"Hawaii\",\"ID\":\"Idaho\",\"IL\":\"Illinois\",\"IN\":\"Indiana\",\"IA\":\"Iowa\",\"KS\":\"Kansas\",\"KY\":\"Kentucky\",\"LA\":\"Louisiana\",\"ME\":\"Maine\",\"MD\":\"Maryland\",\"MA\":\"Massachusetts\",\"MI\":\"Michigan\",\"MN\":\"Minnesota\",\"MS\":\"Mississippi\",\"MO\":\"Missouri\",\"MT\":\"Montana\",\"NE\":\"Nebraska\",\"NV\":\"Nevada\",\"NH\":\"New Hampshire\",\"NJ\":\"New Jersey\",\"NM\":\"New Mexico\",\"NY\":\"New York\",\"NC\":\"North Carolina\",\"ND\":\"North Dakota\",\"OH\":\"Ohio\",\"OK\":\"Oklahoma\",\"OR\":\"Oregon\",\"PA\":\"Pennsylvania\",\"RI\":\"Rhode Island\",\"SC\":\"South Carolina\",\"SD\":\"South Dakota\",\"TN\":\"Tennessee\",\"TX\":\"Texas\",\"UT\":\"Utah\",\"VT\":\"Vermont\",\"VA\":\"Virginia\",\"WA\":\"Washington\",\"WV\":\"West Virginia\",\"WI\":\"Wisconsin\",\"WY\":\"Wyoming\",\"AA\":\"Armed Forces (AA)\",\"AE\":\"Armed Forces (AE)\",\"AP\":\"Armed Forces (AP)\"},\"UY\":{\"UY-AR\":\"Artigas\",\"UY-CA\":\"Canelones\",\"UY-CL\":\"Cerro Largo\",\"UY-CO\":\"Colonia\",\"UY-DU\":\"Durazno\",\"UY-FS\":\"Flores\",\"UY-FD\":\"Florida\",\"UY-LA\":\"Lavalleja\",\"UY-MA\":\"Maldonado\",\"UY-MO\":\"Montevideo\",\"UY-PA\":\"Paysand\\u00fa\",\"UY-RN\":\"R\\u00edo Negro\",\"UY-RV\":\"Rivera\",\"UY-RO\":\"Rocha\",\"UY-SA\":\"Salto\",\"UY-SJ\":\"San Jos\\u00e9\",\"UY-SO\":\"Soriano\",\"UY-TA\":\"Tacuaremb\\u00f3\",\"UY-TT\":\"Treinta y Tres\"},\"VE\":{\"VE-A\":\"Capital\",\"VE-B\":\"Anzo\\u00e1tegui\",\"VE-C\":\"Apure\",\"VE-D\":\"Aragua\",\"VE-E\":\"Barinas\",\"VE-F\":\"Bol\\u00edvar\",\"VE-G\":\"Carabobo\",\"VE-H\":\"Cojedes\",\"VE-I\":\"Falc\\u00f3n\",\"VE-J\":\"Gu\\u00e1rico\",\"VE-K\":\"Lara\",\"VE-L\":\"M\\u00e9rida\",\"VE-M\":\"Miranda\",\"VE-N\":\"Monagas\",\"VE-O\":\"Nueva Esparta\",\"VE-P\":\"Portuguesa\",\"VE-R\":\"Sucre\",\"VE-S\":\"T\\u00e1chira\",\"VE-T\":\"Trujillo\",\"VE-U\":\"Yaracuy\",\"VE-V\":\"Zulia\",\"VE-W\":\"Federal Dependencies\",\"VE-X\":\"La Guaira (Vargas)\",\"VE-Y\":\"Delta Amacuro\",\"VE-Z\":\"Amazonas\"},\"VN\":[],\"YT\":[],\"ZA\":{\"EC\":\"Eastern Cape\",\"FS\":\"Free State\",\"GP\":\"Gauteng\",\"KZN\":\"KwaZulu-Natal\",\"LP\":\"Limpopo\",\"MP\":\"Mpumalanga\",\"NC\":\"Northern Cape\",\"NW\":\"North West\",\"WC\":\"Western Cape\"},\"ZM\":{\"ZM-01\":\"Western\",\"ZM-02\":\"Central\",\"ZM-03\":\"Eastern\",\"ZM-04\":\"Luapula\",\"ZM-05\":\"Northern\",\"ZM-06\":\"North-Western\",\"ZM-07\":\"Southern\",\"ZM-08\":\"Copperbelt\",\"ZM-09\":\"Lusaka\",\"ZM-10\":\"Muchinga\"}}","i18n_select_state_text":"Select an option\u2026","i18n_no_matches":"No matches found","i18n_ajax_error":"Loading failed","i18n_input_too_short_1":"Please enter 1 or more characters","i18n_input_too_short_n":"Please enter %qty% or more characters","i18n_input_too_long_1":"Please delete 1 character","i18n_input_too_long_n":"Please delete %qty% characters","i18n_selection_too_long_1":"You can only select 1 item","i18n_selection_too_long_n":"You can only select %qty% items","i18n_load_more":"Loading more results\u2026","i18n_searching":"Searching\u2026"};
</script>
    <script id="wc-country-select-js" src="https://askomdch.com/wp-content/plugins/woocommerce/assets/js/frontend/country-select.min.js?ver=7.2.1"/>
    <script id="wc-address-i18n-js-extra">
var wc_address_i18n_params = {"locale":"{\"AE\":{\"postcode\":{\"required\":false,\"hidden\":true},\"state\":{\"required\":false}},\"AF\":{\"state\":{\"required\":false,\"hidden\":true}},\"AL\":{\"state\":{\"label\":\"County\"}},\"AO\":{\"postcode\":{\"required\":false,\"hidden\":true},\"state\":{\"label\":\"Province\"}},\"AT\":{\"postcode\":{\"priority\":65},\"state\":{\"required\":false,\"hidden\":true}},\"AU\":{\"city\":{\"label\":\"Suburb\"},\"postcode\":{\"label\":\"Postcode\"},\"state\":{\"label\":\"State\"}},\"AX\":{\"postcode\":{\"priority\":65},\"state\":{\"required\":false,\"hidden\":true}},\"BA\":{\"postcode\":{\"priority\":65},\"state\":{\"label\":\"Canton\",\"required\":false,\"hidden\":true}},\"BD\":{\"postcode\":{\"required\":false},\"state\":{\"label\":\"District\"}},\"BE\":{\"postcode\":{\"priority\":65},\"state\":{\"required\":false,\"hidden\":true}},\"BH\":{\"postcode\":{\"required\":false},\"state\":{\"required\":false,\"hidden\":true}},\"BI\":{\"state\":{\"required\":false,\"hidden\":true}},\"BO\":{\"postcode\":{\"required\":false,\"hidden\":true},\"state\":{\"label\":\"Department\"}},\"BS\":{\"postcode\":{\"required\":false,\"hidden\":true}},\"BZ\":{\"postcode\":{\"required\":false,\"hidden\":true},\"state\":{\"required\":false}},\"CA\":{\"postcode\":{\"label\":\"Postal code\"},\"state\":{\"label\":\"Province\"}},\"CH\":{\"postcode\":{\"priority\":65},\"state\":{\"label\":\"Canton\",\"required\":false}},\"CL\":{\"city\":{\"required\":true},\"postcode\":{\"required\":false},\"state\":{\"label\":\"Region\"}},\"CN\":{\"state\":{\"label\":\"Province\"}},\"CO\":{\"postcode\":{\"required\":false},\"state\":{\"label\":\"Department\"}},\"CR\":{\"state\":{\"label\":\"Province\"}},\"CW\":{\"postcode\":{\"required\":false,\"hidden\":true},\"state\":{\"required\":false}},\"CZ\":{\"state\":{\"required\":false,\"hidden\":true}},\"DE\":{\"postcode\":{\"priority\":65},\"state\":{\"required\":false,\"hidden\":true}},\"DK\":{\"postcode\":{\"priority\":65},\"state\":{\"required\":false,\"hidden\":true}},\"DO\":{\"state\":{\"label\":\"Province\"}},\"EC\":{\"state\":{\"label\":\"Province\"}},\"EE\":{\"postcode\":{\"priority\":65},\"state\":{\"required\":false,\"hidden\":true}},\"FI\":{\"postcode\":{\"priority\":65},\"state\":{\"required\":false,\"hidden\":true}},\"FR\":{\"postcode\":{\"priority\":65},\"state\":{\"required\":false,\"hidden\":true}},\"GG\":{\"state\":{\"required\":false,\"label\":\"Parish\"}},\"GH\":{\"postcode\":{\"required\":false},\"state\":{\"label\":\"Region\"}},\"GP\":{\"state\":{\"required\":false,\"hidden\":true}},\"GF\":{\"state\":{\"required\":false,\"hidden\":true}},\"GR\":{\"state\":{\"required\":false}},\"GT\":{\"postcode\":{\"required\":false},\"state\":{\"label\":\"Department\"}},\"HK\":{\"postcode\":{\"required\":false},\"city\":{\"label\":\"Town \\\/ District\"},\"state\":{\"label\":\"Region\"}},\"HN\":{\"state\":{\"label\":\"Department\"}},\"HU\":{\"last_name\":{\"class\":[\"form-row-first\"],\"priority\":10},\"first_name\":{\"class\":[\"form-row-last\"],\"priority\":20},\"postcode\":{\"class\":[\"form-row-first\",\"address-field\"],\"priority\":65},\"city\":{\"class\":[\"form-row-last\",\"address-field\"]},\"address_1\":{\"priority\":71},\"address_2\":{\"priority\":72},\"state\":{\"label\":\"County\"}},\"ID\":{\"state\":{\"label\":\"Province\"}},\"IE\":{\"postcode\":{\"required\":false,\"label\":\"Eircode\"},\"state\":{\"label\":\"County\"}},\"IS\":{\"postcode\":{\"priority\":65},\"state\":{\"required\":false,\"hidden\":true}},\"IL\":{\"postcode\":{\"priority\":65},\"state\":{\"required\":false,\"hidden\":true}},\"IM\":{\"state\":{\"required\":false,\"hidden\":true}},\"IN\":{\"postcode\":{\"label\":\"PIN Code\"},\"state\":{\"label\":\"State\"}},\"IT\":{\"postcode\":{\"priority\":65},\"state\":{\"required\":true,\"label\":\"Province\"}},\"JM\":{\"city\":{\"label\":\"Town \\\/ City \\\/ Post Office\"},\"postcode\":{\"required\":false,\"label\":\"Postal Code\"},\"state\":{\"required\":true,\"label\":\"Parish\"}},\"JP\":{\"last_name\":{\"class\":[\"form-row-first\"],\"priority\":10},\"first_name\":{\"class\":[\"form-row-last\"],\"priority\":20},\"postcode\":{\"class\":[\"form-row-first\",\"address-field\"],\"priority\":65},\"state\":{\"label\":\"Prefecture\",\"class\":[\"form-row-last\",\"address-field\"],\"priority\":66},\"city\":{\"priority\":67},\"address_1\":{\"priority\":68},\"address_2\":{\"priority\":69}},\"KR\":{\"state\":{\"required\":false,\"hidden\":true}},\"KW\":{\"state\":{\"required\":false,\"hidden\":true}},\"LV\":{\"state\":{\"label\":\"Municipality\",\"required\":false}},\"LB\":{\"state\":{\"required\":false,\"hidden\":true}},\"MF\":{\"state\":{\"required\":false,\"hidden\":true}},\"MQ\":{\"state\":{\"required\":false,\"hidden\":true}},\"MT\":{\"state\":{\"required\":false,\"hidden\":true}},\"MZ\":{\"postcode\":{\"required\":false,\"hidden\":true},\"state\":{\"label\":\"Province\"}},\"NI\":{\"state\":{\"label\":\"Department\"}},\"NL\":{\"postcode\":{\"priority\":65},\"state\":{\"required\":false,\"hidden\":true}},\"NG\":{\"postcode\":{\"label\":\"Postcode\",\"required\":false,\"hidden\":true},\"state\":{\"label\":\"State\"}},\"NZ\":{\"postcode\":{\"label\":\"Postcode\"},\"state\":{\"required\":false,\"label\":\"Region\"}},\"NO\":{\"postcode\":{\"priority\":65},\"state\":{\"required\":false,\"hidden\":true}},\"NP\":{\"state\":{\"label\":\"State \\\/ Zone\"},\"postcode\":{\"required\":false}},\"PA\":{\"state\":{\"label\":\"Province\"}},\"PL\":{\"postcode\":{\"priority\":65},\"state\":{\"required\":false,\"hidden\":true}},\"PR\":{\"city\":{\"label\":\"Municipality\"},\"state\":{\"required\":false,\"hidden\":true}},\"PT\":{\"state\":{\"required\":false,\"hidden\":true}},\"PY\":{\"state\":{\"label\":\"Department\"}},\"RE\":{\"state\":{\"required\":false,\"hidden\":true}},\"RO\":{\"state\":{\"label\":\"County\",\"required\":true}},\"RS\":{\"city\":{\"required\":true},\"postcode\":{\"required\":true},\"state\":{\"label\":\"District\",\"required\":false}},\"SG\":{\"state\":{\"required\":false,\"hidden\":true},\"city\":{\"required\":false}},\"SK\":{\"postcode\":{\"priority\":65},\"state\":{\"required\":false,\"hidden\":true}},\"SI\":{\"postcode\":{\"priority\":65},\"state\":{\"required\":false,\"hidden\":true}},\"SR\":{\"postcode\":{\"required\":false,\"hidden\":true}},\"SV\":{\"state\":{\"label\":\"Department\"}},\"ES\":{\"postcode\":{\"priority\":65},\"state\":{\"label\":\"Province\"}},\"LI\":{\"postcode\":{\"priority\":65},\"state\":{\"label\":\"Municipality\",\"required\":false}},\"LK\":{\"state\":{\"required\":false,\"hidden\":true}},\"LU\":{\"state\":{\"required\":false,\"hidden\":true}},\"MD\":{\"state\":{\"label\":\"Municipality \\\/ District\"}},\"SE\":{\"postcode\":{\"priority\":65},\"state\":{\"required\":false,\"hidden\":true}},\"TR\":{\"postcode\":{\"priority\":65},\"state\":{\"label\":\"Province\"}},\"UG\":{\"postcode\":{\"required\":false,\"hidden\":true},\"city\":{\"label\":\"Town \\\/ Village\",\"required\":true},\"state\":{\"label\":\"District\",\"required\":true}},\"US\":{\"postcode\":{\"label\":\"ZIP Code\"},\"state\":{\"label\":\"State\"}},\"UY\":{\"state\":{\"label\":\"Department\"}},\"GB\":{\"postcode\":{\"label\":\"Postcode\"},\"state\":{\"label\":\"County\",\"required\":false}},\"ST\":{\"postcode\":{\"required\":false,\"hidden\":true},\"state\":{\"label\":\"District\"}},\"VN\":{\"state\":{\"required\":false,\"hidden\":true},\"postcode\":{\"priority\":65,\"required\":false,\"hidden\":false},\"address_2\":{\"required\":false,\"hidden\":false}},\"WS\":{\"postcode\":{\"required\":false,\"hidden\":true}},\"YT\":{\"state\":{\"required\":false,\"hidden\":true}},\"ZA\":{\"state\":{\"label\":\"Province\"}},\"ZW\":{\"postcode\":{\"required\":false,\"hidden\":true}},\"default\":{\"first_name\":{\"label\":\"First name\",\"required\":true,\"class\":[\"form-row-first\"],\"autocomplete\":\"given-name\",\"priority\":10},\"last_name\":{\"label\":\"Last name\",\"required\":true,\"class\":[\"form-row-last\"],\"autocomplete\":\"family-name\",\"priority\":20},\"company\":{\"label\":\"Company name\",\"class\":[\"form-row-wide\"],\"autocomplete\":\"organization\",\"priority\":30,\"required\":false},\"country\":{\"type\":\"country\",\"label\":\"Country \\\/ Region\",\"required\":true,\"class\":[\"form-row-wide\",\"address-field\",\"update_totals_on_change\"],\"autocomplete\":\"country\",\"priority\":40},\"address_1\":{\"label\":\"Street address\",\"placeholder\":\"House number and street name\",\"required\":true,\"class\":[\"form-row-wide\",\"address-field\"],\"autocomplete\":\"address-line1\",\"priority\":50},\"address_2\":{\"label\":\"Apartment, suite, unit, etc.\",\"label_class\":[\"screen-reader-text\"],\"placeholder\":\"Apartment, suite, unit, etc. (optional)\",\"class\":[\"form-row-wide\",\"address-field\"],\"autocomplete\":\"address-line2\",\"priority\":60,\"required\":false},\"city\":{\"label\":\"Town \\\/ City\",\"required\":true,\"class\":[\"form-row-wide\",\"address-field\"],\"autocomplete\":\"address-level2\",\"priority\":70},\"state\":{\"type\":\"state\",\"label\":\"State \\\/ County\",\"required\":true,\"class\":[\"form-row-wide\",\"address-field\"],\"validate\":[\"state\"],\"autocomplete\":\"address-level1\",\"priority\":80},\"postcode\":{\"label\":\"Postcode \\\/ ZIP\",\"required\":true,\"class\":[\"form-row-wide\",\"address-field\"],\"validate\":[\"postcode\"],\"autocomplete\":\"postal-code\",\"priority\":90}}}","locale_fields":"{\"address_1\":\"#billing_address_1_field, #shipping_address_1_field\",\"address_2\":\"#billing_address_2_field, #shipping_address_2_field\",\"state\":\"#billing_state_field, #shipping_state_field, #calc_shipping_state_field\",\"postcode\":\"#billing_postcode_field, #shipping_postcode_field, #calc_shipping_postcode_field\",\"city\":\"#billing_city_field, #shipping_city_field, #calc_shipping_city_field\"}","i18n_required_text":"required","i18n_optional_text":"optional"};
</script>
    <script id="wc-address-i18n-js" src="https://askomdch.com/wp-content/plugins/woocommerce/assets/js/frontend/address-i18n.min.js?ver=7.2.1"/>
    <script>
			/(trident|msie)/i.test(navigator.userAgent)&amp;&amp;document.getElementById&amp;&amp;window.addEventListener&amp;&amp;window.addEventListener("hashchange",function(){var t,e=location.hash.substring(1);/^[A-z0-9_-]+$/.test(e)&amp;&amp;(t=document.getElementById(e))&amp;&amp;(/^(?:a|select|input|button|textarea)$/i.test(t.tagName)||(t.tabIndex=-1),t.focus())},!1);
			</script>
  </body>
</html>
Request method:	POST
Request URI:	https://askomdch.com/account/edit-address/billing/
Proxy:			<none>
Request params:	<none>
Query params:	<none>
Form params:	billing_last_name=user
				billing_phone=123456789
				save_address=Save address
				billing_country=IN
				woocommerce-edit-address-nonce=4e7b7c558e
				billing_city=Pune
				billing_company=TCS
				billing_state=MH
				billing_address_1=Pune
				billing_address_2=
				billing_postcode=411001
				billing_email=demo@gmail.com
				action=edit_address
				_wp_http_referer=/account/edit-address/billing/
				billing_first_name=demo
Path params:	<none>
Headers:		Accept=*/*
				Content-Type=application/x-www-form-urlencoded; charset=ISO-8859-1
Cookies:		wordpress_sec_e39c30ea93030240fdcfed1ddf385ba1=demouser6475782505%7C1686206322%7Cv7CZyqORDFqoeOZFOe2qoYg5Y8NWKSKJPFVCt2PPQmg%7C6f378ccfc1d1c7f2f5476810f639cc0f7238d025f29048b633081e27a0f2c5bc;Path=/wp-content/plugins;Max-Age=1252800;Secure;HttpOnly;Expires=08/06/23, 6:38 pm
				wordpress_sec_e39c30ea93030240fdcfed1ddf385ba1=demouser6475782505%7C1686206322%7Cv7CZyqORDFqoeOZFOe2qoYg5Y8NWKSKJPFVCt2PPQmg%7C6f378ccfc1d1c7f2f5476810f639cc0f7238d025f29048b633081e27a0f2c5bc;Path=/wp-admin;Max-Age=1252800;Secure;HttpOnly;Expires=08/06/23, 6:38 pm
				wordpress_logged_in_e39c30ea93030240fdcfed1ddf385ba1=demouser6475782505%7C1686206322%7Cv7CZyqORDFqoeOZFOe2qoYg5Y8NWKSKJPFVCt2PPQmg%7C6d9cbc3213823b4d6ffbcb3c3372b2fc0230ba57decddb27216485bf4e50d545;Path=/;Max-Age=1252800;Secure;HttpOnly;Expires=08/06/23, 6:38 pm
Multiparts:		<none>
Body:			<none>
HTTP/1.1 302 Found
Date: Thu, 25 May 2023 06:38:45 GMT
Content-Type: text/html; charset=UTF-8
Transfer-Encoding: chunked
Connection: keep-alive
location: https://askomdch.com/account/edit-address/
expires: Wed, 11 Jan 1984 05:00:00 GMT
Cache-Control: no-cache, must-revalidate, max-age=0
x-redirect-by: WordPress
strict-transport-security: max-age=63072000
x-frame-options: SAMEORIGIN
x-content-type-options: nosniff
x-xss-protection: 1; mode=block
CF-Cache-Status: DYNAMIC
Report-To: {"endpoints":[{"url":"https:\/\/a.nel.cloudflare.com\/report\/v3?s=uy%2FT7xVqySwKXw1fZkwTcRC%2BRNzMZJ1b3GGQDAuyh%2BBADjdXW2phvcQguyf9nq7rGqtf3CW5j%2FLtG%2Bbyi6MU9tnb4wHudOLatGqVWDem4La8XHcCNZwuw15p7YRXePs%3D"}],"group":"cf-nel","max_age":604800}
NEL: {"success_fraction":0,"report_to":"cf-nel","max_age":604800}
Server: cloudflare
CF-RAY: 7ccbc6fcd9678572-BOM
alt-svc: h3=":443"; ma=86400, h3-29=":443"; ma=86400
Request method:	POST
Request URI:	https://askomdch.com/?wc-ajax=add_to_cart
Proxy:			<none>
Request params:	<none>
Query params:	<none>
Form params:	product_sku=
				quantity=1
				product_id=1215
Path params:	<none>
Headers:		Accept=*/*
				Content-Type=application/x-www-form-urlencoded; charset=ISO-8859-1
Cookies:		wordpress_sec_e39c30ea93030240fdcfed1ddf385ba1=demouser6475782505%7C1686206322%7Cv7CZyqORDFqoeOZFOe2qoYg5Y8NWKSKJPFVCt2PPQmg%7C6f378ccfc1d1c7f2f5476810f639cc0f7238d025f29048b633081e27a0f2c5bc;Path=/wp-content/plugins;Max-Age=1252800;Secure;HttpOnly;Expires=08/06/23, 6:38 pm
				wordpress_sec_e39c30ea93030240fdcfed1ddf385ba1=demouser6475782505%7C1686206322%7Cv7CZyqORDFqoeOZFOe2qoYg5Y8NWKSKJPFVCt2PPQmg%7C6f378ccfc1d1c7f2f5476810f639cc0f7238d025f29048b633081e27a0f2c5bc;Path=/wp-admin;Max-Age=1252800;Secure;HttpOnly;Expires=08/06/23, 6:38 pm
				wordpress_logged_in_e39c30ea93030240fdcfed1ddf385ba1=demouser6475782505%7C1686206322%7Cv7CZyqORDFqoeOZFOe2qoYg5Y8NWKSKJPFVCt2PPQmg%7C6d9cbc3213823b4d6ffbcb3c3372b2fc0230ba57decddb27216485bf4e50d545;Path=/;Max-Age=1252800;Secure;HttpOnly;Expires=08/06/23, 6:38 pm
Multiparts:		<none>
Body:			<none>
HTTP/1.1 200 OK
Date: Thu, 25 May 2023 06:38:46 GMT
Content-Type: application/json; charset=UTF-8
Transfer-Encoding: chunked
Connection: keep-alive
vary: Accept-Encoding
x-content-type-options: nosniff
x-content-type-options: nosniff
x-robots-tag: noindex
set-cookie: woocommerce_items_in_cart=1; path=/
expires: Wed, 11 Jan 1984 05:00:00 GMT
Cache-Control: no-cache, must-revalidate, max-age=0
strict-transport-security: max-age=63072000
x-frame-options: SAMEORIGIN
x-xss-protection: 1; mode=block
Content-Encoding: gzip
CF-Cache-Status: DYNAMIC
set-cookie: woocommerce_cart_hash=42e65b245308ba4f486b61612707a993; path=/
set-cookie: wp_woocommerce_session_e39c30ea93030240fdcfed1ddf385ba1=13095%7C%7C1685169526%7C%7C1685165926%7C%7Cb82fbf502e9c06757aa24bd7cdcc054b; expires=Sat, 27-May-2023 06:38:46 GMT; Max-Age=172800; path=/; secure; HttpOnly
set-cookie: woocommerce_items_in_cart=1; path=/
set-cookie: woocommerce_cart_hash=dea85b9ca0141f5f1d15985f64864f72; path=/
set-cookie: wp_woocommerce_session_e39c30ea93030240fdcfed1ddf385ba1=13095%7C%7C1685169526%7C%7C1685165926%7C%7Cb82fbf502e9c06757aa24bd7cdcc054b; expires=Sat, 27-May-2023 06:38:46 GMT; Max-Age=172800; path=/; secure; HttpOnly
Report-To: {"endpoints":[{"url":"https:\/\/a.nel.cloudflare.com\/report\/v3?s=c1XCoqhk%2FOsBf1GZhuqpC4YyU54aUgRhwwuuB2SO5X8hXiA1%2B7UQuEFBIOEv4cUpdu73UnKV82c%2Fms%2FJzaASQ0PIcAV0y0EGLv%2Fy%2BvdAhwvEotr03%2BFu%2BHzxxg6PndY%3D"}],"group":"cf-nel","max_age":604800}
NEL: {"success_fraction":0,"report_to":"cf-nel","max_age":604800}
Server: cloudflare
CF-RAY: 7ccbc7037d798577-BOM
alt-svc: h3=":443"; ma=86400, h3-29=":443"; ma=86400

{
    "fragments": {
        "div.widget_shopping_cart_content": "<div class=\"widget_shopping_cart_content\">\n\n\t<ul class=\"woocommerce-mini-cart cart_list product_list_widget \">\n\t\t\t\t\t\t<li class=\"woocommerce-mini-cart-item mini_cart_item\">\n\t\t\t\t\t<a href=\"https://askomdch.com/cart/?remove_item=a4d2f0d23dcc84ce983ff9157f8b7f88&#038;_wpnonce=2f26f52cd7\" class=\"remove remove_from_cart_button\" aria-label=\"Remove this item\" data-product_id=\"1215\" data-cart_item_key=\"a4d2f0d23dcc84ce983ff9157f8b7f88\" data-product_sku=\"\">&times;</a>\t\t\t\t\t\t\t\t\t\t\t<a href=\"https://askomdch.com/product/blue-shoes/\">\n\t\t\t\t\t\t\t<img width=\"300\" height=\"300\" src=\"https://askomdch.com/wp-content/uploads/2021/06/pro-14-300x300.jpg\" class=\"attachment-woocommerce_thumbnail size-woocommerce_thumbnail\" alt=\"\" srcset=\"https://askomdch.com/wp-content/uploads/2021/06/pro-14-300x300.jpg 300w, https://askomdch.com/wp-content/uploads/2021/06/pro-14-150x150.jpg 150w, https://askomdch.com/wp-content/uploads/2021/06/pro-14-100x100.jpg 100w, https://askomdch.com/wp-content/uploads/2021/06/pro-14.jpg 600w\" sizes=\"(max-width: 300px) 100vw, 300px\" />Blue Shoes\t\t\t\t\t\t</a>\n\t\t\t\t\t\t\t\t\t\t\t\t\t\t\t<span class=\"quantity\">1 &times; <span class=\"woocommerce-Price-amount amount\"><bdi><span class=\"woocommerce-Price-currencySymbol\">&#36;</span>45.00</bdi></span></span>\t\t\t\t</li>\n\t\t\t\t\t</ul>\n\n\t<p class=\"woocommerce-mini-cart__total total\">\n\t\t<strong>Subtotal:</strong> <span class=\"woocommerce-Price-amount amount\"><bdi><span class=\"woocommerce-Price-currencySymbol\">&#36;</span>45.00</bdi></span>\t</p>\n\n\t\n\t<p class=\"woocommerce-mini-cart__buttons buttons\"><a href=\"https://askomdch.com/cart/\" class=\"button wc-forward\">View cart</a><a href=\"https://askomdch.com/checkout/\" class=\"button checkout wc-forward\">Checkout</a></p>\n\n\t\n\n</div>",
        "a.cart-container": "\t\t\t<a class=\"cart-container\" href=\"https://askomdch.com/cart/\" title=\"View your shopping cart\">\r\n\r\n\t\t\t\t\t\t\t\t\t\t\t\t\t<div class=\"ast-cart-menu-wrap\">\r\n\t\t\t\t\t\t\t\t<span class=\"count\">\r\n\t\t\t\t\t\t\t\t\t1\t\t\t\t\t\t\t\t</span>\r\n\t\t\t\t\t\t\t</div>\r\n\t\t\t\t\t\t\t\t\t\t</a>\r\n\t\t\t"
    },
    "cart_hash": "dea85b9ca0141f5f1d15985f64864f72"
}
wordpress_sec_e39c30ea93030240fdcfed1ddf385ba1=demouser6475782505%7C1686206322%7Cv7CZyqORDFqoeOZFOe2qoYg5Y8NWKSKJPFVCt2PPQmg%7C6f378ccfc1d1c7f2f5476810f639cc0f7238d025f29048b633081e27a0f2c5bc; expires=Fri, 09 Jun 2023 12:08:42 IST; path=/wp-content/plugins;secure;
wordpress_sec_e39c30ea93030240fdcfed1ddf385ba1=demouser6475782505%7C1686206322%7Cv7CZyqORDFqoeOZFOe2qoYg5Y8NWKSKJPFVCt2PPQmg%7C6f378ccfc1d1c7f2f5476810f639cc0f7238d025f29048b633081e27a0f2c5bc; expires=Fri, 09 Jun 2023 12:08:42 IST; path=/wp-admin;secure;
wordpress_logged_in_e39c30ea93030240fdcfed1ddf385ba1=demouser6475782505%7C1686206322%7Cv7CZyqORDFqoeOZFOe2qoYg5Y8NWKSKJPFVCt2PPQmg%7C6d9cbc3213823b4d6ffbcb3c3372b2fc0230ba57decddb27216485bf4e50d545; expires=Fri, 09 Jun 2023 12:08:42 IST; path=/;secure;
direct bank transfer
OVERLAY SIZE2
OVERLAYS INVISIBLE
]]></system-out>
    <system-err><![CDATA[1684996707442	RemoteAgent	INFO	Perform WebSocket upgrade for incoming connection from 127.0.0.1:62111
1684996707449	CDP	WARN	Invalid browser preferences for CDP. Set "fission.webContentIsolationStrategy"to 0 and "fission.bfcacheInParent" to false before Firefox starts.
1684996707456	Marionette	INFO	Stopped listening on port 62066
[Child 11216, Main Thread] WARNING: JSWindowActorChild::SendRawMessage (Conduits, ConduitClosed) not sent: !CanSend() || !mManager || !mManager->CanSend(): file /builds/worker/checkouts/gecko/dom/ipc/jsactor/JSWindowActorChild.cpp:57
[Child 11216, Main Thread] WARNING: JSWindowActorChild::SendRawMessage (Conduits, ConduitClosed) not sent: !CanSend() || !mManager || !mManager->CanSend(): file /builds/worker/checkouts/gecko/dom/ipc/jsactor/JSWindowActorChild.cpp:57
[Child 11216, Main Thread] WARNING: JSWindowActorChild::SendRawMessage (Conduits, ConduitClosed) not sent: !CanSend() || !mManager || !mManager->CanSend(): file /builds/worker/checkouts/gecko/dom/ipc/jsactor/JSWindowActorChild.cpp:57
[Child 11216, Main Thread] WARNING: JSWindowActorChild::SendRawMessage (Conduits, ConduitClosed) not sent: !CanSend() || !mManager || !mManager->CanSend(): file /builds/worker/checkouts/gecko/dom/ipc/jsactor/JSWindowActorChild.cpp:57
[Child 11216, Main Thread] WARNING: JSWindowActorChild::SendRawMessage (Conduits, ConduitClosed) not sent: !CanSend() || !mManager || !mManager->CanSend(): file /builds/worker/checkouts/gecko/dom/ipc/jsactor/JSWindowActorChild.cpp:57
[Child 11216, Main Thread] WARNING: JSWindowActorChild::SendRawMessage (Conduits, ConduitClosed) not sent: !CanSend() || !mManager || !mManager->CanSend(): file /builds/worker/checkouts/gecko/dom/ipc/jsactor/JSWindowActorChild.cpp:57
[Child 11216, Main Thread] WARNING: JSWindowActorChild::SendRawMessage (Conduits, ConduitClosed) not sent: !CanSend() || !mManager || !mManager->CanSend(): file /builds/worker/checkouts/gecko/dom/ipc/jsactor/JSWindowActorChild.cpp:57
[Child 11216, Main Thread] WARNING: JSWindowActorChild::SendRawMessage (Conduits, ConduitClosed) not sent: !CanSend() || !mManager || !mManager->CanSend(): file /builds/worker/checkouts/gecko/dom/ipc/jsactor/JSWindowActorChild.cpp:57
Dynamically enable window occlusion 1
!!! error running onStopped callback: TypeError: callback is not a function
WARNING: A blocker encountered an error while we were waiting.
          Blocker:  Waiting for ping task
          Phase: TelemetryController: Waiting for pending ping activity
          State: (none)
WARNING: Error: Phase "profile-before-change" is finished, it is too late to register completion condition "OS.File: flush I/O queued before profileBeforeChange"
WARNING: addBlocker@resource://gre/modules/AsyncShutdown.sys.mjs:727:15
addBlocker@resource://gre/modules/AsyncShutdown.sys.mjs:523:26
addBlocker@resource://gre/modules/AsyncShutdown.sys.mjs:458:15
setupShutdown@resource://gre/modules/osfile/osfile_async_front.jsm:1548:28
@resource://gre/modules/osfile/osfile_async_front.jsm:1568:16
@resource://gre/modules/osfile.jsm:12:30
@resource://gre/modules/TelemetryStorage.sys.mjs:10:28
_checkPendingPings@resource://gre/modules/TelemetrySend.sys.mjs:859:17
setup@resource://gre/modules/TelemetrySend.sys.mjs:799:18
setup@resource://gre/modules/TelemetrySend.sys.mjs:237:30
setupTelemetry/this._delayedInitTask<@resource://gre/modules/TelemetryControllerParent.sys.mjs:824:36
observe@resource://gre/modules/AsyncShutdown.sys.mjs:576:16

console.error: "TelemetryScheduler.shutdown - Already shut down"
WARNING: A blocker encountered an error while we were waiting.
          Blocker:  Waiting for ping task
          Phase: TelemetryController: Waiting for pending ping activity
          State: (none)
WARNING: Error: Phase "profile-before-change" is finished, it is too late to register completion condition "OS.File: flush I/O queued before profileBeforeChange"
WARNING: addBlocker@resource://gre/modules/AsyncShutdown.sys.mjs:727:15
addBlocker@resource://gre/modules/AsyncShutdown.sys.mjs:523:26
addBlocker@resource://gre/modules/AsyncShutdown.sys.mjs:458:15
setupShutdown@resource://gre/modules/osfile/osfile_async_front.jsm:1548:28
@resource://gre/modules/osfile/osfile_async_front.jsm:1568:16
@resource://gre/modules/osfile.jsm:12:30
@resource://gre/modules/TelemetryStorage.sys.mjs:10:28
_checkPendingPings@resource://gre/modules/TelemetrySend.sys.mjs:859:17
setup@resource://gre/modules/TelemetrySend.sys.mjs:799:18
setup@resource://gre/modules/TelemetrySend.sys.mjs:237:30
setupTelemetry/this._delayedInitTask<@resource://gre/modules/TelemetryControllerParent.sys.mjs:824:36
observe@resource://gre/modules/AsyncShutdown.sys.mjs:576:16

WARNING: A blocker encountered an error while we were waiting.
          Blocker:  Waiting for ping task
          Phase: TelemetryController: Waiting for pending ping activity
          State: (none)
WARNING: Error: Phase "profile-before-change" is finished, it is too late to register completion condition "OS.File: flush I/O queued before profileBeforeChange"
WARNING: addBlocker@resource://gre/modules/AsyncShutdown.sys.mjs:727:15
addBlocker@resource://gre/modules/AsyncShutdown.sys.mjs:523:26
addBlocker@resource://gre/modules/AsyncShutdown.sys.mjs:458:15
setupShutdown@resource://gre/modules/osfile/osfile_async_front.jsm:1548:28
@resource://gre/modules/osfile/osfile_async_front.jsm:1568:16
@resource://gre/modules/osfile.jsm:12:30
@resource://gre/modules/TelemetryStorage.sys.mjs:10:28
_checkPendingPings@resource://gre/modules/TelemetrySend.sys.mjs:859:17
setup@resource://gre/modules/TelemetrySend.sys.mjs:799:18
setup@resource://gre/modules/TelemetrySend.sys.mjs:237:30
setupTelemetry/this._delayedInitTask<@resource://gre/modules/TelemetryControllerParent.sys.mjs:824:36
observe@resource://gre/modules/AsyncShutdown.sys.mjs:576:16

WARNING: A blocker encountered an error while we were waiting.
          Blocker:  TelemetryController: shutting down
          Phase: profile-before-change-telemetry
          State: Error getting state: Error: Phase "profile-before-change" is finished, it is too late to register completion condition "OS.File: flush I/O queued before profileBeforeChange" at addBlocker@resource://gre/modules/AsyncShutdown.sys.mjs:727:15
addBlocker@resource://gre/modules/AsyncShutdown.sys.mjs:523:26
addBlocker@resource://gre/modules/AsyncShutdown.sys.mjs:458:15
setupShutdown@resource://gre/modules/osfile/osfile_async_front.jsm:1548:28
@resource://gre/modules/osfile/osfile_async_front.jsm:1568:16
@resource://gre/modules/osfile.jsm:12:30
@resource://gre/modules/TelemetryStorage.sys.mjs:10:28
_checkPendingPings@resource://gre/modules/TelemetrySend.sys.mjs:859:17
setup@resource://gre/modules/TelemetrySend.sys.mjs:799:18
setup@resource://gre/modules/TelemetrySend.sys.mjs:237:30
setupTelemetry/this._delayedInitTask<@resource://gre/modules/TelemetryControllerParent.sys.mjs:824:36
observe@resource://gre/modules/AsyncShutdown.sys.mjs:576:16

WARNING: Error: Phase "profile-before-change" is finished, it is too late to register completion condition "OS.File: flush I/O queued before profileBeforeChange"
WARNING: addBlocker@resource://gre/modules/AsyncShutdown.sys.mjs:727:15
addBlocker@resource://gre/modules/AsyncShutdown.sys.mjs:523:26
addBlocker@resource://gre/modules/AsyncShutdown.sys.mjs:458:15
setupShutdown@resource://gre/modules/osfile/osfile_async_front.jsm:1548:28
@resource://gre/modules/osfile/osfile_async_front.jsm:1568:16
@resource://gre/modules/osfile.jsm:12:30
@resource://gre/modules/TelemetryStorage.sys.mjs:10:28
_checkPendingPings@resource://gre/modules/TelemetrySend.sys.mjs:859:17
setup@resource://gre/modules/TelemetrySend.sys.mjs:799:18
setup@resource://gre/modules/TelemetrySend.sys.mjs:237:30
setupTelemetry/this._delayedInitTask<@resource://gre/modules/TelemetryControllerParent.sys.mjs:824:36
observe@resource://gre/modules/AsyncShutdown.sys.mjs:576:16

JavaScript error: resource://gre/modules/AsyncShutdown.sys.mjs, line 727: Error: Phase "profile-before-change" is finished, it is too late to register completion condition "OS.File: flush I/O queued before profileBeforeChange"
JavaScript error: resource://gre/modules/AsyncShutdown.sys.mjs, line 727: Error: Phase "profile-before-change" is finished, it is too late to register completion condition "OS.File: flush I/O queued before profileBeforeChange"
JavaScript error: resource://gre/modules/AsyncShutdown.sys.mjs, line 727: Error: Phase "profile-before-change" is finished, it is too late to register completion condition "OS.File: flush I/O queued before profileBeforeChange"
JavaScript error: resource://gre/modules/AsyncShutdown.sys.mjs, line 727: Error: Phase "profile-before-change" is finished, it is too late to register completion condition "OS.File: flush I/O queued before profileBeforeChange"
JavaScript error: resource://gre/modules/AsyncShutdown.sys.mjs, line 727: Error: Phase "profile-before-change" is finished, it is too late to register completion condition "OS.File: flush I/O queued before profileBeforeChange"
JavaScript error: resource://gre/modules/AsyncShutdown.sys.mjs, line 727: Error: Phase "profile-before-change" is finished, it is too late to register completion condition "OS.File: flush I/O queued before profileBeforeChange"
1684996710186	geckodriver	INFO	Listening on 127.0.0.1:39304
1684996710209	mozrunner::runner	INFO	Running command: "C:\\Program Files\\Mozilla Firefox\\firefox.exe" "--marionette" "--remote-debugging-port" "41815" "--remote ... ocalhost:41815/,http://[::1]:41815/" "-no-remote" "-profile" "C:\\Users\\LENOVO\\AppData\\Local\\Temp\\rust_mozprofileonSOrM"
console.warn: services.settings: Ignoring preference override of remote settings server
console.warn: services.settings: Allow by setting MOZ_REMOTE_SETTINGS_DEVTOOLS=1 in the environment
1684996710741	Marionette	INFO	Marionette enabled
Dynamically enable window occlusion 0
1684996710749	Marionette	INFO	Listening on port 62127
Read port: 62127
WebDriver BiDi listening on ws://127.0.0.1:41815
1684996711055	RemoteAgent	WARN	TLS certificate errors will be ignored for this session
[ERROR glean_core] Error setting metrics feature config: Json(Error("EOF while parsing a value", line: 1, column: 0))
DevTools listening on ws://127.0.0.1:41815/devtools/browser/20b55d0a-528f-41c7-9dcb-6d7930098b9a
console.warn: LoginRecipes: "Falling back to a synchronous message for: https://askomdch.com."
]]></system-err>
  </testcase>
  <testcase name="loginDuringCheckout" classname="org.selenium.pom.tests.LoginTest" time="12.458">
    <system-out><![CDATA[CURRENT THREAD 21 , DRIVER = FirefoxDriver: firefox on WINDOWS (ebb096b0-ab99-423e-ab34-20fb97983264)
CURRENT THREAD 21 , DRIVER = FirefoxDriver: firefox on WINDOWS (167a16f1-57af-4a58-8443-107f19b9ba9a)
Request method:	GET
Request URI:	https://askomdch.com/account
Proxy:			<none>
Request params:	<none>
Query params:	<none>
Form params:	<none>
Path params:	<none>
Headers:		Accept=*/*
Cookies:		<none>
Multiparts:		<none>
Body:			<none>
HTTP/1.1 200 OK
Date: Thu, 25 May 2023 06:39:07 GMT
Content-Type: text/html; charset=UTF-8
Transfer-Encoding: chunked
Connection: keep-alive
vary: Accept-Encoding
expires: Wed, 11 Jan 1984 05:00:00 GMT
Cache-Control: no-cache, must-revalidate, max-age=0
x-frame-options: SAMEORIGIN
x-frame-options: SAMEORIGIN
strict-transport-security: max-age=63072000
x-content-type-options: nosniff
x-xss-protection: 1; mode=block
CF-Cache-Status: DYNAMIC
Report-To: {"endpoints":[{"url":"https:\/\/a.nel.cloudflare.com\/report\/v3?s=wMH%2Fwbh1Bdel7xEWGw%2BEwn9uuoLIHNTMtvmnHnt7vxIKhXJNx%2BILRZBARx0pn2jad%2B1GwBDSaNHEejdBs%2B%2BXWpnu2cHsP8qOb%2B5jiSdPhTgjFB2MF8u6bajvLqLYaMs%3D"}],"group":"cf-nel","max_age":604800}
NEL: {"success_fraction":0,"report_to":"cf-nel","max_age":604800}
Server: cloudflare
CF-RAY: 7ccbc787ad82859f-BOM
Content-Encoding: gzip
alt-svc: h3=":443"; ma=86400, h3-29=":443"; ma=86400

<html lang="en-US">
  <head>
    <meta charset="UTF-8"/>
    <meta name="viewport" content="width=device-width, initial-scale=1"/>
    <link rel="profile" href="https://gmpg.org/xfn/11"/>
    <title>Account – AskOmDch</title>
    <meta name="robots" content="max-image-preview:large, noindex, follow"/>
    <link id="astra-theme-css-css" rel="stylesheet" href="https://askomdch.com/wp-content/themes/astra/assets/css/minified/frontend.min.css?ver=3.7.5" media="all"/>
    <style id="astra-theme-css-inline-css">
html{font-size:93.75%;}a,.page-title{color:#4e4e4e;}a:hover,a:focus{color:#0084d6;}body,button,input,select,textarea,.ast-button,.ast-custom-button{font-family:'Lato',sans-serif;font-weight:400;font-size:15px;font-size:1rem;}blockquote{color:#000000;}h1,.entry-content h1,.entry-content h1 a,h2,.entry-content h2,.entry-content h2 a,h3,.entry-content h3,.entry-content h3 a,h4,.entry-content h4,.entry-content h4 a,h5,.entry-content h5,.entry-content h5 a,h6,.entry-content h6,.entry-content h6 a,.site-title,.site-title a{font-family:'Lato',sans-serif;font-weight:700;}.site-title{font-size:35px;font-size:2.3333333333333rem;display:block;}header .custom-logo-link img{max-width:140px;}.astra-logo-svg{width:140px;}.ast-archive-description .ast-archive-title{font-size:40px;font-size:2.6666666666667rem;}.site-header .site-description{font-size:15px;font-size:1rem;display:none;}.entry-title{font-size:30px;font-size:2rem;}h1,.entry-content h1,.entry-content h1 a{font-size:58px;font-size:3.8666666666667rem;font-family:'Lato',sans-serif;}h2,.entry-content h2,.entry-content h2 a{font-size:42px;font-size:2.8rem;font-family:'Lato',sans-serif;}h3,.entry-content h3,.entry-content h3 a{font-size:30px;font-size:2rem;font-family:'Lato',sans-serif;}h4,.entry-content h4,.entry-content h4 a{font-size:20px;font-size:1.3333333333333rem;font-family:'Lato',sans-serif;}h5,.entry-content h5,.entry-content h5 a{font-size:18px;font-size:1.2rem;font-family:'Lato',sans-serif;}h6,.entry-content h6,.entry-content h6 a{font-size:15px;font-size:1rem;font-family:'Lato',sans-serif;}.ast-single-post .entry-title,.page-title{font-size:30px;font-size:2rem;}::selection{background-color:#54595f;color:#ffffff;}body,h1,.entry-title a,.entry-content h1,.entry-content h1 a,h2,.entry-content h2,.entry-content h2 a,h3,.entry-content h3,.entry-content h3 a,h4,.entry-content h4,.entry-content h4 a,h5,.entry-content h5,.entry-content h5 a,h6,.entry-content h6,.entry-content h6 a{color:#333333;}.tagcloud a:hover,.tagcloud a:focus,.tagcloud a.current-item{color:#ffffff;border-color:#4e4e4e;background-color:#4e4e4e;}input:focus,input[type="text"]:focus,input[type="email"]:focus,input[type="url"]:focus,input[type="password"]:focus,input[type="reset"]:focus,input[type="search"]:focus,textarea:focus{border-color:#4e4e4e;}input[type="radio"]:checked,input[type=reset],input[type="checkbox"]:checked,input[type="checkbox"]:hover:checked,input[type="checkbox"]:focus:checked,input[type=range]::-webkit-slider-thumb{border-color:#4e4e4e;background-color:#4e4e4e;box-shadow:none;}.site-footer a:hover + .post-count,.site-footer a:focus + .post-count{background:#4e4e4e;border-color:#4e4e4e;}.single .nav-links .nav-previous,.single .nav-links .nav-next{color:#4e4e4e;}.entry-meta,.entry-meta *{line-height:1.45;color:#4e4e4e;}.entry-meta a:hover,.entry-meta a:hover *,.entry-meta a:focus,.entry-meta a:focus *,.page-links &gt; .page-link,.page-links .page-link:hover,.post-navigation a:hover{color:#0084d6;}#cat option,.secondary .calendar_wrap thead a,.secondary .calendar_wrap thead a:visited{color:#4e4e4e;}.secondary .calendar_wrap #today,.ast-progress-val span{background:#4e4e4e;}.secondary a:hover + .post-count,.secondary a:focus + .post-count{background:#4e4e4e;border-color:#4e4e4e;}.calendar_wrap #today &gt; a{color:#ffffff;}.page-links .page-link,.single .post-navigation a{color:#4e4e4e;}.widget-title{font-size:21px;font-size:1.4rem;color:#333333;}@media (max-width:921px){#ast-desktop-header{display:none;}}@media (min-width:921px){#ast-mobile-header{display:none;}}.ast-site-header-cart .cart-container,.ast-edd-site-header-cart .ast-edd-cart-container {transition: all 0.2s linear;}.ast-site-header-cart .ast-woo-header-cart-info-wrap,.ast-edd-site-header-cart .ast-edd-header-cart-info-wrap {padding: 0 2px;font-weight: 600;line-height: 2.7;display: inline-block;}.ast-site-header-cart i.astra-icon {font-size: 20px;font-size: 1.3em;font-style: normal;font-weight: normal;position: relative;padding: 0 2px;}.ast-site-header-cart i.astra-icon.no-cart-total:after,.ast-header-break-point.ast-header-custom-item-outside .ast-edd-header-cart-info-wrap,.ast-header-break-point.ast-header-custom-item-outside .ast-woo-header-cart-info-wrap {display: none;}.ast-site-header-cart.ast-menu-cart-fill i.astra-icon,.ast-edd-site-header-cart.ast-edd-menu-cart-fill span.astra-icon {font-size: 1.1em;}.astra-cart-drawer {position: fixed;display: block;visibility: hidden;overflow: auto;-webkit-overflow-scrolling: touch;z-index: 9999;background-color: #fff;transition: all 0.5s ease;transform: translate3d(0,0,0);}.astra-cart-drawer.open-right {width: 80%;height: 100%;left: 100%;top: 0px;transform: translate3d(0%,0,0);}.astra-cart-drawer.active {transform: translate3d(-100%,0,0);visibility: visible;}.astra-cart-drawer .astra-cart-drawer-header {text-align: center;text-transform: uppercase;font-weight: 400;border-bottom: 1px solid #f0f0f0;padding: 0 0 0.675rem;}.astra-cart-drawer .astra-cart-drawer-close .ast-close-svg {width: 22px;height: 22px; }.astra-cart-drawer .astra-cart-drawer-title {padding-top: 5px;}.astra-cart-drawer .astra-cart-drawer-content .woocommerce-mini-cart {padding: 1em 1.5em;}.astra-cart-drawer .astra-cart-drawer-content .woocommerce-mini-cart a.remove {width: 20px;height: 20px;line-height: 16px;}.astra-cart-drawer .astra-cart-drawer-content .woocommerce-mini-cart__total {padding: 1em 1.5em;margin: 0;text-align: center;}.astra-cart-drawer .astra-cart-drawer-content .woocommerce-mini-cart__buttons {padding: 10px;text-align: center;} .astra-cart-drawer .astra-cart-drawer-content .woocommerce-mini-cart__buttons .button.checkout {margin-right: 0;}.astra-cart-drawer .astra-cart-drawer-content .edd-cart-item {padding: .5em 2.6em .5em 1.5em;}.astra-cart-drawer .astra-cart-drawer-content .edd-cart-item .edd-remove-from-cart::after {width: 20px;height: 20px;line-height: 16px;}.astra-cart-drawer .astra-cart-drawer-content .edd-cart-number-of-items {padding: 1em 1.5em 1em 1.5em;margin-bottom: 0;text-align: center;}.astra-cart-drawer .astra-cart-drawer-content .edd_total {padding: .5em 1.5em;margin: 0;text-align: center;}.astra-cart-drawer .astra-cart-drawer-content .cart_item.edd_checkout {padding: 1em 1.5em 0;text-align: center;margin-top: 0;}.astra-cart-drawer .woocommerce-mini-cart__empty-message,.astra-cart-drawer .cart_item.empty {text-align: center;margin-top: 10px;}body.admin-bar .astra-cart-drawer {padding-top: 32px;}body.admin-bar .astra-cart-drawer .astra-cart-drawer-close {top: 32px;}@media (max-width: 782px) {body.admin-bar .astra-cart-drawer {padding-top: 46px;}body.admin-bar .astra-cart-drawer .astra-cart-drawer-close {top: 46px;}}.ast-mobile-cart-active body.ast-hfb-header {overflow: hidden;}.ast-mobile-cart-active .astra-mobile-cart-overlay {opacity: 1;cursor: pointer;visibility: visible;z-index: 999;}@media (max-width: 545px) {.astra-cart-drawer.active {width: 100%;}}.ast-site-header-cart i.astra-icon:after {content: attr(data-cart-total);position: absolute;font-style: normal;top: -10px;right: -12px;font-weight: bold;box-shadow: 1px 1px 3px 0px rgba(0,0,0,0.3);font-size: 11px;padding-left: 0px;padding-right: 2px;line-height: 17px;letter-spacing: -.5px;height: 18px;min-width: 18px;border-radius: 99px;text-align: center;z-index: 3;}li.woocommerce-custom-menu-item .ast-site-header-cart i.astra-icon:after,li.edd-custom-menu-item .ast-edd-site-header-cart span.astra-icon:after {padding-left: 2px;}.astra-cart-drawer .astra-cart-drawer-close {position: absolute;top: 0;right: 0;margin: 0;padding: .6em 1em .4em;color: #ababab;background-color: transparent;}.astra-mobile-cart-overlay {background-color: rgba(0,0,0,0.4);position: fixed;top: 0;right: 0;bottom: 0;left: 0;visibility: hidden;opacity: 0;transition: opacity 0.2s ease-in-out;}.astra-cart-drawer .astra-cart-drawer-content .edd-cart-item .edd-remove-from-cart {right: 1.2em;}.ast-header-break-point.ast-woocommerce-cart-menu.ast-hfb-header .ast-cart-menu-wrap,.ast-header-break-point.ast-hfb-header .ast-cart-menu-wrap,.ast-header-break-point .ast-edd-site-header-cart-wrap .ast-edd-cart-menu-wrap {width: 2em;height: 2em;font-size: 1.4em;line-height: 2;vertical-align: middle;text-align: right;}.ast-site-header-cart.ast-menu-cart-outline .ast-cart-menu-wrap,.ast-site-header-cart.ast-menu-cart-fill .ast-cart-menu-wrap,.ast-edd-site-header-cart.ast-edd-menu-cart-outline .ast-edd-cart-menu-wrap,.ast-edd-site-header-cart.ast-edd-menu-cart-fill .ast-edd-cart-menu-wrap {line-height: 1.8;}.ast-site-header-cart .cart-container *,.ast-edd-site-header-cart .ast-edd-cart-container * {transition: all 0s linear;}.wp-block-buttons.aligncenter{justify-content:center;}@media (min-width:1200px){.wp-block-group .has-background{padding:20px;}}@media (min-width:1200px){.ast-no-sidebar.ast-separate-container .entry-content .wp-block-group.alignwide,.ast-no-sidebar.ast-separate-container .entry-content .wp-block-cover.alignwide{margin-left:-20px;margin-right:-20px;padding-left:20px;padding-right:20px;}.ast-no-sidebar.ast-separate-container .entry-content .wp-block-cover.alignfull,.ast-no-sidebar.ast-separate-container .entry-content .wp-block-group.alignfull{margin-left:-6.67em;margin-right:-6.67em;padding-left:6.67em;padding-right:6.67em;}}@media (min-width:1200px){.wp-block-cover-image.alignwide .wp-block-cover__inner-container,.wp-block-cover.alignwide .wp-block-cover__inner-container,.wp-block-cover-image.alignfull .wp-block-cover__inner-container,.wp-block-cover.alignfull .wp-block-cover__inner-container{width:100%;}}.ast-plain-container.ast-no-sidebar #primary{margin-top:0;margin-bottom:0;}@media (max-width:921px){.ast-theme-transparent-header #primary,.ast-theme-transparent-header #secondary{padding:0;}}.wp-block-columns{margin-bottom:unset;}.wp-block-image.size-full{margin:2rem 0;}.wp-block-separator.has-background{padding:0;}.wp-block-gallery{margin-bottom:1.6em;}.wp-block-group{padding-top:4em;padding-bottom:4em;}.wp-block-group__inner-container .wp-block-columns:last-child,.wp-block-group__inner-container :last-child,.wp-block-table table{margin-bottom:0;}.blocks-gallery-grid{width:100%;}.wp-block-navigation-link__content{padding:5px 0;}.wp-block-group .wp-block-group .has-text-align-center,.wp-block-group .wp-block-column .has-text-align-center{max-width:100%;}.has-text-align-center{margin:0 auto;}@media (min-width:1200px){.wp-block-cover__inner-container,.alignwide .wp-block-group__inner-container,.alignfull .wp-block-group__inner-container{max-width:1200px;margin:0 auto;}.wp-block-group.alignnone,.wp-block-group.aligncenter,.wp-block-group.alignleft,.wp-block-group.alignright,.wp-block-group.alignwide,.wp-block-columns.alignwide{margin:2rem 0 1rem 0;}}@media (max-width:1200px){.wp-block-group{padding:3em;}.wp-block-group .wp-block-group{padding:1.5em;}.wp-block-columns,.wp-block-column{margin:1rem 0;}}@media (min-width:921px){.wp-block-columns .wp-block-group{padding:2em;}}@media (max-width:544px){.wp-block-cover-image .wp-block-cover__inner-container,.wp-block-cover .wp-block-cover__inner-container{width:unset;}.wp-block-cover,.wp-block-cover-image{padding:2em 0;}.wp-block-group,.wp-block-cover{padding:2em;}.wp-block-media-text__media img,.wp-block-media-text__media video{width:unset;max-width:100%;}.wp-block-media-text.has-background .wp-block-media-text__content{padding:1em;}}@media (max-width:921px){.ast-plain-container.ast-no-sidebar #primary{padding:0;}}@media (min-width:544px){.entry-content .wp-block-media-text.has-media-on-the-right .wp-block-media-text__content{padding:0 8% 0 0;}.entry-content .wp-block-media-text .wp-block-media-text__content{padding:0 0 0 8%;}.ast-plain-container .site-content .entry-content .has-custom-content-position.is-position-bottom-left &gt; *,.ast-plain-container .site-content .entry-content .has-custom-content-position.is-position-bottom-right &gt; *,.ast-plain-container .site-content .entry-content .has-custom-content-position.is-position-top-left &gt; *,.ast-plain-container .site-content .entry-content .has-custom-content-position.is-position-top-right &gt; *,.ast-plain-container .site-content .entry-content .has-custom-content-position.is-position-center-right &gt; *,.ast-plain-container .site-content .entry-content .has-custom-content-position.is-position-center-left &gt; *{margin:0;}}@media (max-width:544px){.entry-content .wp-block-media-text .wp-block-media-text__content{padding:8% 0;}.wp-block-media-text .wp-block-media-text__media img{width:auto;max-width:100%;}}@media (max-width:921px){.ast-separate-container .ast-article-post,.ast-separate-container .ast-article-single{padding:1.5em 2.14em;}.ast-separate-container #primary,.ast-separate-container #secondary{padding:1.5em 0;}#primary,#secondary{padding:1.5em 0;margin:0;}.ast-left-sidebar #content &gt; .ast-container{display:flex;flex-direction:column-reverse;width:100%;}.ast-author-box img.avatar{margin:20px 0 0 0;}}@media (min-width:922px){.ast-separate-container.ast-right-sidebar #primary,.ast-separate-container.ast-left-sidebar #primary{border:0;}.search-no-results.ast-separate-container #primary{margin-bottom:4em;}}.elementor-button-wrapper .elementor-button{border-style:solid;text-decoration:none;border-top-width:0;border-right-width:0;border-left-width:0;border-bottom-width:0;}body .elementor-button.elementor-size-sm,body .elementor-button.elementor-size-xs,body .elementor-button.elementor-size-md,body .elementor-button.elementor-size-lg,body .elementor-button.elementor-size-xl,body .elementor-button{border-radius:0;padding-top:17px;padding-right:30px;padding-bottom:17px;padding-left:30px;}.elementor-button-wrapper .elementor-button{border-color:#3197d6;background-color:#3197d6;}.elementor-button-wrapper .elementor-button:hover,.elementor-button-wrapper .elementor-button:focus{color:#ffffff;background-color:#0084d6;border-color:#0084d6;}.wp-block-button .wp-block-button__link ,.elementor-button-wrapper .elementor-button,.elementor-button-wrapper .elementor-button:visited{color:#ffffff;}.elementor-button-wrapper .elementor-button{font-family:inherit;font-weight:inherit;line-height:1;text-transform:uppercase;letter-spacing:1px;}body .elementor-button.elementor-size-sm,body .elementor-button.elementor-size-xs,body .elementor-button.elementor-size-md,body .elementor-button.elementor-size-lg,body .elementor-button.elementor-size-xl,body .elementor-button{font-size:15px;font-size:1rem;}.wp-block-button .wp-block-button__link:hover,.wp-block-button .wp-block-button__link:focus{color:#ffffff;background-color:#0084d6;border-color:#0084d6;}.wp-block-button .wp-block-button__link{border-style:solid;border-top-width:0;border-right-width:0;border-left-width:0;border-bottom-width:0;border-color:#3197d6;background-color:#3197d6;color:#ffffff;font-family:inherit;font-weight:inherit;line-height:1;text-transform:uppercase;letter-spacing:1px;font-size:15px;font-size:1rem;border-radius:0;}.wp-block-buttons .wp-block-button .wp-block-button__link{padding-top:17px;padding-right:30px;padding-bottom:17px;padding-left:30px;}.menu-toggle,button,.ast-button,.ast-custom-button,.button,input#submit,input[type="button"],input[type="submit"],input[type="reset"]{border-style:solid;border-top-width:0;border-right-width:0;border-left-width:0;border-bottom-width:0;color:#ffffff;border-color:#3197d6;background-color:#3197d6;border-radius:0;padding-top:17px;padding-right:30px;padding-bottom:17px;padding-left:30px;font-family:inherit;font-weight:inherit;font-size:15px;font-size:1rem;line-height:1;text-transform:uppercase;letter-spacing:1px;}button:focus,.menu-toggle:hover,button:hover,.ast-button:hover,.ast-custom-button:hover .button:hover,.ast-custom-button:hover ,input[type=reset]:hover,input[type=reset]:focus,input#submit:hover,input#submit:focus,input[type="button"]:hover,input[type="button"]:focus,input[type="submit"]:hover,input[type="submit"]:focus{color:#ffffff;background-color:#0084d6;border-color:#0084d6;}@media (min-width:544px){.ast-container{max-width:100%;}}@media (max-width:544px){.ast-separate-container .ast-article-post,.ast-separate-container .ast-article-single,.ast-separate-container .comments-title,.ast-separate-container .ast-archive-description{padding:1.5em 1em;}.ast-separate-container #content .ast-container{padding-left:0.54em;padding-right:0.54em;}.ast-separate-container .ast-comment-list li.depth-1{padding:1.5em 1em;margin-bottom:1.5em;}.ast-separate-container .ast-comment-list .bypostauthor{padding:.5em;}.ast-search-menu-icon.ast-dropdown-active .search-field{width:170px;}}@media (max-width:921px){.ast-mobile-header-stack .main-header-bar .ast-search-menu-icon{display:inline-block;}.ast-header-break-point.ast-header-custom-item-outside .ast-mobile-header-stack .main-header-bar .ast-search-icon{margin:0;}.ast-comment-avatar-wrap img{max-width:2.5em;}.ast-separate-container .ast-comment-list li.depth-1{padding:1.5em 2.14em;}.ast-separate-container .comment-respond{padding:2em 2.14em;}.ast-comment-meta{padding:0 1.8888em 1.3333em;}}body,.ast-separate-container{background-color:#f9f9f9;;}.ast-no-sidebar.ast-separate-container .entry-content .alignfull {margin-left: -6.67em;margin-right: -6.67em;width: auto;}@media (max-width: 1200px) {.ast-no-sidebar.ast-separate-container .entry-content .alignfull {margin-left: -2.4em;margin-right: -2.4em;}}@media (max-width: 768px) {.ast-no-sidebar.ast-separate-container .entry-content .alignfull {margin-left: -2.14em;margin-right: -2.14em;}}@media (max-width: 544px) {.ast-no-sidebar.ast-separate-container .entry-content .alignfull {margin-left: -1em;margin-right: -1em;}}.ast-no-sidebar.ast-separate-container .entry-content .alignwide {margin-left: -20px;margin-right: -20px;}.ast-no-sidebar.ast-separate-container .entry-content .wp-block-column .alignfull,.ast-no-sidebar.ast-separate-container .entry-content .wp-block-column .alignwide {margin-left: auto;margin-right: auto;width: 100%;}@media (max-width:921px){.site-title{display:block;}.ast-archive-description .ast-archive-title{font-size:40px;}.site-header .site-description{display:none;}.entry-title{font-size:30px;}h1,.entry-content h1,.entry-content h1 a{font-size:30px;}h2,.entry-content h2,.entry-content h2 a{font-size:25px;}h3,.entry-content h3,.entry-content h3 a{font-size:20px;}.ast-single-post .entry-title,.page-title{font-size:30px;}.astra-logo-svg{width:120px;}header .custom-logo-link img,.ast-header-break-point .site-logo-img .custom-mobile-logo-link img{max-width:120px;}}@media (max-width:544px){.site-title{display:block;}.ast-archive-description .ast-archive-title{font-size:40px;}.site-header .site-description{display:none;}.entry-title{font-size:30px;}h1,.entry-content h1,.entry-content h1 a{font-size:30px;}h2,.entry-content h2,.entry-content h2 a{font-size:25px;}h3,.entry-content h3,.entry-content h3 a{font-size:20px;}.ast-single-post .entry-title,.page-title{font-size:30px;}header .custom-logo-link img,.ast-header-break-point .site-branding img,.ast-header-break-point .custom-logo-link img{max-width:120px;}.astra-logo-svg{width:120px;}.ast-header-break-point .site-logo-img .custom-mobile-logo-link img{max-width:120px;}}@media (max-width:921px){html{font-size:85.5%;}}@media (max-width:544px){html{font-size:85.5%;}}@media (min-width:922px){.ast-container{max-width:1240px;}}@font-face {font-family: "Astra";src: url(https://askomdch.com/wp-content/themes/astra/assets/fonts/astra.woff) format("woff"),url(https://askomdch.com/wp-content/themes/astra/assets/fonts/astra.ttf) format("truetype"),url(https://askomdch.com/wp-content/themes/astra/assets/fonts/astra.svg#astra) format("svg");font-weight: normal;font-style: normal;font-display: fallback;}@media (min-width:922px){.main-header-menu .sub-menu .menu-item.ast-left-align-sub-menu:hover &gt; .sub-menu,.main-header-menu .sub-menu .menu-item.ast-left-align-sub-menu.focus &gt; .sub-menu{margin-left:-2px;}}.ast-theme-transparent-header [data-section="section-header-mobile-trigger"] .ast-button-wrap .ast-mobile-menu-trigger-minimal{background:transparent;}.footer-widget-area[data-section^="section-fb-html-"] .ast-builder-html-element{text-align:center;}.astra-icon-down_arrow::after {content: "\e900";font-family: Astra;}.astra-icon-close::after {content: "\e5cd";font-family: Astra;}.astra-icon-drag_handle::after {content: "\e25d";font-family: Astra;}.astra-icon-format_align_justify::after {content: "\e235";font-family: Astra;}.astra-icon-menu::after {content: "\e5d2";font-family: Astra;}.astra-icon-reorder::after {content: "\e8fe";font-family: Astra;}.astra-icon-search::after {content: "\e8b6";font-family: Astra;}.astra-icon-zoom_in::after {content: "\e56b";font-family: Astra;}.astra-icon-check-circle::after {content: "\e901";font-family: Astra;}.astra-icon-shopping-cart::after {content: "\f07a";font-family: Astra;}.astra-icon-shopping-bag::after {content: "\f290";font-family: Astra;}.astra-icon-shopping-basket::after {content: "\f291";font-family: Astra;}.astra-icon-circle-o::after {content: "\e903";font-family: Astra;}.astra-icon-certificate::after {content: "\e902";font-family: Astra;}blockquote {padding: 1.2em;}.ast-header-break-point .ast-mobile-header-wrap .ast-above-header-wrap .main-header-bar-navigation .inline-on-mobile .menu-item .menu-link,.ast-header-break-point .ast-mobile-header-wrap .ast-main-header-wrap .main-header-bar-navigation .inline-on-mobile .menu-item .menu-link,.ast-header-break-point .ast-mobile-header-wrap .ast-below-header-wrap .main-header-bar-navigation .inline-on-mobile .menu-item .menu-link {border: none;}.ast-header-break-point .ast-mobile-header-wrap .ast-above-header-wrap .main-header-bar-navigation .inline-on-mobile .menu-item-has-children &gt; .ast-menu-toggle::before,.ast-header-break-point .ast-mobile-header-wrap .ast-main-header-wrap .main-header-bar-navigation .inline-on-mobile .menu-item-has-children &gt; .ast-menu-toggle::before,.ast-header-break-point .ast-mobile-header-wrap .ast-below-header-wrap .main-header-bar-navigation .inline-on-mobile .menu-item-has-children &gt; .ast-menu-toggle::before {font-size: .6rem;}.ast-header-break-point .ast-mobile-header-wrap .ast-flex.inline-on-mobile {flex-wrap: unset;}.ast-header-break-point .ast-mobile-header-wrap .ast-flex.inline-on-mobile .menu-item.ast-submenu-expanded &gt; .sub-menu .menu-link {padding: .1em 1em;}.ast-header-break-point .ast-mobile-header-wrap .ast-flex.inline-on-mobile .menu-item.ast-submenu-expanded &gt; .sub-menu &gt; .menu-item .ast-menu-toggle::before {transform: rotate(-90deg);}.ast-header-break-point .ast-mobile-header-wrap .ast-flex.inline-on-mobile .menu-item.ast-submenu-expanded &gt; .sub-menu &gt; .menu-item.ast-submenu-expanded .ast-menu-toggle::before {transform: rotate(-270deg);}.ast-header-break-point .ast-mobile-header-wrap .ast-flex.inline-on-mobile .menu-item &gt; .sub-menu &gt; .menu-item .menu-link:before {content: none;}.ast-header-break-point .ast-mobile-header-wrap .ast-flex.inline-on-mobile {flex-wrap: unset;}.ast-header-break-point .ast-mobile-header-wrap .ast-flex.inline-on-mobile .menu-item.ast-submenu-expanded &gt; .sub-menu .menu-link {padding: .1em 1em;}.ast-header-break-point .ast-mobile-header-wrap .ast-flex.inline-on-mobile .menu-item.ast-submenu-expanded &gt; .sub-menu &gt; .menu-item .ast-menu-toggle::before {transform: rotate(-90deg);}.ast-header-break-point .ast-mobile-header-wrap .ast-flex.inline-on-mobile .menu-item.ast-submenu-expanded &gt; .sub-menu &gt; .menu-item.ast-submenu-expanded .ast-menu-toggle::before {transform: rotate(-270deg);}.ast-header-break-point .ast-mobile-header-wrap .ast-flex.inline-on-mobile .menu-item &gt; .sub-menu &gt; .menu-item .menu-link:before {content: none;}.ast-header-break-point .inline-on-mobile .sub-menu {width: 150px;}.ast-header-break-point .ast-mobile-header-wrap .ast-flex.inline-on-mobile .menu-item.menu-item-has-children {margin-right: 10px;}.ast-header-break-point .ast-mobile-header-wrap .ast-flex.inline-on-mobile .menu-item.ast-submenu-expanded &gt; .sub-menu {display: block;position: absolute;right: auto;left: 0;}.ast-header-break-point .ast-mobile-header-wrap .ast-flex.inline-on-mobile .menu-item.ast-submenu-expanded &gt; .sub-menu .menu-item .ast-menu-toggle {padding: 0;right: 1em;}.ast-header-break-point .ast-mobile-header-wrap .ast-flex.inline-on-mobile .menu-item.ast-submenu-expanded &gt; .sub-menu &gt; .menu-item &gt; .sub-menu {left: 100%;right: auto;}.ast-header-break-point .ast-mobile-header-wrap .ast-flex.inline-on-mobile .ast-menu-toggle {right: -15px;}.ast-header-break-point .ast-mobile-header-wrap .ast-flex.inline-on-mobile .menu-item.menu-item-has-children {margin-right: 10px;}.ast-header-break-point .ast-mobile-header-wrap .ast-flex.inline-on-mobile .menu-item.ast-submenu-expanded &gt; .sub-menu {display: block;position: absolute;right: auto;left: 0;}.ast-header-break-point .ast-mobile-header-wrap .ast-flex.inline-on-mobile .menu-item.ast-submenu-expanded &gt; .sub-menu &gt; .menu-item &gt; .sub-menu {left: 100%;right: auto;}.ast-header-break-point .ast-mobile-header-wrap .ast-flex.inline-on-mobile .ast-menu-toggle {right: -15px;}:root .has-ast-global-color-0-color{color:var(--ast-global-color-0);}:root .has-ast-global-color-0-background-color{background-color:var(--ast-global-color-0);}:root .wp-block-button .has-ast-global-color-0-color{color:var(--ast-global-color-0);}:root .wp-block-button .has-ast-global-color-0-background-color{background-color:var(--ast-global-color-0);}:root .has-ast-global-color-1-color{color:var(--ast-global-color-1);}:root .has-ast-global-color-1-background-color{background-color:var(--ast-global-color-1);}:root .wp-block-button .has-ast-global-color-1-color{color:var(--ast-global-color-1);}:root .wp-block-button .has-ast-global-color-1-background-color{background-color:var(--ast-global-color-1);}:root .has-ast-global-color-2-color{color:var(--ast-global-color-2);}:root .has-ast-global-color-2-background-color{background-color:var(--ast-global-color-2);}:root .wp-block-button .has-ast-global-color-2-color{color:var(--ast-global-color-2);}:root .wp-block-button .has-ast-global-color-2-background-color{background-color:var(--ast-global-color-2);}:root .has-ast-global-color-3-color{color:var(--ast-global-color-3);}:root .has-ast-global-color-3-background-color{background-color:var(--ast-global-color-3);}:root .wp-block-button .has-ast-global-color-3-color{color:var(--ast-global-color-3);}:root .wp-block-button .has-ast-global-color-3-background-color{background-color:var(--ast-global-color-3);}:root .has-ast-global-color-4-color{color:var(--ast-global-color-4);}:root .has-ast-global-color-4-background-color{background-color:var(--ast-global-color-4);}:root .wp-block-button .has-ast-global-color-4-color{color:var(--ast-global-color-4);}:root .wp-block-button .has-ast-global-color-4-background-color{background-color:var(--ast-global-color-4);}:root .has-ast-global-color-5-color{color:var(--ast-global-color-5);}:root .has-ast-global-color-5-background-color{background-color:var(--ast-global-color-5);}:root .wp-block-button .has-ast-global-color-5-color{color:var(--ast-global-color-5);}:root .wp-block-button .has-ast-global-color-5-background-color{background-color:var(--ast-global-color-5);}:root .has-ast-global-color-6-color{color:var(--ast-global-color-6);}:root .has-ast-global-color-6-background-color{background-color:var(--ast-global-color-6);}:root .wp-block-button .has-ast-global-color-6-color{color:var(--ast-global-color-6);}:root .wp-block-button .has-ast-global-color-6-background-color{background-color:var(--ast-global-color-6);}:root .has-ast-global-color-7-color{color:var(--ast-global-color-7);}:root .has-ast-global-color-7-background-color{background-color:var(--ast-global-color-7);}:root .wp-block-button .has-ast-global-color-7-color{color:var(--ast-global-color-7);}:root .wp-block-button .has-ast-global-color-7-background-color{background-color:var(--ast-global-color-7);}:root .has-ast-global-color-8-color{color:var(--ast-global-color-8);}:root .has-ast-global-color-8-background-color{background-color:var(--ast-global-color-8);}:root .wp-block-button .has-ast-global-color-8-color{color:var(--ast-global-color-8);}:root .wp-block-button .has-ast-global-color-8-background-color{background-color:var(--ast-global-color-8);}:root{--ast-global-color-0:#0170B9;--ast-global-color-1:#3a3a3a;--ast-global-color-2:#3a3a3a;--ast-global-color-3:#4B4F58;--ast-global-color-4:#F5F5F5;--ast-global-color-5:#FFFFFF;--ast-global-color-6:#F2F5F7;--ast-global-color-7:#424242;--ast-global-color-8:#000000;}.ast-theme-transparent-header #masthead .site-logo-img .transparent-custom-logo .astra-logo-svg{width:140px;}.ast-theme-transparent-header #masthead .site-logo-img .transparent-custom-logo img{ max-width:140px;}@media (min-width:921px){.ast-theme-transparent-header #masthead{position:absolute;left:0;right:0;}.ast-theme-transparent-header .main-header-bar,.ast-theme-transparent-header.ast-header-break-point .main-header-bar{background:none;}body.elementor-editor-active.ast-theme-transparent-header #masthead,.fl-builder-edit .ast-theme-transparent-header #masthead,body.vc_editor.ast-theme-transparent-header #masthead,body.brz-ed.ast-theme-transparent-header #masthead{z-index:0;}.ast-header-break-point.ast-replace-site-logo-transparent.ast-theme-transparent-header .custom-mobile-logo-link{display:none;}.ast-header-break-point.ast-replace-site-logo-transparent.ast-theme-transparent-header .transparent-custom-logo{display:inline-block;}.ast-theme-transparent-header .ast-above-header,.ast-theme-transparent-header .ast-above-header.ast-above-header-bar{background-image:none;background-color:transparent;}.ast-theme-transparent-header .ast-below-header{background-image:none;background-color:transparent;}}@media (min-width:922px){.ast-theme-transparent-header .main-header-bar,.ast-theme-transparent-header.ast-header-break-point .main-header-bar-wrap .main-header-menu,.ast-theme-transparent-header.ast-header-break-point .main-header-bar-wrap .main-header-bar,.ast-theme-transparent-header.ast-header-break-point .ast-mobile-header-wrap .main-header-bar{background-color:rgba(0,0,0,0.07);}.ast-theme-transparent-header .main-header-bar .ast-search-menu-icon form{background-color:rgba(0,0,0,0.07);}.ast-theme-transparent-header .ast-above-header,.ast-theme-transparent-header .ast-above-header.ast-above-header-bar,.ast-theme-transparent-header .ast-below-header,.ast-header-break-point.ast-theme-transparent-header .ast-above-header,.ast-header-break-point.ast-theme-transparent-header .ast-below-header{background-color:rgba(0,0,0,0.07);}.ast-theme-transparent-header .site-title a,.ast-theme-transparent-header .site-title a:focus,.ast-theme-transparent-header .site-title a:hover,.ast-theme-transparent-header .site-title a:visited{color:#ffffff;}.ast-theme-transparent-header .site-header .site-description{color:#ffffff;}.ast-theme-transparent-header .ast-builder-menu .main-header-menu .menu-item .sub-menu .menu-item .menu-link,.ast-theme-transparent-header .ast-builder-menu .main-header-menu .menu-item .sub-menu .menu-item &gt; .ast-menu-toggle,.ast-theme-transparent-header .main-header-menu .menu-item .sub-menu .menu-link,.ast-header-break-point.ast-flyout-menu-enable.ast-header-break-point .main-header-bar-navigation .main-header-menu .menu-item .sub-menu .menu-link{color:#333333;}.ast-theme-transparent-header .ast-builder-menu .main-header-menu .menu-item .sub-menu .menu-link:hover,.ast-theme-transparent-header .ast-builder-menu .main-header-menu .menu-item .sub-menu .menu-item:hover &gt; .menu-link,.ast-theme-transparent-header .ast-builder-menu .main-header-menu .menu-item .sub-menu .menu-item.focus &gt; .menu-item,.ast-theme-transparent-header .ast-builder-menu .main-header-menu .menu-item .sub-menu .menu-item.current-menu-item &gt; .menu-link,.ast-theme-transparent-header .ast-builder-menu .main-header-menu .menu-item .sub-menu .menu-item.current-menu-item &gt; .ast-menu-toggle,.ast-theme-transparent-header .ast-builder-menu .main-header-menu .menu-item .sub-menu .menu-item:hover &gt; .ast-menu-toggle,.ast-theme-transparent-header .ast-builder-menu .main-header-menu .menu-item .sub-menu .menu-item.focus &gt; .ast-menu-toggle,.ast-theme-transparent-header .main-header-menu .menu-item .sub-menu .menu-item:hover &gt; .menu-link,.ast-header-break-point.ast-flyout-menu-enable.ast-header-break-point .main-header-bar-navigation .main-header-menu .menu-item .sub-menu .menu-link{color:#000000;}.ast-theme-transparent-header .ast-builder-menu .main-header-menu,.ast-theme-transparent-header .ast-builder-menu .main-header-menu .menu-link,.ast-theme-transparent-header [CLASS*="ast-builder-menu-"] .main-header-menu .menu-item &gt; .menu-link,.ast-theme-transparent-header .ast-masthead-custom-menu-items,.ast-theme-transparent-header .ast-masthead-custom-menu-items a,.ast-theme-transparent-header .ast-builder-menu .main-header-menu .menu-item &gt; .ast-menu-toggle,.ast-theme-transparent-header .ast-builder-menu .main-header-menu .menu-item &gt; .ast-menu-toggle,.ast-theme-transparent-header .ast-above-header-navigation a,.ast-header-break-point.ast-theme-transparent-header .ast-above-header-navigation a,.ast-header-break-point.ast-theme-transparent-header .ast-above-header-navigation &gt; ul.ast-above-header-menu &gt; .menu-item-has-children:not(.current-menu-item) &gt; .ast-menu-toggle,.ast-theme-transparent-header .ast-below-header-menu,.ast-theme-transparent-header .ast-below-header-menu a,.ast-header-break-point.ast-theme-transparent-header .ast-below-header-menu a,.ast-header-break-point.ast-theme-transparent-header .ast-below-header-menu,.ast-theme-transparent-header .main-header-menu .menu-link{color:#cecece;}.ast-theme-transparent-header .ast-builder-menu .main-header-menu .menu-item:hover &gt; .menu-link,.ast-theme-transparent-header .ast-builder-menu .main-header-menu .menu-item:hover &gt; .ast-menu-toggle,.ast-theme-transparent-header .ast-builder-menu .main-header-menu .ast-masthead-custom-menu-items a:hover,.ast-theme-transparent-header .ast-builder-menu .main-header-menu .focus &gt; .menu-link,.ast-theme-transparent-header .ast-builder-menu .main-header-menu .focus &gt; .ast-menu-toggle,.ast-theme-transparent-header .ast-builder-menu .main-header-menu .current-menu-item &gt; .menu-link,.ast-theme-transparent-header .ast-builder-menu .main-header-menu .current-menu-ancestor &gt; .menu-link,.ast-theme-transparent-header .ast-builder-menu .main-header-menu .current-menu-item &gt; .ast-menu-toggle,.ast-theme-transparent-header .ast-builder-menu .main-header-menu .current-menu-ancestor &gt; .ast-menu-toggle,.ast-theme-transparent-header [CLASS*="ast-builder-menu-"] .main-header-menu .current-menu-item &gt; .menu-link,.ast-theme-transparent-header [CLASS*="ast-builder-menu-"] .main-header-menu .current-menu-ancestor &gt; .menu-link,.ast-theme-transparent-header [CLASS*="ast-builder-menu-"] .main-header-menu .current-menu-item &gt; .ast-menu-toggle,.ast-theme-transparent-header [CLASS*="ast-builder-menu-"] .main-header-menu .current-menu-ancestor &gt; .ast-menu-toggle,.ast-theme-transparent-header .main-header-menu .menu-item:hover &gt; .menu-link,.ast-theme-transparent-header .main-header-menu .current-menu-item &gt; .menu-link,.ast-theme-transparent-header .main-header-menu .current-menu-ancestor &gt; .menu-link{color:#ffffff;}.ast-theme-transparent-header div.ast-masthead-custom-menu-items,.ast-theme-transparent-header div.ast-masthead-custom-menu-items .widget,.ast-theme-transparent-header div.ast-masthead-custom-menu-items .widget-title,.ast-theme-transparent-header .site-header-section [CLASS*="ast-header-html-"] .ast-builder-html-element{color:#000000;}.ast-theme-transparent-header div.ast-masthead-custom-menu-items a,.ast-theme-transparent-header div.ast-masthead-custom-menu-items .widget a,.ast-theme-transparent-header .site-header-section [CLASS*="ast-header-html-"] .ast-builder-html-element a{color:#cecece;}.ast-theme-transparent-header div.ast-masthead-custom-menu-items a:hover,.ast-theme-transparent-header div.ast-masthead-custom-menu-items .widget a:hover,.ast-theme-transparent-header .site-header-section [CLASS*="ast-header-html-"] .ast-builder-html-element a:hover{color:#ffffff;}}@media (max-width:921px){.transparent-custom-logo{display:none;}}@media (min-width:921px){.ast-transparent-mobile-logo{display:none;}}@media (max-width:921px){.ast-transparent-mobile-logo{display:block;}}@media (min-width:921px){.ast-theme-transparent-header #ast-desktop-header &gt; [CLASS*="-header-wrap"]:nth-last-child(2) &gt; [CLASS*="-header-bar"]{border-bottom-width:0;border-bottom-style:solid;border-bottom-color:rgba(0,0,0,0);}}.ast-breadcrumbs .trail-browse,.ast-breadcrumbs .trail-items,.ast-breadcrumbs .trail-items li{display:inline-block;margin:0;padding:0;border:none;background:inherit;text-indent:0;}.ast-breadcrumbs .trail-browse{font-size:inherit;font-style:inherit;font-weight:inherit;color:inherit;}.ast-breadcrumbs .trail-items{list-style:none;}.trail-items li::after{padding:0 0.3em;content:"\00bb";}.trail-items li:last-of-type::after{display:none;}h1,.entry-content h1,h2,.entry-content h2,h3,.entry-content h3,h4,.entry-content h4,h5,.entry-content h5,h6,.entry-content h6{color:var(--ast-global-color-2);}@media (max-width:921px){.ast-builder-grid-row-container.ast-builder-grid-row-tablet-3-firstrow .ast-builder-grid-row &gt; *:first-child,.ast-builder-grid-row-container.ast-builder-grid-row-tablet-3-lastrow .ast-builder-grid-row &gt; *:last-child{grid-column:1 / -1;}}@media (max-width:544px){.ast-builder-grid-row-container.ast-builder-grid-row-mobile-3-firstrow .ast-builder-grid-row &gt; *:first-child,.ast-builder-grid-row-container.ast-builder-grid-row-mobile-3-lastrow .ast-builder-grid-row &gt; *:last-child{grid-column:1 / -1;}}.ast-builder-layout-element[data-section="title_tagline"]{display:flex;}@media (max-width:921px){.ast-header-break-point .ast-builder-layout-element[data-section="title_tagline"]{display:flex;}}@media (max-width:544px){.ast-header-break-point .ast-builder-layout-element[data-section="title_tagline"]{display:flex;}}.ast-builder-menu-1{font-family:inherit;font-weight:normal;}.ast-builder-menu-1 .menu-item.current-menu-item &gt; .menu-link,.ast-builder-menu-1 .inline-on-mobile .menu-item.current-menu-item &gt; .ast-menu-toggle,.ast-builder-menu-1 .current-menu-ancestor &gt; .menu-link{color:#602bb7;}.ast-builder-menu-1 .menu-item.current-menu-item &gt; .ast-menu-toggle{color:#602bb7;}.ast-builder-menu-1 .sub-menu,.ast-builder-menu-1 .inline-on-mobile .sub-menu{border-top-width:1px;border-bottom-width:1px;border-right-width:1px;border-left-width:1px;border-color:#dddddd;border-style:solid;border-radius:0;}.ast-builder-menu-1 .main-header-menu &gt; .menu-item &gt; .sub-menu,.ast-builder-menu-1 .main-header-menu &gt; .menu-item &gt; .astra-full-megamenu-wrapper{margin-top:0;}.ast-desktop .ast-builder-menu-1 .main-header-menu &gt; .menu-item &gt; .sub-menu:before,.ast-desktop .ast-builder-menu-1 .main-header-menu &gt; .menu-item &gt; .astra-full-megamenu-wrapper:before{height:calc( 0px + 5px );}.ast-desktop .ast-builder-menu-1 .menu-item .sub-menu .menu-link{border-bottom-width:1px;border-color:#eaeaea;border-style:solid;}.ast-desktop .ast-builder-menu-1 .menu-item .sub-menu .menu-item:last-child .menu-link{border-bottom-width:0;}@media (max-width:921px){.ast-header-break-point .ast-builder-menu-1 .menu-item.menu-item-has-children &gt; .ast-menu-toggle{top:0;}.ast-builder-menu-1 .menu-item-has-children &gt; .menu-link:after{content:unset;}}@media (max-width:544px){.ast-header-break-point .ast-builder-menu-1 .menu-item.menu-item-has-children &gt; .ast-menu-toggle{top:0;}}.ast-builder-menu-1{display:flex;}@media (max-width:921px){.ast-header-break-point .ast-builder-menu-1{display:flex;}}@media (max-width:544px){.ast-header-break-point .ast-builder-menu-1{display:flex;}}.ast-site-header-cart .ast-cart-menu-wrap,.ast-site-header-cart .ast-addon-cart-wrap{color:#d2d2d2;}.ast-site-header-cart .ast-cart-menu-wrap .count,.ast-site-header-cart .ast-cart-menu-wrap .count:after,.ast-site-header-cart .ast-addon-cart-wrap .count,.ast-site-header-cart .ast-addon-cart-wrap .ast-icon-shopping-cart:after{color:#d2d2d2;border-color:#d2d2d2;}.ast-site-header-cart .ast-addon-cart-wrap .ast-icon-shopping-cart:after{color:#ffffff;background-color:#d2d2d2;}.ast-site-header-cart .ast-woo-header-cart-info-wrap{color:#d2d2d2;}.ast-site-header-cart .ast-addon-cart-wrap i.astra-icon:after{color:#ffffff;background-color:#d2d2d2;}.ast-theme-transparent-header .ast-site-header-cart .ast-cart-menu-wrap,.ast-theme-transparent-header .ast-site-header-cart .ast-addon-cart-wrap{color:#d2d2d2;}.ast-theme-transparent-header .ast-site-header-cart .ast-cart-menu-wrap .count,.ast-theme-transparent-header .ast-site-header-cart .ast-cart-menu-wrap .count:after,.ast-theme-transparent-header .ast-site-header-cart .ast-addon-cart-wrap .count,.ast-theme-transparent-header .ast-site-header-cart .ast-addon-cart-wrap .ast-icon-shopping-cart:after{color:#d2d2d2;border-color:#d2d2d2;}.ast-theme-transparent-header .ast-site-header-cart .ast-addon-cart-wrap .ast-icon-shopping-cart:after{color:#ffffff;background-color:#d2d2d2;}.ast-theme-transparent-header .ast-site-header-cart .ast-woo-header-cart-info-wrap{color:#d2d2d2;}.ast-theme-transparent-header .ast-site-header-cart .ast-addon-cart-wrap i.astra-icon:after{color:#ffffff;background-color:#d2d2d2;}#ast-site-header-cart .widget_shopping_cart .mini_cart_item{border-bottom-color:rgb(0,0,0);}@media (max-width:921px){#astra-mobile-cart-drawer .widget_shopping_cart .mini_cart_item{border-bottom-color:rgb(0,0,0);}}@media (max-width:544px){#astra-mobile-cart-drawer .widget_shopping_cart .mini_cart_item{border-bottom-color:rgb(0,0,0);}}.ast-site-header-cart .ast-cart-menu-wrap,.ast-site-header-cart .ast-addon-cart-wrap{color:#d2d2d2;}.ast-site-header-cart .ast-cart-menu-wrap:hover .count,.ast-site-header-cart .ast-addon-cart-wrap:hover .count{color:#000000;background-color:#d2d2d2;}.ast-menu-cart-outline .ast-cart-menu-wrap .count,.ast-menu-cart-outline .ast-addon-cart-wrap{color:#d2d2d2;}.ast-site-header-cart .ast-menu-cart-outline .ast-woo-header-cart-info-wrap{color:#d2d2d2;}.ast-menu-cart-fill .ast-cart-menu-wrap .count,.ast-menu-cart-fill .ast-cart-menu-wrap,.ast-menu-cart-fill .ast-addon-cart-wrap .ast-woo-header-cart-info-wrap,.ast-menu-cart-fill .ast-addon-cart-wrap{background-color:#d2d2d2;color:#000000;}.ast-theme-transparent-header .ast-site-header-cart .ast-cart-menu-wrap,.ast-theme-transparent-header .ast-site-header-cart .ast-addon-cart-wrap{color:#d2d2d2;}.ast-theme-transparent-header .ast-site-header-cart .ast-cart-menu-wrap:hover .count,.ast-theme-transparent-header .ast-site-header-cart .ast-addon-cart-wrap:hover .count{color:#000000;background-color:#d2d2d2;}.ast-theme-transparent-header .ast-menu-cart-outline .ast-cart-menu-wrap .count,.ast-theme-transparent-header .ast-menu-cart-outline .ast-addon-cart-wrap{color:#d2d2d2;}.ast-theme-transparent-header .ast-site-header-cart .ast-menu-cart-outline .ast-woo-header-cart-info-wrap{color:#d2d2d2;}.ast-theme-transparent-header .ast-menu-cart-fill .ast-cart-menu-wrap .count,.ast-theme-transparent-header .ast-menu-cart-fill .ast-cart-menu-wrap,.ast-theme-transparent-header .ast-menu-cart-fill .ast-addon-cart-wrap .ast-woo-header-cart-info-wrap,.ast-theme-transparent-header .ast-menu-cart-fill .ast-addon-cart-wrap{background-color:#d2d2d2;color:#000000;}.ast-site-header-cart.ast-menu-cart-outline .ast-cart-menu-wrap,.ast-site-header-cart.ast-menu-cart-fill .ast-cart-menu-wrap,.ast-site-header-cart.ast-menu-cart-outline .ast-cart-menu-wrap .count,.ast-site-header-cart.ast-menu-cart-fill .ast-cart-menu-wrap .count,.ast-site-header-cart.ast-menu-cart-outline .ast-addon-cart-wrap,.ast-site-header-cart.ast-menu-cart-fill .ast-addon-cart-wrap,.ast-site-header-cart.ast-menu-cart-outline .ast-woo-header-cart-info-wrap,.ast-site-header-cart.ast-menu-cart-fill .ast-woo-header-cart-info-wrap{border-radius:3px;}.ast-header-woo-cart{display:flex;}@media (max-width:921px){.ast-header-break-point .ast-header-woo-cart{display:flex;}}@media (max-width:544px){.ast-header-break-point .ast-header-woo-cart{display:none;}}.site-below-footer-wrap{padding-top:20px;padding-bottom:20px;}.site-below-footer-wrap[data-section="section-below-footer-builder"]{background-color:#ffffff;;background-image:none;;min-height:80px;border-style:solid;border-width:0px;border-top-width:1px;border-top-color:rgba(122,122,122,0.13);}.site-below-footer-wrap[data-section="section-below-footer-builder"] .ast-builder-grid-row{max-width:1200px;margin-left:auto;margin-right:auto;}.site-below-footer-wrap[data-section="section-below-footer-builder"] .ast-builder-grid-row,.site-below-footer-wrap[data-section="section-below-footer-builder"] .site-footer-section{align-items:flex-start;}.site-below-footer-wrap[data-section="section-below-footer-builder"].ast-footer-row-inline .site-footer-section{display:flex;margin-bottom:0;}.ast-builder-grid-row-2-equal .ast-builder-grid-row{grid-template-columns:repeat( 2,1fr );}@media (max-width:921px){.site-below-footer-wrap[data-section="section-below-footer-builder"].ast-footer-row-tablet-inline .site-footer-section{display:flex;margin-bottom:0;}.site-below-footer-wrap[data-section="section-below-footer-builder"].ast-footer-row-tablet-stack .site-footer-section{display:block;margin-bottom:10px;}.ast-builder-grid-row-container.ast-builder-grid-row-tablet-2-equal .ast-builder-grid-row{grid-template-columns:repeat( 2,1fr );}}@media (max-width:544px){.site-below-footer-wrap[data-section="section-below-footer-builder"].ast-footer-row-mobile-inline .site-footer-section{display:flex;margin-bottom:0;}.site-below-footer-wrap[data-section="section-below-footer-builder"].ast-footer-row-mobile-stack .site-footer-section{display:block;margin-bottom:10px;}.ast-builder-grid-row-container.ast-builder-grid-row-mobile-full .ast-builder-grid-row{grid-template-columns:1fr;}}@media (max-width:921px){.site-below-footer-wrap[data-section="section-below-footer-builder"]{padding-left:30px;padding-right:30px;}}.site-below-footer-wrap[data-section="section-below-footer-builder"]{display:grid;}@media (max-width:921px){.ast-header-break-point .site-below-footer-wrap[data-section="section-below-footer-builder"]{display:grid;}}@media (max-width:544px){.ast-header-break-point .site-below-footer-wrap[data-section="section-below-footer-builder"]{display:grid;}}.ast-builder-html-element img.alignnone{display:inline-block;}.ast-builder-html-element p:first-child{margin-top:0;}.ast-builder-html-element p:last-child{margin-bottom:0;}.ast-header-break-point .main-header-bar .ast-builder-html-element{line-height:1.85714285714286;}.footer-widget-area[data-section="section-fb-html-1"]{display:block;}@media (max-width:921px){.ast-header-break-point .footer-widget-area[data-section="section-fb-html-1"]{display:block;}}@media (max-width:544px){.ast-header-break-point .footer-widget-area[data-section="section-fb-html-1"]{display:block;}}.footer-widget-area[data-section="section-fb-html-1"] .ast-builder-html-element{text-align:right;}@media (max-width:921px){.footer-widget-area[data-section="section-fb-html-1"] .ast-builder-html-element{text-align:right;}}@media (max-width:544px){.footer-widget-area[data-section="section-fb-html-1"] .ast-builder-html-element{text-align:center;}}.ast-footer-copyright{text-align:left;}.ast-footer-copyright {color:#000000;}@media (max-width:921px){.ast-footer-copyright{text-align:left;}}@media (max-width:544px){.ast-footer-copyright{text-align:center;}}.ast-footer-copyright.ast-builder-layout-element{display:flex;}@media (max-width:921px){.ast-header-break-point .ast-footer-copyright.ast-builder-layout-element{display:flex;}}@media (max-width:544px){.ast-header-break-point .ast-footer-copyright.ast-builder-layout-element{display:flex;}}.site-footer{background-color:#ffffff;;background-image:none;;}.site-primary-footer-wrap{padding-top:45px;padding-bottom:45px;}.site-primary-footer-wrap[data-section="section-primary-footer-builder"]{background-color:#ffffff;;background-image:none;;}.site-primary-footer-wrap[data-section="section-primary-footer-builder"] .ast-builder-grid-row{grid-column-gap:200px;max-width:1200px;margin-left:auto;margin-right:auto;}.site-primary-footer-wrap[data-section="section-primary-footer-builder"] .ast-builder-grid-row,.site-primary-footer-wrap[data-section="section-primary-footer-builder"] .site-footer-section{align-items:flex-start;}.site-primary-footer-wrap[data-section="section-primary-footer-builder"].ast-footer-row-inline .site-footer-section{display:flex;margin-bottom:0;}.ast-builder-grid-row-4-equal .ast-builder-grid-row{grid-template-columns:repeat( 4,1fr );}@media (max-width:921px){.site-primary-footer-wrap[data-section="section-primary-footer-builder"].ast-footer-row-tablet-inline .site-footer-section{display:flex;margin-bottom:0;}.site-primary-footer-wrap[data-section="section-primary-footer-builder"].ast-footer-row-tablet-stack .site-footer-section{display:block;margin-bottom:10px;}.ast-builder-grid-row-container.ast-builder-grid-row-tablet-4-equal .ast-builder-grid-row{grid-template-columns:repeat( 4,1fr );}}@media (max-width:544px){.site-primary-footer-wrap[data-section="section-primary-footer-builder"].ast-footer-row-mobile-inline .site-footer-section{display:flex;margin-bottom:0;}.site-primary-footer-wrap[data-section="section-primary-footer-builder"].ast-footer-row-mobile-stack .site-footer-section{display:block;margin-bottom:10px;}.ast-builder-grid-row-container.ast-builder-grid-row-mobile-full .ast-builder-grid-row{grid-template-columns:1fr;}}.site-primary-footer-wrap[data-section="section-primary-footer-builder"]{padding-top:55px;padding-bottom:55px;}@media (max-width:921px){.site-primary-footer-wrap[data-section="section-primary-footer-builder"]{padding-left:30px;padding-right:30px;}}@media (max-width:544px){.site-primary-footer-wrap[data-section="section-primary-footer-builder"]{padding-top:40px;padding-bottom:20px;}}.site-primary-footer-wrap[data-section="section-primary-footer-builder"]{display:grid;}@media (max-width:921px){.ast-header-break-point .site-primary-footer-wrap[data-section="section-primary-footer-builder"]{display:grid;}}@media (max-width:544px){.ast-header-break-point .site-primary-footer-wrap[data-section="section-primary-footer-builder"]{display:grid;}}.footer-widget-area[data-section="sidebar-widgets-footer-widget-1"] .footer-widget-area-inner{text-align:left;}@media (max-width:921px){.footer-widget-area[data-section="sidebar-widgets-footer-widget-1"] .footer-widget-area-inner{text-align:left;}}@media (max-width:544px){.footer-widget-area[data-section="sidebar-widgets-footer-widget-1"] .footer-widget-area-inner{text-align:center;}}.footer-widget-area[data-section="sidebar-widgets-footer-widget-1"] .footer-widget-area-inner{color:#434343;}.footer-widget-area[data-section="sidebar-widgets-footer-widget-1"] .footer-widget-area-inner a{color:#434343;}.footer-widget-area[data-section="sidebar-widgets-footer-widget-1"] .footer-widget-area-inner a:hover{color:#3197d6;}.footer-widget-area[data-section="sidebar-widgets-footer-widget-1"] .widget-title{color:#000000;}.footer-widget-area[data-section="sidebar-widgets-footer-widget-1"]{display:block;}@media (max-width:921px){.ast-header-break-point .footer-widget-area[data-section="sidebar-widgets-footer-widget-1"]{display:block;}}@media (max-width:544px){.ast-header-break-point .footer-widget-area[data-section="sidebar-widgets-footer-widget-1"]{display:block;}}.footer-widget-area[data-section="sidebar-widgets-footer-widget-2"] .footer-widget-area-inner{color:#434343;}.footer-widget-area[data-section="sidebar-widgets-footer-widget-2"] .footer-widget-area-inner a{color:#434343;}.footer-widget-area[data-section="sidebar-widgets-footer-widget-2"] .footer-widget-area-inner a:hover{color:#3197d6;}.footer-widget-area[data-section="sidebar-widgets-footer-widget-2"] .widget-title{color:#000000;}.footer-widget-area[data-section="sidebar-widgets-footer-widget-2"]{display:block;}@media (max-width:921px){.ast-header-break-point .footer-widget-area[data-section="sidebar-widgets-footer-widget-2"]{display:block;}}@media (max-width:544px){.ast-header-break-point .footer-widget-area[data-section="sidebar-widgets-footer-widget-2"]{display:block;}}.footer-widget-area[data-section="sidebar-widgets-footer-widget-3"] .footer-widget-area-inner{color:#434343;}.footer-widget-area[data-section="sidebar-widgets-footer-widget-3"] .footer-widget-area-inner a{color:#434343;}.footer-widget-area[data-section="sidebar-widgets-footer-widget-3"] .footer-widget-area-inner a:hover{color:#3197d6;}.footer-widget-area[data-section="sidebar-widgets-footer-widget-3"] .widget-title{color:#000000;}.footer-widget-area[data-section="sidebar-widgets-footer-widget-3"]{display:block;}@media (max-width:921px){.ast-header-break-point .footer-widget-area[data-section="sidebar-widgets-footer-widget-3"]{display:block;}}@media (max-width:544px){.ast-header-break-point .footer-widget-area[data-section="sidebar-widgets-footer-widget-3"]{display:block;}}.footer-widget-area[data-section="sidebar-widgets-footer-widget-4"] .footer-widget-area-inner{color:#434343;}.footer-widget-area[data-section="sidebar-widgets-footer-widget-4"] .footer-widget-area-inner a{color:#434343;}.footer-widget-area[data-section="sidebar-widgets-footer-widget-4"] .footer-widget-area-inner a:hover{color:#3197d6;}.footer-widget-area[data-section="sidebar-widgets-footer-widget-4"] .widget-title{color:#000000;}.footer-widget-area[data-section="sidebar-widgets-footer-widget-4"]{display:block;}@media (max-width:921px){.ast-header-break-point .footer-widget-area[data-section="sidebar-widgets-footer-widget-4"]{display:block;}}@media (max-width:544px){.ast-header-break-point .footer-widget-area[data-section="sidebar-widgets-footer-widget-4"]{display:block;}}.footer-widget-area[data-section="sidebar-widgets-footer-widget-2"] .footer-widget-area-inner{text-align:left;}@media (max-width:921px){.footer-widget-area[data-section="sidebar-widgets-footer-widget-2"] .footer-widget-area-inner{text-align:left;}}@media (max-width:544px){.footer-widget-area[data-section="sidebar-widgets-footer-widget-2"] .footer-widget-area-inner{text-align:center;}}.footer-widget-area[data-section="sidebar-widgets-footer-widget-1"] .footer-widget-area-inner{color:#434343;}.footer-widget-area[data-section="sidebar-widgets-footer-widget-1"] .footer-widget-area-inner a{color:#434343;}.footer-widget-area[data-section="sidebar-widgets-footer-widget-1"] .footer-widget-area-inner a:hover{color:#3197d6;}.footer-widget-area[data-section="sidebar-widgets-footer-widget-1"] .widget-title{color:#000000;}.footer-widget-area[data-section="sidebar-widgets-footer-widget-1"]{display:block;}@media (max-width:921px){.ast-header-break-point .footer-widget-area[data-section="sidebar-widgets-footer-widget-1"]{display:block;}}@media (max-width:544px){.ast-header-break-point .footer-widget-area[data-section="sidebar-widgets-footer-widget-1"]{display:block;}}.footer-widget-area[data-section="sidebar-widgets-footer-widget-2"] .footer-widget-area-inner{color:#434343;}.footer-widget-area[data-section="sidebar-widgets-footer-widget-2"] .footer-widget-area-inner a{color:#434343;}.footer-widget-area[data-section="sidebar-widgets-footer-widget-2"] .footer-widget-area-inner a:hover{color:#3197d6;}.footer-widget-area[data-section="sidebar-widgets-footer-widget-2"] .widget-title{color:#000000;}.footer-widget-area[data-section="sidebar-widgets-footer-widget-2"]{display:block;}@media (max-width:921px){.ast-header-break-point .footer-widget-area[data-section="sidebar-widgets-footer-widget-2"]{display:block;}}@media (max-width:544px){.ast-header-break-point .footer-widget-area[data-section="sidebar-widgets-footer-widget-2"]{display:block;}}.footer-widget-area[data-section="sidebar-widgets-footer-widget-3"] .footer-widget-area-inner{color:#434343;}.footer-widget-area[data-section="sidebar-widgets-footer-widget-3"] .footer-widget-area-inner a{color:#434343;}.footer-widget-area[data-section="sidebar-widgets-footer-widget-3"] .footer-widget-area-inner a:hover{color:#3197d6;}.footer-widget-area[data-section="sidebar-widgets-footer-widget-3"] .widget-title{color:#000000;}.footer-widget-area[data-section="sidebar-widgets-footer-widget-3"]{display:block;}@media (max-width:921px){.ast-header-break-point .footer-widget-area[data-section="sidebar-widgets-footer-widget-3"]{display:block;}}@media (max-width:544px){.ast-header-break-point .footer-widget-area[data-section="sidebar-widgets-footer-widget-3"]{display:block;}}.footer-widget-area[data-section="sidebar-widgets-footer-widget-4"] .footer-widget-area-inner{color:#434343;}.footer-widget-area[data-section="sidebar-widgets-footer-widget-4"] .footer-widget-area-inner a{color:#434343;}.footer-widget-area[data-section="sidebar-widgets-footer-widget-4"] .footer-widget-area-inner a:hover{color:#3197d6;}.footer-widget-area[data-section="sidebar-widgets-footer-widget-4"] .widget-title{color:#000000;}.footer-widget-area[data-section="sidebar-widgets-footer-widget-4"]{display:block;}@media (max-width:921px){.ast-header-break-point .footer-widget-area[data-section="sidebar-widgets-footer-widget-4"]{display:block;}}@media (max-width:544px){.ast-header-break-point .footer-widget-area[data-section="sidebar-widgets-footer-widget-4"]{display:block;}}.footer-widget-area[data-section="sidebar-widgets-footer-widget-3"] .footer-widget-area-inner{text-align:left;}@media (max-width:921px){.footer-widget-area[data-section="sidebar-widgets-footer-widget-3"] .footer-widget-area-inner{text-align:left;}}@media (max-width:544px){.footer-widget-area[data-section="sidebar-widgets-footer-widget-3"] .footer-widget-area-inner{text-align:center;}}.footer-widget-area[data-section="sidebar-widgets-footer-widget-1"] .footer-widget-area-inner{color:#434343;}.footer-widget-area[data-section="sidebar-widgets-footer-widget-1"] .footer-widget-area-inner a{color:#434343;}.footer-widget-area[data-section="sidebar-widgets-footer-widget-1"] .footer-widget-area-inner a:hover{color:#3197d6;}.footer-widget-area[data-section="sidebar-widgets-footer-widget-1"] .widget-title{color:#000000;}.footer-widget-area[data-section="sidebar-widgets-footer-widget-1"]{display:block;}@media (max-width:921px){.ast-header-break-point .footer-widget-area[data-section="sidebar-widgets-footer-widget-1"]{display:block;}}@media (max-width:544px){.ast-header-break-point .footer-widget-area[data-section="sidebar-widgets-footer-widget-1"]{display:block;}}.footer-widget-area[data-section="sidebar-widgets-footer-widget-2"] .footer-widget-area-inner{color:#434343;}.footer-widget-area[data-section="sidebar-widgets-footer-widget-2"] .footer-widget-area-inner a{color:#434343;}.footer-widget-area[data-section="sidebar-widgets-footer-widget-2"] .footer-widget-area-inner a:hover{color:#3197d6;}.footer-widget-area[data-section="sidebar-widgets-footer-widget-2"] .widget-title{color:#000000;}.footer-widget-area[data-section="sidebar-widgets-footer-widget-2"]{display:block;}@media (max-width:921px){.ast-header-break-point .footer-widget-area[data-section="sidebar-widgets-footer-widget-2"]{display:block;}}@media (max-width:544px){.ast-header-break-point .footer-widget-area[data-section="sidebar-widgets-footer-widget-2"]{display:block;}}.footer-widget-area[data-section="sidebar-widgets-footer-widget-3"] .footer-widget-area-inner{color:#434343;}.footer-widget-area[data-section="sidebar-widgets-footer-widget-3"] .footer-widget-area-inner a{color:#434343;}.footer-widget-area[data-section="sidebar-widgets-footer-widget-3"] .footer-widget-area-inner a:hover{color:#3197d6;}.footer-widget-area[data-section="sidebar-widgets-footer-widget-3"] .widget-title{color:#000000;}.footer-widget-area[data-section="sidebar-widgets-footer-widget-3"]{display:block;}@media (max-width:921px){.ast-header-break-point .footer-widget-area[data-section="sidebar-widgets-footer-widget-3"]{display:block;}}@media (max-width:544px){.ast-header-break-point .footer-widget-area[data-section="sidebar-widgets-footer-widget-3"]{display:block;}}.footer-widget-area[data-section="sidebar-widgets-footer-widget-4"] .footer-widget-area-inner{color:#434343;}.footer-widget-area[data-section="sidebar-widgets-footer-widget-4"] .footer-widget-area-inner a{color:#434343;}.footer-widget-area[data-section="sidebar-widgets-footer-widget-4"] .footer-widget-area-inner a:hover{color:#3197d6;}.footer-widget-area[data-section="sidebar-widgets-footer-widget-4"] .widget-title{color:#000000;}.footer-widget-area[data-section="sidebar-widgets-footer-widget-4"]{display:block;}@media (max-width:921px){.ast-header-break-point .footer-widget-area[data-section="sidebar-widgets-footer-widget-4"]{display:block;}}@media (max-width:544px){.ast-header-break-point .footer-widget-area[data-section="sidebar-widgets-footer-widget-4"]{display:block;}}.footer-widget-area[data-section="sidebar-widgets-footer-widget-4"] .footer-widget-area-inner{text-align:left;}@media (max-width:921px){.footer-widget-area[data-section="sidebar-widgets-footer-widget-4"] .footer-widget-area-inner{text-align:left;}}@media (max-width:544px){.footer-widget-area[data-section="sidebar-widgets-footer-widget-4"] .footer-widget-area-inner{text-align:center;}}.footer-widget-area[data-section="sidebar-widgets-footer-widget-1"] .footer-widget-area-inner{color:#434343;}.footer-widget-area[data-section="sidebar-widgets-footer-widget-1"] .footer-widget-area-inner a{color:#434343;}.footer-widget-area[data-section="sidebar-widgets-footer-widget-1"] .footer-widget-area-inner a:hover{color:#3197d6;}.footer-widget-area[data-section="sidebar-widgets-footer-widget-1"] .widget-title{color:#000000;}.footer-widget-area[data-section="sidebar-widgets-footer-widget-1"]{display:block;}@media (max-width:921px){.ast-header-break-point .footer-widget-area[data-section="sidebar-widgets-footer-widget-1"]{display:block;}}@media (max-width:544px){.ast-header-break-point .footer-widget-area[data-section="sidebar-widgets-footer-widget-1"]{display:block;}}.footer-widget-area[data-section="sidebar-widgets-footer-widget-2"] .footer-widget-area-inner{color:#434343;}.footer-widget-area[data-section="sidebar-widgets-footer-widget-2"] .footer-widget-area-inner a{color:#434343;}.footer-widget-area[data-section="sidebar-widgets-footer-widget-2"] .footer-widget-area-inner a:hover{color:#3197d6;}.footer-widget-area[data-section="sidebar-widgets-footer-widget-2"] .widget-title{color:#000000;}.footer-widget-area[data-section="sidebar-widgets-footer-widget-2"]{display:block;}@media (max-width:921px){.ast-header-break-point .footer-widget-area[data-section="sidebar-widgets-footer-widget-2"]{display:block;}}@media (max-width:544px){.ast-header-break-point .footer-widget-area[data-section="sidebar-widgets-footer-widget-2"]{display:block;}}.footer-widget-area[data-section="sidebar-widgets-footer-widget-3"] .footer-widget-area-inner{color:#434343;}.footer-widget-area[data-section="sidebar-widgets-footer-widget-3"] .footer-widget-area-inner a{color:#434343;}.footer-widget-area[data-section="sidebar-widgets-footer-widget-3"] .footer-widget-area-inner a:hover{color:#3197d6;}.footer-widget-area[data-section="sidebar-widgets-footer-widget-3"] .widget-title{color:#000000;}.footer-widget-area[data-section="sidebar-widgets-footer-widget-3"]{display:block;}@media (max-width:921px){.ast-header-break-point .footer-widget-area[data-section="sidebar-widgets-footer-widget-3"]{display:block;}}@media (max-width:544px){.ast-header-break-point .footer-widget-area[data-section="sidebar-widgets-footer-widget-3"]{display:block;}}.footer-widget-area[data-section="sidebar-widgets-footer-widget-4"] .footer-widget-area-inner{color:#434343;}.footer-widget-area[data-section="sidebar-widgets-footer-widget-4"] .footer-widget-area-inner a{color:#434343;}.footer-widget-area[data-section="sidebar-widgets-footer-widget-4"] .footer-widget-area-inner a:hover{color:#3197d6;}.footer-widget-area[data-section="sidebar-widgets-footer-widget-4"] .widget-title{color:#000000;}.footer-widget-area[data-section="sidebar-widgets-footer-widget-4"]{display:block;}@media (max-width:921px){.ast-header-break-point .footer-widget-area[data-section="sidebar-widgets-footer-widget-4"]{display:block;}}@media (max-width:544px){.ast-header-break-point .footer-widget-area[data-section="sidebar-widgets-footer-widget-4"]{display:block;}}.ast-header-break-point .main-header-bar{border-bottom-width:1px;}@media (min-width:922px){.main-header-bar{border-bottom-width:1px;}}.ast-flex{-webkit-align-content:center;-ms-flex-line-pack:center;align-content:center;-webkit-box-align:center;-webkit-align-items:center;-moz-box-align:center;-ms-flex-align:center;align-items:center;}.main-header-bar{padding:1em 0;}.ast-site-identity{padding:0;}.header-main-layout-1 .ast-flex.main-header-container, .header-main-layout-3 .ast-flex.main-header-container{-webkit-align-content:center;-ms-flex-line-pack:center;align-content:center;-webkit-box-align:center;-webkit-align-items:center;-moz-box-align:center;-ms-flex-align:center;align-items:center;}.header-main-layout-1 .ast-flex.main-header-container, .header-main-layout-3 .ast-flex.main-header-container{-webkit-align-content:center;-ms-flex-line-pack:center;align-content:center;-webkit-box-align:center;-webkit-align-items:center;-moz-box-align:center;-ms-flex-align:center;align-items:center;}.main-header-menu .sub-menu .menu-item.menu-item-has-children &gt; .menu-link:after{position:absolute;right:1em;top:50%;transform:translate(0,-50%) rotate(270deg);}.ast-header-break-point .main-header-bar .main-header-bar-navigation .page_item_has_children &gt; .ast-menu-toggle::before, .ast-header-break-point .main-header-bar .main-header-bar-navigation .menu-item-has-children &gt; .ast-menu-toggle::before, .ast-mobile-popup-drawer .main-header-bar-navigation .menu-item-has-children&gt;.ast-menu-toggle::before, .ast-header-break-point .ast-mobile-header-wrap .main-header-bar-navigation .menu-item-has-children &gt; .ast-menu-toggle::before{font-weight:bold;content:"\e900";font-family:Astra;text-decoration:inherit;display:inline-block;}.ast-header-break-point .main-navigation ul.sub-menu .menu-item .menu-link:before{content:"\e900";font-family:Astra;font-size:.65em;text-decoration:inherit;display:inline-block;transform:translate(0, -2px) rotateZ(270deg);margin-right:5px;}.widget_search .search-form:after{font-family:Astra;font-size:1.2em;font-weight:normal;content:"\e8b6";position:absolute;top:50%;right:15px;transform:translate(0, -50%);}.astra-search-icon::before{content:"\e8b6";font-family:Astra;font-style:normal;font-weight:normal;text-decoration:inherit;text-align:center;-webkit-font-smoothing:antialiased;-moz-osx-font-smoothing:grayscale;}.main-header-bar .main-header-bar-navigation .page_item_has_children &gt; a:after, .main-header-bar .main-header-bar-navigation .menu-item-has-children &gt; a:after, .site-header-focus-item .main-header-bar-navigation .menu-item-has-children &gt; .menu-link:after{content:"\e900";display:inline-block;font-family:Astra;font-size:.6rem;font-weight:bold;text-rendering:auto;-webkit-font-smoothing:antialiased;-moz-osx-font-smoothing:grayscale;margin-left:10px;line-height:normal;}.ast-mobile-popup-drawer .main-header-bar-navigation .ast-submenu-expanded&gt;.ast-menu-toggle::before{transform:rotateX(180deg);}.ast-header-break-point .main-header-bar-navigation .menu-item-has-children &gt; .menu-link:after{display:none;}.ast-separate-container .blog-layout-1, .ast-separate-container .blog-layout-2, .ast-separate-container .blog-layout-3{background-color:transparent;background-image:none;}.ast-separate-container .ast-article-post{background-color:#ffffff;;}.ast-separate-container .ast-article-single:not(.ast-related-post), .ast-separate-container .comments-area .comment-respond,.ast-separate-container .comments-area .ast-comment-list li, .ast-separate-container .ast-woocommerce-container, .ast-separate-container .error-404, .ast-separate-container .no-results, .single.ast-separate-container .ast-author-meta, .ast-separate-container .related-posts-title-wrapper, .ast-separate-container.ast-two-container #secondary .widget,.ast-separate-container .comments-count-wrapper, .ast-box-layout.ast-plain-container .site-content,.ast-padded-layout.ast-plain-container .site-content, .ast-separate-container .comments-area .comments-title{background-color:#ffffff;;}.ast-mobile-header-content &gt; *,.ast-desktop-header-content &gt; * {padding: 10px 0;height: auto;}.ast-mobile-header-content &gt; *:first-child,.ast-desktop-header-content &gt; *:first-child {padding-top: 10px;}.ast-mobile-header-content &gt; .ast-builder-menu,.ast-desktop-header-content &gt; .ast-builder-menu {padding-top: 0;}.ast-mobile-header-content &gt; *:last-child,.ast-desktop-header-content &gt; *:last-child {padding-bottom: 0;}.ast-mobile-header-content .ast-search-menu-icon.ast-inline-search label,.ast-desktop-header-content .ast-search-menu-icon.ast-inline-search label {width: 100%;}.ast-desktop-header-content .main-header-bar-navigation .ast-submenu-expanded &gt; .ast-menu-toggle::before {transform: rotateX(180deg);}#ast-desktop-header .ast-desktop-header-content,.ast-mobile-header-content .ast-search-icon,.ast-desktop-header-content .ast-search-icon,.ast-mobile-header-wrap .ast-mobile-header-content,.ast-main-header-nav-open.ast-popup-nav-open .ast-mobile-header-wrap .ast-mobile-header-content,.ast-main-header-nav-open.ast-popup-nav-open .ast-desktop-header-content {display: none;}.ast-main-header-nav-open.ast-header-break-point #ast-desktop-header .ast-desktop-header-content,.ast-main-header-nav-open.ast-header-break-point .ast-mobile-header-wrap .ast-mobile-header-content {display: block;}.ast-desktop .ast-desktop-header-content .astra-menu-animation-slide-up &gt; .menu-item &gt; .sub-menu,.ast-desktop .ast-desktop-header-content .astra-menu-animation-slide-up &gt; .menu-item .menu-item &gt; .sub-menu,.ast-desktop .ast-desktop-header-content .astra-menu-animation-slide-down &gt; .menu-item &gt; .sub-menu,.ast-desktop .ast-desktop-header-content .astra-menu-animation-slide-down &gt; .menu-item .menu-item &gt; .sub-menu,.ast-desktop .ast-desktop-header-content .astra-menu-animation-fade &gt; .menu-item &gt; .sub-menu,.ast-desktop .ast-desktop-header-content .astra-menu-animation-fade &gt; .menu-item .menu-item &gt; .sub-menu {opacity: 1;visibility: visible;}.ast-hfb-header.ast-default-menu-enable.ast-header-break-point .ast-mobile-header-wrap .ast-mobile-header-content .main-header-bar-navigation {width: unset;margin: unset;}.ast-mobile-header-content.content-align-flex-end .main-header-bar-navigation .menu-item-has-children &gt; .ast-menu-toggle,.ast-desktop-header-content.content-align-flex-end .main-header-bar-navigation .menu-item-has-children &gt; .ast-menu-toggle {left: calc( 20px - 0.907em);}.ast-mobile-header-content .ast-search-menu-icon,.ast-mobile-header-content .ast-search-menu-icon.slide-search,.ast-desktop-header-content .ast-search-menu-icon,.ast-desktop-header-content .ast-search-menu-icon.slide-search {width: 100%;position: relative;display: block;right: auto;transform: none;}.ast-mobile-header-content .ast-search-menu-icon.slide-search .search-form,.ast-mobile-header-content .ast-search-menu-icon .search-form,.ast-desktop-header-content .ast-search-menu-icon.slide-search .search-form,.ast-desktop-header-content .ast-search-menu-icon .search-form {right: 0;visibility: visible;opacity: 1;position: relative;top: auto;transform: none;padding: 0;display: block;overflow: hidden;}.ast-mobile-header-content .ast-search-menu-icon.ast-inline-search .search-field,.ast-mobile-header-content .ast-search-menu-icon .search-field,.ast-desktop-header-content .ast-search-menu-icon.ast-inline-search .search-field,.ast-desktop-header-content .ast-search-menu-icon .search-field {width: 100%;padding-right: 5.5em;}.ast-mobile-header-content .ast-search-menu-icon .search-submit,.ast-desktop-header-content .ast-search-menu-icon .search-submit {display: block;position: absolute;height: 100%;top: 0;right: 0;padding: 0 1em;border-radius: 0;}.ast-hfb-header.ast-default-menu-enable.ast-header-break-point .ast-mobile-header-wrap .ast-mobile-header-content .main-header-bar-navigation ul .sub-menu .menu-link {padding-left: 30px;}.ast-hfb-header.ast-default-menu-enable.ast-header-break-point .ast-mobile-header-wrap .ast-mobile-header-content .main-header-bar-navigation .sub-menu .menu-item .menu-item .menu-link {padding-left: 40px;}.ast-mobile-popup-drawer.active .ast-mobile-popup-inner{background-color:#ffffff;;}.ast-mobile-header-wrap .ast-mobile-header-content, .ast-desktop-header-content{background-color:#ffffff;;}.ast-mobile-popup-content &gt; *, .ast-mobile-header-content &gt; *, .ast-desktop-popup-content &gt; *, .ast-desktop-header-content &gt; *{padding-top:0;padding-bottom:0;}.content-align-flex-start .ast-builder-layout-element{justify-content:flex-start;}.content-align-flex-start .main-header-menu{text-align:left;}.ast-mobile-popup-drawer.active .menu-toggle-close{color:#3a3a3a;}.ast-mobile-header-wrap .ast-primary-header-bar,.ast-primary-header-bar .site-primary-header-wrap{min-height:70px;}.ast-desktop .ast-primary-header-bar .main-header-menu &gt; .menu-item{line-height:70px;}.ast-desktop .ast-primary-header-bar .ast-header-woo-cart,.ast-desktop .ast-primary-header-bar .ast-header-edd-cart{line-height:70px;}@media (max-width:921px){#masthead .ast-mobile-header-wrap .ast-primary-header-bar,#masthead .ast-mobile-header-wrap .ast-below-header-bar{padding-left:20px;padding-right:20px;}}.ast-header-break-point .ast-primary-header-bar{border-bottom-width:1px;border-bottom-style:solid;}@media (min-width:922px){.ast-primary-header-bar{border-bottom-width:1px;border-bottom-style:solid;}}.ast-primary-header-bar{background-color:#ffffff;;background-image:none;;}.ast-primary-header-bar{display:block;}@media (max-width:921px){.ast-header-break-point .ast-primary-header-bar{display:grid;}}@media (max-width:544px){.ast-header-break-point .ast-primary-header-bar{display:grid;}}[data-section="section-header-mobile-trigger"] .ast-button-wrap .ast-mobile-menu-trigger-minimal{color:#000000;border:none;background:transparent;}[data-section="section-header-mobile-trigger"] .ast-button-wrap .mobile-menu-toggle-icon .ast-mobile-svg{width:20px;height:20px;fill:#000000;}[data-section="section-header-mobile-trigger"] .ast-button-wrap .mobile-menu-wrap .mobile-menu{color:#000000;}
</style>
    <link id="astra-menu-animation-css" rel="stylesheet" href="https://askomdch.com/wp-content/themes/astra/assets/css/minified/menu-animation.min.css?ver=3.7.5" media="all"/>
    <link id="wp-block-library-css" rel="stylesheet" href="https://askomdch.com/wp-includes/css/dist/block-library/style.min.css?ver=5.8.1" media="all"/>
    <link id="wc-blocks-vendors-style-css" rel="stylesheet" href="https://askomdch.com/wp-content/plugins/woocommerce/packages/woocommerce-blocks/build/wc-blocks-vendors-style.css?ver=8.9.2" media="all"/>
    <link id="wc-blocks-style-css" rel="stylesheet" href="https://askomdch.com/wp-content/plugins/woocommerce/packages/woocommerce-blocks/build/wc-blocks-style.css?ver=8.9.2" media="all"/>
    <style id="global-styles-inline-css">
body{--wp--preset--color--black: #000000;--wp--preset--color--cyan-bluish-gray: #abb8c3;--wp--preset--color--white: #ffffff;--wp--preset--color--pale-pink: #f78da7;--wp--preset--color--vivid-red: #cf2e2e;--wp--preset--color--luminous-vivid-orange: #ff6900;--wp--preset--color--luminous-vivid-amber: #fcb900;--wp--preset--color--light-green-cyan: #7bdcb5;--wp--preset--color--vivid-green-cyan: #00d084;--wp--preset--color--pale-cyan-blue: #8ed1fc;--wp--preset--color--vivid-cyan-blue: #0693e3;--wp--preset--color--vivid-purple: #9b51e0;--wp--preset--color--ast-global-color-0: var(--ast-global-color-0);--wp--preset--color--ast-global-color-1: var(--ast-global-color-1);--wp--preset--color--ast-global-color-2: var(--ast-global-color-2);--wp--preset--color--ast-global-color-3: var(--ast-global-color-3);--wp--preset--color--ast-global-color-4: var(--ast-global-color-4);--wp--preset--color--ast-global-color-5: var(--ast-global-color-5);--wp--preset--color--ast-global-color-6: var(--ast-global-color-6);--wp--preset--color--ast-global-color-7: var(--ast-global-color-7);--wp--preset--color--ast-global-color-8: var(--ast-global-color-8);--wp--preset--gradient--vivid-cyan-blue-to-vivid-purple: linear-gradient(135deg,rgba(6,147,227,1) 0%,rgb(155,81,224) 100%);--wp--preset--gradient--light-green-cyan-to-vivid-green-cyan: linear-gradient(135deg,rgb(122,220,180) 0%,rgb(0,208,130) 100%);--wp--preset--gradient--luminous-vivid-amber-to-luminous-vivid-orange: linear-gradient(135deg,rgba(252,185,0,1) 0%,rgba(255,105,0,1) 100%);--wp--preset--gradient--luminous-vivid-orange-to-vivid-red: linear-gradient(135deg,rgba(255,105,0,1) 0%,rgb(207,46,46) 100%);--wp--preset--gradient--very-light-gray-to-cyan-bluish-gray: linear-gradient(135deg,rgb(238,238,238) 0%,rgb(169,184,195) 100%);--wp--preset--gradient--cool-to-warm-spectrum: linear-gradient(135deg,rgb(74,234,220) 0%,rgb(151,120,209) 20%,rgb(207,42,186) 40%,rgb(238,44,130) 60%,rgb(251,105,98) 80%,rgb(254,248,76) 100%);--wp--preset--gradient--blush-light-purple: linear-gradient(135deg,rgb(255,206,236) 0%,rgb(152,150,240) 100%);--wp--preset--gradient--blush-bordeaux: linear-gradient(135deg,rgb(254,205,165) 0%,rgb(254,45,45) 50%,rgb(107,0,62) 100%);--wp--preset--gradient--luminous-dusk: linear-gradient(135deg,rgb(255,203,112) 0%,rgb(199,81,192) 50%,rgb(65,88,208) 100%);--wp--preset--gradient--pale-ocean: linear-gradient(135deg,rgb(255,245,203) 0%,rgb(182,227,212) 50%,rgb(51,167,181) 100%);--wp--preset--gradient--electric-grass: linear-gradient(135deg,rgb(202,248,128) 0%,rgb(113,206,126) 100%);--wp--preset--gradient--midnight: linear-gradient(135deg,rgb(2,3,129) 0%,rgb(40,116,252) 100%);--wp--preset--font-size--small: 13px;--wp--preset--font-size--normal: 16px;--wp--preset--font-size--medium: 20px;--wp--preset--font-size--large: 36px;--wp--preset--font-size--huge: 42px;}.has-black-color{color: var(--wp--preset--color--black) !important;}.has-cyan-bluish-gray-color{color: var(--wp--preset--color--cyan-bluish-gray) !important;}.has-white-color{color: var(--wp--preset--color--white) !important;}.has-pale-pink-color{color: var(--wp--preset--color--pale-pink) !important;}.has-vivid-red-color{color: var(--wp--preset--color--vivid-red) !important;}.has-luminous-vivid-orange-color{color: var(--wp--preset--color--luminous-vivid-orange) !important;}.has-luminous-vivid-amber-color{color: var(--wp--preset--color--luminous-vivid-amber) !important;}.has-light-green-cyan-color{color: var(--wp--preset--color--light-green-cyan) !important;}.has-vivid-green-cyan-color{color: var(--wp--preset--color--vivid-green-cyan) !important;}.has-pale-cyan-blue-color{color: var(--wp--preset--color--pale-cyan-blue) !important;}.has-vivid-cyan-blue-color{color: var(--wp--preset--color--vivid-cyan-blue) !important;}.has-vivid-purple-color{color: var(--wp--preset--color--vivid-purple) !important;}.has-ast-global-color-0-color{color: var(--wp--preset--color--ast-global-color-0) !important;}.has-ast-global-color-1-color{color: var(--wp--preset--color--ast-global-color-1) !important;}.has-ast-global-color-2-color{color: var(--wp--preset--color--ast-global-color-2) !important;}.has-ast-global-color-3-color{color: var(--wp--preset--color--ast-global-color-3) !important;}.has-ast-global-color-4-color{color: var(--wp--preset--color--ast-global-color-4) !important;}.has-ast-global-color-5-color{color: var(--wp--preset--color--ast-global-color-5) !important;}.has-ast-global-color-6-color{color: var(--wp--preset--color--ast-global-color-6) !important;}.has-ast-global-color-7-color{color: var(--wp--preset--color--ast-global-color-7) !important;}.has-ast-global-color-8-color{color: var(--wp--preset--color--ast-global-color-8) !important;}.has-black-background-color{background-color: var(--wp--preset--color--black) !important;}.has-cyan-bluish-gray-background-color{background-color: var(--wp--preset--color--cyan-bluish-gray) !important;}.has-white-background-color{background-color: var(--wp--preset--color--white) !important;}.has-pale-pink-background-color{background-color: var(--wp--preset--color--pale-pink) !important;}.has-vivid-red-background-color{background-color: var(--wp--preset--color--vivid-red) !important;}.has-luminous-vivid-orange-background-color{background-color: var(--wp--preset--color--luminous-vivid-orange) !important;}.has-luminous-vivid-amber-background-color{background-color: var(--wp--preset--color--luminous-vivid-amber) !important;}.has-light-green-cyan-background-color{background-color: var(--wp--preset--color--light-green-cyan) !important;}.has-vivid-green-cyan-background-color{background-color: var(--wp--preset--color--vivid-green-cyan) !important;}.has-pale-cyan-blue-background-color{background-color: var(--wp--preset--color--pale-cyan-blue) !important;}.has-vivid-cyan-blue-background-color{background-color: var(--wp--preset--color--vivid-cyan-blue) !important;}.has-vivid-purple-background-color{background-color: var(--wp--preset--color--vivid-purple) !important;}.has-ast-global-color-0-background-color{background-color: var(--wp--preset--color--ast-global-color-0) !important;}.has-ast-global-color-1-background-color{background-color: var(--wp--preset--color--ast-global-color-1) !important;}.has-ast-global-color-2-background-color{background-color: var(--wp--preset--color--ast-global-color-2) !important;}.has-ast-global-color-3-background-color{background-color: var(--wp--preset--color--ast-global-color-3) !important;}.has-ast-global-color-4-background-color{background-color: var(--wp--preset--color--ast-global-color-4) !important;}.has-ast-global-color-5-background-color{background-color: var(--wp--preset--color--ast-global-color-5) !important;}.has-ast-global-color-6-background-color{background-color: var(--wp--preset--color--ast-global-color-6) !important;}.has-ast-global-color-7-background-color{background-color: var(--wp--preset--color--ast-global-color-7) !important;}.has-ast-global-color-8-background-color{background-color: var(--wp--preset--color--ast-global-color-8) !important;}.has-vivid-cyan-blue-to-vivid-purple-gradient-background{background: var(--wp--preset--gradient--vivid-cyan-blue-to-vivid-purple) !important;}.has-light-green-cyan-to-vivid-green-cyan-gradient-background{background: var(--wp--preset--gradient--light-green-cyan-to-vivid-green-cyan) !important;}.has-luminous-vivid-amber-to-luminous-vivid-orange-gradient-background{background: var(--wp--preset--gradient--luminous-vivid-amber-to-luminous-vivid-orange) !important;}.has-luminous-vivid-orange-to-vivid-red-gradient-background{background: var(--wp--preset--gradient--luminous-vivid-orange-to-vivid-red) !important;}.has-very-light-gray-to-cyan-bluish-gray-gradient-background{background: var(--wp--preset--gradient--very-light-gray-to-cyan-bluish-gray) !important;}.has-cool-to-warm-spectrum-gradient-background{background: var(--wp--preset--gradient--cool-to-warm-spectrum) !important;}.has-blush-light-purple-gradient-background{background: var(--wp--preset--gradient--blush-light-purple) !important;}.has-blush-bordeaux-gradient-background{background: var(--wp--preset--gradient--blush-bordeaux) !important;}.has-luminous-dusk-gradient-background{background: var(--wp--preset--gradient--luminous-dusk) !important;}.has-pale-ocean-gradient-background{background: var(--wp--preset--gradient--pale-ocean) !important;}.has-electric-grass-gradient-background{background: var(--wp--preset--gradient--electric-grass) !important;}.has-midnight-gradient-background{background: var(--wp--preset--gradient--midnight) !important;}.has-small-font-size{font-size: var(--wp--preset--font-size--small) !important;}.has-normal-font-size{font-size: var(--wp--preset--font-size--normal) !important;}.has-medium-font-size{font-size: var(--wp--preset--font-size--medium) !important;}.has-large-font-size{font-size: var(--wp--preset--font-size--large) !important;}.has-huge-font-size{font-size: var(--wp--preset--font-size--huge) !important;}
</style>
    <link id="woocommerce-layout-css" rel="stylesheet" href="https://askomdch.com/wp-content/themes/astra/assets/css/minified/compatibility/woocommerce/woocommerce-layout.min.css?ver=3.7.5" media="all"/>
    <link id="woocommerce-smallscreen-css" rel="stylesheet" href="https://askomdch.com/wp-content/themes/astra/assets/css/minified/compatibility/woocommerce/woocommerce-smallscreen.min.css?ver=3.7.5" media="only screen and (max-width: 921px)"/>
    <link id="woocommerce-general-css" rel="stylesheet" href="https://askomdch.com/wp-content/themes/astra/assets/css/minified/compatibility/woocommerce/woocommerce.min.css?ver=3.7.5" media="all"/>
    <style id="woocommerce-general-inline-css">
#customer_details h3:not(.elementor-widget-woocommerce-checkout-page h3){font-size:1.2rem;padding:20px 0 14px;margin:0 0 20px;border-bottom:1px solid #ebebeb;}form #order_review_heading:not(.elementor-widget-woocommerce-checkout-page #order_review_heading){border-width:2px 2px 0 2px;border-style:solid;font-size:1.2rem;margin:0;padding:1.5em 1.5em 1em;border-color:#ebebeb;}form #order_review:not(.elementor-widget-woocommerce-checkout-page #order_review){padding:0 2em;border-width:0 2px 2px;border-style:solid;border-color:#ebebeb;}ul#shipping_method li:not(.elementor-widget-woocommerce-cart #shipping_method li){margin:0;padding:0.25em 0 0.25em 22px;text-indent:-22px;list-style:none outside;}.woocommerce span.onsale, .wc-block-grid__product .wc-block-grid__product-onsale{background-color:#54595f;color:#ffffff;}.woocommerce a.button, .woocommerce button.button, .woocommerce .woocommerce-message a.button, .woocommerce #respond input#submit.alt, .woocommerce a.button.alt, .woocommerce button.button.alt, .woocommerce input.button.alt, .woocommerce input.button,.woocommerce input.button:disabled, .woocommerce input.button:disabled[disabled], .woocommerce input.button:disabled:hover, .woocommerce input.button:disabled[disabled]:hover, .woocommerce #respond input#submit, .woocommerce button.button.alt.disabled, .wc-block-grid__products .wc-block-grid__product .wp-block-button__link, .wc-block-grid__product-onsale{color:#ffffff;border-color:#3197d6;background-color:#3197d6;}.woocommerce a.button:hover, .woocommerce button.button:hover, .woocommerce .woocommerce-message a.button:hover,.woocommerce #respond input#submit:hover,.woocommerce #respond input#submit.alt:hover, .woocommerce a.button.alt:hover, .woocommerce button.button.alt:hover, .woocommerce input.button.alt:hover, .woocommerce input.button:hover, .woocommerce button.button.alt.disabled:hover, .wc-block-grid__products .wc-block-grid__product .wp-block-button__link:hover{color:#ffffff;border-color:#0084d6;background-color:#0084d6;}.woocommerce-message, .woocommerce-info{border-top-color:#4e4e4e;}.woocommerce-message::before,.woocommerce-info::before{color:#4e4e4e;}.woocommerce ul.products li.product .price, .woocommerce div.product p.price, .woocommerce div.product span.price, .widget_layered_nav_filters ul li.chosen a, .woocommerce-page ul.products li.product .ast-woo-product-category, .wc-layered-nav-rating a{color:#333333;}.woocommerce nav.woocommerce-pagination ul,.woocommerce nav.woocommerce-pagination ul li{border-color:#4e4e4e;}.woocommerce nav.woocommerce-pagination ul li a:focus, .woocommerce nav.woocommerce-pagination ul li a:hover, .woocommerce nav.woocommerce-pagination ul li span.current{background:#4e4e4e;color:#ffffff;}.woocommerce-MyAccount-navigation-link.is-active a{color:#0084d6;}.woocommerce .widget_price_filter .ui-slider .ui-slider-range, .woocommerce .widget_price_filter .ui-slider .ui-slider-handle{background-color:#4e4e4e;}.woocommerce a.button, .woocommerce button.button, .woocommerce .woocommerce-message a.button, .woocommerce #respond input#submit.alt, .woocommerce a.button.alt, .woocommerce button.button.alt, .woocommerce input.button.alt, .woocommerce input.button,.woocommerce-cart table.cart td.actions .button, .woocommerce form.checkout_coupon .button, .woocommerce #respond input#submit, .wc-block-grid__products .wc-block-grid__product .wp-block-button__link{border-radius:0;padding-top:17px;padding-right:30px;padding-bottom:17px;padding-left:30px;}.woocommerce .star-rating, .woocommerce .comment-form-rating .stars a, .woocommerce .star-rating::before{color:#4e4e4e;}.woocommerce div.product .woocommerce-tabs ul.tabs li.active:before{background:#4e4e4e;}.woocommerce a.remove:hover{color:#4e4e4e;border-color:#4e4e4e;background-color:#ffffff;}.woocommerce ul.product-categories &gt; li ul li:before{content:"\e900";padding:0 5px 0 5px;display:inline-block;font-family:Astra;transform:rotate(-90deg);font-size:0.7rem;}@media (min-width:545px) and (max-width:921px){.woocommerce.tablet-columns-6 ul.products li.product, .woocommerce-page.tablet-columns-6 ul.products li.product{width:calc(16.66% - 16.66px);}.woocommerce.tablet-columns-5 ul.products li.product, .woocommerce-page.tablet-columns-5 ul.products li.product{width:calc(20% - 16px);}.woocommerce.tablet-columns-4 ul.products li.product, .woocommerce-page.tablet-columns-4 ul.products li.product{width:calc(25% - 15px);}.woocommerce.tablet-columns-3 ul.products li.product, .woocommerce-page.tablet-columns-3 ul.products li.product{width:calc(33.33% - 14px);}.woocommerce.tablet-columns-2 ul.products li.product, .woocommerce-page.tablet-columns-2 ul.products li.product{width:calc(50% - 10px);}.woocommerce.tablet-columns-1 ul.products li.product, .woocommerce-page.tablet-columns-1 ul.products li.product{width:100%;}.woocommerce div.product .related.products ul.products li.product{width:calc(33.33% - 14px);}}@media (min-width:545px) and (max-width:921px){.woocommerce[class*="columns-"].columns-3 &gt; ul.products li.product, .woocommerce[class*="columns-"].columns-4 &gt; ul.products li.product, .woocommerce[class*="columns-"].columns-5 &gt; ul.products li.product, .woocommerce[class*="columns-"].columns-6 &gt; ul.products li.product{width:calc(33.33% - 14px);margin-right:20px;}.woocommerce[class*="columns-"].columns-3 &gt; ul.products li.product:nth-child(3n), .woocommerce[class*="columns-"].columns-4 &gt; ul.products li.product:nth-child(3n), .woocommerce[class*="columns-"].columns-5 &gt; ul.products li.product:nth-child(3n), .woocommerce[class*="columns-"].columns-6 &gt; ul.products li.product:nth-child(3n){margin-right:0;clear:right;}.woocommerce[class*="columns-"].columns-3 &gt; ul.products li.product:nth-child(3n+1), .woocommerce[class*="columns-"].columns-4 &gt; ul.products li.product:nth-child(3n+1), .woocommerce[class*="columns-"].columns-5 &gt; ul.products li.product:nth-child(3n+1), .woocommerce[class*="columns-"].columns-6 &gt; ul.products li.product:nth-child(3n+1){clear:left;}.woocommerce[class*="columns-"] ul.products li.product:nth-child(n), .woocommerce-page[class*="columns-"] ul.products li.product:nth-child(n){margin-right:20px;clear:none;}.woocommerce.tablet-columns-2 ul.products li.product:nth-child(2n), .woocommerce-page.tablet-columns-2 ul.products li.product:nth-child(2n), .woocommerce.tablet-columns-3 ul.products li.product:nth-child(3n), .woocommerce-page.tablet-columns-3 ul.products li.product:nth-child(3n), .woocommerce.tablet-columns-4 ul.products li.product:nth-child(4n), .woocommerce-page.tablet-columns-4 ul.products li.product:nth-child(4n), .woocommerce.tablet-columns-5 ul.products li.product:nth-child(5n), .woocommerce-page.tablet-columns-5 ul.products li.product:nth-child(5n), .woocommerce.tablet-columns-6 ul.products li.product:nth-child(6n), .woocommerce-page.tablet-columns-6 ul.products li.product:nth-child(6n){margin-right:0;clear:right;}.woocommerce.tablet-columns-2 ul.products li.product:nth-child(2n+1), .woocommerce-page.tablet-columns-2 ul.products li.product:nth-child(2n+1), .woocommerce.tablet-columns-3 ul.products li.product:nth-child(3n+1), .woocommerce-page.tablet-columns-3 ul.products li.product:nth-child(3n+1), .woocommerce.tablet-columns-4 ul.products li.product:nth-child(4n+1), .woocommerce-page.tablet-columns-4 ul.products li.product:nth-child(4n+1), .woocommerce.tablet-columns-5 ul.products li.product:nth-child(5n+1), .woocommerce-page.tablet-columns-5 ul.products li.product:nth-child(5n+1), .woocommerce.tablet-columns-6 ul.products li.product:nth-child(6n+1), .woocommerce-page.tablet-columns-6 ul.products li.product:nth-child(6n+1){clear:left;}.woocommerce div.product .related.products ul.products li.product:nth-child(3n), .woocommerce-page.tablet-columns-1 .site-main ul.products li.product{margin-right:0;clear:right;}.woocommerce div.product .related.products ul.products li.product:nth-child(3n+1){clear:left;}}@media (min-width:922px){.woocommerce #reviews #comments{width:55%;float:left;}.woocommerce #reviews #review_form_wrapper{width:45%;padding-left:2em;float:right;}.woocommerce form.checkout_coupon{width:50%;}}@media (max-width:921px){.ast-header-break-point.ast-woocommerce-cart-menu .header-main-layout-1.ast-mobile-header-stack.ast-no-menu-items .ast-site-header-cart, .ast-header-break-point.ast-woocommerce-cart-menu .header-main-layout-3.ast-mobile-header-stack.ast-no-menu-items .ast-site-header-cart{padding-right:0;padding-left:0;}.ast-header-break-point.ast-woocommerce-cart-menu .header-main-layout-1.ast-mobile-header-stack .main-header-bar{text-align:center;}.ast-header-break-point.ast-woocommerce-cart-menu .header-main-layout-1.ast-mobile-header-stack .ast-site-header-cart, .ast-header-break-point.ast-woocommerce-cart-menu .header-main-layout-1.ast-mobile-header-stack .ast-mobile-menu-buttons{display:inline-block;}.ast-header-break-point.ast-woocommerce-cart-menu .header-main-layout-2.ast-mobile-header-inline .site-branding{flex:auto;}.ast-header-break-point.ast-woocommerce-cart-menu .header-main-layout-3.ast-mobile-header-stack .site-branding{flex:0 0 100%;}.ast-header-break-point.ast-woocommerce-cart-menu .header-main-layout-3.ast-mobile-header-stack .main-header-container{display:flex;justify-content:center;}.woocommerce-cart .woocommerce-shipping-calculator .button{width:100%;}.woocommerce div.product div.images, .woocommerce div.product div.summary, .woocommerce #content div.product div.images, .woocommerce #content div.product div.summary, .woocommerce-page div.product div.images, .woocommerce-page div.product div.summary, .woocommerce-page #content div.product div.images, .woocommerce-page #content div.product div.summary{float:none;width:100%;}.woocommerce-cart table.cart td.actions .ast-return-to-shop{display:block;text-align:center;margin-top:1em;}}@media (max-width:544px){.ast-separate-container .ast-woocommerce-container{padding:.54em 1em 1.33333em;}.woocommerce-message, .woocommerce-error, .woocommerce-info{display:flex;flex-wrap:wrap;}.woocommerce-message a.button, .woocommerce-error a.button, .woocommerce-info a.button{order:1;margin-top:.5em;}.woocommerce .woocommerce-ordering, .woocommerce-page .woocommerce-ordering{float:none;margin-bottom:2em;width:100%;}.woocommerce ul.products a.button, .woocommerce-page ul.products a.button{padding:0.5em 0.75em;}.woocommerce table.cart td.actions .button, .woocommerce #content table.cart td.actions .button, .woocommerce-page table.cart td.actions .button, .woocommerce-page #content table.cart td.actions .button{padding-left:1em;padding-right:1em;}.woocommerce #content table.cart .button, .woocommerce-page #content table.cart .button{width:100%;}.woocommerce #content table.cart .product-thumbnail, .woocommerce-page #content table.cart .product-thumbnail{display:block;text-align:center !important;}.woocommerce #content table.cart .product-thumbnail::before, .woocommerce-page #content table.cart .product-thumbnail::before{display:none;}.woocommerce #content table.cart td.actions .coupon, .woocommerce-page #content table.cart td.actions .coupon{float:none;}.woocommerce #content table.cart td.actions .coupon .button, .woocommerce-page #content table.cart td.actions .coupon .button{flex:1;}.woocommerce #content div.product .woocommerce-tabs ul.tabs li a, .woocommerce-page #content div.product .woocommerce-tabs ul.tabs li a{display:block;}.woocommerce div.product .related.products ul.products li.product, .woocommerce.mobile-columns-2 ul.products li.product, .woocommerce-page.mobile-columns-2 ul.products li.product{width:calc(50% - 10px);}.woocommerce.mobile-columns-6 ul.products li.product, .woocommerce-page.mobile-columns-6 ul.products li.product{width:calc(16.66% - 16.66px);}.woocommerce.mobile-columns-5 ul.products li.product, .woocommerce-page.mobile-columns-5 ul.products li.product{width:calc(20% - 16px);}.woocommerce.mobile-columns-4 ul.products li.product, .woocommerce-page.mobile-columns-4 ul.products li.product{width:calc(25% - 15px);}.woocommerce.mobile-columns-3 ul.products li.product, .woocommerce-page.mobile-columns-3 ul.products li.product{width:calc(33.33% - 14px);}.woocommerce.mobile-columns-1 ul.products li.product, .woocommerce-page.mobile-columns-1 ul.products li.product{width:100%;}}@media (max-width:544px){.woocommerce ul.products a.button.loading::after, .woocommerce-page ul.products a.button.loading::after{display:inline-block;margin-left:5px;position:initial;}.woocommerce.mobile-columns-1 .site-main ul.products li.product:nth-child(n), .woocommerce-page.mobile-columns-1 .site-main ul.products li.product:nth-child(n){margin-right:0;}.woocommerce #content div.product .woocommerce-tabs ul.tabs li, .woocommerce-page #content div.product .woocommerce-tabs ul.tabs li{display:block;margin-right:0;}.woocommerce[class*="columns-"].columns-3 &gt; ul.products li.product, .woocommerce[class*="columns-"].columns-4 &gt; ul.products li.product, .woocommerce[class*="columns-"].columns-5 &gt; ul.products li.product, .woocommerce[class*="columns-"].columns-6 &gt; ul.products li.product{width:calc(50% - 10px);margin-right:20px;}.woocommerce[class*="columns-"] ul.products li.product:nth-child(n), .woocommerce-page[class*="columns-"] ul.products li.product:nth-child(n){margin-right:20px;clear:none;}.woocommerce-page[class*=columns-].columns-3&gt;ul.products li.product:nth-child(2n), .woocommerce-page[class*=columns-].columns-4&gt;ul.products li.product:nth-child(2n), .woocommerce-page[class*=columns-].columns-5&gt;ul.products li.product:nth-child(2n), .woocommerce-page[class*=columns-].columns-6&gt;ul.products li.product:nth-child(2n), .woocommerce[class*=columns-].columns-3&gt;ul.products li.product:nth-child(2n), .woocommerce[class*=columns-].columns-4&gt;ul.products li.product:nth-child(2n), .woocommerce[class*=columns-].columns-5&gt;ul.products li.product:nth-child(2n), .woocommerce[class*=columns-].columns-6&gt;ul.products li.product:nth-child(2n){margin-right:0;clear:right;}.woocommerce[class*="columns-"].columns-3 &gt; ul.products li.product:nth-child(2n+1), .woocommerce[class*="columns-"].columns-4 &gt; ul.products li.product:nth-child(2n+1), .woocommerce[class*="columns-"].columns-5 &gt; ul.products li.product:nth-child(2n+1), .woocommerce[class*="columns-"].columns-6 &gt; ul.products li.product:nth-child(2n+1){clear:left;}.woocommerce-page[class*=columns-] ul.products li.product:nth-child(n), .woocommerce[class*=columns-] ul.products li.product:nth-child(n){margin-right:20px;clear:none;}.woocommerce.mobile-columns-6 ul.products li.product:nth-child(6n), .woocommerce-page.mobile-columns-6 ul.products li.product:nth-child(6n), .woocommerce.mobile-columns-5 ul.products li.product:nth-child(5n), .woocommerce-page.mobile-columns-5 ul.products li.product:nth-child(5n), .woocommerce.mobile-columns-4 ul.products li.product:nth-child(4n), .woocommerce-page.mobile-columns-4 ul.products li.product:nth-child(4n), .woocommerce.mobile-columns-3 ul.products li.product:nth-child(3n), .woocommerce-page.mobile-columns-3 ul.products li.product:nth-child(3n), .woocommerce.mobile-columns-2 ul.products li.product:nth-child(2n), .woocommerce-page.mobile-columns-2 ul.products li.product:nth-child(2n), .woocommerce div.product .related.products ul.products li.product:nth-child(2n){margin-right:0;clear:right;}.woocommerce.mobile-columns-6 ul.products li.product:nth-child(6n+1), .woocommerce-page.mobile-columns-6 ul.products li.product:nth-child(6n+1), .woocommerce.mobile-columns-5 ul.products li.product:nth-child(5n+1), .woocommerce-page.mobile-columns-5 ul.products li.product:nth-child(5n+1), .woocommerce.mobile-columns-4 ul.products li.product:nth-child(4n+1), .woocommerce-page.mobile-columns-4 ul.products li.product:nth-child(4n+1), .woocommerce.mobile-columns-3 ul.products li.product:nth-child(3n+1), .woocommerce-page.mobile-columns-3 ul.products li.product:nth-child(3n+1), .woocommerce.mobile-columns-2 ul.products li.product:nth-child(2n+1), .woocommerce-page.mobile-columns-2 ul.products li.product:nth-child(2n+1), .woocommerce div.product .related.products ul.products li.product:nth-child(2n+1){clear:left;}}@media (min-width:922px){.ast-woo-shop-archive .site-content &gt; .ast-container{max-width:1240px;}}@media (min-width:922px){.woocommerce #content .ast-woocommerce-container div.product div.images, .woocommerce .ast-woocommerce-container div.product div.images, .woocommerce-page #content .ast-woocommerce-container div.product div.images, .woocommerce-page .ast-woocommerce-container div.product div.images{width:50%;}.woocommerce #content .ast-woocommerce-container div.product div.summary, .woocommerce .ast-woocommerce-container div.product div.summary, .woocommerce-page #content .ast-woocommerce-container div.product div.summary, .woocommerce-page .ast-woocommerce-container div.product div.summary{width:46%;}.woocommerce.woocommerce-checkout form #customer_details.col2-set .col-1, .woocommerce.woocommerce-checkout form #customer_details.col2-set .col-2, .woocommerce-page.woocommerce-checkout form #customer_details.col2-set .col-1, .woocommerce-page.woocommerce-checkout form #customer_details.col2-set .col-2{float:none;width:auto;}}.woocommerce a.button , .woocommerce button.button.alt ,.woocommerce-page table.cart td.actions .button, .woocommerce-page #content table.cart td.actions .button , .woocommerce a.button.alt ,.woocommerce .woocommerce-message a.button , .ast-site-header-cart .widget_shopping_cart .buttons .button.checkout, .woocommerce button.button.alt.disabled , .wc-block-grid__products .wc-block-grid__product .wp-block-button__link {border:solid;border-top-width:0;border-right-width:0;border-left-width:0;border-bottom-width:0;border-color:#3197d6;}.woocommerce a.button:hover , .woocommerce button.button.alt:hover , .woocommerce-page table.cart td.actions .button:hover, .woocommerce-page #content table.cart td.actions .button:hover, .woocommerce a.button.alt:hover ,.woocommerce .woocommerce-message a.button:hover , .ast-site-header-cart .widget_shopping_cart .buttons .button.checkout:hover , .woocommerce button.button.alt.disabled:hover , .wc-block-grid__products .wc-block-grid__product .wp-block-button__link:hover{border-color:#0084d6;}.widget_product_search button{flex:0 0 auto;padding:10px 20px;;}@media (min-width:922px){.woocommerce.woocommerce-checkout form #customer_details.col2-set, .woocommerce-page.woocommerce-checkout form #customer_details.col2-set{width:55%;float:left;margin-right:4.347826087%;}.woocommerce.woocommerce-checkout form #order_review, .woocommerce.woocommerce-checkout form #order_review_heading, .woocommerce-page.woocommerce-checkout form #order_review, .woocommerce-page.woocommerce-checkout form #order_review_heading{width:40%;float:right;margin-right:0;clear:right;}}
</style>
    <style id="woocommerce-inline-inline-css">
.woocommerce form .form-row .required { visibility: visible; }
</style>
    <script id="jquery-core-js" src="https://askomdch.com/wp-includes/js/jquery/jquery.min.js?ver=3.6.0"/>
    <script id="jquery-migrate-js" src="https://askomdch.com/wp-includes/js/jquery/jquery-migrate.min.js?ver=3.3.2"/>
    <link rel="canonical" href="https://askomdch.com/account/"/>
    <noscript>
      <style>.woocommerce-product-gallery{ opacity: 1 !important; }</style>
    </noscript>
    <style>.recentcomments a{display:inline !important;padding:0 !important;margin:0 !important;}</style>
  </head>
  <body class="page-template-default page page-id-1235 theme-astra woocommerce-account woocommerce-page woocommerce-no-js ast-single-post ast-mobile-inherit-site-logo ast-woocommerce-cart-menu ast-inherit-site-logo-transparent ast-theme-transparent-header ast-hfb-header ast-desktop ast-plain-container ast-no-sidebar astra-3.7.5" itemtype="https://schema.org/WebPage" itemscope="itemscope">
    <a shape="rect" class="skip-link screen-reader-text" href="#content" role="link" title="Skip to content">
Skip to content</a>
    <div class="hfeed site" id="page">
      <header class="site-header ast-primary-submenu-animation-slide-up header-main-layout-1 ast-primary-menu-enabled ast-builder-menu-toggle-icon ast-mobile-header-inline" id="masthead" itemtype="https://schema.org/WPHeader" itemscope="itemscope" itemid="#masthead">
        <div id="ast-desktop-header" data-toggle-type="dropdown">
          <div class="ast-main-header-wrap main-header-bar-wrap">
            <div class="ast-primary-header-bar ast-primary-header main-header-bar site-header-focus-item" data-section="section-primary-header-builder">
              <div class="site-primary-header-wrap ast-builder-grid-row-container site-header-focus-item ast-container" data-section="section-primary-header-builder">
                <div class="ast-builder-grid-row ast-builder-grid-row-has-sides ast-builder-grid-row-no-center">
                  <div class="site-header-primary-section-left site-header-section ast-flex site-header-section-left">
                    <div class="ast-builder-layout-element ast-flex site-header-focus-item" data-section="title_tagline">
                      <div class="site-branding ast-site-identity" itemtype="https://schema.org/Organization" itemscope="itemscope">
                        <div class="ast-site-title-wrap">
                          <span class="site-title" itemprop="name">
                            <a shape="rect" href="https://askomdch.com/" rel="home" itemprop="url">
AskOmDch
</a>
                          </span>
                        </div>
                      </div>
                    </div>
                  </div>
                  <div class="site-header-primary-section-right site-header-section ast-flex ast-grid-right-section">
                    <div class="ast-builder-menu-1 ast-builder-menu ast-flex ast-builder-menu-1-focus-item ast-builder-layout-element site-header-focus-item" data-section="section-hb-menu-1">
                      <div class="ast-main-header-bar-alignment">
                        <div class="main-header-bar-navigation">
                          <nav class="site-navigation ast-flex-grow-1 navigation-accessibility site-header-focus-item" id="primary-site-navigation" aria-label="Site Navigation" itemtype="https://schema.org/SiteNavigationElement" itemscope="itemscope">
                            <div class="main-navigation ast-inline-flex">
                              <ul class="main-header-menu ast-menu-shadow ast-nav-menu ast-flex submenu-with-border astra-menu-animation-slide-up stack-on-mobile" id="ast-hf-menu-1">
                                <li class="menu-item menu-item-type-post_type menu-item-object-page menu-item-home menu-item-1226" id="menu-item-1226">
                                  <a shape="rect" class="menu-link" href="https://askomdch.com/">Home</a>
                                </li>
                                <li class="menu-item menu-item-type-post_type menu-item-object-page menu-item-1227" id="menu-item-1227">
                                  <a shape="rect" class="menu-link" href="https://askomdch.com/store/">Store</a>
                                </li>
                                <li class="menu-item menu-item-type-taxonomy menu-item-object-product_cat menu-item-1228" id="menu-item-1228">
                                  <a shape="rect" class="menu-link" href="https://askomdch.com/product-category/men/">Men</a>
                                </li>
                                <li class="menu-item menu-item-type-taxonomy menu-item-object-product_cat menu-item-1229" id="menu-item-1229">
                                  <a shape="rect" class="menu-link" href="https://askomdch.com/product-category/women/">Women</a>
                                </li>
                                <li class="menu-item menu-item-type-taxonomy menu-item-object-product_cat menu-item-1230" id="menu-item-1230">
                                  <a shape="rect" class="menu-link" href="https://askomdch.com/product-category/accessories/">Accessories</a>
                                </li>
                                <li class="menu-item menu-item-type-post_type menu-item-object-page current-menu-item page_item page-item-1235 current_page_item menu-item-1237" id="menu-item-1237">
                                  <a shape="rect" class="menu-link" href="https://askomdch.com/account/" aria-current="page">Account</a>
                                </li>
                                <li class="menu-item menu-item-type-post_type menu-item-object-page menu-item-1232" id="menu-item-1232">
                                  <a shape="rect" class="menu-link" href="https://askomdch.com/about/">About</a>
                                </li>
                                <li class="menu-item menu-item-type-post_type menu-item-object-page menu-item-1233" id="menu-item-1233">
                                  <a shape="rect" class="menu-link" href="https://askomdch.com/contact-us/">Contact Us</a>
                                </li>
                              </ul>
                            </div>
                          </nav>
                        </div>
                      </div>
                    </div>
                    <div class="ast-builder-layout-element site-header-focus-item ast-header-woo-cart" data-section="section-header-woo-cart">
                      <div class="ast-site-header-cart ast-menu-cart-with-border ast-menu-cart-fill" id="ast-site-header-cart">
                        <div class="ast-site-header-cart-li">
                          <a shape="rect" class="cart-container" href="https://askomdch.com/cart/" title="View your shopping cart"/>
                          <div class="ast-cart-menu-wrap">
                            <span class="count">
0 </span>
                          </div>
                        </div>
                        <div class="ast-site-header-cart-data">
                          <div class="widget woocommerce widget_shopping_cart">
                            <div class="widget_shopping_cart_content"/>
                          </div>
                        </div>
                      </div>
                    </div>
                  </div>
                </div>
              </div>
            </div>
          </div>
          <div class="ast-desktop-header-content content-align-flex-start"/>
        </div>
        <div class="ast-mobile-header-wrap" id="ast-mobile-header" data-type="dropdown">
          <div class="ast-main-header-wrap main-header-bar-wrap">
            <div class="ast-primary-header-bar ast-primary-header main-header-bar site-primary-header-wrap site-header-focus-item ast-builder-grid-row-layout-default ast-builder-grid-row-tablet-layout-default ast-builder-grid-row-mobile-layout-default" data-section="section-primary-header-builder">
              <div class="ast-builder-grid-row ast-builder-grid-row-has-sides ast-builder-grid-row-no-center">
                <div class="site-header-primary-section-left site-header-section ast-flex site-header-section-left">
                  <div class="ast-builder-layout-element ast-flex site-header-focus-item" data-section="title_tagline">
                    <div class="site-branding ast-site-identity" itemtype="https://schema.org/Organization" itemscope="itemscope">
                      <div class="ast-site-title-wrap">
                        <span class="site-title" itemprop="name">
                          <a shape="rect" href="https://askomdch.com/" rel="home" itemprop="url">
AskOmDch
</a>
                        </span>
                      </div>
                    </div>
                  </div>
                </div>
                <div class="site-header-primary-section-right site-header-section ast-flex ast-grid-right-section">
                  <div class="ast-builder-layout-element site-header-focus-item ast-header-woo-cart" data-section="section-header-woo-cart">
                    <div class="ast-site-header-cart ast-menu-cart-with-border ast-menu-cart-fill" id="ast-site-header-cart">
                      <div class="ast-site-header-cart-li">
                        <a shape="rect" class="cart-container" href="https://askomdch.com/cart/" title="View your shopping cart"/>
                        <div class="ast-cart-menu-wrap">
                          <span class="count">
0 </span>
                        </div>
                      </div>
                      <div class="ast-site-header-cart-data">
                        <div class="widget woocommerce widget_shopping_cart">
                          <div class="widget_shopping_cart_content"/>
                        </div>
                      </div>
                    </div>
                  </div>
                  <div class="ast-builder-layout-element ast-flex site-header-focus-item" data-section="section-header-mobile-trigger">
                    <div class="ast-button-wrap">
                      <button type="button" class="menu-toggle main-header-menu-toggle ast-mobile-menu-trigger-minimal" aria-expanded="false">
                        <span class="screen-reader-text">Main Menu</span>
                        <span class="mobile-menu-toggle-icon">
                          <span class="ahfb-svg-iconset ast-inline-flex svg-baseline">
                            <svg class="ast-mobile-svg ast-menu2-svg" fill="currentColor" version="1.1" width="24" height="28" viewbox="0 0 24 28">
                              <path d="M24 21v2c0 0.547-0.453 1-1 1h-22c-0.547 0-1-0.453-1-1v-2c0-0.547 0.453-1 1-1h22c0.547 0 1 0.453 1 1zM24 13v2c0 0.547-0.453 1-1 1h-22c-0.547 0-1-0.453-1-1v-2c0-0.547 0.453-1 1-1h22c0.547 0 1 0.453 1 1zM24 5v2c0 0.547-0.453 1-1 1h-22c-0.547 0-1-0.453-1-1v-2c0-0.547 0.453-1 1-1h22c0.547 0 1 0.453 1 1z"/>
                            </svg>
                          </span>
                          <span class="ahfb-svg-iconset ast-inline-flex svg-baseline">
                            <svg class="ast-mobile-svg ast-close-svg" fill="currentColor" version="1.1" width="24" height="24" viewbox="0 0 24 24">
                              <path d="M5.293 6.707l5.293 5.293-5.293 5.293c-0.391 0.391-0.391 1.024 0 1.414s1.024 0.391 1.414 0l5.293-5.293 5.293 5.293c0.391 0.391 1.024 0.391 1.414 0s0.391-1.024 0-1.414l-5.293-5.293 5.293-5.293c0.391-0.391 0.391-1.024 0-1.414s-1.024-0.391-1.414 0l-5.293 5.293-5.293-5.293c-0.391-0.391-1.024-0.391-1.414 0s-0.391 1.024 0 1.414z"/>
                            </svg>
                          </span>
                        </span>
                      </button>
                    </div>
                  </div>
                </div>
              </div>
            </div>
          </div>
          <div class="ast-mobile-header-content content-align-flex-start">
            <div class="ast-builder-menu-1 ast-builder-menu ast-flex ast-builder-menu-1-focus-item ast-builder-layout-element site-header-focus-item" data-section="section-hb-menu-1">
              <div class="ast-main-header-bar-alignment">
                <div class="main-header-bar-navigation">
                  <nav class="site-navigation ast-flex-grow-1 navigation-accessibility site-header-focus-item" id="primary-site-navigation" aria-label="Site Navigation" itemtype="https://schema.org/SiteNavigationElement" itemscope="itemscope">
                    <div class="main-navigation ast-inline-flex">
                      <ul class="main-header-menu ast-menu-shadow ast-nav-menu ast-flex submenu-with-border astra-menu-animation-slide-up stack-on-mobile" id="ast-hf-menu-1">
                        <li class="menu-item menu-item-type-post_type menu-item-object-page menu-item-home menu-item-1226">
                          <a shape="rect" class="menu-link" href="https://askomdch.com/">Home</a>
                        </li>
                        <li class="menu-item menu-item-type-post_type menu-item-object-page menu-item-1227">
                          <a shape="rect" class="menu-link" href="https://askomdch.com/store/">Store</a>
                        </li>
                        <li class="menu-item menu-item-type-taxonomy menu-item-object-product_cat menu-item-1228">
                          <a shape="rect" class="menu-link" href="https://askomdch.com/product-category/men/">Men</a>
                        </li>
                        <li class="menu-item menu-item-type-taxonomy menu-item-object-product_cat menu-item-1229">
                          <a shape="rect" class="menu-link" href="https://askomdch.com/product-category/women/">Women</a>
                        </li>
                        <li class="menu-item menu-item-type-taxonomy menu-item-object-product_cat menu-item-1230">
                          <a shape="rect" class="menu-link" href="https://askomdch.com/product-category/accessories/">Accessories</a>
                        </li>
                        <li class="menu-item menu-item-type-post_type menu-item-object-page current-menu-item page_item page-item-1235 current_page_item menu-item-1237">
                          <a shape="rect" class="menu-link" href="https://askomdch.com/account/" aria-current="page">Account</a>
                        </li>
                        <li class="menu-item menu-item-type-post_type menu-item-object-page menu-item-1232">
                          <a shape="rect" class="menu-link" href="https://askomdch.com/about/">About</a>
                        </li>
                        <li class="menu-item menu-item-type-post_type menu-item-object-page menu-item-1233">
                          <a shape="rect" class="menu-link" href="https://askomdch.com/contact-us/">Contact Us</a>
                        </li>
                      </ul>
                    </div>
                  </nav>
                </div>
              </div>
            </div>
          </div>
        </div>
      </header>
      <div class="site-content" id="content">
        <div class="ast-container">
          <div class="content-area primary" id="primary">
            <main id="main" class="site-main">
              <article class="post-1235 page type-page status-publish ast-article-single" id="post-1235" itemtype="https://schema.org/CreativeWork" itemscope="itemscope">
                <header class="entry-header ast-header-without-markup"/>
                <div class="entry-content clear" itemprop="text">
                  <div class="wp-block-cover alignfull has-background-dim" style="background-color:#001d35;min-height:400px">
                    <div class="wp-block-cover__inner-container">
                      <h1 class="has-text-align-center">Account</h1>
                    </div>
                  </div>
                  <div class="wp-block-group alignfull">
                    <div class="wp-block-group__inner-container">
                      <div class="wp-block-columns">
                        <div class="wp-block-column" style="flex-basis:100%"/>
                      </div>
                      <div class="woocommerce">
                        <div class="woocommerce-notices-wrapper"/>
                        <div class="u-columns col2-set" id="customer_login">
                          <div class="u-column1 col-1">
                            <h2>Login</h2>
                            <form enctype="application/x-www-form-urlencoded" method="post" class="woocommerce-form woocommerce-form-login login">
                              <p class="woocommerce-form-row woocommerce-form-row--wide form-row form-row-wide">
                                <label for="username">
Username or email address                                   <span class="required">*</span>
                                </label>
                                <input type="text" class="woocommerce-Input woocommerce-Input--text input-text" id="username" name="username" autocomplete="username" value="value" _="_"/>
                              </p>
                              <p class="woocommerce-form-row woocommerce-form-row--wide form-row form-row-wide">
                                <label for="password">
Password                                   <span class="required">*</span>
                                </label>
                                <input type="password" class="woocommerce-Input woocommerce-Input--text input-text" id="password" name="password" autocomplete="current-password"/>
                              </p>
                              <p class="form-row">
                                <label class="woocommerce-form__label woocommerce-form__label-for-checkbox woocommerce-form-login__rememberme">
                                  <input type="checkbox" class="woocommerce-form__input woocommerce-form__input-checkbox" id="rememberme" name="rememberme" value="forever"/>
                                  <span>Remember me</span>
                                </label>
                                <input type="hidden" id="woocommerce-login-nonce" name="woocommerce-login-nonce" value="70dd927d96"/>
                                <input type="hidden" name="_wp_http_referer" value="/account/"/>
                                <button type="submit" class="woocommerce-button button woocommerce-form-login__submit" name="login" value="Log in">Log in</button>
                              </p>
                              <p class="woocommerce-LostPassword lost_password">
                                <a shape="rect" href="https://askomdch.com/account/lost-password/">Lost your password?</a>
                              </p>
                            </form>
                          </div>
                          <div class="u-column2 col-2">
                            <h2>Register</h2>
                            <form enctype="application/x-www-form-urlencoded" method="post" class="woocommerce-form woocommerce-form-register register">
                              <p class="woocommerce-form-row woocommerce-form-row--wide form-row form-row-wide">
                                <label for="reg_username">
Username                                   <span class="required">*</span>
                                </label>
                                <input type="text" class="woocommerce-Input woocommerce-Input--text input-text" id="reg_username" name="username" autocomplete="username" value="value" _="_"/>
                              </p>
                              <p class="woocommerce-form-row woocommerce-form-row--wide form-row form-row-wide">
                                <label for="reg_email">
Email address                                   <span class="required">*</span>
                                </label>
                                <input type="email" class="woocommerce-Input woocommerce-Input--text input-text" id="reg_email" name="email" autocomplete="email" value="value" _="_"/>
                              </p>
                              <p class="woocommerce-form-row woocommerce-form-row--wide form-row form-row-wide">
                                <label for="reg_password">
Password                                   <span class="required">*</span>
                                </label>
                                <input type="password" class="woocommerce-Input woocommerce-Input--text input-text" id="reg_password" name="password" autocomplete="new-password"/>
                              </p>
                              <div class="woocommerce-privacy-policy-text">
                                <p>TEST MODE ENABLED. DO NOT ENTER YOUR PERSONAL DATA.</p>
                              </div>
                              <p class="woocommerce-form-row form-row">
                                <input type="hidden" id="woocommerce-register-nonce" name="woocommerce-register-nonce" value="e82ccf66d5"/>
                                <input type="hidden" name="_wp_http_referer" value="/account/"/>
                                <button type="submit" class="woocommerce-Button woocommerce-button button woocommerce-form-register__submit" name="register" value="Register">Register</button>
                              </p>
                            </form>
                          </div>
                        </div>
                      </div>
                    </div>
                  </div>
                  <p/>
                </div>
              </article>
            </main>
          </div>
        </div>
      </div>
      <div class="astra-mobile-cart-overlay"/>
      <div class="astra-cart-drawer open-right" id="astra-mobile-cart-drawer">
        <div class="astra-cart-drawer-header">
          <button type="button" class="astra-cart-drawer-close">
            <span class="ahfb-svg-iconset ast-inline-flex svg-baseline">
              <svg class="ast-mobile-svg ast-close-svg" fill="currentColor" version="1.1" width="24" height="24" viewbox="0 0 24 24">
                <path d="M5.293 6.707l5.293 5.293-5.293 5.293c-0.391 0.391-0.391 1.024 0 1.414s1.024 0.391 1.414 0l5.293-5.293 5.293 5.293c0.391 0.391 1.024 0.391 1.414 0s0.391-1.024 0-1.414l-5.293-5.293 5.293-5.293c0.391-0.391 0.391-1.024 0-1.414s-1.024-0.391-1.414 0l-5.293 5.293-5.293-5.293c-0.391-0.391-1.024-0.391-1.414 0s-0.391 1.024 0 1.414z"/>
              </svg>
            </span>
          </button>
          <div class="astra-cart-drawer-title">
Shopping Cart </div>
        </div>
        <div class="astra-cart-drawer-content">
          <div class="widget woocommerce widget_shopping_cart">
            <div class="widget_shopping_cart_content"/>
          </div>
        </div>
      </div>
      <footer class="site-footer" id="colophon" itemtype="https://schema.org/WPFooter" itemscope="itemscope" itemid="#colophon">
        <div class="site-primary-footer-wrap ast-builder-grid-row-container site-footer-focus-item ast-builder-grid-row-4-equal ast-builder-grid-row-tablet-4-equal ast-builder-grid-row-mobile-full ast-footer-row-stack ast-footer-row-tablet-stack ast-footer-row-mobile-stack" data-section="section-primary-footer-builder">
          <div class="ast-builder-grid-row-container-inner">
            <div class="ast-builder-footer-grid-columns site-primary-footer-inner-wrap ast-builder-grid-row">
              <div class="site-footer-primary-section-1 site-footer-section site-footer-section-1">
                <aside class="footer-widget-area widget-area site-footer-focus-item" data-section="sidebar-widgets-footer-widget-1" aria-label="Footer Widget 1">
                  <div class="footer-widget-area-inner site-info-inner">
                    <section id="nav_menu-7" class="widget widget_nav_menu">
                      <h2 class="widget-title">Quick Links</h2>
                      <nav class="menu-quick-links-container" aria-label="Quick Links">
                        <ul class="menu" id="menu-quick-links">
                          <li class="menu-item menu-item-type-post_type menu-item-object-page menu-item-home menu-item-1254" id="menu-item-1254">
                            <a shape="rect" class="menu-link" href="https://askomdch.com/">Home</a>
                          </li>
                          <li class="menu-item menu-item-type-post_type menu-item-object-page menu-item-1255" id="menu-item-1255">
                            <a shape="rect" class="menu-link" href="https://askomdch.com/about/">About</a>
                          </li>
                          <li class="menu-item menu-item-type-post_type menu-item-object-page current-menu-item page_item page-item-1235 current_page_item menu-item-1256" id="menu-item-1256">
                            <a shape="rect" class="menu-link" href="https://askomdch.com/account/" aria-current="page">My Account</a>
                          </li>
                          <li class="menu-item menu-item-type-post_type menu-item-object-page menu-item-1257" id="menu-item-1257">
                            <a shape="rect" class="menu-link" href="https://askomdch.com/cart/">Cart</a>
                          </li>
                          <li class="menu-item menu-item-type-post_type menu-item-object-page menu-item-1258" id="menu-item-1258">
                            <a shape="rect" class="menu-link" href="https://askomdch.com/contact-us/">Contact Us</a>
                          </li>
                        </ul>
                      </nav>
                    </section>
                  </div>
                </aside>
              </div>
              <div class="site-footer-primary-section-2 site-footer-section site-footer-section-2">
                <aside class="footer-widget-area widget-area site-footer-focus-item" data-section="sidebar-widgets-footer-widget-2" aria-label="Footer Widget 2">
                  <div class="footer-widget-area-inner site-info-inner">
                    <section id="nav_menu-8" class="widget widget_nav_menu">
                      <h2 class="widget-title">For Her</h2>
                      <nav class="menu-for-her-container" aria-label="For Her">
                        <ul class="menu" id="menu-for-her">
                          <li class="menu-item menu-item-type-taxonomy menu-item-object-product_cat menu-item-1264" id="menu-item-1264">
                            <a shape="rect" class="menu-link" href="https://askomdch.com/product-category/women/">Women</a>
                          </li>
                          <li class="menu-item menu-item-type-taxonomy menu-item-object-product_cat menu-item-1266" id="menu-item-1266">
                            <a shape="rect" class="menu-link" href="https://askomdch.com/product-category/womens-jeans/">Women’s Jeans</a>
                          </li>
                          <li class="menu-item menu-item-type-taxonomy menu-item-object-product_cat menu-item-1265" id="menu-item-1265">
                            <a shape="rect" class="menu-link" href="https://askomdch.com/product-category/womens-shirts/">Women’s Shirts</a>
                          </li>
                          <li class="menu-item menu-item-type-taxonomy menu-item-object-product_cat menu-item-1267" id="menu-item-1267">
                            <a shape="rect" class="menu-link" href="https://askomdch.com/product-category/womens-shoes/">Women’s Shoes</a>
                          </li>
                          <li class="menu-item menu-item-type-taxonomy menu-item-object-product_cat menu-item-1268" id="menu-item-1268">
                            <a shape="rect" class="menu-link" href="https://askomdch.com/product-category/accessories/">Accessories</a>
                          </li>
                        </ul>
                      </nav>
                    </section>
                  </div>
                </aside>
              </div>
              <div class="site-footer-primary-section-3 site-footer-section site-footer-section-3">
                <aside class="footer-widget-area widget-area site-footer-focus-item" data-section="sidebar-widgets-footer-widget-3" aria-label="Footer Widget 3">
                  <div class="footer-widget-area-inner site-info-inner">
                    <section id="nav_menu-12" class="widget widget_nav_menu">
                      <h2 class="widget-title">For Him</h2>
                      <nav class="menu-for-him-container" aria-label="For Him">
                        <ul class="menu" id="menu-for-him">
                          <li class="menu-item menu-item-type-taxonomy menu-item-object-product_cat menu-item-1263" id="menu-item-1263">
                            <a shape="rect" class="menu-link" href="https://askomdch.com/product-category/men/">Men</a>
                          </li>
                          <li class="menu-item menu-item-type-taxonomy menu-item-object-product_cat menu-item-1259" id="menu-item-1259">
                            <a shape="rect" class="menu-link" href="https://askomdch.com/product-category/mens-jeans/">Men’s Jeans</a>
                          </li>
                          <li class="menu-item menu-item-type-taxonomy menu-item-object-product_cat menu-item-1260" id="menu-item-1260">
                            <a shape="rect" class="menu-link" href="https://askomdch.com/product-category/mens-shirts/">Men’s Shirts</a>
                          </li>
                          <li class="menu-item menu-item-type-taxonomy menu-item-object-product_cat menu-item-1261" id="menu-item-1261">
                            <a shape="rect" class="menu-link" href="https://askomdch.com/product-category/mens-shoes/">Men’s Shoes</a>
                          </li>
                          <li class="menu-item menu-item-type-taxonomy menu-item-object-product_cat menu-item-1262" id="menu-item-1262">
                            <a shape="rect" class="menu-link" href="https://askomdch.com/product-category/accessories/">Accessories</a>
                          </li>
                        </ul>
                      </nav>
                    </section>
                  </div>
                </aside>
              </div>
              <div class="site-footer-primary-section-4 site-footer-section site-footer-section-4">
                <aside class="footer-widget-area widget-area site-footer-focus-item" data-section="sidebar-widgets-footer-widget-4" aria-label="Footer Widget 4">
                  <div class="footer-widget-area-inner site-info-inner">
                    <section id="text-2" class="widget widget_text">
                      <h2 class="widget-title">AOD on Mobile</h2>
                      <div class="textwidget">
                        <p>
                          <a shape="rect" href="https://www.apple.com/in/app-store/" target="_blank" rel="noopener">
                            <img class="alignnone wp-image-1475 size-full" src="https://askomdch.com/wp-content/uploads/2021/06/image-60-compressed.jpg" alt="alt" width="300" height="90"/>
                          </a>
                          <a shape="rect" href="https://play.google.com/store" target="_blank" rel="noopener">
                            <img class="alignnone wp-image-1473 size-full" src="https://askomdch.com/wp-content/uploads/2021/06/image-41-compressed.jpg" alt="alt" width="300" height="90"/>
                          </a>
                        </p>
                      </div>
                    </section>
                  </div>
                </aside>
              </div>
            </div>
          </div>
        </div>
        <div class="site-below-footer-wrap ast-builder-grid-row-container site-footer-focus-item ast-builder-grid-row-2-equal ast-builder-grid-row-tablet-2-equal ast-builder-grid-row-mobile-full ast-footer-row-stack ast-footer-row-tablet-stack ast-footer-row-mobile-stack" data-section="section-below-footer-builder">
          <div class="ast-builder-grid-row-container-inner">
            <div class="ast-builder-footer-grid-columns site-below-footer-inner-wrap ast-builder-grid-row">
              <div class="site-footer-below-section-1 site-footer-section site-footer-section-1">
                <div class="ast-builder-layout-element ast-flex site-footer-focus-item ast-footer-copyright" data-section="section-footer-builder">
                  <div class="ast-footer-copyright">
                    <p>Copyright © 2023 AskOmDch</p>
                  </div>
                </div>
              </div>
              <div class="site-footer-below-section-2 site-footer-section site-footer-section-2">
                <div class="footer-widget-area widget-area site-footer-focus-item ast-footer-html-1" data-section="section-fb-html-1">
                  <div class="ast-header-html inner-link-style-">
                    <div class="ast-builder-html-element">
                      <p>Powered by AskOmDch</p>
                    </div>
                  </div>
                </div>
              </div>
            </div>
          </div>
        </div>
      </footer>
    </div>
    <script type="text/javascript">
		(function () {
			var c = document.body.className;
			c = c.replace(/woocommerce-no-js/, 'woocommerce-js');
			document.body.className = c;
		})();
	</script>
    <script id="astra-theme-js-js-extra">
var astra = {"break_point":"921","isRtl":""};
</script>
    <script id="astra-theme-js-js" src="https://askomdch.com/wp-content/themes/astra/assets/js/minified/frontend.min.js?ver=3.7.5"/>
    <script id="astra-mobile-cart-js" src="https://askomdch.com/wp-content/themes/astra/assets/js/minified/mobile-cart.min.js?ver=3.7.5"/>
    <script id="js-cookie-js" src="https://askomdch.com/wp-content/plugins/woocommerce/assets/js/js-cookie/js.cookie.min.js?ver=2.1.4-wc.7.2.1"/>
    <script id="wc-cart-fragments-js-extra">
var wc_cart_fragments_params = {"ajax_url":"\/wp-admin\/admin-ajax.php","wc_ajax_url":"\/?wc-ajax=%%endpoint%%","cart_hash_key":"wc_cart_hash_ce7302d8a5b087b54dd768c76987f650","fragment_name":"wc_fragments_ce7302d8a5b087b54dd768c76987f650","request_timeout":"5000"};
</script>
    <script id="wc-cart-fragments-js" src="https://askomdch.com/wp-content/plugins/woocommerce/assets/js/frontend/cart-fragments.min.js?ver=7.2.1"/>
    <script id="rocket-browser-checker-js-after">
"use strict";var _createClass=function(){function defineProperties(target,props){for(var i=0;i&lt;props.length;i++){var descriptor=props[i];descriptor.enumerable=descriptor.enumerable||!1,descriptor.configurable=!0,"value"in descriptor&amp;&amp;(descriptor.writable=!0),Object.defineProperty(target,descriptor.key,descriptor)}}return function(Constructor,protoProps,staticProps){return protoProps&amp;&amp;defineProperties(Constructor.prototype,protoProps),staticProps&amp;&amp;defineProperties(Constructor,staticProps),Constructor}}();function _classCallCheck(instance,Constructor){if(!(instance instanceof Constructor))throw new TypeError("Cannot call a class as a function")}var RocketBrowserCompatibilityChecker=function(){function RocketBrowserCompatibilityChecker(options){_classCallCheck(this,RocketBrowserCompatibilityChecker),this.passiveSupported=!1,this._checkPassiveOption(this),this.options=!!this.passiveSupported&amp;&amp;options}return _createClass(RocketBrowserCompatibilityChecker,[{key:"_checkPassiveOption",value:function(self){try{var options={get passive(){return!(self.passiveSupported=!0)}};window.addEventListener("test",null,options),window.removeEventListener("test",null,options)}catch(err){self.passiveSupported=!1}}},{key:"initRequestIdleCallback",value:function(){!1 in window&amp;&amp;(window.requestIdleCallback=function(cb){var start=Date.now();return setTimeout(function(){cb({didTimeout:!1,timeRemaining:function(){return Math.max(0,50-(Date.now()-start))}})},1)}),!1 in window&amp;&amp;(window.cancelIdleCallback=function(id){return clearTimeout(id)})}},{key:"isDataSaverModeOn",value:function(){return"connection"in navigator&amp;&amp;!0===navigator.connection.saveData}},{key:"supportsLinkPrefetch",value:function(){var elem=document.createElement("link");return elem.relList&amp;&amp;elem.relList.supports&amp;&amp;elem.relList.supports("prefetch")&amp;&amp;window.IntersectionObserver&amp;&amp;"isIntersecting"in IntersectionObserverEntry.prototype}},{key:"isSlowConnection",value:function(){return"connection"in navigator&amp;&amp;"effectiveType"in navigator.connection&amp;&amp;("2g"===navigator.connection.effectiveType||"slow-2g"===navigator.connection.effectiveType)}}]),RocketBrowserCompatibilityChecker}();
</script>
    <script id="rocket-preload-links-js-extra">
var RocketPreloadLinksConfig = {"excludeUris":"\/(?:.+\/)?feed(?:\/(?:.+\/?)?)?$|\/(?:.+\/)?embed\/|\/checkout\/|\/cart\/|\/account\/|\/wc-api\/v(.*)|\/(index\\.php\/)?wp\\-json(\/.*|$)|\/refer\/|\/go\/|\/recommend\/|\/recommends\/","usesTrailingSlash":"1","imageExt":"jpg|jpeg|gif|png|tiff|bmp|webp|avif|pdf|doc|docx|xls|xlsx|php","fileExt":"jpg|jpeg|gif|png|tiff|bmp|webp|avif|pdf|doc|docx|xls|xlsx|php|html|htm","siteUrl":"https:\/\/askomdch.com","onHoverDelay":"100","rateThrottle":"3"};
</script>
    <script id="rocket-preload-links-js-after">
(function() {
"use strict";var r="function"==typeof Symbol&amp;&amp;"symbol"==typeof Symbol.iterator?function(e){return typeof e}:function(e){return e&amp;&amp;"function"==typeof Symbol&amp;&amp;e.constructor===Symbol&amp;&amp;e!==Symbol.prototype?"symbol":typeof e},e=function(){function i(e,t){for(var n=0;n&lt;t.length;n++){var i=t[n];i.enumerable=i.enumerable||!1,i.configurable=!0,"value"in i&amp;&amp;(i.writable=!0),Object.defineProperty(e,i.key,i)}}return function(e,t,n){return t&amp;&amp;i(e.prototype,t),n&amp;&amp;i(e,n),e}}();function i(e,t){if(!(e instanceof t))throw new TypeError("Cannot call a class as a function")}var t=function(){function n(e,t){i(this,n),this.browser=e,this.config=t,this.options=this.browser.options,this.prefetched=new Set,this.eventTime=null,this.threshold=1111,this.numOnHover=0}return e(n,[{key:"init",value:function(){!this.browser.supportsLinkPrefetch()||this.browser.isDataSaverModeOn()||this.browser.isSlowConnection()||(this.regex={excludeUris:RegExp(this.config.excludeUris,"i"),images:RegExp(".("+this.config.imageExt+")$","i"),fileExt:RegExp(".("+this.config.fileExt+")$","i")},this._initListeners(this))}},{key:"_initListeners",value:function(e){-1&lt;this.config.onHoverDelay&amp;&amp;document.addEventListener("mouseover",e.listener.bind(e),e.listenerOptions),document.addEventListener("mousedown",e.listener.bind(e),e.listenerOptions),document.addEventListener("touchstart",e.listener.bind(e),e.listenerOptions)}},{key:"listener",value:function(e){var t=e.target.closest("a"),n=this._prepareUrl(t);if(null!==n)switch(e.type){case"mousedown":case"touchstart":this._addPrefetchLink(n);break;case"mouseover":this._earlyPrefetch(t,n,"mouseout")}}},{key:"_earlyPrefetch",value:function(t,e,n){var i=this,r=setTimeout(function(){if(r=null,0===i.numOnHover)setTimeout(function(){return i.numOnHover=0},1e3);else if(i.numOnHover&gt;i.config.rateThrottle)return;i.numOnHover++,i._addPrefetchLink(e)},this.config.onHoverDelay);t.addEventListener(n,function e(){t.removeEventListener(n,e,{passive:!0}),null!==r&amp;&amp;(clearTimeout(r),r=null)},{passive:!0})}},{key:"_addPrefetchLink",value:function(i){return this.prefetched.add(i.href),new Promise(function(e,t){var n=document.createElement("link");n.rel="prefetch",n.href=i.href,n.onload=e,n.onerror=t,document.head.appendChild(n)}).catch(function(){})}},{key:"_prepareUrl",value:function(e){if(null===e||"object"!==(void 0===e?"undefined":r(e))||!1 in e||-1===["http:","https:"].indexOf(e.protocol))return null;var t=e.href.substring(0,this.config.siteUrl.length),n=this._getPathname(e.href,t),i={original:e.href,protocol:e.protocol,origin:t,pathname:n,href:t+n};return this._isLinkOk(i)?i:null}},{key:"_getPathname",value:function(e,t){var n=t?e.substring(this.config.siteUrl.length):e;return n.startsWith("/")||(n="/"+n),this._shouldAddTrailingSlash(n)?n+"/":n}},{key:"_shouldAddTrailingSlash",value:function(e){return this.config.usesTrailingSlash&amp;&amp;!e.endsWith("/")&amp;&amp;!this.regex.fileExt.test(e)}},{key:"_isLinkOk",value:function(e){return null!==e&amp;&amp;"object"===(void 0===e?"undefined":r(e))&amp;&amp;(!this.prefetched.has(e.href)&amp;&amp;e.origin===this.config.siteUrl&amp;&amp;-1===e.href.indexOf("?")&amp;&amp;-1===e.href.indexOf("#")&amp;&amp;!this.regex.excludeUris.test(e.href)&amp;&amp;!this.regex.images.test(e.href))}}],[{key:"run",value:function(){"undefined"!=typeof RocketPreloadLinksConfig&amp;&amp;new n(new RocketBrowserCompatibilityChecker({capture:!0,passive:!0}),RocketPreloadLinksConfig).init()}}]),n}();t.run();
}());
</script>
    <script>
			/(trident|msie)/i.test(navigator.userAgent)&amp;&amp;document.getElementById&amp;&amp;window.addEventListener&amp;&amp;window.addEventListener("hashchange",function(){var t,e=location.hash.substring(1);/^[A-z0-9_-]+$/.test(e)&amp;&amp;(t=document.getElementById(e))&amp;&amp;(/^(?:a|select|input|button|textarea)$/i.test(t.tagName)||(t.tabIndex=-1),t.focus())},!1);
			</script>
  </body>
</html>
<html lang="en-US">
  <head>
    <meta charset="UTF-8"/>
    <meta name="viewport" content="width=device-width, initial-scale=1"/>
    <link rel="profile" href="https://gmpg.org/xfn/11"/>
    <title>Account – AskOmDch</title>
    <meta name="robots" content="max-image-preview:large, noindex, follow"/>
    <link id="astra-theme-css-css" rel="stylesheet" href="https://askomdch.com/wp-content/themes/astra/assets/css/minified/frontend.min.css?ver=3.7.5" media="all"/>
    <style id="astra-theme-css-inline-css">
html{font-size:93.75%;}a,.page-title{color:#4e4e4e;}a:hover,a:focus{color:#0084d6;}body,button,input,select,textarea,.ast-button,.ast-custom-button{font-family:'Lato',sans-serif;font-weight:400;font-size:15px;font-size:1rem;}blockquote{color:#000000;}h1,.entry-content h1,.entry-content h1 a,h2,.entry-content h2,.entry-content h2 a,h3,.entry-content h3,.entry-content h3 a,h4,.entry-content h4,.entry-content h4 a,h5,.entry-content h5,.entry-content h5 a,h6,.entry-content h6,.entry-content h6 a,.site-title,.site-title a{font-family:'Lato',sans-serif;font-weight:700;}.site-title{font-size:35px;font-size:2.3333333333333rem;display:block;}header .custom-logo-link img{max-width:140px;}.astra-logo-svg{width:140px;}.ast-archive-description .ast-archive-title{font-size:40px;font-size:2.6666666666667rem;}.site-header .site-description{font-size:15px;font-size:1rem;display:none;}.entry-title{font-size:30px;font-size:2rem;}h1,.entry-content h1,.entry-content h1 a{font-size:58px;font-size:3.8666666666667rem;font-family:'Lato',sans-serif;}h2,.entry-content h2,.entry-content h2 a{font-size:42px;font-size:2.8rem;font-family:'Lato',sans-serif;}h3,.entry-content h3,.entry-content h3 a{font-size:30px;font-size:2rem;font-family:'Lato',sans-serif;}h4,.entry-content h4,.entry-content h4 a{font-size:20px;font-size:1.3333333333333rem;font-family:'Lato',sans-serif;}h5,.entry-content h5,.entry-content h5 a{font-size:18px;font-size:1.2rem;font-family:'Lato',sans-serif;}h6,.entry-content h6,.entry-content h6 a{font-size:15px;font-size:1rem;font-family:'Lato',sans-serif;}.ast-single-post .entry-title,.page-title{font-size:30px;font-size:2rem;}::selection{background-color:#54595f;color:#ffffff;}body,h1,.entry-title a,.entry-content h1,.entry-content h1 a,h2,.entry-content h2,.entry-content h2 a,h3,.entry-content h3,.entry-content h3 a,h4,.entry-content h4,.entry-content h4 a,h5,.entry-content h5,.entry-content h5 a,h6,.entry-content h6,.entry-content h6 a{color:#333333;}.tagcloud a:hover,.tagcloud a:focus,.tagcloud a.current-item{color:#ffffff;border-color:#4e4e4e;background-color:#4e4e4e;}input:focus,input[type="text"]:focus,input[type="email"]:focus,input[type="url"]:focus,input[type="password"]:focus,input[type="reset"]:focus,input[type="search"]:focus,textarea:focus{border-color:#4e4e4e;}input[type="radio"]:checked,input[type=reset],input[type="checkbox"]:checked,input[type="checkbox"]:hover:checked,input[type="checkbox"]:focus:checked,input[type=range]::-webkit-slider-thumb{border-color:#4e4e4e;background-color:#4e4e4e;box-shadow:none;}.site-footer a:hover + .post-count,.site-footer a:focus + .post-count{background:#4e4e4e;border-color:#4e4e4e;}.single .nav-links .nav-previous,.single .nav-links .nav-next{color:#4e4e4e;}.entry-meta,.entry-meta *{line-height:1.45;color:#4e4e4e;}.entry-meta a:hover,.entry-meta a:hover *,.entry-meta a:focus,.entry-meta a:focus *,.page-links &gt; .page-link,.page-links .page-link:hover,.post-navigation a:hover{color:#0084d6;}#cat option,.secondary .calendar_wrap thead a,.secondary .calendar_wrap thead a:visited{color:#4e4e4e;}.secondary .calendar_wrap #today,.ast-progress-val span{background:#4e4e4e;}.secondary a:hover + .post-count,.secondary a:focus + .post-count{background:#4e4e4e;border-color:#4e4e4e;}.calendar_wrap #today &gt; a{color:#ffffff;}.page-links .page-link,.single .post-navigation a{color:#4e4e4e;}.widget-title{font-size:21px;font-size:1.4rem;color:#333333;}@media (max-width:921px){#ast-desktop-header{display:none;}}@media (min-width:921px){#ast-mobile-header{display:none;}}.ast-site-header-cart .cart-container,.ast-edd-site-header-cart .ast-edd-cart-container {transition: all 0.2s linear;}.ast-site-header-cart .ast-woo-header-cart-info-wrap,.ast-edd-site-header-cart .ast-edd-header-cart-info-wrap {padding: 0 2px;font-weight: 600;line-height: 2.7;display: inline-block;}.ast-site-header-cart i.astra-icon {font-size: 20px;font-size: 1.3em;font-style: normal;font-weight: normal;position: relative;padding: 0 2px;}.ast-site-header-cart i.astra-icon.no-cart-total:after,.ast-header-break-point.ast-header-custom-item-outside .ast-edd-header-cart-info-wrap,.ast-header-break-point.ast-header-custom-item-outside .ast-woo-header-cart-info-wrap {display: none;}.ast-site-header-cart.ast-menu-cart-fill i.astra-icon,.ast-edd-site-header-cart.ast-edd-menu-cart-fill span.astra-icon {font-size: 1.1em;}.astra-cart-drawer {position: fixed;display: block;visibility: hidden;overflow: auto;-webkit-overflow-scrolling: touch;z-index: 9999;background-color: #fff;transition: all 0.5s ease;transform: translate3d(0,0,0);}.astra-cart-drawer.open-right {width: 80%;height: 100%;left: 100%;top: 0px;transform: translate3d(0%,0,0);}.astra-cart-drawer.active {transform: translate3d(-100%,0,0);visibility: visible;}.astra-cart-drawer .astra-cart-drawer-header {text-align: center;text-transform: uppercase;font-weight: 400;border-bottom: 1px solid #f0f0f0;padding: 0 0 0.675rem;}.astra-cart-drawer .astra-cart-drawer-close .ast-close-svg {width: 22px;height: 22px; }.astra-cart-drawer .astra-cart-drawer-title {padding-top: 5px;}.astra-cart-drawer .astra-cart-drawer-content .woocommerce-mini-cart {padding: 1em 1.5em;}.astra-cart-drawer .astra-cart-drawer-content .woocommerce-mini-cart a.remove {width: 20px;height: 20px;line-height: 16px;}.astra-cart-drawer .astra-cart-drawer-content .woocommerce-mini-cart__total {padding: 1em 1.5em;margin: 0;text-align: center;}.astra-cart-drawer .astra-cart-drawer-content .woocommerce-mini-cart__buttons {padding: 10px;text-align: center;} .astra-cart-drawer .astra-cart-drawer-content .woocommerce-mini-cart__buttons .button.checkout {margin-right: 0;}.astra-cart-drawer .astra-cart-drawer-content .edd-cart-item {padding: .5em 2.6em .5em 1.5em;}.astra-cart-drawer .astra-cart-drawer-content .edd-cart-item .edd-remove-from-cart::after {width: 20px;height: 20px;line-height: 16px;}.astra-cart-drawer .astra-cart-drawer-content .edd-cart-number-of-items {padding: 1em 1.5em 1em 1.5em;margin-bottom: 0;text-align: center;}.astra-cart-drawer .astra-cart-drawer-content .edd_total {padding: .5em 1.5em;margin: 0;text-align: center;}.astra-cart-drawer .astra-cart-drawer-content .cart_item.edd_checkout {padding: 1em 1.5em 0;text-align: center;margin-top: 0;}.astra-cart-drawer .woocommerce-mini-cart__empty-message,.astra-cart-drawer .cart_item.empty {text-align: center;margin-top: 10px;}body.admin-bar .astra-cart-drawer {padding-top: 32px;}body.admin-bar .astra-cart-drawer .astra-cart-drawer-close {top: 32px;}@media (max-width: 782px) {body.admin-bar .astra-cart-drawer {padding-top: 46px;}body.admin-bar .astra-cart-drawer .astra-cart-drawer-close {top: 46px;}}.ast-mobile-cart-active body.ast-hfb-header {overflow: hidden;}.ast-mobile-cart-active .astra-mobile-cart-overlay {opacity: 1;cursor: pointer;visibility: visible;z-index: 999;}@media (max-width: 545px) {.astra-cart-drawer.active {width: 100%;}}.ast-site-header-cart i.astra-icon:after {content: attr(data-cart-total);position: absolute;font-style: normal;top: -10px;right: -12px;font-weight: bold;box-shadow: 1px 1px 3px 0px rgba(0,0,0,0.3);font-size: 11px;padding-left: 0px;padding-right: 2px;line-height: 17px;letter-spacing: -.5px;height: 18px;min-width: 18px;border-radius: 99px;text-align: center;z-index: 3;}li.woocommerce-custom-menu-item .ast-site-header-cart i.astra-icon:after,li.edd-custom-menu-item .ast-edd-site-header-cart span.astra-icon:after {padding-left: 2px;}.astra-cart-drawer .astra-cart-drawer-close {position: absolute;top: 0;right: 0;margin: 0;padding: .6em 1em .4em;color: #ababab;background-color: transparent;}.astra-mobile-cart-overlay {background-color: rgba(0,0,0,0.4);position: fixed;top: 0;right: 0;bottom: 0;left: 0;visibility: hidden;opacity: 0;transition: opacity 0.2s ease-in-out;}.astra-cart-drawer .astra-cart-drawer-content .edd-cart-item .edd-remove-from-cart {right: 1.2em;}.ast-header-break-point.ast-woocommerce-cart-menu.ast-hfb-header .ast-cart-menu-wrap,.ast-header-break-point.ast-hfb-header .ast-cart-menu-wrap,.ast-header-break-point .ast-edd-site-header-cart-wrap .ast-edd-cart-menu-wrap {width: 2em;height: 2em;font-size: 1.4em;line-height: 2;vertical-align: middle;text-align: right;}.ast-site-header-cart.ast-menu-cart-outline .ast-cart-menu-wrap,.ast-site-header-cart.ast-menu-cart-fill .ast-cart-menu-wrap,.ast-edd-site-header-cart.ast-edd-menu-cart-outline .ast-edd-cart-menu-wrap,.ast-edd-site-header-cart.ast-edd-menu-cart-fill .ast-edd-cart-menu-wrap {line-height: 1.8;}.ast-site-header-cart .cart-container *,.ast-edd-site-header-cart .ast-edd-cart-container * {transition: all 0s linear;}.wp-block-buttons.aligncenter{justify-content:center;}@media (min-width:1200px){.wp-block-group .has-background{padding:20px;}}@media (min-width:1200px){.ast-no-sidebar.ast-separate-container .entry-content .wp-block-group.alignwide,.ast-no-sidebar.ast-separate-container .entry-content .wp-block-cover.alignwide{margin-left:-20px;margin-right:-20px;padding-left:20px;padding-right:20px;}.ast-no-sidebar.ast-separate-container .entry-content .wp-block-cover.alignfull,.ast-no-sidebar.ast-separate-container .entry-content .wp-block-group.alignfull{margin-left:-6.67em;margin-right:-6.67em;padding-left:6.67em;padding-right:6.67em;}}@media (min-width:1200px){.wp-block-cover-image.alignwide .wp-block-cover__inner-container,.wp-block-cover.alignwide .wp-block-cover__inner-container,.wp-block-cover-image.alignfull .wp-block-cover__inner-container,.wp-block-cover.alignfull .wp-block-cover__inner-container{width:100%;}}.ast-plain-container.ast-no-sidebar #primary{margin-top:0;margin-bottom:0;}@media (max-width:921px){.ast-theme-transparent-header #primary,.ast-theme-transparent-header #secondary{padding:0;}}.wp-block-columns{margin-bottom:unset;}.wp-block-image.size-full{margin:2rem 0;}.wp-block-separator.has-background{padding:0;}.wp-block-gallery{margin-bottom:1.6em;}.wp-block-group{padding-top:4em;padding-bottom:4em;}.wp-block-group__inner-container .wp-block-columns:last-child,.wp-block-group__inner-container :last-child,.wp-block-table table{margin-bottom:0;}.blocks-gallery-grid{width:100%;}.wp-block-navigation-link__content{padding:5px 0;}.wp-block-group .wp-block-group .has-text-align-center,.wp-block-group .wp-block-column .has-text-align-center{max-width:100%;}.has-text-align-center{margin:0 auto;}@media (min-width:1200px){.wp-block-cover__inner-container,.alignwide .wp-block-group__inner-container,.alignfull .wp-block-group__inner-container{max-width:1200px;margin:0 auto;}.wp-block-group.alignnone,.wp-block-group.aligncenter,.wp-block-group.alignleft,.wp-block-group.alignright,.wp-block-group.alignwide,.wp-block-columns.alignwide{margin:2rem 0 1rem 0;}}@media (max-width:1200px){.wp-block-group{padding:3em;}.wp-block-group .wp-block-group{padding:1.5em;}.wp-block-columns,.wp-block-column{margin:1rem 0;}}@media (min-width:921px){.wp-block-columns .wp-block-group{padding:2em;}}@media (max-width:544px){.wp-block-cover-image .wp-block-cover__inner-container,.wp-block-cover .wp-block-cover__inner-container{width:unset;}.wp-block-cover,.wp-block-cover-image{padding:2em 0;}.wp-block-group,.wp-block-cover{padding:2em;}.wp-block-media-text__media img,.wp-block-media-text__media video{width:unset;max-width:100%;}.wp-block-media-text.has-background .wp-block-media-text__content{padding:1em;}}@media (max-width:921px){.ast-plain-container.ast-no-sidebar #primary{padding:0;}}@media (min-width:544px){.entry-content .wp-block-media-text.has-media-on-the-right .wp-block-media-text__content{padding:0 8% 0 0;}.entry-content .wp-block-media-text .wp-block-media-text__content{padding:0 0 0 8%;}.ast-plain-container .site-content .entry-content .has-custom-content-position.is-position-bottom-left &gt; *,.ast-plain-container .site-content .entry-content .has-custom-content-position.is-position-bottom-right &gt; *,.ast-plain-container .site-content .entry-content .has-custom-content-position.is-position-top-left &gt; *,.ast-plain-container .site-content .entry-content .has-custom-content-position.is-position-top-right &gt; *,.ast-plain-container .site-content .entry-content .has-custom-content-position.is-position-center-right &gt; *,.ast-plain-container .site-content .entry-content .has-custom-content-position.is-position-center-left &gt; *{margin:0;}}@media (max-width:544px){.entry-content .wp-block-media-text .wp-block-media-text__content{padding:8% 0;}.wp-block-media-text .wp-block-media-text__media img{width:auto;max-width:100%;}}@media (max-width:921px){.ast-separate-container .ast-article-post,.ast-separate-container .ast-article-single{padding:1.5em 2.14em;}.ast-separate-container #primary,.ast-separate-container #secondary{padding:1.5em 0;}#primary,#secondary{padding:1.5em 0;margin:0;}.ast-left-sidebar #content &gt; .ast-container{display:flex;flex-direction:column-reverse;width:100%;}.ast-author-box img.avatar{margin:20px 0 0 0;}}@media (min-width:922px){.ast-separate-container.ast-right-sidebar #primary,.ast-separate-container.ast-left-sidebar #primary{border:0;}.search-no-results.ast-separate-container #primary{margin-bottom:4em;}}.elementor-button-wrapper .elementor-button{border-style:solid;text-decoration:none;border-top-width:0;border-right-width:0;border-left-width:0;border-bottom-width:0;}body .elementor-button.elementor-size-sm,body .elementor-button.elementor-size-xs,body .elementor-button.elementor-size-md,body .elementor-button.elementor-size-lg,body .elementor-button.elementor-size-xl,body .elementor-button{border-radius:0;padding-top:17px;padding-right:30px;padding-bottom:17px;padding-left:30px;}.elementor-button-wrapper .elementor-button{border-color:#3197d6;background-color:#3197d6;}.elementor-button-wrapper .elementor-button:hover,.elementor-button-wrapper .elementor-button:focus{color:#ffffff;background-color:#0084d6;border-color:#0084d6;}.wp-block-button .wp-block-button__link ,.elementor-button-wrapper .elementor-button,.elementor-button-wrapper .elementor-button:visited{color:#ffffff;}.elementor-button-wrapper .elementor-button{font-family:inherit;font-weight:inherit;line-height:1;text-transform:uppercase;letter-spacing:1px;}body .elementor-button.elementor-size-sm,body .elementor-button.elementor-size-xs,body .elementor-button.elementor-size-md,body .elementor-button.elementor-size-lg,body .elementor-button.elementor-size-xl,body .elementor-button{font-size:15px;font-size:1rem;}.wp-block-button .wp-block-button__link:hover,.wp-block-button .wp-block-button__link:focus{color:#ffffff;background-color:#0084d6;border-color:#0084d6;}.wp-block-button .wp-block-button__link{border-style:solid;border-top-width:0;border-right-width:0;border-left-width:0;border-bottom-width:0;border-color:#3197d6;background-color:#3197d6;color:#ffffff;font-family:inherit;font-weight:inherit;line-height:1;text-transform:uppercase;letter-spacing:1px;font-size:15px;font-size:1rem;border-radius:0;}.wp-block-buttons .wp-block-button .wp-block-button__link{padding-top:17px;padding-right:30px;padding-bottom:17px;padding-left:30px;}.menu-toggle,button,.ast-button,.ast-custom-button,.button,input#submit,input[type="button"],input[type="submit"],input[type="reset"]{border-style:solid;border-top-width:0;border-right-width:0;border-left-width:0;border-bottom-width:0;color:#ffffff;border-color:#3197d6;background-color:#3197d6;border-radius:0;padding-top:17px;padding-right:30px;padding-bottom:17px;padding-left:30px;font-family:inherit;font-weight:inherit;font-size:15px;font-size:1rem;line-height:1;text-transform:uppercase;letter-spacing:1px;}button:focus,.menu-toggle:hover,button:hover,.ast-button:hover,.ast-custom-button:hover .button:hover,.ast-custom-button:hover ,input[type=reset]:hover,input[type=reset]:focus,input#submit:hover,input#submit:focus,input[type="button"]:hover,input[type="button"]:focus,input[type="submit"]:hover,input[type="submit"]:focus{color:#ffffff;background-color:#0084d6;border-color:#0084d6;}@media (min-width:544px){.ast-container{max-width:100%;}}@media (max-width:544px){.ast-separate-container .ast-article-post,.ast-separate-container .ast-article-single,.ast-separate-container .comments-title,.ast-separate-container .ast-archive-description{padding:1.5em 1em;}.ast-separate-container #content .ast-container{padding-left:0.54em;padding-right:0.54em;}.ast-separate-container .ast-comment-list li.depth-1{padding:1.5em 1em;margin-bottom:1.5em;}.ast-separate-container .ast-comment-list .bypostauthor{padding:.5em;}.ast-search-menu-icon.ast-dropdown-active .search-field{width:170px;}}@media (max-width:921px){.ast-mobile-header-stack .main-header-bar .ast-search-menu-icon{display:inline-block;}.ast-header-break-point.ast-header-custom-item-outside .ast-mobile-header-stack .main-header-bar .ast-search-icon{margin:0;}.ast-comment-avatar-wrap img{max-width:2.5em;}.ast-separate-container .ast-comment-list li.depth-1{padding:1.5em 2.14em;}.ast-separate-container .comment-respond{padding:2em 2.14em;}.ast-comment-meta{padding:0 1.8888em 1.3333em;}}body,.ast-separate-container{background-color:#f9f9f9;;}.ast-no-sidebar.ast-separate-container .entry-content .alignfull {margin-left: -6.67em;margin-right: -6.67em;width: auto;}@media (max-width: 1200px) {.ast-no-sidebar.ast-separate-container .entry-content .alignfull {margin-left: -2.4em;margin-right: -2.4em;}}@media (max-width: 768px) {.ast-no-sidebar.ast-separate-container .entry-content .alignfull {margin-left: -2.14em;margin-right: -2.14em;}}@media (max-width: 544px) {.ast-no-sidebar.ast-separate-container .entry-content .alignfull {margin-left: -1em;margin-right: -1em;}}.ast-no-sidebar.ast-separate-container .entry-content .alignwide {margin-left: -20px;margin-right: -20px;}.ast-no-sidebar.ast-separate-container .entry-content .wp-block-column .alignfull,.ast-no-sidebar.ast-separate-container .entry-content .wp-block-column .alignwide {margin-left: auto;margin-right: auto;width: 100%;}@media (max-width:921px){.site-title{display:block;}.ast-archive-description .ast-archive-title{font-size:40px;}.site-header .site-description{display:none;}.entry-title{font-size:30px;}h1,.entry-content h1,.entry-content h1 a{font-size:30px;}h2,.entry-content h2,.entry-content h2 a{font-size:25px;}h3,.entry-content h3,.entry-content h3 a{font-size:20px;}.ast-single-post .entry-title,.page-title{font-size:30px;}.astra-logo-svg{width:120px;}header .custom-logo-link img,.ast-header-break-point .site-logo-img .custom-mobile-logo-link img{max-width:120px;}}@media (max-width:544px){.site-title{display:block;}.ast-archive-description .ast-archive-title{font-size:40px;}.site-header .site-description{display:none;}.entry-title{font-size:30px;}h1,.entry-content h1,.entry-content h1 a{font-size:30px;}h2,.entry-content h2,.entry-content h2 a{font-size:25px;}h3,.entry-content h3,.entry-content h3 a{font-size:20px;}.ast-single-post .entry-title,.page-title{font-size:30px;}header .custom-logo-link img,.ast-header-break-point .site-branding img,.ast-header-break-point .custom-logo-link img{max-width:120px;}.astra-logo-svg{width:120px;}.ast-header-break-point .site-logo-img .custom-mobile-logo-link img{max-width:120px;}}@media (max-width:921px){html{font-size:85.5%;}}@media (max-width:544px){html{font-size:85.5%;}}@media (min-width:922px){.ast-container{max-width:1240px;}}@font-face {font-family: "Astra";src: url(https://askomdch.com/wp-content/themes/astra/assets/fonts/astra.woff) format("woff"),url(https://askomdch.com/wp-content/themes/astra/assets/fonts/astra.ttf) format("truetype"),url(https://askomdch.com/wp-content/themes/astra/assets/fonts/astra.svg#astra) format("svg");font-weight: normal;font-style: normal;font-display: fallback;}@media (min-width:922px){.main-header-menu .sub-menu .menu-item.ast-left-align-sub-menu:hover &gt; .sub-menu,.main-header-menu .sub-menu .menu-item.ast-left-align-sub-menu.focus &gt; .sub-menu{margin-left:-2px;}}.ast-theme-transparent-header [data-section="section-header-mobile-trigger"] .ast-button-wrap .ast-mobile-menu-trigger-minimal{background:transparent;}.footer-widget-area[data-section^="section-fb-html-"] .ast-builder-html-element{text-align:center;}.astra-icon-down_arrow::after {content: "\e900";font-family: Astra;}.astra-icon-close::after {content: "\e5cd";font-family: Astra;}.astra-icon-drag_handle::after {content: "\e25d";font-family: Astra;}.astra-icon-format_align_justify::after {content: "\e235";font-family: Astra;}.astra-icon-menu::after {content: "\e5d2";font-family: Astra;}.astra-icon-reorder::after {content: "\e8fe";font-family: Astra;}.astra-icon-search::after {content: "\e8b6";font-family: Astra;}.astra-icon-zoom_in::after {content: "\e56b";font-family: Astra;}.astra-icon-check-circle::after {content: "\e901";font-family: Astra;}.astra-icon-shopping-cart::after {content: "\f07a";font-family: Astra;}.astra-icon-shopping-bag::after {content: "\f290";font-family: Astra;}.astra-icon-shopping-basket::after {content: "\f291";font-family: Astra;}.astra-icon-circle-o::after {content: "\e903";font-family: Astra;}.astra-icon-certificate::after {content: "\e902";font-family: Astra;}blockquote {padding: 1.2em;}.ast-header-break-point .ast-mobile-header-wrap .ast-above-header-wrap .main-header-bar-navigation .inline-on-mobile .menu-item .menu-link,.ast-header-break-point .ast-mobile-header-wrap .ast-main-header-wrap .main-header-bar-navigation .inline-on-mobile .menu-item .menu-link,.ast-header-break-point .ast-mobile-header-wrap .ast-below-header-wrap .main-header-bar-navigation .inline-on-mobile .menu-item .menu-link {border: none;}.ast-header-break-point .ast-mobile-header-wrap .ast-above-header-wrap .main-header-bar-navigation .inline-on-mobile .menu-item-has-children &gt; .ast-menu-toggle::before,.ast-header-break-point .ast-mobile-header-wrap .ast-main-header-wrap .main-header-bar-navigation .inline-on-mobile .menu-item-has-children &gt; .ast-menu-toggle::before,.ast-header-break-point .ast-mobile-header-wrap .ast-below-header-wrap .main-header-bar-navigation .inline-on-mobile .menu-item-has-children &gt; .ast-menu-toggle::before {font-size: .6rem;}.ast-header-break-point .ast-mobile-header-wrap .ast-flex.inline-on-mobile {flex-wrap: unset;}.ast-header-break-point .ast-mobile-header-wrap .ast-flex.inline-on-mobile .menu-item.ast-submenu-expanded &gt; .sub-menu .menu-link {padding: .1em 1em;}.ast-header-break-point .ast-mobile-header-wrap .ast-flex.inline-on-mobile .menu-item.ast-submenu-expanded &gt; .sub-menu &gt; .menu-item .ast-menu-toggle::before {transform: rotate(-90deg);}.ast-header-break-point .ast-mobile-header-wrap .ast-flex.inline-on-mobile .menu-item.ast-submenu-expanded &gt; .sub-menu &gt; .menu-item.ast-submenu-expanded .ast-menu-toggle::before {transform: rotate(-270deg);}.ast-header-break-point .ast-mobile-header-wrap .ast-flex.inline-on-mobile .menu-item &gt; .sub-menu &gt; .menu-item .menu-link:before {content: none;}.ast-header-break-point .ast-mobile-header-wrap .ast-flex.inline-on-mobile {flex-wrap: unset;}.ast-header-break-point .ast-mobile-header-wrap .ast-flex.inline-on-mobile .menu-item.ast-submenu-expanded &gt; .sub-menu .menu-link {padding: .1em 1em;}.ast-header-break-point .ast-mobile-header-wrap .ast-flex.inline-on-mobile .menu-item.ast-submenu-expanded &gt; .sub-menu &gt; .menu-item .ast-menu-toggle::before {transform: rotate(-90deg);}.ast-header-break-point .ast-mobile-header-wrap .ast-flex.inline-on-mobile .menu-item.ast-submenu-expanded &gt; .sub-menu &gt; .menu-item.ast-submenu-expanded .ast-menu-toggle::before {transform: rotate(-270deg);}.ast-header-break-point .ast-mobile-header-wrap .ast-flex.inline-on-mobile .menu-item &gt; .sub-menu &gt; .menu-item .menu-link:before {content: none;}.ast-header-break-point .inline-on-mobile .sub-menu {width: 150px;}.ast-header-break-point .ast-mobile-header-wrap .ast-flex.inline-on-mobile .menu-item.menu-item-has-children {margin-right: 10px;}.ast-header-break-point .ast-mobile-header-wrap .ast-flex.inline-on-mobile .menu-item.ast-submenu-expanded &gt; .sub-menu {display: block;position: absolute;right: auto;left: 0;}.ast-header-break-point .ast-mobile-header-wrap .ast-flex.inline-on-mobile .menu-item.ast-submenu-expanded &gt; .sub-menu .menu-item .ast-menu-toggle {padding: 0;right: 1em;}.ast-header-break-point .ast-mobile-header-wrap .ast-flex.inline-on-mobile .menu-item.ast-submenu-expanded &gt; .sub-menu &gt; .menu-item &gt; .sub-menu {left: 100%;right: auto;}.ast-header-break-point .ast-mobile-header-wrap .ast-flex.inline-on-mobile .ast-menu-toggle {right: -15px;}.ast-header-break-point .ast-mobile-header-wrap .ast-flex.inline-on-mobile .menu-item.menu-item-has-children {margin-right: 10px;}.ast-header-break-point .ast-mobile-header-wrap .ast-flex.inline-on-mobile .menu-item.ast-submenu-expanded &gt; .sub-menu {display: block;position: absolute;right: auto;left: 0;}.ast-header-break-point .ast-mobile-header-wrap .ast-flex.inline-on-mobile .menu-item.ast-submenu-expanded &gt; .sub-menu &gt; .menu-item &gt; .sub-menu {left: 100%;right: auto;}.ast-header-break-point .ast-mobile-header-wrap .ast-flex.inline-on-mobile .ast-menu-toggle {right: -15px;}:root .has-ast-global-color-0-color{color:var(--ast-global-color-0);}:root .has-ast-global-color-0-background-color{background-color:var(--ast-global-color-0);}:root .wp-block-button .has-ast-global-color-0-color{color:var(--ast-global-color-0);}:root .wp-block-button .has-ast-global-color-0-background-color{background-color:var(--ast-global-color-0);}:root .has-ast-global-color-1-color{color:var(--ast-global-color-1);}:root .has-ast-global-color-1-background-color{background-color:var(--ast-global-color-1);}:root .wp-block-button .has-ast-global-color-1-color{color:var(--ast-global-color-1);}:root .wp-block-button .has-ast-global-color-1-background-color{background-color:var(--ast-global-color-1);}:root .has-ast-global-color-2-color{color:var(--ast-global-color-2);}:root .has-ast-global-color-2-background-color{background-color:var(--ast-global-color-2);}:root .wp-block-button .has-ast-global-color-2-color{color:var(--ast-global-color-2);}:root .wp-block-button .has-ast-global-color-2-background-color{background-color:var(--ast-global-color-2);}:root .has-ast-global-color-3-color{color:var(--ast-global-color-3);}:root .has-ast-global-color-3-background-color{background-color:var(--ast-global-color-3);}:root .wp-block-button .has-ast-global-color-3-color{color:var(--ast-global-color-3);}:root .wp-block-button .has-ast-global-color-3-background-color{background-color:var(--ast-global-color-3);}:root .has-ast-global-color-4-color{color:var(--ast-global-color-4);}:root .has-ast-global-color-4-background-color{background-color:var(--ast-global-color-4);}:root .wp-block-button .has-ast-global-color-4-color{color:var(--ast-global-color-4);}:root .wp-block-button .has-ast-global-color-4-background-color{background-color:var(--ast-global-color-4);}:root .has-ast-global-color-5-color{color:var(--ast-global-color-5);}:root .has-ast-global-color-5-background-color{background-color:var(--ast-global-color-5);}:root .wp-block-button .has-ast-global-color-5-color{color:var(--ast-global-color-5);}:root .wp-block-button .has-ast-global-color-5-background-color{background-color:var(--ast-global-color-5);}:root .has-ast-global-color-6-color{color:var(--ast-global-color-6);}:root .has-ast-global-color-6-background-color{background-color:var(--ast-global-color-6);}:root .wp-block-button .has-ast-global-color-6-color{color:var(--ast-global-color-6);}:root .wp-block-button .has-ast-global-color-6-background-color{background-color:var(--ast-global-color-6);}:root .has-ast-global-color-7-color{color:var(--ast-global-color-7);}:root .has-ast-global-color-7-background-color{background-color:var(--ast-global-color-7);}:root .wp-block-button .has-ast-global-color-7-color{color:var(--ast-global-color-7);}:root .wp-block-button .has-ast-global-color-7-background-color{background-color:var(--ast-global-color-7);}:root .has-ast-global-color-8-color{color:var(--ast-global-color-8);}:root .has-ast-global-color-8-background-color{background-color:var(--ast-global-color-8);}:root .wp-block-button .has-ast-global-color-8-color{color:var(--ast-global-color-8);}:root .wp-block-button .has-ast-global-color-8-background-color{background-color:var(--ast-global-color-8);}:root{--ast-global-color-0:#0170B9;--ast-global-color-1:#3a3a3a;--ast-global-color-2:#3a3a3a;--ast-global-color-3:#4B4F58;--ast-global-color-4:#F5F5F5;--ast-global-color-5:#FFFFFF;--ast-global-color-6:#F2F5F7;--ast-global-color-7:#424242;--ast-global-color-8:#000000;}.ast-theme-transparent-header #masthead .site-logo-img .transparent-custom-logo .astra-logo-svg{width:140px;}.ast-theme-transparent-header #masthead .site-logo-img .transparent-custom-logo img{ max-width:140px;}@media (min-width:921px){.ast-theme-transparent-header #masthead{position:absolute;left:0;right:0;}.ast-theme-transparent-header .main-header-bar,.ast-theme-transparent-header.ast-header-break-point .main-header-bar{background:none;}body.elementor-editor-active.ast-theme-transparent-header #masthead,.fl-builder-edit .ast-theme-transparent-header #masthead,body.vc_editor.ast-theme-transparent-header #masthead,body.brz-ed.ast-theme-transparent-header #masthead{z-index:0;}.ast-header-break-point.ast-replace-site-logo-transparent.ast-theme-transparent-header .custom-mobile-logo-link{display:none;}.ast-header-break-point.ast-replace-site-logo-transparent.ast-theme-transparent-header .transparent-custom-logo{display:inline-block;}.ast-theme-transparent-header .ast-above-header,.ast-theme-transparent-header .ast-above-header.ast-above-header-bar{background-image:none;background-color:transparent;}.ast-theme-transparent-header .ast-below-header{background-image:none;background-color:transparent;}}@media (min-width:922px){.ast-theme-transparent-header .main-header-bar,.ast-theme-transparent-header.ast-header-break-point .main-header-bar-wrap .main-header-menu,.ast-theme-transparent-header.ast-header-break-point .main-header-bar-wrap .main-header-bar,.ast-theme-transparent-header.ast-header-break-point .ast-mobile-header-wrap .main-header-bar{background-color:rgba(0,0,0,0.07);}.ast-theme-transparent-header .main-header-bar .ast-search-menu-icon form{background-color:rgba(0,0,0,0.07);}.ast-theme-transparent-header .ast-above-header,.ast-theme-transparent-header .ast-above-header.ast-above-header-bar,.ast-theme-transparent-header .ast-below-header,.ast-header-break-point.ast-theme-transparent-header .ast-above-header,.ast-header-break-point.ast-theme-transparent-header .ast-below-header{background-color:rgba(0,0,0,0.07);}.ast-theme-transparent-header .site-title a,.ast-theme-transparent-header .site-title a:focus,.ast-theme-transparent-header .site-title a:hover,.ast-theme-transparent-header .site-title a:visited{color:#ffffff;}.ast-theme-transparent-header .site-header .site-description{color:#ffffff;}.ast-theme-transparent-header .ast-builder-menu .main-header-menu .menu-item .sub-menu .menu-item .menu-link,.ast-theme-transparent-header .ast-builder-menu .main-header-menu .menu-item .sub-menu .menu-item &gt; .ast-menu-toggle,.ast-theme-transparent-header .main-header-menu .menu-item .sub-menu .menu-link,.ast-header-break-point.ast-flyout-menu-enable.ast-header-break-point .main-header-bar-navigation .main-header-menu .menu-item .sub-menu .menu-link{color:#333333;}.ast-theme-transparent-header .ast-builder-menu .main-header-menu .menu-item .sub-menu .menu-link:hover,.ast-theme-transparent-header .ast-builder-menu .main-header-menu .menu-item .sub-menu .menu-item:hover &gt; .menu-link,.ast-theme-transparent-header .ast-builder-menu .main-header-menu .menu-item .sub-menu .menu-item.focus &gt; .menu-item,.ast-theme-transparent-header .ast-builder-menu .main-header-menu .menu-item .sub-menu .menu-item.current-menu-item &gt; .menu-link,.ast-theme-transparent-header .ast-builder-menu .main-header-menu .menu-item .sub-menu .menu-item.current-menu-item &gt; .ast-menu-toggle,.ast-theme-transparent-header .ast-builder-menu .main-header-menu .menu-item .sub-menu .menu-item:hover &gt; .ast-menu-toggle,.ast-theme-transparent-header .ast-builder-menu .main-header-menu .menu-item .sub-menu .menu-item.focus &gt; .ast-menu-toggle,.ast-theme-transparent-header .main-header-menu .menu-item .sub-menu .menu-item:hover &gt; .menu-link,.ast-header-break-point.ast-flyout-menu-enable.ast-header-break-point .main-header-bar-navigation .main-header-menu .menu-item .sub-menu .menu-link{color:#000000;}.ast-theme-transparent-header .ast-builder-menu .main-header-menu,.ast-theme-transparent-header .ast-builder-menu .main-header-menu .menu-link,.ast-theme-transparent-header [CLASS*="ast-builder-menu-"] .main-header-menu .menu-item &gt; .menu-link,.ast-theme-transparent-header .ast-masthead-custom-menu-items,.ast-theme-transparent-header .ast-masthead-custom-menu-items a,.ast-theme-transparent-header .ast-builder-menu .main-header-menu .menu-item &gt; .ast-menu-toggle,.ast-theme-transparent-header .ast-builder-menu .main-header-menu .menu-item &gt; .ast-menu-toggle,.ast-theme-transparent-header .ast-above-header-navigation a,.ast-header-break-point.ast-theme-transparent-header .ast-above-header-navigation a,.ast-header-break-point.ast-theme-transparent-header .ast-above-header-navigation &gt; ul.ast-above-header-menu &gt; .menu-item-has-children:not(.current-menu-item) &gt; .ast-menu-toggle,.ast-theme-transparent-header .ast-below-header-menu,.ast-theme-transparent-header .ast-below-header-menu a,.ast-header-break-point.ast-theme-transparent-header .ast-below-header-menu a,.ast-header-break-point.ast-theme-transparent-header .ast-below-header-menu,.ast-theme-transparent-header .main-header-menu .menu-link{color:#cecece;}.ast-theme-transparent-header .ast-builder-menu .main-header-menu .menu-item:hover &gt; .menu-link,.ast-theme-transparent-header .ast-builder-menu .main-header-menu .menu-item:hover &gt; .ast-menu-toggle,.ast-theme-transparent-header .ast-builder-menu .main-header-menu .ast-masthead-custom-menu-items a:hover,.ast-theme-transparent-header .ast-builder-menu .main-header-menu .focus &gt; .menu-link,.ast-theme-transparent-header .ast-builder-menu .main-header-menu .focus &gt; .ast-menu-toggle,.ast-theme-transparent-header .ast-builder-menu .main-header-menu .current-menu-item &gt; .menu-link,.ast-theme-transparent-header .ast-builder-menu .main-header-menu .current-menu-ancestor &gt; .menu-link,.ast-theme-transparent-header .ast-builder-menu .main-header-menu .current-menu-item &gt; .ast-menu-toggle,.ast-theme-transparent-header .ast-builder-menu .main-header-menu .current-menu-ancestor &gt; .ast-menu-toggle,.ast-theme-transparent-header [CLASS*="ast-builder-menu-"] .main-header-menu .current-menu-item &gt; .menu-link,.ast-theme-transparent-header [CLASS*="ast-builder-menu-"] .main-header-menu .current-menu-ancestor &gt; .menu-link,.ast-theme-transparent-header [CLASS*="ast-builder-menu-"] .main-header-menu .current-menu-item &gt; .ast-menu-toggle,.ast-theme-transparent-header [CLASS*="ast-builder-menu-"] .main-header-menu .current-menu-ancestor &gt; .ast-menu-toggle,.ast-theme-transparent-header .main-header-menu .menu-item:hover &gt; .menu-link,.ast-theme-transparent-header .main-header-menu .current-menu-item &gt; .menu-link,.ast-theme-transparent-header .main-header-menu .current-menu-ancestor &gt; .menu-link{color:#ffffff;}.ast-theme-transparent-header div.ast-masthead-custom-menu-items,.ast-theme-transparent-header div.ast-masthead-custom-menu-items .widget,.ast-theme-transparent-header div.ast-masthead-custom-menu-items .widget-title,.ast-theme-transparent-header .site-header-section [CLASS*="ast-header-html-"] .ast-builder-html-element{color:#000000;}.ast-theme-transparent-header div.ast-masthead-custom-menu-items a,.ast-theme-transparent-header div.ast-masthead-custom-menu-items .widget a,.ast-theme-transparent-header .site-header-section [CLASS*="ast-header-html-"] .ast-builder-html-element a{color:#cecece;}.ast-theme-transparent-header div.ast-masthead-custom-menu-items a:hover,.ast-theme-transparent-header div.ast-masthead-custom-menu-items .widget a:hover,.ast-theme-transparent-header .site-header-section [CLASS*="ast-header-html-"] .ast-builder-html-element a:hover{color:#ffffff;}}@media (max-width:921px){.transparent-custom-logo{display:none;}}@media (min-width:921px){.ast-transparent-mobile-logo{display:none;}}@media (max-width:921px){.ast-transparent-mobile-logo{display:block;}}@media (min-width:921px){.ast-theme-transparent-header #ast-desktop-header &gt; [CLASS*="-header-wrap"]:nth-last-child(2) &gt; [CLASS*="-header-bar"]{border-bottom-width:0;border-bottom-style:solid;border-bottom-color:rgba(0,0,0,0);}}.ast-breadcrumbs .trail-browse,.ast-breadcrumbs .trail-items,.ast-breadcrumbs .trail-items li{display:inline-block;margin:0;padding:0;border:none;background:inherit;text-indent:0;}.ast-breadcrumbs .trail-browse{font-size:inherit;font-style:inherit;font-weight:inherit;color:inherit;}.ast-breadcrumbs .trail-items{list-style:none;}.trail-items li::after{padding:0 0.3em;content:"\00bb";}.trail-items li:last-of-type::after{display:none;}h1,.entry-content h1,h2,.entry-content h2,h3,.entry-content h3,h4,.entry-content h4,h5,.entry-content h5,h6,.entry-content h6{color:var(--ast-global-color-2);}@media (max-width:921px){.ast-builder-grid-row-container.ast-builder-grid-row-tablet-3-firstrow .ast-builder-grid-row &gt; *:first-child,.ast-builder-grid-row-container.ast-builder-grid-row-tablet-3-lastrow .ast-builder-grid-row &gt; *:last-child{grid-column:1 / -1;}}@media (max-width:544px){.ast-builder-grid-row-container.ast-builder-grid-row-mobile-3-firstrow .ast-builder-grid-row &gt; *:first-child,.ast-builder-grid-row-container.ast-builder-grid-row-mobile-3-lastrow .ast-builder-grid-row &gt; *:last-child{grid-column:1 / -1;}}.ast-builder-layout-element[data-section="title_tagline"]{display:flex;}@media (max-width:921px){.ast-header-break-point .ast-builder-layout-element[data-section="title_tagline"]{display:flex;}}@media (max-width:544px){.ast-header-break-point .ast-builder-layout-element[data-section="title_tagline"]{display:flex;}}.ast-builder-menu-1{font-family:inherit;font-weight:normal;}.ast-builder-menu-1 .menu-item.current-menu-item &gt; .menu-link,.ast-builder-menu-1 .inline-on-mobile .menu-item.current-menu-item &gt; .ast-menu-toggle,.ast-builder-menu-1 .current-menu-ancestor &gt; .menu-link{color:#602bb7;}.ast-builder-menu-1 .menu-item.current-menu-item &gt; .ast-menu-toggle{color:#602bb7;}.ast-builder-menu-1 .sub-menu,.ast-builder-menu-1 .inline-on-mobile .sub-menu{border-top-width:1px;border-bottom-width:1px;border-right-width:1px;border-left-width:1px;border-color:#dddddd;border-style:solid;border-radius:0;}.ast-builder-menu-1 .main-header-menu &gt; .menu-item &gt; .sub-menu,.ast-builder-menu-1 .main-header-menu &gt; .menu-item &gt; .astra-full-megamenu-wrapper{margin-top:0;}.ast-desktop .ast-builder-menu-1 .main-header-menu &gt; .menu-item &gt; .sub-menu:before,.ast-desktop .ast-builder-menu-1 .main-header-menu &gt; .menu-item &gt; .astra-full-megamenu-wrapper:before{height:calc( 0px + 5px );}.ast-desktop .ast-builder-menu-1 .menu-item .sub-menu .menu-link{border-bottom-width:1px;border-color:#eaeaea;border-style:solid;}.ast-desktop .ast-builder-menu-1 .menu-item .sub-menu .menu-item:last-child .menu-link{border-bottom-width:0;}@media (max-width:921px){.ast-header-break-point .ast-builder-menu-1 .menu-item.menu-item-has-children &gt; .ast-menu-toggle{top:0;}.ast-builder-menu-1 .menu-item-has-children &gt; .menu-link:after{content:unset;}}@media (max-width:544px){.ast-header-break-point .ast-builder-menu-1 .menu-item.menu-item-has-children &gt; .ast-menu-toggle{top:0;}}.ast-builder-menu-1{display:flex;}@media (max-width:921px){.ast-header-break-point .ast-builder-menu-1{display:flex;}}@media (max-width:544px){.ast-header-break-point .ast-builder-menu-1{display:flex;}}.ast-site-header-cart .ast-cart-menu-wrap,.ast-site-header-cart .ast-addon-cart-wrap{color:#d2d2d2;}.ast-site-header-cart .ast-cart-menu-wrap .count,.ast-site-header-cart .ast-cart-menu-wrap .count:after,.ast-site-header-cart .ast-addon-cart-wrap .count,.ast-site-header-cart .ast-addon-cart-wrap .ast-icon-shopping-cart:after{color:#d2d2d2;border-color:#d2d2d2;}.ast-site-header-cart .ast-addon-cart-wrap .ast-icon-shopping-cart:after{color:#ffffff;background-color:#d2d2d2;}.ast-site-header-cart .ast-woo-header-cart-info-wrap{color:#d2d2d2;}.ast-site-header-cart .ast-addon-cart-wrap i.astra-icon:after{color:#ffffff;background-color:#d2d2d2;}.ast-theme-transparent-header .ast-site-header-cart .ast-cart-menu-wrap,.ast-theme-transparent-header .ast-site-header-cart .ast-addon-cart-wrap{color:#d2d2d2;}.ast-theme-transparent-header .ast-site-header-cart .ast-cart-menu-wrap .count,.ast-theme-transparent-header .ast-site-header-cart .ast-cart-menu-wrap .count:after,.ast-theme-transparent-header .ast-site-header-cart .ast-addon-cart-wrap .count,.ast-theme-transparent-header .ast-site-header-cart .ast-addon-cart-wrap .ast-icon-shopping-cart:after{color:#d2d2d2;border-color:#d2d2d2;}.ast-theme-transparent-header .ast-site-header-cart .ast-addon-cart-wrap .ast-icon-shopping-cart:after{color:#ffffff;background-color:#d2d2d2;}.ast-theme-transparent-header .ast-site-header-cart .ast-woo-header-cart-info-wrap{color:#d2d2d2;}.ast-theme-transparent-header .ast-site-header-cart .ast-addon-cart-wrap i.astra-icon:after{color:#ffffff;background-color:#d2d2d2;}#ast-site-header-cart .widget_shopping_cart .mini_cart_item{border-bottom-color:rgb(0,0,0);}@media (max-width:921px){#astra-mobile-cart-drawer .widget_shopping_cart .mini_cart_item{border-bottom-color:rgb(0,0,0);}}@media (max-width:544px){#astra-mobile-cart-drawer .widget_shopping_cart .mini_cart_item{border-bottom-color:rgb(0,0,0);}}.ast-site-header-cart .ast-cart-menu-wrap,.ast-site-header-cart .ast-addon-cart-wrap{color:#d2d2d2;}.ast-site-header-cart .ast-cart-menu-wrap:hover .count,.ast-site-header-cart .ast-addon-cart-wrap:hover .count{color:#000000;background-color:#d2d2d2;}.ast-menu-cart-outline .ast-cart-menu-wrap .count,.ast-menu-cart-outline .ast-addon-cart-wrap{color:#d2d2d2;}.ast-site-header-cart .ast-menu-cart-outline .ast-woo-header-cart-info-wrap{color:#d2d2d2;}.ast-menu-cart-fill .ast-cart-menu-wrap .count,.ast-menu-cart-fill .ast-cart-menu-wrap,.ast-menu-cart-fill .ast-addon-cart-wrap .ast-woo-header-cart-info-wrap,.ast-menu-cart-fill .ast-addon-cart-wrap{background-color:#d2d2d2;color:#000000;}.ast-theme-transparent-header .ast-site-header-cart .ast-cart-menu-wrap,.ast-theme-transparent-header .ast-site-header-cart .ast-addon-cart-wrap{color:#d2d2d2;}.ast-theme-transparent-header .ast-site-header-cart .ast-cart-menu-wrap:hover .count,.ast-theme-transparent-header .ast-site-header-cart .ast-addon-cart-wrap:hover .count{color:#000000;background-color:#d2d2d2;}.ast-theme-transparent-header .ast-menu-cart-outline .ast-cart-menu-wrap .count,.ast-theme-transparent-header .ast-menu-cart-outline .ast-addon-cart-wrap{color:#d2d2d2;}.ast-theme-transparent-header .ast-site-header-cart .ast-menu-cart-outline .ast-woo-header-cart-info-wrap{color:#d2d2d2;}.ast-theme-transparent-header .ast-menu-cart-fill .ast-cart-menu-wrap .count,.ast-theme-transparent-header .ast-menu-cart-fill .ast-cart-menu-wrap,.ast-theme-transparent-header .ast-menu-cart-fill .ast-addon-cart-wrap .ast-woo-header-cart-info-wrap,.ast-theme-transparent-header .ast-menu-cart-fill .ast-addon-cart-wrap{background-color:#d2d2d2;color:#000000;}.ast-site-header-cart.ast-menu-cart-outline .ast-cart-menu-wrap,.ast-site-header-cart.ast-menu-cart-fill .ast-cart-menu-wrap,.ast-site-header-cart.ast-menu-cart-outline .ast-cart-menu-wrap .count,.ast-site-header-cart.ast-menu-cart-fill .ast-cart-menu-wrap .count,.ast-site-header-cart.ast-menu-cart-outline .ast-addon-cart-wrap,.ast-site-header-cart.ast-menu-cart-fill .ast-addon-cart-wrap,.ast-site-header-cart.ast-menu-cart-outline .ast-woo-header-cart-info-wrap,.ast-site-header-cart.ast-menu-cart-fill .ast-woo-header-cart-info-wrap{border-radius:3px;}.ast-header-woo-cart{display:flex;}@media (max-width:921px){.ast-header-break-point .ast-header-woo-cart{display:flex;}}@media (max-width:544px){.ast-header-break-point .ast-header-woo-cart{display:none;}}.site-below-footer-wrap{padding-top:20px;padding-bottom:20px;}.site-below-footer-wrap[data-section="section-below-footer-builder"]{background-color:#ffffff;;background-image:none;;min-height:80px;border-style:solid;border-width:0px;border-top-width:1px;border-top-color:rgba(122,122,122,0.13);}.site-below-footer-wrap[data-section="section-below-footer-builder"] .ast-builder-grid-row{max-width:1200px;margin-left:auto;margin-right:auto;}.site-below-footer-wrap[data-section="section-below-footer-builder"] .ast-builder-grid-row,.site-below-footer-wrap[data-section="section-below-footer-builder"] .site-footer-section{align-items:flex-start;}.site-below-footer-wrap[data-section="section-below-footer-builder"].ast-footer-row-inline .site-footer-section{display:flex;margin-bottom:0;}.ast-builder-grid-row-2-equal .ast-builder-grid-row{grid-template-columns:repeat( 2,1fr );}@media (max-width:921px){.site-below-footer-wrap[data-section="section-below-footer-builder"].ast-footer-row-tablet-inline .site-footer-section{display:flex;margin-bottom:0;}.site-below-footer-wrap[data-section="section-below-footer-builder"].ast-footer-row-tablet-stack .site-footer-section{display:block;margin-bottom:10px;}.ast-builder-grid-row-container.ast-builder-grid-row-tablet-2-equal .ast-builder-grid-row{grid-template-columns:repeat( 2,1fr );}}@media (max-width:544px){.site-below-footer-wrap[data-section="section-below-footer-builder"].ast-footer-row-mobile-inline .site-footer-section{display:flex;margin-bottom:0;}.site-below-footer-wrap[data-section="section-below-footer-builder"].ast-footer-row-mobile-stack .site-footer-section{display:block;margin-bottom:10px;}.ast-builder-grid-row-container.ast-builder-grid-row-mobile-full .ast-builder-grid-row{grid-template-columns:1fr;}}@media (max-width:921px){.site-below-footer-wrap[data-section="section-below-footer-builder"]{padding-left:30px;padding-right:30px;}}.site-below-footer-wrap[data-section="section-below-footer-builder"]{display:grid;}@media (max-width:921px){.ast-header-break-point .site-below-footer-wrap[data-section="section-below-footer-builder"]{display:grid;}}@media (max-width:544px){.ast-header-break-point .site-below-footer-wrap[data-section="section-below-footer-builder"]{display:grid;}}.ast-builder-html-element img.alignnone{display:inline-block;}.ast-builder-html-element p:first-child{margin-top:0;}.ast-builder-html-element p:last-child{margin-bottom:0;}.ast-header-break-point .main-header-bar .ast-builder-html-element{line-height:1.85714285714286;}.footer-widget-area[data-section="section-fb-html-1"]{display:block;}@media (max-width:921px){.ast-header-break-point .footer-widget-area[data-section="section-fb-html-1"]{display:block;}}@media (max-width:544px){.ast-header-break-point .footer-widget-area[data-section="section-fb-html-1"]{display:block;}}.footer-widget-area[data-section="section-fb-html-1"] .ast-builder-html-element{text-align:right;}@media (max-width:921px){.footer-widget-area[data-section="section-fb-html-1"] .ast-builder-html-element{text-align:right;}}@media (max-width:544px){.footer-widget-area[data-section="section-fb-html-1"] .ast-builder-html-element{text-align:center;}}.ast-footer-copyright{text-align:left;}.ast-footer-copyright {color:#000000;}@media (max-width:921px){.ast-footer-copyright{text-align:left;}}@media (max-width:544px){.ast-footer-copyright{text-align:center;}}.ast-footer-copyright.ast-builder-layout-element{display:flex;}@media (max-width:921px){.ast-header-break-point .ast-footer-copyright.ast-builder-layout-element{display:flex;}}@media (max-width:544px){.ast-header-break-point .ast-footer-copyright.ast-builder-layout-element{display:flex;}}.site-footer{background-color:#ffffff;;background-image:none;;}.site-primary-footer-wrap{padding-top:45px;padding-bottom:45px;}.site-primary-footer-wrap[data-section="section-primary-footer-builder"]{background-color:#ffffff;;background-image:none;;}.site-primary-footer-wrap[data-section="section-primary-footer-builder"] .ast-builder-grid-row{grid-column-gap:200px;max-width:1200px;margin-left:auto;margin-right:auto;}.site-primary-footer-wrap[data-section="section-primary-footer-builder"] .ast-builder-grid-row,.site-primary-footer-wrap[data-section="section-primary-footer-builder"] .site-footer-section{align-items:flex-start;}.site-primary-footer-wrap[data-section="section-primary-footer-builder"].ast-footer-row-inline .site-footer-section{display:flex;margin-bottom:0;}.ast-builder-grid-row-4-equal .ast-builder-grid-row{grid-template-columns:repeat( 4,1fr );}@media (max-width:921px){.site-primary-footer-wrap[data-section="section-primary-footer-builder"].ast-footer-row-tablet-inline .site-footer-section{display:flex;margin-bottom:0;}.site-primary-footer-wrap[data-section="section-primary-footer-builder"].ast-footer-row-tablet-stack .site-footer-section{display:block;margin-bottom:10px;}.ast-builder-grid-row-container.ast-builder-grid-row-tablet-4-equal .ast-builder-grid-row{grid-template-columns:repeat( 4,1fr );}}@media (max-width:544px){.site-primary-footer-wrap[data-section="section-primary-footer-builder"].ast-footer-row-mobile-inline .site-footer-section{display:flex;margin-bottom:0;}.site-primary-footer-wrap[data-section="section-primary-footer-builder"].ast-footer-row-mobile-stack .site-footer-section{display:block;margin-bottom:10px;}.ast-builder-grid-row-container.ast-builder-grid-row-mobile-full .ast-builder-grid-row{grid-template-columns:1fr;}}.site-primary-footer-wrap[data-section="section-primary-footer-builder"]{padding-top:55px;padding-bottom:55px;}@media (max-width:921px){.site-primary-footer-wrap[data-section="section-primary-footer-builder"]{padding-left:30px;padding-right:30px;}}@media (max-width:544px){.site-primary-footer-wrap[data-section="section-primary-footer-builder"]{padding-top:40px;padding-bottom:20px;}}.site-primary-footer-wrap[data-section="section-primary-footer-builder"]{display:grid;}@media (max-width:921px){.ast-header-break-point .site-primary-footer-wrap[data-section="section-primary-footer-builder"]{display:grid;}}@media (max-width:544px){.ast-header-break-point .site-primary-footer-wrap[data-section="section-primary-footer-builder"]{display:grid;}}.footer-widget-area[data-section="sidebar-widgets-footer-widget-1"] .footer-widget-area-inner{text-align:left;}@media (max-width:921px){.footer-widget-area[data-section="sidebar-widgets-footer-widget-1"] .footer-widget-area-inner{text-align:left;}}@media (max-width:544px){.footer-widget-area[data-section="sidebar-widgets-footer-widget-1"] .footer-widget-area-inner{text-align:center;}}.footer-widget-area[data-section="sidebar-widgets-footer-widget-1"] .footer-widget-area-inner{color:#434343;}.footer-widget-area[data-section="sidebar-widgets-footer-widget-1"] .footer-widget-area-inner a{color:#434343;}.footer-widget-area[data-section="sidebar-widgets-footer-widget-1"] .footer-widget-area-inner a:hover{color:#3197d6;}.footer-widget-area[data-section="sidebar-widgets-footer-widget-1"] .widget-title{color:#000000;}.footer-widget-area[data-section="sidebar-widgets-footer-widget-1"]{display:block;}@media (max-width:921px){.ast-header-break-point .footer-widget-area[data-section="sidebar-widgets-footer-widget-1"]{display:block;}}@media (max-width:544px){.ast-header-break-point .footer-widget-area[data-section="sidebar-widgets-footer-widget-1"]{display:block;}}.footer-widget-area[data-section="sidebar-widgets-footer-widget-2"] .footer-widget-area-inner{color:#434343;}.footer-widget-area[data-section="sidebar-widgets-footer-widget-2"] .footer-widget-area-inner a{color:#434343;}.footer-widget-area[data-section="sidebar-widgets-footer-widget-2"] .footer-widget-area-inner a:hover{color:#3197d6;}.footer-widget-area[data-section="sidebar-widgets-footer-widget-2"] .widget-title{color:#000000;}.footer-widget-area[data-section="sidebar-widgets-footer-widget-2"]{display:block;}@media (max-width:921px){.ast-header-break-point .footer-widget-area[data-section="sidebar-widgets-footer-widget-2"]{display:block;}}@media (max-width:544px){.ast-header-break-point .footer-widget-area[data-section="sidebar-widgets-footer-widget-2"]{display:block;}}.footer-widget-area[data-section="sidebar-widgets-footer-widget-3"] .footer-widget-area-inner{color:#434343;}.footer-widget-area[data-section="sidebar-widgets-footer-widget-3"] .footer-widget-area-inner a{color:#434343;}.footer-widget-area[data-section="sidebar-widgets-footer-widget-3"] .footer-widget-area-inner a:hover{color:#3197d6;}.footer-widget-area[data-section="sidebar-widgets-footer-widget-3"] .widget-title{color:#000000;}.footer-widget-area[data-section="sidebar-widgets-footer-widget-3"]{display:block;}@media (max-width:921px){.ast-header-break-point .footer-widget-area[data-section="sidebar-widgets-footer-widget-3"]{display:block;}}@media (max-width:544px){.ast-header-break-point .footer-widget-area[data-section="sidebar-widgets-footer-widget-3"]{display:block;}}.footer-widget-area[data-section="sidebar-widgets-footer-widget-4"] .footer-widget-area-inner{color:#434343;}.footer-widget-area[data-section="sidebar-widgets-footer-widget-4"] .footer-widget-area-inner a{color:#434343;}.footer-widget-area[data-section="sidebar-widgets-footer-widget-4"] .footer-widget-area-inner a:hover{color:#3197d6;}.footer-widget-area[data-section="sidebar-widgets-footer-widget-4"] .widget-title{color:#000000;}.footer-widget-area[data-section="sidebar-widgets-footer-widget-4"]{display:block;}@media (max-width:921px){.ast-header-break-point .footer-widget-area[data-section="sidebar-widgets-footer-widget-4"]{display:block;}}@media (max-width:544px){.ast-header-break-point .footer-widget-area[data-section="sidebar-widgets-footer-widget-4"]{display:block;}}.footer-widget-area[data-section="sidebar-widgets-footer-widget-2"] .footer-widget-area-inner{text-align:left;}@media (max-width:921px){.footer-widget-area[data-section="sidebar-widgets-footer-widget-2"] .footer-widget-area-inner{text-align:left;}}@media (max-width:544px){.footer-widget-area[data-section="sidebar-widgets-footer-widget-2"] .footer-widget-area-inner{text-align:center;}}.footer-widget-area[data-section="sidebar-widgets-footer-widget-1"] .footer-widget-area-inner{color:#434343;}.footer-widget-area[data-section="sidebar-widgets-footer-widget-1"] .footer-widget-area-inner a{color:#434343;}.footer-widget-area[data-section="sidebar-widgets-footer-widget-1"] .footer-widget-area-inner a:hover{color:#3197d6;}.footer-widget-area[data-section="sidebar-widgets-footer-widget-1"] .widget-title{color:#000000;}.footer-widget-area[data-section="sidebar-widgets-footer-widget-1"]{display:block;}@media (max-width:921px){.ast-header-break-point .footer-widget-area[data-section="sidebar-widgets-footer-widget-1"]{display:block;}}@media (max-width:544px){.ast-header-break-point .footer-widget-area[data-section="sidebar-widgets-footer-widget-1"]{display:block;}}.footer-widget-area[data-section="sidebar-widgets-footer-widget-2"] .footer-widget-area-inner{color:#434343;}.footer-widget-area[data-section="sidebar-widgets-footer-widget-2"] .footer-widget-area-inner a{color:#434343;}.footer-widget-area[data-section="sidebar-widgets-footer-widget-2"] .footer-widget-area-inner a:hover{color:#3197d6;}.footer-widget-area[data-section="sidebar-widgets-footer-widget-2"] .widget-title{color:#000000;}.footer-widget-area[data-section="sidebar-widgets-footer-widget-2"]{display:block;}@media (max-width:921px){.ast-header-break-point .footer-widget-area[data-section="sidebar-widgets-footer-widget-2"]{display:block;}}@media (max-width:544px){.ast-header-break-point .footer-widget-area[data-section="sidebar-widgets-footer-widget-2"]{display:block;}}.footer-widget-area[data-section="sidebar-widgets-footer-widget-3"] .footer-widget-area-inner{color:#434343;}.footer-widget-area[data-section="sidebar-widgets-footer-widget-3"] .footer-widget-area-inner a{color:#434343;}.footer-widget-area[data-section="sidebar-widgets-footer-widget-3"] .footer-widget-area-inner a:hover{color:#3197d6;}.footer-widget-area[data-section="sidebar-widgets-footer-widget-3"] .widget-title{color:#000000;}.footer-widget-area[data-section="sidebar-widgets-footer-widget-3"]{display:block;}@media (max-width:921px){.ast-header-break-point .footer-widget-area[data-section="sidebar-widgets-footer-widget-3"]{display:block;}}@media (max-width:544px){.ast-header-break-point .footer-widget-area[data-section="sidebar-widgets-footer-widget-3"]{display:block;}}.footer-widget-area[data-section="sidebar-widgets-footer-widget-4"] .footer-widget-area-inner{color:#434343;}.footer-widget-area[data-section="sidebar-widgets-footer-widget-4"] .footer-widget-area-inner a{color:#434343;}.footer-widget-area[data-section="sidebar-widgets-footer-widget-4"] .footer-widget-area-inner a:hover{color:#3197d6;}.footer-widget-area[data-section="sidebar-widgets-footer-widget-4"] .widget-title{color:#000000;}.footer-widget-area[data-section="sidebar-widgets-footer-widget-4"]{display:block;}@media (max-width:921px){.ast-header-break-point .footer-widget-area[data-section="sidebar-widgets-footer-widget-4"]{display:block;}}@media (max-width:544px){.ast-header-break-point .footer-widget-area[data-section="sidebar-widgets-footer-widget-4"]{display:block;}}.footer-widget-area[data-section="sidebar-widgets-footer-widget-3"] .footer-widget-area-inner{text-align:left;}@media (max-width:921px){.footer-widget-area[data-section="sidebar-widgets-footer-widget-3"] .footer-widget-area-inner{text-align:left;}}@media (max-width:544px){.footer-widget-area[data-section="sidebar-widgets-footer-widget-3"] .footer-widget-area-inner{text-align:center;}}.footer-widget-area[data-section="sidebar-widgets-footer-widget-1"] .footer-widget-area-inner{color:#434343;}.footer-widget-area[data-section="sidebar-widgets-footer-widget-1"] .footer-widget-area-inner a{color:#434343;}.footer-widget-area[data-section="sidebar-widgets-footer-widget-1"] .footer-widget-area-inner a:hover{color:#3197d6;}.footer-widget-area[data-section="sidebar-widgets-footer-widget-1"] .widget-title{color:#000000;}.footer-widget-area[data-section="sidebar-widgets-footer-widget-1"]{display:block;}@media (max-width:921px){.ast-header-break-point .footer-widget-area[data-section="sidebar-widgets-footer-widget-1"]{display:block;}}@media (max-width:544px){.ast-header-break-point .footer-widget-area[data-section="sidebar-widgets-footer-widget-1"]{display:block;}}.footer-widget-area[data-section="sidebar-widgets-footer-widget-2"] .footer-widget-area-inner{color:#434343;}.footer-widget-area[data-section="sidebar-widgets-footer-widget-2"] .footer-widget-area-inner a{color:#434343;}.footer-widget-area[data-section="sidebar-widgets-footer-widget-2"] .footer-widget-area-inner a:hover{color:#3197d6;}.footer-widget-area[data-section="sidebar-widgets-footer-widget-2"] .widget-title{color:#000000;}.footer-widget-area[data-section="sidebar-widgets-footer-widget-2"]{display:block;}@media (max-width:921px){.ast-header-break-point .footer-widget-area[data-section="sidebar-widgets-footer-widget-2"]{display:block;}}@media (max-width:544px){.ast-header-break-point .footer-widget-area[data-section="sidebar-widgets-footer-widget-2"]{display:block;}}.footer-widget-area[data-section="sidebar-widgets-footer-widget-3"] .footer-widget-area-inner{color:#434343;}.footer-widget-area[data-section="sidebar-widgets-footer-widget-3"] .footer-widget-area-inner a{color:#434343;}.footer-widget-area[data-section="sidebar-widgets-footer-widget-3"] .footer-widget-area-inner a:hover{color:#3197d6;}.footer-widget-area[data-section="sidebar-widgets-footer-widget-3"] .widget-title{color:#000000;}.footer-widget-area[data-section="sidebar-widgets-footer-widget-3"]{display:block;}@media (max-width:921px){.ast-header-break-point .footer-widget-area[data-section="sidebar-widgets-footer-widget-3"]{display:block;}}@media (max-width:544px){.ast-header-break-point .footer-widget-area[data-section="sidebar-widgets-footer-widget-3"]{display:block;}}.footer-widget-area[data-section="sidebar-widgets-footer-widget-4"] .footer-widget-area-inner{color:#434343;}.footer-widget-area[data-section="sidebar-widgets-footer-widget-4"] .footer-widget-area-inner a{color:#434343;}.footer-widget-area[data-section="sidebar-widgets-footer-widget-4"] .footer-widget-area-inner a:hover{color:#3197d6;}.footer-widget-area[data-section="sidebar-widgets-footer-widget-4"] .widget-title{color:#000000;}.footer-widget-area[data-section="sidebar-widgets-footer-widget-4"]{display:block;}@media (max-width:921px){.ast-header-break-point .footer-widget-area[data-section="sidebar-widgets-footer-widget-4"]{display:block;}}@media (max-width:544px){.ast-header-break-point .footer-widget-area[data-section="sidebar-widgets-footer-widget-4"]{display:block;}}.footer-widget-area[data-section="sidebar-widgets-footer-widget-4"] .footer-widget-area-inner{text-align:left;}@media (max-width:921px){.footer-widget-area[data-section="sidebar-widgets-footer-widget-4"] .footer-widget-area-inner{text-align:left;}}@media (max-width:544px){.footer-widget-area[data-section="sidebar-widgets-footer-widget-4"] .footer-widget-area-inner{text-align:center;}}.footer-widget-area[data-section="sidebar-widgets-footer-widget-1"] .footer-widget-area-inner{color:#434343;}.footer-widget-area[data-section="sidebar-widgets-footer-widget-1"] .footer-widget-area-inner a{color:#434343;}.footer-widget-area[data-section="sidebar-widgets-footer-widget-1"] .footer-widget-area-inner a:hover{color:#3197d6;}.footer-widget-area[data-section="sidebar-widgets-footer-widget-1"] .widget-title{color:#000000;}.footer-widget-area[data-section="sidebar-widgets-footer-widget-1"]{display:block;}@media (max-width:921px){.ast-header-break-point .footer-widget-area[data-section="sidebar-widgets-footer-widget-1"]{display:block;}}@media (max-width:544px){.ast-header-break-point .footer-widget-area[data-section="sidebar-widgets-footer-widget-1"]{display:block;}}.footer-widget-area[data-section="sidebar-widgets-footer-widget-2"] .footer-widget-area-inner{color:#434343;}.footer-widget-area[data-section="sidebar-widgets-footer-widget-2"] .footer-widget-area-inner a{color:#434343;}.footer-widget-area[data-section="sidebar-widgets-footer-widget-2"] .footer-widget-area-inner a:hover{color:#3197d6;}.footer-widget-area[data-section="sidebar-widgets-footer-widget-2"] .widget-title{color:#000000;}.footer-widget-area[data-section="sidebar-widgets-footer-widget-2"]{display:block;}@media (max-width:921px){.ast-header-break-point .footer-widget-area[data-section="sidebar-widgets-footer-widget-2"]{display:block;}}@media (max-width:544px){.ast-header-break-point .footer-widget-area[data-section="sidebar-widgets-footer-widget-2"]{display:block;}}.footer-widget-area[data-section="sidebar-widgets-footer-widget-3"] .footer-widget-area-inner{color:#434343;}.footer-widget-area[data-section="sidebar-widgets-footer-widget-3"] .footer-widget-area-inner a{color:#434343;}.footer-widget-area[data-section="sidebar-widgets-footer-widget-3"] .footer-widget-area-inner a:hover{color:#3197d6;}.footer-widget-area[data-section="sidebar-widgets-footer-widget-3"] .widget-title{color:#000000;}.footer-widget-area[data-section="sidebar-widgets-footer-widget-3"]{display:block;}@media (max-width:921px){.ast-header-break-point .footer-widget-area[data-section="sidebar-widgets-footer-widget-3"]{display:block;}}@media (max-width:544px){.ast-header-break-point .footer-widget-area[data-section="sidebar-widgets-footer-widget-3"]{display:block;}}.footer-widget-area[data-section="sidebar-widgets-footer-widget-4"] .footer-widget-area-inner{color:#434343;}.footer-widget-area[data-section="sidebar-widgets-footer-widget-4"] .footer-widget-area-inner a{color:#434343;}.footer-widget-area[data-section="sidebar-widgets-footer-widget-4"] .footer-widget-area-inner a:hover{color:#3197d6;}.footer-widget-area[data-section="sidebar-widgets-footer-widget-4"] .widget-title{color:#000000;}.footer-widget-area[data-section="sidebar-widgets-footer-widget-4"]{display:block;}@media (max-width:921px){.ast-header-break-point .footer-widget-area[data-section="sidebar-widgets-footer-widget-4"]{display:block;}}@media (max-width:544px){.ast-header-break-point .footer-widget-area[data-section="sidebar-widgets-footer-widget-4"]{display:block;}}.ast-header-break-point .main-header-bar{border-bottom-width:1px;}@media (min-width:922px){.main-header-bar{border-bottom-width:1px;}}.ast-flex{-webkit-align-content:center;-ms-flex-line-pack:center;align-content:center;-webkit-box-align:center;-webkit-align-items:center;-moz-box-align:center;-ms-flex-align:center;align-items:center;}.main-header-bar{padding:1em 0;}.ast-site-identity{padding:0;}.header-main-layout-1 .ast-flex.main-header-container, .header-main-layout-3 .ast-flex.main-header-container{-webkit-align-content:center;-ms-flex-line-pack:center;align-content:center;-webkit-box-align:center;-webkit-align-items:center;-moz-box-align:center;-ms-flex-align:center;align-items:center;}.header-main-layout-1 .ast-flex.main-header-container, .header-main-layout-3 .ast-flex.main-header-container{-webkit-align-content:center;-ms-flex-line-pack:center;align-content:center;-webkit-box-align:center;-webkit-align-items:center;-moz-box-align:center;-ms-flex-align:center;align-items:center;}.main-header-menu .sub-menu .menu-item.menu-item-has-children &gt; .menu-link:after{position:absolute;right:1em;top:50%;transform:translate(0,-50%) rotate(270deg);}.ast-header-break-point .main-header-bar .main-header-bar-navigation .page_item_has_children &gt; .ast-menu-toggle::before, .ast-header-break-point .main-header-bar .main-header-bar-navigation .menu-item-has-children &gt; .ast-menu-toggle::before, .ast-mobile-popup-drawer .main-header-bar-navigation .menu-item-has-children&gt;.ast-menu-toggle::before, .ast-header-break-point .ast-mobile-header-wrap .main-header-bar-navigation .menu-item-has-children &gt; .ast-menu-toggle::before{font-weight:bold;content:"\e900";font-family:Astra;text-decoration:inherit;display:inline-block;}.ast-header-break-point .main-navigation ul.sub-menu .menu-item .menu-link:before{content:"\e900";font-family:Astra;font-size:.65em;text-decoration:inherit;display:inline-block;transform:translate(0, -2px) rotateZ(270deg);margin-right:5px;}.widget_search .search-form:after{font-family:Astra;font-size:1.2em;font-weight:normal;content:"\e8b6";position:absolute;top:50%;right:15px;transform:translate(0, -50%);}.astra-search-icon::before{content:"\e8b6";font-family:Astra;font-style:normal;font-weight:normal;text-decoration:inherit;text-align:center;-webkit-font-smoothing:antialiased;-moz-osx-font-smoothing:grayscale;}.main-header-bar .main-header-bar-navigation .page_item_has_children &gt; a:after, .main-header-bar .main-header-bar-navigation .menu-item-has-children &gt; a:after, .site-header-focus-item .main-header-bar-navigation .menu-item-has-children &gt; .menu-link:after{content:"\e900";display:inline-block;font-family:Astra;font-size:.6rem;font-weight:bold;text-rendering:auto;-webkit-font-smoothing:antialiased;-moz-osx-font-smoothing:grayscale;margin-left:10px;line-height:normal;}.ast-mobile-popup-drawer .main-header-bar-navigation .ast-submenu-expanded&gt;.ast-menu-toggle::before{transform:rotateX(180deg);}.ast-header-break-point .main-header-bar-navigation .menu-item-has-children &gt; .menu-link:after{display:none;}.ast-separate-container .blog-layout-1, .ast-separate-container .blog-layout-2, .ast-separate-container .blog-layout-3{background-color:transparent;background-image:none;}.ast-separate-container .ast-article-post{background-color:#ffffff;;}.ast-separate-container .ast-article-single:not(.ast-related-post), .ast-separate-container .comments-area .comment-respond,.ast-separate-container .comments-area .ast-comment-list li, .ast-separate-container .ast-woocommerce-container, .ast-separate-container .error-404, .ast-separate-container .no-results, .single.ast-separate-container .ast-author-meta, .ast-separate-container .related-posts-title-wrapper, .ast-separate-container.ast-two-container #secondary .widget,.ast-separate-container .comments-count-wrapper, .ast-box-layout.ast-plain-container .site-content,.ast-padded-layout.ast-plain-container .site-content, .ast-separate-container .comments-area .comments-title{background-color:#ffffff;;}.ast-mobile-header-content &gt; *,.ast-desktop-header-content &gt; * {padding: 10px 0;height: auto;}.ast-mobile-header-content &gt; *:first-child,.ast-desktop-header-content &gt; *:first-child {padding-top: 10px;}.ast-mobile-header-content &gt; .ast-builder-menu,.ast-desktop-header-content &gt; .ast-builder-menu {padding-top: 0;}.ast-mobile-header-content &gt; *:last-child,.ast-desktop-header-content &gt; *:last-child {padding-bottom: 0;}.ast-mobile-header-content .ast-search-menu-icon.ast-inline-search label,.ast-desktop-header-content .ast-search-menu-icon.ast-inline-search label {width: 100%;}.ast-desktop-header-content .main-header-bar-navigation .ast-submenu-expanded &gt; .ast-menu-toggle::before {transform: rotateX(180deg);}#ast-desktop-header .ast-desktop-header-content,.ast-mobile-header-content .ast-search-icon,.ast-desktop-header-content .ast-search-icon,.ast-mobile-header-wrap .ast-mobile-header-content,.ast-main-header-nav-open.ast-popup-nav-open .ast-mobile-header-wrap .ast-mobile-header-content,.ast-main-header-nav-open.ast-popup-nav-open .ast-desktop-header-content {display: none;}.ast-main-header-nav-open.ast-header-break-point #ast-desktop-header .ast-desktop-header-content,.ast-main-header-nav-open.ast-header-break-point .ast-mobile-header-wrap .ast-mobile-header-content {display: block;}.ast-desktop .ast-desktop-header-content .astra-menu-animation-slide-up &gt; .menu-item &gt; .sub-menu,.ast-desktop .ast-desktop-header-content .astra-menu-animation-slide-up &gt; .menu-item .menu-item &gt; .sub-menu,.ast-desktop .ast-desktop-header-content .astra-menu-animation-slide-down &gt; .menu-item &gt; .sub-menu,.ast-desktop .ast-desktop-header-content .astra-menu-animation-slide-down &gt; .menu-item .menu-item &gt; .sub-menu,.ast-desktop .ast-desktop-header-content .astra-menu-animation-fade &gt; .menu-item &gt; .sub-menu,.ast-desktop .ast-desktop-header-content .astra-menu-animation-fade &gt; .menu-item .menu-item &gt; .sub-menu {opacity: 1;visibility: visible;}.ast-hfb-header.ast-default-menu-enable.ast-header-break-point .ast-mobile-header-wrap .ast-mobile-header-content .main-header-bar-navigation {width: unset;margin: unset;}.ast-mobile-header-content.content-align-flex-end .main-header-bar-navigation .menu-item-has-children &gt; .ast-menu-toggle,.ast-desktop-header-content.content-align-flex-end .main-header-bar-navigation .menu-item-has-children &gt; .ast-menu-toggle {left: calc( 20px - 0.907em);}.ast-mobile-header-content .ast-search-menu-icon,.ast-mobile-header-content .ast-search-menu-icon.slide-search,.ast-desktop-header-content .ast-search-menu-icon,.ast-desktop-header-content .ast-search-menu-icon.slide-search {width: 100%;position: relative;display: block;right: auto;transform: none;}.ast-mobile-header-content .ast-search-menu-icon.slide-search .search-form,.ast-mobile-header-content .ast-search-menu-icon .search-form,.ast-desktop-header-content .ast-search-menu-icon.slide-search .search-form,.ast-desktop-header-content .ast-search-menu-icon .search-form {right: 0;visibility: visible;opacity: 1;position: relative;top: auto;transform: none;padding: 0;display: block;overflow: hidden;}.ast-mobile-header-content .ast-search-menu-icon.ast-inline-search .search-field,.ast-mobile-header-content .ast-search-menu-icon .search-field,.ast-desktop-header-content .ast-search-menu-icon.ast-inline-search .search-field,.ast-desktop-header-content .ast-search-menu-icon .search-field {width: 100%;padding-right: 5.5em;}.ast-mobile-header-content .ast-search-menu-icon .search-submit,.ast-desktop-header-content .ast-search-menu-icon .search-submit {display: block;position: absolute;height: 100%;top: 0;right: 0;padding: 0 1em;border-radius: 0;}.ast-hfb-header.ast-default-menu-enable.ast-header-break-point .ast-mobile-header-wrap .ast-mobile-header-content .main-header-bar-navigation ul .sub-menu .menu-link {padding-left: 30px;}.ast-hfb-header.ast-default-menu-enable.ast-header-break-point .ast-mobile-header-wrap .ast-mobile-header-content .main-header-bar-navigation .sub-menu .menu-item .menu-item .menu-link {padding-left: 40px;}.ast-mobile-popup-drawer.active .ast-mobile-popup-inner{background-color:#ffffff;;}.ast-mobile-header-wrap .ast-mobile-header-content, .ast-desktop-header-content{background-color:#ffffff;;}.ast-mobile-popup-content &gt; *, .ast-mobile-header-content &gt; *, .ast-desktop-popup-content &gt; *, .ast-desktop-header-content &gt; *{padding-top:0;padding-bottom:0;}.content-align-flex-start .ast-builder-layout-element{justify-content:flex-start;}.content-align-flex-start .main-header-menu{text-align:left;}.ast-mobile-popup-drawer.active .menu-toggle-close{color:#3a3a3a;}.ast-mobile-header-wrap .ast-primary-header-bar,.ast-primary-header-bar .site-primary-header-wrap{min-height:70px;}.ast-desktop .ast-primary-header-bar .main-header-menu &gt; .menu-item{line-height:70px;}.ast-desktop .ast-primary-header-bar .ast-header-woo-cart,.ast-desktop .ast-primary-header-bar .ast-header-edd-cart{line-height:70px;}@media (max-width:921px){#masthead .ast-mobile-header-wrap .ast-primary-header-bar,#masthead .ast-mobile-header-wrap .ast-below-header-bar{padding-left:20px;padding-right:20px;}}.ast-header-break-point .ast-primary-header-bar{border-bottom-width:1px;border-bottom-style:solid;}@media (min-width:922px){.ast-primary-header-bar{border-bottom-width:1px;border-bottom-style:solid;}}.ast-primary-header-bar{background-color:#ffffff;;background-image:none;;}.ast-primary-header-bar{display:block;}@media (max-width:921px){.ast-header-break-point .ast-primary-header-bar{display:grid;}}@media (max-width:544px){.ast-header-break-point .ast-primary-header-bar{display:grid;}}[data-section="section-header-mobile-trigger"] .ast-button-wrap .ast-mobile-menu-trigger-minimal{color:#000000;border:none;background:transparent;}[data-section="section-header-mobile-trigger"] .ast-button-wrap .mobile-menu-toggle-icon .ast-mobile-svg{width:20px;height:20px;fill:#000000;}[data-section="section-header-mobile-trigger"] .ast-button-wrap .mobile-menu-wrap .mobile-menu{color:#000000;}
</style>
    <link id="astra-menu-animation-css" rel="stylesheet" href="https://askomdch.com/wp-content/themes/astra/assets/css/minified/menu-animation.min.css?ver=3.7.5" media="all"/>
    <link id="wp-block-library-css" rel="stylesheet" href="https://askomdch.com/wp-includes/css/dist/block-library/style.min.css?ver=5.8.1" media="all"/>
    <link id="wc-blocks-vendors-style-css" rel="stylesheet" href="https://askomdch.com/wp-content/plugins/woocommerce/packages/woocommerce-blocks/build/wc-blocks-vendors-style.css?ver=8.9.2" media="all"/>
    <link id="wc-blocks-style-css" rel="stylesheet" href="https://askomdch.com/wp-content/plugins/woocommerce/packages/woocommerce-blocks/build/wc-blocks-style.css?ver=8.9.2" media="all"/>
    <style id="global-styles-inline-css">
body{--wp--preset--color--black: #000000;--wp--preset--color--cyan-bluish-gray: #abb8c3;--wp--preset--color--white: #ffffff;--wp--preset--color--pale-pink: #f78da7;--wp--preset--color--vivid-red: #cf2e2e;--wp--preset--color--luminous-vivid-orange: #ff6900;--wp--preset--color--luminous-vivid-amber: #fcb900;--wp--preset--color--light-green-cyan: #7bdcb5;--wp--preset--color--vivid-green-cyan: #00d084;--wp--preset--color--pale-cyan-blue: #8ed1fc;--wp--preset--color--vivid-cyan-blue: #0693e3;--wp--preset--color--vivid-purple: #9b51e0;--wp--preset--color--ast-global-color-0: var(--ast-global-color-0);--wp--preset--color--ast-global-color-1: var(--ast-global-color-1);--wp--preset--color--ast-global-color-2: var(--ast-global-color-2);--wp--preset--color--ast-global-color-3: var(--ast-global-color-3);--wp--preset--color--ast-global-color-4: var(--ast-global-color-4);--wp--preset--color--ast-global-color-5: var(--ast-global-color-5);--wp--preset--color--ast-global-color-6: var(--ast-global-color-6);--wp--preset--color--ast-global-color-7: var(--ast-global-color-7);--wp--preset--color--ast-global-color-8: var(--ast-global-color-8);--wp--preset--gradient--vivid-cyan-blue-to-vivid-purple: linear-gradient(135deg,rgba(6,147,227,1) 0%,rgb(155,81,224) 100%);--wp--preset--gradient--light-green-cyan-to-vivid-green-cyan: linear-gradient(135deg,rgb(122,220,180) 0%,rgb(0,208,130) 100%);--wp--preset--gradient--luminous-vivid-amber-to-luminous-vivid-orange: linear-gradient(135deg,rgba(252,185,0,1) 0%,rgba(255,105,0,1) 100%);--wp--preset--gradient--luminous-vivid-orange-to-vivid-red: linear-gradient(135deg,rgba(255,105,0,1) 0%,rgb(207,46,46) 100%);--wp--preset--gradient--very-light-gray-to-cyan-bluish-gray: linear-gradient(135deg,rgb(238,238,238) 0%,rgb(169,184,195) 100%);--wp--preset--gradient--cool-to-warm-spectrum: linear-gradient(135deg,rgb(74,234,220) 0%,rgb(151,120,209) 20%,rgb(207,42,186) 40%,rgb(238,44,130) 60%,rgb(251,105,98) 80%,rgb(254,248,76) 100%);--wp--preset--gradient--blush-light-purple: linear-gradient(135deg,rgb(255,206,236) 0%,rgb(152,150,240) 100%);--wp--preset--gradient--blush-bordeaux: linear-gradient(135deg,rgb(254,205,165) 0%,rgb(254,45,45) 50%,rgb(107,0,62) 100%);--wp--preset--gradient--luminous-dusk: linear-gradient(135deg,rgb(255,203,112) 0%,rgb(199,81,192) 50%,rgb(65,88,208) 100%);--wp--preset--gradient--pale-ocean: linear-gradient(135deg,rgb(255,245,203) 0%,rgb(182,227,212) 50%,rgb(51,167,181) 100%);--wp--preset--gradient--electric-grass: linear-gradient(135deg,rgb(202,248,128) 0%,rgb(113,206,126) 100%);--wp--preset--gradient--midnight: linear-gradient(135deg,rgb(2,3,129) 0%,rgb(40,116,252) 100%);--wp--preset--font-size--small: 13px;--wp--preset--font-size--normal: 16px;--wp--preset--font-size--medium: 20px;--wp--preset--font-size--large: 36px;--wp--preset--font-size--huge: 42px;}.has-black-color{color: var(--wp--preset--color--black) !important;}.has-cyan-bluish-gray-color{color: var(--wp--preset--color--cyan-bluish-gray) !important;}.has-white-color{color: var(--wp--preset--color--white) !important;}.has-pale-pink-color{color: var(--wp--preset--color--pale-pink) !important;}.has-vivid-red-color{color: var(--wp--preset--color--vivid-red) !important;}.has-luminous-vivid-orange-color{color: var(--wp--preset--color--luminous-vivid-orange) !important;}.has-luminous-vivid-amber-color{color: var(--wp--preset--color--luminous-vivid-amber) !important;}.has-light-green-cyan-color{color: var(--wp--preset--color--light-green-cyan) !important;}.has-vivid-green-cyan-color{color: var(--wp--preset--color--vivid-green-cyan) !important;}.has-pale-cyan-blue-color{color: var(--wp--preset--color--pale-cyan-blue) !important;}.has-vivid-cyan-blue-color{color: var(--wp--preset--color--vivid-cyan-blue) !important;}.has-vivid-purple-color{color: var(--wp--preset--color--vivid-purple) !important;}.has-ast-global-color-0-color{color: var(--wp--preset--color--ast-global-color-0) !important;}.has-ast-global-color-1-color{color: var(--wp--preset--color--ast-global-color-1) !important;}.has-ast-global-color-2-color{color: var(--wp--preset--color--ast-global-color-2) !important;}.has-ast-global-color-3-color{color: var(--wp--preset--color--ast-global-color-3) !important;}.has-ast-global-color-4-color{color: var(--wp--preset--color--ast-global-color-4) !important;}.has-ast-global-color-5-color{color: var(--wp--preset--color--ast-global-color-5) !important;}.has-ast-global-color-6-color{color: var(--wp--preset--color--ast-global-color-6) !important;}.has-ast-global-color-7-color{color: var(--wp--preset--color--ast-global-color-7) !important;}.has-ast-global-color-8-color{color: var(--wp--preset--color--ast-global-color-8) !important;}.has-black-background-color{background-color: var(--wp--preset--color--black) !important;}.has-cyan-bluish-gray-background-color{background-color: var(--wp--preset--color--cyan-bluish-gray) !important;}.has-white-background-color{background-color: var(--wp--preset--color--white) !important;}.has-pale-pink-background-color{background-color: var(--wp--preset--color--pale-pink) !important;}.has-vivid-red-background-color{background-color: var(--wp--preset--color--vivid-red) !important;}.has-luminous-vivid-orange-background-color{background-color: var(--wp--preset--color--luminous-vivid-orange) !important;}.has-luminous-vivid-amber-background-color{background-color: var(--wp--preset--color--luminous-vivid-amber) !important;}.has-light-green-cyan-background-color{background-color: var(--wp--preset--color--light-green-cyan) !important;}.has-vivid-green-cyan-background-color{background-color: var(--wp--preset--color--vivid-green-cyan) !important;}.has-pale-cyan-blue-background-color{background-color: var(--wp--preset--color--pale-cyan-blue) !important;}.has-vivid-cyan-blue-background-color{background-color: var(--wp--preset--color--vivid-cyan-blue) !important;}.has-vivid-purple-background-color{background-color: var(--wp--preset--color--vivid-purple) !important;}.has-ast-global-color-0-background-color{background-color: var(--wp--preset--color--ast-global-color-0) !important;}.has-ast-global-color-1-background-color{background-color: var(--wp--preset--color--ast-global-color-1) !important;}.has-ast-global-color-2-background-color{background-color: var(--wp--preset--color--ast-global-color-2) !important;}.has-ast-global-color-3-background-color{background-color: var(--wp--preset--color--ast-global-color-3) !important;}.has-ast-global-color-4-background-color{background-color: var(--wp--preset--color--ast-global-color-4) !important;}.has-ast-global-color-5-background-color{background-color: var(--wp--preset--color--ast-global-color-5) !important;}.has-ast-global-color-6-background-color{background-color: var(--wp--preset--color--ast-global-color-6) !important;}.has-ast-global-color-7-background-color{background-color: var(--wp--preset--color--ast-global-color-7) !important;}.has-ast-global-color-8-background-color{background-color: var(--wp--preset--color--ast-global-color-8) !important;}.has-vivid-cyan-blue-to-vivid-purple-gradient-background{background: var(--wp--preset--gradient--vivid-cyan-blue-to-vivid-purple) !important;}.has-light-green-cyan-to-vivid-green-cyan-gradient-background{background: var(--wp--preset--gradient--light-green-cyan-to-vivid-green-cyan) !important;}.has-luminous-vivid-amber-to-luminous-vivid-orange-gradient-background{background: var(--wp--preset--gradient--luminous-vivid-amber-to-luminous-vivid-orange) !important;}.has-luminous-vivid-orange-to-vivid-red-gradient-background{background: var(--wp--preset--gradient--luminous-vivid-orange-to-vivid-red) !important;}.has-very-light-gray-to-cyan-bluish-gray-gradient-background{background: var(--wp--preset--gradient--very-light-gray-to-cyan-bluish-gray) !important;}.has-cool-to-warm-spectrum-gradient-background{background: var(--wp--preset--gradient--cool-to-warm-spectrum) !important;}.has-blush-light-purple-gradient-background{background: var(--wp--preset--gradient--blush-light-purple) !important;}.has-blush-bordeaux-gradient-background{background: var(--wp--preset--gradient--blush-bordeaux) !important;}.has-luminous-dusk-gradient-background{background: var(--wp--preset--gradient--luminous-dusk) !important;}.has-pale-ocean-gradient-background{background: var(--wp--preset--gradient--pale-ocean) !important;}.has-electric-grass-gradient-background{background: var(--wp--preset--gradient--electric-grass) !important;}.has-midnight-gradient-background{background: var(--wp--preset--gradient--midnight) !important;}.has-small-font-size{font-size: var(--wp--preset--font-size--small) !important;}.has-normal-font-size{font-size: var(--wp--preset--font-size--normal) !important;}.has-medium-font-size{font-size: var(--wp--preset--font-size--medium) !important;}.has-large-font-size{font-size: var(--wp--preset--font-size--large) !important;}.has-huge-font-size{font-size: var(--wp--preset--font-size--huge) !important;}
</style>
    <link id="woocommerce-layout-css" rel="stylesheet" href="https://askomdch.com/wp-content/themes/astra/assets/css/minified/compatibility/woocommerce/woocommerce-layout.min.css?ver=3.7.5" media="all"/>
    <link id="woocommerce-smallscreen-css" rel="stylesheet" href="https://askomdch.com/wp-content/themes/astra/assets/css/minified/compatibility/woocommerce/woocommerce-smallscreen.min.css?ver=3.7.5" media="only screen and (max-width: 921px)"/>
    <link id="woocommerce-general-css" rel="stylesheet" href="https://askomdch.com/wp-content/themes/astra/assets/css/minified/compatibility/woocommerce/woocommerce.min.css?ver=3.7.5" media="all"/>
    <style id="woocommerce-general-inline-css">
#customer_details h3:not(.elementor-widget-woocommerce-checkout-page h3){font-size:1.2rem;padding:20px 0 14px;margin:0 0 20px;border-bottom:1px solid #ebebeb;}form #order_review_heading:not(.elementor-widget-woocommerce-checkout-page #order_review_heading){border-width:2px 2px 0 2px;border-style:solid;font-size:1.2rem;margin:0;padding:1.5em 1.5em 1em;border-color:#ebebeb;}form #order_review:not(.elementor-widget-woocommerce-checkout-page #order_review){padding:0 2em;border-width:0 2px 2px;border-style:solid;border-color:#ebebeb;}ul#shipping_method li:not(.elementor-widget-woocommerce-cart #shipping_method li){margin:0;padding:0.25em 0 0.25em 22px;text-indent:-22px;list-style:none outside;}.woocommerce span.onsale, .wc-block-grid__product .wc-block-grid__product-onsale{background-color:#54595f;color:#ffffff;}.woocommerce a.button, .woocommerce button.button, .woocommerce .woocommerce-message a.button, .woocommerce #respond input#submit.alt, .woocommerce a.button.alt, .woocommerce button.button.alt, .woocommerce input.button.alt, .woocommerce input.button,.woocommerce input.button:disabled, .woocommerce input.button:disabled[disabled], .woocommerce input.button:disabled:hover, .woocommerce input.button:disabled[disabled]:hover, .woocommerce #respond input#submit, .woocommerce button.button.alt.disabled, .wc-block-grid__products .wc-block-grid__product .wp-block-button__link, .wc-block-grid__product-onsale{color:#ffffff;border-color:#3197d6;background-color:#3197d6;}.woocommerce a.button:hover, .woocommerce button.button:hover, .woocommerce .woocommerce-message a.button:hover,.woocommerce #respond input#submit:hover,.woocommerce #respond input#submit.alt:hover, .woocommerce a.button.alt:hover, .woocommerce button.button.alt:hover, .woocommerce input.button.alt:hover, .woocommerce input.button:hover, .woocommerce button.button.alt.disabled:hover, .wc-block-grid__products .wc-block-grid__product .wp-block-button__link:hover{color:#ffffff;border-color:#0084d6;background-color:#0084d6;}.woocommerce-message, .woocommerce-info{border-top-color:#4e4e4e;}.woocommerce-message::before,.woocommerce-info::before{color:#4e4e4e;}.woocommerce ul.products li.product .price, .woocommerce div.product p.price, .woocommerce div.product span.price, .widget_layered_nav_filters ul li.chosen a, .woocommerce-page ul.products li.product .ast-woo-product-category, .wc-layered-nav-rating a{color:#333333;}.woocommerce nav.woocommerce-pagination ul,.woocommerce nav.woocommerce-pagination ul li{border-color:#4e4e4e;}.woocommerce nav.woocommerce-pagination ul li a:focus, .woocommerce nav.woocommerce-pagination ul li a:hover, .woocommerce nav.woocommerce-pagination ul li span.current{background:#4e4e4e;color:#ffffff;}.woocommerce-MyAccount-navigation-link.is-active a{color:#0084d6;}.woocommerce .widget_price_filter .ui-slider .ui-slider-range, .woocommerce .widget_price_filter .ui-slider .ui-slider-handle{background-color:#4e4e4e;}.woocommerce a.button, .woocommerce button.button, .woocommerce .woocommerce-message a.button, .woocommerce #respond input#submit.alt, .woocommerce a.button.alt, .woocommerce button.button.alt, .woocommerce input.button.alt, .woocommerce input.button,.woocommerce-cart table.cart td.actions .button, .woocommerce form.checkout_coupon .button, .woocommerce #respond input#submit, .wc-block-grid__products .wc-block-grid__product .wp-block-button__link{border-radius:0;padding-top:17px;padding-right:30px;padding-bottom:17px;padding-left:30px;}.woocommerce .star-rating, .woocommerce .comment-form-rating .stars a, .woocommerce .star-rating::before{color:#4e4e4e;}.woocommerce div.product .woocommerce-tabs ul.tabs li.active:before{background:#4e4e4e;}.woocommerce a.remove:hover{color:#4e4e4e;border-color:#4e4e4e;background-color:#ffffff;}.woocommerce ul.product-categories &gt; li ul li:before{content:"\e900";padding:0 5px 0 5px;display:inline-block;font-family:Astra;transform:rotate(-90deg);font-size:0.7rem;}@media (min-width:545px) and (max-width:921px){.woocommerce.tablet-columns-6 ul.products li.product, .woocommerce-page.tablet-columns-6 ul.products li.product{width:calc(16.66% - 16.66px);}.woocommerce.tablet-columns-5 ul.products li.product, .woocommerce-page.tablet-columns-5 ul.products li.product{width:calc(20% - 16px);}.woocommerce.tablet-columns-4 ul.products li.product, .woocommerce-page.tablet-columns-4 ul.products li.product{width:calc(25% - 15px);}.woocommerce.tablet-columns-3 ul.products li.product, .woocommerce-page.tablet-columns-3 ul.products li.product{width:calc(33.33% - 14px);}.woocommerce.tablet-columns-2 ul.products li.product, .woocommerce-page.tablet-columns-2 ul.products li.product{width:calc(50% - 10px);}.woocommerce.tablet-columns-1 ul.products li.product, .woocommerce-page.tablet-columns-1 ul.products li.product{width:100%;}.woocommerce div.product .related.products ul.products li.product{width:calc(33.33% - 14px);}}@media (min-width:545px) and (max-width:921px){.woocommerce[class*="columns-"].columns-3 &gt; ul.products li.product, .woocommerce[class*="columns-"].columns-4 &gt; ul.products li.product, .woocommerce[class*="columns-"].columns-5 &gt; ul.products li.product, .woocommerce[class*="columns-"].columns-6 &gt; ul.products li.product{width:calc(33.33% - 14px);margin-right:20px;}.woocommerce[class*="columns-"].columns-3 &gt; ul.products li.product:nth-child(3n), .woocommerce[class*="columns-"].columns-4 &gt; ul.products li.product:nth-child(3n), .woocommerce[class*="columns-"].columns-5 &gt; ul.products li.product:nth-child(3n), .woocommerce[class*="columns-"].columns-6 &gt; ul.products li.product:nth-child(3n){margin-right:0;clear:right;}.woocommerce[class*="columns-"].columns-3 &gt; ul.products li.product:nth-child(3n+1), .woocommerce[class*="columns-"].columns-4 &gt; ul.products li.product:nth-child(3n+1), .woocommerce[class*="columns-"].columns-5 &gt; ul.products li.product:nth-child(3n+1), .woocommerce[class*="columns-"].columns-6 &gt; ul.products li.product:nth-child(3n+1){clear:left;}.woocommerce[class*="columns-"] ul.products li.product:nth-child(n), .woocommerce-page[class*="columns-"] ul.products li.product:nth-child(n){margin-right:20px;clear:none;}.woocommerce.tablet-columns-2 ul.products li.product:nth-child(2n), .woocommerce-page.tablet-columns-2 ul.products li.product:nth-child(2n), .woocommerce.tablet-columns-3 ul.products li.product:nth-child(3n), .woocommerce-page.tablet-columns-3 ul.products li.product:nth-child(3n), .woocommerce.tablet-columns-4 ul.products li.product:nth-child(4n), .woocommerce-page.tablet-columns-4 ul.products li.product:nth-child(4n), .woocommerce.tablet-columns-5 ul.products li.product:nth-child(5n), .woocommerce-page.tablet-columns-5 ul.products li.product:nth-child(5n), .woocommerce.tablet-columns-6 ul.products li.product:nth-child(6n), .woocommerce-page.tablet-columns-6 ul.products li.product:nth-child(6n){margin-right:0;clear:right;}.woocommerce.tablet-columns-2 ul.products li.product:nth-child(2n+1), .woocommerce-page.tablet-columns-2 ul.products li.product:nth-child(2n+1), .woocommerce.tablet-columns-3 ul.products li.product:nth-child(3n+1), .woocommerce-page.tablet-columns-3 ul.products li.product:nth-child(3n+1), .woocommerce.tablet-columns-4 ul.products li.product:nth-child(4n+1), .woocommerce-page.tablet-columns-4 ul.products li.product:nth-child(4n+1), .woocommerce.tablet-columns-5 ul.products li.product:nth-child(5n+1), .woocommerce-page.tablet-columns-5 ul.products li.product:nth-child(5n+1), .woocommerce.tablet-columns-6 ul.products li.product:nth-child(6n+1), .woocommerce-page.tablet-columns-6 ul.products li.product:nth-child(6n+1){clear:left;}.woocommerce div.product .related.products ul.products li.product:nth-child(3n), .woocommerce-page.tablet-columns-1 .site-main ul.products li.product{margin-right:0;clear:right;}.woocommerce div.product .related.products ul.products li.product:nth-child(3n+1){clear:left;}}@media (min-width:922px){.woocommerce #reviews #comments{width:55%;float:left;}.woocommerce #reviews #review_form_wrapper{width:45%;padding-left:2em;float:right;}.woocommerce form.checkout_coupon{width:50%;}}@media (max-width:921px){.ast-header-break-point.ast-woocommerce-cart-menu .header-main-layout-1.ast-mobile-header-stack.ast-no-menu-items .ast-site-header-cart, .ast-header-break-point.ast-woocommerce-cart-menu .header-main-layout-3.ast-mobile-header-stack.ast-no-menu-items .ast-site-header-cart{padding-right:0;padding-left:0;}.ast-header-break-point.ast-woocommerce-cart-menu .header-main-layout-1.ast-mobile-header-stack .main-header-bar{text-align:center;}.ast-header-break-point.ast-woocommerce-cart-menu .header-main-layout-1.ast-mobile-header-stack .ast-site-header-cart, .ast-header-break-point.ast-woocommerce-cart-menu .header-main-layout-1.ast-mobile-header-stack .ast-mobile-menu-buttons{display:inline-block;}.ast-header-break-point.ast-woocommerce-cart-menu .header-main-layout-2.ast-mobile-header-inline .site-branding{flex:auto;}.ast-header-break-point.ast-woocommerce-cart-menu .header-main-layout-3.ast-mobile-header-stack .site-branding{flex:0 0 100%;}.ast-header-break-point.ast-woocommerce-cart-menu .header-main-layout-3.ast-mobile-header-stack .main-header-container{display:flex;justify-content:center;}.woocommerce-cart .woocommerce-shipping-calculator .button{width:100%;}.woocommerce div.product div.images, .woocommerce div.product div.summary, .woocommerce #content div.product div.images, .woocommerce #content div.product div.summary, .woocommerce-page div.product div.images, .woocommerce-page div.product div.summary, .woocommerce-page #content div.product div.images, .woocommerce-page #content div.product div.summary{float:none;width:100%;}.woocommerce-cart table.cart td.actions .ast-return-to-shop{display:block;text-align:center;margin-top:1em;}}@media (max-width:544px){.ast-separate-container .ast-woocommerce-container{padding:.54em 1em 1.33333em;}.woocommerce-message, .woocommerce-error, .woocommerce-info{display:flex;flex-wrap:wrap;}.woocommerce-message a.button, .woocommerce-error a.button, .woocommerce-info a.button{order:1;margin-top:.5em;}.woocommerce .woocommerce-ordering, .woocommerce-page .woocommerce-ordering{float:none;margin-bottom:2em;width:100%;}.woocommerce ul.products a.button, .woocommerce-page ul.products a.button{padding:0.5em 0.75em;}.woocommerce table.cart td.actions .button, .woocommerce #content table.cart td.actions .button, .woocommerce-page table.cart td.actions .button, .woocommerce-page #content table.cart td.actions .button{padding-left:1em;padding-right:1em;}.woocommerce #content table.cart .button, .woocommerce-page #content table.cart .button{width:100%;}.woocommerce #content table.cart .product-thumbnail, .woocommerce-page #content table.cart .product-thumbnail{display:block;text-align:center !important;}.woocommerce #content table.cart .product-thumbnail::before, .woocommerce-page #content table.cart .product-thumbnail::before{display:none;}.woocommerce #content table.cart td.actions .coupon, .woocommerce-page #content table.cart td.actions .coupon{float:none;}.woocommerce #content table.cart td.actions .coupon .button, .woocommerce-page #content table.cart td.actions .coupon .button{flex:1;}.woocommerce #content div.product .woocommerce-tabs ul.tabs li a, .woocommerce-page #content div.product .woocommerce-tabs ul.tabs li a{display:block;}.woocommerce div.product .related.products ul.products li.product, .woocommerce.mobile-columns-2 ul.products li.product, .woocommerce-page.mobile-columns-2 ul.products li.product{width:calc(50% - 10px);}.woocommerce.mobile-columns-6 ul.products li.product, .woocommerce-page.mobile-columns-6 ul.products li.product{width:calc(16.66% - 16.66px);}.woocommerce.mobile-columns-5 ul.products li.product, .woocommerce-page.mobile-columns-5 ul.products li.product{width:calc(20% - 16px);}.woocommerce.mobile-columns-4 ul.products li.product, .woocommerce-page.mobile-columns-4 ul.products li.product{width:calc(25% - 15px);}.woocommerce.mobile-columns-3 ul.products li.product, .woocommerce-page.mobile-columns-3 ul.products li.product{width:calc(33.33% - 14px);}.woocommerce.mobile-columns-1 ul.products li.product, .woocommerce-page.mobile-columns-1 ul.products li.product{width:100%;}}@media (max-width:544px){.woocommerce ul.products a.button.loading::after, .woocommerce-page ul.products a.button.loading::after{display:inline-block;margin-left:5px;position:initial;}.woocommerce.mobile-columns-1 .site-main ul.products li.product:nth-child(n), .woocommerce-page.mobile-columns-1 .site-main ul.products li.product:nth-child(n){margin-right:0;}.woocommerce #content div.product .woocommerce-tabs ul.tabs li, .woocommerce-page #content div.product .woocommerce-tabs ul.tabs li{display:block;margin-right:0;}.woocommerce[class*="columns-"].columns-3 &gt; ul.products li.product, .woocommerce[class*="columns-"].columns-4 &gt; ul.products li.product, .woocommerce[class*="columns-"].columns-5 &gt; ul.products li.product, .woocommerce[class*="columns-"].columns-6 &gt; ul.products li.product{width:calc(50% - 10px);margin-right:20px;}.woocommerce[class*="columns-"] ul.products li.product:nth-child(n), .woocommerce-page[class*="columns-"] ul.products li.product:nth-child(n){margin-right:20px;clear:none;}.woocommerce-page[class*=columns-].columns-3&gt;ul.products li.product:nth-child(2n), .woocommerce-page[class*=columns-].columns-4&gt;ul.products li.product:nth-child(2n), .woocommerce-page[class*=columns-].columns-5&gt;ul.products li.product:nth-child(2n), .woocommerce-page[class*=columns-].columns-6&gt;ul.products li.product:nth-child(2n), .woocommerce[class*=columns-].columns-3&gt;ul.products li.product:nth-child(2n), .woocommerce[class*=columns-].columns-4&gt;ul.products li.product:nth-child(2n), .woocommerce[class*=columns-].columns-5&gt;ul.products li.product:nth-child(2n), .woocommerce[class*=columns-].columns-6&gt;ul.products li.product:nth-child(2n){margin-right:0;clear:right;}.woocommerce[class*="columns-"].columns-3 &gt; ul.products li.product:nth-child(2n+1), .woocommerce[class*="columns-"].columns-4 &gt; ul.products li.product:nth-child(2n+1), .woocommerce[class*="columns-"].columns-5 &gt; ul.products li.product:nth-child(2n+1), .woocommerce[class*="columns-"].columns-6 &gt; ul.products li.product:nth-child(2n+1){clear:left;}.woocommerce-page[class*=columns-] ul.products li.product:nth-child(n), .woocommerce[class*=columns-] ul.products li.product:nth-child(n){margin-right:20px;clear:none;}.woocommerce.mobile-columns-6 ul.products li.product:nth-child(6n), .woocommerce-page.mobile-columns-6 ul.products li.product:nth-child(6n), .woocommerce.mobile-columns-5 ul.products li.product:nth-child(5n), .woocommerce-page.mobile-columns-5 ul.products li.product:nth-child(5n), .woocommerce.mobile-columns-4 ul.products li.product:nth-child(4n), .woocommerce-page.mobile-columns-4 ul.products li.product:nth-child(4n), .woocommerce.mobile-columns-3 ul.products li.product:nth-child(3n), .woocommerce-page.mobile-columns-3 ul.products li.product:nth-child(3n), .woocommerce.mobile-columns-2 ul.products li.product:nth-child(2n), .woocommerce-page.mobile-columns-2 ul.products li.product:nth-child(2n), .woocommerce div.product .related.products ul.products li.product:nth-child(2n){margin-right:0;clear:right;}.woocommerce.mobile-columns-6 ul.products li.product:nth-child(6n+1), .woocommerce-page.mobile-columns-6 ul.products li.product:nth-child(6n+1), .woocommerce.mobile-columns-5 ul.products li.product:nth-child(5n+1), .woocommerce-page.mobile-columns-5 ul.products li.product:nth-child(5n+1), .woocommerce.mobile-columns-4 ul.products li.product:nth-child(4n+1), .woocommerce-page.mobile-columns-4 ul.products li.product:nth-child(4n+1), .woocommerce.mobile-columns-3 ul.products li.product:nth-child(3n+1), .woocommerce-page.mobile-columns-3 ul.products li.product:nth-child(3n+1), .woocommerce.mobile-columns-2 ul.products li.product:nth-child(2n+1), .woocommerce-page.mobile-columns-2 ul.products li.product:nth-child(2n+1), .woocommerce div.product .related.products ul.products li.product:nth-child(2n+1){clear:left;}}@media (min-width:922px){.ast-woo-shop-archive .site-content &gt; .ast-container{max-width:1240px;}}@media (min-width:922px){.woocommerce #content .ast-woocommerce-container div.product div.images, .woocommerce .ast-woocommerce-container div.product div.images, .woocommerce-page #content .ast-woocommerce-container div.product div.images, .woocommerce-page .ast-woocommerce-container div.product div.images{width:50%;}.woocommerce #content .ast-woocommerce-container div.product div.summary, .woocommerce .ast-woocommerce-container div.product div.summary, .woocommerce-page #content .ast-woocommerce-container div.product div.summary, .woocommerce-page .ast-woocommerce-container div.product div.summary{width:46%;}.woocommerce.woocommerce-checkout form #customer_details.col2-set .col-1, .woocommerce.woocommerce-checkout form #customer_details.col2-set .col-2, .woocommerce-page.woocommerce-checkout form #customer_details.col2-set .col-1, .woocommerce-page.woocommerce-checkout form #customer_details.col2-set .col-2{float:none;width:auto;}}.woocommerce a.button , .woocommerce button.button.alt ,.woocommerce-page table.cart td.actions .button, .woocommerce-page #content table.cart td.actions .button , .woocommerce a.button.alt ,.woocommerce .woocommerce-message a.button , .ast-site-header-cart .widget_shopping_cart .buttons .button.checkout, .woocommerce button.button.alt.disabled , .wc-block-grid__products .wc-block-grid__product .wp-block-button__link {border:solid;border-top-width:0;border-right-width:0;border-left-width:0;border-bottom-width:0;border-color:#3197d6;}.woocommerce a.button:hover , .woocommerce button.button.alt:hover , .woocommerce-page table.cart td.actions .button:hover, .woocommerce-page #content table.cart td.actions .button:hover, .woocommerce a.button.alt:hover ,.woocommerce .woocommerce-message a.button:hover , .ast-site-header-cart .widget_shopping_cart .buttons .button.checkout:hover , .woocommerce button.button.alt.disabled:hover , .wc-block-grid__products .wc-block-grid__product .wp-block-button__link:hover{border-color:#0084d6;}.widget_product_search button{flex:0 0 auto;padding:10px 20px;;}@media (min-width:922px){.woocommerce.woocommerce-checkout form #customer_details.col2-set, .woocommerce-page.woocommerce-checkout form #customer_details.col2-set{width:55%;float:left;margin-right:4.347826087%;}.woocommerce.woocommerce-checkout form #order_review, .woocommerce.woocommerce-checkout form #order_review_heading, .woocommerce-page.woocommerce-checkout form #order_review, .woocommerce-page.woocommerce-checkout form #order_review_heading{width:40%;float:right;margin-right:0;clear:right;}}
</style>
    <style id="woocommerce-inline-inline-css">
.woocommerce form .form-row .required { visibility: visible; }
</style>
    <script id="jquery-core-js" src="https://askomdch.com/wp-includes/js/jquery/jquery.min.js?ver=3.6.0"/>
    <script id="jquery-migrate-js" src="https://askomdch.com/wp-includes/js/jquery/jquery-migrate.min.js?ver=3.3.2"/>
    <link rel="canonical" href="https://askomdch.com/account/"/>
    <noscript>
      <style>.woocommerce-product-gallery{ opacity: 1 !important; }</style>
    </noscript>
    <style>.recentcomments a{display:inline !important;padding:0 !important;margin:0 !important;}</style>
  </head>
  <body class="page-template-default page page-id-1235 theme-astra woocommerce-account woocommerce-page woocommerce-no-js ast-single-post ast-mobile-inherit-site-logo ast-woocommerce-cart-menu ast-inherit-site-logo-transparent ast-theme-transparent-header ast-hfb-header ast-desktop ast-plain-container ast-no-sidebar astra-3.7.5" itemtype="https://schema.org/WebPage" itemscope="itemscope">
    <a shape="rect" class="skip-link screen-reader-text" href="#content" role="link" title="Skip to content">
Skip to content</a>
    <div class="hfeed site" id="page">
      <header class="site-header ast-primary-submenu-animation-slide-up header-main-layout-1 ast-primary-menu-enabled ast-builder-menu-toggle-icon ast-mobile-header-inline" id="masthead" itemtype="https://schema.org/WPHeader" itemscope="itemscope" itemid="#masthead">
        <div id="ast-desktop-header" data-toggle-type="dropdown">
          <div class="ast-main-header-wrap main-header-bar-wrap">
            <div class="ast-primary-header-bar ast-primary-header main-header-bar site-header-focus-item" data-section="section-primary-header-builder">
              <div class="site-primary-header-wrap ast-builder-grid-row-container site-header-focus-item ast-container" data-section="section-primary-header-builder">
                <div class="ast-builder-grid-row ast-builder-grid-row-has-sides ast-builder-grid-row-no-center">
                  <div class="site-header-primary-section-left site-header-section ast-flex site-header-section-left">
                    <div class="ast-builder-layout-element ast-flex site-header-focus-item" data-section="title_tagline">
                      <div class="site-branding ast-site-identity" itemtype="https://schema.org/Organization" itemscope="itemscope">
                        <div class="ast-site-title-wrap">
                          <span class="site-title" itemprop="name">
                            <a shape="rect" href="https://askomdch.com/" rel="home" itemprop="url">
AskOmDch
</a>
                          </span>
                        </div>
                      </div>
                    </div>
                  </div>
                  <div class="site-header-primary-section-right site-header-section ast-flex ast-grid-right-section">
                    <div class="ast-builder-menu-1 ast-builder-menu ast-flex ast-builder-menu-1-focus-item ast-builder-layout-element site-header-focus-item" data-section="section-hb-menu-1">
                      <div class="ast-main-header-bar-alignment">
                        <div class="main-header-bar-navigation">
                          <nav class="site-navigation ast-flex-grow-1 navigation-accessibility site-header-focus-item" id="primary-site-navigation" aria-label="Site Navigation" itemtype="https://schema.org/SiteNavigationElement" itemscope="itemscope">
                            <div class="main-navigation ast-inline-flex">
                              <ul class="main-header-menu ast-menu-shadow ast-nav-menu ast-flex submenu-with-border astra-menu-animation-slide-up stack-on-mobile" id="ast-hf-menu-1">
                                <li class="menu-item menu-item-type-post_type menu-item-object-page menu-item-home menu-item-1226" id="menu-item-1226">
                                  <a shape="rect" class="menu-link" href="https://askomdch.com/">Home</a>
                                </li>
                                <li class="menu-item menu-item-type-post_type menu-item-object-page menu-item-1227" id="menu-item-1227">
                                  <a shape="rect" class="menu-link" href="https://askomdch.com/store/">Store</a>
                                </li>
                                <li class="menu-item menu-item-type-taxonomy menu-item-object-product_cat menu-item-1228" id="menu-item-1228">
                                  <a shape="rect" class="menu-link" href="https://askomdch.com/product-category/men/">Men</a>
                                </li>
                                <li class="menu-item menu-item-type-taxonomy menu-item-object-product_cat menu-item-1229" id="menu-item-1229">
                                  <a shape="rect" class="menu-link" href="https://askomdch.com/product-category/women/">Women</a>
                                </li>
                                <li class="menu-item menu-item-type-taxonomy menu-item-object-product_cat menu-item-1230" id="menu-item-1230">
                                  <a shape="rect" class="menu-link" href="https://askomdch.com/product-category/accessories/">Accessories</a>
                                </li>
                                <li class="menu-item menu-item-type-post_type menu-item-object-page current-menu-item page_item page-item-1235 current_page_item menu-item-1237" id="menu-item-1237">
                                  <a shape="rect" class="menu-link" href="https://askomdch.com/account/" aria-current="page">Account</a>
                                </li>
                                <li class="menu-item menu-item-type-post_type menu-item-object-page menu-item-1232" id="menu-item-1232">
                                  <a shape="rect" class="menu-link" href="https://askomdch.com/about/">About</a>
                                </li>
                                <li class="menu-item menu-item-type-post_type menu-item-object-page menu-item-1233" id="menu-item-1233">
                                  <a shape="rect" class="menu-link" href="https://askomdch.com/contact-us/">Contact Us</a>
                                </li>
                              </ul>
                            </div>
                          </nav>
                        </div>
                      </div>
                    </div>
                    <div class="ast-builder-layout-element site-header-focus-item ast-header-woo-cart" data-section="section-header-woo-cart">
                      <div class="ast-site-header-cart ast-menu-cart-with-border ast-menu-cart-fill" id="ast-site-header-cart">
                        <div class="ast-site-header-cart-li">
                          <a shape="rect" class="cart-container" href="https://askomdch.com/cart/" title="View your shopping cart"/>
                          <div class="ast-cart-menu-wrap">
                            <span class="count">
0 </span>
                          </div>
                        </div>
                        <div class="ast-site-header-cart-data">
                          <div class="widget woocommerce widget_shopping_cart">
                            <div class="widget_shopping_cart_content"/>
                          </div>
                        </div>
                      </div>
                    </div>
                  </div>
                </div>
              </div>
            </div>
          </div>
          <div class="ast-desktop-header-content content-align-flex-start"/>
        </div>
        <div class="ast-mobile-header-wrap" id="ast-mobile-header" data-type="dropdown">
          <div class="ast-main-header-wrap main-header-bar-wrap">
            <div class="ast-primary-header-bar ast-primary-header main-header-bar site-primary-header-wrap site-header-focus-item ast-builder-grid-row-layout-default ast-builder-grid-row-tablet-layout-default ast-builder-grid-row-mobile-layout-default" data-section="section-primary-header-builder">
              <div class="ast-builder-grid-row ast-builder-grid-row-has-sides ast-builder-grid-row-no-center">
                <div class="site-header-primary-section-left site-header-section ast-flex site-header-section-left">
                  <div class="ast-builder-layout-element ast-flex site-header-focus-item" data-section="title_tagline">
                    <div class="site-branding ast-site-identity" itemtype="https://schema.org/Organization" itemscope="itemscope">
                      <div class="ast-site-title-wrap">
                        <span class="site-title" itemprop="name">
                          <a shape="rect" href="https://askomdch.com/" rel="home" itemprop="url">
AskOmDch
</a>
                        </span>
                      </div>
                    </div>
                  </div>
                </div>
                <div class="site-header-primary-section-right site-header-section ast-flex ast-grid-right-section">
                  <div class="ast-builder-layout-element site-header-focus-item ast-header-woo-cart" data-section="section-header-woo-cart">
                    <div class="ast-site-header-cart ast-menu-cart-with-border ast-menu-cart-fill" id="ast-site-header-cart">
                      <div class="ast-site-header-cart-li">
                        <a shape="rect" class="cart-container" href="https://askomdch.com/cart/" title="View your shopping cart"/>
                        <div class="ast-cart-menu-wrap">
                          <span class="count">
0 </span>
                        </div>
                      </div>
                      <div class="ast-site-header-cart-data">
                        <div class="widget woocommerce widget_shopping_cart">
                          <div class="widget_shopping_cart_content"/>
                        </div>
                      </div>
                    </div>
                  </div>
                  <div class="ast-builder-layout-element ast-flex site-header-focus-item" data-section="section-header-mobile-trigger">
                    <div class="ast-button-wrap">
                      <button type="button" class="menu-toggle main-header-menu-toggle ast-mobile-menu-trigger-minimal" aria-expanded="false">
                        <span class="screen-reader-text">Main Menu</span>
                        <span class="mobile-menu-toggle-icon">
                          <span class="ahfb-svg-iconset ast-inline-flex svg-baseline">
                            <svg class="ast-mobile-svg ast-menu2-svg" fill="currentColor" version="1.1" width="24" height="28" viewbox="0 0 24 28">
                              <path d="M24 21v2c0 0.547-0.453 1-1 1h-22c-0.547 0-1-0.453-1-1v-2c0-0.547 0.453-1 1-1h22c0.547 0 1 0.453 1 1zM24 13v2c0 0.547-0.453 1-1 1h-22c-0.547 0-1-0.453-1-1v-2c0-0.547 0.453-1 1-1h22c0.547 0 1 0.453 1 1zM24 5v2c0 0.547-0.453 1-1 1h-22c-0.547 0-1-0.453-1-1v-2c0-0.547 0.453-1 1-1h22c0.547 0 1 0.453 1 1z"/>
                            </svg>
                          </span>
                          <span class="ahfb-svg-iconset ast-inline-flex svg-baseline">
                            <svg class="ast-mobile-svg ast-close-svg" fill="currentColor" version="1.1" width="24" height="24" viewbox="0 0 24 24">
                              <path d="M5.293 6.707l5.293 5.293-5.293 5.293c-0.391 0.391-0.391 1.024 0 1.414s1.024 0.391 1.414 0l5.293-5.293 5.293 5.293c0.391 0.391 1.024 0.391 1.414 0s0.391-1.024 0-1.414l-5.293-5.293 5.293-5.293c0.391-0.391 0.391-1.024 0-1.414s-1.024-0.391-1.414 0l-5.293 5.293-5.293-5.293c-0.391-0.391-1.024-0.391-1.414 0s-0.391 1.024 0 1.414z"/>
                            </svg>
                          </span>
                        </span>
                      </button>
                    </div>
                  </div>
                </div>
              </div>
            </div>
          </div>
          <div class="ast-mobile-header-content content-align-flex-start">
            <div class="ast-builder-menu-1 ast-builder-menu ast-flex ast-builder-menu-1-focus-item ast-builder-layout-element site-header-focus-item" data-section="section-hb-menu-1">
              <div class="ast-main-header-bar-alignment">
                <div class="main-header-bar-navigation">
                  <nav class="site-navigation ast-flex-grow-1 navigation-accessibility site-header-focus-item" id="primary-site-navigation" aria-label="Site Navigation" itemtype="https://schema.org/SiteNavigationElement" itemscope="itemscope">
                    <div class="main-navigation ast-inline-flex">
                      <ul class="main-header-menu ast-menu-shadow ast-nav-menu ast-flex submenu-with-border astra-menu-animation-slide-up stack-on-mobile" id="ast-hf-menu-1">
                        <li class="menu-item menu-item-type-post_type menu-item-object-page menu-item-home menu-item-1226">
                          <a shape="rect" class="menu-link" href="https://askomdch.com/">Home</a>
                        </li>
                        <li class="menu-item menu-item-type-post_type menu-item-object-page menu-item-1227">
                          <a shape="rect" class="menu-link" href="https://askomdch.com/store/">Store</a>
                        </li>
                        <li class="menu-item menu-item-type-taxonomy menu-item-object-product_cat menu-item-1228">
                          <a shape="rect" class="menu-link" href="https://askomdch.com/product-category/men/">Men</a>
                        </li>
                        <li class="menu-item menu-item-type-taxonomy menu-item-object-product_cat menu-item-1229">
                          <a shape="rect" class="menu-link" href="https://askomdch.com/product-category/women/">Women</a>
                        </li>
                        <li class="menu-item menu-item-type-taxonomy menu-item-object-product_cat menu-item-1230">
                          <a shape="rect" class="menu-link" href="https://askomdch.com/product-category/accessories/">Accessories</a>
                        </li>
                        <li class="menu-item menu-item-type-post_type menu-item-object-page current-menu-item page_item page-item-1235 current_page_item menu-item-1237">
                          <a shape="rect" class="menu-link" href="https://askomdch.com/account/" aria-current="page">Account</a>
                        </li>
                        <li class="menu-item menu-item-type-post_type menu-item-object-page menu-item-1232">
                          <a shape="rect" class="menu-link" href="https://askomdch.com/about/">About</a>
                        </li>
                        <li class="menu-item menu-item-type-post_type menu-item-object-page menu-item-1233">
                          <a shape="rect" class="menu-link" href="https://askomdch.com/contact-us/">Contact Us</a>
                        </li>
                      </ul>
                    </div>
                  </nav>
                </div>
              </div>
            </div>
          </div>
        </div>
      </header>
      <div class="site-content" id="content">
        <div class="ast-container">
          <div class="content-area primary" id="primary">
            <main id="main" class="site-main">
              <article class="post-1235 page type-page status-publish ast-article-single" id="post-1235" itemtype="https://schema.org/CreativeWork" itemscope="itemscope">
                <header class="entry-header ast-header-without-markup"/>
                <div class="entry-content clear" itemprop="text">
                  <div class="wp-block-cover alignfull has-background-dim" style="background-color:#001d35;min-height:400px">
                    <div class="wp-block-cover__inner-container">
                      <h1 class="has-text-align-center">Account</h1>
                    </div>
                  </div>
                  <div class="wp-block-group alignfull">
                    <div class="wp-block-group__inner-container">
                      <div class="wp-block-columns">
                        <div class="wp-block-column" style="flex-basis:100%"/>
                      </div>
                      <div class="woocommerce">
                        <div class="woocommerce-notices-wrapper"/>
                        <div class="u-columns col2-set" id="customer_login">
                          <div class="u-column1 col-1">
                            <h2>Login</h2>
                            <form enctype="application/x-www-form-urlencoded" method="post" class="woocommerce-form woocommerce-form-login login">
                              <p class="woocommerce-form-row woocommerce-form-row--wide form-row form-row-wide">
                                <label for="username">
Username or email address                                   <span class="required">*</span>
                                </label>
                                <input type="text" class="woocommerce-Input woocommerce-Input--text input-text" id="username" name="username" autocomplete="username" value="value" _="_"/>
                              </p>
                              <p class="woocommerce-form-row woocommerce-form-row--wide form-row form-row-wide">
                                <label for="password">
Password                                   <span class="required">*</span>
                                </label>
                                <input type="password" class="woocommerce-Input woocommerce-Input--text input-text" id="password" name="password" autocomplete="current-password"/>
                              </p>
                              <p class="form-row">
                                <label class="woocommerce-form__label woocommerce-form__label-for-checkbox woocommerce-form-login__rememberme">
                                  <input type="checkbox" class="woocommerce-form__input woocommerce-form__input-checkbox" id="rememberme" name="rememberme" value="forever"/>
                                  <span>Remember me</span>
                                </label>
                                <input type="hidden" id="woocommerce-login-nonce" name="woocommerce-login-nonce" value="70dd927d96"/>
                                <input type="hidden" name="_wp_http_referer" value="/account/"/>
                                <button type="submit" class="woocommerce-button button woocommerce-form-login__submit" name="login" value="Log in">Log in</button>
                              </p>
                              <p class="woocommerce-LostPassword lost_password">
                                <a shape="rect" href="https://askomdch.com/account/lost-password/">Lost your password?</a>
                              </p>
                            </form>
                          </div>
                          <div class="u-column2 col-2">
                            <h2>Register</h2>
                            <form enctype="application/x-www-form-urlencoded" method="post" class="woocommerce-form woocommerce-form-register register">
                              <p class="woocommerce-form-row woocommerce-form-row--wide form-row form-row-wide">
                                <label for="reg_username">
Username                                   <span class="required">*</span>
                                </label>
                                <input type="text" class="woocommerce-Input woocommerce-Input--text input-text" id="reg_username" name="username" autocomplete="username" value="value" _="_"/>
                              </p>
                              <p class="woocommerce-form-row woocommerce-form-row--wide form-row form-row-wide">
                                <label for="reg_email">
Email address                                   <span class="required">*</span>
                                </label>
                                <input type="email" class="woocommerce-Input woocommerce-Input--text input-text" id="reg_email" name="email" autocomplete="email" value="value" _="_"/>
                              </p>
                              <p class="woocommerce-form-row woocommerce-form-row--wide form-row form-row-wide">
                                <label for="reg_password">
Password                                   <span class="required">*</span>
                                </label>
                                <input type="password" class="woocommerce-Input woocommerce-Input--text input-text" id="reg_password" name="password" autocomplete="new-password"/>
                              </p>
                              <div class="woocommerce-privacy-policy-text">
                                <p>TEST MODE ENABLED. DO NOT ENTER YOUR PERSONAL DATA.</p>
                              </div>
                              <p class="woocommerce-form-row form-row">
                                <input type="hidden" id="woocommerce-register-nonce" name="woocommerce-register-nonce" value="e82ccf66d5"/>
                                <input type="hidden" name="_wp_http_referer" value="/account/"/>
                                <button type="submit" class="woocommerce-Button woocommerce-button button woocommerce-form-register__submit" name="register" value="Register">Register</button>
                              </p>
                            </form>
                          </div>
                        </div>
                      </div>
                    </div>
                  </div>
                  <p/>
                </div>
              </article>
            </main>
          </div>
        </div>
      </div>
      <div class="astra-mobile-cart-overlay"/>
      <div class="astra-cart-drawer open-right" id="astra-mobile-cart-drawer">
        <div class="astra-cart-drawer-header">
          <button type="button" class="astra-cart-drawer-close">
            <span class="ahfb-svg-iconset ast-inline-flex svg-baseline">
              <svg class="ast-mobile-svg ast-close-svg" fill="currentColor" version="1.1" width="24" height="24" viewbox="0 0 24 24">
                <path d="M5.293 6.707l5.293 5.293-5.293 5.293c-0.391 0.391-0.391 1.024 0 1.414s1.024 0.391 1.414 0l5.293-5.293 5.293 5.293c0.391 0.391 1.024 0.391 1.414 0s0.391-1.024 0-1.414l-5.293-5.293 5.293-5.293c0.391-0.391 0.391-1.024 0-1.414s-1.024-0.391-1.414 0l-5.293 5.293-5.293-5.293c-0.391-0.391-1.024-0.391-1.414 0s-0.391 1.024 0 1.414z"/>
              </svg>
            </span>
          </button>
          <div class="astra-cart-drawer-title">
Shopping Cart </div>
        </div>
        <div class="astra-cart-drawer-content">
          <div class="widget woocommerce widget_shopping_cart">
            <div class="widget_shopping_cart_content"/>
          </div>
        </div>
      </div>
      <footer class="site-footer" id="colophon" itemtype="https://schema.org/WPFooter" itemscope="itemscope" itemid="#colophon">
        <div class="site-primary-footer-wrap ast-builder-grid-row-container site-footer-focus-item ast-builder-grid-row-4-equal ast-builder-grid-row-tablet-4-equal ast-builder-grid-row-mobile-full ast-footer-row-stack ast-footer-row-tablet-stack ast-footer-row-mobile-stack" data-section="section-primary-footer-builder">
          <div class="ast-builder-grid-row-container-inner">
            <div class="ast-builder-footer-grid-columns site-primary-footer-inner-wrap ast-builder-grid-row">
              <div class="site-footer-primary-section-1 site-footer-section site-footer-section-1">
                <aside class="footer-widget-area widget-area site-footer-focus-item" data-section="sidebar-widgets-footer-widget-1" aria-label="Footer Widget 1">
                  <div class="footer-widget-area-inner site-info-inner">
                    <section id="nav_menu-7" class="widget widget_nav_menu">
                      <h2 class="widget-title">Quick Links</h2>
                      <nav class="menu-quick-links-container" aria-label="Quick Links">
                        <ul class="menu" id="menu-quick-links">
                          <li class="menu-item menu-item-type-post_type menu-item-object-page menu-item-home menu-item-1254" id="menu-item-1254">
                            <a shape="rect" class="menu-link" href="https://askomdch.com/">Home</a>
                          </li>
                          <li class="menu-item menu-item-type-post_type menu-item-object-page menu-item-1255" id="menu-item-1255">
                            <a shape="rect" class="menu-link" href="https://askomdch.com/about/">About</a>
                          </li>
                          <li class="menu-item menu-item-type-post_type menu-item-object-page current-menu-item page_item page-item-1235 current_page_item menu-item-1256" id="menu-item-1256">
                            <a shape="rect" class="menu-link" href="https://askomdch.com/account/" aria-current="page">My Account</a>
                          </li>
                          <li class="menu-item menu-item-type-post_type menu-item-object-page menu-item-1257" id="menu-item-1257">
                            <a shape="rect" class="menu-link" href="https://askomdch.com/cart/">Cart</a>
                          </li>
                          <li class="menu-item menu-item-type-post_type menu-item-object-page menu-item-1258" id="menu-item-1258">
                            <a shape="rect" class="menu-link" href="https://askomdch.com/contact-us/">Contact Us</a>
                          </li>
                        </ul>
                      </nav>
                    </section>
                  </div>
                </aside>
              </div>
              <div class="site-footer-primary-section-2 site-footer-section site-footer-section-2">
                <aside class="footer-widget-area widget-area site-footer-focus-item" data-section="sidebar-widgets-footer-widget-2" aria-label="Footer Widget 2">
                  <div class="footer-widget-area-inner site-info-inner">
                    <section id="nav_menu-8" class="widget widget_nav_menu">
                      <h2 class="widget-title">For Her</h2>
                      <nav class="menu-for-her-container" aria-label="For Her">
                        <ul class="menu" id="menu-for-her">
                          <li class="menu-item menu-item-type-taxonomy menu-item-object-product_cat menu-item-1264" id="menu-item-1264">
                            <a shape="rect" class="menu-link" href="https://askomdch.com/product-category/women/">Women</a>
                          </li>
                          <li class="menu-item menu-item-type-taxonomy menu-item-object-product_cat menu-item-1266" id="menu-item-1266">
                            <a shape="rect" class="menu-link" href="https://askomdch.com/product-category/womens-jeans/">Women’s Jeans</a>
                          </li>
                          <li class="menu-item menu-item-type-taxonomy menu-item-object-product_cat menu-item-1265" id="menu-item-1265">
                            <a shape="rect" class="menu-link" href="https://askomdch.com/product-category/womens-shirts/">Women’s Shirts</a>
                          </li>
                          <li class="menu-item menu-item-type-taxonomy menu-item-object-product_cat menu-item-1267" id="menu-item-1267">
                            <a shape="rect" class="menu-link" href="https://askomdch.com/product-category/womens-shoes/">Women’s Shoes</a>
                          </li>
                          <li class="menu-item menu-item-type-taxonomy menu-item-object-product_cat menu-item-1268" id="menu-item-1268">
                            <a shape="rect" class="menu-link" href="https://askomdch.com/product-category/accessories/">Accessories</a>
                          </li>
                        </ul>
                      </nav>
                    </section>
                  </div>
                </aside>
              </div>
              <div class="site-footer-primary-section-3 site-footer-section site-footer-section-3">
                <aside class="footer-widget-area widget-area site-footer-focus-item" data-section="sidebar-widgets-footer-widget-3" aria-label="Footer Widget 3">
                  <div class="footer-widget-area-inner site-info-inner">
                    <section id="nav_menu-12" class="widget widget_nav_menu">
                      <h2 class="widget-title">For Him</h2>
                      <nav class="menu-for-him-container" aria-label="For Him">
                        <ul class="menu" id="menu-for-him">
                          <li class="menu-item menu-item-type-taxonomy menu-item-object-product_cat menu-item-1263" id="menu-item-1263">
                            <a shape="rect" class="menu-link" href="https://askomdch.com/product-category/men/">Men</a>
                          </li>
                          <li class="menu-item menu-item-type-taxonomy menu-item-object-product_cat menu-item-1259" id="menu-item-1259">
                            <a shape="rect" class="menu-link" href="https://askomdch.com/product-category/mens-jeans/">Men’s Jeans</a>
                          </li>
                          <li class="menu-item menu-item-type-taxonomy menu-item-object-product_cat menu-item-1260" id="menu-item-1260">
                            <a shape="rect" class="menu-link" href="https://askomdch.com/product-category/mens-shirts/">Men’s Shirts</a>
                          </li>
                          <li class="menu-item menu-item-type-taxonomy menu-item-object-product_cat menu-item-1261" id="menu-item-1261">
                            <a shape="rect" class="menu-link" href="https://askomdch.com/product-category/mens-shoes/">Men’s Shoes</a>
                          </li>
                          <li class="menu-item menu-item-type-taxonomy menu-item-object-product_cat menu-item-1262" id="menu-item-1262">
                            <a shape="rect" class="menu-link" href="https://askomdch.com/product-category/accessories/">Accessories</a>
                          </li>
                        </ul>
                      </nav>
                    </section>
                  </div>
                </aside>
              </div>
              <div class="site-footer-primary-section-4 site-footer-section site-footer-section-4">
                <aside class="footer-widget-area widget-area site-footer-focus-item" data-section="sidebar-widgets-footer-widget-4" aria-label="Footer Widget 4">
                  <div class="footer-widget-area-inner site-info-inner">
                    <section id="text-2" class="widget widget_text">
                      <h2 class="widget-title">AOD on Mobile</h2>
                      <div class="textwidget">
                        <p>
                          <a shape="rect" href="https://www.apple.com/in/app-store/" target="_blank" rel="noopener">
                            <img class="alignnone wp-image-1475 size-full" src="https://askomdch.com/wp-content/uploads/2021/06/image-60-compressed.jpg" alt="alt" width="300" height="90"/>
                          </a>
                          <a shape="rect" href="https://play.google.com/store" target="_blank" rel="noopener">
                            <img class="alignnone wp-image-1473 size-full" src="https://askomdch.com/wp-content/uploads/2021/06/image-41-compressed.jpg" alt="alt" width="300" height="90"/>
                          </a>
                        </p>
                      </div>
                    </section>
                  </div>
                </aside>
              </div>
            </div>
          </div>
        </div>
        <div class="site-below-footer-wrap ast-builder-grid-row-container site-footer-focus-item ast-builder-grid-row-2-equal ast-builder-grid-row-tablet-2-equal ast-builder-grid-row-mobile-full ast-footer-row-stack ast-footer-row-tablet-stack ast-footer-row-mobile-stack" data-section="section-below-footer-builder">
          <div class="ast-builder-grid-row-container-inner">
            <div class="ast-builder-footer-grid-columns site-below-footer-inner-wrap ast-builder-grid-row">
              <div class="site-footer-below-section-1 site-footer-section site-footer-section-1">
                <div class="ast-builder-layout-element ast-flex site-footer-focus-item ast-footer-copyright" data-section="section-footer-builder">
                  <div class="ast-footer-copyright">
                    <p>Copyright © 2023 AskOmDch</p>
                  </div>
                </div>
              </div>
              <div class="site-footer-below-section-2 site-footer-section site-footer-section-2">
                <div class="footer-widget-area widget-area site-footer-focus-item ast-footer-html-1" data-section="section-fb-html-1">
                  <div class="ast-header-html inner-link-style-">
                    <div class="ast-builder-html-element">
                      <p>Powered by AskOmDch</p>
                    </div>
                  </div>
                </div>
              </div>
            </div>
          </div>
        </div>
      </footer>
    </div>
    <script type="text/javascript">
		(function () {
			var c = document.body.className;
			c = c.replace(/woocommerce-no-js/, 'woocommerce-js');
			document.body.className = c;
		})();
	</script>
    <script id="astra-theme-js-js-extra">
var astra = {"break_point":"921","isRtl":""};
</script>
    <script id="astra-theme-js-js" src="https://askomdch.com/wp-content/themes/astra/assets/js/minified/frontend.min.js?ver=3.7.5"/>
    <script id="astra-mobile-cart-js" src="https://askomdch.com/wp-content/themes/astra/assets/js/minified/mobile-cart.min.js?ver=3.7.5"/>
    <script id="js-cookie-js" src="https://askomdch.com/wp-content/plugins/woocommerce/assets/js/js-cookie/js.cookie.min.js?ver=2.1.4-wc.7.2.1"/>
    <script id="wc-cart-fragments-js-extra">
var wc_cart_fragments_params = {"ajax_url":"\/wp-admin\/admin-ajax.php","wc_ajax_url":"\/?wc-ajax=%%endpoint%%","cart_hash_key":"wc_cart_hash_ce7302d8a5b087b54dd768c76987f650","fragment_name":"wc_fragments_ce7302d8a5b087b54dd768c76987f650","request_timeout":"5000"};
</script>
    <script id="wc-cart-fragments-js" src="https://askomdch.com/wp-content/plugins/woocommerce/assets/js/frontend/cart-fragments.min.js?ver=7.2.1"/>
    <script id="rocket-browser-checker-js-after">
"use strict";var _createClass=function(){function defineProperties(target,props){for(var i=0;i&lt;props.length;i++){var descriptor=props[i];descriptor.enumerable=descriptor.enumerable||!1,descriptor.configurable=!0,"value"in descriptor&amp;&amp;(descriptor.writable=!0),Object.defineProperty(target,descriptor.key,descriptor)}}return function(Constructor,protoProps,staticProps){return protoProps&amp;&amp;defineProperties(Constructor.prototype,protoProps),staticProps&amp;&amp;defineProperties(Constructor,staticProps),Constructor}}();function _classCallCheck(instance,Constructor){if(!(instance instanceof Constructor))throw new TypeError("Cannot call a class as a function")}var RocketBrowserCompatibilityChecker=function(){function RocketBrowserCompatibilityChecker(options){_classCallCheck(this,RocketBrowserCompatibilityChecker),this.passiveSupported=!1,this._checkPassiveOption(this),this.options=!!this.passiveSupported&amp;&amp;options}return _createClass(RocketBrowserCompatibilityChecker,[{key:"_checkPassiveOption",value:function(self){try{var options={get passive(){return!(self.passiveSupported=!0)}};window.addEventListener("test",null,options),window.removeEventListener("test",null,options)}catch(err){self.passiveSupported=!1}}},{key:"initRequestIdleCallback",value:function(){!1 in window&amp;&amp;(window.requestIdleCallback=function(cb){var start=Date.now();return setTimeout(function(){cb({didTimeout:!1,timeRemaining:function(){return Math.max(0,50-(Date.now()-start))}})},1)}),!1 in window&amp;&amp;(window.cancelIdleCallback=function(id){return clearTimeout(id)})}},{key:"isDataSaverModeOn",value:function(){return"connection"in navigator&amp;&amp;!0===navigator.connection.saveData}},{key:"supportsLinkPrefetch",value:function(){var elem=document.createElement("link");return elem.relList&amp;&amp;elem.relList.supports&amp;&amp;elem.relList.supports("prefetch")&amp;&amp;window.IntersectionObserver&amp;&amp;"isIntersecting"in IntersectionObserverEntry.prototype}},{key:"isSlowConnection",value:function(){return"connection"in navigator&amp;&amp;"effectiveType"in navigator.connection&amp;&amp;("2g"===navigator.connection.effectiveType||"slow-2g"===navigator.connection.effectiveType)}}]),RocketBrowserCompatibilityChecker}();
</script>
    <script id="rocket-preload-links-js-extra">
var RocketPreloadLinksConfig = {"excludeUris":"\/(?:.+\/)?feed(?:\/(?:.+\/?)?)?$|\/(?:.+\/)?embed\/|\/checkout\/|\/cart\/|\/account\/|\/wc-api\/v(.*)|\/(index\\.php\/)?wp\\-json(\/.*|$)|\/refer\/|\/go\/|\/recommend\/|\/recommends\/","usesTrailingSlash":"1","imageExt":"jpg|jpeg|gif|png|tiff|bmp|webp|avif|pdf|doc|docx|xls|xlsx|php","fileExt":"jpg|jpeg|gif|png|tiff|bmp|webp|avif|pdf|doc|docx|xls|xlsx|php|html|htm","siteUrl":"https:\/\/askomdch.com","onHoverDelay":"100","rateThrottle":"3"};
</script>
    <script id="rocket-preload-links-js-after">
(function() {
"use strict";var r="function"==typeof Symbol&amp;&amp;"symbol"==typeof Symbol.iterator?function(e){return typeof e}:function(e){return e&amp;&amp;"function"==typeof Symbol&amp;&amp;e.constructor===Symbol&amp;&amp;e!==Symbol.prototype?"symbol":typeof e},e=function(){function i(e,t){for(var n=0;n&lt;t.length;n++){var i=t[n];i.enumerable=i.enumerable||!1,i.configurable=!0,"value"in i&amp;&amp;(i.writable=!0),Object.defineProperty(e,i.key,i)}}return function(e,t,n){return t&amp;&amp;i(e.prototype,t),n&amp;&amp;i(e,n),e}}();function i(e,t){if(!(e instanceof t))throw new TypeError("Cannot call a class as a function")}var t=function(){function n(e,t){i(this,n),this.browser=e,this.config=t,this.options=this.browser.options,this.prefetched=new Set,this.eventTime=null,this.threshold=1111,this.numOnHover=0}return e(n,[{key:"init",value:function(){!this.browser.supportsLinkPrefetch()||this.browser.isDataSaverModeOn()||this.browser.isSlowConnection()||(this.regex={excludeUris:RegExp(this.config.excludeUris,"i"),images:RegExp(".("+this.config.imageExt+")$","i"),fileExt:RegExp(".("+this.config.fileExt+")$","i")},this._initListeners(this))}},{key:"_initListeners",value:function(e){-1&lt;this.config.onHoverDelay&amp;&amp;document.addEventListener("mouseover",e.listener.bind(e),e.listenerOptions),document.addEventListener("mousedown",e.listener.bind(e),e.listenerOptions),document.addEventListener("touchstart",e.listener.bind(e),e.listenerOptions)}},{key:"listener",value:function(e){var t=e.target.closest("a"),n=this._prepareUrl(t);if(null!==n)switch(e.type){case"mousedown":case"touchstart":this._addPrefetchLink(n);break;case"mouseover":this._earlyPrefetch(t,n,"mouseout")}}},{key:"_earlyPrefetch",value:function(t,e,n){var i=this,r=setTimeout(function(){if(r=null,0===i.numOnHover)setTimeout(function(){return i.numOnHover=0},1e3);else if(i.numOnHover&gt;i.config.rateThrottle)return;i.numOnHover++,i._addPrefetchLink(e)},this.config.onHoverDelay);t.addEventListener(n,function e(){t.removeEventListener(n,e,{passive:!0}),null!==r&amp;&amp;(clearTimeout(r),r=null)},{passive:!0})}},{key:"_addPrefetchLink",value:function(i){return this.prefetched.add(i.href),new Promise(function(e,t){var n=document.createElement("link");n.rel="prefetch",n.href=i.href,n.onload=e,n.onerror=t,document.head.appendChild(n)}).catch(function(){})}},{key:"_prepareUrl",value:function(e){if(null===e||"object"!==(void 0===e?"undefined":r(e))||!1 in e||-1===["http:","https:"].indexOf(e.protocol))return null;var t=e.href.substring(0,this.config.siteUrl.length),n=this._getPathname(e.href,t),i={original:e.href,protocol:e.protocol,origin:t,pathname:n,href:t+n};return this._isLinkOk(i)?i:null}},{key:"_getPathname",value:function(e,t){var n=t?e.substring(this.config.siteUrl.length):e;return n.startsWith("/")||(n="/"+n),this._shouldAddTrailingSlash(n)?n+"/":n}},{key:"_shouldAddTrailingSlash",value:function(e){return this.config.usesTrailingSlash&amp;&amp;!e.endsWith("/")&amp;&amp;!this.regex.fileExt.test(e)}},{key:"_isLinkOk",value:function(e){return null!==e&amp;&amp;"object"===(void 0===e?"undefined":r(e))&amp;&amp;(!this.prefetched.has(e.href)&amp;&amp;e.origin===this.config.siteUrl&amp;&amp;-1===e.href.indexOf("?")&amp;&amp;-1===e.href.indexOf("#")&amp;&amp;!this.regex.excludeUris.test(e.href)&amp;&amp;!this.regex.images.test(e.href))}}],[{key:"run",value:function(){"undefined"!=typeof RocketPreloadLinksConfig&amp;&amp;new n(new RocketBrowserCompatibilityChecker({capture:!0,passive:!0}),RocketPreloadLinksConfig).init()}}]),n}();t.run();
}());
</script>
    <script>
			/(trident|msie)/i.test(navigator.userAgent)&amp;&amp;document.getElementById&amp;&amp;window.addEventListener&amp;&amp;window.addEventListener("hashchange",function(){var t,e=location.hash.substring(1);/^[A-z0-9_-]+$/.test(e)&amp;&amp;(t=document.getElementById(e))&amp;&amp;(/^(?:a|select|input|button|textarea)$/i.test(t.tagName)||(t.tabIndex=-1),t.focus())},!1);
			</script>
  </body>
</html>
Request method:	POST
Request URI:	https://askomdch.com/account
Proxy:			<none>
Request params:	<none>
Query params:	<none>
Form params:	password=demopwd
				woocommerce-register-nonce=e82ccf66d5
				email=demouser3256089413@gmail .com
				username=demouser3256089413
				register=Register
Path params:	<none>
Headers:		Accept=*/*
				Content-Type=application/x-www-form-urlencoded; charset=ISO-8859-1
Cookies:		<none>
Multiparts:		<none>
Body:			<none>
HTTP/1.1 302 Found
Date: Thu, 25 May 2023 06:39:08 GMT
Content-Type: text/html; charset=UTF-8
Transfer-Encoding: chunked
Connection: keep-alive
location: https://askomdch.com/account/
set-cookie: wordpress_sec_e39c30ea93030240fdcfed1ddf385ba1=demouser3256089413%7C1686206348%7CAAvOUSZnpwkqOD1qAS2XU3GxK6MU97JyDEGlSg0kL3H%7C3f17ca824222d3c7d993d5c14adeece691587140dc82bc74429de2a4bcb37292; expires=Thu, 08-Jun-2023 18:39:08 GMT; Max-Age=1252800; path=/wp-content/plugins; secure; HttpOnly
x-redirect-by: WordPress
strict-transport-security: max-age=63072000
x-frame-options: SAMEORIGIN
x-content-type-options: nosniff
x-xss-protection: 1; mode=block
CF-Cache-Status: DYNAMIC
set-cookie: wordpress_sec_e39c30ea93030240fdcfed1ddf385ba1=demouser3256089413%7C1686206348%7CAAvOUSZnpwkqOD1qAS2XU3GxK6MU97JyDEGlSg0kL3H%7C3f17ca824222d3c7d993d5c14adeece691587140dc82bc74429de2a4bcb37292; expires=Thu, 08-Jun-2023 18:39:08 GMT; Max-Age=1252800; path=/wp-admin; secure; HttpOnly
set-cookie: wordpress_logged_in_e39c30ea93030240fdcfed1ddf385ba1=demouser3256089413%7C1686206348%7CAAvOUSZnpwkqOD1qAS2XU3GxK6MU97JyDEGlSg0kL3H%7Cc47e3d4cebc2f2c6f78016e86347d52d83c073942587736e86045c69863eed9f; expires=Thu, 08-Jun-2023 18:39:08 GMT; Max-Age=1252800; path=/; secure; HttpOnly
Report-To: {"endpoints":[{"url":"https:\/\/a.nel.cloudflare.com\/report\/v3?s=uSik0PGESjZVYT%2FBL6KrrJYVqLQirE%2BIS92LP6wp9Mkf3A3JXGG2NlURZ4u9uuCIQUz4ntcvZ3bg37YeEixblnfwFthq%2Fu72GPU%2FASnsHeKByqO19Pzws8B%2FcuoRyPw%3D"}],"group":"cf-nel","max_age":604800}
NEL: {"success_fraction":0,"report_to":"cf-nel","max_age":604800}
Server: cloudflare
CF-RAY: 7ccbc78c7a4c8537-BOM
alt-svc: h3=":443"; ma=86400, h3-29=":443"; ma=86400
Request method:	POST
Request URI:	https://askomdch.com/?wc-ajax=add_to_cart
Proxy:			<none>
Request params:	<none>
Query params:	<none>
Form params:	product_sku=
				quantity=1
				product_id=1215
Path params:	<none>
Headers:		Accept=*/*
				Content-Type=application/x-www-form-urlencoded; charset=ISO-8859-1
Cookies:		<none>
Multiparts:		<none>
Body:			<none>
HTTP/1.1 200 OK
Date: Thu, 25 May 2023 06:39:09 GMT
Content-Type: application/json; charset=UTF-8
Transfer-Encoding: chunked
Connection: keep-alive
vary: Accept-Encoding
x-content-type-options: nosniff
x-content-type-options: nosniff
x-robots-tag: noindex
set-cookie: woocommerce_items_in_cart=1; path=/
expires: Wed, 11 Jan 1984 05:00:00 GMT
Cache-Control: no-cache, must-revalidate, max-age=0
strict-transport-security: max-age=63072000
x-frame-options: SAMEORIGIN
x-xss-protection: 1; mode=block
Content-Encoding: gzip
CF-Cache-Status: DYNAMIC
set-cookie: woocommerce_cart_hash=42e65b245308ba4f486b61612707a993; path=/
set-cookie: wp_woocommerce_session_e39c30ea93030240fdcfed1ddf385ba1=t_77b4495f6b86ddd4191f5a014edff7%7C%7C1685169549%7C%7C1685165949%7C%7C455abba7cf5584efc00a3ed68f9eb766; expires=Sat, 27-May-2023 06:39:09 GMT; Max-Age=172800; path=/; secure; HttpOnly
set-cookie: woocommerce_items_in_cart=1; path=/
set-cookie: woocommerce_cart_hash=077edd270071e91cf806e27ea69d99f4; path=/
set-cookie: wp_woocommerce_session_e39c30ea93030240fdcfed1ddf385ba1=t_77b4495f6b86ddd4191f5a014edff7%7C%7C1685169549%7C%7C1685165949%7C%7C455abba7cf5584efc00a3ed68f9eb766; expires=Sat, 27-May-2023 06:39:09 GMT; Max-Age=172800; path=/; secure; HttpOnly
Report-To: {"endpoints":[{"url":"https:\/\/a.nel.cloudflare.com\/report\/v3?s=83kpAvZFfyqVld2uWfrYpINBXmy3URG1wFab23ms%2FIMg9FnleHe8WsmsDNOAZQXl27Vowe4r4riMihn8%2BG2gPSPhAkQBrp7nrXt8Oa7OGw9lZWJBU3tpP4RomBpiyto%3D"}],"group":"cf-nel","max_age":604800}
NEL: {"success_fraction":0,"report_to":"cf-nel","max_age":604800}
Server: cloudflare
CF-RAY: 7ccbc7918a788495-BOM
alt-svc: h3=":443"; ma=86400, h3-29=":443"; ma=86400

{
    "fragments": {
        "div.widget_shopping_cart_content": "<div class=\"widget_shopping_cart_content\">\n\n\t<ul class=\"woocommerce-mini-cart cart_list product_list_widget \">\n\t\t\t\t\t\t<li class=\"woocommerce-mini-cart-item mini_cart_item\">\n\t\t\t\t\t<a href=\"https://askomdch.com/cart/?remove_item=a4d2f0d23dcc84ce983ff9157f8b7f88&#038;_wpnonce=7fdc2807a3\" class=\"remove remove_from_cart_button\" aria-label=\"Remove this item\" data-product_id=\"1215\" data-cart_item_key=\"a4d2f0d23dcc84ce983ff9157f8b7f88\" data-product_sku=\"\">&times;</a>\t\t\t\t\t\t\t\t\t\t\t<a href=\"https://askomdch.com/product/blue-shoes/\">\n\t\t\t\t\t\t\t<img width=\"300\" height=\"300\" src=\"https://askomdch.com/wp-content/uploads/2021/06/pro-14-300x300.jpg\" class=\"attachment-woocommerce_thumbnail size-woocommerce_thumbnail\" alt=\"\" srcset=\"https://askomdch.com/wp-content/uploads/2021/06/pro-14-300x300.jpg 300w, https://askomdch.com/wp-content/uploads/2021/06/pro-14-150x150.jpg 150w, https://askomdch.com/wp-content/uploads/2021/06/pro-14-100x100.jpg 100w, https://askomdch.com/wp-content/uploads/2021/06/pro-14.jpg 600w\" sizes=\"(max-width: 300px) 100vw, 300px\" />Blue Shoes\t\t\t\t\t\t</a>\n\t\t\t\t\t\t\t\t\t\t\t\t\t\t\t<span class=\"quantity\">1 &times; <span class=\"woocommerce-Price-amount amount\"><bdi><span class=\"woocommerce-Price-currencySymbol\">&#36;</span>45.00</bdi></span></span>\t\t\t\t</li>\n\t\t\t\t\t</ul>\n\n\t<p class=\"woocommerce-mini-cart__total total\">\n\t\t<strong>Subtotal:</strong> <span class=\"woocommerce-Price-amount amount\"><bdi><span class=\"woocommerce-Price-currencySymbol\">&#36;</span>45.00</bdi></span>\t</p>\n\n\t\n\t<p class=\"woocommerce-mini-cart__buttons buttons\"><a href=\"https://askomdch.com/cart/\" class=\"button wc-forward\">View cart</a><a href=\"https://askomdch.com/checkout/\" class=\"button checkout wc-forward\">Checkout</a></p>\n\n\t\n\n</div>",
        "a.cart-container": "\t\t\t<a class=\"cart-container\" href=\"https://askomdch.com/cart/\" title=\"View your shopping cart\">\r\n\r\n\t\t\t\t\t\t\t\t\t\t\t\t\t<div class=\"ast-cart-menu-wrap\">\r\n\t\t\t\t\t\t\t\t<span class=\"count\">\r\n\t\t\t\t\t\t\t\t\t1\t\t\t\t\t\t\t\t</span>\r\n\t\t\t\t\t\t\t</div>\r\n\t\t\t\t\t\t\t\t\t\t</a>\r\n\t\t\t"
    },
    "cart_hash": "077edd270071e91cf806e27ea69d99f4"
}
woocommerce_items_in_cart=1; path=/
woocommerce_cart_hash=42e65b245308ba4f486b61612707a993; path=/
wp_woocommerce_session_e39c30ea93030240fdcfed1ddf385ba1=t_77b4495f6b86ddd4191f5a014edff7%7C%7C1685169549%7C%7C1685165949%7C%7C455abba7cf5584efc00a3ed68f9eb766; expires=Sat, 27 May 2023 12:09:09 IST; path=/;secure;
woocommerce_items_in_cart=1; path=/
woocommerce_cart_hash=077edd270071e91cf806e27ea69d99f4; path=/
wp_woocommerce_session_e39c30ea93030240fdcfed1ddf385ba1=t_77b4495f6b86ddd4191f5a014edff7%7C%7C1685169549%7C%7C1685165949%7C%7C455abba7cf5584efc00a3ed68f9eb766; expires=Sat, 27 May 2023 12:09:09 IST; path=/;secure;
]]></system-out>
    <system-err><![CDATA[1684996739109	RemoteAgent	INFO	Perform WebSocket upgrade for incoming connection from 127.0.0.1:62165
1684996739114	CDP	WARN	Invalid browser preferences for CDP. Set "fission.webContentIsolationStrategy"to 0 and "fission.bfcacheInParent" to false before Firefox starts.
1684996739120	Marionette	INFO	Stopped listening on port 62127
[Child 1864, Main Thread] WARNING: JSWindowActorChild::SendRawMessage (Conduits, ConduitClosed) not sent: !CanSend() || !mManager || !mManager->CanSend(): file /builds/worker/checkouts/gecko/dom/ipc/jsactor/JSWindowActorChild.cpp:57
[Child 1864, Main Thread] WARNING: JSWindowActorChild::SendRawMessage (Conduits, ConduitClosed) not sent: !CanSend() || !mManager || !mManager->CanSend(): file /builds/worker/checkouts/gecko/dom/ipc/jsactor/JSWindowActorChild.cpp:57
[Child 1864, Main Thread] WARNING: JSWindowActorChild::SendRawMessage (Conduits, ConduitClosed) not sent: !CanSend() || !mManager || !mManager->CanSend(): file /builds/worker/checkouts/gecko/dom/ipc/jsactor/JSWindowActorChild.cpp:57
[Child 1864, Main Thread] WARNING: JSWindowActorChild::SendRawMessage (Conduits, ConduitClosed) not sent: !CanSend() || !mManager || !mManager->CanSend(): file /builds/worker/checkouts/gecko/dom/ipc/jsactor/JSWindowActorChild.cpp:57
[Child 1864, Main Thread] WARNING: JSWindowActorChild::SendRawMessage (Conduits, ConduitClosed) not sent: !CanSend() || !mManager || !mManager->CanSend(): file /builds/worker/checkouts/gecko/dom/ipc/jsactor/JSWindowActorChild.cpp:57
[Child 1864, Main Thread] WARNING: JSWindowActorChild::SendRawMessage (Conduits, ConduitClosed) not sent: !CanSend() || !mManager || !mManager->CanSend(): file /builds/worker/checkouts/gecko/dom/ipc/jsactor/JSWindowActorChild.cpp:57
[Child 1864, Main Thread] WARNING: JSWindowActorChild::SendRawMessage (Conduits, ConduitClosed) not sent: !CanSend() || !mManager || !mManager->CanSend(): file /builds/worker/checkouts/gecko/dom/ipc/jsactor/JSWindowActorChild.cpp:57
[Child 1864, Main Thread] WARNING: JSWindowActorChild::SendRawMessage (Conduits, ConduitClosed) not sent: !CanSend() || !mManager || !mManager->CanSend(): file /builds/worker/checkouts/gecko/dom/ipc/jsactor/JSWindowActorChild.cpp:57
Dynamically enable window occlusion 1
!!! error running onStopped callback: TypeError: callback is not a function
WARNING: A blocker encountered an error while we were waiting.
          Blocker:  Waiting for ping task
          Phase: TelemetryController: Waiting for pending ping activity
          State: (none)
WARNING: Error: Phase "profile-before-change" is finished, it is too late to register completion condition "OS.File: flush I/O queued before profileBeforeChange"
WARNING: addBlocker@resource://gre/modules/AsyncShutdown.sys.mjs:727:15
addBlocker@resource://gre/modules/AsyncShutdown.sys.mjs:523:26
addBlocker@resource://gre/modules/AsyncShutdown.sys.mjs:458:15
setupShutdown@resource://gre/modules/osfile/osfile_async_front.jsm:1548:28
@resource://gre/modules/osfile/osfile_async_front.jsm:1568:16
@resource://gre/modules/osfile.jsm:12:30
@resource://gre/modules/TelemetryStorage.sys.mjs:10:28
_checkPendingPings@resource://gre/modules/TelemetrySend.sys.mjs:859:17
setup@resource://gre/modules/TelemetrySend.sys.mjs:799:18
setup@resource://gre/modules/TelemetrySend.sys.mjs:237:30
setupTelemetry/this._delayedInitTask<@resource://gre/modules/TelemetryControllerParent.sys.mjs:824:36
observe@resource://gre/modules/AsyncShutdown.sys.mjs:576:16

console.error: "TelemetryScheduler.shutdown - Already shut down"
WARNING: A blocker encountered an error while we were waiting.
          Blocker:  Waiting for ping task
          Phase: TelemetryController: Waiting for pending ping activity
          State: (none)
WARNING: Error: Phase "profile-before-change" is finished, it is too late to register completion condition "OS.File: flush I/O queued before profileBeforeChange"
WARNING: addBlocker@resource://gre/modules/AsyncShutdown.sys.mjs:727:15
addBlocker@resource://gre/modules/AsyncShutdown.sys.mjs:523:26
addBlocker@resource://gre/modules/AsyncShutdown.sys.mjs:458:15
setupShutdown@resource://gre/modules/osfile/osfile_async_front.jsm:1548:28
@resource://gre/modules/osfile/osfile_async_front.jsm:1568:16
@resource://gre/modules/osfile.jsm:12:30
@resource://gre/modules/TelemetryStorage.sys.mjs:10:28
_checkPendingPings@resource://gre/modules/TelemetrySend.sys.mjs:859:17
setup@resource://gre/modules/TelemetrySend.sys.mjs:799:18
setup@resource://gre/modules/TelemetrySend.sys.mjs:237:30
setupTelemetry/this._delayedInitTask<@resource://gre/modules/TelemetryControllerParent.sys.mjs:824:36
observe@resource://gre/modules/AsyncShutdown.sys.mjs:576:16

WARNING: A blocker encountered an error while we were waiting.
          Blocker:  Waiting for ping task
          Phase: TelemetryController: Waiting for pending ping activity
          State: (none)
WARNING: Error: Phase "profile-before-change" is finished, it is too late to register completion condition "OS.File: flush I/O queued before profileBeforeChange"
WARNING: addBlocker@resource://gre/modules/AsyncShutdown.sys.mjs:727:15
addBlocker@resource://gre/modules/AsyncShutdown.sys.mjs:523:26
addBlocker@resource://gre/modules/AsyncShutdown.sys.mjs:458:15
setupShutdown@resource://gre/modules/osfile/osfile_async_front.jsm:1548:28
@resource://gre/modules/osfile/osfile_async_front.jsm:1568:16
@resource://gre/modules/osfile.jsm:12:30
@resource://gre/modules/TelemetryStorage.sys.mjs:10:28
_checkPendingPings@resource://gre/modules/TelemetrySend.sys.mjs:859:17
setup@resource://gre/modules/TelemetrySend.sys.mjs:799:18
setup@resource://gre/modules/TelemetrySend.sys.mjs:237:30
setupTelemetry/this._delayedInitTask<@resource://gre/modules/TelemetryControllerParent.sys.mjs:824:36
observe@resource://gre/modules/AsyncShutdown.sys.mjs:576:16

WARNING: A blocker encountered an error while we were waiting.
          Blocker:  TelemetryController: shutting down
          Phase: profile-before-change-telemetry
          State: Error getting state: Error: Phase "profile-before-change" is finished, it is too late to register completion condition "OS.File: flush I/O queued before profileBeforeChange" at addBlocker@resource://gre/modules/AsyncShutdown.sys.mjs:727:15
addBlocker@resource://gre/modules/AsyncShutdown.sys.mjs:523:26
addBlocker@resource://gre/modules/AsyncShutdown.sys.mjs:458:15
setupShutdown@resource://gre/modules/osfile/osfile_async_front.jsm:1548:28
@resource://gre/modules/osfile/osfile_async_front.jsm:1568:16
@resource://gre/modules/osfile.jsm:12:30
@resource://gre/modules/TelemetryStorage.sys.mjs:10:28
_checkPendingPings@resource://gre/modules/TelemetrySend.sys.mjs:859:17
setup@resource://gre/modules/TelemetrySend.sys.mjs:799:18
setup@resource://gre/modules/TelemetrySend.sys.mjs:237:30
setupTelemetry/this._delayedInitTask<@resource://gre/modules/TelemetryControllerParent.sys.mjs:824:36
observe@resource://gre/modules/AsyncShutdown.sys.mjs:576:16

WARNING: Error: Phase "profile-before-change" is finished, it is too late to register completion condition "OS.File: flush I/O queued before profileBeforeChange"
WARNING: addBlocker@resource://gre/modules/AsyncShutdown.sys.mjs:727:15
addBlocker@resource://gre/modules/AsyncShutdown.sys.mjs:523:26
addBlocker@resource://gre/modules/AsyncShutdown.sys.mjs:458:15
setupShutdown@resource://gre/modules/osfile/osfile_async_front.jsm:1548:28
@resource://gre/modules/osfile/osfile_async_front.jsm:1568:16
@resource://gre/modules/osfile.jsm:12:30
@resource://gre/modules/TelemetryStorage.sys.mjs:10:28
_checkPendingPings@resource://gre/modules/TelemetrySend.sys.mjs:859:17
setup@resource://gre/modules/TelemetrySend.sys.mjs:799:18
setup@resource://gre/modules/TelemetrySend.sys.mjs:237:30
setupTelemetry/this._delayedInitTask<@resource://gre/modules/TelemetryControllerParent.sys.mjs:824:36
observe@resource://gre/modules/AsyncShutdown.sys.mjs:576:16

JavaScript error: resource://gre/modules/AsyncShutdown.sys.mjs, line 727: Error: Phase "profile-before-change" is finished, it is too late to register completion condition "OS.File: flush I/O queued before profileBeforeChange"
JavaScript error: resource://gre/modules/AsyncShutdown.sys.mjs, line 727: Error: Phase "profile-before-change" is finished, it is too late to register completion condition "OS.File: flush I/O queued before profileBeforeChange"
JavaScript error: resource://gre/modules/AsyncShutdown.sys.mjs, line 727: Error: Phase "profile-before-change" is finished, it is too late to register completion condition "OS.File: flush I/O queued before profileBeforeChange"
JavaScript error: resource://gre/modules/AsyncShutdown.sys.mjs, line 727: Error: Phase "profile-before-change" is finished, it is too late to register completion condition "OS.File: flush I/O queued before profileBeforeChange"
JavaScript error: resource://gre/modules/AsyncShutdown.sys.mjs, line 727: Error: Phase "profile-before-change" is finished, it is too late to register completion condition "OS.File: flush I/O queued before profileBeforeChange"
JavaScript error: resource://gre/modules/AsyncShutdown.sys.mjs, line 727: Error: Phase "profile-before-change" is finished, it is too late to register completion condition "OS.File: flush I/O queued before profileBeforeChange"
1684996741921	geckodriver	INFO	Listening on 127.0.0.1:48005
1684996741944	mozrunner::runner	INFO	Running command: "C:\\Program Files\\Mozilla Firefox\\firefox.exe" "--marionette" "--remote-debugging-port" "24781" "--remote ... ocalhost:24781/,http://[::1]:24781/" "-no-remote" "-profile" "C:\\Users\\LENOVO\\AppData\\Local\\Temp\\rust_mozprofile5rsKrm"
console.warn: services.settings: Ignoring preference override of remote settings server
console.warn: services.settings: Allow by setting MOZ_REMOTE_SETTINGS_DEVTOOLS=1 in the environment
1684996742672	Marionette	INFO	Marionette enabled
Dynamically enable window occlusion 0
1684996742679	Marionette	INFO	Listening on port 62170
Read port: 62170
WebDriver BiDi listening on ws://127.0.0.1:24781
1684996742956	RemoteAgent	WARN	TLS certificate errors will be ignored for this session
[ERROR glean_core] Error setting metrics feature config: Json(Error("EOF while parsing a value", line: 1, column: 0))
DevTools listening on ws://127.0.0.1:24781/devtools/browser/427c9cfc-a06a-4d81-9a8a-5905b3fd3f42
console.warn: LoginRecipes: "Falling back to a synchronous message for: https://askomdch.com."
console.warn: LoginRecipes: "Falling back to a synchronous message for: https://askomdch.com."
]]></system-err>
  </testcase>
  <testcase name="guestCheckoutUsingDirectBankTransfer" classname="org.selenium.pom.tests.MyFirstTestCase" time="17.925">
    <system-out><![CDATA[CURRENT THREAD 21 , DRIVER = FirefoxDriver: firefox on WINDOWS (167a16f1-57af-4a58-8443-107f19b9ba9a)
CURRENT THREAD 21 , DRIVER = FirefoxDriver: firefox on WINDOWS (439df2ed-2d6b-4134-b610-28ea793e7593)
direct bank transfer
OVERLAY SIZE2
OVERLAYS INVISIBLE
]]></system-out>
    <system-err><![CDATA[1684996759306	RemoteAgent	INFO	Perform WebSocket upgrade for incoming connection from 127.0.0.1:62210
1684996759311	CDP	WARN	Invalid browser preferences for CDP. Set "fission.webContentIsolationStrategy"to 0 and "fission.bfcacheInParent" to false before Firefox starts.
1684996759315	Marionette	INFO	Stopped listening on port 62170
[Child 3372, Main Thread] WARNING: JSWindowActorChild::SendRawMessage (Conduits, ConduitClosed) not sent: !CanSend() || !mManager || !mManager->CanSend(): file /builds/worker/checkouts/gecko/dom/ipc/jsactor/JSWindowActorChild.cpp:57
[Child 3372, Main Thread] WARNING: JSWindowActorChild::SendRawMessage (Conduits, ConduitClosed) not sent: !CanSend() || !mManager || !mManager->CanSend(): file /builds/worker/checkouts/gecko/dom/ipc/jsactor/JSWindowActorChild.cpp:57
[Child 3372, Main Thread] WARNING: JSWindowActorChild::SendRawMessage (Conduits, ConduitClosed) not sent: !CanSend() || !mManager || !mManager->CanSend(): file /builds/worker/checkouts/gecko/dom/ipc/jsactor/JSWindowActorChild.cpp:57
[Child 3372, Main Thread] WARNING: JSWindowActorChild::SendRawMessage (Conduits, ConduitClosed) not sent: !CanSend() || !mManager || !mManager->CanSend(): file /builds/worker/checkouts/gecko/dom/ipc/jsactor/JSWindowActorChild.cpp:57
[Child 3372, Main Thread] WARNING: JSWindowActorChild::SendRawMessage (Conduits, ConduitClosed) not sent: !CanSend() || !mManager || !mManager->CanSend(): file /builds/worker/checkouts/gecko/dom/ipc/jsactor/JSWindowActorChild.cpp:57
[Child 3372, Main Thread] WARNING: JSWindowActorChild::SendRawMessage (Conduits, ConduitClosed) not sent: !CanSend() || !mManager || !mManager->CanSend(): file /builds/worker/checkouts/gecko/dom/ipc/jsactor/JSWindowActorChild.cpp:57
[Child 3372, Main Thread] WARNING: JSWindowActorChild::SendRawMessage (Conduits, ConduitClosed) not sent: !CanSend() || !mManager || !mManager->CanSend(): file /builds/worker/checkouts/gecko/dom/ipc/jsactor/JSWindowActorChild.cpp:57
[Child 3372, Main Thread] WARNING: JSWindowActorChild::SendRawMessage (Conduits, ConduitClosed) not sent: !CanSend() || !mManager || !mManager->CanSend(): file /builds/worker/checkouts/gecko/dom/ipc/jsactor/JSWindowActorChild.cpp:57
Dynamically enable window occlusion 1
!!! error running onStopped callback: TypeError: callback is not a function
WARNING: A blocker encountered an error while we were waiting.
          Blocker:  Waiting for ping task
          Phase: TelemetryController: Waiting for pending ping activity
          State: (none)
WARNING: Error: Phase "profile-before-change" is finished, it is too late to register completion condition "OS.File: flush I/O queued before profileBeforeChange"
WARNING: addBlocker@resource://gre/modules/AsyncShutdown.sys.mjs:727:15
addBlocker@resource://gre/modules/AsyncShutdown.sys.mjs:523:26
addBlocker@resource://gre/modules/AsyncShutdown.sys.mjs:458:15
setupShutdown@resource://gre/modules/osfile/osfile_async_front.jsm:1548:28
@resource://gre/modules/osfile/osfile_async_front.jsm:1568:16
@resource://gre/modules/osfile.jsm:12:30
@resource://gre/modules/TelemetryStorage.sys.mjs:10:28
_checkPendingPings@resource://gre/modules/TelemetrySend.sys.mjs:859:17
setup@resource://gre/modules/TelemetrySend.sys.mjs:799:18
setup@resource://gre/modules/TelemetrySend.sys.mjs:237:30
setupTelemetry/this._delayedInitTask<@resource://gre/modules/TelemetryControllerParent.sys.mjs:824:36
observe@resource://gre/modules/AsyncShutdown.sys.mjs:576:16

console.error: "TelemetryScheduler.shutdown - Already shut down"
WARNING: A blocker encountered an error while we were waiting.
          Blocker:  Waiting for ping task
          Phase: TelemetryController: Waiting for pending ping activity
          State: (none)
WARNING: Error: Phase "profile-before-change" is finished, it is too late to register completion condition "OS.File: flush I/O queued before profileBeforeChange"
WARNING: addBlocker@resource://gre/modules/AsyncShutdown.sys.mjs:727:15
addBlocker@resource://gre/modules/AsyncShutdown.sys.mjs:523:26
addBlocker@resource://gre/modules/AsyncShutdown.sys.mjs:458:15
setupShutdown@resource://gre/modules/osfile/osfile_async_front.jsm:1548:28
@resource://gre/modules/osfile/osfile_async_front.jsm:1568:16
@resource://gre/modules/osfile.jsm:12:30
@resource://gre/modules/TelemetryStorage.sys.mjs:10:28
_checkPendingPings@resource://gre/modules/TelemetrySend.sys.mjs:859:17
setup@resource://gre/modules/TelemetrySend.sys.mjs:799:18
setup@resource://gre/modules/TelemetrySend.sys.mjs:237:30
setupTelemetry/this._delayedInitTask<@resource://gre/modules/TelemetryControllerParent.sys.mjs:824:36
observe@resource://gre/modules/AsyncShutdown.sys.mjs:576:16

WARNING: A blocker encountered an error while we were waiting.
          Blocker:  Waiting for ping task
          Phase: TelemetryController: Waiting for pending ping activity
          State: (none)
WARNING: Error: Phase "profile-before-change" is finished, it is too late to register completion condition "OS.File: flush I/O queued before profileBeforeChange"
WARNING: addBlocker@resource://gre/modules/AsyncShutdown.sys.mjs:727:15
addBlocker@resource://gre/modules/AsyncShutdown.sys.mjs:523:26
addBlocker@resource://gre/modules/AsyncShutdown.sys.mjs:458:15
setupShutdown@resource://gre/modules/osfile/osfile_async_front.jsm:1548:28
@resource://gre/modules/osfile/osfile_async_front.jsm:1568:16
@resource://gre/modules/osfile.jsm:12:30
@resource://gre/modules/TelemetryStorage.sys.mjs:10:28
_checkPendingPings@resource://gre/modules/TelemetrySend.sys.mjs:859:17
setup@resource://gre/modules/TelemetrySend.sys.mjs:799:18
setup@resource://gre/modules/TelemetrySend.sys.mjs:237:30
setupTelemetry/this._delayedInitTask<@resource://gre/modules/TelemetryControllerParent.sys.mjs:824:36
observe@resource://gre/modules/AsyncShutdown.sys.mjs:576:16

WARNING: A blocker encountered an error while we were waiting.
          Blocker:  TelemetryController: shutting down
          Phase: profile-before-change-telemetry
          State: Error getting state: Error: Phase "profile-before-change" is finished, it is too late to register completion condition "OS.File: flush I/O queued before profileBeforeChange" at addBlocker@resource://gre/modules/AsyncShutdown.sys.mjs:727:15
addBlocker@resource://gre/modules/AsyncShutdown.sys.mjs:523:26
addBlocker@resource://gre/modules/AsyncShutdown.sys.mjs:458:15
setupShutdown@resource://gre/modules/osfile/osfile_async_front.jsm:1548:28
@resource://gre/modules/osfile/osfile_async_front.jsm:1568:16
@resource://gre/modules/osfile.jsm:12:30
@resource://gre/modules/TelemetryStorage.sys.mjs:10:28
_checkPendingPings@resource://gre/modules/TelemetrySend.sys.mjs:859:17
setup@resource://gre/modules/TelemetrySend.sys.mjs:799:18
setup@resource://gre/modules/TelemetrySend.sys.mjs:237:30
setupTelemetry/this._delayedInitTask<@resource://gre/modules/TelemetryControllerParent.sys.mjs:824:36
observe@resource://gre/modules/AsyncShutdown.sys.mjs:576:16

WARNING: Error: Phase "profile-before-change" is finished, it is too late to register completion condition "OS.File: flush I/O queued before profileBeforeChange"
WARNING: addBlocker@resource://gre/modules/AsyncShutdown.sys.mjs:727:15
addBlocker@resource://gre/modules/AsyncShutdown.sys.mjs:523:26
addBlocker@resource://gre/modules/AsyncShutdown.sys.mjs:458:15
setupShutdown@resource://gre/modules/osfile/osfile_async_front.jsm:1548:28
@resource://gre/modules/osfile/osfile_async_front.jsm:1568:16
@resource://gre/modules/osfile.jsm:12:30
@resource://gre/modules/TelemetryStorage.sys.mjs:10:28
_checkPendingPings@resource://gre/modules/TelemetrySend.sys.mjs:859:17
setup@resource://gre/modules/TelemetrySend.sys.mjs:799:18
setup@resource://gre/modules/TelemetrySend.sys.mjs:237:30
setupTelemetry/this._delayedInitTask<@resource://gre/modules/TelemetryControllerParent.sys.mjs:824:36
observe@resource://gre/modules/AsyncShutdown.sys.mjs:576:16

JavaScript error: resource://gre/modules/AsyncShutdown.sys.mjs, line 727: Error: Phase "profile-before-change" is finished, it is too late to register completion condition "OS.File: flush I/O queued before profileBeforeChange"
JavaScript error: resource://gre/modules/AsyncShutdown.sys.mjs, line 727: Error: Phase "profile-before-change" is finished, it is too late to register completion condition "OS.File: flush I/O queued before profileBeforeChange"
JavaScript error: resource://gre/modules/AsyncShutdown.sys.mjs, line 727: Error: Phase "profile-before-change" is finished, it is too late to register completion condition "OS.File: flush I/O queued before profileBeforeChange"
JavaScript error: resource://gre/modules/AsyncShutdown.sys.mjs, line 727: Error: Phase "profile-before-change" is finished, it is too late to register completion condition "OS.File: flush I/O queued before profileBeforeChange"
JavaScript error: resource://gre/modules/AsyncShutdown.sys.mjs, line 727: Error: Phase "profile-before-change" is finished, it is too late to register completion condition "OS.File: flush I/O queued before profileBeforeChange"
JavaScript error: resource://gre/modules/AsyncShutdown.sys.mjs, line 727: Error: Phase "profile-before-change" is finished, it is too late to register completion condition "OS.File: flush I/O queued before profileBeforeChange"
1684996761626	geckodriver	INFO	Listening on 127.0.0.1:19874
1684996761651	mozrunner::runner	INFO	Running command: "C:\\Program Files\\Mozilla Firefox\\firefox.exe" "--marionette" "--remote-debugging-port" "6511" "--remote- ... /localhost:6511/,http://[::1]:6511/" "-no-remote" "-profile" "C:\\Users\\LENOVO\\AppData\\Local\\Temp\\rust_mozprofile9PHQSm"
console.warn: services.settings: Ignoring preference override of remote settings server
console.warn: services.settings: Allow by setting MOZ_REMOTE_SETTINGS_DEVTOOLS=1 in the environment
1684996762459	Marionette	INFO	Marionette enabled
Dynamically enable window occlusion 0
1684996762466	Marionette	INFO	Listening on port 62215
Read port: 62215
WebDriver BiDi listening on ws://127.0.0.1:6511
1684996762769	RemoteAgent	WARN	TLS certificate errors will be ignored for this session
[ERROR glean_core] Error setting metrics feature config: Json(Error("EOF while parsing a value", line: 1, column: 0))
DevTools listening on ws://127.0.0.1:6511/devtools/browser/7f64fcf8-35cb-4305-8541-18ce76aef23b
console.warn: LoginRecipes: "Falling back to a synchronous message for: https://askomdch.com."
JavaScript error: resource://gre/modules/XULStore.sys.mjs, line 58: Error: Can't find profile directory.
JavaScript error: resource://gre/modules/XULStore.sys.mjs, line 58: Error: Can't find profile directory.
1684996776053	Marionette	WARN	TimedPromise timed out after 500 ms: stacktrace:
TimedPromise/<@chrome://remote/content/marionette/sync.sys.mjs:221:24
TimedPromise@chrome://remote/content/marionette/sync.sys.mjs:205:10
interaction.flushEventLoop@chrome://remote/content/marionette/interaction.sys.mjs:424:10
webdriverClickElement@chrome://remote/content/marionette/interaction.sys.mjs:173:31
1684996777355	Marionette	WARN	TimedPromise timed out after 500 ms: stacktrace:
TimedPromise/<@chrome://remote/content/marionette/sync.sys.mjs:221:24
TimedPromise@chrome://remote/content/marionette/sync.sys.mjs:205:10
interaction.flushEventLoop@chrome://remote/content/marionette/interaction.sys.mjs:424:10
webdriverClickElement@chrome://remote/content/marionette/interaction.sys.mjs:173:31
console.warn: FormAutofillHandler: isRecordCreatable: Country not supported: IN
console.warn: LoginRecipes: "Falling back to a synchronous message for: https://askomdch.com."
console.warn: LoginRecipes: "Falling back to a synchronous message for: https://askomdch.com."
console.warn: LoginRecipes: "Falling back to a synchronous message for: https://askomdch.com."
console.warn: LoginRecipes: "Falling back to a synchronous message for: https://askomdch.com."
]]></system-err>
  </testcase>
  <testcase name="NavigateFromHomeToStoreUsingMainMenu" classname="org.selenium.pom.tests.NavigationTest" time="1.908">
    <system-out><![CDATA[CURRENT THREAD 21 , DRIVER = FirefoxDriver: firefox on WINDOWS (439df2ed-2d6b-4134-b610-28ea793e7593)
CURRENT THREAD 21 , DRIVER = FirefoxDriver: firefox on WINDOWS (1b513f88-ba78-458f-90fa-51420beedf8e)
]]></system-out>
    <system-err><![CDATA[1684996784324	RemoteAgent	INFO	Perform WebSocket upgrade for incoming connection from 127.0.0.1:62251
1684996784336	CDP	WARN	Invalid browser preferences for CDP. Set "fission.webContentIsolationStrategy"to 0 and "fission.bfcacheInParent" to false before Firefox starts.
1684996784348	Marionette	INFO	Stopped listening on port 62215
[Child 13604, Main Thread] WARNING: JSWindowActorChild::SendRawMessage (Conduits, ConduitClosed) not sent: !CanSend() || !mManager || !mManager->CanSend(): file /builds/worker/checkouts/gecko/dom/ipc/jsactor/JSWindowActorChild.cpp:57
[Child 13604, Main Thread] WARNING: JSWindowActorChild::SendRawMessage (Conduits, ConduitClosed) not sent: !CanSend() || !mManager || !mManager->CanSend(): file /builds/worker/checkouts/gecko/dom/ipc/jsactor/JSWindowActorChild.cpp:57
[Child 13604, Main Thread] WARNING: JSWindowActorChild::SendRawMessage (Conduits, ConduitClosed) not sent: !CanSend() || !mManager || !mManager->CanSend(): file /builds/worker/checkouts/gecko/dom/ipc/jsactor/JSWindowActorChild.cpp:57
[Child 13604, Main Thread] WARNING: JSWindowActorChild::SendRawMessage (Conduits, ConduitClosed) not sent: !CanSend() || !mManager || !mManager->CanSend(): file /builds/worker/checkouts/gecko/dom/ipc/jsactor/JSWindowActorChild.cpp:57
[Child 13604, Main Thread] WARNING: JSWindowActorChild::SendRawMessage (Conduits, ConduitClosed) not sent: !CanSend() || !mManager || !mManager->CanSend(): file /builds/worker/checkouts/gecko/dom/ipc/jsactor/JSWindowActorChild.cpp:57
[Child 13604, Main Thread] WARNING: JSWindowActorChild::SendRawMessage (Conduits, ConduitClosed) not sent: !CanSend() || !mManager || !mManager->CanSend(): file /builds/worker/checkouts/gecko/dom/ipc/jsactor/JSWindowActorChild.cpp:57
[Child 13604, Main Thread] WARNING: JSWindowActorChild::SendRawMessage (Conduits, ConduitClosed) not sent: !CanSend() || !mManager || !mManager->CanSend(): file /builds/worker/checkouts/gecko/dom/ipc/jsactor/JSWindowActorChild.cpp:57
[Child 13604, Main Thread] WARNING: JSWindowActorChild::SendRawMessage (Conduits, ConduitClosed) not sent: !CanSend() || !mManager || !mManager->CanSend(): file /builds/worker/checkouts/gecko/dom/ipc/jsactor/JSWindowActorChild.cpp:57
Dynamically enable window occlusion 1
!!! error running onStopped callback: TypeError: callback is not a function
WARNING: A blocker encountered an error while we were waiting.
          Blocker:  Waiting for ping task
          Phase: TelemetryController: Waiting for pending ping activity
          State: (none)
WARNING: Error: Phase "profile-before-change" is finished, it is too late to register completion condition "OS.File: flush I/O queued before profileBeforeChange"
WARNING: addBlocker@resource://gre/modules/AsyncShutdown.sys.mjs:727:15
addBlocker@resource://gre/modules/AsyncShutdown.sys.mjs:523:26
addBlocker@resource://gre/modules/AsyncShutdown.sys.mjs:458:15
setupShutdown@resource://gre/modules/osfile/osfile_async_front.jsm:1548:28
@resource://gre/modules/osfile/osfile_async_front.jsm:1568:16
@resource://gre/modules/osfile.jsm:12:30
@resource://gre/modules/TelemetryStorage.sys.mjs:10:28
_checkPendingPings@resource://gre/modules/TelemetrySend.sys.mjs:859:17
setup@resource://gre/modules/TelemetrySend.sys.mjs:799:18
setup@resource://gre/modules/TelemetrySend.sys.mjs:237:30
setupTelemetry/this._delayedInitTask<@resource://gre/modules/TelemetryControllerParent.sys.mjs:824:36
observe@resource://gre/modules/AsyncShutdown.sys.mjs:576:16

console.error: "TelemetryScheduler.shutdown - Already shut down"
WARNING: A blocker encountered an error while we were waiting.
          Blocker:  Waiting for ping task
          Phase: TelemetryController: Waiting for pending ping activity
          State: (none)
WARNING: Error: Phase "profile-before-change" is finished, it is too late to register completion condition "OS.File: flush I/O queued before profileBeforeChange"
WARNING: addBlocker@resource://gre/modules/AsyncShutdown.sys.mjs:727:15
addBlocker@resource://gre/modules/AsyncShutdown.sys.mjs:523:26
addBlocker@resource://gre/modules/AsyncShutdown.sys.mjs:458:15
setupShutdown@resource://gre/modules/osfile/osfile_async_front.jsm:1548:28
@resource://gre/modules/osfile/osfile_async_front.jsm:1568:16
@resource://gre/modules/osfile.jsm:12:30
@resource://gre/modules/TelemetryStorage.sys.mjs:10:28
_checkPendingPings@resource://gre/modules/TelemetrySend.sys.mjs:859:17
setup@resource://gre/modules/TelemetrySend.sys.mjs:799:18
setup@resource://gre/modules/TelemetrySend.sys.mjs:237:30
setupTelemetry/this._delayedInitTask<@resource://gre/modules/TelemetryControllerParent.sys.mjs:824:36
observe@resource://gre/modules/AsyncShutdown.sys.mjs:576:16

WARNING: A blocker encountered an error while we were waiting.
          Blocker:  Waiting for ping task
          Phase: TelemetryController: Waiting for pending ping activity
          State: (none)
WARNING: Error: Phase "profile-before-change" is finished, it is too late to register completion condition "OS.File: flush I/O queued before profileBeforeChange"
WARNING: addBlocker@resource://gre/modules/AsyncShutdown.sys.mjs:727:15
addBlocker@resource://gre/modules/AsyncShutdown.sys.mjs:523:26
addBlocker@resource://gre/modules/AsyncShutdown.sys.mjs:458:15
setupShutdown@resource://gre/modules/osfile/osfile_async_front.jsm:1548:28
@resource://gre/modules/osfile/osfile_async_front.jsm:1568:16
@resource://gre/modules/osfile.jsm:12:30
@resource://gre/modules/TelemetryStorage.sys.mjs:10:28
_checkPendingPings@resource://gre/modules/TelemetrySend.sys.mjs:859:17
setup@resource://gre/modules/TelemetrySend.sys.mjs:799:18
setup@resource://gre/modules/TelemetrySend.sys.mjs:237:30
setupTelemetry/this._delayedInitTask<@resource://gre/modules/TelemetryControllerParent.sys.mjs:824:36
observe@resource://gre/modules/AsyncShutdown.sys.mjs:576:16

WARNING: A blocker encountered an error while we were waiting.
          Blocker:  TelemetryController: shutting down
          Phase: profile-before-change-telemetry
          State: Error getting state: Error: Phase "profile-before-change" is finished, it is too late to register completion condition "OS.File: flush I/O queued before profileBeforeChange" at addBlocker@resource://gre/modules/AsyncShutdown.sys.mjs:727:15
addBlocker@resource://gre/modules/AsyncShutdown.sys.mjs:523:26
addBlocker@resource://gre/modules/AsyncShutdown.sys.mjs:458:15
setupShutdown@resource://gre/modules/osfile/osfile_async_front.jsm:1548:28
@resource://gre/modules/osfile/osfile_async_front.jsm:1568:16
@resource://gre/modules/osfile.jsm:12:30
@resource://gre/modules/TelemetryStorage.sys.mjs:10:28
_checkPendingPings@resource://gre/modules/TelemetrySend.sys.mjs:859:17
setup@resource://gre/modules/TelemetrySend.sys.mjs:799:18
setup@resource://gre/modules/TelemetrySend.sys.mjs:237:30
setupTelemetry/this._delayedInitTask<@resource://gre/modules/TelemetryControllerParent.sys.mjs:824:36
observe@resource://gre/modules/AsyncShutdown.sys.mjs:576:16

WARNING: Error: Phase "profile-before-change" is finished, it is too late to register completion condition "OS.File: flush I/O queued before profileBeforeChange"
WARNING: addBlocker@resource://gre/modules/AsyncShutdown.sys.mjs:727:15
addBlocker@resource://gre/modules/AsyncShutdown.sys.mjs:523:26
addBlocker@resource://gre/modules/AsyncShutdown.sys.mjs:458:15
setupShutdown@resource://gre/modules/osfile/osfile_async_front.jsm:1548:28
@resource://gre/modules/osfile/osfile_async_front.jsm:1568:16
@resource://gre/modules/osfile.jsm:12:30
@resource://gre/modules/TelemetryStorage.sys.mjs:10:28
_checkPendingPings@resource://gre/modules/TelemetrySend.sys.mjs:859:17
setup@resource://gre/modules/TelemetrySend.sys.mjs:799:18
setup@resource://gre/modules/TelemetrySend.sys.mjs:237:30
setupTelemetry/this._delayedInitTask<@resource://gre/modules/TelemetryControllerParent.sys.mjs:824:36
observe@resource://gre/modules/AsyncShutdown.sys.mjs:576:16

JavaScript error: resource://gre/modules/AsyncShutdown.sys.mjs, line 727: Error: Phase "profile-before-change" is finished, it is too late to register completion condition "OS.File: flush I/O queued before profileBeforeChange"
JavaScript error: resource://gre/modules/AsyncShutdown.sys.mjs, line 727: Error: Phase "profile-before-change" is finished, it is too late to register completion condition "OS.File: flush I/O queued before profileBeforeChange"
JavaScript error: resource://gre/modules/AsyncShutdown.sys.mjs, line 727: Error: Phase "profile-before-change" is finished, it is too late to register completion condition "OS.File: flush I/O queued before profileBeforeChange"
JavaScript error: resource://gre/modules/AsyncShutdown.sys.mjs, line 727: Error: Phase "profile-before-change" is finished, it is too late to register completion condition "OS.File: flush I/O queued before profileBeforeChange"
JavaScript error: resource://gre/modules/AsyncShutdown.sys.mjs, line 727: Error: Phase "profile-before-change" is finished, it is too late to register completion condition "OS.File: flush I/O queued before profileBeforeChange"
JavaScript error: resource://gre/modules/AsyncShutdown.sys.mjs, line 727: Error: Phase "profile-before-change" is finished, it is too late to register completion condition "OS.File: flush I/O queued before profileBeforeChange"
1684996787001	geckodriver	INFO	Listening on 127.0.0.1:21098
1684996787018	mozrunner::runner	INFO	Running command: "C:\\Program Files\\Mozilla Firefox\\firefox.exe" "--marionette" "--remote-debugging-port" "17650" "--remote ... ocalhost:17650/,http://[::1]:17650/" "-no-remote" "-profile" "C:\\Users\\LENOVO\\AppData\\Local\\Temp\\rust_mozprofileQgaa66"
console.warn: services.settings: Ignoring preference override of remote settings server
console.warn: services.settings: Allow by setting MOZ_REMOTE_SETTINGS_DEVTOOLS=1 in the environment
1684996787765	Marionette	INFO	Marionette enabled
Dynamically enable window occlusion 0
1684996787773	Marionette	INFO	Listening on port 62256
Read port: 62256
WebDriver BiDi listening on ws://127.0.0.1:17650
1684996788060	RemoteAgent	WARN	TLS certificate errors will be ignored for this session
[ERROR glean_core] Error setting metrics feature config: Json(Error("EOF while parsing a value", line: 1, column: 0))
DevTools listening on ws://127.0.0.1:17650/devtools/browser/f5262701-2aa1-4049-9529-590c56b08ea1
]]></system-err>
  </testcase>
  <testcase name="searchWithPartialMatch" classname="org.selenium.pom.tests.SearchTest" time="1.868">
    <system-out><![CDATA[CURRENT THREAD 21 , DRIVER = FirefoxDriver: firefox on WINDOWS (1b513f88-ba78-458f-90fa-51420beedf8e)
CURRENT THREAD 21 , DRIVER = FirefoxDriver: firefox on WINDOWS (4da7f17e-67ad-42ff-87ad-b551b3c7dec0)
]]></system-out>
    <system-err><![CDATA[1684996793576	RemoteAgent	INFO	Perform WebSocket upgrade for incoming connection from 127.0.0.1:62278
1684996793582	CDP	WARN	Invalid browser preferences for CDP. Set "fission.webContentIsolationStrategy"to 0 and "fission.bfcacheInParent" to false before Firefox starts.
1684996793584	Marionette	INFO	Stopped listening on port 62256
[Child 11064, Main Thread] WARNING: JSWindowActorChild::SendRawMessage (Conduits, ConduitClosed) not sent: !CanSend() || !mManager || !mManager->CanSend(): file /builds/worker/checkouts/gecko/dom/ipc/jsactor/JSWindowActorChild.cpp:57
[Child 11064, Main Thread] WARNING: JSWindowActorChild::SendRawMessage (Conduits, ConduitClosed) not sent: !CanSend() || !mManager || !mManager->CanSend(): file /builds/worker/checkouts/gecko/dom/ipc/jsactor/JSWindowActorChild.cpp:57
[Child 11064, Main Thread] WARNING: JSWindowActorChild::SendRawMessage (Conduits, ConduitClosed) not sent: !CanSend() || !mManager || !mManager->CanSend(): file /builds/worker/checkouts/gecko/dom/ipc/jsactor/JSWindowActorChild.cpp:57
[Child 11064, Main Thread] WARNING: JSWindowActorChild::SendRawMessage (Conduits, ConduitClosed) not sent: !CanSend() || !mManager || !mManager->CanSend(): file /builds/worker/checkouts/gecko/dom/ipc/jsactor/JSWindowActorChild.cpp:57
[Child 11064, Main Thread] WARNING: JSWindowActorChild::SendRawMessage (Conduits, ConduitClosed) not sent: !CanSend() || !mManager || !mManager->CanSend(): file /builds/worker/checkouts/gecko/dom/ipc/jsactor/JSWindowActorChild.cpp:57
[Child 11064, Main Thread] WARNING: JSWindowActorChild::SendRawMessage (Conduits, ConduitClosed) not sent: !CanSend() || !mManager || !mManager->CanSend(): file /builds/worker/checkouts/gecko/dom/ipc/jsactor/JSWindowActorChild.cpp:57
[Child 11064, Main Thread] WARNING: JSWindowActorChild::SendRawMessage (Conduits, ConduitClosed) not sent: !CanSend() || !mManager || !mManager->CanSend(): file /builds/worker/checkouts/gecko/dom/ipc/jsactor/JSWindowActorChild.cpp:57
[Child 11064, Main Thread] WARNING: JSWindowActorChild::SendRawMessage (Conduits, ConduitClosed) not sent: !CanSend() || !mManager || !mManager->CanSend(): file /builds/worker/checkouts/gecko/dom/ipc/jsactor/JSWindowActorChild.cpp:57
Dynamically enable window occlusion 1
!!! error running onStopped callback: TypeError: callback is not a function
WARNING: A blocker encountered an error while we were waiting.
          Blocker:  Waiting for ping task
          Phase: TelemetryController: Waiting for pending ping activity
          State: (none)
WARNING: Error: Phase "profile-before-change" is finished, it is too late to register completion condition "OS.File: flush I/O queued before profileBeforeChange"
WARNING: addBlocker@resource://gre/modules/AsyncShutdown.sys.mjs:727:15
addBlocker@resource://gre/modules/AsyncShutdown.sys.mjs:523:26
addBlocker@resource://gre/modules/AsyncShutdown.sys.mjs:458:15
setupShutdown@resource://gre/modules/osfile/osfile_async_front.jsm:1548:28
@resource://gre/modules/osfile/osfile_async_front.jsm:1568:16
@resource://gre/modules/osfile.jsm:12:30
@resource://gre/modules/TelemetryStorage.sys.mjs:10:28
_checkPendingPings@resource://gre/modules/TelemetrySend.sys.mjs:859:17
setup@resource://gre/modules/TelemetrySend.sys.mjs:799:18
setup@resource://gre/modules/TelemetrySend.sys.mjs:237:30
setupTelemetry/this._delayedInitTask<@resource://gre/modules/TelemetryControllerParent.sys.mjs:824:36
observe@resource://gre/modules/AsyncShutdown.sys.mjs:576:16

console.error: "TelemetryScheduler.shutdown - Already shut down"
WARNING: A blocker encountered an error while we were waiting.
          Blocker:  Waiting for ping task
          Phase: TelemetryController: Waiting for pending ping activity
          State: (none)
WARNING: Error: Phase "profile-before-change" is finished, it is too late to register completion condition "OS.File: flush I/O queued before profileBeforeChange"
WARNING: addBlocker@resource://gre/modules/AsyncShutdown.sys.mjs:727:15
addBlocker@resource://gre/modules/AsyncShutdown.sys.mjs:523:26
addBlocker@resource://gre/modules/AsyncShutdown.sys.mjs:458:15
setupShutdown@resource://gre/modules/osfile/osfile_async_front.jsm:1548:28
@resource://gre/modules/osfile/osfile_async_front.jsm:1568:16
@resource://gre/modules/osfile.jsm:12:30
@resource://gre/modules/TelemetryStorage.sys.mjs:10:28
_checkPendingPings@resource://gre/modules/TelemetrySend.sys.mjs:859:17
setup@resource://gre/modules/TelemetrySend.sys.mjs:799:18
setup@resource://gre/modules/TelemetrySend.sys.mjs:237:30
setupTelemetry/this._delayedInitTask<@resource://gre/modules/TelemetryControllerParent.sys.mjs:824:36
observe@resource://gre/modules/AsyncShutdown.sys.mjs:576:16

WARNING: A blocker encountered an error while we were waiting.
          Blocker:  Waiting for ping task
          Phase: TelemetryController: Waiting for pending ping activity
          State: (none)
WARNING: Error: Phase "profile-before-change" is finished, it is too late to register completion condition "OS.File: flush I/O queued before profileBeforeChange"
WARNING: addBlocker@resource://gre/modules/AsyncShutdown.sys.mjs:727:15
addBlocker@resource://gre/modules/AsyncShutdown.sys.mjs:523:26
addBlocker@resource://gre/modules/AsyncShutdown.sys.mjs:458:15
setupShutdown@resource://gre/modules/osfile/osfile_async_front.jsm:1548:28
@resource://gre/modules/osfile/osfile_async_front.jsm:1568:16
@resource://gre/modules/osfile.jsm:12:30
@resource://gre/modules/TelemetryStorage.sys.mjs:10:28
_checkPendingPings@resource://gre/modules/TelemetrySend.sys.mjs:859:17
setup@resource://gre/modules/TelemetrySend.sys.mjs:799:18
setup@resource://gre/modules/TelemetrySend.sys.mjs:237:30
setupTelemetry/this._delayedInitTask<@resource://gre/modules/TelemetryControllerParent.sys.mjs:824:36
observe@resource://gre/modules/AsyncShutdown.sys.mjs:576:16

WARNING: A blocker encountered an error while we were waiting.
          Blocker:  TelemetryController: shutting down
          Phase: profile-before-change-telemetry
          State: Error getting state: Error: Phase "profile-before-change" is finished, it is too late to register completion condition "OS.File: flush I/O queued before profileBeforeChange" at addBlocker@resource://gre/modules/AsyncShutdown.sys.mjs:727:15
addBlocker@resource://gre/modules/AsyncShutdown.sys.mjs:523:26
addBlocker@resource://gre/modules/AsyncShutdown.sys.mjs:458:15
setupShutdown@resource://gre/modules/osfile/osfile_async_front.jsm:1548:28
@resource://gre/modules/osfile/osfile_async_front.jsm:1568:16
@resource://gre/modules/osfile.jsm:12:30
@resource://gre/modules/TelemetryStorage.sys.mjs:10:28
_checkPendingPings@resource://gre/modules/TelemetrySend.sys.mjs:859:17
setup@resource://gre/modules/TelemetrySend.sys.mjs:799:18
setup@resource://gre/modules/TelemetrySend.sys.mjs:237:30
setupTelemetry/this._delayedInitTask<@resource://gre/modules/TelemetryControllerParent.sys.mjs:824:36
observe@resource://gre/modules/AsyncShutdown.sys.mjs:576:16

WARNING: Error: Phase "profile-before-change" is finished, it is too late to register completion condition "OS.File: flush I/O queued before profileBeforeChange"
WARNING: addBlocker@resource://gre/modules/AsyncShutdown.sys.mjs:727:15
addBlocker@resource://gre/modules/AsyncShutdown.sys.mjs:523:26
addBlocker@resource://gre/modules/AsyncShutdown.sys.mjs:458:15
setupShutdown@resource://gre/modules/osfile/osfile_async_front.jsm:1548:28
@resource://gre/modules/osfile/osfile_async_front.jsm:1568:16
@resource://gre/modules/osfile.jsm:12:30
@resource://gre/modules/TelemetryStorage.sys.mjs:10:28
_checkPendingPings@resource://gre/modules/TelemetrySend.sys.mjs:859:17
setup@resource://gre/modules/TelemetrySend.sys.mjs:799:18
setup@resource://gre/modules/TelemetrySend.sys.mjs:237:30
setupTelemetry/this._delayedInitTask<@resource://gre/modules/TelemetryControllerParent.sys.mjs:824:36
observe@resource://gre/modules/AsyncShutdown.sys.mjs:576:16

JavaScript error: resource://gre/modules/AsyncShutdown.sys.mjs, line 727: Error: Phase "profile-before-change" is finished, it is too late to register completion condition "OS.File: flush I/O queued before profileBeforeChange"
JavaScript error: resource://gre/modules/AsyncShutdown.sys.mjs, line 727: Error: Phase "profile-before-change" is finished, it is too late to register completion condition "OS.File: flush I/O queued before profileBeforeChange"
JavaScript error: resource://gre/modules/AsyncShutdown.sys.mjs, line 727: Error: Phase "profile-before-change" is finished, it is too late to register completion condition "OS.File: flush I/O queued before profileBeforeChange"
JavaScript error: resource://gre/modules/AsyncShutdown.sys.mjs, line 727: Error: Phase "profile-before-change" is finished, it is too late to register completion condition "OS.File: flush I/O queued before profileBeforeChange"
JavaScript error: resource://gre/modules/AsyncShutdown.sys.mjs, line 727: Error: Phase "profile-before-change" is finished, it is too late to register completion condition "OS.File: flush I/O queued before profileBeforeChange"
JavaScript error: resource://gre/modules/AsyncShutdown.sys.mjs, line 727: Error: Phase "profile-before-change" is finished, it is too late to register completion condition "OS.File: flush I/O queued before profileBeforeChange"
1684996796185	geckodriver	INFO	Listening on 127.0.0.1:28673
1684996796207	mozrunner::runner	INFO	Running command: "C:\\Program Files\\Mozilla Firefox\\firefox.exe" "--marionette" "--remote-debugging-port" "43361" "--remote ... ocalhost:43361/,http://[::1]:43361/" "-no-remote" "-profile" "C:\\Users\\LENOVO\\AppData\\Local\\Temp\\rust_mozprofileXa2grf"
console.warn: services.settings: Ignoring preference override of remote settings server
console.warn: services.settings: Allow by setting MOZ_REMOTE_SETTINGS_DEVTOOLS=1 in the environment
1684996796865	Marionette	INFO	Marionette enabled
Dynamically enable window occlusion 0
1684996796874	Marionette	INFO	Listening on port 62300
Read port: 62300
WebDriver BiDi listening on ws://127.0.0.1:43361
1684996797148	RemoteAgent	WARN	TLS certificate errors will be ignored for this session
[ERROR glean_core] Error setting metrics feature config: Json(Error("EOF while parsing a value", line: 1, column: 0))
DevTools listening on ws://127.0.0.1:43361/devtools/browser/243ebdd6-c620-41d2-ad3b-081748e90fa9
console.warn: LoginRecipes: "Falling back to a synchronous message for: https://askomdch.com."
]]></system-err>
  </testcase>
</testsuite>