<?xml version="1.0" encoding="UTF-8"?>
<!-- Generated by org.testng.reporters.JUnitReportReporter -->
<testsuite hostname="DESKTOP-ESH33K5" failures="0" tests="1" name="org.selenium.pom.tests.CheckoutTest" time="31.721" errors="0" timestamp="2023-05-25T12:10:05 IST" skipped="0">
  <testcase classname="org.selenium.pom.tests.CheckoutTest" name="CheckoutWithAnAccountHavingABillingAddress" time="31.721"/>
  <system-out/>
</testsuite> <!-- org.selenium.pom.tests.CheckoutTest -->
