<?xml version="1.0" encoding="UTF-8"?>
<!-- Generated by org.testng.reporters.JUnitReportReporter -->
<testsuite hostname="DESKTOP-ESH33K5" failures="0" tests="6" name="org.selenium.pom.tests.AddToCartTest" time="83.952" errors="0" timestamp="2023-05-25T12:10:05 IST" skipped="0">
  <testcase classname="org.selenium.pom.tests.AddToCartTest" name="addToCartFromHomePage" time="12.000"/>
  <system-out/>
  <testcase classname="org.selenium.pom.tests.AddToCartTest" name="addToCartFromStorePage" time="18.221"/>
  <system-out/>
  <testcase classname="org.selenium.pom.tests.AddToCartTest" name="addToCartFromHomePage" time="12.056"/>
  <system-out/>
  <testcase classname="org.selenium.pom.tests.AddToCartTest" name="addToCartFromHomePage" time="17.029"/>
  <system-out/>
  <testcase classname="org.selenium.pom.tests.AddToCartTest" name="addToCartFromHomePage" time="11.660"/>
  <system-out/>
  <testcase classname="org.selenium.pom.tests.AddToCartTest" name="addToCartFromHomePage" time="12.986"/>
  <system-out/>
</testsuite> <!-- org.selenium.pom.tests.AddToCartTest -->
